[2022-04-06 04:14:44,519] {processor.py:163} INFO - Started process (PID=231) to work on /opt/airflow/dags/demo_dag.py
[2022-04-06 04:14:44,520] {processor.py:642} INFO - Processing file /opt/airflow/dags/demo_dag.py for tasks to queue
[2022-04-06 04:14:44,520] {logging_mixin.py:109} INFO - [2022-04-06 04:14:44,520] {dagbag.py:500} INFO - Filling up the DagBag from /opt/airflow/dags/demo_dag.py
[2022-04-06 04:14:44,523] {logging_mixin.py:109} INFO - [2022-04-06 04:14:44,523] {dagbag.py:334} ERROR - Failed to import: /opt/airflow/dags/demo_dag.py
Traceback (most recent call last):
  File "/home/airflow/.local/lib/python3.8/site-packages/airflow/models/dagbag.py", line 331, in _load_modules_from_file
    loader.exec_module(new_module)
  File "<frozen importlib._bootstrap_external>", line 843, in exec_module
  File "<frozen importlib._bootstrap>", line 219, in _call_with_frames_removed
  File "/opt/airflow/dags/demo_dag.py", line 2, in <module>
    from airflow.operators import PythonOperator
ImportError: cannot import name 'PythonOperator' from 'airflow.operators' (/home/airflow/.local/lib/python3.8/site-packages/airflow/operators/__init__.py)
[2022-04-06 04:14:44,534] {processor.py:656} WARNING - No viable dags retrieved from /opt/airflow/dags/demo_dag.py
[2022-04-06 04:14:44,539] {processor.py:171} INFO - Processing /opt/airflow/dags/demo_dag.py took 0.022 seconds
[2022-04-06 04:15:14,670] {processor.py:163} INFO - Started process (PID=248) to work on /opt/airflow/dags/demo_dag.py
[2022-04-06 04:15:14,673] {processor.py:642} INFO - Processing file /opt/airflow/dags/demo_dag.py for tasks to queue
[2022-04-06 04:15:14,675] {logging_mixin.py:109} INFO - [2022-04-06 04:15:14,674] {dagbag.py:500} INFO - Filling up the DagBag from /opt/airflow/dags/demo_dag.py
[2022-04-06 04:15:14,688] {logging_mixin.py:109} INFO - [2022-04-06 04:15:14,685] {dagbag.py:334} ERROR - Failed to import: /opt/airflow/dags/demo_dag.py
Traceback (most recent call last):
  File "/home/airflow/.local/lib/python3.8/site-packages/airflow/models/dagbag.py", line 331, in _load_modules_from_file
    loader.exec_module(new_module)
  File "<frozen importlib._bootstrap_external>", line 843, in exec_module
  File "<frozen importlib._bootstrap>", line 219, in _call_with_frames_removed
  File "/opt/airflow/dags/demo_dag.py", line 2, in <module>
    from airflow.operators import PythonOperator
ImportError: cannot import name 'PythonOperator' from 'airflow.operators' (/home/airflow/.local/lib/python3.8/site-packages/airflow/operators/__init__.py)
[2022-04-06 04:15:14,714] {processor.py:656} WARNING - No viable dags retrieved from /opt/airflow/dags/demo_dag.py
[2022-04-06 04:15:14,726] {processor.py:171} INFO - Processing /opt/airflow/dags/demo_dag.py took 0.062 seconds
[2022-04-06 04:15:44,794] {processor.py:163} INFO - Started process (PID=266) to work on /opt/airflow/dags/demo_dag.py
[2022-04-06 04:15:44,795] {processor.py:642} INFO - Processing file /opt/airflow/dags/demo_dag.py for tasks to queue
[2022-04-06 04:15:44,796] {logging_mixin.py:109} INFO - [2022-04-06 04:15:44,796] {dagbag.py:500} INFO - Filling up the DagBag from /opt/airflow/dags/demo_dag.py
[2022-04-06 04:15:44,800] {logging_mixin.py:109} INFO - [2022-04-06 04:15:44,799] {dagbag.py:334} ERROR - Failed to import: /opt/airflow/dags/demo_dag.py
Traceback (most recent call last):
  File "/home/airflow/.local/lib/python3.8/site-packages/airflow/models/dagbag.py", line 331, in _load_modules_from_file
    loader.exec_module(new_module)
  File "<frozen importlib._bootstrap_external>", line 843, in exec_module
  File "<frozen importlib._bootstrap>", line 219, in _call_with_frames_removed
  File "/opt/airflow/dags/demo_dag.py", line 2, in <module>
    from airflow.operators import PythonOperator
ImportError: cannot import name 'PythonOperator' from 'airflow.operators' (/home/airflow/.local/lib/python3.8/site-packages/airflow/operators/__init__.py)
[2022-04-06 04:15:44,815] {processor.py:656} WARNING - No viable dags retrieved from /opt/airflow/dags/demo_dag.py
[2022-04-06 04:15:44,822] {processor.py:171} INFO - Processing /opt/airflow/dags/demo_dag.py took 0.031 seconds
[2022-04-06 04:16:14,922] {processor.py:163} INFO - Started process (PID=291) to work on /opt/airflow/dags/demo_dag.py
[2022-04-06 04:16:14,923] {processor.py:642} INFO - Processing file /opt/airflow/dags/demo_dag.py for tasks to queue
[2022-04-06 04:16:14,924] {logging_mixin.py:109} INFO - [2022-04-06 04:16:14,923] {dagbag.py:500} INFO - Filling up the DagBag from /opt/airflow/dags/demo_dag.py
[2022-04-06 04:16:14,928] {logging_mixin.py:109} INFO - [2022-04-06 04:16:14,927] {dagbag.py:334} ERROR - Failed to import: /opt/airflow/dags/demo_dag.py
Traceback (most recent call last):
  File "/home/airflow/.local/lib/python3.8/site-packages/airflow/models/dagbag.py", line 331, in _load_modules_from_file
    loader.exec_module(new_module)
  File "<frozen importlib._bootstrap_external>", line 843, in exec_module
  File "<frozen importlib._bootstrap>", line 219, in _call_with_frames_removed
  File "/opt/airflow/dags/demo_dag.py", line 2, in <module>
    from airflow.operators import PythonOperator
ImportError: cannot import name 'PythonOperator' from 'airflow.operators' (/home/airflow/.local/lib/python3.8/site-packages/airflow/operators/__init__.py)
[2022-04-06 04:16:14,940] {processor.py:656} WARNING - No viable dags retrieved from /opt/airflow/dags/demo_dag.py
[2022-04-06 04:16:14,948] {processor.py:171} INFO - Processing /opt/airflow/dags/demo_dag.py took 0.027 seconds
[2022-04-06 04:16:45,027] {processor.py:163} INFO - Started process (PID=308) to work on /opt/airflow/dags/demo_dag.py
[2022-04-06 04:16:45,028] {processor.py:642} INFO - Processing file /opt/airflow/dags/demo_dag.py for tasks to queue
[2022-04-06 04:16:45,028] {logging_mixin.py:109} INFO - [2022-04-06 04:16:45,028] {dagbag.py:500} INFO - Filling up the DagBag from /opt/airflow/dags/demo_dag.py
[2022-04-06 04:16:45,030] {logging_mixin.py:109} INFO - [2022-04-06 04:16:45,030] {dagbag.py:334} ERROR - Failed to import: /opt/airflow/dags/demo_dag.py
Traceback (most recent call last):
  File "/home/airflow/.local/lib/python3.8/site-packages/airflow/models/dagbag.py", line 331, in _load_modules_from_file
    loader.exec_module(new_module)
  File "<frozen importlib._bootstrap_external>", line 843, in exec_module
  File "<frozen importlib._bootstrap>", line 219, in _call_with_frames_removed
  File "/opt/airflow/dags/demo_dag.py", line 2, in <module>
    from airflow.operators import PythonOperator
ImportError: cannot import name 'PythonOperator' from 'airflow.operators' (/home/airflow/.local/lib/python3.8/site-packages/airflow/operators/__init__.py)
[2022-04-06 04:16:45,040] {processor.py:656} WARNING - No viable dags retrieved from /opt/airflow/dags/demo_dag.py
[2022-04-06 04:16:45,045] {processor.py:171} INFO - Processing /opt/airflow/dags/demo_dag.py took 0.020 seconds
[2022-04-06 04:17:15,142] {processor.py:163} INFO - Started process (PID=325) to work on /opt/airflow/dags/demo_dag.py
[2022-04-06 04:17:15,143] {processor.py:642} INFO - Processing file /opt/airflow/dags/demo_dag.py for tasks to queue
[2022-04-06 04:17:15,144] {logging_mixin.py:109} INFO - [2022-04-06 04:17:15,144] {dagbag.py:500} INFO - Filling up the DagBag from /opt/airflow/dags/demo_dag.py
[2022-04-06 04:17:15,148] {logging_mixin.py:109} INFO - [2022-04-06 04:17:15,147] {dagbag.py:334} ERROR - Failed to import: /opt/airflow/dags/demo_dag.py
Traceback (most recent call last):
  File "/home/airflow/.local/lib/python3.8/site-packages/airflow/models/dagbag.py", line 331, in _load_modules_from_file
    loader.exec_module(new_module)
  File "<frozen importlib._bootstrap_external>", line 843, in exec_module
  File "<frozen importlib._bootstrap>", line 219, in _call_with_frames_removed
  File "/opt/airflow/dags/demo_dag.py", line 2, in <module>
    from airflow.operators import PythonOperator
ImportError: cannot import name 'PythonOperator' from 'airflow.operators' (/home/airflow/.local/lib/python3.8/site-packages/airflow/operators/__init__.py)
[2022-04-06 04:17:15,161] {processor.py:656} WARNING - No viable dags retrieved from /opt/airflow/dags/demo_dag.py
[2022-04-06 04:17:15,169] {processor.py:171} INFO - Processing /opt/airflow/dags/demo_dag.py took 0.029 seconds
[2022-04-06 04:17:24,193] {processor.py:163} INFO - Started process (PID=334) to work on /opt/airflow/dags/demo_dag.py
[2022-04-06 04:17:24,194] {processor.py:642} INFO - Processing file /opt/airflow/dags/demo_dag.py for tasks to queue
[2022-04-06 04:17:24,195] {logging_mixin.py:109} INFO - [2022-04-06 04:17:24,195] {dagbag.py:500} INFO - Filling up the DagBag from /opt/airflow/dags/demo_dag.py
[2022-04-06 04:17:24,199] {logging_mixin.py:109} INFO - [2022-04-06 04:17:24,198] {dagbag.py:334} ERROR - Failed to import: /opt/airflow/dags/demo_dag.py
Traceback (most recent call last):
  File "/home/airflow/.local/lib/python3.8/site-packages/airflow/models/dagbag.py", line 331, in _load_modules_from_file
    loader.exec_module(new_module)
  File "<frozen importlib._bootstrap_external>", line 843, in exec_module
  File "<frozen importlib._bootstrap>", line 219, in _call_with_frames_removed
  File "/opt/airflow/dags/demo_dag.py", line 2, in <module>
    from airflow.operators import PythonOperator
ImportError: cannot import name 'PythonOperator' from 'airflow.operators' (/home/airflow/.local/lib/python3.8/site-packages/airflow/operators/__init__.py)
[2022-04-06 04:17:24,210] {processor.py:656} WARNING - No viable dags retrieved from /opt/airflow/dags/demo_dag.py
[2022-04-06 04:17:24,216] {processor.py:171} INFO - Processing /opt/airflow/dags/demo_dag.py took 0.025 seconds
[2022-04-06 04:17:54,325] {processor.py:163} INFO - Started process (PID=351) to work on /opt/airflow/dags/demo_dag.py
[2022-04-06 04:17:54,328] {processor.py:642} INFO - Processing file /opt/airflow/dags/demo_dag.py for tasks to queue
[2022-04-06 04:17:54,329] {logging_mixin.py:109} INFO - [2022-04-06 04:17:54,329] {dagbag.py:500} INFO - Filling up the DagBag from /opt/airflow/dags/demo_dag.py
[2022-04-06 04:17:54,339] {logging_mixin.py:109} INFO - [2022-04-06 04:17:54,337] {dagbag.py:334} ERROR - Failed to import: /opt/airflow/dags/demo_dag.py
Traceback (most recent call last):
  File "/home/airflow/.local/lib/python3.8/site-packages/airflow/models/dagbag.py", line 331, in _load_modules_from_file
    loader.exec_module(new_module)
  File "<frozen importlib._bootstrap_external>", line 843, in exec_module
  File "<frozen importlib._bootstrap>", line 219, in _call_with_frames_removed
  File "/opt/airflow/dags/demo_dag.py", line 2, in <module>
    from airflow.operators import PythonOperator
ImportError: cannot import name 'PythonOperator' from 'airflow.operators' (/home/airflow/.local/lib/python3.8/site-packages/airflow/operators/__init__.py)
[2022-04-06 04:17:54,359] {processor.py:656} WARNING - No viable dags retrieved from /opt/airflow/dags/demo_dag.py
[2022-04-06 04:17:54,366] {processor.py:171} INFO - Processing /opt/airflow/dags/demo_dag.py took 0.048 seconds
[2022-04-06 04:17:58,338] {processor.py:163} INFO - Started process (PID=361) to work on /opt/airflow/dags/demo_dag.py
[2022-04-06 04:17:58,338] {processor.py:642} INFO - Processing file /opt/airflow/dags/demo_dag.py for tasks to queue
[2022-04-06 04:17:58,339] {logging_mixin.py:109} INFO - [2022-04-06 04:17:58,339] {dagbag.py:500} INFO - Filling up the DagBag from /opt/airflow/dags/demo_dag.py
[2022-04-06 04:17:58,343] {logging_mixin.py:109} INFO - [2022-04-06 04:17:58,342] {dagbag.py:334} ERROR - Failed to import: /opt/airflow/dags/demo_dag.py
Traceback (most recent call last):
  File "/home/airflow/.local/lib/python3.8/site-packages/airflow/models/dagbag.py", line 331, in _load_modules_from_file
    loader.exec_module(new_module)
  File "<frozen importlib._bootstrap_external>", line 843, in exec_module
  File "<frozen importlib._bootstrap>", line 219, in _call_with_frames_removed
  File "/opt/airflow/dags/demo_dag.py", line 2, in <module>
    from airflow.operators import PythonOperator
ImportError: cannot import name 'PythonOperator' from 'airflow.operators' (/home/airflow/.local/lib/python3.8/site-packages/airflow/operators/__init__.py)
[2022-04-06 04:17:58,353] {processor.py:656} WARNING - No viable dags retrieved from /opt/airflow/dags/demo_dag.py
[2022-04-06 04:17:58,359] {processor.py:171} INFO - Processing /opt/airflow/dags/demo_dag.py took 0.024 seconds
[2022-04-06 04:18:06,400] {processor.py:163} INFO - Started process (PID=362) to work on /opt/airflow/dags/demo_dag.py
[2022-04-06 04:18:06,402] {processor.py:642} INFO - Processing file /opt/airflow/dags/demo_dag.py for tasks to queue
[2022-04-06 04:18:06,403] {logging_mixin.py:109} INFO - [2022-04-06 04:18:06,403] {dagbag.py:500} INFO - Filling up the DagBag from /opt/airflow/dags/demo_dag.py
[2022-04-06 04:18:06,412] {logging_mixin.py:109} INFO - [2022-04-06 04:18:06,410] {dagbag.py:334} ERROR - Failed to import: /opt/airflow/dags/demo_dag.py
Traceback (most recent call last):
  File "/home/airflow/.local/lib/python3.8/site-packages/airflow/models/dagbag.py", line 331, in _load_modules_from_file
    loader.exec_module(new_module)
  File "<frozen importlib._bootstrap_external>", line 843, in exec_module
  File "<frozen importlib._bootstrap>", line 219, in _call_with_frames_removed
  File "/opt/airflow/dags/demo_dag.py", line 2, in <module>
    from airflow.operators import PythonOperator
ImportError: cannot import name 'PythonOperator' from 'airflow.operators' (/home/airflow/.local/lib/python3.8/site-packages/airflow/operators/__init__.py)
[2022-04-06 04:18:06,431] {processor.py:656} WARNING - No viable dags retrieved from /opt/airflow/dags/demo_dag.py
[2022-04-06 04:18:06,440] {processor.py:171} INFO - Processing /opt/airflow/dags/demo_dag.py took 0.045 seconds
[2022-04-06 04:18:27,540] {processor.py:163} INFO - Started process (PID=379) to work on /opt/airflow/dags/demo_dag.py
[2022-04-06 04:18:27,542] {processor.py:642} INFO - Processing file /opt/airflow/dags/demo_dag.py for tasks to queue
[2022-04-06 04:18:27,544] {logging_mixin.py:109} INFO - [2022-04-06 04:18:27,544] {dagbag.py:500} INFO - Filling up the DagBag from /opt/airflow/dags/demo_dag.py
[2022-04-06 04:18:27,558] {logging_mixin.py:109} INFO - [2022-04-06 04:18:27,556] {dagbag.py:334} ERROR - Failed to import: /opt/airflow/dags/demo_dag.py
Traceback (most recent call last):
  File "/home/airflow/.local/lib/python3.8/site-packages/airflow/models/dagbag.py", line 331, in _load_modules_from_file
    loader.exec_module(new_module)
  File "<frozen importlib._bootstrap_external>", line 843, in exec_module
  File "<frozen importlib._bootstrap>", line 219, in _call_with_frames_removed
  File "/opt/airflow/dags/demo_dag.py", line 2, in <module>
    from airflow.operators import PythonOperator
ImportError: cannot import name 'PythonOperator' from 'airflow.operators' (/home/airflow/.local/lib/python3.8/site-packages/airflow/operators/__init__.py)
[2022-04-06 04:18:27,582] {processor.py:656} WARNING - No viable dags retrieved from /opt/airflow/dags/demo_dag.py
[2022-04-06 04:18:27,592] {processor.py:171} INFO - Processing /opt/airflow/dags/demo_dag.py took 0.060 seconds
[2022-04-06 04:18:57,635] {processor.py:163} INFO - Started process (PID=397) to work on /opt/airflow/dags/demo_dag.py
[2022-04-06 04:18:57,636] {processor.py:642} INFO - Processing file /opt/airflow/dags/demo_dag.py for tasks to queue
[2022-04-06 04:18:57,637] {logging_mixin.py:109} INFO - [2022-04-06 04:18:57,637] {dagbag.py:500} INFO - Filling up the DagBag from /opt/airflow/dags/demo_dag.py
[2022-04-06 04:18:57,640] {logging_mixin.py:109} INFO - [2022-04-06 04:18:57,640] {dagbag.py:334} ERROR - Failed to import: /opt/airflow/dags/demo_dag.py
Traceback (most recent call last):
  File "/home/airflow/.local/lib/python3.8/site-packages/airflow/models/dagbag.py", line 331, in _load_modules_from_file
    loader.exec_module(new_module)
  File "<frozen importlib._bootstrap_external>", line 843, in exec_module
  File "<frozen importlib._bootstrap>", line 219, in _call_with_frames_removed
  File "/opt/airflow/dags/demo_dag.py", line 2, in <module>
    from airflow.operators import PythonOperator
ImportError: cannot import name 'PythonOperator' from 'airflow.operators' (/home/airflow/.local/lib/python3.8/site-packages/airflow/operators/__init__.py)
[2022-04-06 04:18:57,655] {processor.py:656} WARNING - No viable dags retrieved from /opt/airflow/dags/demo_dag.py
[2022-04-06 04:18:57,663] {processor.py:171} INFO - Processing /opt/airflow/dags/demo_dag.py took 0.031 seconds
[2022-04-06 04:18:59,654] {processor.py:163} INFO - Started process (PID=407) to work on /opt/airflow/dags/demo_dag.py
[2022-04-06 04:18:59,655] {processor.py:642} INFO - Processing file /opt/airflow/dags/demo_dag.py for tasks to queue
[2022-04-06 04:18:59,655] {logging_mixin.py:109} INFO - [2022-04-06 04:18:59,655] {dagbag.py:500} INFO - Filling up the DagBag from /opt/airflow/dags/demo_dag.py
[2022-04-06 04:18:59,659] {logging_mixin.py:109} INFO - [2022-04-06 04:18:59,658] {dagbag.py:334} ERROR - Failed to import: /opt/airflow/dags/demo_dag.py
Traceback (most recent call last):
  File "/home/airflow/.local/lib/python3.8/site-packages/airflow/models/dagbag.py", line 331, in _load_modules_from_file
    loader.exec_module(new_module)
  File "<frozen importlib._bootstrap_external>", line 843, in exec_module
  File "<frozen importlib._bootstrap>", line 219, in _call_with_frames_removed
  File "/opt/airflow/dags/demo_dag.py", line 2, in <module>
    from airflow.operators import PythonOperator
ImportError: cannot import name 'PythonOperator' from 'airflow.operators' (/home/airflow/.local/lib/python3.8/site-packages/airflow/operators/__init__.py)
[2022-04-06 04:18:59,669] {processor.py:656} WARNING - No viable dags retrieved from /opt/airflow/dags/demo_dag.py
[2022-04-06 04:18:59,675] {processor.py:171} INFO - Processing /opt/airflow/dags/demo_dag.py took 0.023 seconds
[2022-04-06 04:19:00,689] {processor.py:163} INFO - Started process (PID=408) to work on /opt/airflow/dags/demo_dag.py
[2022-04-06 04:19:00,690] {processor.py:642} INFO - Processing file /opt/airflow/dags/demo_dag.py for tasks to queue
[2022-04-06 04:19:00,691] {logging_mixin.py:109} INFO - [2022-04-06 04:19:00,691] {dagbag.py:500} INFO - Filling up the DagBag from /opt/airflow/dags/demo_dag.py
[2022-04-06 04:19:00,695] {logging_mixin.py:109} INFO - [2022-04-06 04:19:00,695] {dagbag.py:334} ERROR - Failed to import: /opt/airflow/dags/demo_dag.py
Traceback (most recent call last):
  File "/home/airflow/.local/lib/python3.8/site-packages/airflow/models/dagbag.py", line 331, in _load_modules_from_file
    loader.exec_module(new_module)
  File "<frozen importlib._bootstrap_external>", line 843, in exec_module
  File "<frozen importlib._bootstrap>", line 219, in _call_with_frames_removed
  File "/opt/airflow/dags/demo_dag.py", line 2, in <module>
    from airflow.operators import PythonOperator
ImportError: cannot import name 'PythonOperator' from 'airflow.operators' (/home/airflow/.local/lib/python3.8/site-packages/airflow/operators/__init__.py)
[2022-04-06 04:19:00,709] {processor.py:656} WARNING - No viable dags retrieved from /opt/airflow/dags/demo_dag.py
[2022-04-06 04:19:00,718] {processor.py:171} INFO - Processing /opt/airflow/dags/demo_dag.py took 0.031 seconds
[2022-04-06 04:19:30,832] {processor.py:163} INFO - Started process (PID=427) to work on /opt/airflow/dags/demo_dag.py
[2022-04-06 04:19:30,834] {processor.py:642} INFO - Processing file /opt/airflow/dags/demo_dag.py for tasks to queue
[2022-04-06 04:19:30,836] {logging_mixin.py:109} INFO - [2022-04-06 04:19:30,835] {dagbag.py:500} INFO - Filling up the DagBag from /opt/airflow/dags/demo_dag.py
[2022-04-06 04:19:30,842] {logging_mixin.py:109} INFO - [2022-04-06 04:19:30,840] {dagbag.py:334} ERROR - Failed to import: /opt/airflow/dags/demo_dag.py
Traceback (most recent call last):
  File "/home/airflow/.local/lib/python3.8/site-packages/airflow/models/dagbag.py", line 331, in _load_modules_from_file
    loader.exec_module(new_module)
  File "<frozen importlib._bootstrap_external>", line 843, in exec_module
  File "<frozen importlib._bootstrap>", line 219, in _call_with_frames_removed
  File "/opt/airflow/dags/demo_dag.py", line 2, in <module>
    from airflow.operators import PythonOperator
ImportError: cannot import name 'PythonOperator' from 'airflow.operators' (/home/airflow/.local/lib/python3.8/site-packages/airflow/operators/__init__.py)
[2022-04-06 04:19:30,857] {processor.py:656} WARNING - No viable dags retrieved from /opt/airflow/dags/demo_dag.py
[2022-04-06 04:19:30,864] {processor.py:171} INFO - Processing /opt/airflow/dags/demo_dag.py took 0.040 seconds
[2022-04-06 04:19:59,975] {processor.py:163} INFO - Started process (PID=445) to work on /opt/airflow/dags/demo_dag.py
[2022-04-06 04:19:59,976] {processor.py:642} INFO - Processing file /opt/airflow/dags/demo_dag.py for tasks to queue
[2022-04-06 04:19:59,976] {logging_mixin.py:109} INFO - [2022-04-06 04:19:59,976] {dagbag.py:500} INFO - Filling up the DagBag from /opt/airflow/dags/demo_dag.py
[2022-04-06 04:20:01,696] {processor.py:654} INFO - DAG(s) dict_keys(['demo_dag']) retrieved from /opt/airflow/dags/demo_dag.py
[2022-04-06 04:20:04,821] {logging_mixin.py:109} WARNING - /home/airflow/.local/lib/python3.8/site-packages/azure/storage/common/_connection.py:82 SyntaxWarning: "is" with a literal. Did you mean "=="?
[2022-04-06 04:20:05,587] {logging_mixin.py:109} INFO - [2022-04-06 04:20:05,586] {manager.py:496} INFO - Created Permission View: can read on DAG:demo_dag
[2022-04-06 04:20:05,593] {logging_mixin.py:109} INFO - [2022-04-06 04:20:05,593] {manager.py:496} INFO - Created Permission View: can edit on DAG:demo_dag
[2022-04-06 04:20:05,594] {logging_mixin.py:109} INFO - [2022-04-06 04:20:05,594] {dag.py:2396} INFO - Sync 1 DAGs
[2022-04-06 04:20:05,599] {logging_mixin.py:109} INFO - [2022-04-06 04:20:05,599] {dag.py:2415} INFO - Creating ORM DAG for demo_dag
[2022-04-06 04:20:05,605] {logging_mixin.py:109} INFO - [2022-04-06 04:20:05,605] {dag.py:2935} INFO - Setting next_dagrun for demo_dag to 2020-11-01T00:00:00+00:00
[2022-04-06 04:20:05,613] {processor.py:171} INFO - Processing /opt/airflow/dags/demo_dag.py took 5.641 seconds
[2022-04-06 04:20:27,149] {processor.py:163} INFO - Started process (PID=471) to work on /opt/airflow/dags/demo_dag.py
[2022-04-06 04:20:27,150] {processor.py:642} INFO - Processing file /opt/airflow/dags/demo_dag.py for tasks to queue
[2022-04-06 04:20:27,151] {logging_mixin.py:109} INFO - [2022-04-06 04:20:27,151] {dagbag.py:500} INFO - Filling up the DagBag from /opt/airflow/dags/demo_dag.py
[2022-04-06 04:20:27,806] {processor.py:654} INFO - DAG(s) dict_keys(['demo_dag']) retrieved from /opt/airflow/dags/demo_dag.py
[2022-04-06 04:20:27,809] {logging_mixin.py:109} INFO - [2022-04-06 04:20:27,808] {dag.py:2396} INFO - Sync 1 DAGs
[2022-04-06 04:20:27,819] {logging_mixin.py:109} INFO - [2022-04-06 04:20:27,819] {dag.py:2935} INFO - Setting next_dagrun for demo_dag to 2020-11-01T00:00:00+00:00
[2022-04-06 04:20:27,826] {processor.py:171} INFO - Processing /opt/airflow/dags/demo_dag.py took 0.682 seconds
[2022-04-06 04:20:57,894] {processor.py:163} INFO - Started process (PID=505) to work on /opt/airflow/dags/demo_dag.py
[2022-04-06 04:20:57,895] {processor.py:642} INFO - Processing file /opt/airflow/dags/demo_dag.py for tasks to queue
[2022-04-06 04:20:57,895] {logging_mixin.py:109} INFO - [2022-04-06 04:20:57,895] {dagbag.py:500} INFO - Filling up the DagBag from /opt/airflow/dags/demo_dag.py
[2022-04-06 04:20:58,553] {processor.py:654} INFO - DAG(s) dict_keys(['demo_dag']) retrieved from /opt/airflow/dags/demo_dag.py
[2022-04-06 04:20:58,712] {logging_mixin.py:109} INFO - [2022-04-06 04:20:58,712] {dag.py:2396} INFO - Sync 1 DAGs
[2022-04-06 04:20:58,721] {logging_mixin.py:109} INFO - [2022-04-06 04:20:58,721] {dag.py:2935} INFO - Setting next_dagrun for demo_dag to 2020-11-01T00:00:00+00:00
[2022-04-06 04:20:58,728] {processor.py:171} INFO - Processing /opt/airflow/dags/demo_dag.py took 0.835 seconds
[2022-04-06 04:21:28,845] {processor.py:163} INFO - Started process (PID=530) to work on /opt/airflow/dags/demo_dag.py
[2022-04-06 04:21:28,849] {processor.py:642} INFO - Processing file /opt/airflow/dags/demo_dag.py for tasks to queue
[2022-04-06 04:21:28,850] {logging_mixin.py:109} INFO - [2022-04-06 04:21:28,850] {dagbag.py:500} INFO - Filling up the DagBag from /opt/airflow/dags/demo_dag.py
[2022-04-06 04:21:29,483] {processor.py:654} INFO - DAG(s) dict_keys(['demo_dag']) retrieved from /opt/airflow/dags/demo_dag.py
[2022-04-06 04:21:29,644] {logging_mixin.py:109} INFO - [2022-04-06 04:21:29,644] {dag.py:2396} INFO - Sync 1 DAGs
[2022-04-06 04:21:29,653] {logging_mixin.py:109} INFO - [2022-04-06 04:21:29,653] {dag.py:2935} INFO - Setting next_dagrun for demo_dag to None
[2022-04-06 04:21:29,661] {processor.py:171} INFO - Processing /opt/airflow/dags/demo_dag.py took 0.823 seconds
[2022-04-06 04:21:59,745] {processor.py:163} INFO - Started process (PID=565) to work on /opt/airflow/dags/demo_dag.py
[2022-04-06 04:21:59,747] {processor.py:642} INFO - Processing file /opt/airflow/dags/demo_dag.py for tasks to queue
[2022-04-06 04:21:59,748] {logging_mixin.py:109} INFO - [2022-04-06 04:21:59,748] {dagbag.py:500} INFO - Filling up the DagBag from /opt/airflow/dags/demo_dag.py
[2022-04-06 04:22:00,506] {processor.py:654} INFO - DAG(s) dict_keys(['demo_dag']) retrieved from /opt/airflow/dags/demo_dag.py
[2022-04-06 04:22:00,703] {logging_mixin.py:109} INFO - [2022-04-06 04:22:00,703] {dag.py:2396} INFO - Sync 1 DAGs
[2022-04-06 04:22:00,713] {logging_mixin.py:109} INFO - [2022-04-06 04:22:00,713] {dag.py:2935} INFO - Setting next_dagrun for demo_dag to None
[2022-04-06 04:22:00,732] {processor.py:171} INFO - Processing /opt/airflow/dags/demo_dag.py took 0.990 seconds
[2022-04-06 04:22:30,875] {processor.py:163} INFO - Started process (PID=591) to work on /opt/airflow/dags/demo_dag.py
[2022-04-06 04:22:30,877] {processor.py:642} INFO - Processing file /opt/airflow/dags/demo_dag.py for tasks to queue
[2022-04-06 04:22:30,879] {logging_mixin.py:109} INFO - [2022-04-06 04:22:30,879] {dagbag.py:500} INFO - Filling up the DagBag from /opt/airflow/dags/demo_dag.py
[2022-04-06 04:22:31,493] {processor.py:654} INFO - DAG(s) dict_keys(['demo_dag']) retrieved from /opt/airflow/dags/demo_dag.py
[2022-04-06 04:22:31,644] {logging_mixin.py:109} INFO - [2022-04-06 04:22:31,643] {dag.py:2396} INFO - Sync 1 DAGs
[2022-04-06 04:22:31,653] {logging_mixin.py:109} INFO - [2022-04-06 04:22:31,653] {dag.py:2935} INFO - Setting next_dagrun for demo_dag to None
[2022-04-06 04:22:31,659] {processor.py:171} INFO - Processing /opt/airflow/dags/demo_dag.py took 0.792 seconds
[2022-04-06 04:23:01,748] {processor.py:163} INFO - Started process (PID=624) to work on /opt/airflow/dags/demo_dag.py
[2022-04-06 04:23:01,749] {processor.py:642} INFO - Processing file /opt/airflow/dags/demo_dag.py for tasks to queue
[2022-04-06 04:23:01,749] {logging_mixin.py:109} INFO - [2022-04-06 04:23:01,749] {dagbag.py:500} INFO - Filling up the DagBag from /opt/airflow/dags/demo_dag.py
[2022-04-06 04:23:02,477] {processor.py:654} INFO - DAG(s) dict_keys(['demo_dag']) retrieved from /opt/airflow/dags/demo_dag.py
[2022-04-06 04:23:02,639] {logging_mixin.py:109} INFO - [2022-04-06 04:23:02,639] {dag.py:2396} INFO - Sync 1 DAGs
[2022-04-06 04:23:02,648] {logging_mixin.py:109} INFO - [2022-04-06 04:23:02,648] {dag.py:2935} INFO - Setting next_dagrun for demo_dag to None
[2022-04-06 04:23:02,655] {processor.py:171} INFO - Processing /opt/airflow/dags/demo_dag.py took 0.909 seconds
[2022-04-06 04:23:32,740] {processor.py:163} INFO - Started process (PID=650) to work on /opt/airflow/dags/demo_dag.py
[2022-04-06 04:23:32,741] {processor.py:642} INFO - Processing file /opt/airflow/dags/demo_dag.py for tasks to queue
[2022-04-06 04:23:32,741] {logging_mixin.py:109} INFO - [2022-04-06 04:23:32,741] {dagbag.py:500} INFO - Filling up the DagBag from /opt/airflow/dags/demo_dag.py
[2022-04-06 04:23:33,375] {processor.py:654} INFO - DAG(s) dict_keys(['demo_dag']) retrieved from /opt/airflow/dags/demo_dag.py
[2022-04-06 04:23:33,525] {logging_mixin.py:109} INFO - [2022-04-06 04:23:33,525] {dag.py:2396} INFO - Sync 1 DAGs
[2022-04-06 04:23:33,535] {logging_mixin.py:109} INFO - [2022-04-06 04:23:33,535] {dag.py:2935} INFO - Setting next_dagrun for demo_dag to None
[2022-04-06 04:23:33,542] {processor.py:171} INFO - Processing /opt/airflow/dags/demo_dag.py took 0.805 seconds
[2022-04-06 04:24:03,628] {processor.py:163} INFO - Started process (PID=676) to work on /opt/airflow/dags/demo_dag.py
[2022-04-06 04:24:03,631] {processor.py:642} INFO - Processing file /opt/airflow/dags/demo_dag.py for tasks to queue
[2022-04-06 04:24:03,632] {logging_mixin.py:109} INFO - [2022-04-06 04:24:03,632] {dagbag.py:500} INFO - Filling up the DagBag from /opt/airflow/dags/demo_dag.py
[2022-04-06 04:24:04,301] {processor.py:654} INFO - DAG(s) dict_keys(['demo_dag']) retrieved from /opt/airflow/dags/demo_dag.py
[2022-04-06 04:24:04,463] {logging_mixin.py:109} INFO - [2022-04-06 04:24:04,463] {dag.py:2396} INFO - Sync 1 DAGs
[2022-04-06 04:24:04,473] {logging_mixin.py:109} INFO - [2022-04-06 04:24:04,473] {dag.py:2935} INFO - Setting next_dagrun for demo_dag to None
[2022-04-06 04:24:04,480] {processor.py:171} INFO - Processing /opt/airflow/dags/demo_dag.py took 0.859 seconds
[2022-04-06 04:24:13,521] {processor.py:163} INFO - Started process (PID=693) to work on /opt/airflow/dags/demo_dag.py
[2022-04-06 04:24:13,522] {processor.py:642} INFO - Processing file /opt/airflow/dags/demo_dag.py for tasks to queue
[2022-04-06 04:24:13,522] {logging_mixin.py:109} INFO - [2022-04-06 04:24:13,522] {dagbag.py:500} INFO - Filling up the DagBag from /opt/airflow/dags/demo_dag.py
[2022-04-06 04:24:14,293] {processor.py:654} INFO - DAG(s) dict_keys(['demo_dag']) retrieved from /opt/airflow/dags/demo_dag.py
[2022-04-06 04:24:14,296] {logging_mixin.py:109} INFO - [2022-04-06 04:24:14,296] {dag.py:2396} INFO - Sync 1 DAGs
[2022-04-06 04:24:14,307] {logging_mixin.py:109} INFO - [2022-04-06 04:24:14,307] {dag.py:2935} INFO - Setting next_dagrun for demo_dag to None
[2022-04-06 04:24:14,316] {processor.py:171} INFO - Processing /opt/airflow/dags/demo_dag.py took 0.797 seconds
[2022-04-06 04:24:44,384] {processor.py:163} INFO - Started process (PID=726) to work on /opt/airflow/dags/demo_dag.py
[2022-04-06 04:24:44,384] {processor.py:642} INFO - Processing file /opt/airflow/dags/demo_dag.py for tasks to queue
[2022-04-06 04:24:44,385] {logging_mixin.py:109} INFO - [2022-04-06 04:24:44,385] {dagbag.py:500} INFO - Filling up the DagBag from /opt/airflow/dags/demo_dag.py
[2022-04-06 04:24:45,053] {processor.py:654} INFO - DAG(s) dict_keys(['demo_dag']) retrieved from /opt/airflow/dags/demo_dag.py
[2022-04-06 04:24:45,244] {logging_mixin.py:109} INFO - [2022-04-06 04:24:45,244] {dag.py:2396} INFO - Sync 1 DAGs
[2022-04-06 04:24:45,254] {logging_mixin.py:109} INFO - [2022-04-06 04:24:45,254] {dag.py:2935} INFO - Setting next_dagrun for demo_dag to None
[2022-04-06 04:24:45,261] {processor.py:171} INFO - Processing /opt/airflow/dags/demo_dag.py took 0.880 seconds
[2022-04-06 04:25:15,413] {processor.py:163} INFO - Started process (PID=751) to work on /opt/airflow/dags/demo_dag.py
[2022-04-06 04:25:15,415] {processor.py:642} INFO - Processing file /opt/airflow/dags/demo_dag.py for tasks to queue
[2022-04-06 04:25:15,417] {logging_mixin.py:109} INFO - [2022-04-06 04:25:15,417] {dagbag.py:500} INFO - Filling up the DagBag from /opt/airflow/dags/demo_dag.py
[2022-04-06 04:25:16,028] {processor.py:654} INFO - DAG(s) dict_keys(['demo_dag']) retrieved from /opt/airflow/dags/demo_dag.py
[2022-04-06 04:25:16,034] {logging_mixin.py:109} INFO - [2022-04-06 04:25:16,034] {dag.py:2396} INFO - Sync 1 DAGs
[2022-04-06 04:25:16,043] {logging_mixin.py:109} INFO - [2022-04-06 04:25:16,043] {dag.py:2935} INFO - Setting next_dagrun for demo_dag to None
[2022-04-06 04:25:16,049] {processor.py:171} INFO - Processing /opt/airflow/dags/demo_dag.py took 0.644 seconds
[2022-04-06 04:25:46,127] {processor.py:163} INFO - Started process (PID=776) to work on /opt/airflow/dags/demo_dag.py
[2022-04-06 04:25:46,128] {processor.py:642} INFO - Processing file /opt/airflow/dags/demo_dag.py for tasks to queue
[2022-04-06 04:25:46,128] {logging_mixin.py:109} INFO - [2022-04-06 04:25:46,128] {dagbag.py:500} INFO - Filling up the DagBag from /opt/airflow/dags/demo_dag.py
[2022-04-06 04:25:46,742] {processor.py:654} INFO - DAG(s) dict_keys(['demo_dag']) retrieved from /opt/airflow/dags/demo_dag.py
[2022-04-06 04:25:46,748] {logging_mixin.py:109} INFO - [2022-04-06 04:25:46,748] {dag.py:2396} INFO - Sync 1 DAGs
[2022-04-06 04:25:46,758] {logging_mixin.py:109} INFO - [2022-04-06 04:25:46,758] {dag.py:2935} INFO - Setting next_dagrun for demo_dag to None
[2022-04-06 04:25:46,764] {processor.py:171} INFO - Processing /opt/airflow/dags/demo_dag.py took 0.639 seconds
[2022-04-06 04:26:16,856] {processor.py:163} INFO - Started process (PID=809) to work on /opt/airflow/dags/demo_dag.py
[2022-04-06 04:26:16,859] {processor.py:642} INFO - Processing file /opt/airflow/dags/demo_dag.py for tasks to queue
[2022-04-06 04:26:16,860] {logging_mixin.py:109} INFO - [2022-04-06 04:26:16,860] {dagbag.py:500} INFO - Filling up the DagBag from /opt/airflow/dags/demo_dag.py
[2022-04-06 04:26:17,644] {processor.py:654} INFO - DAG(s) dict_keys(['demo_dag']) retrieved from /opt/airflow/dags/demo_dag.py
[2022-04-06 04:26:17,652] {logging_mixin.py:109} INFO - [2022-04-06 04:26:17,652] {dag.py:2396} INFO - Sync 1 DAGs
[2022-04-06 04:26:17,664] {logging_mixin.py:109} INFO - [2022-04-06 04:26:17,664] {dag.py:2935} INFO - Setting next_dagrun for demo_dag to None
[2022-04-06 04:26:17,671] {processor.py:171} INFO - Processing /opt/airflow/dags/demo_dag.py took 0.823 seconds
[2022-04-06 04:26:47,822] {processor.py:163} INFO - Started process (PID=835) to work on /opt/airflow/dags/demo_dag.py
[2022-04-06 04:26:47,824] {processor.py:642} INFO - Processing file /opt/airflow/dags/demo_dag.py for tasks to queue
[2022-04-06 04:26:47,825] {logging_mixin.py:109} INFO - [2022-04-06 04:26:47,825] {dagbag.py:500} INFO - Filling up the DagBag from /opt/airflow/dags/demo_dag.py
[2022-04-06 04:26:48,590] {processor.py:654} INFO - DAG(s) dict_keys(['demo_dag']) retrieved from /opt/airflow/dags/demo_dag.py
[2022-04-06 04:26:48,600] {logging_mixin.py:109} INFO - [2022-04-06 04:26:48,600] {dag.py:2396} INFO - Sync 1 DAGs
[2022-04-06 04:26:48,616] {logging_mixin.py:109} INFO - [2022-04-06 04:26:48,616] {dag.py:2935} INFO - Setting next_dagrun for demo_dag to None
[2022-04-06 04:26:48,624] {processor.py:171} INFO - Processing /opt/airflow/dags/demo_dag.py took 0.810 seconds
[2022-04-06 04:27:18,716] {processor.py:163} INFO - Started process (PID=868) to work on /opt/airflow/dags/demo_dag.py
[2022-04-06 04:27:18,717] {processor.py:642} INFO - Processing file /opt/airflow/dags/demo_dag.py for tasks to queue
[2022-04-06 04:27:18,717] {logging_mixin.py:109} INFO - [2022-04-06 04:27:18,717] {dagbag.py:500} INFO - Filling up the DagBag from /opt/airflow/dags/demo_dag.py
[2022-04-06 04:27:19,359] {processor.py:654} INFO - DAG(s) dict_keys(['demo_dag']) retrieved from /opt/airflow/dags/demo_dag.py
[2022-04-06 04:27:19,365] {logging_mixin.py:109} INFO - [2022-04-06 04:27:19,365] {dag.py:2396} INFO - Sync 1 DAGs
[2022-04-06 04:27:19,375] {logging_mixin.py:109} INFO - [2022-04-06 04:27:19,375] {dag.py:2935} INFO - Setting next_dagrun for demo_dag to None
[2022-04-06 04:27:19,380] {processor.py:171} INFO - Processing /opt/airflow/dags/demo_dag.py took 0.666 seconds
[2022-04-06 04:27:49,468] {processor.py:163} INFO - Started process (PID=893) to work on /opt/airflow/dags/demo_dag.py
[2022-04-06 04:27:49,471] {processor.py:642} INFO - Processing file /opt/airflow/dags/demo_dag.py for tasks to queue
[2022-04-06 04:27:49,472] {logging_mixin.py:109} INFO - [2022-04-06 04:27:49,472] {dagbag.py:500} INFO - Filling up the DagBag from /opt/airflow/dags/demo_dag.py
[2022-04-06 04:27:50,123] {processor.py:654} INFO - DAG(s) dict_keys(['demo_dag']) retrieved from /opt/airflow/dags/demo_dag.py
[2022-04-06 04:27:50,129] {logging_mixin.py:109} INFO - [2022-04-06 04:27:50,129] {dag.py:2396} INFO - Sync 1 DAGs
[2022-04-06 04:27:50,139] {logging_mixin.py:109} INFO - [2022-04-06 04:27:50,139] {dag.py:2935} INFO - Setting next_dagrun for demo_dag to None
[2022-04-06 04:27:50,145] {processor.py:171} INFO - Processing /opt/airflow/dags/demo_dag.py took 0.684 seconds
[2022-04-06 04:28:20,210] {processor.py:163} INFO - Started process (PID=926) to work on /opt/airflow/dags/demo_dag.py
[2022-04-06 04:28:20,211] {processor.py:642} INFO - Processing file /opt/airflow/dags/demo_dag.py for tasks to queue
[2022-04-06 04:28:20,211] {logging_mixin.py:109} INFO - [2022-04-06 04:28:20,211] {dagbag.py:500} INFO - Filling up the DagBag from /opt/airflow/dags/demo_dag.py
[2022-04-06 04:28:20,884] {processor.py:654} INFO - DAG(s) dict_keys(['demo_dag']) retrieved from /opt/airflow/dags/demo_dag.py
[2022-04-06 04:28:20,889] {logging_mixin.py:109} INFO - [2022-04-06 04:28:20,889] {dag.py:2396} INFO - Sync 1 DAGs
[2022-04-06 04:28:20,899] {logging_mixin.py:109} INFO - [2022-04-06 04:28:20,899] {dag.py:2935} INFO - Setting next_dagrun for demo_dag to None
[2022-04-06 04:28:20,905] {processor.py:171} INFO - Processing /opt/airflow/dags/demo_dag.py took 0.698 seconds
[2022-04-06 04:28:50,999] {processor.py:163} INFO - Started process (PID=951) to work on /opt/airflow/dags/demo_dag.py
[2022-04-06 04:28:51,002] {processor.py:642} INFO - Processing file /opt/airflow/dags/demo_dag.py for tasks to queue
[2022-04-06 04:28:51,003] {logging_mixin.py:109} INFO - [2022-04-06 04:28:51,003] {dagbag.py:500} INFO - Filling up the DagBag from /opt/airflow/dags/demo_dag.py
[2022-04-06 04:28:51,653] {processor.py:654} INFO - DAG(s) dict_keys(['demo_dag']) retrieved from /opt/airflow/dags/demo_dag.py
[2022-04-06 04:28:51,659] {logging_mixin.py:109} INFO - [2022-04-06 04:28:51,658] {dag.py:2396} INFO - Sync 1 DAGs
[2022-04-06 04:28:51,669] {logging_mixin.py:109} INFO - [2022-04-06 04:28:51,669] {dag.py:2935} INFO - Setting next_dagrun for demo_dag to None
[2022-04-06 04:28:51,675] {processor.py:171} INFO - Processing /opt/airflow/dags/demo_dag.py took 0.683 seconds
[2022-04-06 04:29:21,762] {processor.py:163} INFO - Started process (PID=976) to work on /opt/airflow/dags/demo_dag.py
[2022-04-06 04:29:21,765] {processor.py:642} INFO - Processing file /opt/airflow/dags/demo_dag.py for tasks to queue
[2022-04-06 04:29:21,766] {logging_mixin.py:109} INFO - [2022-04-06 04:29:21,766] {dagbag.py:500} INFO - Filling up the DagBag from /opt/airflow/dags/demo_dag.py
[2022-04-06 04:29:22,415] {processor.py:654} INFO - DAG(s) dict_keys(['demo_dag']) retrieved from /opt/airflow/dags/demo_dag.py
[2022-04-06 04:29:22,420] {logging_mixin.py:109} INFO - [2022-04-06 04:29:22,420] {dag.py:2396} INFO - Sync 1 DAGs
[2022-04-06 04:29:22,430] {logging_mixin.py:109} INFO - [2022-04-06 04:29:22,430] {dag.py:2935} INFO - Setting next_dagrun for demo_dag to None
[2022-04-06 04:29:22,436] {processor.py:171} INFO - Processing /opt/airflow/dags/demo_dag.py took 0.681 seconds
[2022-04-06 04:29:39,460] {processor.py:163} INFO - Started process (PID=1001) to work on /opt/airflow/dags/demo_dag.py
[2022-04-06 04:29:39,460] {processor.py:642} INFO - Processing file /opt/airflow/dags/demo_dag.py for tasks to queue
[2022-04-06 04:29:39,461] {logging_mixin.py:109} INFO - [2022-04-06 04:29:39,461] {dagbag.py:500} INFO - Filling up the DagBag from /opt/airflow/dags/demo_dag.py
[2022-04-06 04:29:39,464] {logging_mixin.py:109} INFO - [2022-04-06 04:29:39,464] {dagbag.py:334} ERROR - Failed to import: /opt/airflow/dags/demo_dag.py
Traceback (most recent call last):
  File "/home/airflow/.local/lib/python3.8/site-packages/airflow/models/dagbag.py", line 331, in _load_modules_from_file
    loader.exec_module(new_module)
  File "<frozen importlib._bootstrap_external>", line 843, in exec_module
  File "<frozen importlib._bootstrap>", line 219, in _call_with_frames_removed
  File "/opt/airflow/dags/demo_dag.py", line 1, in <module>
    from youtube_dl import main
ModuleNotFoundError: No module named 'youtube_dl'
[2022-04-06 04:29:39,475] {processor.py:690} INFO - Deactivated 1 DAGs which are no longer present in /opt/airflow/dags/demo_dag.py
[2022-04-06 04:29:39,475] {processor.py:656} WARNING - No viable dags retrieved from /opt/airflow/dags/demo_dag.py
[2022-04-06 04:29:39,481] {processor.py:171} INFO - Processing /opt/airflow/dags/demo_dag.py took 0.024 seconds
[2022-04-06 04:30:09,609] {processor.py:163} INFO - Started process (PID=1018) to work on /opt/airflow/dags/demo_dag.py
[2022-04-06 04:30:09,612] {processor.py:642} INFO - Processing file /opt/airflow/dags/demo_dag.py for tasks to queue
[2022-04-06 04:30:09,613] {logging_mixin.py:109} INFO - [2022-04-06 04:30:09,613] {dagbag.py:500} INFO - Filling up the DagBag from /opt/airflow/dags/demo_dag.py
[2022-04-06 04:30:09,622] {logging_mixin.py:109} INFO - [2022-04-06 04:30:09,620] {dagbag.py:334} ERROR - Failed to import: /opt/airflow/dags/demo_dag.py
Traceback (most recent call last):
  File "/home/airflow/.local/lib/python3.8/site-packages/airflow/models/dagbag.py", line 331, in _load_modules_from_file
    loader.exec_module(new_module)
  File "<frozen importlib._bootstrap_external>", line 843, in exec_module
  File "<frozen importlib._bootstrap>", line 219, in _call_with_frames_removed
  File "/opt/airflow/dags/demo_dag.py", line 1, in <module>
    from youtube_dl import main
ModuleNotFoundError: No module named 'youtube_dl'
[2022-04-06 04:30:09,640] {processor.py:656} WARNING - No viable dags retrieved from /opt/airflow/dags/demo_dag.py
[2022-04-06 04:30:09,648] {processor.py:171} INFO - Processing /opt/airflow/dags/demo_dag.py took 0.046 seconds
[2022-04-06 04:30:13,622] {processor.py:163} INFO - Started process (PID=1019) to work on /opt/airflow/dags/demo_dag.py
[2022-04-06 04:30:13,623] {processor.py:642} INFO - Processing file /opt/airflow/dags/demo_dag.py for tasks to queue
[2022-04-06 04:30:13,623] {logging_mixin.py:109} INFO - [2022-04-06 04:30:13,623] {dagbag.py:500} INFO - Filling up the DagBag from /opt/airflow/dags/demo_dag.py
[2022-04-06 04:30:14,474] {processor.py:654} INFO - DAG(s) dict_keys(['demo_dag']) retrieved from /opt/airflow/dags/demo_dag.py
[2022-04-06 04:30:14,482] {logging_mixin.py:109} INFO - [2022-04-06 04:30:14,482] {dag.py:2396} INFO - Sync 1 DAGs
[2022-04-06 04:30:14,508] {processor.py:171} INFO - Processing /opt/airflow/dags/demo_dag.py took 0.889 seconds
[2022-04-06 04:30:44,600] {processor.py:163} INFO - Started process (PID=1054) to work on /opt/airflow/dags/demo_dag.py
[2022-04-06 04:30:44,601] {processor.py:642} INFO - Processing file /opt/airflow/dags/demo_dag.py for tasks to queue
[2022-04-06 04:30:44,601] {logging_mixin.py:109} INFO - [2022-04-06 04:30:44,601] {dagbag.py:500} INFO - Filling up the DagBag from /opt/airflow/dags/demo_dag.py
[2022-04-06 04:30:45,226] {processor.py:654} INFO - DAG(s) dict_keys(['demo_dag']) retrieved from /opt/airflow/dags/demo_dag.py
[2022-04-06 04:30:45,232] {logging_mixin.py:109} INFO - [2022-04-06 04:30:45,232] {dag.py:2396} INFO - Sync 1 DAGs
[2022-04-06 04:30:45,242] {logging_mixin.py:109} INFO - [2022-04-06 04:30:45,242] {dag.py:2935} INFO - Setting next_dagrun for demo_dag to None
[2022-04-06 04:30:45,248] {processor.py:171} INFO - Processing /opt/airflow/dags/demo_dag.py took 0.650 seconds
[2022-04-06 04:31:15,337] {processor.py:163} INFO - Started process (PID=1079) to work on /opt/airflow/dags/demo_dag.py
[2022-04-06 04:31:15,340] {processor.py:642} INFO - Processing file /opt/airflow/dags/demo_dag.py for tasks to queue
[2022-04-06 04:31:15,341] {logging_mixin.py:109} INFO - [2022-04-06 04:31:15,341] {dagbag.py:500} INFO - Filling up the DagBag from /opt/airflow/dags/demo_dag.py
[2022-04-06 04:31:16,124] {processor.py:654} INFO - DAG(s) dict_keys(['demo_dag']) retrieved from /opt/airflow/dags/demo_dag.py
[2022-04-06 04:31:16,135] {logging_mixin.py:109} INFO - [2022-04-06 04:31:16,135] {dag.py:2396} INFO - Sync 1 DAGs
[2022-04-06 04:31:16,152] {logging_mixin.py:109} INFO - [2022-04-06 04:31:16,152] {dag.py:2935} INFO - Setting next_dagrun for demo_dag to None
[2022-04-06 04:31:16,159] {processor.py:171} INFO - Processing /opt/airflow/dags/demo_dag.py took 0.830 seconds
[2022-04-06 04:31:46,231] {processor.py:163} INFO - Started process (PID=1112) to work on /opt/airflow/dags/demo_dag.py
[2022-04-06 04:31:46,232] {processor.py:642} INFO - Processing file /opt/airflow/dags/demo_dag.py for tasks to queue
[2022-04-06 04:31:46,232] {logging_mixin.py:109} INFO - [2022-04-06 04:31:46,232] {dagbag.py:500} INFO - Filling up the DagBag from /opt/airflow/dags/demo_dag.py
[2022-04-06 04:31:46,865] {processor.py:654} INFO - DAG(s) dict_keys(['demo_dag']) retrieved from /opt/airflow/dags/demo_dag.py
[2022-04-06 04:31:46,871] {logging_mixin.py:109} INFO - [2022-04-06 04:31:46,871] {dag.py:2396} INFO - Sync 1 DAGs
[2022-04-06 04:31:46,881] {logging_mixin.py:109} INFO - [2022-04-06 04:31:46,881] {dag.py:2935} INFO - Setting next_dagrun for demo_dag to None
[2022-04-06 04:31:46,887] {processor.py:171} INFO - Processing /opt/airflow/dags/demo_dag.py took 0.658 seconds
[2022-04-06 04:32:16,990] {processor.py:163} INFO - Started process (PID=1137) to work on /opt/airflow/dags/demo_dag.py
[2022-04-06 04:32:16,992] {processor.py:642} INFO - Processing file /opt/airflow/dags/demo_dag.py for tasks to queue
[2022-04-06 04:32:16,993] {logging_mixin.py:109} INFO - [2022-04-06 04:32:16,993] {dagbag.py:500} INFO - Filling up the DagBag from /opt/airflow/dags/demo_dag.py
[2022-04-06 04:32:17,642] {processor.py:654} INFO - DAG(s) dict_keys(['demo_dag']) retrieved from /opt/airflow/dags/demo_dag.py
[2022-04-06 04:32:17,648] {logging_mixin.py:109} INFO - [2022-04-06 04:32:17,648] {dag.py:2396} INFO - Sync 1 DAGs
[2022-04-06 04:32:17,658] {logging_mixin.py:109} INFO - [2022-04-06 04:32:17,658] {dag.py:2935} INFO - Setting next_dagrun for demo_dag to None
[2022-04-06 04:32:17,664] {processor.py:171} INFO - Processing /opt/airflow/dags/demo_dag.py took 0.680 seconds
[2022-04-06 04:32:47,728] {processor.py:163} INFO - Started process (PID=1170) to work on /opt/airflow/dags/demo_dag.py
[2022-04-06 04:32:47,729] {processor.py:642} INFO - Processing file /opt/airflow/dags/demo_dag.py for tasks to queue
[2022-04-06 04:32:47,730] {logging_mixin.py:109} INFO - [2022-04-06 04:32:47,730] {dagbag.py:500} INFO - Filling up the DagBag from /opt/airflow/dags/demo_dag.py
[2022-04-06 04:32:48,485] {processor.py:654} INFO - DAG(s) dict_keys(['demo_dag']) retrieved from /opt/airflow/dags/demo_dag.py
[2022-04-06 04:32:48,492] {logging_mixin.py:109} INFO - [2022-04-06 04:32:48,492] {dag.py:2396} INFO - Sync 1 DAGs
[2022-04-06 04:32:48,505] {logging_mixin.py:109} INFO - [2022-04-06 04:32:48,505] {dag.py:2935} INFO - Setting next_dagrun for demo_dag to None
[2022-04-06 04:32:48,513] {processor.py:171} INFO - Processing /opt/airflow/dags/demo_dag.py took 0.788 seconds
[2022-04-06 04:33:18,557] {processor.py:163} INFO - Started process (PID=1196) to work on /opt/airflow/dags/demo_dag.py
[2022-04-06 04:33:18,557] {processor.py:642} INFO - Processing file /opt/airflow/dags/demo_dag.py for tasks to queue
[2022-04-06 04:33:18,558] {logging_mixin.py:109} INFO - [2022-04-06 04:33:18,558] {dagbag.py:500} INFO - Filling up the DagBag from /opt/airflow/dags/demo_dag.py
[2022-04-06 04:33:19,309] {processor.py:654} INFO - DAG(s) dict_keys(['demo_dag']) retrieved from /opt/airflow/dags/demo_dag.py
[2022-04-06 04:33:19,320] {logging_mixin.py:109} INFO - [2022-04-06 04:33:19,319] {dag.py:2396} INFO - Sync 1 DAGs
[2022-04-06 04:33:19,343] {logging_mixin.py:109} INFO - [2022-04-06 04:33:19,343] {dag.py:2935} INFO - Setting next_dagrun for demo_dag to None
[2022-04-06 04:33:19,362] {processor.py:171} INFO - Processing /opt/airflow/dags/demo_dag.py took 0.807 seconds
[2022-04-06 04:35:24,367] {processor.py:163} INFO - Started process (PID=35) to work on /opt/airflow/dags/demo_dag.py
[2022-04-06 04:35:24,368] {processor.py:642} INFO - Processing file /opt/airflow/dags/demo_dag.py for tasks to queue
[2022-04-06 04:35:24,368] {logging_mixin.py:109} INFO - [2022-04-06 04:35:24,368] {dagbag.py:500} INFO - Filling up the DagBag from /opt/airflow/dags/demo_dag.py
[2022-04-06 04:35:26,557] {processor.py:654} INFO - DAG(s) dict_keys(['demo_dag']) retrieved from /opt/airflow/dags/demo_dag.py
[2022-04-06 04:35:26,567] {logging_mixin.py:109} INFO - [2022-04-06 04:35:26,566] {dag.py:2396} INFO - Sync 1 DAGs
[2022-04-06 04:35:26,592] {logging_mixin.py:109} INFO - [2022-04-06 04:35:26,592] {dag.py:2935} INFO - Setting next_dagrun for demo_dag to None
[2022-04-06 04:35:26,603] {processor.py:171} INFO - Processing /opt/airflow/dags/demo_dag.py took 2.242 seconds
[2022-04-06 04:35:56,696] {processor.py:163} INFO - Started process (PID=62) to work on /opt/airflow/dags/demo_dag.py
[2022-04-06 04:35:56,699] {processor.py:642} INFO - Processing file /opt/airflow/dags/demo_dag.py for tasks to queue
[2022-04-06 04:35:56,701] {logging_mixin.py:109} INFO - [2022-04-06 04:35:56,701] {dagbag.py:500} INFO - Filling up the DagBag from /opt/airflow/dags/demo_dag.py
[2022-04-06 04:35:57,472] {processor.py:654} INFO - DAG(s) dict_keys(['demo_dag']) retrieved from /opt/airflow/dags/demo_dag.py
[2022-04-06 04:35:57,483] {logging_mixin.py:109} INFO - [2022-04-06 04:35:57,482] {dag.py:2396} INFO - Sync 1 DAGs
[2022-04-06 04:35:57,500] {logging_mixin.py:109} INFO - [2022-04-06 04:35:57,500] {dag.py:2935} INFO - Setting next_dagrun for demo_dag to None
[2022-04-06 04:35:57,508] {processor.py:171} INFO - Processing /opt/airflow/dags/demo_dag.py took 0.820 seconds
[2022-04-06 04:36:27,646] {processor.py:163} INFO - Started process (PID=95) to work on /opt/airflow/dags/demo_dag.py
[2022-04-06 04:36:27,649] {processor.py:642} INFO - Processing file /opt/airflow/dags/demo_dag.py for tasks to queue
[2022-04-06 04:36:27,651] {logging_mixin.py:109} INFO - [2022-04-06 04:36:27,650] {dagbag.py:500} INFO - Filling up the DagBag from /opt/airflow/dags/demo_dag.py
[2022-04-06 04:36:28,425] {processor.py:654} INFO - DAG(s) dict_keys(['demo_dag']) retrieved from /opt/airflow/dags/demo_dag.py
[2022-04-06 04:36:28,451] {logging_mixin.py:109} INFO - [2022-04-06 04:36:28,450] {dag.py:2396} INFO - Sync 1 DAGs
[2022-04-06 04:36:28,469] {logging_mixin.py:109} INFO - [2022-04-06 04:36:28,469] {dag.py:2935} INFO - Setting next_dagrun for demo_dag to None
[2022-04-06 04:36:28,479] {processor.py:171} INFO - Processing /opt/airflow/dags/demo_dag.py took 0.841 seconds
[2022-04-06 04:36:58,577] {processor.py:163} INFO - Started process (PID=120) to work on /opt/airflow/dags/demo_dag.py
[2022-04-06 04:36:58,578] {processor.py:642} INFO - Processing file /opt/airflow/dags/demo_dag.py for tasks to queue
[2022-04-06 04:36:58,578] {logging_mixin.py:109} INFO - [2022-04-06 04:36:58,578] {dagbag.py:500} INFO - Filling up the DagBag from /opt/airflow/dags/demo_dag.py
[2022-04-06 04:36:59,229] {processor.py:654} INFO - DAG(s) dict_keys(['demo_dag']) retrieved from /opt/airflow/dags/demo_dag.py
[2022-04-06 04:36:59,235] {logging_mixin.py:109} INFO - [2022-04-06 04:36:59,235] {dag.py:2396} INFO - Sync 1 DAGs
[2022-04-06 04:36:59,244] {logging_mixin.py:109} INFO - [2022-04-06 04:36:59,244] {dag.py:2935} INFO - Setting next_dagrun for demo_dag to None
[2022-04-06 04:36:59,250] {processor.py:171} INFO - Processing /opt/airflow/dags/demo_dag.py took 0.676 seconds
[2022-04-06 04:37:29,327] {processor.py:163} INFO - Started process (PID=155) to work on /opt/airflow/dags/demo_dag.py
[2022-04-06 04:37:29,327] {processor.py:642} INFO - Processing file /opt/airflow/dags/demo_dag.py for tasks to queue
[2022-04-06 04:37:29,328] {logging_mixin.py:109} INFO - [2022-04-06 04:37:29,328] {dagbag.py:500} INFO - Filling up the DagBag from /opt/airflow/dags/demo_dag.py
[2022-04-06 04:37:30,009] {processor.py:654} INFO - DAG(s) dict_keys(['demo_dag']) retrieved from /opt/airflow/dags/demo_dag.py
[2022-04-06 04:37:30,015] {logging_mixin.py:109} INFO - [2022-04-06 04:37:30,015] {dag.py:2396} INFO - Sync 1 DAGs
[2022-04-06 04:37:30,027] {logging_mixin.py:109} INFO - [2022-04-06 04:37:30,027] {dag.py:2935} INFO - Setting next_dagrun for demo_dag to None
[2022-04-06 04:37:30,034] {processor.py:171} INFO - Processing /opt/airflow/dags/demo_dag.py took 0.710 seconds
[2022-04-06 04:38:00,128] {processor.py:163} INFO - Started process (PID=180) to work on /opt/airflow/dags/demo_dag.py
[2022-04-06 04:38:00,131] {processor.py:642} INFO - Processing file /opt/airflow/dags/demo_dag.py for tasks to queue
[2022-04-06 04:38:00,133] {logging_mixin.py:109} INFO - [2022-04-06 04:38:00,132] {dagbag.py:500} INFO - Filling up the DagBag from /opt/airflow/dags/demo_dag.py
[2022-04-06 04:38:00,861] {processor.py:654} INFO - DAG(s) dict_keys(['demo_dag']) retrieved from /opt/airflow/dags/demo_dag.py
[2022-04-06 04:38:00,867] {logging_mixin.py:109} INFO - [2022-04-06 04:38:00,867] {dag.py:2396} INFO - Sync 1 DAGs
[2022-04-06 04:38:00,877] {logging_mixin.py:109} INFO - [2022-04-06 04:38:00,877] {dag.py:2935} INFO - Setting next_dagrun for demo_dag to None
[2022-04-06 04:38:00,883] {processor.py:171} INFO - Processing /opt/airflow/dags/demo_dag.py took 0.763 seconds
[2022-04-06 04:38:27,976] {processor.py:163} INFO - Started process (PID=206) to work on /opt/airflow/dags/demo_dag.py
[2022-04-06 04:38:27,977] {processor.py:642} INFO - Processing file /opt/airflow/dags/demo_dag.py for tasks to queue
[2022-04-06 04:38:27,978] {logging_mixin.py:109} INFO - [2022-04-06 04:38:27,978] {dagbag.py:500} INFO - Filling up the DagBag from /opt/airflow/dags/demo_dag.py
[2022-04-06 04:38:28,770] {processor.py:654} INFO - DAG(s) dict_keys(['demo_dag']) retrieved from /opt/airflow/dags/demo_dag.py
[2022-04-06 04:38:28,778] {logging_mixin.py:109} INFO - [2022-04-06 04:38:28,778] {dag.py:2396} INFO - Sync 1 DAGs
[2022-04-06 04:38:28,794] {logging_mixin.py:109} INFO - [2022-04-06 04:38:28,794] {dag.py:2935} INFO - Setting next_dagrun for demo_dag to None
[2022-04-06 04:38:28,804] {processor.py:171} INFO - Processing /opt/airflow/dags/demo_dag.py took 0.831 seconds
[2022-04-06 04:38:58,885] {processor.py:163} INFO - Started process (PID=240) to work on /opt/airflow/dags/demo_dag.py
[2022-04-06 04:38:58,886] {processor.py:642} INFO - Processing file /opt/airflow/dags/demo_dag.py for tasks to queue
[2022-04-06 04:38:58,887] {logging_mixin.py:109} INFO - [2022-04-06 04:38:58,887] {dagbag.py:500} INFO - Filling up the DagBag from /opt/airflow/dags/demo_dag.py
[2022-04-06 04:38:59,535] {processor.py:654} INFO - DAG(s) dict_keys(['demo_dag']) retrieved from /opt/airflow/dags/demo_dag.py
[2022-04-06 04:38:59,540] {logging_mixin.py:109} INFO - [2022-04-06 04:38:59,540] {dag.py:2396} INFO - Sync 1 DAGs
[2022-04-06 04:38:59,550] {logging_mixin.py:109} INFO - [2022-04-06 04:38:59,550] {dag.py:2935} INFO - Setting next_dagrun for demo_dag to None
[2022-04-06 04:38:59,555] {processor.py:171} INFO - Processing /opt/airflow/dags/demo_dag.py took 0.672 seconds
[2022-04-06 04:39:29,647] {processor.py:163} INFO - Started process (PID=265) to work on /opt/airflow/dags/demo_dag.py
[2022-04-06 04:39:29,649] {processor.py:642} INFO - Processing file /opt/airflow/dags/demo_dag.py for tasks to queue
[2022-04-06 04:39:29,651] {logging_mixin.py:109} INFO - [2022-04-06 04:39:29,651] {dagbag.py:500} INFO - Filling up the DagBag from /opt/airflow/dags/demo_dag.py
[2022-04-06 04:39:30,332] {processor.py:654} INFO - DAG(s) dict_keys(['demo_dag']) retrieved from /opt/airflow/dags/demo_dag.py
[2022-04-06 04:39:30,338] {logging_mixin.py:109} INFO - [2022-04-06 04:39:30,337] {dag.py:2396} INFO - Sync 1 DAGs
[2022-04-06 04:39:30,350] {logging_mixin.py:109} INFO - [2022-04-06 04:39:30,350] {dag.py:2935} INFO - Setting next_dagrun for demo_dag to None
[2022-04-06 04:39:30,356] {processor.py:171} INFO - Processing /opt/airflow/dags/demo_dag.py took 0.717 seconds
[2022-04-06 04:40:00,484] {processor.py:163} INFO - Started process (PID=290) to work on /opt/airflow/dags/demo_dag.py
[2022-04-06 04:40:00,484] {processor.py:642} INFO - Processing file /opt/airflow/dags/demo_dag.py for tasks to queue
[2022-04-06 04:40:00,485] {logging_mixin.py:109} INFO - [2022-04-06 04:40:00,485] {dagbag.py:500} INFO - Filling up the DagBag from /opt/airflow/dags/demo_dag.py
[2022-04-06 04:40:01,175] {processor.py:654} INFO - DAG(s) dict_keys(['demo_dag']) retrieved from /opt/airflow/dags/demo_dag.py
[2022-04-06 04:40:01,180] {logging_mixin.py:109} INFO - [2022-04-06 04:40:01,180] {dag.py:2396} INFO - Sync 1 DAGs
[2022-04-06 04:40:01,190] {logging_mixin.py:109} INFO - [2022-04-06 04:40:01,190] {dag.py:2935} INFO - Setting next_dagrun for demo_dag to None
[2022-04-06 04:40:01,195] {processor.py:171} INFO - Processing /opt/airflow/dags/demo_dag.py took 0.714 seconds
[2022-04-06 04:40:31,284] {processor.py:163} INFO - Started process (PID=324) to work on /opt/airflow/dags/demo_dag.py
[2022-04-06 04:40:31,287] {processor.py:642} INFO - Processing file /opt/airflow/dags/demo_dag.py for tasks to queue
[2022-04-06 04:40:31,289] {logging_mixin.py:109} INFO - [2022-04-06 04:40:31,288] {dagbag.py:500} INFO - Filling up the DagBag from /opt/airflow/dags/demo_dag.py
[2022-04-06 04:40:31,993] {processor.py:654} INFO - DAG(s) dict_keys(['demo_dag']) retrieved from /opt/airflow/dags/demo_dag.py
[2022-04-06 04:40:31,998] {logging_mixin.py:109} INFO - [2022-04-06 04:40:31,998] {dag.py:2396} INFO - Sync 1 DAGs
[2022-04-06 04:40:32,008] {logging_mixin.py:109} INFO - [2022-04-06 04:40:32,008] {dag.py:2935} INFO - Setting next_dagrun for demo_dag to None
[2022-04-06 04:40:32,014] {processor.py:171} INFO - Processing /opt/airflow/dags/demo_dag.py took 0.737 seconds
[2022-04-06 04:42:50,563] {processor.py:163} INFO - Started process (PID=37) to work on /opt/airflow/dags/demo_dag.py
[2022-04-06 04:42:50,564] {processor.py:642} INFO - Processing file /opt/airflow/dags/demo_dag.py for tasks to queue
[2022-04-06 04:42:50,564] {logging_mixin.py:109} INFO - [2022-04-06 04:42:50,564] {dagbag.py:500} INFO - Filling up the DagBag from /opt/airflow/dags/demo_dag.py
[2022-04-06 04:42:52,896] {processor.py:654} INFO - DAG(s) dict_keys(['demo_dag']) retrieved from /opt/airflow/dags/demo_dag.py
[2022-04-06 04:42:52,905] {logging_mixin.py:109} INFO - [2022-04-06 04:42:52,905] {dag.py:2396} INFO - Sync 1 DAGs
[2022-04-06 04:42:52,923] {logging_mixin.py:109} INFO - [2022-04-06 04:42:52,923] {dag.py:2935} INFO - Setting next_dagrun for demo_dag to None
[2022-04-06 04:42:52,940] {processor.py:171} INFO - Processing /opt/airflow/dags/demo_dag.py took 2.381 seconds
[2022-04-06 04:43:28,172] {processor.py:163} INFO - Started process (PID=342) to work on /opt/airflow/dags/demo_dag.py
[2022-04-06 04:43:28,173] {processor.py:642} INFO - Processing file /opt/airflow/dags/demo_dag.py for tasks to queue
[2022-04-06 04:43:28,173] {logging_mixin.py:109} INFO - [2022-04-06 04:43:28,173] {dagbag.py:500} INFO - Filling up the DagBag from /opt/airflow/dags/demo_dag.py
[2022-04-06 04:43:28,904] {processor.py:654} INFO - DAG(s) dict_keys(['demo_dag']) retrieved from /opt/airflow/dags/demo_dag.py
[2022-04-06 04:43:28,912] {logging_mixin.py:109} INFO - [2022-04-06 04:43:28,912] {dag.py:2396} INFO - Sync 1 DAGs
[2022-04-06 04:43:28,928] {logging_mixin.py:109} INFO - [2022-04-06 04:43:28,927] {dag.py:2935} INFO - Setting next_dagrun for demo_dag to None
[2022-04-06 04:43:28,936] {processor.py:171} INFO - Processing /opt/airflow/dags/demo_dag.py took 0.767 seconds
[2022-04-06 04:43:59,720] {processor.py:163} INFO - Started process (PID=402) to work on /opt/airflow/dags/demo_dag.py
[2022-04-06 04:43:59,723] {processor.py:642} INFO - Processing file /opt/airflow/dags/demo_dag.py for tasks to queue
[2022-04-06 04:43:59,724] {logging_mixin.py:109} INFO - [2022-04-06 04:43:59,724] {dagbag.py:500} INFO - Filling up the DagBag from /opt/airflow/dags/demo_dag.py
[2022-04-06 04:44:00,406] {processor.py:654} INFO - DAG(s) dict_keys(['demo_dag']) retrieved from /opt/airflow/dags/demo_dag.py
[2022-04-06 04:44:00,412] {logging_mixin.py:109} INFO - [2022-04-06 04:44:00,412] {dag.py:2396} INFO - Sync 1 DAGs
[2022-04-06 04:44:00,422] {logging_mixin.py:109} INFO - [2022-04-06 04:44:00,422] {dag.py:2935} INFO - Setting next_dagrun for demo_dag to None
[2022-04-06 04:44:00,427] {processor.py:171} INFO - Processing /opt/airflow/dags/demo_dag.py took 0.714 seconds
[2022-04-06 04:44:30,977] {processor.py:163} INFO - Started process (PID=460) to work on /opt/airflow/dags/demo_dag.py
[2022-04-06 04:44:30,977] {processor.py:642} INFO - Processing file /opt/airflow/dags/demo_dag.py for tasks to queue
[2022-04-06 04:44:30,978] {logging_mixin.py:109} INFO - [2022-04-06 04:44:30,978] {dagbag.py:500} INFO - Filling up the DagBag from /opt/airflow/dags/demo_dag.py
[2022-04-06 04:44:31,692] {processor.py:654} INFO - DAG(s) dict_keys(['demo_dag']) retrieved from /opt/airflow/dags/demo_dag.py
[2022-04-06 04:44:31,700] {logging_mixin.py:109} INFO - [2022-04-06 04:44:31,700] {dag.py:2396} INFO - Sync 1 DAGs
[2022-04-06 04:44:31,713] {logging_mixin.py:109} INFO - [2022-04-06 04:44:31,713] {dag.py:2935} INFO - Setting next_dagrun for demo_dag to None
[2022-04-06 04:44:31,720] {processor.py:171} INFO - Processing /opt/airflow/dags/demo_dag.py took 0.745 seconds
[2022-04-06 04:45:02,303] {processor.py:163} INFO - Started process (PID=528) to work on /opt/airflow/dags/demo_dag.py
[2022-04-06 04:45:02,304] {processor.py:642} INFO - Processing file /opt/airflow/dags/demo_dag.py for tasks to queue
[2022-04-06 04:45:02,304] {logging_mixin.py:109} INFO - [2022-04-06 04:45:02,304] {dagbag.py:500} INFO - Filling up the DagBag from /opt/airflow/dags/demo_dag.py
[2022-04-06 04:45:02,945] {processor.py:654} INFO - DAG(s) dict_keys(['demo_dag']) retrieved from /opt/airflow/dags/demo_dag.py
[2022-04-06 04:45:02,951] {logging_mixin.py:109} INFO - [2022-04-06 04:45:02,950] {dag.py:2396} INFO - Sync 1 DAGs
[2022-04-06 04:45:02,961] {logging_mixin.py:109} INFO - [2022-04-06 04:45:02,960] {dag.py:2935} INFO - Setting next_dagrun for demo_dag to None
[2022-04-06 04:45:02,966] {processor.py:171} INFO - Processing /opt/airflow/dags/demo_dag.py took 0.665 seconds
[2022-04-06 04:45:33,533] {processor.py:163} INFO - Started process (PID=585) to work on /opt/airflow/dags/demo_dag.py
[2022-04-06 04:45:33,536] {processor.py:642} INFO - Processing file /opt/airflow/dags/demo_dag.py for tasks to queue
[2022-04-06 04:45:33,537] {logging_mixin.py:109} INFO - [2022-04-06 04:45:33,537] {dagbag.py:500} INFO - Filling up the DagBag from /opt/airflow/dags/demo_dag.py
[2022-04-06 04:45:34,235] {processor.py:654} INFO - DAG(s) dict_keys(['demo_dag']) retrieved from /opt/airflow/dags/demo_dag.py
[2022-04-06 04:45:34,242] {logging_mixin.py:109} INFO - [2022-04-06 04:45:34,242] {dag.py:2396} INFO - Sync 1 DAGs
[2022-04-06 04:45:34,255] {logging_mixin.py:109} INFO - [2022-04-06 04:45:34,255] {dag.py:2935} INFO - Setting next_dagrun for demo_dag to None
[2022-04-06 04:45:34,260] {processor.py:171} INFO - Processing /opt/airflow/dags/demo_dag.py took 0.737 seconds
[2022-04-06 04:46:04,583] {processor.py:163} INFO - Started process (PID=651) to work on /opt/airflow/dags/demo_dag.py
[2022-04-06 04:46:04,585] {processor.py:642} INFO - Processing file /opt/airflow/dags/demo_dag.py for tasks to queue
[2022-04-06 04:46:04,587] {logging_mixin.py:109} INFO - [2022-04-06 04:46:04,587] {dagbag.py:500} INFO - Filling up the DagBag from /opt/airflow/dags/demo_dag.py
[2022-04-06 04:46:05,263] {processor.py:654} INFO - DAG(s) dict_keys(['demo_dag']) retrieved from /opt/airflow/dags/demo_dag.py
[2022-04-06 04:46:05,270] {logging_mixin.py:109} INFO - [2022-04-06 04:46:05,269] {dag.py:2396} INFO - Sync 1 DAGs
[2022-04-06 04:46:05,280] {logging_mixin.py:109} INFO - [2022-04-06 04:46:05,280] {dag.py:2935} INFO - Setting next_dagrun for demo_dag to None
[2022-04-06 04:46:05,286] {processor.py:171} INFO - Processing /opt/airflow/dags/demo_dag.py took 0.711 seconds
[2022-04-06 04:46:35,350] {processor.py:163} INFO - Started process (PID=708) to work on /opt/airflow/dags/demo_dag.py
[2022-04-06 04:46:35,350] {processor.py:642} INFO - Processing file /opt/airflow/dags/demo_dag.py for tasks to queue
[2022-04-06 04:46:35,351] {logging_mixin.py:109} INFO - [2022-04-06 04:46:35,351] {dagbag.py:500} INFO - Filling up the DagBag from /opt/airflow/dags/demo_dag.py
[2022-04-06 04:46:35,973] {processor.py:654} INFO - DAG(s) dict_keys(['demo_dag']) retrieved from /opt/airflow/dags/demo_dag.py
[2022-04-06 04:46:35,979] {logging_mixin.py:109} INFO - [2022-04-06 04:46:35,978] {dag.py:2396} INFO - Sync 1 DAGs
[2022-04-06 04:46:35,988] {logging_mixin.py:109} INFO - [2022-04-06 04:46:35,988] {dag.py:2935} INFO - Setting next_dagrun for demo_dag to None
[2022-04-06 04:46:35,994] {processor.py:171} INFO - Processing /opt/airflow/dags/demo_dag.py took 0.646 seconds
[2022-04-06 04:47:06,436] {processor.py:163} INFO - Started process (PID=774) to work on /opt/airflow/dags/demo_dag.py
[2022-04-06 04:47:06,437] {processor.py:642} INFO - Processing file /opt/airflow/dags/demo_dag.py for tasks to queue
[2022-04-06 04:47:06,437] {logging_mixin.py:109} INFO - [2022-04-06 04:47:06,437] {dagbag.py:500} INFO - Filling up the DagBag from /opt/airflow/dags/demo_dag.py
[2022-04-06 04:47:07,136] {processor.py:654} INFO - DAG(s) dict_keys(['demo_dag']) retrieved from /opt/airflow/dags/demo_dag.py
[2022-04-06 04:47:07,142] {logging_mixin.py:109} INFO - [2022-04-06 04:47:07,142] {dag.py:2396} INFO - Sync 1 DAGs
[2022-04-06 04:47:07,151] {logging_mixin.py:109} INFO - [2022-04-06 04:47:07,151] {dag.py:2935} INFO - Setting next_dagrun for demo_dag to None
[2022-04-06 04:47:07,157] {processor.py:171} INFO - Processing /opt/airflow/dags/demo_dag.py took 0.724 seconds
[2022-04-06 04:47:37,685] {processor.py:163} INFO - Started process (PID=834) to work on /opt/airflow/dags/demo_dag.py
[2022-04-06 04:47:37,688] {processor.py:642} INFO - Processing file /opt/airflow/dags/demo_dag.py for tasks to queue
[2022-04-06 04:47:37,689] {logging_mixin.py:109} INFO - [2022-04-06 04:47:37,689] {dagbag.py:500} INFO - Filling up the DagBag from /opt/airflow/dags/demo_dag.py
[2022-04-06 04:47:38,339] {processor.py:654} INFO - DAG(s) dict_keys(['demo_dag']) retrieved from /opt/airflow/dags/demo_dag.py
[2022-04-06 04:47:38,344] {logging_mixin.py:109} INFO - [2022-04-06 04:47:38,344] {dag.py:2396} INFO - Sync 1 DAGs
[2022-04-06 04:47:38,353] {logging_mixin.py:109} INFO - [2022-04-06 04:47:38,353] {dag.py:2935} INFO - Setting next_dagrun for demo_dag to None
[2022-04-06 04:47:38,369] {processor.py:171} INFO - Processing /opt/airflow/dags/demo_dag.py took 0.693 seconds
[2022-04-06 04:48:08,990] {processor.py:163} INFO - Started process (PID=902) to work on /opt/airflow/dags/demo_dag.py
[2022-04-06 04:48:08,992] {processor.py:642} INFO - Processing file /opt/airflow/dags/demo_dag.py for tasks to queue
[2022-04-06 04:48:08,992] {logging_mixin.py:109} INFO - [2022-04-06 04:48:08,992] {dagbag.py:500} INFO - Filling up the DagBag from /opt/airflow/dags/demo_dag.py
[2022-04-06 04:48:09,744] {processor.py:654} INFO - DAG(s) dict_keys(['demo_dag']) retrieved from /opt/airflow/dags/demo_dag.py
[2022-04-06 04:48:09,751] {logging_mixin.py:109} INFO - [2022-04-06 04:48:09,750] {dag.py:2396} INFO - Sync 1 DAGs
[2022-04-06 04:48:09,765] {logging_mixin.py:109} INFO - [2022-04-06 04:48:09,765] {dag.py:2935} INFO - Setting next_dagrun for demo_dag to None
[2022-04-06 04:48:09,773] {processor.py:171} INFO - Processing /opt/airflow/dags/demo_dag.py took 0.785 seconds
[2022-04-06 04:48:40,599] {processor.py:163} INFO - Started process (PID=962) to work on /opt/airflow/dags/demo_dag.py
[2022-04-06 04:48:40,600] {processor.py:642} INFO - Processing file /opt/airflow/dags/demo_dag.py for tasks to queue
[2022-04-06 04:48:40,602] {logging_mixin.py:109} INFO - [2022-04-06 04:48:40,601] {dagbag.py:500} INFO - Filling up the DagBag from /opt/airflow/dags/demo_dag.py
[2022-04-06 04:48:41,308] {processor.py:654} INFO - DAG(s) dict_keys(['demo_dag']) retrieved from /opt/airflow/dags/demo_dag.py
[2022-04-06 04:48:41,314] {logging_mixin.py:109} INFO - [2022-04-06 04:48:41,314] {dag.py:2396} INFO - Sync 1 DAGs
[2022-04-06 04:48:41,325] {logging_mixin.py:109} INFO - [2022-04-06 04:48:41,325] {dag.py:2935} INFO - Setting next_dagrun for demo_dag to None
[2022-04-06 04:48:41,331] {processor.py:171} INFO - Processing /opt/airflow/dags/demo_dag.py took 0.740 seconds
[2022-04-06 04:48:55,385] {processor.py:163} INFO - Started process (PID=994) to work on /opt/airflow/dags/demo_dag.py
[2022-04-06 04:48:55,387] {processor.py:642} INFO - Processing file /opt/airflow/dags/demo_dag.py for tasks to queue
[2022-04-06 04:48:55,389] {logging_mixin.py:109} INFO - [2022-04-06 04:48:55,388] {dagbag.py:500} INFO - Filling up the DagBag from /opt/airflow/dags/demo_dag.py
[2022-04-06 04:48:56,290] {processor.py:654} INFO - DAG(s) dict_keys(['demo_dag']) retrieved from /opt/airflow/dags/demo_dag.py
[2022-04-06 04:48:56,447] {logging_mixin.py:109} INFO - [2022-04-06 04:48:56,446] {dag.py:2396} INFO - Sync 1 DAGs
[2022-04-06 04:48:56,458] {logging_mixin.py:109} INFO - [2022-04-06 04:48:56,458] {dag.py:2935} INFO - Setting next_dagrun for demo_dag to 2020-11-01T00:00:00+00:00
[2022-04-06 04:48:56,467] {processor.py:171} INFO - Processing /opt/airflow/dags/demo_dag.py took 1.091 seconds
[2022-04-06 04:49:26,937] {processor.py:163} INFO - Started process (PID=1061) to work on /opt/airflow/dags/demo_dag.py
[2022-04-06 04:49:26,938] {processor.py:642} INFO - Processing file /opt/airflow/dags/demo_dag.py for tasks to queue
[2022-04-06 04:49:26,938] {logging_mixin.py:109} INFO - [2022-04-06 04:49:26,938] {dagbag.py:500} INFO - Filling up the DagBag from /opt/airflow/dags/demo_dag.py
[2022-04-06 04:49:27,605] {processor.py:654} INFO - DAG(s) dict_keys(['demo_dag']) retrieved from /opt/airflow/dags/demo_dag.py
[2022-04-06 04:49:27,611] {logging_mixin.py:109} INFO - [2022-04-06 04:49:27,611] {dag.py:2396} INFO - Sync 1 DAGs
[2022-04-06 04:49:27,621] {logging_mixin.py:109} INFO - [2022-04-06 04:49:27,621] {dag.py:2935} INFO - Setting next_dagrun for demo_dag to 2020-11-01T00:00:00+00:00
[2022-04-06 04:49:27,627] {processor.py:171} INFO - Processing /opt/airflow/dags/demo_dag.py took 0.692 seconds
[2022-04-06 04:49:58,202] {processor.py:163} INFO - Started process (PID=1118) to work on /opt/airflow/dags/demo_dag.py
[2022-04-06 04:49:58,204] {processor.py:642} INFO - Processing file /opt/airflow/dags/demo_dag.py for tasks to queue
[2022-04-06 04:49:58,204] {logging_mixin.py:109} INFO - [2022-04-06 04:49:58,204] {dagbag.py:500} INFO - Filling up the DagBag from /opt/airflow/dags/demo_dag.py
[2022-04-06 04:49:59,111] {processor.py:654} INFO - DAG(s) dict_keys(['demo_dag']) retrieved from /opt/airflow/dags/demo_dag.py
[2022-04-06 04:49:59,121] {logging_mixin.py:109} INFO - [2022-04-06 04:49:59,121] {dag.py:2396} INFO - Sync 1 DAGs
[2022-04-06 04:49:59,149] {processor.py:171} INFO - Processing /opt/airflow/dags/demo_dag.py took 0.950 seconds
[2022-04-06 04:50:29,785] {processor.py:163} INFO - Started process (PID=1187) to work on /opt/airflow/dags/demo_dag.py
[2022-04-06 04:50:29,786] {processor.py:642} INFO - Processing file /opt/airflow/dags/demo_dag.py for tasks to queue
[2022-04-06 04:50:29,786] {logging_mixin.py:109} INFO - [2022-04-06 04:50:29,786] {dagbag.py:500} INFO - Filling up the DagBag from /opt/airflow/dags/demo_dag.py
[2022-04-06 04:50:30,437] {processor.py:654} INFO - DAG(s) dict_keys(['demo_dag']) retrieved from /opt/airflow/dags/demo_dag.py
[2022-04-06 04:50:30,443] {logging_mixin.py:109} INFO - [2022-04-06 04:50:30,443] {dag.py:2396} INFO - Sync 1 DAGs
[2022-04-06 04:50:30,454] {logging_mixin.py:109} INFO - [2022-04-06 04:50:30,454] {dag.py:2935} INFO - Setting next_dagrun for demo_dag to 2020-11-01T00:00:00+00:00
[2022-04-06 04:50:30,460] {processor.py:171} INFO - Processing /opt/airflow/dags/demo_dag.py took 0.677 seconds
[2022-04-06 04:52:40,621] {processor.py:163} INFO - Started process (PID=35) to work on /opt/airflow/dags/demo_dag.py
[2022-04-06 04:52:40,627] {processor.py:642} INFO - Processing file /opt/airflow/dags/demo_dag.py for tasks to queue
[2022-04-06 04:52:40,640] {logging_mixin.py:109} INFO - [2022-04-06 04:52:40,639] {dagbag.py:500} INFO - Filling up the DagBag from /opt/airflow/dags/demo_dag.py
[2022-04-06 04:52:42,566] {processor.py:654} INFO - DAG(s) dict_keys(['demo_dag']) retrieved from /opt/airflow/dags/demo_dag.py
[2022-04-06 04:52:42,573] {logging_mixin.py:109} INFO - [2022-04-06 04:52:42,573] {dag.py:2396} INFO - Sync 1 DAGs
[2022-04-06 04:52:42,586] {logging_mixin.py:109} INFO - [2022-04-06 04:52:42,586] {dag.py:2935} INFO - Setting next_dagrun for demo_dag to 2020-11-01T00:02:00+00:00
[2022-04-06 04:52:42,592] {processor.py:171} INFO - Processing /opt/airflow/dags/demo_dag.py took 1.974 seconds
[2022-04-06 04:53:12,687] {processor.py:163} INFO - Started process (PID=102) to work on /opt/airflow/dags/demo_dag.py
[2022-04-06 04:53:12,688] {processor.py:642} INFO - Processing file /opt/airflow/dags/demo_dag.py for tasks to queue
[2022-04-06 04:53:12,689] {logging_mixin.py:109} INFO - [2022-04-06 04:53:12,689] {dagbag.py:500} INFO - Filling up the DagBag from /opt/airflow/dags/demo_dag.py
[2022-04-06 04:53:13,379] {processor.py:654} INFO - DAG(s) dict_keys(['demo_dag']) retrieved from /opt/airflow/dags/demo_dag.py
[2022-04-06 04:53:13,386] {logging_mixin.py:109} INFO - [2022-04-06 04:53:13,386] {dag.py:2396} INFO - Sync 1 DAGs
[2022-04-06 04:53:13,399] {logging_mixin.py:109} INFO - [2022-04-06 04:53:13,399] {dag.py:2935} INFO - Setting next_dagrun for demo_dag to 2020-11-01T00:03:00+00:00
[2022-04-06 04:53:13,406] {processor.py:171} INFO - Processing /opt/airflow/dags/demo_dag.py took 0.721 seconds
[2022-04-06 04:53:43,605] {processor.py:163} INFO - Started process (PID=167) to work on /opt/airflow/dags/demo_dag.py
[2022-04-06 04:53:43,606] {processor.py:642} INFO - Processing file /opt/airflow/dags/demo_dag.py for tasks to queue
[2022-04-06 04:53:43,607] {logging_mixin.py:109} INFO - [2022-04-06 04:53:43,607] {dagbag.py:500} INFO - Filling up the DagBag from /opt/airflow/dags/demo_dag.py
[2022-04-06 04:53:44,406] {processor.py:654} INFO - DAG(s) dict_keys(['demo_dag']) retrieved from /opt/airflow/dags/demo_dag.py
[2022-04-06 04:53:44,413] {logging_mixin.py:109} INFO - [2022-04-06 04:53:44,413] {dag.py:2396} INFO - Sync 1 DAGs
[2022-04-06 04:53:44,426] {logging_mixin.py:109} INFO - [2022-04-06 04:53:44,425] {dag.py:2935} INFO - Setting next_dagrun for demo_dag to 2020-11-01T00:04:00+00:00
[2022-04-06 04:53:44,432] {processor.py:171} INFO - Processing /opt/airflow/dags/demo_dag.py took 0.829 seconds
[2022-04-06 04:54:14,551] {processor.py:163} INFO - Started process (PID=226) to work on /opt/airflow/dags/demo_dag.py
[2022-04-06 04:54:14,552] {processor.py:642} INFO - Processing file /opt/airflow/dags/demo_dag.py for tasks to queue
[2022-04-06 04:54:14,552] {logging_mixin.py:109} INFO - [2022-04-06 04:54:14,552] {dagbag.py:500} INFO - Filling up the DagBag from /opt/airflow/dags/demo_dag.py
[2022-04-06 04:54:15,230] {processor.py:654} INFO - DAG(s) dict_keys(['demo_dag']) retrieved from /opt/airflow/dags/demo_dag.py
[2022-04-06 04:54:15,237] {logging_mixin.py:109} INFO - [2022-04-06 04:54:15,237] {dag.py:2396} INFO - Sync 1 DAGs
[2022-04-06 04:54:15,249] {logging_mixin.py:109} INFO - [2022-04-06 04:54:15,249] {dag.py:2935} INFO - Setting next_dagrun for demo_dag to 2020-11-01T00:05:00+00:00
[2022-04-06 04:54:15,255] {processor.py:171} INFO - Processing /opt/airflow/dags/demo_dag.py took 0.707 seconds
[2022-04-06 04:54:45,999] {processor.py:163} INFO - Started process (PID=297) to work on /opt/airflow/dags/demo_dag.py
[2022-04-06 04:54:46,000] {processor.py:642} INFO - Processing file /opt/airflow/dags/demo_dag.py for tasks to queue
[2022-04-06 04:54:46,000] {logging_mixin.py:109} INFO - [2022-04-06 04:54:46,000] {dagbag.py:500} INFO - Filling up the DagBag from /opt/airflow/dags/demo_dag.py
[2022-04-06 04:54:46,745] {processor.py:654} INFO - DAG(s) dict_keys(['demo_dag']) retrieved from /opt/airflow/dags/demo_dag.py
[2022-04-06 04:54:46,752] {logging_mixin.py:109} INFO - [2022-04-06 04:54:46,751] {dag.py:2396} INFO - Sync 1 DAGs
[2022-04-06 04:54:46,766] {logging_mixin.py:109} INFO - [2022-04-06 04:54:46,766] {dag.py:2935} INFO - Setting next_dagrun for demo_dag to 2020-11-01T00:06:00+00:00
[2022-04-06 04:54:46,773] {processor.py:171} INFO - Processing /opt/airflow/dags/demo_dag.py took 0.776 seconds
[2022-04-06 04:55:16,923] {processor.py:163} INFO - Started process (PID=358) to work on /opt/airflow/dags/demo_dag.py
[2022-04-06 04:55:16,924] {processor.py:642} INFO - Processing file /opt/airflow/dags/demo_dag.py for tasks to queue
[2022-04-06 04:55:16,924] {logging_mixin.py:109} INFO - [2022-04-06 04:55:16,924] {dagbag.py:500} INFO - Filling up the DagBag from /opt/airflow/dags/demo_dag.py
[2022-04-06 04:55:17,738] {processor.py:654} INFO - DAG(s) dict_keys(['demo_dag']) retrieved from /opt/airflow/dags/demo_dag.py
[2022-04-06 04:55:17,744] {logging_mixin.py:109} INFO - [2022-04-06 04:55:17,744] {dag.py:2396} INFO - Sync 1 DAGs
[2022-04-06 04:55:17,761] {logging_mixin.py:109} INFO - [2022-04-06 04:55:17,761] {dag.py:2935} INFO - Setting next_dagrun for demo_dag to 2020-11-01T00:07:00+00:00
[2022-04-06 04:55:17,767] {processor.py:171} INFO - Processing /opt/airflow/dags/demo_dag.py took 0.847 seconds
[2022-04-06 04:55:48,622] {processor.py:163} INFO - Started process (PID=423) to work on /opt/airflow/dags/demo_dag.py
[2022-04-06 04:55:48,623] {processor.py:642} INFO - Processing file /opt/airflow/dags/demo_dag.py for tasks to queue
[2022-04-06 04:55:48,624] {logging_mixin.py:109} INFO - [2022-04-06 04:55:48,624] {dagbag.py:500} INFO - Filling up the DagBag from /opt/airflow/dags/demo_dag.py
[2022-04-06 04:55:49,416] {processor.py:654} INFO - DAG(s) dict_keys(['demo_dag']) retrieved from /opt/airflow/dags/demo_dag.py
[2022-04-06 04:55:49,428] {logging_mixin.py:109} INFO - [2022-04-06 04:55:49,427] {dag.py:2396} INFO - Sync 1 DAGs
[2022-04-06 04:55:49,449] {logging_mixin.py:109} INFO - [2022-04-06 04:55:49,448] {dag.py:2935} INFO - Setting next_dagrun for demo_dag to 2020-11-01T00:08:00+00:00
[2022-04-06 04:55:49,459] {processor.py:171} INFO - Processing /opt/airflow/dags/demo_dag.py took 0.840 seconds
[2022-04-06 04:56:19,905] {processor.py:163} INFO - Started process (PID=488) to work on /opt/airflow/dags/demo_dag.py
[2022-04-06 04:56:19,907] {processor.py:642} INFO - Processing file /opt/airflow/dags/demo_dag.py for tasks to queue
[2022-04-06 04:56:19,909] {logging_mixin.py:109} INFO - [2022-04-06 04:56:19,909] {dagbag.py:500} INFO - Filling up the DagBag from /opt/airflow/dags/demo_dag.py
[2022-04-06 04:56:20,597] {processor.py:654} INFO - DAG(s) dict_keys(['demo_dag']) retrieved from /opt/airflow/dags/demo_dag.py
[2022-04-06 04:56:20,604] {logging_mixin.py:109} INFO - [2022-04-06 04:56:20,603] {dag.py:2396} INFO - Sync 1 DAGs
[2022-04-06 04:56:20,617] {logging_mixin.py:109} INFO - [2022-04-06 04:56:20,617] {dag.py:2935} INFO - Setting next_dagrun for demo_dag to 2020-11-01T00:09:00+00:00
[2022-04-06 04:56:20,625] {processor.py:171} INFO - Processing /opt/airflow/dags/demo_dag.py took 0.728 seconds
[2022-04-06 04:56:50,665] {processor.py:163} INFO - Started process (PID=549) to work on /opt/airflow/dags/demo_dag.py
[2022-04-06 04:56:50,666] {processor.py:642} INFO - Processing file /opt/airflow/dags/demo_dag.py for tasks to queue
[2022-04-06 04:56:50,667] {logging_mixin.py:109} INFO - [2022-04-06 04:56:50,666] {dagbag.py:500} INFO - Filling up the DagBag from /opt/airflow/dags/demo_dag.py
[2022-04-06 04:56:51,587] {processor.py:654} INFO - DAG(s) dict_keys(['demo_dag']) retrieved from /opt/airflow/dags/demo_dag.py
[2022-04-06 04:56:51,816] {logging_mixin.py:109} INFO - [2022-04-06 04:56:51,816] {dag.py:2396} INFO - Sync 1 DAGs
[2022-04-06 04:56:51,822] {logging_mixin.py:109} INFO - [2022-04-06 04:56:51,822] {dag.py:2415} INFO - Creating ORM DAG for demo_dag
[2022-04-06 04:56:51,832] {logging_mixin.py:109} INFO - [2022-04-06 04:56:51,832] {dag.py:2935} INFO - Setting next_dagrun for demo_dag to 2020-11-01T00:00:00+00:00
[2022-04-06 04:56:51,842] {processor.py:171} INFO - Processing /opt/airflow/dags/demo_dag.py took 1.180 seconds
[2022-04-06 04:57:22,011] {processor.py:163} INFO - Started process (PID=617) to work on /opt/airflow/dags/demo_dag.py
[2022-04-06 04:57:22,012] {processor.py:642} INFO - Processing file /opt/airflow/dags/demo_dag.py for tasks to queue
[2022-04-06 04:57:22,013] {logging_mixin.py:109} INFO - [2022-04-06 04:57:22,013] {dagbag.py:500} INFO - Filling up the DagBag from /opt/airflow/dags/demo_dag.py
[2022-04-06 04:57:22,816] {processor.py:654} INFO - DAG(s) dict_keys(['demo_dag']) retrieved from /opt/airflow/dags/demo_dag.py
[2022-04-06 04:57:22,824] {logging_mixin.py:109} INFO - [2022-04-06 04:57:22,824] {dag.py:2396} INFO - Sync 1 DAGs
[2022-04-06 04:57:22,842] {logging_mixin.py:109} INFO - [2022-04-06 04:57:22,842] {dag.py:2935} INFO - Setting next_dagrun for demo_dag to 2020-11-01T00:00:00+00:00
[2022-04-06 04:57:22,851] {processor.py:171} INFO - Processing /opt/airflow/dags/demo_dag.py took 0.842 seconds
[2022-04-06 05:02:29,412] {processor.py:163} INFO - Started process (PID=35) to work on /opt/airflow/dags/demo_dag.py
[2022-04-06 05:02:29,413] {processor.py:642} INFO - Processing file /opt/airflow/dags/demo_dag.py for tasks to queue
[2022-04-06 05:02:29,413] {logging_mixin.py:109} INFO - [2022-04-06 05:02:29,413] {dagbag.py:500} INFO - Filling up the DagBag from /opt/airflow/dags/demo_dag.py
[2022-04-06 05:02:31,170] {processor.py:654} INFO - DAG(s) dict_keys(['demo_dag']) retrieved from /opt/airflow/dags/demo_dag.py
[2022-04-06 05:02:31,178] {logging_mixin.py:109} INFO - [2022-04-06 05:02:31,178] {dag.py:2396} INFO - Sync 1 DAGs
[2022-04-06 05:02:31,191] {logging_mixin.py:109} INFO - [2022-04-06 05:02:31,191] {dag.py:2935} INFO - Setting next_dagrun for demo_dag to 2020-11-01T00:00:00+00:00
[2022-04-06 05:02:31,198] {processor.py:171} INFO - Processing /opt/airflow/dags/demo_dag.py took 1.789 seconds
[2022-04-06 05:03:01,797] {processor.py:163} INFO - Started process (PID=100) to work on /opt/airflow/dags/demo_dag.py
[2022-04-06 05:03:01,800] {processor.py:642} INFO - Processing file /opt/airflow/dags/demo_dag.py for tasks to queue
[2022-04-06 05:03:01,801] {logging_mixin.py:109} INFO - [2022-04-06 05:03:01,801] {dagbag.py:500} INFO - Filling up the DagBag from /opt/airflow/dags/demo_dag.py
[2022-04-06 05:03:02,525] {processor.py:654} INFO - DAG(s) dict_keys(['demo_dag']) retrieved from /opt/airflow/dags/demo_dag.py
[2022-04-06 05:03:02,531] {logging_mixin.py:109} INFO - [2022-04-06 05:03:02,531] {dag.py:2396} INFO - Sync 1 DAGs
[2022-04-06 05:03:02,544] {logging_mixin.py:109} INFO - [2022-04-06 05:03:02,544] {dag.py:2935} INFO - Setting next_dagrun for demo_dag to 2020-11-01T00:00:00+00:00
[2022-04-06 05:03:02,550] {processor.py:171} INFO - Processing /opt/airflow/dags/demo_dag.py took 0.760 seconds
[2022-04-06 05:03:33,014] {processor.py:163} INFO - Started process (PID=166) to work on /opt/airflow/dags/demo_dag.py
[2022-04-06 05:03:33,015] {processor.py:642} INFO - Processing file /opt/airflow/dags/demo_dag.py for tasks to queue
[2022-04-06 05:03:33,015] {logging_mixin.py:109} INFO - [2022-04-06 05:03:33,015] {dagbag.py:500} INFO - Filling up the DagBag from /opt/airflow/dags/demo_dag.py
[2022-04-06 05:03:33,744] {processor.py:654} INFO - DAG(s) dict_keys(['demo_dag']) retrieved from /opt/airflow/dags/demo_dag.py
[2022-04-06 05:03:33,751] {logging_mixin.py:109} INFO - [2022-04-06 05:03:33,751] {dag.py:2396} INFO - Sync 1 DAGs
[2022-04-06 05:03:33,766] {logging_mixin.py:109} INFO - [2022-04-06 05:03:33,766] {dag.py:2935} INFO - Setting next_dagrun for demo_dag to 2020-11-01T00:00:00+00:00
[2022-04-06 05:03:33,773] {processor.py:171} INFO - Processing /opt/airflow/dags/demo_dag.py took 0.762 seconds
