[2022-04-06 04:43:21,566] {processor.py:163} INFO - Started process (PID=278) to work on /home/airflow/.local/lib/python3.8/site-packages/airflow/example_dags/example_external_task_marker_dag.py
[2022-04-06 04:43:21,567] {processor.py:642} INFO - Processing file /home/airflow/.local/lib/python3.8/site-packages/airflow/example_dags/example_external_task_marker_dag.py for tasks to queue
[2022-04-06 04:43:21,568] {logging_mixin.py:109} INFO - [2022-04-06 04:43:21,568] {dagbag.py:500} INFO - Filling up the DagBag from /home/airflow/.local/lib/python3.8/site-packages/airflow/example_dags/example_external_task_marker_dag.py
[2022-04-06 04:43:21,594] {processor.py:654} INFO - DAG(s) dict_keys(['example_external_task_marker_parent', 'example_external_task_marker_child']) retrieved from /home/airflow/.local/lib/python3.8/site-packages/airflow/example_dags/example_external_task_marker_dag.py
[2022-04-06 04:43:23,634] {logging_mixin.py:109} INFO - [2022-04-06 04:43:23,634] {manager.py:496} INFO - Created Permission View: can read on DAG:example_external_task_marker_parent
[2022-04-06 04:43:23,644] {logging_mixin.py:109} INFO - [2022-04-06 04:43:23,644] {manager.py:496} INFO - Created Permission View: can edit on DAG:example_external_task_marker_parent
[2022-04-06 04:43:23,664] {logging_mixin.py:109} INFO - [2022-04-06 04:43:23,664] {manager.py:496} INFO - Created Permission View: can read on DAG:example_external_task_marker_child
[2022-04-06 04:43:23,674] {logging_mixin.py:109} INFO - [2022-04-06 04:43:23,674] {manager.py:496} INFO - Created Permission View: can edit on DAG:example_external_task_marker_child
[2022-04-06 04:43:23,675] {logging_mixin.py:109} INFO - [2022-04-06 04:43:23,674] {dag.py:2396} INFO - Sync 2 DAGs
[2022-04-06 04:43:23,683] {logging_mixin.py:109} INFO - [2022-04-06 04:43:23,683] {dag.py:2415} INFO - Creating ORM DAG for example_external_task_marker_parent
[2022-04-06 04:43:23,684] {logging_mixin.py:109} INFO - [2022-04-06 04:43:23,684] {dag.py:2415} INFO - Creating ORM DAG for example_external_task_marker_child
[2022-04-06 04:43:23,692] {logging_mixin.py:109} INFO - [2022-04-06 04:43:23,692] {dag.py:2935} INFO - Setting next_dagrun for example_external_task_marker_child to None
[2022-04-06 04:43:23,693] {logging_mixin.py:109} INFO - [2022-04-06 04:43:23,693] {dag.py:2935} INFO - Setting next_dagrun for example_external_task_marker_parent to None
[2022-04-06 04:43:23,707] {processor.py:171} INFO - Processing /home/airflow/.local/lib/python3.8/site-packages/airflow/example_dags/example_external_task_marker_dag.py took 2.143 seconds
[2022-04-06 04:43:54,346] {processor.py:163} INFO - Started process (PID=392) to work on /home/airflow/.local/lib/python3.8/site-packages/airflow/example_dags/example_external_task_marker_dag.py
[2022-04-06 04:43:54,347] {processor.py:642} INFO - Processing file /home/airflow/.local/lib/python3.8/site-packages/airflow/example_dags/example_external_task_marker_dag.py for tasks to queue
[2022-04-06 04:43:54,347] {logging_mixin.py:109} INFO - [2022-04-06 04:43:54,347] {dagbag.py:500} INFO - Filling up the DagBag from /home/airflow/.local/lib/python3.8/site-packages/airflow/example_dags/example_external_task_marker_dag.py
[2022-04-06 04:43:54,367] {processor.py:654} INFO - DAG(s) dict_keys(['example_external_task_marker_parent', 'example_external_task_marker_child']) retrieved from /home/airflow/.local/lib/python3.8/site-packages/airflow/example_dags/example_external_task_marker_dag.py
[2022-04-06 04:43:54,377] {logging_mixin.py:109} INFO - [2022-04-06 04:43:54,377] {dag.py:2396} INFO - Sync 2 DAGs
[2022-04-06 04:43:54,390] {logging_mixin.py:109} INFO - [2022-04-06 04:43:54,390] {dag.py:2935} INFO - Setting next_dagrun for example_external_task_marker_child to None
[2022-04-06 04:43:54,390] {logging_mixin.py:109} INFO - [2022-04-06 04:43:54,390] {dag.py:2935} INFO - Setting next_dagrun for example_external_task_marker_parent to None
[2022-04-06 04:43:54,397] {processor.py:171} INFO - Processing /home/airflow/.local/lib/python3.8/site-packages/airflow/example_dags/example_external_task_marker_dag.py took 0.053 seconds
[2022-04-06 04:44:24,422] {processor.py:163} INFO - Started process (PID=450) to work on /home/airflow/.local/lib/python3.8/site-packages/airflow/example_dags/example_external_task_marker_dag.py
[2022-04-06 04:44:24,423] {processor.py:642} INFO - Processing file /home/airflow/.local/lib/python3.8/site-packages/airflow/example_dags/example_external_task_marker_dag.py for tasks to queue
[2022-04-06 04:44:24,423] {logging_mixin.py:109} INFO - [2022-04-06 04:44:24,423] {dagbag.py:500} INFO - Filling up the DagBag from /home/airflow/.local/lib/python3.8/site-packages/airflow/example_dags/example_external_task_marker_dag.py
[2022-04-06 04:44:24,441] {processor.py:654} INFO - DAG(s) dict_keys(['example_external_task_marker_parent', 'example_external_task_marker_child']) retrieved from /home/airflow/.local/lib/python3.8/site-packages/airflow/example_dags/example_external_task_marker_dag.py
[2022-04-06 04:44:24,451] {logging_mixin.py:109} INFO - [2022-04-06 04:44:24,451] {dag.py:2396} INFO - Sync 2 DAGs
[2022-04-06 04:44:24,462] {logging_mixin.py:109} INFO - [2022-04-06 04:44:24,462] {dag.py:2935} INFO - Setting next_dagrun for example_external_task_marker_child to None
[2022-04-06 04:44:24,462] {logging_mixin.py:109} INFO - [2022-04-06 04:44:24,462] {dag.py:2935} INFO - Setting next_dagrun for example_external_task_marker_parent to None
[2022-04-06 04:44:24,469] {processor.py:171} INFO - Processing /home/airflow/.local/lib/python3.8/site-packages/airflow/example_dags/example_external_task_marker_dag.py took 0.049 seconds
[2022-04-06 04:44:54,681] {processor.py:163} INFO - Started process (PID=508) to work on /home/airflow/.local/lib/python3.8/site-packages/airflow/example_dags/example_external_task_marker_dag.py
[2022-04-06 04:44:54,684] {processor.py:642} INFO - Processing file /home/airflow/.local/lib/python3.8/site-packages/airflow/example_dags/example_external_task_marker_dag.py for tasks to queue
[2022-04-06 04:44:54,685] {logging_mixin.py:109} INFO - [2022-04-06 04:44:54,685] {dagbag.py:500} INFO - Filling up the DagBag from /home/airflow/.local/lib/python3.8/site-packages/airflow/example_dags/example_external_task_marker_dag.py
[2022-04-06 04:44:54,714] {processor.py:654} INFO - DAG(s) dict_keys(['example_external_task_marker_parent', 'example_external_task_marker_child']) retrieved from /home/airflow/.local/lib/python3.8/site-packages/airflow/example_dags/example_external_task_marker_dag.py
[2022-04-06 04:44:54,726] {logging_mixin.py:109} INFO - [2022-04-06 04:44:54,726] {dag.py:2396} INFO - Sync 2 DAGs
[2022-04-06 04:44:54,740] {logging_mixin.py:109} INFO - [2022-04-06 04:44:54,740] {dag.py:2935} INFO - Setting next_dagrun for example_external_task_marker_child to None
[2022-04-06 04:44:54,741] {logging_mixin.py:109} INFO - [2022-04-06 04:44:54,740] {dag.py:2935} INFO - Setting next_dagrun for example_external_task_marker_parent to None
[2022-04-06 04:44:54,749] {processor.py:171} INFO - Processing /home/airflow/.local/lib/python3.8/site-packages/airflow/example_dags/example_external_task_marker_dag.py took 0.075 seconds
[2022-04-06 04:45:24,953] {processor.py:163} INFO - Started process (PID=573) to work on /home/airflow/.local/lib/python3.8/site-packages/airflow/example_dags/example_external_task_marker_dag.py
[2022-04-06 04:45:24,954] {processor.py:642} INFO - Processing file /home/airflow/.local/lib/python3.8/site-packages/airflow/example_dags/example_external_task_marker_dag.py for tasks to queue
[2022-04-06 04:45:24,954] {logging_mixin.py:109} INFO - [2022-04-06 04:45:24,954] {dagbag.py:500} INFO - Filling up the DagBag from /home/airflow/.local/lib/python3.8/site-packages/airflow/example_dags/example_external_task_marker_dag.py
[2022-04-06 04:45:24,978] {processor.py:654} INFO - DAG(s) dict_keys(['example_external_task_marker_parent', 'example_external_task_marker_child']) retrieved from /home/airflow/.local/lib/python3.8/site-packages/airflow/example_dags/example_external_task_marker_dag.py
[2022-04-06 04:45:24,990] {logging_mixin.py:109} INFO - [2022-04-06 04:45:24,989] {dag.py:2396} INFO - Sync 2 DAGs
[2022-04-06 04:45:25,003] {logging_mixin.py:109} INFO - [2022-04-06 04:45:25,002] {dag.py:2935} INFO - Setting next_dagrun for example_external_task_marker_child to None
[2022-04-06 04:45:25,003] {logging_mixin.py:109} INFO - [2022-04-06 04:45:25,003] {dag.py:2935} INFO - Setting next_dagrun for example_external_task_marker_parent to None
[2022-04-06 04:45:25,010] {processor.py:171} INFO - Processing /home/airflow/.local/lib/python3.8/site-packages/airflow/example_dags/example_external_task_marker_dag.py took 0.060 seconds
[2022-04-06 04:45:55,090] {processor.py:163} INFO - Started process (PID=630) to work on /home/airflow/.local/lib/python3.8/site-packages/airflow/example_dags/example_external_task_marker_dag.py
[2022-04-06 04:45:55,091] {processor.py:642} INFO - Processing file /home/airflow/.local/lib/python3.8/site-packages/airflow/example_dags/example_external_task_marker_dag.py for tasks to queue
[2022-04-06 04:45:55,091] {logging_mixin.py:109} INFO - [2022-04-06 04:45:55,091] {dagbag.py:500} INFO - Filling up the DagBag from /home/airflow/.local/lib/python3.8/site-packages/airflow/example_dags/example_external_task_marker_dag.py
[2022-04-06 04:45:55,110] {processor.py:654} INFO - DAG(s) dict_keys(['example_external_task_marker_parent', 'example_external_task_marker_child']) retrieved from /home/airflow/.local/lib/python3.8/site-packages/airflow/example_dags/example_external_task_marker_dag.py
[2022-04-06 04:45:55,120] {logging_mixin.py:109} INFO - [2022-04-06 04:45:55,119] {dag.py:2396} INFO - Sync 2 DAGs
[2022-04-06 04:45:55,131] {logging_mixin.py:109} INFO - [2022-04-06 04:45:55,131] {dag.py:2935} INFO - Setting next_dagrun for example_external_task_marker_child to None
[2022-04-06 04:45:55,131] {logging_mixin.py:109} INFO - [2022-04-06 04:45:55,131] {dag.py:2935} INFO - Setting next_dagrun for example_external_task_marker_parent to None
[2022-04-06 04:45:55,141] {processor.py:171} INFO - Processing /home/airflow/.local/lib/python3.8/site-packages/airflow/example_dags/example_external_task_marker_dag.py took 0.053 seconds
[2022-04-06 04:46:25,698] {processor.py:163} INFO - Started process (PID=688) to work on /home/airflow/.local/lib/python3.8/site-packages/airflow/example_dags/example_external_task_marker_dag.py
[2022-04-06 04:46:25,699] {processor.py:642} INFO - Processing file /home/airflow/.local/lib/python3.8/site-packages/airflow/example_dags/example_external_task_marker_dag.py for tasks to queue
[2022-04-06 04:46:25,699] {logging_mixin.py:109} INFO - [2022-04-06 04:46:25,699] {dagbag.py:500} INFO - Filling up the DagBag from /home/airflow/.local/lib/python3.8/site-packages/airflow/example_dags/example_external_task_marker_dag.py
[2022-04-06 04:46:25,717] {processor.py:654} INFO - DAG(s) dict_keys(['example_external_task_marker_parent', 'example_external_task_marker_child']) retrieved from /home/airflow/.local/lib/python3.8/site-packages/airflow/example_dags/example_external_task_marker_dag.py
[2022-04-06 04:46:25,725] {logging_mixin.py:109} INFO - [2022-04-06 04:46:25,725] {dag.py:2396} INFO - Sync 2 DAGs
[2022-04-06 04:46:25,736] {logging_mixin.py:109} INFO - [2022-04-06 04:46:25,736] {dag.py:2935} INFO - Setting next_dagrun for example_external_task_marker_child to None
[2022-04-06 04:46:25,736] {logging_mixin.py:109} INFO - [2022-04-06 04:46:25,736] {dag.py:2935} INFO - Setting next_dagrun for example_external_task_marker_parent to None
[2022-04-06 04:46:25,743] {processor.py:171} INFO - Processing /home/airflow/.local/lib/python3.8/site-packages/airflow/example_dags/example_external_task_marker_dag.py took 0.046 seconds
[2022-04-06 04:46:55,942] {processor.py:163} INFO - Started process (PID=753) to work on /home/airflow/.local/lib/python3.8/site-packages/airflow/example_dags/example_external_task_marker_dag.py
[2022-04-06 04:46:55,942] {processor.py:642} INFO - Processing file /home/airflow/.local/lib/python3.8/site-packages/airflow/example_dags/example_external_task_marker_dag.py for tasks to queue
[2022-04-06 04:46:55,943] {logging_mixin.py:109} INFO - [2022-04-06 04:46:55,943] {dagbag.py:500} INFO - Filling up the DagBag from /home/airflow/.local/lib/python3.8/site-packages/airflow/example_dags/example_external_task_marker_dag.py
[2022-04-06 04:46:55,961] {processor.py:654} INFO - DAG(s) dict_keys(['example_external_task_marker_parent', 'example_external_task_marker_child']) retrieved from /home/airflow/.local/lib/python3.8/site-packages/airflow/example_dags/example_external_task_marker_dag.py
[2022-04-06 04:46:55,972] {logging_mixin.py:109} INFO - [2022-04-06 04:46:55,972] {dag.py:2396} INFO - Sync 2 DAGs
[2022-04-06 04:46:55,984] {logging_mixin.py:109} INFO - [2022-04-06 04:46:55,984] {dag.py:2935} INFO - Setting next_dagrun for example_external_task_marker_child to None
[2022-04-06 04:46:55,985] {logging_mixin.py:109} INFO - [2022-04-06 04:46:55,985] {dag.py:2935} INFO - Setting next_dagrun for example_external_task_marker_parent to None
[2022-04-06 04:46:55,993] {processor.py:171} INFO - Processing /home/airflow/.local/lib/python3.8/site-packages/airflow/example_dags/example_external_task_marker_dag.py took 0.053 seconds
[2022-04-06 04:47:26,126] {processor.py:163} INFO - Started process (PID=811) to work on /home/airflow/.local/lib/python3.8/site-packages/airflow/example_dags/example_external_task_marker_dag.py
[2022-04-06 04:47:26,128] {processor.py:642} INFO - Processing file /home/airflow/.local/lib/python3.8/site-packages/airflow/example_dags/example_external_task_marker_dag.py for tasks to queue
[2022-04-06 04:47:26,130] {logging_mixin.py:109} INFO - [2022-04-06 04:47:26,129] {dagbag.py:500} INFO - Filling up the DagBag from /home/airflow/.local/lib/python3.8/site-packages/airflow/example_dags/example_external_task_marker_dag.py
[2022-04-06 04:47:26,163] {processor.py:654} INFO - DAG(s) dict_keys(['example_external_task_marker_parent', 'example_external_task_marker_child']) retrieved from /home/airflow/.local/lib/python3.8/site-packages/airflow/example_dags/example_external_task_marker_dag.py
[2022-04-06 04:47:26,173] {logging_mixin.py:109} INFO - [2022-04-06 04:47:26,173] {dag.py:2396} INFO - Sync 2 DAGs
[2022-04-06 04:47:26,185] {logging_mixin.py:109} INFO - [2022-04-06 04:47:26,185] {dag.py:2935} INFO - Setting next_dagrun for example_external_task_marker_child to None
[2022-04-06 04:47:26,186] {logging_mixin.py:109} INFO - [2022-04-06 04:47:26,186] {dag.py:2935} INFO - Setting next_dagrun for example_external_task_marker_parent to None
[2022-04-06 04:47:26,193] {processor.py:171} INFO - Processing /home/airflow/.local/lib/python3.8/site-packages/airflow/example_dags/example_external_task_marker_dag.py took 0.074 seconds
[2022-04-06 04:47:56,437] {processor.py:163} INFO - Started process (PID=879) to work on /home/airflow/.local/lib/python3.8/site-packages/airflow/example_dags/example_external_task_marker_dag.py
[2022-04-06 04:47:56,438] {processor.py:642} INFO - Processing file /home/airflow/.local/lib/python3.8/site-packages/airflow/example_dags/example_external_task_marker_dag.py for tasks to queue
[2022-04-06 04:47:56,438] {logging_mixin.py:109} INFO - [2022-04-06 04:47:56,438] {dagbag.py:500} INFO - Filling up the DagBag from /home/airflow/.local/lib/python3.8/site-packages/airflow/example_dags/example_external_task_marker_dag.py
[2022-04-06 04:47:56,455] {processor.py:654} INFO - DAG(s) dict_keys(['example_external_task_marker_parent', 'example_external_task_marker_child']) retrieved from /home/airflow/.local/lib/python3.8/site-packages/airflow/example_dags/example_external_task_marker_dag.py
[2022-04-06 04:47:56,465] {logging_mixin.py:109} INFO - [2022-04-06 04:47:56,464] {dag.py:2396} INFO - Sync 2 DAGs
[2022-04-06 04:47:56,475] {logging_mixin.py:109} INFO - [2022-04-06 04:47:56,475] {dag.py:2935} INFO - Setting next_dagrun for example_external_task_marker_child to None
[2022-04-06 04:47:56,476] {logging_mixin.py:109} INFO - [2022-04-06 04:47:56,476] {dag.py:2935} INFO - Setting next_dagrun for example_external_task_marker_parent to None
[2022-04-06 04:47:56,482] {processor.py:171} INFO - Processing /home/airflow/.local/lib/python3.8/site-packages/airflow/example_dags/example_external_task_marker_dag.py took 0.047 seconds
[2022-04-06 04:48:27,017] {processor.py:163} INFO - Started process (PID=938) to work on /home/airflow/.local/lib/python3.8/site-packages/airflow/example_dags/example_external_task_marker_dag.py
[2022-04-06 04:48:27,020] {processor.py:642} INFO - Processing file /home/airflow/.local/lib/python3.8/site-packages/airflow/example_dags/example_external_task_marker_dag.py for tasks to queue
[2022-04-06 04:48:27,022] {logging_mixin.py:109} INFO - [2022-04-06 04:48:27,021] {dagbag.py:500} INFO - Filling up the DagBag from /home/airflow/.local/lib/python3.8/site-packages/airflow/example_dags/example_external_task_marker_dag.py
[2022-04-06 04:48:27,062] {processor.py:654} INFO - DAG(s) dict_keys(['example_external_task_marker_parent', 'example_external_task_marker_child']) retrieved from /home/airflow/.local/lib/python3.8/site-packages/airflow/example_dags/example_external_task_marker_dag.py
[2022-04-06 04:48:27,075] {logging_mixin.py:109} INFO - [2022-04-06 04:48:27,075] {dag.py:2396} INFO - Sync 2 DAGs
[2022-04-06 04:48:27,090] {logging_mixin.py:109} INFO - [2022-04-06 04:48:27,090] {dag.py:2935} INFO - Setting next_dagrun for example_external_task_marker_child to None
[2022-04-06 04:48:27,091] {logging_mixin.py:109} INFO - [2022-04-06 04:48:27,091] {dag.py:2935} INFO - Setting next_dagrun for example_external_task_marker_parent to None
[2022-04-06 04:48:27,099] {processor.py:171} INFO - Processing /home/airflow/.local/lib/python3.8/site-packages/airflow/example_dags/example_external_task_marker_dag.py took 0.089 seconds
[2022-04-06 04:48:57,486] {processor.py:163} INFO - Started process (PID=1005) to work on /home/airflow/.local/lib/python3.8/site-packages/airflow/example_dags/example_external_task_marker_dag.py
[2022-04-06 04:48:57,487] {processor.py:642} INFO - Processing file /home/airflow/.local/lib/python3.8/site-packages/airflow/example_dags/example_external_task_marker_dag.py for tasks to queue
[2022-04-06 04:48:57,487] {logging_mixin.py:109} INFO - [2022-04-06 04:48:57,487] {dagbag.py:500} INFO - Filling up the DagBag from /home/airflow/.local/lib/python3.8/site-packages/airflow/example_dags/example_external_task_marker_dag.py
[2022-04-06 04:48:57,505] {processor.py:654} INFO - DAG(s) dict_keys(['example_external_task_marker_parent', 'example_external_task_marker_child']) retrieved from /home/airflow/.local/lib/python3.8/site-packages/airflow/example_dags/example_external_task_marker_dag.py
[2022-04-06 04:48:57,514] {logging_mixin.py:109} INFO - [2022-04-06 04:48:57,514] {dag.py:2396} INFO - Sync 2 DAGs
[2022-04-06 04:48:57,525] {logging_mixin.py:109} INFO - [2022-04-06 04:48:57,525] {dag.py:2935} INFO - Setting next_dagrun for example_external_task_marker_child to None
[2022-04-06 04:48:57,526] {logging_mixin.py:109} INFO - [2022-04-06 04:48:57,526] {dag.py:2935} INFO - Setting next_dagrun for example_external_task_marker_parent to None
[2022-04-06 04:48:57,533] {processor.py:171} INFO - Processing /home/airflow/.local/lib/python3.8/site-packages/airflow/example_dags/example_external_task_marker_dag.py took 0.048 seconds
[2022-04-06 04:49:27,643] {processor.py:163} INFO - Started process (PID=1070) to work on /home/airflow/.local/lib/python3.8/site-packages/airflow/example_dags/example_external_task_marker_dag.py
[2022-04-06 04:49:27,644] {processor.py:642} INFO - Processing file /home/airflow/.local/lib/python3.8/site-packages/airflow/example_dags/example_external_task_marker_dag.py for tasks to queue
[2022-04-06 04:49:27,645] {logging_mixin.py:109} INFO - [2022-04-06 04:49:27,645] {dagbag.py:500} INFO - Filling up the DagBag from /home/airflow/.local/lib/python3.8/site-packages/airflow/example_dags/example_external_task_marker_dag.py
[2022-04-06 04:49:27,663] {processor.py:654} INFO - DAG(s) dict_keys(['example_external_task_marker_parent', 'example_external_task_marker_child']) retrieved from /home/airflow/.local/lib/python3.8/site-packages/airflow/example_dags/example_external_task_marker_dag.py
[2022-04-06 04:49:27,672] {logging_mixin.py:109} INFO - [2022-04-06 04:49:27,672] {dag.py:2396} INFO - Sync 2 DAGs
[2022-04-06 04:49:27,683] {logging_mixin.py:109} INFO - [2022-04-06 04:49:27,683] {dag.py:2935} INFO - Setting next_dagrun for example_external_task_marker_child to None
[2022-04-06 04:49:27,683] {logging_mixin.py:109} INFO - [2022-04-06 04:49:27,683] {dag.py:2935} INFO - Setting next_dagrun for example_external_task_marker_parent to None
[2022-04-06 04:49:27,690] {processor.py:171} INFO - Processing /home/airflow/.local/lib/python3.8/site-packages/airflow/example_dags/example_external_task_marker_dag.py took 0.048 seconds
[2022-04-06 04:49:58,209] {processor.py:163} INFO - Started process (PID=1119) to work on /home/airflow/.local/lib/python3.8/site-packages/airflow/example_dags/example_external_task_marker_dag.py
[2022-04-06 04:49:58,210] {processor.py:642} INFO - Processing file /home/airflow/.local/lib/python3.8/site-packages/airflow/example_dags/example_external_task_marker_dag.py for tasks to queue
[2022-04-06 04:49:58,210] {logging_mixin.py:109} INFO - [2022-04-06 04:49:58,210] {dagbag.py:500} INFO - Filling up the DagBag from /home/airflow/.local/lib/python3.8/site-packages/airflow/example_dags/example_external_task_marker_dag.py
[2022-04-06 04:49:58,248] {processor.py:654} INFO - DAG(s) dict_keys(['example_external_task_marker_parent', 'example_external_task_marker_child']) retrieved from /home/airflow/.local/lib/python3.8/site-packages/airflow/example_dags/example_external_task_marker_dag.py
[2022-04-06 04:49:58,267] {logging_mixin.py:109} INFO - [2022-04-06 04:49:58,267] {dag.py:2396} INFO - Sync 2 DAGs
[2022-04-06 04:49:58,289] {logging_mixin.py:109} INFO - [2022-04-06 04:49:58,289] {dag.py:2935} INFO - Setting next_dagrun for example_external_task_marker_child to None
[2022-04-06 04:49:58,289] {logging_mixin.py:109} INFO - [2022-04-06 04:49:58,289] {dag.py:2935} INFO - Setting next_dagrun for example_external_task_marker_parent to None
[2022-04-06 04:49:58,300] {processor.py:171} INFO - Processing /home/airflow/.local/lib/python3.8/site-packages/airflow/example_dags/example_external_task_marker_dag.py took 0.096 seconds
[2022-04-06 04:50:28,770] {processor.py:163} INFO - Started process (PID=1177) to work on /home/airflow/.local/lib/python3.8/site-packages/airflow/example_dags/example_external_task_marker_dag.py
[2022-04-06 04:50:28,770] {processor.py:642} INFO - Processing file /home/airflow/.local/lib/python3.8/site-packages/airflow/example_dags/example_external_task_marker_dag.py for tasks to queue
[2022-04-06 04:50:28,771] {logging_mixin.py:109} INFO - [2022-04-06 04:50:28,771] {dagbag.py:500} INFO - Filling up the DagBag from /home/airflow/.local/lib/python3.8/site-packages/airflow/example_dags/example_external_task_marker_dag.py
[2022-04-06 04:50:28,789] {processor.py:654} INFO - DAG(s) dict_keys(['example_external_task_marker_parent', 'example_external_task_marker_child']) retrieved from /home/airflow/.local/lib/python3.8/site-packages/airflow/example_dags/example_external_task_marker_dag.py
[2022-04-06 04:50:28,798] {logging_mixin.py:109} INFO - [2022-04-06 04:50:28,798] {dag.py:2396} INFO - Sync 2 DAGs
[2022-04-06 04:50:28,811] {logging_mixin.py:109} INFO - [2022-04-06 04:50:28,811] {dag.py:2935} INFO - Setting next_dagrun for example_external_task_marker_child to None
[2022-04-06 04:50:28,811] {logging_mixin.py:109} INFO - [2022-04-06 04:50:28,811] {dag.py:2935} INFO - Setting next_dagrun for example_external_task_marker_parent to None
[2022-04-06 04:50:28,820] {processor.py:171} INFO - Processing /home/airflow/.local/lib/python3.8/site-packages/airflow/example_dags/example_external_task_marker_dag.py took 0.053 seconds
[2022-04-06 04:52:43,559] {processor.py:163} INFO - Started process (PID=68) to work on /home/airflow/.local/lib/python3.8/site-packages/airflow/example_dags/example_external_task_marker_dag.py
[2022-04-06 04:52:43,560] {processor.py:642} INFO - Processing file /home/airflow/.local/lib/python3.8/site-packages/airflow/example_dags/example_external_task_marker_dag.py for tasks to queue
[2022-04-06 04:52:43,561] {logging_mixin.py:109} INFO - [2022-04-06 04:52:43,561] {dagbag.py:500} INFO - Filling up the DagBag from /home/airflow/.local/lib/python3.8/site-packages/airflow/example_dags/example_external_task_marker_dag.py
[2022-04-06 04:52:43,597] {processor.py:654} INFO - DAG(s) dict_keys(['example_external_task_marker_parent', 'example_external_task_marker_child']) retrieved from /home/airflow/.local/lib/python3.8/site-packages/airflow/example_dags/example_external_task_marker_dag.py
[2022-04-06 04:52:43,614] {logging_mixin.py:109} INFO - [2022-04-06 04:52:43,613] {dag.py:2396} INFO - Sync 2 DAGs
[2022-04-06 04:52:43,634] {logging_mixin.py:109} INFO - [2022-04-06 04:52:43,634] {dag.py:2935} INFO - Setting next_dagrun for example_external_task_marker_child to None
[2022-04-06 04:52:43,635] {logging_mixin.py:109} INFO - [2022-04-06 04:52:43,635] {dag.py:2935} INFO - Setting next_dagrun for example_external_task_marker_parent to None
[2022-04-06 04:52:43,645] {processor.py:171} INFO - Processing /home/airflow/.local/lib/python3.8/site-packages/airflow/example_dags/example_external_task_marker_dag.py took 0.090 seconds
[2022-04-06 04:53:13,867] {processor.py:163} INFO - Started process (PID=127) to work on /home/airflow/.local/lib/python3.8/site-packages/airflow/example_dags/example_external_task_marker_dag.py
[2022-04-06 04:53:13,868] {processor.py:642} INFO - Processing file /home/airflow/.local/lib/python3.8/site-packages/airflow/example_dags/example_external_task_marker_dag.py for tasks to queue
[2022-04-06 04:53:13,869] {logging_mixin.py:109} INFO - [2022-04-06 04:53:13,869] {dagbag.py:500} INFO - Filling up the DagBag from /home/airflow/.local/lib/python3.8/site-packages/airflow/example_dags/example_external_task_marker_dag.py
[2022-04-06 04:53:13,897] {processor.py:654} INFO - DAG(s) dict_keys(['example_external_task_marker_parent', 'example_external_task_marker_child']) retrieved from /home/airflow/.local/lib/python3.8/site-packages/airflow/example_dags/example_external_task_marker_dag.py
[2022-04-06 04:53:13,910] {logging_mixin.py:109} INFO - [2022-04-06 04:53:13,910] {dag.py:2396} INFO - Sync 2 DAGs
[2022-04-06 04:53:13,925] {logging_mixin.py:109} INFO - [2022-04-06 04:53:13,925] {dag.py:2935} INFO - Setting next_dagrun for example_external_task_marker_child to None
[2022-04-06 04:53:13,926] {logging_mixin.py:109} INFO - [2022-04-06 04:53:13,926] {dag.py:2935} INFO - Setting next_dagrun for example_external_task_marker_parent to None
[2022-04-06 04:53:13,934] {processor.py:171} INFO - Processing /home/airflow/.local/lib/python3.8/site-packages/airflow/example_dags/example_external_task_marker_dag.py took 0.069 seconds
[2022-04-06 04:53:45,195] {processor.py:163} INFO - Started process (PID=193) to work on /home/airflow/.local/lib/python3.8/site-packages/airflow/example_dags/example_external_task_marker_dag.py
[2022-04-06 04:53:45,196] {processor.py:642} INFO - Processing file /home/airflow/.local/lib/python3.8/site-packages/airflow/example_dags/example_external_task_marker_dag.py for tasks to queue
[2022-04-06 04:53:45,197] {logging_mixin.py:109} INFO - [2022-04-06 04:53:45,197] {dagbag.py:500} INFO - Filling up the DagBag from /home/airflow/.local/lib/python3.8/site-packages/airflow/example_dags/example_external_task_marker_dag.py
[2022-04-06 04:53:45,253] {processor.py:654} INFO - DAG(s) dict_keys(['example_external_task_marker_parent', 'example_external_task_marker_child']) retrieved from /home/airflow/.local/lib/python3.8/site-packages/airflow/example_dags/example_external_task_marker_dag.py
[2022-04-06 04:53:45,267] {logging_mixin.py:109} INFO - [2022-04-06 04:53:45,266] {dag.py:2396} INFO - Sync 2 DAGs
[2022-04-06 04:53:45,283] {logging_mixin.py:109} INFO - [2022-04-06 04:53:45,283] {dag.py:2935} INFO - Setting next_dagrun for example_external_task_marker_child to None
[2022-04-06 04:53:45,284] {logging_mixin.py:109} INFO - [2022-04-06 04:53:45,284] {dag.py:2935} INFO - Setting next_dagrun for example_external_task_marker_parent to None
[2022-04-06 04:53:45,293] {processor.py:171} INFO - Processing /home/airflow/.local/lib/python3.8/site-packages/airflow/example_dags/example_external_task_marker_dag.py took 0.101 seconds
[2022-04-06 04:54:15,763] {processor.py:163} INFO - Started process (PID=250) to work on /home/airflow/.local/lib/python3.8/site-packages/airflow/example_dags/example_external_task_marker_dag.py
[2022-04-06 04:54:15,763] {processor.py:642} INFO - Processing file /home/airflow/.local/lib/python3.8/site-packages/airflow/example_dags/example_external_task_marker_dag.py for tasks to queue
[2022-04-06 04:54:15,764] {logging_mixin.py:109} INFO - [2022-04-06 04:54:15,764] {dagbag.py:500} INFO - Filling up the DagBag from /home/airflow/.local/lib/python3.8/site-packages/airflow/example_dags/example_external_task_marker_dag.py
[2022-04-06 04:54:15,785] {processor.py:654} INFO - DAG(s) dict_keys(['example_external_task_marker_parent', 'example_external_task_marker_child']) retrieved from /home/airflow/.local/lib/python3.8/site-packages/airflow/example_dags/example_external_task_marker_dag.py
[2022-04-06 04:54:15,796] {logging_mixin.py:109} INFO - [2022-04-06 04:54:15,796] {dag.py:2396} INFO - Sync 2 DAGs
[2022-04-06 04:54:15,809] {logging_mixin.py:109} INFO - [2022-04-06 04:54:15,809] {dag.py:2935} INFO - Setting next_dagrun for example_external_task_marker_child to None
[2022-04-06 04:54:15,809] {logging_mixin.py:109} INFO - [2022-04-06 04:54:15,809] {dag.py:2935} INFO - Setting next_dagrun for example_external_task_marker_parent to None
[2022-04-06 04:54:15,817] {processor.py:171} INFO - Processing /home/airflow/.local/lib/python3.8/site-packages/airflow/example_dags/example_external_task_marker_dag.py took 0.057 seconds
[2022-04-06 04:54:47,072] {processor.py:163} INFO - Started process (PID=317) to work on /home/airflow/.local/lib/python3.8/site-packages/airflow/example_dags/example_external_task_marker_dag.py
[2022-04-06 04:54:47,073] {processor.py:642} INFO - Processing file /home/airflow/.local/lib/python3.8/site-packages/airflow/example_dags/example_external_task_marker_dag.py for tasks to queue
[2022-04-06 04:54:47,074] {logging_mixin.py:109} INFO - [2022-04-06 04:54:47,074] {dagbag.py:500} INFO - Filling up the DagBag from /home/airflow/.local/lib/python3.8/site-packages/airflow/example_dags/example_external_task_marker_dag.py
[2022-04-06 04:54:47,105] {processor.py:654} INFO - DAG(s) dict_keys(['example_external_task_marker_parent', 'example_external_task_marker_child']) retrieved from /home/airflow/.local/lib/python3.8/site-packages/airflow/example_dags/example_external_task_marker_dag.py
[2022-04-06 04:54:47,124] {logging_mixin.py:109} INFO - [2022-04-06 04:54:47,124] {dag.py:2396} INFO - Sync 2 DAGs
[2022-04-06 04:54:47,145] {logging_mixin.py:109} INFO - [2022-04-06 04:54:47,145] {dag.py:2935} INFO - Setting next_dagrun for example_external_task_marker_child to None
[2022-04-06 04:54:47,145] {logging_mixin.py:109} INFO - [2022-04-06 04:54:47,145] {dag.py:2935} INFO - Setting next_dagrun for example_external_task_marker_parent to None
[2022-04-06 04:54:47,159] {processor.py:171} INFO - Processing /home/airflow/.local/lib/python3.8/site-packages/airflow/example_dags/example_external_task_marker_dag.py took 0.090 seconds
[2022-04-06 04:55:17,524] {processor.py:163} INFO - Started process (PID=373) to work on /home/airflow/.local/lib/python3.8/site-packages/airflow/example_dags/example_external_task_marker_dag.py
[2022-04-06 04:55:17,525] {processor.py:642} INFO - Processing file /home/airflow/.local/lib/python3.8/site-packages/airflow/example_dags/example_external_task_marker_dag.py for tasks to queue
[2022-04-06 04:55:17,525] {logging_mixin.py:109} INFO - [2022-04-06 04:55:17,525] {dagbag.py:500} INFO - Filling up the DagBag from /home/airflow/.local/lib/python3.8/site-packages/airflow/example_dags/example_external_task_marker_dag.py
[2022-04-06 04:55:17,547] {processor.py:654} INFO - DAG(s) dict_keys(['example_external_task_marker_parent', 'example_external_task_marker_child']) retrieved from /home/airflow/.local/lib/python3.8/site-packages/airflow/example_dags/example_external_task_marker_dag.py
[2022-04-06 04:55:17,559] {logging_mixin.py:109} INFO - [2022-04-06 04:55:17,559] {dag.py:2396} INFO - Sync 2 DAGs
[2022-04-06 04:55:17,572] {logging_mixin.py:109} INFO - [2022-04-06 04:55:17,572] {dag.py:2935} INFO - Setting next_dagrun for example_external_task_marker_child to None
[2022-04-06 04:55:17,572] {logging_mixin.py:109} INFO - [2022-04-06 04:55:17,572] {dag.py:2935} INFO - Setting next_dagrun for example_external_task_marker_parent to None
[2022-04-06 04:55:17,580] {processor.py:171} INFO - Processing /home/airflow/.local/lib/python3.8/site-packages/airflow/example_dags/example_external_task_marker_dag.py took 0.058 seconds
[2022-04-06 04:55:47,593] {processor.py:163} INFO - Started process (PID=422) to work on /home/airflow/.local/lib/python3.8/site-packages/airflow/example_dags/example_external_task_marker_dag.py
[2022-04-06 04:55:47,594] {processor.py:642} INFO - Processing file /home/airflow/.local/lib/python3.8/site-packages/airflow/example_dags/example_external_task_marker_dag.py for tasks to queue
[2022-04-06 04:55:47,595] {logging_mixin.py:109} INFO - [2022-04-06 04:55:47,595] {dagbag.py:500} INFO - Filling up the DagBag from /home/airflow/.local/lib/python3.8/site-packages/airflow/example_dags/example_external_task_marker_dag.py
[2022-04-06 04:55:47,617] {processor.py:654} INFO - DAG(s) dict_keys(['example_external_task_marker_parent', 'example_external_task_marker_child']) retrieved from /home/airflow/.local/lib/python3.8/site-packages/airflow/example_dags/example_external_task_marker_dag.py
[2022-04-06 04:55:47,629] {logging_mixin.py:109} INFO - [2022-04-06 04:55:47,629] {dag.py:2396} INFO - Sync 2 DAGs
[2022-04-06 04:55:47,642] {logging_mixin.py:109} INFO - [2022-04-06 04:55:47,642] {dag.py:2935} INFO - Setting next_dagrun for example_external_task_marker_child to None
[2022-04-06 04:55:47,643] {logging_mixin.py:109} INFO - [2022-04-06 04:55:47,643] {dag.py:2935} INFO - Setting next_dagrun for example_external_task_marker_parent to None
[2022-04-06 04:55:47,650] {processor.py:171} INFO - Processing /home/airflow/.local/lib/python3.8/site-packages/airflow/example_dags/example_external_task_marker_dag.py took 0.059 seconds
[2022-04-06 04:56:17,819] {processor.py:163} INFO - Started process (PID=487) to work on /home/airflow/.local/lib/python3.8/site-packages/airflow/example_dags/example_external_task_marker_dag.py
[2022-04-06 04:56:17,820] {processor.py:642} INFO - Processing file /home/airflow/.local/lib/python3.8/site-packages/airflow/example_dags/example_external_task_marker_dag.py for tasks to queue
[2022-04-06 04:56:17,820] {logging_mixin.py:109} INFO - [2022-04-06 04:56:17,820] {dagbag.py:500} INFO - Filling up the DagBag from /home/airflow/.local/lib/python3.8/site-packages/airflow/example_dags/example_external_task_marker_dag.py
[2022-04-06 04:56:17,843] {processor.py:654} INFO - DAG(s) dict_keys(['example_external_task_marker_parent', 'example_external_task_marker_child']) retrieved from /home/airflow/.local/lib/python3.8/site-packages/airflow/example_dags/example_external_task_marker_dag.py
[2022-04-06 04:56:17,854] {logging_mixin.py:109} INFO - [2022-04-06 04:56:17,854] {dag.py:2396} INFO - Sync 2 DAGs
[2022-04-06 04:56:17,867] {logging_mixin.py:109} INFO - [2022-04-06 04:56:17,867] {dag.py:2935} INFO - Setting next_dagrun for example_external_task_marker_child to None
[2022-04-06 04:56:17,868] {logging_mixin.py:109} INFO - [2022-04-06 04:56:17,868] {dag.py:2935} INFO - Setting next_dagrun for example_external_task_marker_parent to None
[2022-04-06 04:56:17,876] {processor.py:171} INFO - Processing /home/airflow/.local/lib/python3.8/site-packages/airflow/example_dags/example_external_task_marker_dag.py took 0.059 seconds
[2022-04-06 04:56:48,261] {processor.py:163} INFO - Started process (PID=544) to work on /home/airflow/.local/lib/python3.8/site-packages/airflow/example_dags/example_external_task_marker_dag.py
[2022-04-06 04:56:48,261] {processor.py:642} INFO - Processing file /home/airflow/.local/lib/python3.8/site-packages/airflow/example_dags/example_external_task_marker_dag.py for tasks to queue
[2022-04-06 04:56:48,262] {logging_mixin.py:109} INFO - [2022-04-06 04:56:48,262] {dagbag.py:500} INFO - Filling up the DagBag from /home/airflow/.local/lib/python3.8/site-packages/airflow/example_dags/example_external_task_marker_dag.py
[2022-04-06 04:56:48,284] {processor.py:654} INFO - DAG(s) dict_keys(['example_external_task_marker_parent', 'example_external_task_marker_child']) retrieved from /home/airflow/.local/lib/python3.8/site-packages/airflow/example_dags/example_external_task_marker_dag.py
[2022-04-06 04:56:48,295] {logging_mixin.py:109} INFO - [2022-04-06 04:56:48,295] {dag.py:2396} INFO - Sync 2 DAGs
[2022-04-06 04:56:48,309] {logging_mixin.py:109} INFO - [2022-04-06 04:56:48,309] {dag.py:2935} INFO - Setting next_dagrun for example_external_task_marker_child to None
[2022-04-06 04:56:48,310] {logging_mixin.py:109} INFO - [2022-04-06 04:56:48,310] {dag.py:2935} INFO - Setting next_dagrun for example_external_task_marker_parent to None
[2022-04-06 04:56:48,318] {processor.py:171} INFO - Processing /home/airflow/.local/lib/python3.8/site-packages/airflow/example_dags/example_external_task_marker_dag.py took 0.060 seconds
[2022-04-06 04:57:18,491] {processor.py:163} INFO - Started process (PID=601) to work on /home/airflow/.local/lib/python3.8/site-packages/airflow/example_dags/example_external_task_marker_dag.py
[2022-04-06 04:57:18,492] {processor.py:642} INFO - Processing file /home/airflow/.local/lib/python3.8/site-packages/airflow/example_dags/example_external_task_marker_dag.py for tasks to queue
[2022-04-06 04:57:18,492] {logging_mixin.py:109} INFO - [2022-04-06 04:57:18,492] {dagbag.py:500} INFO - Filling up the DagBag from /home/airflow/.local/lib/python3.8/site-packages/airflow/example_dags/example_external_task_marker_dag.py
[2022-04-06 04:57:18,544] {processor.py:654} INFO - DAG(s) dict_keys(['example_external_task_marker_parent', 'example_external_task_marker_child']) retrieved from /home/airflow/.local/lib/python3.8/site-packages/airflow/example_dags/example_external_task_marker_dag.py
[2022-04-06 04:57:18,554] {logging_mixin.py:109} INFO - [2022-04-06 04:57:18,554] {dag.py:2396} INFO - Sync 2 DAGs
[2022-04-06 04:57:18,568] {logging_mixin.py:109} INFO - [2022-04-06 04:57:18,568] {dag.py:2935} INFO - Setting next_dagrun for example_external_task_marker_child to None
[2022-04-06 04:57:18,568] {logging_mixin.py:109} INFO - [2022-04-06 04:57:18,568] {dag.py:2935} INFO - Setting next_dagrun for example_external_task_marker_parent to None
[2022-04-06 04:57:18,576] {processor.py:171} INFO - Processing /home/airflow/.local/lib/python3.8/site-packages/airflow/example_dags/example_external_task_marker_dag.py took 0.088 seconds
[2022-04-06 05:02:31,901] {processor.py:163} INFO - Started process (PID=68) to work on /home/airflow/.local/lib/python3.8/site-packages/airflow/example_dags/example_external_task_marker_dag.py
[2022-04-06 05:02:31,902] {processor.py:642} INFO - Processing file /home/airflow/.local/lib/python3.8/site-packages/airflow/example_dags/example_external_task_marker_dag.py for tasks to queue
[2022-04-06 05:02:31,903] {logging_mixin.py:109} INFO - [2022-04-06 05:02:31,903] {dagbag.py:500} INFO - Filling up the DagBag from /home/airflow/.local/lib/python3.8/site-packages/airflow/example_dags/example_external_task_marker_dag.py
[2022-04-06 05:02:31,934] {processor.py:654} INFO - DAG(s) dict_keys(['example_external_task_marker_parent', 'example_external_task_marker_child']) retrieved from /home/airflow/.local/lib/python3.8/site-packages/airflow/example_dags/example_external_task_marker_dag.py
[2022-04-06 05:02:31,950] {logging_mixin.py:109} INFO - [2022-04-06 05:02:31,950] {dag.py:2396} INFO - Sync 2 DAGs
[2022-04-06 05:02:31,966] {logging_mixin.py:109} INFO - [2022-04-06 05:02:31,966] {dag.py:2935} INFO - Setting next_dagrun for example_external_task_marker_child to None
[2022-04-06 05:02:31,966] {logging_mixin.py:109} INFO - [2022-04-06 05:02:31,966] {dag.py:2935} INFO - Setting next_dagrun for example_external_task_marker_parent to None
[2022-04-06 05:02:31,977] {processor.py:171} INFO - Processing /home/airflow/.local/lib/python3.8/site-packages/airflow/example_dags/example_external_task_marker_dag.py took 0.078 seconds
[2022-04-06 05:03:03,257] {processor.py:163} INFO - Started process (PID=135) to work on /home/airflow/.local/lib/python3.8/site-packages/airflow/example_dags/example_external_task_marker_dag.py
[2022-04-06 05:03:03,258] {processor.py:642} INFO - Processing file /home/airflow/.local/lib/python3.8/site-packages/airflow/example_dags/example_external_task_marker_dag.py for tasks to queue
[2022-04-06 05:03:03,258] {logging_mixin.py:109} INFO - [2022-04-06 05:03:03,258] {dagbag.py:500} INFO - Filling up the DagBag from /home/airflow/.local/lib/python3.8/site-packages/airflow/example_dags/example_external_task_marker_dag.py
[2022-04-06 05:03:03,282] {processor.py:654} INFO - DAG(s) dict_keys(['example_external_task_marker_parent', 'example_external_task_marker_child']) retrieved from /home/airflow/.local/lib/python3.8/site-packages/airflow/example_dags/example_external_task_marker_dag.py
[2022-04-06 05:03:03,295] {logging_mixin.py:109} INFO - [2022-04-06 05:03:03,295] {dag.py:2396} INFO - Sync 2 DAGs
[2022-04-06 05:03:03,312] {logging_mixin.py:109} INFO - [2022-04-06 05:03:03,312] {dag.py:2935} INFO - Setting next_dagrun for example_external_task_marker_child to None
[2022-04-06 05:03:03,313] {logging_mixin.py:109} INFO - [2022-04-06 05:03:03,313] {dag.py:2935} INFO - Setting next_dagrun for example_external_task_marker_parent to None
[2022-04-06 05:03:03,322] {processor.py:171} INFO - Processing /home/airflow/.local/lib/python3.8/site-packages/airflow/example_dags/example_external_task_marker_dag.py took 0.068 seconds
[2022-04-06 05:03:34,391] {processor.py:163} INFO - Started process (PID=192) to work on /home/airflow/.local/lib/python3.8/site-packages/airflow/example_dags/example_external_task_marker_dag.py
[2022-04-06 05:03:34,392] {processor.py:642} INFO - Processing file /home/airflow/.local/lib/python3.8/site-packages/airflow/example_dags/example_external_task_marker_dag.py for tasks to queue
[2022-04-06 05:03:34,393] {logging_mixin.py:109} INFO - [2022-04-06 05:03:34,392] {dagbag.py:500} INFO - Filling up the DagBag from /home/airflow/.local/lib/python3.8/site-packages/airflow/example_dags/example_external_task_marker_dag.py
[2022-04-06 05:03:34,412] {processor.py:654} INFO - DAG(s) dict_keys(['example_external_task_marker_parent', 'example_external_task_marker_child']) retrieved from /home/airflow/.local/lib/python3.8/site-packages/airflow/example_dags/example_external_task_marker_dag.py
[2022-04-06 05:03:34,422] {logging_mixin.py:109} INFO - [2022-04-06 05:03:34,422] {dag.py:2396} INFO - Sync 2 DAGs
[2022-04-06 05:03:34,433] {logging_mixin.py:109} INFO - [2022-04-06 05:03:34,433] {dag.py:2935} INFO - Setting next_dagrun for example_external_task_marker_child to None
[2022-04-06 05:03:34,433] {logging_mixin.py:109} INFO - [2022-04-06 05:03:34,433] {dag.py:2935} INFO - Setting next_dagrun for example_external_task_marker_parent to None
[2022-04-06 05:03:34,440] {processor.py:171} INFO - Processing /home/airflow/.local/lib/python3.8/site-packages/airflow/example_dags/example_external_task_marker_dag.py took 0.051 seconds
