[2022-04-06 04:43:23,735] {processor.py:163} INFO - Started process (PID=296) to work on /home/airflow/.local/lib/python3.8/site-packages/airflow/example_dags/example_branch_python_dop_operator_3.py
[2022-04-06 04:43:23,736] {processor.py:642} INFO - Processing file /home/airflow/.local/lib/python3.8/site-packages/airflow/example_dags/example_branch_python_dop_operator_3.py for tasks to queue
[2022-04-06 04:43:23,737] {logging_mixin.py:109} INFO - [2022-04-06 04:43:23,737] {dagbag.py:500} INFO - Filling up the DagBag from /home/airflow/.local/lib/python3.8/site-packages/airflow/example_dags/example_branch_python_dop_operator_3.py
[2022-04-06 04:43:23,767] {processor.py:654} INFO - DAG(s) dict_keys(['example_branch_dop_operator_v3']) retrieved from /home/airflow/.local/lib/python3.8/site-packages/airflow/example_dags/example_branch_python_dop_operator_3.py
[2022-04-06 04:43:25,916] {logging_mixin.py:109} INFO - [2022-04-06 04:43:25,916] {manager.py:496} INFO - Created Permission View: can read on DAG:example_branch_dop_operator_v3
[2022-04-06 04:43:25,925] {logging_mixin.py:109} INFO - [2022-04-06 04:43:25,925] {manager.py:496} INFO - Created Permission View: can edit on DAG:example_branch_dop_operator_v3
[2022-04-06 04:43:25,926] {logging_mixin.py:109} INFO - [2022-04-06 04:43:25,925] {dag.py:2396} INFO - Sync 1 DAGs
[2022-04-06 04:43:25,933] {logging_mixin.py:109} INFO - [2022-04-06 04:43:25,933] {dag.py:2415} INFO - Creating ORM DAG for example_branch_dop_operator_v3
[2022-04-06 04:43:25,947] {logging_mixin.py:109} INFO - [2022-04-06 04:43:25,947] {dag.py:2935} INFO - Setting next_dagrun for example_branch_dop_operator_v3 to 2022-04-06T04:42:00+00:00
[2022-04-06 04:43:25,958] {processor.py:171} INFO - Processing /home/airflow/.local/lib/python3.8/site-packages/airflow/example_dags/example_branch_python_dop_operator_3.py took 2.226 seconds
[2022-04-06 04:43:56,418] {processor.py:163} INFO - Started process (PID=394) to work on /home/airflow/.local/lib/python3.8/site-packages/airflow/example_dags/example_branch_python_dop_operator_3.py
[2022-04-06 04:43:56,419] {processor.py:642} INFO - Processing file /home/airflow/.local/lib/python3.8/site-packages/airflow/example_dags/example_branch_python_dop_operator_3.py for tasks to queue
[2022-04-06 04:43:56,420] {logging_mixin.py:109} INFO - [2022-04-06 04:43:56,420] {dagbag.py:500} INFO - Filling up the DagBag from /home/airflow/.local/lib/python3.8/site-packages/airflow/example_dags/example_branch_python_dop_operator_3.py
[2022-04-06 04:43:56,444] {processor.py:654} INFO - DAG(s) dict_keys(['example_branch_dop_operator_v3']) retrieved from /home/airflow/.local/lib/python3.8/site-packages/airflow/example_dags/example_branch_python_dop_operator_3.py
[2022-04-06 04:43:56,452] {logging_mixin.py:109} INFO - [2022-04-06 04:43:56,451] {dag.py:2396} INFO - Sync 1 DAGs
[2022-04-06 04:43:56,469] {logging_mixin.py:109} INFO - [2022-04-06 04:43:56,469] {dag.py:2935} INFO - Setting next_dagrun for example_branch_dop_operator_v3 to 2022-04-06T04:42:00+00:00
[2022-04-06 04:43:56,476] {processor.py:171} INFO - Processing /home/airflow/.local/lib/python3.8/site-packages/airflow/example_dags/example_branch_python_dop_operator_3.py took 0.060 seconds
[2022-04-06 04:44:26,701] {processor.py:163} INFO - Started process (PID=452) to work on /home/airflow/.local/lib/python3.8/site-packages/airflow/example_dags/example_branch_python_dop_operator_3.py
[2022-04-06 04:44:26,703] {processor.py:642} INFO - Processing file /home/airflow/.local/lib/python3.8/site-packages/airflow/example_dags/example_branch_python_dop_operator_3.py for tasks to queue
[2022-04-06 04:44:26,704] {logging_mixin.py:109} INFO - [2022-04-06 04:44:26,703] {dagbag.py:500} INFO - Filling up the DagBag from /home/airflow/.local/lib/python3.8/site-packages/airflow/example_dags/example_branch_python_dop_operator_3.py
[2022-04-06 04:44:26,732] {processor.py:654} INFO - DAG(s) dict_keys(['example_branch_dop_operator_v3']) retrieved from /home/airflow/.local/lib/python3.8/site-packages/airflow/example_dags/example_branch_python_dop_operator_3.py
[2022-04-06 04:44:26,742] {logging_mixin.py:109} INFO - [2022-04-06 04:44:26,742] {dag.py:2396} INFO - Sync 1 DAGs
[2022-04-06 04:44:26,763] {logging_mixin.py:109} INFO - [2022-04-06 04:44:26,763] {dag.py:2935} INFO - Setting next_dagrun for example_branch_dop_operator_v3 to 2022-04-06T04:43:00+00:00
[2022-04-06 04:44:26,770] {processor.py:171} INFO - Processing /home/airflow/.local/lib/python3.8/site-packages/airflow/example_dags/example_branch_python_dop_operator_3.py took 0.075 seconds
[2022-04-06 04:44:56,934] {processor.py:163} INFO - Started process (PID=517) to work on /home/airflow/.local/lib/python3.8/site-packages/airflow/example_dags/example_branch_python_dop_operator_3.py
[2022-04-06 04:44:56,935] {processor.py:642} INFO - Processing file /home/airflow/.local/lib/python3.8/site-packages/airflow/example_dags/example_branch_python_dop_operator_3.py for tasks to queue
[2022-04-06 04:44:56,935] {logging_mixin.py:109} INFO - [2022-04-06 04:44:56,935] {dagbag.py:500} INFO - Filling up the DagBag from /home/airflow/.local/lib/python3.8/site-packages/airflow/example_dags/example_branch_python_dop_operator_3.py
[2022-04-06 04:44:56,964] {processor.py:654} INFO - DAG(s) dict_keys(['example_branch_dop_operator_v3']) retrieved from /home/airflow/.local/lib/python3.8/site-packages/airflow/example_dags/example_branch_python_dop_operator_3.py
[2022-04-06 04:44:56,975] {logging_mixin.py:109} INFO - [2022-04-06 04:44:56,975] {dag.py:2396} INFO - Sync 1 DAGs
[2022-04-06 04:44:56,995] {logging_mixin.py:109} INFO - [2022-04-06 04:44:56,995] {dag.py:2935} INFO - Setting next_dagrun for example_branch_dop_operator_v3 to 2022-04-06T04:43:00+00:00
[2022-04-06 04:44:57,005] {processor.py:171} INFO - Processing /home/airflow/.local/lib/python3.8/site-packages/airflow/example_dags/example_branch_python_dop_operator_3.py took 0.073 seconds
[2022-04-06 04:45:27,061] {processor.py:163} INFO - Started process (PID=575) to work on /home/airflow/.local/lib/python3.8/site-packages/airflow/example_dags/example_branch_python_dop_operator_3.py
[2022-04-06 04:45:27,062] {processor.py:642} INFO - Processing file /home/airflow/.local/lib/python3.8/site-packages/airflow/example_dags/example_branch_python_dop_operator_3.py for tasks to queue
[2022-04-06 04:45:27,063] {logging_mixin.py:109} INFO - [2022-04-06 04:45:27,062] {dagbag.py:500} INFO - Filling up the DagBag from /home/airflow/.local/lib/python3.8/site-packages/airflow/example_dags/example_branch_python_dop_operator_3.py
[2022-04-06 04:45:27,090] {processor.py:654} INFO - DAG(s) dict_keys(['example_branch_dop_operator_v3']) retrieved from /home/airflow/.local/lib/python3.8/site-packages/airflow/example_dags/example_branch_python_dop_operator_3.py
[2022-04-06 04:45:27,101] {logging_mixin.py:109} INFO - [2022-04-06 04:45:27,100] {dag.py:2396} INFO - Sync 1 DAGs
[2022-04-06 04:45:27,128] {logging_mixin.py:109} INFO - [2022-04-06 04:45:27,127] {dag.py:2935} INFO - Setting next_dagrun for example_branch_dop_operator_v3 to 2022-04-06T04:44:00+00:00
[2022-04-06 04:45:27,139] {processor.py:171} INFO - Processing /home/airflow/.local/lib/python3.8/site-packages/airflow/example_dags/example_branch_python_dop_operator_3.py took 0.081 seconds
[2022-04-06 04:45:57,158] {processor.py:163} INFO - Started process (PID=632) to work on /home/airflow/.local/lib/python3.8/site-packages/airflow/example_dags/example_branch_python_dop_operator_3.py
[2022-04-06 04:45:57,159] {processor.py:642} INFO - Processing file /home/airflow/.local/lib/python3.8/site-packages/airflow/example_dags/example_branch_python_dop_operator_3.py for tasks to queue
[2022-04-06 04:45:57,159] {logging_mixin.py:109} INFO - [2022-04-06 04:45:57,159] {dagbag.py:500} INFO - Filling up the DagBag from /home/airflow/.local/lib/python3.8/site-packages/airflow/example_dags/example_branch_python_dop_operator_3.py
[2022-04-06 04:45:57,178] {processor.py:654} INFO - DAG(s) dict_keys(['example_branch_dop_operator_v3']) retrieved from /home/airflow/.local/lib/python3.8/site-packages/airflow/example_dags/example_branch_python_dop_operator_3.py
[2022-04-06 04:45:57,185] {logging_mixin.py:109} INFO - [2022-04-06 04:45:57,185] {dag.py:2396} INFO - Sync 1 DAGs
[2022-04-06 04:45:57,201] {logging_mixin.py:109} INFO - [2022-04-06 04:45:57,201] {dag.py:2935} INFO - Setting next_dagrun for example_branch_dop_operator_v3 to 2022-04-06T04:44:00+00:00
[2022-04-06 04:45:57,208] {processor.py:171} INFO - Processing /home/airflow/.local/lib/python3.8/site-packages/airflow/example_dags/example_branch_python_dop_operator_3.py took 0.052 seconds
[2022-04-06 04:46:27,709] {processor.py:163} INFO - Started process (PID=698) to work on /home/airflow/.local/lib/python3.8/site-packages/airflow/example_dags/example_branch_python_dop_operator_3.py
[2022-04-06 04:46:27,710] {processor.py:642} INFO - Processing file /home/airflow/.local/lib/python3.8/site-packages/airflow/example_dags/example_branch_python_dop_operator_3.py for tasks to queue
[2022-04-06 04:46:27,710] {logging_mixin.py:109} INFO - [2022-04-06 04:46:27,710] {dagbag.py:500} INFO - Filling up the DagBag from /home/airflow/.local/lib/python3.8/site-packages/airflow/example_dags/example_branch_python_dop_operator_3.py
[2022-04-06 04:46:27,731] {processor.py:654} INFO - DAG(s) dict_keys(['example_branch_dop_operator_v3']) retrieved from /home/airflow/.local/lib/python3.8/site-packages/airflow/example_dags/example_branch_python_dop_operator_3.py
[2022-04-06 04:46:27,741] {logging_mixin.py:109} INFO - [2022-04-06 04:46:27,740] {dag.py:2396} INFO - Sync 1 DAGs
[2022-04-06 04:46:27,763] {logging_mixin.py:109} INFO - [2022-04-06 04:46:27,763] {dag.py:2935} INFO - Setting next_dagrun for example_branch_dop_operator_v3 to 2022-04-06T04:45:00+00:00
[2022-04-06 04:46:27,771] {processor.py:171} INFO - Processing /home/airflow/.local/lib/python3.8/site-packages/airflow/example_dags/example_branch_python_dop_operator_3.py took 0.064 seconds
[2022-04-06 04:46:57,983] {processor.py:163} INFO - Started process (PID=755) to work on /home/airflow/.local/lib/python3.8/site-packages/airflow/example_dags/example_branch_python_dop_operator_3.py
[2022-04-06 04:46:57,985] {processor.py:642} INFO - Processing file /home/airflow/.local/lib/python3.8/site-packages/airflow/example_dags/example_branch_python_dop_operator_3.py for tasks to queue
[2022-04-06 04:46:57,987] {logging_mixin.py:109} INFO - [2022-04-06 04:46:57,987] {dagbag.py:500} INFO - Filling up the DagBag from /home/airflow/.local/lib/python3.8/site-packages/airflow/example_dags/example_branch_python_dop_operator_3.py
[2022-04-06 04:46:58,020] {processor.py:654} INFO - DAG(s) dict_keys(['example_branch_dop_operator_v3']) retrieved from /home/airflow/.local/lib/python3.8/site-packages/airflow/example_dags/example_branch_python_dop_operator_3.py
[2022-04-06 04:46:58,028] {logging_mixin.py:109} INFO - [2022-04-06 04:46:58,028] {dag.py:2396} INFO - Sync 1 DAGs
[2022-04-06 04:46:58,046] {logging_mixin.py:109} INFO - [2022-04-06 04:46:58,046] {dag.py:2935} INFO - Setting next_dagrun for example_branch_dop_operator_v3 to 2022-04-06T04:45:00+00:00
[2022-04-06 04:46:58,053] {processor.py:171} INFO - Processing /home/airflow/.local/lib/python3.8/site-packages/airflow/example_dags/example_branch_python_dop_operator_3.py took 0.077 seconds
[2022-04-06 04:47:28,128] {processor.py:163} INFO - Started process (PID=812) to work on /home/airflow/.local/lib/python3.8/site-packages/airflow/example_dags/example_branch_python_dop_operator_3.py
[2022-04-06 04:47:28,129] {processor.py:642} INFO - Processing file /home/airflow/.local/lib/python3.8/site-packages/airflow/example_dags/example_branch_python_dop_operator_3.py for tasks to queue
[2022-04-06 04:47:28,130] {logging_mixin.py:109} INFO - [2022-04-06 04:47:28,129] {dagbag.py:500} INFO - Filling up the DagBag from /home/airflow/.local/lib/python3.8/site-packages/airflow/example_dags/example_branch_python_dop_operator_3.py
[2022-04-06 04:47:28,149] {processor.py:654} INFO - DAG(s) dict_keys(['example_branch_dop_operator_v3']) retrieved from /home/airflow/.local/lib/python3.8/site-packages/airflow/example_dags/example_branch_python_dop_operator_3.py
[2022-04-06 04:47:28,157] {logging_mixin.py:109} INFO - [2022-04-06 04:47:28,157] {dag.py:2396} INFO - Sync 1 DAGs
[2022-04-06 04:47:28,173] {logging_mixin.py:109} INFO - [2022-04-06 04:47:28,173] {dag.py:2935} INFO - Setting next_dagrun for example_branch_dop_operator_v3 to 2022-04-06T04:46:00+00:00
[2022-04-06 04:47:28,181] {processor.py:171} INFO - Processing /home/airflow/.local/lib/python3.8/site-packages/airflow/example_dags/example_branch_python_dop_operator_3.py took 0.055 seconds
[2022-04-06 04:47:58,466] {processor.py:163} INFO - Started process (PID=880) to work on /home/airflow/.local/lib/python3.8/site-packages/airflow/example_dags/example_branch_python_dop_operator_3.py
[2022-04-06 04:47:58,468] {processor.py:642} INFO - Processing file /home/airflow/.local/lib/python3.8/site-packages/airflow/example_dags/example_branch_python_dop_operator_3.py for tasks to queue
[2022-04-06 04:47:58,470] {logging_mixin.py:109} INFO - [2022-04-06 04:47:58,470] {dagbag.py:500} INFO - Filling up the DagBag from /home/airflow/.local/lib/python3.8/site-packages/airflow/example_dags/example_branch_python_dop_operator_3.py
[2022-04-06 04:47:58,508] {processor.py:654} INFO - DAG(s) dict_keys(['example_branch_dop_operator_v3']) retrieved from /home/airflow/.local/lib/python3.8/site-packages/airflow/example_dags/example_branch_python_dop_operator_3.py
[2022-04-06 04:47:58,516] {logging_mixin.py:109} INFO - [2022-04-06 04:47:58,516] {dag.py:2396} INFO - Sync 1 DAGs
[2022-04-06 04:47:58,535] {logging_mixin.py:109} INFO - [2022-04-06 04:47:58,534] {dag.py:2935} INFO - Setting next_dagrun for example_branch_dop_operator_v3 to 2022-04-06T04:46:00+00:00
[2022-04-06 04:47:58,542] {processor.py:171} INFO - Processing /home/airflow/.local/lib/python3.8/site-packages/airflow/example_dags/example_branch_python_dop_operator_3.py took 0.083 seconds
[2022-04-06 04:48:29,052] {processor.py:163} INFO - Started process (PID=940) to work on /home/airflow/.local/lib/python3.8/site-packages/airflow/example_dags/example_branch_python_dop_operator_3.py
[2022-04-06 04:48:29,054] {processor.py:642} INFO - Processing file /home/airflow/.local/lib/python3.8/site-packages/airflow/example_dags/example_branch_python_dop_operator_3.py for tasks to queue
[2022-04-06 04:48:29,056] {logging_mixin.py:109} INFO - [2022-04-06 04:48:29,056] {dagbag.py:500} INFO - Filling up the DagBag from /home/airflow/.local/lib/python3.8/site-packages/airflow/example_dags/example_branch_python_dop_operator_3.py
[2022-04-06 04:48:29,091] {processor.py:654} INFO - DAG(s) dict_keys(['example_branch_dop_operator_v3']) retrieved from /home/airflow/.local/lib/python3.8/site-packages/airflow/example_dags/example_branch_python_dop_operator_3.py
[2022-04-06 04:48:29,099] {logging_mixin.py:109} INFO - [2022-04-06 04:48:29,099] {dag.py:2396} INFO - Sync 1 DAGs
[2022-04-06 04:48:29,118] {logging_mixin.py:109} INFO - [2022-04-06 04:48:29,118] {dag.py:2935} INFO - Setting next_dagrun for example_branch_dop_operator_v3 to 2022-04-06T04:47:00+00:00
[2022-04-06 04:48:29,125] {processor.py:171} INFO - Processing /home/airflow/.local/lib/python3.8/site-packages/airflow/example_dags/example_branch_python_dop_operator_3.py took 0.081 seconds
[2022-04-06 04:48:59,498] {processor.py:163} INFO - Started process (PID=1015) to work on /home/airflow/.local/lib/python3.8/site-packages/airflow/example_dags/example_branch_python_dop_operator_3.py
[2022-04-06 04:48:59,498] {processor.py:642} INFO - Processing file /home/airflow/.local/lib/python3.8/site-packages/airflow/example_dags/example_branch_python_dop_operator_3.py for tasks to queue
[2022-04-06 04:48:59,499] {logging_mixin.py:109} INFO - [2022-04-06 04:48:59,499] {dagbag.py:500} INFO - Filling up the DagBag from /home/airflow/.local/lib/python3.8/site-packages/airflow/example_dags/example_branch_python_dop_operator_3.py
[2022-04-06 04:48:59,519] {processor.py:654} INFO - DAG(s) dict_keys(['example_branch_dop_operator_v3']) retrieved from /home/airflow/.local/lib/python3.8/site-packages/airflow/example_dags/example_branch_python_dop_operator_3.py
[2022-04-06 04:48:59,526] {logging_mixin.py:109} INFO - [2022-04-06 04:48:59,526] {dag.py:2396} INFO - Sync 1 DAGs
[2022-04-06 04:48:59,543] {logging_mixin.py:109} INFO - [2022-04-06 04:48:59,543] {dag.py:2935} INFO - Setting next_dagrun for example_branch_dop_operator_v3 to 2022-04-06T04:47:00+00:00
[2022-04-06 04:48:59,551] {processor.py:171} INFO - Processing /home/airflow/.local/lib/python3.8/site-packages/airflow/example_dags/example_branch_python_dop_operator_3.py took 0.055 seconds
[2022-04-06 04:49:29,660] {processor.py:163} INFO - Started process (PID=1071) to work on /home/airflow/.local/lib/python3.8/site-packages/airflow/example_dags/example_branch_python_dop_operator_3.py
[2022-04-06 04:49:29,662] {processor.py:642} INFO - Processing file /home/airflow/.local/lib/python3.8/site-packages/airflow/example_dags/example_branch_python_dop_operator_3.py for tasks to queue
[2022-04-06 04:49:29,663] {logging_mixin.py:109} INFO - [2022-04-06 04:49:29,663] {dagbag.py:500} INFO - Filling up the DagBag from /home/airflow/.local/lib/python3.8/site-packages/airflow/example_dags/example_branch_python_dop_operator_3.py
[2022-04-06 04:49:29,708] {processor.py:654} INFO - DAG(s) dict_keys(['example_branch_dop_operator_v3']) retrieved from /home/airflow/.local/lib/python3.8/site-packages/airflow/example_dags/example_branch_python_dop_operator_3.py
[2022-04-06 04:49:29,727] {logging_mixin.py:109} INFO - [2022-04-06 04:49:29,726] {dag.py:2396} INFO - Sync 1 DAGs
[2022-04-06 04:49:29,756] {logging_mixin.py:109} INFO - [2022-04-06 04:49:29,756] {dag.py:2935} INFO - Setting next_dagrun for example_branch_dop_operator_v3 to 2022-04-06T04:48:00+00:00
[2022-04-06 04:49:29,768] {processor.py:171} INFO - Processing /home/airflow/.local/lib/python3.8/site-packages/airflow/example_dags/example_branch_python_dop_operator_3.py took 0.112 seconds
[2022-04-06 04:50:00,178] {processor.py:163} INFO - Started process (PID=1129) to work on /home/airflow/.local/lib/python3.8/site-packages/airflow/example_dags/example_branch_python_dop_operator_3.py
[2022-04-06 04:50:00,179] {processor.py:642} INFO - Processing file /home/airflow/.local/lib/python3.8/site-packages/airflow/example_dags/example_branch_python_dop_operator_3.py for tasks to queue
[2022-04-06 04:50:00,180] {logging_mixin.py:109} INFO - [2022-04-06 04:50:00,180] {dagbag.py:500} INFO - Filling up the DagBag from /home/airflow/.local/lib/python3.8/site-packages/airflow/example_dags/example_branch_python_dop_operator_3.py
[2022-04-06 04:50:00,207] {processor.py:654} INFO - DAG(s) dict_keys(['example_branch_dop_operator_v3']) retrieved from /home/airflow/.local/lib/python3.8/site-packages/airflow/example_dags/example_branch_python_dop_operator_3.py
[2022-04-06 04:50:00,216] {logging_mixin.py:109} INFO - [2022-04-06 04:50:00,216] {dag.py:2396} INFO - Sync 1 DAGs
[2022-04-06 04:50:00,246] {logging_mixin.py:109} INFO - [2022-04-06 04:50:00,246] {dag.py:2935} INFO - Setting next_dagrun for example_branch_dop_operator_v3 to 2022-04-06T04:49:00+00:00
[2022-04-06 04:50:00,255] {processor.py:171} INFO - Processing /home/airflow/.local/lib/python3.8/site-packages/airflow/example_dags/example_branch_python_dop_operator_3.py took 0.081 seconds
[2022-04-06 04:50:30,496] {processor.py:163} INFO - Started process (PID=1196) to work on /home/airflow/.local/lib/python3.8/site-packages/airflow/example_dags/example_branch_python_dop_operator_3.py
[2022-04-06 04:50:30,497] {processor.py:642} INFO - Processing file /home/airflow/.local/lib/python3.8/site-packages/airflow/example_dags/example_branch_python_dop_operator_3.py for tasks to queue
[2022-04-06 04:50:30,498] {logging_mixin.py:109} INFO - [2022-04-06 04:50:30,498] {dagbag.py:500} INFO - Filling up the DagBag from /home/airflow/.local/lib/python3.8/site-packages/airflow/example_dags/example_branch_python_dop_operator_3.py
[2022-04-06 04:50:30,525] {processor.py:654} INFO - DAG(s) dict_keys(['example_branch_dop_operator_v3']) retrieved from /home/airflow/.local/lib/python3.8/site-packages/airflow/example_dags/example_branch_python_dop_operator_3.py
[2022-04-06 04:50:30,534] {logging_mixin.py:109} INFO - [2022-04-06 04:50:30,534] {dag.py:2396} INFO - Sync 1 DAGs
[2022-04-06 04:50:30,550] {logging_mixin.py:109} INFO - [2022-04-06 04:50:30,550] {dag.py:2935} INFO - Setting next_dagrun for example_branch_dop_operator_v3 to 2022-04-06T04:49:00+00:00
[2022-04-06 04:50:30,557] {processor.py:171} INFO - Processing /home/airflow/.local/lib/python3.8/site-packages/airflow/example_dags/example_branch_python_dop_operator_3.py took 0.063 seconds
[2022-04-06 04:52:43,662] {processor.py:163} INFO - Started process (PID=70) to work on /home/airflow/.local/lib/python3.8/site-packages/airflow/example_dags/example_branch_python_dop_operator_3.py
[2022-04-06 04:52:43,664] {processor.py:642} INFO - Processing file /home/airflow/.local/lib/python3.8/site-packages/airflow/example_dags/example_branch_python_dop_operator_3.py for tasks to queue
[2022-04-06 04:52:43,664] {logging_mixin.py:109} INFO - [2022-04-06 04:52:43,664] {dagbag.py:500} INFO - Filling up the DagBag from /home/airflow/.local/lib/python3.8/site-packages/airflow/example_dags/example_branch_python_dop_operator_3.py
[2022-04-06 04:52:43,696] {processor.py:654} INFO - DAG(s) dict_keys(['example_branch_dop_operator_v3']) retrieved from /home/airflow/.local/lib/python3.8/site-packages/airflow/example_dags/example_branch_python_dop_operator_3.py
[2022-04-06 04:52:43,708] {logging_mixin.py:109} INFO - [2022-04-06 04:52:43,708] {dag.py:2396} INFO - Sync 1 DAGs
[2022-04-06 04:52:43,731] {logging_mixin.py:109} INFO - [2022-04-06 04:52:43,731] {dag.py:2935} INFO - Setting next_dagrun for example_branch_dop_operator_v3 to 2022-04-06T04:51:00+00:00
[2022-04-06 04:52:43,742] {processor.py:171} INFO - Processing /home/airflow/.local/lib/python3.8/site-packages/airflow/example_dags/example_branch_python_dop_operator_3.py took 0.082 seconds
[2022-04-06 04:53:13,890] {processor.py:163} INFO - Started process (PID=128) to work on /home/airflow/.local/lib/python3.8/site-packages/airflow/example_dags/example_branch_python_dop_operator_3.py
[2022-04-06 04:53:13,891] {processor.py:642} INFO - Processing file /home/airflow/.local/lib/python3.8/site-packages/airflow/example_dags/example_branch_python_dop_operator_3.py for tasks to queue
[2022-04-06 04:53:13,891] {logging_mixin.py:109} INFO - [2022-04-06 04:53:13,891] {dagbag.py:500} INFO - Filling up the DagBag from /home/airflow/.local/lib/python3.8/site-packages/airflow/example_dags/example_branch_python_dop_operator_3.py
[2022-04-06 04:53:13,918] {processor.py:654} INFO - DAG(s) dict_keys(['example_branch_dop_operator_v3']) retrieved from /home/airflow/.local/lib/python3.8/site-packages/airflow/example_dags/example_branch_python_dop_operator_3.py
[2022-04-06 04:53:13,928] {logging_mixin.py:109} INFO - [2022-04-06 04:53:13,927] {dag.py:2396} INFO - Sync 1 DAGs
[2022-04-06 04:53:13,950] {logging_mixin.py:109} INFO - [2022-04-06 04:53:13,949] {dag.py:2935} INFO - Setting next_dagrun for example_branch_dop_operator_v3 to 2022-04-06T04:52:00+00:00
[2022-04-06 04:53:13,959] {processor.py:171} INFO - Processing /home/airflow/.local/lib/python3.8/site-packages/airflow/example_dags/example_branch_python_dop_operator_3.py took 0.072 seconds
[2022-04-06 04:53:45,309] {processor.py:163} INFO - Started process (PID=195) to work on /home/airflow/.local/lib/python3.8/site-packages/airflow/example_dags/example_branch_python_dop_operator_3.py
[2022-04-06 04:53:45,310] {processor.py:642} INFO - Processing file /home/airflow/.local/lib/python3.8/site-packages/airflow/example_dags/example_branch_python_dop_operator_3.py for tasks to queue
[2022-04-06 04:53:45,310] {logging_mixin.py:109} INFO - [2022-04-06 04:53:45,310] {dagbag.py:500} INFO - Filling up the DagBag from /home/airflow/.local/lib/python3.8/site-packages/airflow/example_dags/example_branch_python_dop_operator_3.py
[2022-04-06 04:53:45,337] {processor.py:654} INFO - DAG(s) dict_keys(['example_branch_dop_operator_v3']) retrieved from /home/airflow/.local/lib/python3.8/site-packages/airflow/example_dags/example_branch_python_dop_operator_3.py
[2022-04-06 04:53:45,347] {logging_mixin.py:109} INFO - [2022-04-06 04:53:45,347] {dag.py:2396} INFO - Sync 1 DAGs
[2022-04-06 04:53:45,369] {logging_mixin.py:109} INFO - [2022-04-06 04:53:45,369] {dag.py:2935} INFO - Setting next_dagrun for example_branch_dop_operator_v3 to 2022-04-06T04:52:00+00:00
[2022-04-06 04:53:45,376] {processor.py:171} INFO - Processing /home/airflow/.local/lib/python3.8/site-packages/airflow/example_dags/example_branch_python_dop_operator_3.py took 0.070 seconds
[2022-04-06 04:54:15,829] {processor.py:163} INFO - Started process (PID=252) to work on /home/airflow/.local/lib/python3.8/site-packages/airflow/example_dags/example_branch_python_dop_operator_3.py
[2022-04-06 04:54:15,830] {processor.py:642} INFO - Processing file /home/airflow/.local/lib/python3.8/site-packages/airflow/example_dags/example_branch_python_dop_operator_3.py for tasks to queue
[2022-04-06 04:54:15,831] {logging_mixin.py:109} INFO - [2022-04-06 04:54:15,830] {dagbag.py:500} INFO - Filling up the DagBag from /home/airflow/.local/lib/python3.8/site-packages/airflow/example_dags/example_branch_python_dop_operator_3.py
[2022-04-06 04:54:15,851] {processor.py:654} INFO - DAG(s) dict_keys(['example_branch_dop_operator_v3']) retrieved from /home/airflow/.local/lib/python3.8/site-packages/airflow/example_dags/example_branch_python_dop_operator_3.py
[2022-04-06 04:54:15,861] {logging_mixin.py:109} INFO - [2022-04-06 04:54:15,860] {dag.py:2396} INFO - Sync 1 DAGs
[2022-04-06 04:54:15,885] {logging_mixin.py:109} INFO - [2022-04-06 04:54:15,885] {dag.py:2935} INFO - Setting next_dagrun for example_branch_dop_operator_v3 to 2022-04-06T04:53:00+00:00
[2022-04-06 04:54:15,896] {processor.py:171} INFO - Processing /home/airflow/.local/lib/python3.8/site-packages/airflow/example_dags/example_branch_python_dop_operator_3.py took 0.068 seconds
[2022-04-06 04:54:47,110] {processor.py:163} INFO - Started process (PID=318) to work on /home/airflow/.local/lib/python3.8/site-packages/airflow/example_dags/example_branch_python_dop_operator_3.py
[2022-04-06 04:54:47,112] {processor.py:642} INFO - Processing file /home/airflow/.local/lib/python3.8/site-packages/airflow/example_dags/example_branch_python_dop_operator_3.py for tasks to queue
[2022-04-06 04:54:47,112] {logging_mixin.py:109} INFO - [2022-04-06 04:54:47,112] {dagbag.py:500} INFO - Filling up the DagBag from /home/airflow/.local/lib/python3.8/site-packages/airflow/example_dags/example_branch_python_dop_operator_3.py
[2022-04-06 04:54:47,147] {processor.py:654} INFO - DAG(s) dict_keys(['example_branch_dop_operator_v3']) retrieved from /home/airflow/.local/lib/python3.8/site-packages/airflow/example_dags/example_branch_python_dop_operator_3.py
[2022-04-06 04:54:47,162] {logging_mixin.py:109} INFO - [2022-04-06 04:54:47,162] {dag.py:2396} INFO - Sync 1 DAGs
[2022-04-06 04:54:47,195] {logging_mixin.py:109} INFO - [2022-04-06 04:54:47,195] {dag.py:2935} INFO - Setting next_dagrun for example_branch_dop_operator_v3 to 2022-04-06T04:53:00+00:00
[2022-04-06 04:54:47,209] {processor.py:171} INFO - Processing /home/airflow/.local/lib/python3.8/site-packages/airflow/example_dags/example_branch_python_dop_operator_3.py took 0.101 seconds
[2022-04-06 04:55:17,592] {processor.py:163} INFO - Started process (PID=374) to work on /home/airflow/.local/lib/python3.8/site-packages/airflow/example_dags/example_branch_python_dop_operator_3.py
[2022-04-06 04:55:17,593] {processor.py:642} INFO - Processing file /home/airflow/.local/lib/python3.8/site-packages/airflow/example_dags/example_branch_python_dop_operator_3.py for tasks to queue
[2022-04-06 04:55:17,594] {logging_mixin.py:109} INFO - [2022-04-06 04:55:17,594] {dagbag.py:500} INFO - Filling up the DagBag from /home/airflow/.local/lib/python3.8/site-packages/airflow/example_dags/example_branch_python_dop_operator_3.py
[2022-04-06 04:55:17,616] {processor.py:654} INFO - DAG(s) dict_keys(['example_branch_dop_operator_v3']) retrieved from /home/airflow/.local/lib/python3.8/site-packages/airflow/example_dags/example_branch_python_dop_operator_3.py
[2022-04-06 04:55:17,624] {logging_mixin.py:109} INFO - [2022-04-06 04:55:17,624] {dag.py:2396} INFO - Sync 1 DAGs
[2022-04-06 04:55:17,645] {logging_mixin.py:109} INFO - [2022-04-06 04:55:17,645] {dag.py:2935} INFO - Setting next_dagrun for example_branch_dop_operator_v3 to 2022-04-06T04:54:00+00:00
[2022-04-06 04:55:17,652] {processor.py:171} INFO - Processing /home/airflow/.local/lib/python3.8/site-packages/airflow/example_dags/example_branch_python_dop_operator_3.py took 0.062 seconds
[2022-04-06 04:55:48,933] {processor.py:163} INFO - Started process (PID=439) to work on /home/airflow/.local/lib/python3.8/site-packages/airflow/example_dags/example_branch_python_dop_operator_3.py
[2022-04-06 04:55:48,936] {processor.py:642} INFO - Processing file /home/airflow/.local/lib/python3.8/site-packages/airflow/example_dags/example_branch_python_dop_operator_3.py for tasks to queue
[2022-04-06 04:55:48,938] {logging_mixin.py:109} INFO - [2022-04-06 04:55:48,937] {dagbag.py:500} INFO - Filling up the DagBag from /home/airflow/.local/lib/python3.8/site-packages/airflow/example_dags/example_branch_python_dop_operator_3.py
[2022-04-06 04:55:48,961] {processor.py:654} INFO - DAG(s) dict_keys(['example_branch_dop_operator_v3']) retrieved from /home/airflow/.local/lib/python3.8/site-packages/airflow/example_dags/example_branch_python_dop_operator_3.py
[2022-04-06 04:55:48,971] {logging_mixin.py:109} INFO - [2022-04-06 04:55:48,971] {dag.py:2396} INFO - Sync 1 DAGs
[2022-04-06 04:55:48,993] {logging_mixin.py:109} INFO - [2022-04-06 04:55:48,993] {dag.py:2935} INFO - Setting next_dagrun for example_branch_dop_operator_v3 to 2022-04-06T04:54:00+00:00
[2022-04-06 04:55:49,001] {processor.py:171} INFO - Processing /home/airflow/.local/lib/python3.8/site-packages/airflow/example_dags/example_branch_python_dop_operator_3.py took 0.076 seconds
[2022-04-06 04:56:20,165] {processor.py:163} INFO - Started process (PID=497) to work on /home/airflow/.local/lib/python3.8/site-packages/airflow/example_dags/example_branch_python_dop_operator_3.py
[2022-04-06 04:56:20,166] {processor.py:642} INFO - Processing file /home/airflow/.local/lib/python3.8/site-packages/airflow/example_dags/example_branch_python_dop_operator_3.py for tasks to queue
[2022-04-06 04:56:20,167] {logging_mixin.py:109} INFO - [2022-04-06 04:56:20,167] {dagbag.py:500} INFO - Filling up the DagBag from /home/airflow/.local/lib/python3.8/site-packages/airflow/example_dags/example_branch_python_dop_operator_3.py
[2022-04-06 04:56:20,200] {processor.py:654} INFO - DAG(s) dict_keys(['example_branch_dop_operator_v3']) retrieved from /home/airflow/.local/lib/python3.8/site-packages/airflow/example_dags/example_branch_python_dop_operator_3.py
[2022-04-06 04:56:20,207] {logging_mixin.py:109} INFO - [2022-04-06 04:56:20,207] {dag.py:2396} INFO - Sync 1 DAGs
[2022-04-06 04:56:20,223] {logging_mixin.py:109} INFO - [2022-04-06 04:56:20,223] {dag.py:2935} INFO - Setting next_dagrun for example_branch_dop_operator_v3 to 2022-04-06T04:55:00+00:00
[2022-04-06 04:56:20,229] {processor.py:171} INFO - Processing /home/airflow/.local/lib/python3.8/site-packages/airflow/example_dags/example_branch_python_dop_operator_3.py took 0.067 seconds
[2022-04-06 04:56:50,327] {processor.py:163} INFO - Started process (PID=546) to work on /home/airflow/.local/lib/python3.8/site-packages/airflow/example_dags/example_branch_python_dop_operator_3.py
[2022-04-06 04:56:50,328] {processor.py:642} INFO - Processing file /home/airflow/.local/lib/python3.8/site-packages/airflow/example_dags/example_branch_python_dop_operator_3.py for tasks to queue
[2022-04-06 04:56:50,328] {logging_mixin.py:109} INFO - [2022-04-06 04:56:50,328] {dagbag.py:500} INFO - Filling up the DagBag from /home/airflow/.local/lib/python3.8/site-packages/airflow/example_dags/example_branch_python_dop_operator_3.py
[2022-04-06 04:56:50,367] {processor.py:654} INFO - DAG(s) dict_keys(['example_branch_dop_operator_v3']) retrieved from /home/airflow/.local/lib/python3.8/site-packages/airflow/example_dags/example_branch_python_dop_operator_3.py
[2022-04-06 04:56:50,378] {logging_mixin.py:109} INFO - [2022-04-06 04:56:50,378] {dag.py:2396} INFO - Sync 1 DAGs
[2022-04-06 04:56:50,407] {logging_mixin.py:109} INFO - [2022-04-06 04:56:50,407] {dag.py:2935} INFO - Setting next_dagrun for example_branch_dop_operator_v3 to 2022-04-06T04:55:00+00:00
[2022-04-06 04:56:50,417] {processor.py:171} INFO - Processing /home/airflow/.local/lib/python3.8/site-packages/airflow/example_dags/example_branch_python_dop_operator_3.py took 0.093 seconds
[2022-04-06 04:57:20,581] {processor.py:163} INFO - Started process (PID=610) to work on /home/airflow/.local/lib/python3.8/site-packages/airflow/example_dags/example_branch_python_dop_operator_3.py
[2022-04-06 04:57:20,582] {processor.py:642} INFO - Processing file /home/airflow/.local/lib/python3.8/site-packages/airflow/example_dags/example_branch_python_dop_operator_3.py for tasks to queue
[2022-04-06 04:57:20,582] {logging_mixin.py:109} INFO - [2022-04-06 04:57:20,582] {dagbag.py:500} INFO - Filling up the DagBag from /home/airflow/.local/lib/python3.8/site-packages/airflow/example_dags/example_branch_python_dop_operator_3.py
[2022-04-06 04:57:20,602] {processor.py:654} INFO - DAG(s) dict_keys(['example_branch_dop_operator_v3']) retrieved from /home/airflow/.local/lib/python3.8/site-packages/airflow/example_dags/example_branch_python_dop_operator_3.py
[2022-04-06 04:57:20,609] {logging_mixin.py:109} INFO - [2022-04-06 04:57:20,609] {dag.py:2396} INFO - Sync 1 DAGs
[2022-04-06 04:57:20,630] {logging_mixin.py:109} INFO - [2022-04-06 04:57:20,630] {dag.py:2935} INFO - Setting next_dagrun for example_branch_dop_operator_v3 to 2022-04-06T04:56:00+00:00
[2022-04-06 04:57:20,638] {processor.py:171} INFO - Processing /home/airflow/.local/lib/python3.8/site-packages/airflow/example_dags/example_branch_python_dop_operator_3.py took 0.060 seconds
[2022-04-06 05:02:31,991] {processor.py:163} INFO - Started process (PID=70) to work on /home/airflow/.local/lib/python3.8/site-packages/airflow/example_dags/example_branch_python_dop_operator_3.py
[2022-04-06 05:02:31,992] {processor.py:642} INFO - Processing file /home/airflow/.local/lib/python3.8/site-packages/airflow/example_dags/example_branch_python_dop_operator_3.py for tasks to queue
[2022-04-06 05:02:31,993] {logging_mixin.py:109} INFO - [2022-04-06 05:02:31,993] {dagbag.py:500} INFO - Filling up the DagBag from /home/airflow/.local/lib/python3.8/site-packages/airflow/example_dags/example_branch_python_dop_operator_3.py
[2022-04-06 05:02:32,020] {processor.py:654} INFO - DAG(s) dict_keys(['example_branch_dop_operator_v3']) retrieved from /home/airflow/.local/lib/python3.8/site-packages/airflow/example_dags/example_branch_python_dop_operator_3.py
[2022-04-06 05:02:32,030] {logging_mixin.py:109} INFO - [2022-04-06 05:02:32,030] {dag.py:2396} INFO - Sync 1 DAGs
[2022-04-06 05:02:32,052] {logging_mixin.py:109} INFO - [2022-04-06 05:02:32,052] {dag.py:2935} INFO - Setting next_dagrun for example_branch_dop_operator_v3 to 2022-04-06T05:01:00+00:00
[2022-04-06 05:02:32,060] {processor.py:171} INFO - Processing /home/airflow/.local/lib/python3.8/site-packages/airflow/example_dags/example_branch_python_dop_operator_3.py took 0.072 seconds
[2022-04-06 05:03:03,339] {processor.py:163} INFO - Started process (PID=137) to work on /home/airflow/.local/lib/python3.8/site-packages/airflow/example_dags/example_branch_python_dop_operator_3.py
[2022-04-06 05:03:03,340] {processor.py:642} INFO - Processing file /home/airflow/.local/lib/python3.8/site-packages/airflow/example_dags/example_branch_python_dop_operator_3.py for tasks to queue
[2022-04-06 05:03:03,341] {logging_mixin.py:109} INFO - [2022-04-06 05:03:03,340] {dagbag.py:500} INFO - Filling up the DagBag from /home/airflow/.local/lib/python3.8/site-packages/airflow/example_dags/example_branch_python_dop_operator_3.py
[2022-04-06 05:03:03,369] {processor.py:654} INFO - DAG(s) dict_keys(['example_branch_dop_operator_v3']) retrieved from /home/airflow/.local/lib/python3.8/site-packages/airflow/example_dags/example_branch_python_dop_operator_3.py
[2022-04-06 05:03:03,376] {logging_mixin.py:109} INFO - [2022-04-06 05:03:03,376] {dag.py:2396} INFO - Sync 1 DAGs
[2022-04-06 05:03:03,397] {logging_mixin.py:109} INFO - [2022-04-06 05:03:03,396] {dag.py:2935} INFO - Setting next_dagrun for example_branch_dop_operator_v3 to 2022-04-06T05:02:00+00:00
[2022-04-06 05:03:03,404] {processor.py:171} INFO - Processing /home/airflow/.local/lib/python3.8/site-packages/airflow/example_dags/example_branch_python_dop_operator_3.py took 0.068 seconds
[2022-04-06 05:03:34,452] {processor.py:163} INFO - Started process (PID=194) to work on /home/airflow/.local/lib/python3.8/site-packages/airflow/example_dags/example_branch_python_dop_operator_3.py
[2022-04-06 05:03:34,453] {processor.py:642} INFO - Processing file /home/airflow/.local/lib/python3.8/site-packages/airflow/example_dags/example_branch_python_dop_operator_3.py for tasks to queue
[2022-04-06 05:03:34,454] {logging_mixin.py:109} INFO - [2022-04-06 05:03:34,454] {dagbag.py:500} INFO - Filling up the DagBag from /home/airflow/.local/lib/python3.8/site-packages/airflow/example_dags/example_branch_python_dop_operator_3.py
[2022-04-06 05:03:34,475] {processor.py:654} INFO - DAG(s) dict_keys(['example_branch_dop_operator_v3']) retrieved from /home/airflow/.local/lib/python3.8/site-packages/airflow/example_dags/example_branch_python_dop_operator_3.py
[2022-04-06 05:03:34,482] {logging_mixin.py:109} INFO - [2022-04-06 05:03:34,482] {dag.py:2396} INFO - Sync 1 DAGs
[2022-04-06 05:03:34,500] {logging_mixin.py:109} INFO - [2022-04-06 05:03:34,499] {dag.py:2935} INFO - Setting next_dagrun for example_branch_dop_operator_v3 to 2022-04-06T05:02:00+00:00
[2022-04-06 05:03:34,506] {processor.py:171} INFO - Processing /home/airflow/.local/lib/python3.8/site-packages/airflow/example_dags/example_branch_python_dop_operator_3.py took 0.056 seconds
