[2022-04-06 04:42:59,659] {processor.py:163} INFO - Started process (PID=90) to work on /home/airflow/.local/lib/python3.8/site-packages/airflow/example_dags/example_nested_branch_dag.py
[2022-04-06 04:42:59,661] {processor.py:642} INFO - Processing file /home/airflow/.local/lib/python3.8/site-packages/airflow/example_dags/example_nested_branch_dag.py for tasks to queue
[2022-04-06 04:42:59,662] {logging_mixin.py:109} INFO - [2022-04-06 04:42:59,661] {dagbag.py:500} INFO - Filling up the DagBag from /home/airflow/.local/lib/python3.8/site-packages/airflow/example_dags/example_nested_branch_dag.py
[2022-04-06 04:42:59,707] {processor.py:654} INFO - DAG(s) dict_keys(['example_nested_branch_dag']) retrieved from /home/airflow/.local/lib/python3.8/site-packages/airflow/example_dags/example_nested_branch_dag.py
[2022-04-06 04:43:03,033] {logging_mixin.py:109} INFO - [2022-04-06 04:43:03,033] {manager.py:496} INFO - Created Permission View: can read on DAG:example_nested_branch_dag
[2022-04-06 04:43:03,047] {logging_mixin.py:109} INFO - [2022-04-06 04:43:03,047] {manager.py:496} INFO - Created Permission View: can edit on DAG:example_nested_branch_dag
[2022-04-06 04:43:03,048] {logging_mixin.py:109} INFO - [2022-04-06 04:43:03,048] {dag.py:2396} INFO - Sync 1 DAGs
[2022-04-06 04:43:03,066] {logging_mixin.py:109} INFO - [2022-04-06 04:43:03,066] {dag.py:2415} INFO - Creating ORM DAG for example_nested_branch_dag
[2022-04-06 04:43:03,084] {logging_mixin.py:109} INFO - [2022-04-06 04:43:03,084] {dag.py:2935} INFO - Setting next_dagrun for example_nested_branch_dag to 2022-04-05 00:00:00+00:00
[2022-04-06 04:43:03,104] {processor.py:171} INFO - Processing /home/airflow/.local/lib/python3.8/site-packages/airflow/example_dags/example_nested_branch_dag.py took 3.448 seconds
[2022-04-06 04:43:34,012] {processor.py:163} INFO - Started process (PID=355) to work on /home/airflow/.local/lib/python3.8/site-packages/airflow/example_dags/example_nested_branch_dag.py
[2022-04-06 04:43:34,013] {processor.py:642} INFO - Processing file /home/airflow/.local/lib/python3.8/site-packages/airflow/example_dags/example_nested_branch_dag.py for tasks to queue
[2022-04-06 04:43:34,014] {logging_mixin.py:109} INFO - [2022-04-06 04:43:34,014] {dagbag.py:500} INFO - Filling up the DagBag from /home/airflow/.local/lib/python3.8/site-packages/airflow/example_dags/example_nested_branch_dag.py
[2022-04-06 04:43:34,047] {processor.py:654} INFO - DAG(s) dict_keys(['example_nested_branch_dag']) retrieved from /home/airflow/.local/lib/python3.8/site-packages/airflow/example_dags/example_nested_branch_dag.py
[2022-04-06 04:43:34,061] {logging_mixin.py:109} INFO - [2022-04-06 04:43:34,060] {dag.py:2396} INFO - Sync 1 DAGs
[2022-04-06 04:43:34,082] {logging_mixin.py:109} INFO - [2022-04-06 04:43:34,082] {dag.py:2935} INFO - Setting next_dagrun for example_nested_branch_dag to 2022-04-05 00:00:00+00:00
[2022-04-06 04:43:34,092] {processor.py:171} INFO - Processing /home/airflow/.local/lib/python3.8/site-packages/airflow/example_dags/example_nested_branch_dag.py took 0.087 seconds
[2022-04-06 04:44:04,557] {processor.py:163} INFO - Started process (PID=413) to work on /home/airflow/.local/lib/python3.8/site-packages/airflow/example_dags/example_nested_branch_dag.py
[2022-04-06 04:44:04,560] {processor.py:642} INFO - Processing file /home/airflow/.local/lib/python3.8/site-packages/airflow/example_dags/example_nested_branch_dag.py for tasks to queue
[2022-04-06 04:44:04,561] {logging_mixin.py:109} INFO - [2022-04-06 04:44:04,561] {dagbag.py:500} INFO - Filling up the DagBag from /home/airflow/.local/lib/python3.8/site-packages/airflow/example_dags/example_nested_branch_dag.py
[2022-04-06 04:44:04,602] {processor.py:654} INFO - DAG(s) dict_keys(['example_nested_branch_dag']) retrieved from /home/airflow/.local/lib/python3.8/site-packages/airflow/example_dags/example_nested_branch_dag.py
[2022-04-06 04:44:04,613] {logging_mixin.py:109} INFO - [2022-04-06 04:44:04,612] {dag.py:2396} INFO - Sync 1 DAGs
[2022-04-06 04:44:04,627] {logging_mixin.py:109} INFO - [2022-04-06 04:44:04,627] {dag.py:2935} INFO - Setting next_dagrun for example_nested_branch_dag to 2022-04-05 00:00:00+00:00
[2022-04-06 04:44:04,634] {processor.py:171} INFO - Processing /home/airflow/.local/lib/python3.8/site-packages/airflow/example_dags/example_nested_branch_dag.py took 0.085 seconds
[2022-04-06 04:44:34,787] {processor.py:163} INFO - Started process (PID=479) to work on /home/airflow/.local/lib/python3.8/site-packages/airflow/example_dags/example_nested_branch_dag.py
[2022-04-06 04:44:34,788] {processor.py:642} INFO - Processing file /home/airflow/.local/lib/python3.8/site-packages/airflow/example_dags/example_nested_branch_dag.py for tasks to queue
[2022-04-06 04:44:34,789] {logging_mixin.py:109} INFO - [2022-04-06 04:44:34,789] {dagbag.py:500} INFO - Filling up the DagBag from /home/airflow/.local/lib/python3.8/site-packages/airflow/example_dags/example_nested_branch_dag.py
[2022-04-06 04:44:34,817] {processor.py:654} INFO - DAG(s) dict_keys(['example_nested_branch_dag']) retrieved from /home/airflow/.local/lib/python3.8/site-packages/airflow/example_dags/example_nested_branch_dag.py
[2022-04-06 04:44:34,826] {logging_mixin.py:109} INFO - [2022-04-06 04:44:34,826] {dag.py:2396} INFO - Sync 1 DAGs
[2022-04-06 04:44:34,841] {logging_mixin.py:109} INFO - [2022-04-06 04:44:34,840] {dag.py:2935} INFO - Setting next_dagrun for example_nested_branch_dag to 2022-04-05 00:00:00+00:00
[2022-04-06 04:44:34,848] {processor.py:171} INFO - Processing /home/airflow/.local/lib/python3.8/site-packages/airflow/example_dags/example_nested_branch_dag.py took 0.066 seconds
[2022-04-06 04:45:05,007] {processor.py:163} INFO - Started process (PID=537) to work on /home/airflow/.local/lib/python3.8/site-packages/airflow/example_dags/example_nested_branch_dag.py
[2022-04-06 04:45:05,010] {processor.py:642} INFO - Processing file /home/airflow/.local/lib/python3.8/site-packages/airflow/example_dags/example_nested_branch_dag.py for tasks to queue
[2022-04-06 04:45:05,011] {logging_mixin.py:109} INFO - [2022-04-06 04:45:05,011] {dagbag.py:500} INFO - Filling up the DagBag from /home/airflow/.local/lib/python3.8/site-packages/airflow/example_dags/example_nested_branch_dag.py
[2022-04-06 04:45:05,046] {processor.py:654} INFO - DAG(s) dict_keys(['example_nested_branch_dag']) retrieved from /home/airflow/.local/lib/python3.8/site-packages/airflow/example_dags/example_nested_branch_dag.py
[2022-04-06 04:45:05,055] {logging_mixin.py:109} INFO - [2022-04-06 04:45:05,055] {dag.py:2396} INFO - Sync 1 DAGs
[2022-04-06 04:45:05,069] {logging_mixin.py:109} INFO - [2022-04-06 04:45:05,069] {dag.py:2935} INFO - Setting next_dagrun for example_nested_branch_dag to 2022-04-05 00:00:00+00:00
[2022-04-06 04:45:05,077] {processor.py:171} INFO - Processing /home/airflow/.local/lib/python3.8/site-packages/airflow/example_dags/example_nested_branch_dag.py took 0.077 seconds
[2022-04-06 04:45:35,282] {processor.py:163} INFO - Started process (PID=602) to work on /home/airflow/.local/lib/python3.8/site-packages/airflow/example_dags/example_nested_branch_dag.py
[2022-04-06 04:45:35,283] {processor.py:642} INFO - Processing file /home/airflow/.local/lib/python3.8/site-packages/airflow/example_dags/example_nested_branch_dag.py for tasks to queue
[2022-04-06 04:45:35,284] {logging_mixin.py:109} INFO - [2022-04-06 04:45:35,284] {dagbag.py:500} INFO - Filling up the DagBag from /home/airflow/.local/lib/python3.8/site-packages/airflow/example_dags/example_nested_branch_dag.py
[2022-04-06 04:45:35,317] {processor.py:654} INFO - DAG(s) dict_keys(['example_nested_branch_dag']) retrieved from /home/airflow/.local/lib/python3.8/site-packages/airflow/example_dags/example_nested_branch_dag.py
[2022-04-06 04:45:35,331] {logging_mixin.py:109} INFO - [2022-04-06 04:45:35,331] {dag.py:2396} INFO - Sync 1 DAGs
[2022-04-06 04:45:35,351] {logging_mixin.py:109} INFO - [2022-04-06 04:45:35,351] {dag.py:2935} INFO - Setting next_dagrun for example_nested_branch_dag to 2022-04-05 00:00:00+00:00
[2022-04-06 04:45:35,360] {processor.py:171} INFO - Processing /home/airflow/.local/lib/python3.8/site-packages/airflow/example_dags/example_nested_branch_dag.py took 0.081 seconds
[2022-04-06 04:46:05,744] {processor.py:163} INFO - Started process (PID=660) to work on /home/airflow/.local/lib/python3.8/site-packages/airflow/example_dags/example_nested_branch_dag.py
[2022-04-06 04:46:05,746] {processor.py:642} INFO - Processing file /home/airflow/.local/lib/python3.8/site-packages/airflow/example_dags/example_nested_branch_dag.py for tasks to queue
[2022-04-06 04:46:05,747] {logging_mixin.py:109} INFO - [2022-04-06 04:46:05,747] {dagbag.py:500} INFO - Filling up the DagBag from /home/airflow/.local/lib/python3.8/site-packages/airflow/example_dags/example_nested_branch_dag.py
[2022-04-06 04:46:05,790] {processor.py:654} INFO - DAG(s) dict_keys(['example_nested_branch_dag']) retrieved from /home/airflow/.local/lib/python3.8/site-packages/airflow/example_dags/example_nested_branch_dag.py
[2022-04-06 04:46:05,799] {logging_mixin.py:109} INFO - [2022-04-06 04:46:05,799] {dag.py:2396} INFO - Sync 1 DAGs
[2022-04-06 04:46:05,813] {logging_mixin.py:109} INFO - [2022-04-06 04:46:05,813] {dag.py:2935} INFO - Setting next_dagrun for example_nested_branch_dag to 2022-04-05 00:00:00+00:00
[2022-04-06 04:46:05,821] {processor.py:171} INFO - Processing /home/airflow/.local/lib/python3.8/site-packages/airflow/example_dags/example_nested_branch_dag.py took 0.086 seconds
[2022-04-06 04:46:36,012] {processor.py:163} INFO - Started process (PID=717) to work on /home/airflow/.local/lib/python3.8/site-packages/airflow/example_dags/example_nested_branch_dag.py
[2022-04-06 04:46:36,013] {processor.py:642} INFO - Processing file /home/airflow/.local/lib/python3.8/site-packages/airflow/example_dags/example_nested_branch_dag.py for tasks to queue
[2022-04-06 04:46:36,013] {logging_mixin.py:109} INFO - [2022-04-06 04:46:36,013] {dagbag.py:500} INFO - Filling up the DagBag from /home/airflow/.local/lib/python3.8/site-packages/airflow/example_dags/example_nested_branch_dag.py
[2022-04-06 04:46:36,033] {processor.py:654} INFO - DAG(s) dict_keys(['example_nested_branch_dag']) retrieved from /home/airflow/.local/lib/python3.8/site-packages/airflow/example_dags/example_nested_branch_dag.py
[2022-04-06 04:46:36,041] {logging_mixin.py:109} INFO - [2022-04-06 04:46:36,040] {dag.py:2396} INFO - Sync 1 DAGs
[2022-04-06 04:46:36,053] {logging_mixin.py:109} INFO - [2022-04-06 04:46:36,053] {dag.py:2935} INFO - Setting next_dagrun for example_nested_branch_dag to 2022-04-05 00:00:00+00:00
[2022-04-06 04:46:36,060] {processor.py:171} INFO - Processing /home/airflow/.local/lib/python3.8/site-packages/airflow/example_dags/example_nested_branch_dag.py took 0.050 seconds
[2022-04-06 04:47:06,440] {processor.py:163} INFO - Started process (PID=775) to work on /home/airflow/.local/lib/python3.8/site-packages/airflow/example_dags/example_nested_branch_dag.py
[2022-04-06 04:47:06,441] {processor.py:642} INFO - Processing file /home/airflow/.local/lib/python3.8/site-packages/airflow/example_dags/example_nested_branch_dag.py for tasks to queue
[2022-04-06 04:47:06,442] {logging_mixin.py:109} INFO - [2022-04-06 04:47:06,442] {dagbag.py:500} INFO - Filling up the DagBag from /home/airflow/.local/lib/python3.8/site-packages/airflow/example_dags/example_nested_branch_dag.py
[2022-04-06 04:47:06,470] {processor.py:654} INFO - DAG(s) dict_keys(['example_nested_branch_dag']) retrieved from /home/airflow/.local/lib/python3.8/site-packages/airflow/example_dags/example_nested_branch_dag.py
[2022-04-06 04:47:06,485] {logging_mixin.py:109} INFO - [2022-04-06 04:47:06,485] {dag.py:2396} INFO - Sync 1 DAGs
[2022-04-06 04:47:06,508] {logging_mixin.py:109} INFO - [2022-04-06 04:47:06,508] {dag.py:2935} INFO - Setting next_dagrun for example_nested_branch_dag to 2022-04-05 00:00:00+00:00
[2022-04-06 04:47:06,518] {processor.py:171} INFO - Processing /home/airflow/.local/lib/python3.8/site-packages/airflow/example_dags/example_nested_branch_dag.py took 0.081 seconds
[2022-04-06 04:47:36,663] {processor.py:163} INFO - Started process (PID=832) to work on /home/airflow/.local/lib/python3.8/site-packages/airflow/example_dags/example_nested_branch_dag.py
[2022-04-06 04:47:36,666] {processor.py:642} INFO - Processing file /home/airflow/.local/lib/python3.8/site-packages/airflow/example_dags/example_nested_branch_dag.py for tasks to queue
[2022-04-06 04:47:36,668] {logging_mixin.py:109} INFO - [2022-04-06 04:47:36,668] {dagbag.py:500} INFO - Filling up the DagBag from /home/airflow/.local/lib/python3.8/site-packages/airflow/example_dags/example_nested_branch_dag.py
[2022-04-06 04:47:36,704] {processor.py:654} INFO - DAG(s) dict_keys(['example_nested_branch_dag']) retrieved from /home/airflow/.local/lib/python3.8/site-packages/airflow/example_dags/example_nested_branch_dag.py
[2022-04-06 04:47:36,715] {logging_mixin.py:109} INFO - [2022-04-06 04:47:36,715] {dag.py:2396} INFO - Sync 1 DAGs
[2022-04-06 04:47:36,732] {logging_mixin.py:109} INFO - [2022-04-06 04:47:36,732] {dag.py:2935} INFO - Setting next_dagrun for example_nested_branch_dag to 2022-04-05 00:00:00+00:00
[2022-04-06 04:47:36,739] {processor.py:171} INFO - Processing /home/airflow/.local/lib/python3.8/site-packages/airflow/example_dags/example_nested_branch_dag.py took 0.084 seconds
[2022-04-06 04:48:06,897] {processor.py:163} INFO - Started process (PID=891) to work on /home/airflow/.local/lib/python3.8/site-packages/airflow/example_dags/example_nested_branch_dag.py
[2022-04-06 04:48:06,899] {processor.py:642} INFO - Processing file /home/airflow/.local/lib/python3.8/site-packages/airflow/example_dags/example_nested_branch_dag.py for tasks to queue
[2022-04-06 04:48:06,899] {logging_mixin.py:109} INFO - [2022-04-06 04:48:06,899] {dagbag.py:500} INFO - Filling up the DagBag from /home/airflow/.local/lib/python3.8/site-packages/airflow/example_dags/example_nested_branch_dag.py
[2022-04-06 04:48:06,926] {processor.py:654} INFO - DAG(s) dict_keys(['example_nested_branch_dag']) retrieved from /home/airflow/.local/lib/python3.8/site-packages/airflow/example_dags/example_nested_branch_dag.py
[2022-04-06 04:48:06,939] {logging_mixin.py:109} INFO - [2022-04-06 04:48:06,939] {dag.py:2396} INFO - Sync 1 DAGs
[2022-04-06 04:48:06,959] {logging_mixin.py:109} INFO - [2022-04-06 04:48:06,959] {dag.py:2935} INFO - Setting next_dagrun for example_nested_branch_dag to 2022-04-05 00:00:00+00:00
[2022-04-06 04:48:06,969] {processor.py:171} INFO - Processing /home/airflow/.local/lib/python3.8/site-packages/airflow/example_dags/example_nested_branch_dag.py took 0.074 seconds
[2022-04-06 04:48:37,488] {processor.py:163} INFO - Started process (PID=959) to work on /home/airflow/.local/lib/python3.8/site-packages/airflow/example_dags/example_nested_branch_dag.py
[2022-04-06 04:48:37,491] {processor.py:642} INFO - Processing file /home/airflow/.local/lib/python3.8/site-packages/airflow/example_dags/example_nested_branch_dag.py for tasks to queue
[2022-04-06 04:48:37,492] {logging_mixin.py:109} INFO - [2022-04-06 04:48:37,492] {dagbag.py:500} INFO - Filling up the DagBag from /home/airflow/.local/lib/python3.8/site-packages/airflow/example_dags/example_nested_branch_dag.py
[2022-04-06 04:48:37,527] {processor.py:654} INFO - DAG(s) dict_keys(['example_nested_branch_dag']) retrieved from /home/airflow/.local/lib/python3.8/site-packages/airflow/example_dags/example_nested_branch_dag.py
[2022-04-06 04:48:37,537] {logging_mixin.py:109} INFO - [2022-04-06 04:48:37,537] {dag.py:2396} INFO - Sync 1 DAGs
[2022-04-06 04:48:37,551] {logging_mixin.py:109} INFO - [2022-04-06 04:48:37,550] {dag.py:2935} INFO - Setting next_dagrun for example_nested_branch_dag to 2022-04-05 00:00:00+00:00
[2022-04-06 04:48:37,558] {processor.py:171} INFO - Processing /home/airflow/.local/lib/python3.8/site-packages/airflow/example_dags/example_nested_branch_dag.py took 0.078 seconds
[2022-04-06 04:49:07,972] {processor.py:163} INFO - Started process (PID=1025) to work on /home/airflow/.local/lib/python3.8/site-packages/airflow/example_dags/example_nested_branch_dag.py
[2022-04-06 04:49:07,975] {processor.py:642} INFO - Processing file /home/airflow/.local/lib/python3.8/site-packages/airflow/example_dags/example_nested_branch_dag.py for tasks to queue
[2022-04-06 04:49:07,976] {logging_mixin.py:109} INFO - [2022-04-06 04:49:07,976] {dagbag.py:500} INFO - Filling up the DagBag from /home/airflow/.local/lib/python3.8/site-packages/airflow/example_dags/example_nested_branch_dag.py
[2022-04-06 04:49:08,013] {processor.py:654} INFO - DAG(s) dict_keys(['example_nested_branch_dag']) retrieved from /home/airflow/.local/lib/python3.8/site-packages/airflow/example_dags/example_nested_branch_dag.py
[2022-04-06 04:49:08,022] {logging_mixin.py:109} INFO - [2022-04-06 04:49:08,022] {dag.py:2396} INFO - Sync 1 DAGs
[2022-04-06 04:49:08,036] {logging_mixin.py:109} INFO - [2022-04-06 04:49:08,036] {dag.py:2935} INFO - Setting next_dagrun for example_nested_branch_dag to 2022-04-05 00:00:00+00:00
[2022-04-06 04:49:08,043] {processor.py:171} INFO - Processing /home/airflow/.local/lib/python3.8/site-packages/airflow/example_dags/example_nested_branch_dag.py took 0.078 seconds
[2022-04-06 04:49:38,120] {processor.py:163} INFO - Started process (PID=1090) to work on /home/airflow/.local/lib/python3.8/site-packages/airflow/example_dags/example_nested_branch_dag.py
[2022-04-06 04:49:38,121] {processor.py:642} INFO - Processing file /home/airflow/.local/lib/python3.8/site-packages/airflow/example_dags/example_nested_branch_dag.py for tasks to queue
[2022-04-06 04:49:38,121] {logging_mixin.py:109} INFO - [2022-04-06 04:49:38,121] {dagbag.py:500} INFO - Filling up the DagBag from /home/airflow/.local/lib/python3.8/site-packages/airflow/example_dags/example_nested_branch_dag.py
[2022-04-06 04:49:38,145] {processor.py:654} INFO - DAG(s) dict_keys(['example_nested_branch_dag']) retrieved from /home/airflow/.local/lib/python3.8/site-packages/airflow/example_dags/example_nested_branch_dag.py
[2022-04-06 04:49:38,154] {logging_mixin.py:109} INFO - [2022-04-06 04:49:38,154] {dag.py:2396} INFO - Sync 1 DAGs
[2022-04-06 04:49:38,168] {logging_mixin.py:109} INFO - [2022-04-06 04:49:38,168] {dag.py:2935} INFO - Setting next_dagrun for example_nested_branch_dag to 2022-04-05 00:00:00+00:00
[2022-04-06 04:49:38,175] {processor.py:171} INFO - Processing /home/airflow/.local/lib/python3.8/site-packages/airflow/example_dags/example_nested_branch_dag.py took 0.058 seconds
[2022-04-06 04:50:08,733] {processor.py:163} INFO - Started process (PID=1149) to work on /home/airflow/.local/lib/python3.8/site-packages/airflow/example_dags/example_nested_branch_dag.py
[2022-04-06 04:50:08,734] {processor.py:642} INFO - Processing file /home/airflow/.local/lib/python3.8/site-packages/airflow/example_dags/example_nested_branch_dag.py for tasks to queue
[2022-04-06 04:50:08,734] {logging_mixin.py:109} INFO - [2022-04-06 04:50:08,734] {dagbag.py:500} INFO - Filling up the DagBag from /home/airflow/.local/lib/python3.8/site-packages/airflow/example_dags/example_nested_branch_dag.py
[2022-04-06 04:50:08,755] {processor.py:654} INFO - DAG(s) dict_keys(['example_nested_branch_dag']) retrieved from /home/airflow/.local/lib/python3.8/site-packages/airflow/example_dags/example_nested_branch_dag.py
[2022-04-06 04:50:08,765] {logging_mixin.py:109} INFO - [2022-04-06 04:50:08,765] {dag.py:2396} INFO - Sync 1 DAGs
[2022-04-06 04:50:08,782] {logging_mixin.py:109} INFO - [2022-04-06 04:50:08,782] {dag.py:2935} INFO - Setting next_dagrun for example_nested_branch_dag to 2022-04-05 00:00:00+00:00
[2022-04-06 04:50:08,789] {processor.py:171} INFO - Processing /home/airflow/.local/lib/python3.8/site-packages/airflow/example_dags/example_nested_branch_dag.py took 0.059 seconds
[2022-04-06 04:50:38,821] {processor.py:163} INFO - Started process (PID=1206) to work on /home/airflow/.local/lib/python3.8/site-packages/airflow/example_dags/example_nested_branch_dag.py
[2022-04-06 04:50:38,822] {processor.py:642} INFO - Processing file /home/airflow/.local/lib/python3.8/site-packages/airflow/example_dags/example_nested_branch_dag.py for tasks to queue
[2022-04-06 04:50:38,823] {logging_mixin.py:109} INFO - [2022-04-06 04:50:38,823] {dagbag.py:500} INFO - Filling up the DagBag from /home/airflow/.local/lib/python3.8/site-packages/airflow/example_dags/example_nested_branch_dag.py
[2022-04-06 04:50:38,850] {processor.py:654} INFO - DAG(s) dict_keys(['example_nested_branch_dag']) retrieved from /home/airflow/.local/lib/python3.8/site-packages/airflow/example_dags/example_nested_branch_dag.py
[2022-04-06 04:50:38,860] {logging_mixin.py:109} INFO - [2022-04-06 04:50:38,860] {dag.py:2396} INFO - Sync 1 DAGs
[2022-04-06 04:50:38,874] {logging_mixin.py:109} INFO - [2022-04-06 04:50:38,874] {dag.py:2935} INFO - Setting next_dagrun for example_nested_branch_dag to 2022-04-05 00:00:00+00:00
[2022-04-06 04:50:38,881] {processor.py:171} INFO - Processing /home/airflow/.local/lib/python3.8/site-packages/airflow/example_dags/example_nested_branch_dag.py took 0.066 seconds
[2022-04-06 04:52:41,004] {processor.py:163} INFO - Started process (PID=47) to work on /home/airflow/.local/lib/python3.8/site-packages/airflow/example_dags/example_nested_branch_dag.py
[2022-04-06 04:52:41,009] {processor.py:642} INFO - Processing file /home/airflow/.local/lib/python3.8/site-packages/airflow/example_dags/example_nested_branch_dag.py for tasks to queue
[2022-04-06 04:52:41,011] {logging_mixin.py:109} INFO - [2022-04-06 04:52:41,011] {dagbag.py:500} INFO - Filling up the DagBag from /home/airflow/.local/lib/python3.8/site-packages/airflow/example_dags/example_nested_branch_dag.py
[2022-04-06 04:52:41,057] {processor.py:654} INFO - DAG(s) dict_keys(['example_nested_branch_dag']) retrieved from /home/airflow/.local/lib/python3.8/site-packages/airflow/example_dags/example_nested_branch_dag.py
[2022-04-06 04:52:41,066] {logging_mixin.py:109} INFO - [2022-04-06 04:52:41,066] {dag.py:2396} INFO - Sync 1 DAGs
[2022-04-06 04:52:41,081] {logging_mixin.py:109} INFO - [2022-04-06 04:52:41,081] {dag.py:2935} INFO - Setting next_dagrun for example_nested_branch_dag to 2022-04-05 00:00:00+00:00
[2022-04-06 04:52:41,088] {processor.py:171} INFO - Processing /home/airflow/.local/lib/python3.8/site-packages/airflow/example_dags/example_nested_branch_dag.py took 0.087 seconds
[2022-04-06 04:53:11,342] {processor.py:163} INFO - Started process (PID=98) to work on /home/airflow/.local/lib/python3.8/site-packages/airflow/example_dags/example_nested_branch_dag.py
[2022-04-06 04:53:11,343] {processor.py:642} INFO - Processing file /home/airflow/.local/lib/python3.8/site-packages/airflow/example_dags/example_nested_branch_dag.py for tasks to queue
[2022-04-06 04:53:11,343] {logging_mixin.py:109} INFO - [2022-04-06 04:53:11,343] {dagbag.py:500} INFO - Filling up the DagBag from /home/airflow/.local/lib/python3.8/site-packages/airflow/example_dags/example_nested_branch_dag.py
[2022-04-06 04:53:11,369] {processor.py:654} INFO - DAG(s) dict_keys(['example_nested_branch_dag']) retrieved from /home/airflow/.local/lib/python3.8/site-packages/airflow/example_dags/example_nested_branch_dag.py
[2022-04-06 04:53:11,378] {logging_mixin.py:109} INFO - [2022-04-06 04:53:11,378] {dag.py:2396} INFO - Sync 1 DAGs
[2022-04-06 04:53:11,393] {logging_mixin.py:109} INFO - [2022-04-06 04:53:11,393] {dag.py:2935} INFO - Setting next_dagrun for example_nested_branch_dag to 2022-04-05 00:00:00+00:00
[2022-04-06 04:53:11,401] {processor.py:171} INFO - Processing /home/airflow/.local/lib/python3.8/site-packages/airflow/example_dags/example_nested_branch_dag.py took 0.062 seconds
[2022-04-06 04:53:41,518] {processor.py:163} INFO - Started process (PID=163) to work on /home/airflow/.local/lib/python3.8/site-packages/airflow/example_dags/example_nested_branch_dag.py
[2022-04-06 04:53:41,519] {processor.py:642} INFO - Processing file /home/airflow/.local/lib/python3.8/site-packages/airflow/example_dags/example_nested_branch_dag.py for tasks to queue
[2022-04-06 04:53:41,520] {logging_mixin.py:109} INFO - [2022-04-06 04:53:41,519] {dagbag.py:500} INFO - Filling up the DagBag from /home/airflow/.local/lib/python3.8/site-packages/airflow/example_dags/example_nested_branch_dag.py
[2022-04-06 04:53:41,548] {processor.py:654} INFO - DAG(s) dict_keys(['example_nested_branch_dag']) retrieved from /home/airflow/.local/lib/python3.8/site-packages/airflow/example_dags/example_nested_branch_dag.py
[2022-04-06 04:53:41,559] {logging_mixin.py:109} INFO - [2022-04-06 04:53:41,559] {dag.py:2396} INFO - Sync 1 DAGs
[2022-04-06 04:53:41,574] {logging_mixin.py:109} INFO - [2022-04-06 04:53:41,574] {dag.py:2935} INFO - Setting next_dagrun for example_nested_branch_dag to 2022-04-05 00:00:00+00:00
[2022-04-06 04:53:41,582] {processor.py:171} INFO - Processing /home/airflow/.local/lib/python3.8/site-packages/airflow/example_dags/example_nested_branch_dag.py took 0.066 seconds
[2022-04-06 04:54:11,913] {processor.py:163} INFO - Started process (PID=221) to work on /home/airflow/.local/lib/python3.8/site-packages/airflow/example_dags/example_nested_branch_dag.py
[2022-04-06 04:54:11,914] {processor.py:642} INFO - Processing file /home/airflow/.local/lib/python3.8/site-packages/airflow/example_dags/example_nested_branch_dag.py for tasks to queue
[2022-04-06 04:54:11,914] {logging_mixin.py:109} INFO - [2022-04-06 04:54:11,914] {dagbag.py:500} INFO - Filling up the DagBag from /home/airflow/.local/lib/python3.8/site-packages/airflow/example_dags/example_nested_branch_dag.py
[2022-04-06 04:54:11,940] {processor.py:654} INFO - DAG(s) dict_keys(['example_nested_branch_dag']) retrieved from /home/airflow/.local/lib/python3.8/site-packages/airflow/example_dags/example_nested_branch_dag.py
[2022-04-06 04:54:11,952] {logging_mixin.py:109} INFO - [2022-04-06 04:54:11,951] {dag.py:2396} INFO - Sync 1 DAGs
[2022-04-06 04:54:11,969] {logging_mixin.py:109} INFO - [2022-04-06 04:54:11,969] {dag.py:2935} INFO - Setting next_dagrun for example_nested_branch_dag to 2022-04-05 00:00:00+00:00
[2022-04-06 04:54:11,976] {processor.py:171} INFO - Processing /home/airflow/.local/lib/python3.8/site-packages/airflow/example_dags/example_nested_branch_dag.py took 0.065 seconds
[2022-04-06 04:54:42,440] {processor.py:163} INFO - Started process (PID=279) to work on /home/airflow/.local/lib/python3.8/site-packages/airflow/example_dags/example_nested_branch_dag.py
[2022-04-06 04:54:42,441] {processor.py:642} INFO - Processing file /home/airflow/.local/lib/python3.8/site-packages/airflow/example_dags/example_nested_branch_dag.py for tasks to queue
[2022-04-06 04:54:42,442] {logging_mixin.py:109} INFO - [2022-04-06 04:54:42,441] {dagbag.py:500} INFO - Filling up the DagBag from /home/airflow/.local/lib/python3.8/site-packages/airflow/example_dags/example_nested_branch_dag.py
[2022-04-06 04:54:42,467] {processor.py:654} INFO - DAG(s) dict_keys(['example_nested_branch_dag']) retrieved from /home/airflow/.local/lib/python3.8/site-packages/airflow/example_dags/example_nested_branch_dag.py
[2022-04-06 04:54:42,477] {logging_mixin.py:109} INFO - [2022-04-06 04:54:42,477] {dag.py:2396} INFO - Sync 1 DAGs
[2022-04-06 04:54:42,494] {logging_mixin.py:109} INFO - [2022-04-06 04:54:42,494] {dag.py:2935} INFO - Setting next_dagrun for example_nested_branch_dag to 2022-04-05 00:00:00+00:00
[2022-04-06 04:54:42,502] {processor.py:171} INFO - Processing /home/airflow/.local/lib/python3.8/site-packages/airflow/example_dags/example_nested_branch_dag.py took 0.065 seconds
[2022-04-06 04:55:13,019] {processor.py:163} INFO - Started process (PID=344) to work on /home/airflow/.local/lib/python3.8/site-packages/airflow/example_dags/example_nested_branch_dag.py
[2022-04-06 04:55:13,020] {processor.py:642} INFO - Processing file /home/airflow/.local/lib/python3.8/site-packages/airflow/example_dags/example_nested_branch_dag.py for tasks to queue
[2022-04-06 04:55:13,021] {logging_mixin.py:109} INFO - [2022-04-06 04:55:13,021] {dagbag.py:500} INFO - Filling up the DagBag from /home/airflow/.local/lib/python3.8/site-packages/airflow/example_dags/example_nested_branch_dag.py
[2022-04-06 04:55:13,047] {processor.py:654} INFO - DAG(s) dict_keys(['example_nested_branch_dag']) retrieved from /home/airflow/.local/lib/python3.8/site-packages/airflow/example_dags/example_nested_branch_dag.py
[2022-04-06 04:55:13,058] {logging_mixin.py:109} INFO - [2022-04-06 04:55:13,058] {dag.py:2396} INFO - Sync 1 DAGs
[2022-04-06 04:55:13,074] {logging_mixin.py:109} INFO - [2022-04-06 04:55:13,074] {dag.py:2935} INFO - Setting next_dagrun for example_nested_branch_dag to 2022-04-05 00:00:00+00:00
[2022-04-06 04:55:13,081] {processor.py:171} INFO - Processing /home/airflow/.local/lib/python3.8/site-packages/airflow/example_dags/example_nested_branch_dag.py took 0.064 seconds
[2022-04-06 04:55:43,429] {processor.py:163} INFO - Started process (PID=402) to work on /home/airflow/.local/lib/python3.8/site-packages/airflow/example_dags/example_nested_branch_dag.py
[2022-04-06 04:55:43,430] {processor.py:642} INFO - Processing file /home/airflow/.local/lib/python3.8/site-packages/airflow/example_dags/example_nested_branch_dag.py for tasks to queue
[2022-04-06 04:55:43,430] {logging_mixin.py:109} INFO - [2022-04-06 04:55:43,430] {dagbag.py:500} INFO - Filling up the DagBag from /home/airflow/.local/lib/python3.8/site-packages/airflow/example_dags/example_nested_branch_dag.py
[2022-04-06 04:55:43,457] {processor.py:654} INFO - DAG(s) dict_keys(['example_nested_branch_dag']) retrieved from /home/airflow/.local/lib/python3.8/site-packages/airflow/example_dags/example_nested_branch_dag.py
[2022-04-06 04:55:43,466] {logging_mixin.py:109} INFO - [2022-04-06 04:55:43,466] {dag.py:2396} INFO - Sync 1 DAGs
[2022-04-06 04:55:43,478] {logging_mixin.py:109} INFO - [2022-04-06 04:55:43,478] {dag.py:2935} INFO - Setting next_dagrun for example_nested_branch_dag to 2022-04-05 00:00:00+00:00
[2022-04-06 04:55:43,484] {processor.py:171} INFO - Processing /home/airflow/.local/lib/python3.8/site-packages/airflow/example_dags/example_nested_branch_dag.py took 0.058 seconds
[2022-04-06 04:56:13,803] {processor.py:163} INFO - Started process (PID=459) to work on /home/airflow/.local/lib/python3.8/site-packages/airflow/example_dags/example_nested_branch_dag.py
[2022-04-06 04:56:13,804] {processor.py:642} INFO - Processing file /home/airflow/.local/lib/python3.8/site-packages/airflow/example_dags/example_nested_branch_dag.py for tasks to queue
[2022-04-06 04:56:13,805] {logging_mixin.py:109} INFO - [2022-04-06 04:56:13,804] {dagbag.py:500} INFO - Filling up the DagBag from /home/airflow/.local/lib/python3.8/site-packages/airflow/example_dags/example_nested_branch_dag.py
[2022-04-06 04:56:13,829] {processor.py:654} INFO - DAG(s) dict_keys(['example_nested_branch_dag']) retrieved from /home/airflow/.local/lib/python3.8/site-packages/airflow/example_dags/example_nested_branch_dag.py
[2022-04-06 04:56:13,841] {logging_mixin.py:109} INFO - [2022-04-06 04:56:13,841] {dag.py:2396} INFO - Sync 1 DAGs
[2022-04-06 04:56:13,860] {logging_mixin.py:109} INFO - [2022-04-06 04:56:13,860] {dag.py:2935} INFO - Setting next_dagrun for example_nested_branch_dag to 2022-04-05 00:00:00+00:00
[2022-04-06 04:56:13,868] {processor.py:171} INFO - Processing /home/airflow/.local/lib/python3.8/site-packages/airflow/example_dags/example_nested_branch_dag.py took 0.067 seconds
[2022-04-06 04:56:44,037] {processor.py:163} INFO - Started process (PID=524) to work on /home/airflow/.local/lib/python3.8/site-packages/airflow/example_dags/example_nested_branch_dag.py
[2022-04-06 04:56:44,038] {processor.py:642} INFO - Processing file /home/airflow/.local/lib/python3.8/site-packages/airflow/example_dags/example_nested_branch_dag.py for tasks to queue
[2022-04-06 04:56:44,039] {logging_mixin.py:109} INFO - [2022-04-06 04:56:44,039] {dagbag.py:500} INFO - Filling up the DagBag from /home/airflow/.local/lib/python3.8/site-packages/airflow/example_dags/example_nested_branch_dag.py
[2022-04-06 04:56:44,063] {processor.py:654} INFO - DAG(s) dict_keys(['example_nested_branch_dag']) retrieved from /home/airflow/.local/lib/python3.8/site-packages/airflow/example_dags/example_nested_branch_dag.py
[2022-04-06 04:56:44,072] {logging_mixin.py:109} INFO - [2022-04-06 04:56:44,072] {dag.py:2396} INFO - Sync 1 DAGs
[2022-04-06 04:56:44,092] {logging_mixin.py:109} INFO - [2022-04-06 04:56:44,091] {dag.py:2935} INFO - Setting next_dagrun for example_nested_branch_dag to 2022-04-05 00:00:00+00:00
[2022-04-06 04:56:44,101] {processor.py:171} INFO - Processing /home/airflow/.local/lib/python3.8/site-packages/airflow/example_dags/example_nested_branch_dag.py took 0.066 seconds
[2022-04-06 04:57:14,142] {processor.py:163} INFO - Started process (PID=581) to work on /home/airflow/.local/lib/python3.8/site-packages/airflow/example_dags/example_nested_branch_dag.py
[2022-04-06 04:57:14,143] {processor.py:642} INFO - Processing file /home/airflow/.local/lib/python3.8/site-packages/airflow/example_dags/example_nested_branch_dag.py for tasks to queue
[2022-04-06 04:57:14,144] {logging_mixin.py:109} INFO - [2022-04-06 04:57:14,144] {dagbag.py:500} INFO - Filling up the DagBag from /home/airflow/.local/lib/python3.8/site-packages/airflow/example_dags/example_nested_branch_dag.py
[2022-04-06 04:57:14,168] {processor.py:654} INFO - DAG(s) dict_keys(['example_nested_branch_dag']) retrieved from /home/airflow/.local/lib/python3.8/site-packages/airflow/example_dags/example_nested_branch_dag.py
[2022-04-06 04:57:14,179] {logging_mixin.py:109} INFO - [2022-04-06 04:57:14,179] {dag.py:2396} INFO - Sync 1 DAGs
[2022-04-06 04:57:14,197] {logging_mixin.py:109} INFO - [2022-04-06 04:57:14,196] {dag.py:2935} INFO - Setting next_dagrun for example_nested_branch_dag to 2022-04-05 00:00:00+00:00
[2022-04-06 04:57:14,204] {processor.py:171} INFO - Processing /home/airflow/.local/lib/python3.8/site-packages/airflow/example_dags/example_nested_branch_dag.py took 0.065 seconds
[2022-04-06 05:02:29,826] {processor.py:163} INFO - Started process (PID=47) to work on /home/airflow/.local/lib/python3.8/site-packages/airflow/example_dags/example_nested_branch_dag.py
[2022-04-06 05:02:29,828] {processor.py:642} INFO - Processing file /home/airflow/.local/lib/python3.8/site-packages/airflow/example_dags/example_nested_branch_dag.py for tasks to queue
[2022-04-06 05:02:29,830] {logging_mixin.py:109} INFO - [2022-04-06 05:02:29,830] {dagbag.py:500} INFO - Filling up the DagBag from /home/airflow/.local/lib/python3.8/site-packages/airflow/example_dags/example_nested_branch_dag.py
[2022-04-06 05:02:29,868] {processor.py:654} INFO - DAG(s) dict_keys(['example_nested_branch_dag']) retrieved from /home/airflow/.local/lib/python3.8/site-packages/airflow/example_dags/example_nested_branch_dag.py
[2022-04-06 05:02:29,877] {logging_mixin.py:109} INFO - [2022-04-06 05:02:29,877] {dag.py:2396} INFO - Sync 1 DAGs
[2022-04-06 05:02:29,893] {logging_mixin.py:109} INFO - [2022-04-06 05:02:29,893] {dag.py:2935} INFO - Setting next_dagrun for example_nested_branch_dag to 2022-04-05 00:00:00+00:00
[2022-04-06 05:02:29,901] {processor.py:171} INFO - Processing /home/airflow/.local/lib/python3.8/site-packages/airflow/example_dags/example_nested_branch_dag.py took 0.080 seconds
[2022-04-06 05:03:00,571] {processor.py:163} INFO - Started process (PID=97) to work on /home/airflow/.local/lib/python3.8/site-packages/airflow/example_dags/example_nested_branch_dag.py
[2022-04-06 05:03:00,572] {processor.py:642} INFO - Processing file /home/airflow/.local/lib/python3.8/site-packages/airflow/example_dags/example_nested_branch_dag.py for tasks to queue
[2022-04-06 05:03:00,573] {logging_mixin.py:109} INFO - [2022-04-06 05:03:00,573] {dagbag.py:500} INFO - Filling up the DagBag from /home/airflow/.local/lib/python3.8/site-packages/airflow/example_dags/example_nested_branch_dag.py
[2022-04-06 05:03:00,614] {processor.py:654} INFO - DAG(s) dict_keys(['example_nested_branch_dag']) retrieved from /home/airflow/.local/lib/python3.8/site-packages/airflow/example_dags/example_nested_branch_dag.py
[2022-04-06 05:03:00,630] {logging_mixin.py:109} INFO - [2022-04-06 05:03:00,629] {dag.py:2396} INFO - Sync 1 DAGs
[2022-04-06 05:03:00,652] {logging_mixin.py:109} INFO - [2022-04-06 05:03:00,651] {dag.py:2935} INFO - Setting next_dagrun for example_nested_branch_dag to 2022-04-05 00:00:00+00:00
[2022-04-06 05:03:00,667] {processor.py:171} INFO - Processing /home/airflow/.local/lib/python3.8/site-packages/airflow/example_dags/example_nested_branch_dag.py took 0.099 seconds
[2022-04-06 05:03:30,917] {processor.py:163} INFO - Started process (PID=163) to work on /home/airflow/.local/lib/python3.8/site-packages/airflow/example_dags/example_nested_branch_dag.py
[2022-04-06 05:03:30,918] {processor.py:642} INFO - Processing file /home/airflow/.local/lib/python3.8/site-packages/airflow/example_dags/example_nested_branch_dag.py for tasks to queue
[2022-04-06 05:03:30,919] {logging_mixin.py:109} INFO - [2022-04-06 05:03:30,919] {dagbag.py:500} INFO - Filling up the DagBag from /home/airflow/.local/lib/python3.8/site-packages/airflow/example_dags/example_nested_branch_dag.py
[2022-04-06 05:03:30,946] {processor.py:654} INFO - DAG(s) dict_keys(['example_nested_branch_dag']) retrieved from /home/airflow/.local/lib/python3.8/site-packages/airflow/example_dags/example_nested_branch_dag.py
[2022-04-06 05:03:30,957] {logging_mixin.py:109} INFO - [2022-04-06 05:03:30,957] {dag.py:2396} INFO - Sync 1 DAGs
[2022-04-06 05:03:30,976] {logging_mixin.py:109} INFO - [2022-04-06 05:03:30,976] {dag.py:2935} INFO - Setting next_dagrun for example_nested_branch_dag to 2022-04-05 00:00:00+00:00
[2022-04-06 05:03:30,986] {processor.py:171} INFO - Processing /home/airflow/.local/lib/python3.8/site-packages/airflow/example_dags/example_nested_branch_dag.py took 0.072 seconds
