[2022-04-06 04:43:15,639] {processor.py:163} INFO - Started process (PID=224) to work on /home/airflow/.local/lib/python3.8/site-packages/airflow/example_dags/example_branch_datetime_operator.py
[2022-04-06 04:43:15,640] {processor.py:642} INFO - Processing file /home/airflow/.local/lib/python3.8/site-packages/airflow/example_dags/example_branch_datetime_operator.py for tasks to queue
[2022-04-06 04:43:15,641] {logging_mixin.py:109} INFO - [2022-04-06 04:43:15,640] {dagbag.py:500} INFO - Filling up the DagBag from /home/airflow/.local/lib/python3.8/site-packages/airflow/example_dags/example_branch_datetime_operator.py
[2022-04-06 04:43:15,668] {processor.py:654} INFO - DAG(s) dict_keys(['example_branch_datetime_operator_2']) retrieved from /home/airflow/.local/lib/python3.8/site-packages/airflow/example_dags/example_branch_datetime_operator.py
[2022-04-06 04:43:17,843] {logging_mixin.py:109} INFO - [2022-04-06 04:43:17,843] {manager.py:496} INFO - Created Permission View: can read on DAG:example_branch_datetime_operator_2
[2022-04-06 04:43:17,848] {logging_mixin.py:109} INFO - [2022-04-06 04:43:17,848] {manager.py:496} INFO - Created Permission View: can edit on DAG:example_branch_datetime_operator_2
[2022-04-06 04:43:17,849] {logging_mixin.py:109} INFO - [2022-04-06 04:43:17,848] {dag.py:2396} INFO - Sync 1 DAGs
[2022-04-06 04:43:17,854] {logging_mixin.py:109} INFO - [2022-04-06 04:43:17,853] {dag.py:2415} INFO - Creating ORM DAG for example_branch_datetime_operator_2
[2022-04-06 04:43:17,862] {logging_mixin.py:109} INFO - [2022-04-06 04:43:17,862] {dag.py:2935} INFO - Setting next_dagrun for example_branch_datetime_operator_2 to 2022-04-05 00:00:00+00:00
[2022-04-06 04:43:17,872] {processor.py:171} INFO - Processing /home/airflow/.local/lib/python3.8/site-packages/airflow/example_dags/example_branch_datetime_operator.py took 2.235 seconds
[2022-04-06 04:43:47,931] {processor.py:163} INFO - Started process (PID=378) to work on /home/airflow/.local/lib/python3.8/site-packages/airflow/example_dags/example_branch_datetime_operator.py
[2022-04-06 04:43:47,932] {processor.py:642} INFO - Processing file /home/airflow/.local/lib/python3.8/site-packages/airflow/example_dags/example_branch_datetime_operator.py for tasks to queue
[2022-04-06 04:43:47,933] {logging_mixin.py:109} INFO - [2022-04-06 04:43:47,933] {dagbag.py:500} INFO - Filling up the DagBag from /home/airflow/.local/lib/python3.8/site-packages/airflow/example_dags/example_branch_datetime_operator.py
[2022-04-06 04:43:47,959] {processor.py:654} INFO - DAG(s) dict_keys(['example_branch_datetime_operator_2']) retrieved from /home/airflow/.local/lib/python3.8/site-packages/airflow/example_dags/example_branch_datetime_operator.py
[2022-04-06 04:43:47,968] {logging_mixin.py:109} INFO - [2022-04-06 04:43:47,968] {dag.py:2396} INFO - Sync 1 DAGs
[2022-04-06 04:43:47,985] {logging_mixin.py:109} INFO - [2022-04-06 04:43:47,985] {dag.py:2935} INFO - Setting next_dagrun for example_branch_datetime_operator_2 to 2022-04-06T00:00:00+00:00
[2022-04-06 04:43:47,994] {processor.py:171} INFO - Processing /home/airflow/.local/lib/python3.8/site-packages/airflow/example_dags/example_branch_datetime_operator.py took 0.067 seconds
[2022-04-06 04:44:18,199] {processor.py:163} INFO - Started process (PID=436) to work on /home/airflow/.local/lib/python3.8/site-packages/airflow/example_dags/example_branch_datetime_operator.py
[2022-04-06 04:44:18,200] {processor.py:642} INFO - Processing file /home/airflow/.local/lib/python3.8/site-packages/airflow/example_dags/example_branch_datetime_operator.py for tasks to queue
[2022-04-06 04:44:18,200] {logging_mixin.py:109} INFO - [2022-04-06 04:44:18,200] {dagbag.py:500} INFO - Filling up the DagBag from /home/airflow/.local/lib/python3.8/site-packages/airflow/example_dags/example_branch_datetime_operator.py
[2022-04-06 04:44:18,220] {processor.py:654} INFO - DAG(s) dict_keys(['example_branch_datetime_operator_2']) retrieved from /home/airflow/.local/lib/python3.8/site-packages/airflow/example_dags/example_branch_datetime_operator.py
[2022-04-06 04:44:18,228] {logging_mixin.py:109} INFO - [2022-04-06 04:44:18,228] {dag.py:2396} INFO - Sync 1 DAGs
[2022-04-06 04:44:18,242] {logging_mixin.py:109} INFO - [2022-04-06 04:44:18,242] {dag.py:2935} INFO - Setting next_dagrun for example_branch_datetime_operator_2 to 2022-04-06T00:00:00+00:00
[2022-04-06 04:44:18,250] {processor.py:171} INFO - Processing /home/airflow/.local/lib/python3.8/site-packages/airflow/example_dags/example_branch_datetime_operator.py took 0.053 seconds
[2022-04-06 04:44:48,314] {processor.py:163} INFO - Started process (PID=502) to work on /home/airflow/.local/lib/python3.8/site-packages/airflow/example_dags/example_branch_datetime_operator.py
[2022-04-06 04:44:48,316] {processor.py:642} INFO - Processing file /home/airflow/.local/lib/python3.8/site-packages/airflow/example_dags/example_branch_datetime_operator.py for tasks to queue
[2022-04-06 04:44:48,317] {logging_mixin.py:109} INFO - [2022-04-06 04:44:48,317] {dagbag.py:500} INFO - Filling up the DagBag from /home/airflow/.local/lib/python3.8/site-packages/airflow/example_dags/example_branch_datetime_operator.py
[2022-04-06 04:44:48,351] {processor.py:654} INFO - DAG(s) dict_keys(['example_branch_datetime_operator_2']) retrieved from /home/airflow/.local/lib/python3.8/site-packages/airflow/example_dags/example_branch_datetime_operator.py
[2022-04-06 04:44:48,360] {logging_mixin.py:109} INFO - [2022-04-06 04:44:48,360] {dag.py:2396} INFO - Sync 1 DAGs
[2022-04-06 04:44:48,374] {logging_mixin.py:109} INFO - [2022-04-06 04:44:48,374] {dag.py:2935} INFO - Setting next_dagrun for example_branch_datetime_operator_2 to 2022-04-06T00:00:00+00:00
[2022-04-06 04:44:48,381] {processor.py:171} INFO - Processing /home/airflow/.local/lib/python3.8/site-packages/airflow/example_dags/example_branch_datetime_operator.py took 0.073 seconds
[2022-04-06 04:45:18,605] {processor.py:163} INFO - Started process (PID=559) to work on /home/airflow/.local/lib/python3.8/site-packages/airflow/example_dags/example_branch_datetime_operator.py
[2022-04-06 04:45:18,606] {processor.py:642} INFO - Processing file /home/airflow/.local/lib/python3.8/site-packages/airflow/example_dags/example_branch_datetime_operator.py for tasks to queue
[2022-04-06 04:45:18,606] {logging_mixin.py:109} INFO - [2022-04-06 04:45:18,606] {dagbag.py:500} INFO - Filling up the DagBag from /home/airflow/.local/lib/python3.8/site-packages/airflow/example_dags/example_branch_datetime_operator.py
[2022-04-06 04:45:18,636] {processor.py:654} INFO - DAG(s) dict_keys(['example_branch_datetime_operator_2']) retrieved from /home/airflow/.local/lib/python3.8/site-packages/airflow/example_dags/example_branch_datetime_operator.py
[2022-04-06 04:45:18,645] {logging_mixin.py:109} INFO - [2022-04-06 04:45:18,645] {dag.py:2396} INFO - Sync 1 DAGs
[2022-04-06 04:45:18,663] {logging_mixin.py:109} INFO - [2022-04-06 04:45:18,663] {dag.py:2935} INFO - Setting next_dagrun for example_branch_datetime_operator_2 to 2022-04-06T00:00:00+00:00
[2022-04-06 04:45:18,671] {processor.py:171} INFO - Processing /home/airflow/.local/lib/python3.8/site-packages/airflow/example_dags/example_branch_datetime_operator.py took 0.069 seconds
[2022-04-06 04:45:48,814] {processor.py:163} INFO - Started process (PID=623) to work on /home/airflow/.local/lib/python3.8/site-packages/airflow/example_dags/example_branch_datetime_operator.py
[2022-04-06 04:45:48,815] {processor.py:642} INFO - Processing file /home/airflow/.local/lib/python3.8/site-packages/airflow/example_dags/example_branch_datetime_operator.py for tasks to queue
[2022-04-06 04:45:48,816] {logging_mixin.py:109} INFO - [2022-04-06 04:45:48,816] {dagbag.py:500} INFO - Filling up the DagBag from /home/airflow/.local/lib/python3.8/site-packages/airflow/example_dags/example_branch_datetime_operator.py
[2022-04-06 04:45:48,843] {processor.py:654} INFO - DAG(s) dict_keys(['example_branch_datetime_operator_2']) retrieved from /home/airflow/.local/lib/python3.8/site-packages/airflow/example_dags/example_branch_datetime_operator.py
[2022-04-06 04:45:48,852] {logging_mixin.py:109} INFO - [2022-04-06 04:45:48,852] {dag.py:2396} INFO - Sync 1 DAGs
[2022-04-06 04:45:48,870] {logging_mixin.py:109} INFO - [2022-04-06 04:45:48,870] {dag.py:2935} INFO - Setting next_dagrun for example_branch_datetime_operator_2 to 2022-04-06T00:00:00+00:00
[2022-04-06 04:45:48,879] {processor.py:171} INFO - Processing /home/airflow/.local/lib/python3.8/site-packages/airflow/example_dags/example_branch_datetime_operator.py took 0.067 seconds
[2022-04-06 04:46:19,380] {processor.py:163} INFO - Started process (PID=682) to work on /home/airflow/.local/lib/python3.8/site-packages/airflow/example_dags/example_branch_datetime_operator.py
[2022-04-06 04:46:19,381] {processor.py:642} INFO - Processing file /home/airflow/.local/lib/python3.8/site-packages/airflow/example_dags/example_branch_datetime_operator.py for tasks to queue
[2022-04-06 04:46:19,382] {logging_mixin.py:109} INFO - [2022-04-06 04:46:19,382] {dagbag.py:500} INFO - Filling up the DagBag from /home/airflow/.local/lib/python3.8/site-packages/airflow/example_dags/example_branch_datetime_operator.py
[2022-04-06 04:46:19,408] {processor.py:654} INFO - DAG(s) dict_keys(['example_branch_datetime_operator_2']) retrieved from /home/airflow/.local/lib/python3.8/site-packages/airflow/example_dags/example_branch_datetime_operator.py
[2022-04-06 04:46:19,416] {logging_mixin.py:109} INFO - [2022-04-06 04:46:19,416] {dag.py:2396} INFO - Sync 1 DAGs
[2022-04-06 04:46:19,431] {logging_mixin.py:109} INFO - [2022-04-06 04:46:19,430] {dag.py:2935} INFO - Setting next_dagrun for example_branch_datetime_operator_2 to 2022-04-06T00:00:00+00:00
[2022-04-06 04:46:19,438] {processor.py:171} INFO - Processing /home/airflow/.local/lib/python3.8/site-packages/airflow/example_dags/example_branch_datetime_operator.py took 0.061 seconds
[2022-04-06 04:46:49,669] {processor.py:163} INFO - Started process (PID=739) to work on /home/airflow/.local/lib/python3.8/site-packages/airflow/example_dags/example_branch_datetime_operator.py
[2022-04-06 04:46:49,670] {processor.py:642} INFO - Processing file /home/airflow/.local/lib/python3.8/site-packages/airflow/example_dags/example_branch_datetime_operator.py for tasks to queue
[2022-04-06 04:46:49,670] {logging_mixin.py:109} INFO - [2022-04-06 04:46:49,670] {dagbag.py:500} INFO - Filling up the DagBag from /home/airflow/.local/lib/python3.8/site-packages/airflow/example_dags/example_branch_datetime_operator.py
[2022-04-06 04:46:49,690] {processor.py:654} INFO - DAG(s) dict_keys(['example_branch_datetime_operator_2']) retrieved from /home/airflow/.local/lib/python3.8/site-packages/airflow/example_dags/example_branch_datetime_operator.py
[2022-04-06 04:46:49,699] {logging_mixin.py:109} INFO - [2022-04-06 04:46:49,699] {dag.py:2396} INFO - Sync 1 DAGs
[2022-04-06 04:46:49,717] {logging_mixin.py:109} INFO - [2022-04-06 04:46:49,717] {dag.py:2935} INFO - Setting next_dagrun for example_branch_datetime_operator_2 to 2022-04-06T00:00:00+00:00
[2022-04-06 04:46:49,727] {processor.py:171} INFO - Processing /home/airflow/.local/lib/python3.8/site-packages/airflow/example_dags/example_branch_datetime_operator.py took 0.060 seconds
[2022-04-06 04:47:19,825] {processor.py:163} INFO - Started process (PID=804) to work on /home/airflow/.local/lib/python3.8/site-packages/airflow/example_dags/example_branch_datetime_operator.py
[2022-04-06 04:47:19,828] {processor.py:642} INFO - Processing file /home/airflow/.local/lib/python3.8/site-packages/airflow/example_dags/example_branch_datetime_operator.py for tasks to queue
[2022-04-06 04:47:19,829] {logging_mixin.py:109} INFO - [2022-04-06 04:47:19,829] {dagbag.py:500} INFO - Filling up the DagBag from /home/airflow/.local/lib/python3.8/site-packages/airflow/example_dags/example_branch_datetime_operator.py
[2022-04-06 04:47:19,870] {processor.py:654} INFO - DAG(s) dict_keys(['example_branch_datetime_operator_2']) retrieved from /home/airflow/.local/lib/python3.8/site-packages/airflow/example_dags/example_branch_datetime_operator.py
[2022-04-06 04:47:19,878] {logging_mixin.py:109} INFO - [2022-04-06 04:47:19,878] {dag.py:2396} INFO - Sync 1 DAGs
[2022-04-06 04:47:19,893] {logging_mixin.py:109} INFO - [2022-04-06 04:47:19,893] {dag.py:2935} INFO - Setting next_dagrun for example_branch_datetime_operator_2 to 2022-04-06T00:00:00+00:00
[2022-04-06 04:47:19,900] {processor.py:171} INFO - Processing /home/airflow/.local/lib/python3.8/site-packages/airflow/example_dags/example_branch_datetime_operator.py took 0.082 seconds
[2022-04-06 04:47:50,074] {processor.py:163} INFO - Started process (PID=862) to work on /home/airflow/.local/lib/python3.8/site-packages/airflow/example_dags/example_branch_datetime_operator.py
[2022-04-06 04:47:50,075] {processor.py:642} INFO - Processing file /home/airflow/.local/lib/python3.8/site-packages/airflow/example_dags/example_branch_datetime_operator.py for tasks to queue
[2022-04-06 04:47:50,076] {logging_mixin.py:109} INFO - [2022-04-06 04:47:50,076] {dagbag.py:500} INFO - Filling up the DagBag from /home/airflow/.local/lib/python3.8/site-packages/airflow/example_dags/example_branch_datetime_operator.py
[2022-04-06 04:47:50,107] {processor.py:654} INFO - DAG(s) dict_keys(['example_branch_datetime_operator_2']) retrieved from /home/airflow/.local/lib/python3.8/site-packages/airflow/example_dags/example_branch_datetime_operator.py
[2022-04-06 04:47:50,115] {logging_mixin.py:109} INFO - [2022-04-06 04:47:50,115] {dag.py:2396} INFO - Sync 1 DAGs
[2022-04-06 04:47:50,129] {logging_mixin.py:109} INFO - [2022-04-06 04:47:50,129] {dag.py:2935} INFO - Setting next_dagrun for example_branch_datetime_operator_2 to 2022-04-06T00:00:00+00:00
[2022-04-06 04:47:50,137] {processor.py:171} INFO - Processing /home/airflow/.local/lib/python3.8/site-packages/airflow/example_dags/example_branch_datetime_operator.py took 0.067 seconds
[2022-04-06 04:48:20,741] {processor.py:163} INFO - Started process (PID=931) to work on /home/airflow/.local/lib/python3.8/site-packages/airflow/example_dags/example_branch_datetime_operator.py
[2022-04-06 04:48:20,742] {processor.py:642} INFO - Processing file /home/airflow/.local/lib/python3.8/site-packages/airflow/example_dags/example_branch_datetime_operator.py for tasks to queue
[2022-04-06 04:48:20,743] {logging_mixin.py:109} INFO - [2022-04-06 04:48:20,743] {dagbag.py:500} INFO - Filling up the DagBag from /home/airflow/.local/lib/python3.8/site-packages/airflow/example_dags/example_branch_datetime_operator.py
[2022-04-06 04:48:20,764] {processor.py:654} INFO - DAG(s) dict_keys(['example_branch_datetime_operator_2']) retrieved from /home/airflow/.local/lib/python3.8/site-packages/airflow/example_dags/example_branch_datetime_operator.py
[2022-04-06 04:48:20,774] {logging_mixin.py:109} INFO - [2022-04-06 04:48:20,774] {dag.py:2396} INFO - Sync 1 DAGs
[2022-04-06 04:48:20,791] {logging_mixin.py:109} INFO - [2022-04-06 04:48:20,791] {dag.py:2935} INFO - Setting next_dagrun for example_branch_datetime_operator_2 to 2022-04-06T00:00:00+00:00
[2022-04-06 04:48:20,800] {processor.py:171} INFO - Processing /home/airflow/.local/lib/python3.8/site-packages/airflow/example_dags/example_branch_datetime_operator.py took 0.061 seconds
[2022-04-06 04:48:51,017] {processor.py:163} INFO - Started process (PID=989) to work on /home/airflow/.local/lib/python3.8/site-packages/airflow/example_dags/example_branch_datetime_operator.py
[2022-04-06 04:48:51,019] {processor.py:642} INFO - Processing file /home/airflow/.local/lib/python3.8/site-packages/airflow/example_dags/example_branch_datetime_operator.py for tasks to queue
[2022-04-06 04:48:51,021] {logging_mixin.py:109} INFO - [2022-04-06 04:48:51,020] {dagbag.py:500} INFO - Filling up the DagBag from /home/airflow/.local/lib/python3.8/site-packages/airflow/example_dags/example_branch_datetime_operator.py
[2022-04-06 04:48:51,052] {processor.py:654} INFO - DAG(s) dict_keys(['example_branch_datetime_operator_2']) retrieved from /home/airflow/.local/lib/python3.8/site-packages/airflow/example_dags/example_branch_datetime_operator.py
[2022-04-06 04:48:51,061] {logging_mixin.py:109} INFO - [2022-04-06 04:48:51,061] {dag.py:2396} INFO - Sync 1 DAGs
[2022-04-06 04:48:51,077] {logging_mixin.py:109} INFO - [2022-04-06 04:48:51,077] {dag.py:2935} INFO - Setting next_dagrun for example_branch_datetime_operator_2 to 2022-04-06T00:00:00+00:00
[2022-04-06 04:48:51,085] {processor.py:171} INFO - Processing /home/airflow/.local/lib/python3.8/site-packages/airflow/example_dags/example_branch_datetime_operator.py took 0.075 seconds
[2022-04-06 04:49:21,662] {processor.py:163} INFO - Started process (PID=1046) to work on /home/airflow/.local/lib/python3.8/site-packages/airflow/example_dags/example_branch_datetime_operator.py
[2022-04-06 04:49:21,663] {processor.py:642} INFO - Processing file /home/airflow/.local/lib/python3.8/site-packages/airflow/example_dags/example_branch_datetime_operator.py for tasks to queue
[2022-04-06 04:49:21,663] {logging_mixin.py:109} INFO - [2022-04-06 04:49:21,663] {dagbag.py:500} INFO - Filling up the DagBag from /home/airflow/.local/lib/python3.8/site-packages/airflow/example_dags/example_branch_datetime_operator.py
[2022-04-06 04:49:21,696] {processor.py:654} INFO - DAG(s) dict_keys(['example_branch_datetime_operator_2']) retrieved from /home/airflow/.local/lib/python3.8/site-packages/airflow/example_dags/example_branch_datetime_operator.py
[2022-04-06 04:49:21,707] {logging_mixin.py:109} INFO - [2022-04-06 04:49:21,707] {dag.py:2396} INFO - Sync 1 DAGs
[2022-04-06 04:49:21,729] {logging_mixin.py:109} INFO - [2022-04-06 04:49:21,729] {dag.py:2935} INFO - Setting next_dagrun for example_branch_datetime_operator_2 to 2022-04-06T00:00:00+00:00
[2022-04-06 04:49:21,739] {processor.py:171} INFO - Processing /home/airflow/.local/lib/python3.8/site-packages/airflow/example_dags/example_branch_datetime_operator.py took 0.081 seconds
[2022-04-06 04:49:51,953] {processor.py:163} INFO - Started process (PID=1111) to work on /home/airflow/.local/lib/python3.8/site-packages/airflow/example_dags/example_branch_datetime_operator.py
[2022-04-06 04:49:51,954] {processor.py:642} INFO - Processing file /home/airflow/.local/lib/python3.8/site-packages/airflow/example_dags/example_branch_datetime_operator.py for tasks to queue
[2022-04-06 04:49:51,954] {logging_mixin.py:109} INFO - [2022-04-06 04:49:51,954] {dagbag.py:500} INFO - Filling up the DagBag from /home/airflow/.local/lib/python3.8/site-packages/airflow/example_dags/example_branch_datetime_operator.py
[2022-04-06 04:49:51,980] {processor.py:654} INFO - DAG(s) dict_keys(['example_branch_datetime_operator_2']) retrieved from /home/airflow/.local/lib/python3.8/site-packages/airflow/example_dags/example_branch_datetime_operator.py
[2022-04-06 04:49:51,991] {logging_mixin.py:109} INFO - [2022-04-06 04:49:51,990] {dag.py:2396} INFO - Sync 1 DAGs
[2022-04-06 04:49:52,013] {logging_mixin.py:109} INFO - [2022-04-06 04:49:52,013] {dag.py:2935} INFO - Setting next_dagrun for example_branch_datetime_operator_2 to 2022-04-06T00:00:00+00:00
[2022-04-06 04:49:52,023] {processor.py:171} INFO - Processing /home/airflow/.local/lib/python3.8/site-packages/airflow/example_dags/example_branch_datetime_operator.py took 0.073 seconds
[2022-04-06 04:50:22,380] {processor.py:163} INFO - Started process (PID=1170) to work on /home/airflow/.local/lib/python3.8/site-packages/airflow/example_dags/example_branch_datetime_operator.py
[2022-04-06 04:50:22,381] {processor.py:642} INFO - Processing file /home/airflow/.local/lib/python3.8/site-packages/airflow/example_dags/example_branch_datetime_operator.py for tasks to queue
[2022-04-06 04:50:22,381] {logging_mixin.py:109} INFO - [2022-04-06 04:50:22,381] {dagbag.py:500} INFO - Filling up the DagBag from /home/airflow/.local/lib/python3.8/site-packages/airflow/example_dags/example_branch_datetime_operator.py
[2022-04-06 04:50:22,408] {processor.py:654} INFO - DAG(s) dict_keys(['example_branch_datetime_operator_2']) retrieved from /home/airflow/.local/lib/python3.8/site-packages/airflow/example_dags/example_branch_datetime_operator.py
[2022-04-06 04:50:22,418] {logging_mixin.py:109} INFO - [2022-04-06 04:50:22,418] {dag.py:2396} INFO - Sync 1 DAGs
[2022-04-06 04:50:22,438] {logging_mixin.py:109} INFO - [2022-04-06 04:50:22,438] {dag.py:2935} INFO - Setting next_dagrun for example_branch_datetime_operator_2 to 2022-04-06T00:00:00+00:00
[2022-04-06 04:50:22,448] {processor.py:171} INFO - Processing /home/airflow/.local/lib/python3.8/site-packages/airflow/example_dags/example_branch_datetime_operator.py took 0.070 seconds
[2022-04-06 04:50:52,620] {processor.py:163} INFO - Started process (PID=1228) to work on /home/airflow/.local/lib/python3.8/site-packages/airflow/example_dags/example_branch_datetime_operator.py
[2022-04-06 04:50:52,621] {processor.py:642} INFO - Processing file /home/airflow/.local/lib/python3.8/site-packages/airflow/example_dags/example_branch_datetime_operator.py for tasks to queue
[2022-04-06 04:50:52,622] {logging_mixin.py:109} INFO - [2022-04-06 04:50:52,622] {dagbag.py:500} INFO - Filling up the DagBag from /home/airflow/.local/lib/python3.8/site-packages/airflow/example_dags/example_branch_datetime_operator.py
[2022-04-06 04:50:52,680] {processor.py:654} INFO - DAG(s) dict_keys(['example_branch_datetime_operator_2']) retrieved from /home/airflow/.local/lib/python3.8/site-packages/airflow/example_dags/example_branch_datetime_operator.py
[2022-04-06 04:50:52,689] {logging_mixin.py:109} INFO - [2022-04-06 04:50:52,689] {dag.py:2396} INFO - Sync 1 DAGs
[2022-04-06 04:50:52,704] {logging_mixin.py:109} INFO - [2022-04-06 04:50:52,703] {dag.py:2935} INFO - Setting next_dagrun for example_branch_datetime_operator_2 to 2022-04-06T00:00:00+00:00
[2022-04-06 04:50:52,710] {processor.py:171} INFO - Processing /home/airflow/.local/lib/python3.8/site-packages/airflow/example_dags/example_branch_datetime_operator.py took 0.095 seconds
[2022-04-06 04:52:43,153] {processor.py:163} INFO - Started process (PID=62) to work on /home/airflow/.local/lib/python3.8/site-packages/airflow/example_dags/example_branch_datetime_operator.py
[2022-04-06 04:52:43,154] {processor.py:642} INFO - Processing file /home/airflow/.local/lib/python3.8/site-packages/airflow/example_dags/example_branch_datetime_operator.py for tasks to queue
[2022-04-06 04:52:43,155] {logging_mixin.py:109} INFO - [2022-04-06 04:52:43,154] {dagbag.py:500} INFO - Filling up the DagBag from /home/airflow/.local/lib/python3.8/site-packages/airflow/example_dags/example_branch_datetime_operator.py
[2022-04-06 04:52:43,190] {processor.py:654} INFO - DAG(s) dict_keys(['example_branch_datetime_operator_2']) retrieved from /home/airflow/.local/lib/python3.8/site-packages/airflow/example_dags/example_branch_datetime_operator.py
[2022-04-06 04:52:43,202] {logging_mixin.py:109} INFO - [2022-04-06 04:52:43,202] {dag.py:2396} INFO - Sync 1 DAGs
[2022-04-06 04:52:43,223] {logging_mixin.py:109} INFO - [2022-04-06 04:52:43,222] {dag.py:2935} INFO - Setting next_dagrun for example_branch_datetime_operator_2 to 2022-04-06T00:00:00+00:00
[2022-04-06 04:52:43,230] {processor.py:171} INFO - Processing /home/airflow/.local/lib/python3.8/site-packages/airflow/example_dags/example_branch_datetime_operator.py took 0.081 seconds
[2022-04-06 04:53:13,575] {processor.py:163} INFO - Started process (PID=121) to work on /home/airflow/.local/lib/python3.8/site-packages/airflow/example_dags/example_branch_datetime_operator.py
[2022-04-06 04:53:13,576] {processor.py:642} INFO - Processing file /home/airflow/.local/lib/python3.8/site-packages/airflow/example_dags/example_branch_datetime_operator.py for tasks to queue
[2022-04-06 04:53:13,576] {logging_mixin.py:109} INFO - [2022-04-06 04:53:13,576] {dagbag.py:500} INFO - Filling up the DagBag from /home/airflow/.local/lib/python3.8/site-packages/airflow/example_dags/example_branch_datetime_operator.py
[2022-04-06 04:53:13,597] {processor.py:654} INFO - DAG(s) dict_keys(['example_branch_datetime_operator_2']) retrieved from /home/airflow/.local/lib/python3.8/site-packages/airflow/example_dags/example_branch_datetime_operator.py
[2022-04-06 04:53:13,605] {logging_mixin.py:109} INFO - [2022-04-06 04:53:13,605] {dag.py:2396} INFO - Sync 1 DAGs
[2022-04-06 04:53:13,618] {logging_mixin.py:109} INFO - [2022-04-06 04:53:13,618] {dag.py:2935} INFO - Setting next_dagrun for example_branch_datetime_operator_2 to 2022-04-06T00:00:00+00:00
[2022-04-06 04:53:13,625] {processor.py:171} INFO - Processing /home/airflow/.local/lib/python3.8/site-packages/airflow/example_dags/example_branch_datetime_operator.py took 0.052 seconds
[2022-04-06 04:53:44,835] {processor.py:163} INFO - Started process (PID=187) to work on /home/airflow/.local/lib/python3.8/site-packages/airflow/example_dags/example_branch_datetime_operator.py
[2022-04-06 04:53:44,836] {processor.py:642} INFO - Processing file /home/airflow/.local/lib/python3.8/site-packages/airflow/example_dags/example_branch_datetime_operator.py for tasks to queue
[2022-04-06 04:53:44,836] {logging_mixin.py:109} INFO - [2022-04-06 04:53:44,836] {dagbag.py:500} INFO - Filling up the DagBag from /home/airflow/.local/lib/python3.8/site-packages/airflow/example_dags/example_branch_datetime_operator.py
[2022-04-06 04:53:44,859] {processor.py:654} INFO - DAG(s) dict_keys(['example_branch_datetime_operator_2']) retrieved from /home/airflow/.local/lib/python3.8/site-packages/airflow/example_dags/example_branch_datetime_operator.py
[2022-04-06 04:53:44,866] {logging_mixin.py:109} INFO - [2022-04-06 04:53:44,866] {dag.py:2396} INFO - Sync 1 DAGs
[2022-04-06 04:53:44,880] {logging_mixin.py:109} INFO - [2022-04-06 04:53:44,880] {dag.py:2935} INFO - Setting next_dagrun for example_branch_datetime_operator_2 to 2022-04-06T00:00:00+00:00
[2022-04-06 04:53:44,886] {processor.py:171} INFO - Processing /home/airflow/.local/lib/python3.8/site-packages/airflow/example_dags/example_branch_datetime_operator.py took 0.054 seconds
[2022-04-06 04:54:15,485] {processor.py:163} INFO - Started process (PID=244) to work on /home/airflow/.local/lib/python3.8/site-packages/airflow/example_dags/example_branch_datetime_operator.py
[2022-04-06 04:54:15,486] {processor.py:642} INFO - Processing file /home/airflow/.local/lib/python3.8/site-packages/airflow/example_dags/example_branch_datetime_operator.py for tasks to queue
[2022-04-06 04:54:15,486] {logging_mixin.py:109} INFO - [2022-04-06 04:54:15,486] {dagbag.py:500} INFO - Filling up the DagBag from /home/airflow/.local/lib/python3.8/site-packages/airflow/example_dags/example_branch_datetime_operator.py
[2022-04-06 04:54:15,507] {processor.py:654} INFO - DAG(s) dict_keys(['example_branch_datetime_operator_2']) retrieved from /home/airflow/.local/lib/python3.8/site-packages/airflow/example_dags/example_branch_datetime_operator.py
[2022-04-06 04:54:15,515] {logging_mixin.py:109} INFO - [2022-04-06 04:54:15,515] {dag.py:2396} INFO - Sync 1 DAGs
[2022-04-06 04:54:15,529] {logging_mixin.py:109} INFO - [2022-04-06 04:54:15,529] {dag.py:2935} INFO - Setting next_dagrun for example_branch_datetime_operator_2 to 2022-04-06T00:00:00+00:00
[2022-04-06 04:54:15,536] {processor.py:171} INFO - Processing /home/airflow/.local/lib/python3.8/site-packages/airflow/example_dags/example_branch_datetime_operator.py took 0.054 seconds
[2022-04-06 04:54:46,750] {processor.py:163} INFO - Started process (PID=311) to work on /home/airflow/.local/lib/python3.8/site-packages/airflow/example_dags/example_branch_datetime_operator.py
[2022-04-06 04:54:46,751] {processor.py:642} INFO - Processing file /home/airflow/.local/lib/python3.8/site-packages/airflow/example_dags/example_branch_datetime_operator.py for tasks to queue
[2022-04-06 04:54:46,751] {logging_mixin.py:109} INFO - [2022-04-06 04:54:46,751] {dagbag.py:500} INFO - Filling up the DagBag from /home/airflow/.local/lib/python3.8/site-packages/airflow/example_dags/example_branch_datetime_operator.py
[2022-04-06 04:54:46,773] {processor.py:654} INFO - DAG(s) dict_keys(['example_branch_datetime_operator_2']) retrieved from /home/airflow/.local/lib/python3.8/site-packages/airflow/example_dags/example_branch_datetime_operator.py
[2022-04-06 04:54:46,783] {logging_mixin.py:109} INFO - [2022-04-06 04:54:46,782] {dag.py:2396} INFO - Sync 1 DAGs
[2022-04-06 04:54:46,802] {logging_mixin.py:109} INFO - [2022-04-06 04:54:46,802] {dag.py:2935} INFO - Setting next_dagrun for example_branch_datetime_operator_2 to 2022-04-06T00:00:00+00:00
[2022-04-06 04:54:46,810] {processor.py:171} INFO - Processing /home/airflow/.local/lib/python3.8/site-packages/airflow/example_dags/example_branch_datetime_operator.py took 0.063 seconds
[2022-04-06 04:55:16,987] {processor.py:163} INFO - Started process (PID=359) to work on /home/airflow/.local/lib/python3.8/site-packages/airflow/example_dags/example_branch_datetime_operator.py
[2022-04-06 04:55:16,988] {processor.py:642} INFO - Processing file /home/airflow/.local/lib/python3.8/site-packages/airflow/example_dags/example_branch_datetime_operator.py for tasks to queue
[2022-04-06 04:55:16,989] {logging_mixin.py:109} INFO - [2022-04-06 04:55:16,989] {dagbag.py:500} INFO - Filling up the DagBag from /home/airflow/.local/lib/python3.8/site-packages/airflow/example_dags/example_branch_datetime_operator.py
[2022-04-06 04:55:17,012] {processor.py:654} INFO - DAG(s) dict_keys(['example_branch_datetime_operator_2']) retrieved from /home/airflow/.local/lib/python3.8/site-packages/airflow/example_dags/example_branch_datetime_operator.py
[2022-04-06 04:55:17,020] {logging_mixin.py:109} INFO - [2022-04-06 04:55:17,020] {dag.py:2396} INFO - Sync 1 DAGs
[2022-04-06 04:55:17,034] {logging_mixin.py:109} INFO - [2022-04-06 04:55:17,034] {dag.py:2935} INFO - Setting next_dagrun for example_branch_datetime_operator_2 to 2022-04-06T00:00:00+00:00
[2022-04-06 04:55:17,041] {processor.py:171} INFO - Processing /home/airflow/.local/lib/python3.8/site-packages/airflow/example_dags/example_branch_datetime_operator.py took 0.057 seconds
[2022-04-06 04:55:47,293] {processor.py:163} INFO - Started process (PID=416) to work on /home/airflow/.local/lib/python3.8/site-packages/airflow/example_dags/example_branch_datetime_operator.py
[2022-04-06 04:55:47,294] {processor.py:642} INFO - Processing file /home/airflow/.local/lib/python3.8/site-packages/airflow/example_dags/example_branch_datetime_operator.py for tasks to queue
[2022-04-06 04:55:47,295] {logging_mixin.py:109} INFO - [2022-04-06 04:55:47,294] {dagbag.py:500} INFO - Filling up the DagBag from /home/airflow/.local/lib/python3.8/site-packages/airflow/example_dags/example_branch_datetime_operator.py
[2022-04-06 04:55:47,316] {processor.py:654} INFO - DAG(s) dict_keys(['example_branch_datetime_operator_2']) retrieved from /home/airflow/.local/lib/python3.8/site-packages/airflow/example_dags/example_branch_datetime_operator.py
[2022-04-06 04:55:47,324] {logging_mixin.py:109} INFO - [2022-04-06 04:55:47,324] {dag.py:2396} INFO - Sync 1 DAGs
[2022-04-06 04:55:47,338] {logging_mixin.py:109} INFO - [2022-04-06 04:55:47,338] {dag.py:2935} INFO - Setting next_dagrun for example_branch_datetime_operator_2 to 2022-04-06T00:00:00+00:00
[2022-04-06 04:55:47,345] {processor.py:171} INFO - Processing /home/airflow/.local/lib/python3.8/site-packages/airflow/example_dags/example_branch_datetime_operator.py took 0.054 seconds
[2022-04-06 04:56:17,574] {processor.py:163} INFO - Started process (PID=481) to work on /home/airflow/.local/lib/python3.8/site-packages/airflow/example_dags/example_branch_datetime_operator.py
[2022-04-06 04:56:17,574] {processor.py:642} INFO - Processing file /home/airflow/.local/lib/python3.8/site-packages/airflow/example_dags/example_branch_datetime_operator.py for tasks to queue
[2022-04-06 04:56:17,575] {logging_mixin.py:109} INFO - [2022-04-06 04:56:17,575] {dagbag.py:500} INFO - Filling up the DagBag from /home/airflow/.local/lib/python3.8/site-packages/airflow/example_dags/example_branch_datetime_operator.py
[2022-04-06 04:56:17,596] {processor.py:654} INFO - DAG(s) dict_keys(['example_branch_datetime_operator_2']) retrieved from /home/airflow/.local/lib/python3.8/site-packages/airflow/example_dags/example_branch_datetime_operator.py
[2022-04-06 04:56:17,606] {logging_mixin.py:109} INFO - [2022-04-06 04:56:17,606] {dag.py:2396} INFO - Sync 1 DAGs
[2022-04-06 04:56:17,625] {logging_mixin.py:109} INFO - [2022-04-06 04:56:17,625] {dag.py:2935} INFO - Setting next_dagrun for example_branch_datetime_operator_2 to 2022-04-06T00:00:00+00:00
[2022-04-06 04:56:17,635] {processor.py:171} INFO - Processing /home/airflow/.local/lib/python3.8/site-packages/airflow/example_dags/example_branch_datetime_operator.py took 0.063 seconds
[2022-04-06 04:56:47,914] {processor.py:163} INFO - Started process (PID=538) to work on /home/airflow/.local/lib/python3.8/site-packages/airflow/example_dags/example_branch_datetime_operator.py
[2022-04-06 04:56:47,915] {processor.py:642} INFO - Processing file /home/airflow/.local/lib/python3.8/site-packages/airflow/example_dags/example_branch_datetime_operator.py for tasks to queue
[2022-04-06 04:56:47,916] {logging_mixin.py:109} INFO - [2022-04-06 04:56:47,916] {dagbag.py:500} INFO - Filling up the DagBag from /home/airflow/.local/lib/python3.8/site-packages/airflow/example_dags/example_branch_datetime_operator.py
[2022-04-06 04:56:47,941] {processor.py:654} INFO - DAG(s) dict_keys(['example_branch_datetime_operator_2']) retrieved from /home/airflow/.local/lib/python3.8/site-packages/airflow/example_dags/example_branch_datetime_operator.py
[2022-04-06 04:56:47,949] {logging_mixin.py:109} INFO - [2022-04-06 04:56:47,949] {dag.py:2396} INFO - Sync 1 DAGs
[2022-04-06 04:56:47,965] {logging_mixin.py:109} INFO - [2022-04-06 04:56:47,965] {dag.py:2935} INFO - Setting next_dagrun for example_branch_datetime_operator_2 to 2022-04-06T00:00:00+00:00
[2022-04-06 04:56:47,993] {processor.py:171} INFO - Processing /home/airflow/.local/lib/python3.8/site-packages/airflow/example_dags/example_branch_datetime_operator.py took 0.081 seconds
[2022-04-06 04:57:18,171] {processor.py:163} INFO - Started process (PID=595) to work on /home/airflow/.local/lib/python3.8/site-packages/airflow/example_dags/example_branch_datetime_operator.py
[2022-04-06 04:57:18,172] {processor.py:642} INFO - Processing file /home/airflow/.local/lib/python3.8/site-packages/airflow/example_dags/example_branch_datetime_operator.py for tasks to queue
[2022-04-06 04:57:18,173] {logging_mixin.py:109} INFO - [2022-04-06 04:57:18,173] {dagbag.py:500} INFO - Filling up the DagBag from /home/airflow/.local/lib/python3.8/site-packages/airflow/example_dags/example_branch_datetime_operator.py
[2022-04-06 04:57:18,193] {processor.py:654} INFO - DAG(s) dict_keys(['example_branch_datetime_operator_2']) retrieved from /home/airflow/.local/lib/python3.8/site-packages/airflow/example_dags/example_branch_datetime_operator.py
[2022-04-06 04:57:18,201] {logging_mixin.py:109} INFO - [2022-04-06 04:57:18,201] {dag.py:2396} INFO - Sync 1 DAGs
[2022-04-06 04:57:18,218] {logging_mixin.py:109} INFO - [2022-04-06 04:57:18,218] {dag.py:2935} INFO - Setting next_dagrun for example_branch_datetime_operator_2 to 2022-04-06T00:00:00+00:00
[2022-04-06 04:57:18,226] {processor.py:171} INFO - Processing /home/airflow/.local/lib/python3.8/site-packages/airflow/example_dags/example_branch_datetime_operator.py took 0.057 seconds
[2022-04-06 05:02:31,574] {processor.py:163} INFO - Started process (PID=62) to work on /home/airflow/.local/lib/python3.8/site-packages/airflow/example_dags/example_branch_datetime_operator.py
[2022-04-06 05:02:31,575] {processor.py:642} INFO - Processing file /home/airflow/.local/lib/python3.8/site-packages/airflow/example_dags/example_branch_datetime_operator.py for tasks to queue
[2022-04-06 05:02:31,576] {logging_mixin.py:109} INFO - [2022-04-06 05:02:31,576] {dagbag.py:500} INFO - Filling up the DagBag from /home/airflow/.local/lib/python3.8/site-packages/airflow/example_dags/example_branch_datetime_operator.py
[2022-04-06 05:02:31,597] {processor.py:654} INFO - DAG(s) dict_keys(['example_branch_datetime_operator_2']) retrieved from /home/airflow/.local/lib/python3.8/site-packages/airflow/example_dags/example_branch_datetime_operator.py
[2022-04-06 05:02:31,604] {logging_mixin.py:109} INFO - [2022-04-06 05:02:31,604] {dag.py:2396} INFO - Sync 1 DAGs
[2022-04-06 05:02:31,618] {logging_mixin.py:109} INFO - [2022-04-06 05:02:31,617] {dag.py:2935} INFO - Setting next_dagrun for example_branch_datetime_operator_2 to 2022-04-06T00:00:00+00:00
[2022-04-06 05:02:31,624] {processor.py:171} INFO - Processing /home/airflow/.local/lib/python3.8/site-packages/airflow/example_dags/example_branch_datetime_operator.py took 0.052 seconds
[2022-04-06 05:03:02,950] {processor.py:163} INFO - Started process (PID=129) to work on /home/airflow/.local/lib/python3.8/site-packages/airflow/example_dags/example_branch_datetime_operator.py
[2022-04-06 05:03:02,951] {processor.py:642} INFO - Processing file /home/airflow/.local/lib/python3.8/site-packages/airflow/example_dags/example_branch_datetime_operator.py for tasks to queue
[2022-04-06 05:03:02,951] {logging_mixin.py:109} INFO - [2022-04-06 05:03:02,951] {dagbag.py:500} INFO - Filling up the DagBag from /home/airflow/.local/lib/python3.8/site-packages/airflow/example_dags/example_branch_datetime_operator.py
[2022-04-06 05:03:02,973] {processor.py:654} INFO - DAG(s) dict_keys(['example_branch_datetime_operator_2']) retrieved from /home/airflow/.local/lib/python3.8/site-packages/airflow/example_dags/example_branch_datetime_operator.py
[2022-04-06 05:03:02,981] {logging_mixin.py:109} INFO - [2022-04-06 05:03:02,981] {dag.py:2396} INFO - Sync 1 DAGs
[2022-04-06 05:03:02,996] {logging_mixin.py:109} INFO - [2022-04-06 05:03:02,996] {dag.py:2935} INFO - Setting next_dagrun for example_branch_datetime_operator_2 to 2022-04-06T00:00:00+00:00
[2022-04-06 05:03:03,004] {processor.py:171} INFO - Processing /home/airflow/.local/lib/python3.8/site-packages/airflow/example_dags/example_branch_datetime_operator.py took 0.057 seconds
[2022-04-06 05:03:34,051] {processor.py:163} INFO - Started process (PID=186) to work on /home/airflow/.local/lib/python3.8/site-packages/airflow/example_dags/example_branch_datetime_operator.py
[2022-04-06 05:03:34,052] {processor.py:642} INFO - Processing file /home/airflow/.local/lib/python3.8/site-packages/airflow/example_dags/example_branch_datetime_operator.py for tasks to queue
[2022-04-06 05:03:34,053] {logging_mixin.py:109} INFO - [2022-04-06 05:03:34,052] {dagbag.py:500} INFO - Filling up the DagBag from /home/airflow/.local/lib/python3.8/site-packages/airflow/example_dags/example_branch_datetime_operator.py
[2022-04-06 05:03:34,079] {processor.py:654} INFO - DAG(s) dict_keys(['example_branch_datetime_operator_2']) retrieved from /home/airflow/.local/lib/python3.8/site-packages/airflow/example_dags/example_branch_datetime_operator.py
[2022-04-06 05:03:34,087] {logging_mixin.py:109} INFO - [2022-04-06 05:03:34,087] {dag.py:2396} INFO - Sync 1 DAGs
[2022-04-06 05:03:34,103] {logging_mixin.py:109} INFO - [2022-04-06 05:03:34,103] {dag.py:2935} INFO - Setting next_dagrun for example_branch_datetime_operator_2 to 2022-04-06T00:00:00+00:00
[2022-04-06 05:03:34,112] {processor.py:171} INFO - Processing /home/airflow/.local/lib/python3.8/site-packages/airflow/example_dags/example_branch_datetime_operator.py took 0.064 seconds
