[2022-04-06 04:43:08,471] {processor.py:163} INFO - Started process (PID=144) to work on /home/airflow/.local/lib/python3.8/site-packages/airflow/example_dags/example_sla_dag.py
[2022-04-06 04:43:08,472] {processor.py:642} INFO - Processing file /home/airflow/.local/lib/python3.8/site-packages/airflow/example_dags/example_sla_dag.py for tasks to queue
[2022-04-06 04:43:08,473] {logging_mixin.py:109} INFO - [2022-04-06 04:43:08,472] {dagbag.py:500} INFO - Filling up the DagBag from /home/airflow/.local/lib/python3.8/site-packages/airflow/example_dags/example_sla_dag.py
[2022-04-06 04:43:08,503] {processor.py:654} INFO - DAG(s) dict_keys(['example_sla_dag']) retrieved from /home/airflow/.local/lib/python3.8/site-packages/airflow/example_dags/example_sla_dag.py
[2022-04-06 04:43:10,222] {logging_mixin.py:109} INFO - [2022-04-06 04:43:10,222] {manager.py:496} INFO - Created Permission View: can read on DAG:example_sla_dag
[2022-04-06 04:43:10,227] {logging_mixin.py:109} INFO - [2022-04-06 04:43:10,227] {manager.py:496} INFO - Created Permission View: can edit on DAG:example_sla_dag
[2022-04-06 04:43:10,228] {logging_mixin.py:109} INFO - [2022-04-06 04:43:10,227] {dag.py:2396} INFO - Sync 1 DAGs
[2022-04-06 04:43:10,233] {logging_mixin.py:109} INFO - [2022-04-06 04:43:10,233] {dag.py:2415} INFO - Creating ORM DAG for example_sla_dag
[2022-04-06 04:43:10,243] {logging_mixin.py:109} INFO - [2022-04-06 04:43:10,243] {dag.py:2935} INFO - Setting next_dagrun for example_sla_dag to 2022-04-06T04:40:00+00:00
[2022-04-06 04:43:10,251] {processor.py:171} INFO - Processing /home/airflow/.local/lib/python3.8/site-packages/airflow/example_dags/example_sla_dag.py took 1.782 seconds
[2022-04-06 04:43:40,311] {processor.py:163} INFO - Started process (PID=369) to work on /home/airflow/.local/lib/python3.8/site-packages/airflow/example_dags/example_sla_dag.py
[2022-04-06 04:43:40,313] {processor.py:642} INFO - Processing file /home/airflow/.local/lib/python3.8/site-packages/airflow/example_dags/example_sla_dag.py for tasks to queue
[2022-04-06 04:43:40,313] {logging_mixin.py:109} INFO - [2022-04-06 04:43:40,313] {dagbag.py:500} INFO - Filling up the DagBag from /home/airflow/.local/lib/python3.8/site-packages/airflow/example_dags/example_sla_dag.py
[2022-04-06 04:43:40,348] {processor.py:654} INFO - DAG(s) dict_keys(['example_sla_dag']) retrieved from /home/airflow/.local/lib/python3.8/site-packages/airflow/example_dags/example_sla_dag.py
[2022-04-06 04:43:40,361] {logging_mixin.py:109} INFO - [2022-04-06 04:43:40,361] {dag.py:2396} INFO - Sync 1 DAGs
[2022-04-06 04:43:40,392] {logging_mixin.py:109} INFO - [2022-04-06 04:43:40,392] {dag.py:2935} INFO - Setting next_dagrun for example_sla_dag to 2022-04-06T04:40:00+00:00
[2022-04-06 04:43:40,407] {processor.py:171} INFO - Processing /home/airflow/.local/lib/python3.8/site-packages/airflow/example_dags/example_sla_dag.py took 0.098 seconds
[2022-04-06 04:44:10,720] {processor.py:163} INFO - Started process (PID=428) to work on /home/airflow/.local/lib/python3.8/site-packages/airflow/example_dags/example_sla_dag.py
[2022-04-06 04:44:10,720] {processor.py:642} INFO - Processing file /home/airflow/.local/lib/python3.8/site-packages/airflow/example_dags/example_sla_dag.py for tasks to queue
[2022-04-06 04:44:10,721] {logging_mixin.py:109} INFO - [2022-04-06 04:44:10,721] {dagbag.py:500} INFO - Filling up the DagBag from /home/airflow/.local/lib/python3.8/site-packages/airflow/example_dags/example_sla_dag.py
[2022-04-06 04:44:10,744] {processor.py:654} INFO - DAG(s) dict_keys(['example_sla_dag']) retrieved from /home/airflow/.local/lib/python3.8/site-packages/airflow/example_dags/example_sla_dag.py
[2022-04-06 04:44:10,751] {logging_mixin.py:109} INFO - [2022-04-06 04:44:10,751] {dag.py:2396} INFO - Sync 1 DAGs
[2022-04-06 04:44:10,767] {logging_mixin.py:109} INFO - [2022-04-06 04:44:10,767] {dag.py:2935} INFO - Setting next_dagrun for example_sla_dag to 2022-04-06T04:42:00+00:00
[2022-04-06 04:44:10,774] {processor.py:171} INFO - Processing /home/airflow/.local/lib/python3.8/site-packages/airflow/example_dags/example_sla_dag.py took 0.057 seconds
[2022-04-06 04:44:41,012] {processor.py:163} INFO - Started process (PID=485) to work on /home/airflow/.local/lib/python3.8/site-packages/airflow/example_dags/example_sla_dag.py
[2022-04-06 04:44:41,013] {processor.py:642} INFO - Processing file /home/airflow/.local/lib/python3.8/site-packages/airflow/example_dags/example_sla_dag.py for tasks to queue
[2022-04-06 04:44:41,014] {logging_mixin.py:109} INFO - [2022-04-06 04:44:41,014] {dagbag.py:500} INFO - Filling up the DagBag from /home/airflow/.local/lib/python3.8/site-packages/airflow/example_dags/example_sla_dag.py
[2022-04-06 04:44:41,046] {processor.py:654} INFO - DAG(s) dict_keys(['example_sla_dag']) retrieved from /home/airflow/.local/lib/python3.8/site-packages/airflow/example_dags/example_sla_dag.py
[2022-04-06 04:44:41,055] {logging_mixin.py:109} INFO - [2022-04-06 04:44:41,054] {dag.py:2396} INFO - Sync 1 DAGs
[2022-04-06 04:44:41,076] {logging_mixin.py:109} INFO - [2022-04-06 04:44:41,076] {dag.py:2935} INFO - Setting next_dagrun for example_sla_dag to 2022-04-06T04:42:00+00:00
[2022-04-06 04:44:41,093] {processor.py:171} INFO - Processing /home/airflow/.local/lib/python3.8/site-packages/airflow/example_dags/example_sla_dag.py took 0.089 seconds
[2022-04-06 04:45:11,161] {processor.py:163} INFO - Started process (PID=551) to work on /home/airflow/.local/lib/python3.8/site-packages/airflow/example_dags/example_sla_dag.py
[2022-04-06 04:45:11,162] {processor.py:642} INFO - Processing file /home/airflow/.local/lib/python3.8/site-packages/airflow/example_dags/example_sla_dag.py for tasks to queue
[2022-04-06 04:45:11,162] {logging_mixin.py:109} INFO - [2022-04-06 04:45:11,162] {dagbag.py:500} INFO - Filling up the DagBag from /home/airflow/.local/lib/python3.8/site-packages/airflow/example_dags/example_sla_dag.py
[2022-04-06 04:45:11,183] {processor.py:654} INFO - DAG(s) dict_keys(['example_sla_dag']) retrieved from /home/airflow/.local/lib/python3.8/site-packages/airflow/example_dags/example_sla_dag.py
[2022-04-06 04:45:11,189] {logging_mixin.py:109} INFO - [2022-04-06 04:45:11,189] {dag.py:2396} INFO - Sync 1 DAGs
[2022-04-06 04:45:11,203] {logging_mixin.py:109} INFO - [2022-04-06 04:45:11,203] {dag.py:2935} INFO - Setting next_dagrun for example_sla_dag to 2022-04-06T04:42:00+00:00
[2022-04-06 04:45:11,208] {processor.py:171} INFO - Processing /home/airflow/.local/lib/python3.8/site-packages/airflow/example_dags/example_sla_dag.py took 0.049 seconds
[2022-04-06 04:45:41,406] {processor.py:163} INFO - Started process (PID=608) to work on /home/airflow/.local/lib/python3.8/site-packages/airflow/example_dags/example_sla_dag.py
[2022-04-06 04:45:41,407] {processor.py:642} INFO - Processing file /home/airflow/.local/lib/python3.8/site-packages/airflow/example_dags/example_sla_dag.py for tasks to queue
[2022-04-06 04:45:41,408] {logging_mixin.py:109} INFO - [2022-04-06 04:45:41,408] {dagbag.py:500} INFO - Filling up the DagBag from /home/airflow/.local/lib/python3.8/site-packages/airflow/example_dags/example_sla_dag.py
[2022-04-06 04:45:41,435] {processor.py:654} INFO - DAG(s) dict_keys(['example_sla_dag']) retrieved from /home/airflow/.local/lib/python3.8/site-packages/airflow/example_dags/example_sla_dag.py
[2022-04-06 04:45:41,444] {logging_mixin.py:109} INFO - [2022-04-06 04:45:41,444] {dag.py:2396} INFO - Sync 1 DAGs
[2022-04-06 04:45:41,464] {logging_mixin.py:109} INFO - [2022-04-06 04:45:41,464] {dag.py:2935} INFO - Setting next_dagrun for example_sla_dag to 2022-04-06T04:42:00+00:00
[2022-04-06 04:45:41,473] {processor.py:171} INFO - Processing /home/airflow/.local/lib/python3.8/site-packages/airflow/example_dags/example_sla_dag.py took 0.069 seconds
[2022-04-06 04:46:11,881] {processor.py:163} INFO - Started process (PID=666) to work on /home/airflow/.local/lib/python3.8/site-packages/airflow/example_dags/example_sla_dag.py
[2022-04-06 04:46:11,882] {processor.py:642} INFO - Processing file /home/airflow/.local/lib/python3.8/site-packages/airflow/example_dags/example_sla_dag.py for tasks to queue
[2022-04-06 04:46:11,882] {logging_mixin.py:109} INFO - [2022-04-06 04:46:11,882] {dagbag.py:500} INFO - Filling up the DagBag from /home/airflow/.local/lib/python3.8/site-packages/airflow/example_dags/example_sla_dag.py
[2022-04-06 04:46:11,903] {processor.py:654} INFO - DAG(s) dict_keys(['example_sla_dag']) retrieved from /home/airflow/.local/lib/python3.8/site-packages/airflow/example_dags/example_sla_dag.py
[2022-04-06 04:46:11,909] {logging_mixin.py:109} INFO - [2022-04-06 04:46:11,909] {dag.py:2396} INFO - Sync 1 DAGs
[2022-04-06 04:46:11,925] {logging_mixin.py:109} INFO - [2022-04-06 04:46:11,924] {dag.py:2935} INFO - Setting next_dagrun for example_sla_dag to 2022-04-06T04:44:00+00:00
[2022-04-06 04:46:11,931] {processor.py:171} INFO - Processing /home/airflow/.local/lib/python3.8/site-packages/airflow/example_dags/example_sla_dag.py took 0.052 seconds
[2022-04-06 04:46:42,199] {processor.py:163} INFO - Started process (PID=731) to work on /home/airflow/.local/lib/python3.8/site-packages/airflow/example_dags/example_sla_dag.py
[2022-04-06 04:46:42,201] {processor.py:642} INFO - Processing file /home/airflow/.local/lib/python3.8/site-packages/airflow/example_dags/example_sla_dag.py for tasks to queue
[2022-04-06 04:46:42,202] {logging_mixin.py:109} INFO - [2022-04-06 04:46:42,202] {dagbag.py:500} INFO - Filling up the DagBag from /home/airflow/.local/lib/python3.8/site-packages/airflow/example_dags/example_sla_dag.py
[2022-04-06 04:46:42,234] {processor.py:654} INFO - DAG(s) dict_keys(['example_sla_dag']) retrieved from /home/airflow/.local/lib/python3.8/site-packages/airflow/example_dags/example_sla_dag.py
[2022-04-06 04:46:42,242] {logging_mixin.py:109} INFO - [2022-04-06 04:46:42,242] {dag.py:2396} INFO - Sync 1 DAGs
[2022-04-06 04:46:42,259] {logging_mixin.py:109} INFO - [2022-04-06 04:46:42,259] {dag.py:2935} INFO - Setting next_dagrun for example_sla_dag to 2022-04-06T04:44:00+00:00
[2022-04-06 04:46:42,265] {processor.py:171} INFO - Processing /home/airflow/.local/lib/python3.8/site-packages/airflow/example_dags/example_sla_dag.py took 0.072 seconds
[2022-04-06 04:47:12,335] {processor.py:163} INFO - Started process (PID=788) to work on /home/airflow/.local/lib/python3.8/site-packages/airflow/example_dags/example_sla_dag.py
[2022-04-06 04:47:12,338] {processor.py:642} INFO - Processing file /home/airflow/.local/lib/python3.8/site-packages/airflow/example_dags/example_sla_dag.py for tasks to queue
[2022-04-06 04:47:12,339] {logging_mixin.py:109} INFO - [2022-04-06 04:47:12,339] {dagbag.py:500} INFO - Filling up the DagBag from /home/airflow/.local/lib/python3.8/site-packages/airflow/example_dags/example_sla_dag.py
[2022-04-06 04:47:12,379] {processor.py:654} INFO - DAG(s) dict_keys(['example_sla_dag']) retrieved from /home/airflow/.local/lib/python3.8/site-packages/airflow/example_dags/example_sla_dag.py
[2022-04-06 04:47:12,387] {logging_mixin.py:109} INFO - [2022-04-06 04:47:12,387] {dag.py:2396} INFO - Sync 1 DAGs
[2022-04-06 04:47:12,402] {logging_mixin.py:109} INFO - [2022-04-06 04:47:12,402] {dag.py:2935} INFO - Setting next_dagrun for example_sla_dag to 2022-04-06T04:44:00+00:00
[2022-04-06 04:47:12,409] {processor.py:171} INFO - Processing /home/airflow/.local/lib/python3.8/site-packages/airflow/example_dags/example_sla_dag.py took 0.081 seconds
[2022-04-06 04:47:42,550] {processor.py:163} INFO - Started process (PID=854) to work on /home/airflow/.local/lib/python3.8/site-packages/airflow/example_dags/example_sla_dag.py
[2022-04-06 04:47:42,551] {processor.py:642} INFO - Processing file /home/airflow/.local/lib/python3.8/site-packages/airflow/example_dags/example_sla_dag.py for tasks to queue
[2022-04-06 04:47:42,551] {logging_mixin.py:109} INFO - [2022-04-06 04:47:42,551] {dagbag.py:500} INFO - Filling up the DagBag from /home/airflow/.local/lib/python3.8/site-packages/airflow/example_dags/example_sla_dag.py
[2022-04-06 04:47:42,580] {processor.py:654} INFO - DAG(s) dict_keys(['example_sla_dag']) retrieved from /home/airflow/.local/lib/python3.8/site-packages/airflow/example_dags/example_sla_dag.py
[2022-04-06 04:47:42,591] {logging_mixin.py:109} INFO - [2022-04-06 04:47:42,591] {dag.py:2396} INFO - Sync 1 DAGs
[2022-04-06 04:47:42,619] {logging_mixin.py:109} INFO - [2022-04-06 04:47:42,618] {dag.py:2935} INFO - Setting next_dagrun for example_sla_dag to 2022-04-06T04:44:00+00:00
[2022-04-06 04:47:42,629] {processor.py:171} INFO - Processing /home/airflow/.local/lib/python3.8/site-packages/airflow/example_dags/example_sla_dag.py took 0.081 seconds
[2022-04-06 04:48:13,136] {processor.py:163} INFO - Started process (PID=914) to work on /home/airflow/.local/lib/python3.8/site-packages/airflow/example_dags/example_sla_dag.py
[2022-04-06 04:48:13,138] {processor.py:642} INFO - Processing file /home/airflow/.local/lib/python3.8/site-packages/airflow/example_dags/example_sla_dag.py for tasks to queue
[2022-04-06 04:48:13,140] {logging_mixin.py:109} INFO - [2022-04-06 04:48:13,139] {dagbag.py:500} INFO - Filling up the DagBag from /home/airflow/.local/lib/python3.8/site-packages/airflow/example_dags/example_sla_dag.py
[2022-04-06 04:48:13,176] {processor.py:654} INFO - DAG(s) dict_keys(['example_sla_dag']) retrieved from /home/airflow/.local/lib/python3.8/site-packages/airflow/example_dags/example_sla_dag.py
[2022-04-06 04:48:13,183] {logging_mixin.py:109} INFO - [2022-04-06 04:48:13,183] {dag.py:2396} INFO - Sync 1 DAGs
[2022-04-06 04:48:13,199] {logging_mixin.py:109} INFO - [2022-04-06 04:48:13,199] {dag.py:2935} INFO - Setting next_dagrun for example_sla_dag to 2022-04-06T04:46:00+00:00
[2022-04-06 04:48:13,206] {processor.py:171} INFO - Processing /home/airflow/.local/lib/python3.8/site-packages/airflow/example_dags/example_sla_dag.py took 0.078 seconds
[2022-04-06 04:48:43,383] {processor.py:163} INFO - Started process (PID=973) to work on /home/airflow/.local/lib/python3.8/site-packages/airflow/example_dags/example_sla_dag.py
[2022-04-06 04:48:43,385] {processor.py:642} INFO - Processing file /home/airflow/.local/lib/python3.8/site-packages/airflow/example_dags/example_sla_dag.py for tasks to queue
[2022-04-06 04:48:43,387] {logging_mixin.py:109} INFO - [2022-04-06 04:48:43,387] {dagbag.py:500} INFO - Filling up the DagBag from /home/airflow/.local/lib/python3.8/site-packages/airflow/example_dags/example_sla_dag.py
[2022-04-06 04:48:43,438] {processor.py:654} INFO - DAG(s) dict_keys(['example_sla_dag']) retrieved from /home/airflow/.local/lib/python3.8/site-packages/airflow/example_dags/example_sla_dag.py
[2022-04-06 04:48:43,448] {logging_mixin.py:109} INFO - [2022-04-06 04:48:43,448] {dag.py:2396} INFO - Sync 1 DAGs
[2022-04-06 04:48:43,468] {logging_mixin.py:109} INFO - [2022-04-06 04:48:43,468] {dag.py:2935} INFO - Setting next_dagrun for example_sla_dag to 2022-04-06T04:46:00+00:00
[2022-04-06 04:48:43,477] {processor.py:171} INFO - Processing /home/airflow/.local/lib/python3.8/site-packages/airflow/example_dags/example_sla_dag.py took 0.101 seconds
[2022-04-06 04:49:14,073] {processor.py:163} INFO - Started process (PID=1038) to work on /home/airflow/.local/lib/python3.8/site-packages/airflow/example_dags/example_sla_dag.py
[2022-04-06 04:49:14,074] {processor.py:642} INFO - Processing file /home/airflow/.local/lib/python3.8/site-packages/airflow/example_dags/example_sla_dag.py for tasks to queue
[2022-04-06 04:49:14,074] {logging_mixin.py:109} INFO - [2022-04-06 04:49:14,074] {dagbag.py:500} INFO - Filling up the DagBag from /home/airflow/.local/lib/python3.8/site-packages/airflow/example_dags/example_sla_dag.py
[2022-04-06 04:49:14,102] {processor.py:654} INFO - DAG(s) dict_keys(['example_sla_dag']) retrieved from /home/airflow/.local/lib/python3.8/site-packages/airflow/example_dags/example_sla_dag.py
[2022-04-06 04:49:14,111] {logging_mixin.py:109} INFO - [2022-04-06 04:49:14,111] {dag.py:2396} INFO - Sync 1 DAGs
[2022-04-06 04:49:14,130] {logging_mixin.py:109} INFO - [2022-04-06 04:49:14,130] {dag.py:2935} INFO - Setting next_dagrun for example_sla_dag to 2022-04-06T04:46:00+00:00
[2022-04-06 04:49:14,139] {processor.py:171} INFO - Processing /home/airflow/.local/lib/python3.8/site-packages/airflow/example_dags/example_sla_dag.py took 0.069 seconds
[2022-04-06 04:49:44,247] {processor.py:163} INFO - Started process (PID=1095) to work on /home/airflow/.local/lib/python3.8/site-packages/airflow/example_dags/example_sla_dag.py
[2022-04-06 04:49:44,250] {processor.py:642} INFO - Processing file /home/airflow/.local/lib/python3.8/site-packages/airflow/example_dags/example_sla_dag.py for tasks to queue
[2022-04-06 04:49:44,252] {logging_mixin.py:109} INFO - [2022-04-06 04:49:44,251] {dagbag.py:500} INFO - Filling up the DagBag from /home/airflow/.local/lib/python3.8/site-packages/airflow/example_dags/example_sla_dag.py
[2022-04-06 04:49:44,289] {processor.py:654} INFO - DAG(s) dict_keys(['example_sla_dag']) retrieved from /home/airflow/.local/lib/python3.8/site-packages/airflow/example_dags/example_sla_dag.py
[2022-04-06 04:49:44,297] {logging_mixin.py:109} INFO - [2022-04-06 04:49:44,297] {dag.py:2396} INFO - Sync 1 DAGs
[2022-04-06 04:49:44,312] {logging_mixin.py:109} INFO - [2022-04-06 04:49:44,312] {dag.py:2935} INFO - Setting next_dagrun for example_sla_dag to 2022-04-06T04:46:00+00:00
[2022-04-06 04:49:44,319] {processor.py:171} INFO - Processing /home/airflow/.local/lib/python3.8/site-packages/airflow/example_dags/example_sla_dag.py took 0.080 seconds
[2022-04-06 04:50:14,864] {processor.py:163} INFO - Started process (PID=1154) to work on /home/airflow/.local/lib/python3.8/site-packages/airflow/example_dags/example_sla_dag.py
[2022-04-06 04:50:14,864] {processor.py:642} INFO - Processing file /home/airflow/.local/lib/python3.8/site-packages/airflow/example_dags/example_sla_dag.py for tasks to queue
[2022-04-06 04:50:14,865] {logging_mixin.py:109} INFO - [2022-04-06 04:50:14,865] {dagbag.py:500} INFO - Filling up the DagBag from /home/airflow/.local/lib/python3.8/site-packages/airflow/example_dags/example_sla_dag.py
[2022-04-06 04:50:14,886] {processor.py:654} INFO - DAG(s) dict_keys(['example_sla_dag']) retrieved from /home/airflow/.local/lib/python3.8/site-packages/airflow/example_dags/example_sla_dag.py
[2022-04-06 04:50:14,893] {logging_mixin.py:109} INFO - [2022-04-06 04:50:14,893] {dag.py:2396} INFO - Sync 1 DAGs
[2022-04-06 04:50:14,907] {logging_mixin.py:109} INFO - [2022-04-06 04:50:14,907] {dag.py:2935} INFO - Setting next_dagrun for example_sla_dag to 2022-04-06T04:48:00+00:00
[2022-04-06 04:50:14,913] {processor.py:171} INFO - Processing /home/airflow/.local/lib/python3.8/site-packages/airflow/example_dags/example_sla_dag.py took 0.051 seconds
[2022-04-06 04:50:45,066] {processor.py:163} INFO - Started process (PID=1220) to work on /home/airflow/.local/lib/python3.8/site-packages/airflow/example_dags/example_sla_dag.py
[2022-04-06 04:50:45,069] {processor.py:642} INFO - Processing file /home/airflow/.local/lib/python3.8/site-packages/airflow/example_dags/example_sla_dag.py for tasks to queue
[2022-04-06 04:50:45,071] {logging_mixin.py:109} INFO - [2022-04-06 04:50:45,070] {dagbag.py:500} INFO - Filling up the DagBag from /home/airflow/.local/lib/python3.8/site-packages/airflow/example_dags/example_sla_dag.py
[2022-04-06 04:50:45,112] {processor.py:654} INFO - DAG(s) dict_keys(['example_sla_dag']) retrieved from /home/airflow/.local/lib/python3.8/site-packages/airflow/example_dags/example_sla_dag.py
[2022-04-06 04:50:45,120] {logging_mixin.py:109} INFO - [2022-04-06 04:50:45,119] {dag.py:2396} INFO - Sync 1 DAGs
[2022-04-06 04:50:45,135] {logging_mixin.py:109} INFO - [2022-04-06 04:50:45,135] {dag.py:2935} INFO - Setting next_dagrun for example_sla_dag to 2022-04-06T04:48:00+00:00
[2022-04-06 04:50:45,142] {processor.py:171} INFO - Processing /home/airflow/.local/lib/python3.8/site-packages/airflow/example_dags/example_sla_dag.py took 0.082 seconds
[2022-04-06 04:52:42,575] {processor.py:163} INFO - Started process (PID=54) to work on /home/airflow/.local/lib/python3.8/site-packages/airflow/example_dags/example_sla_dag.py
[2022-04-06 04:52:42,576] {processor.py:642} INFO - Processing file /home/airflow/.local/lib/python3.8/site-packages/airflow/example_dags/example_sla_dag.py for tasks to queue
[2022-04-06 04:52:42,576] {logging_mixin.py:109} INFO - [2022-04-06 04:52:42,576] {dagbag.py:500} INFO - Filling up the DagBag from /home/airflow/.local/lib/python3.8/site-packages/airflow/example_dags/example_sla_dag.py
[2022-04-06 04:52:42,601] {processor.py:654} INFO - DAG(s) dict_keys(['example_sla_dag']) retrieved from /home/airflow/.local/lib/python3.8/site-packages/airflow/example_dags/example_sla_dag.py
[2022-04-06 04:52:42,611] {logging_mixin.py:109} INFO - [2022-04-06 04:52:42,611] {dag.py:2396} INFO - Sync 1 DAGs
[2022-04-06 04:52:42,632] {logging_mixin.py:109} INFO - [2022-04-06 04:52:42,632] {dag.py:2935} INFO - Setting next_dagrun for example_sla_dag to 2022-04-06T04:50:00+00:00
[2022-04-06 04:52:42,642] {processor.py:171} INFO - Processing /home/airflow/.local/lib/python3.8/site-packages/airflow/example_dags/example_sla_dag.py took 0.069 seconds
[2022-04-06 04:53:12,997] {processor.py:163} INFO - Started process (PID=112) to work on /home/airflow/.local/lib/python3.8/site-packages/airflow/example_dags/example_sla_dag.py
[2022-04-06 04:53:12,998] {processor.py:642} INFO - Processing file /home/airflow/.local/lib/python3.8/site-packages/airflow/example_dags/example_sla_dag.py for tasks to queue
[2022-04-06 04:53:12,998] {logging_mixin.py:109} INFO - [2022-04-06 04:53:12,998] {dagbag.py:500} INFO - Filling up the DagBag from /home/airflow/.local/lib/python3.8/site-packages/airflow/example_dags/example_sla_dag.py
[2022-04-06 04:53:13,021] {processor.py:654} INFO - DAG(s) dict_keys(['example_sla_dag']) retrieved from /home/airflow/.local/lib/python3.8/site-packages/airflow/example_dags/example_sla_dag.py
[2022-04-06 04:53:13,028] {logging_mixin.py:109} INFO - [2022-04-06 04:53:13,028] {dag.py:2396} INFO - Sync 1 DAGs
[2022-04-06 04:53:13,044] {logging_mixin.py:109} INFO - [2022-04-06 04:53:13,044] {dag.py:2935} INFO - Setting next_dagrun for example_sla_dag to 2022-04-06T04:50:00+00:00
[2022-04-06 04:53:13,051] {processor.py:171} INFO - Processing /home/airflow/.local/lib/python3.8/site-packages/airflow/example_dags/example_sla_dag.py took 0.056 seconds
[2022-04-06 04:53:44,306] {processor.py:163} INFO - Started process (PID=179) to work on /home/airflow/.local/lib/python3.8/site-packages/airflow/example_dags/example_sla_dag.py
[2022-04-06 04:53:44,307] {processor.py:642} INFO - Processing file /home/airflow/.local/lib/python3.8/site-packages/airflow/example_dags/example_sla_dag.py for tasks to queue
[2022-04-06 04:53:44,308] {logging_mixin.py:109} INFO - [2022-04-06 04:53:44,308] {dagbag.py:500} INFO - Filling up the DagBag from /home/airflow/.local/lib/python3.8/site-packages/airflow/example_dags/example_sla_dag.py
[2022-04-06 04:53:44,335] {processor.py:654} INFO - DAG(s) dict_keys(['example_sla_dag']) retrieved from /home/airflow/.local/lib/python3.8/site-packages/airflow/example_dags/example_sla_dag.py
[2022-04-06 04:53:44,345] {logging_mixin.py:109} INFO - [2022-04-06 04:53:44,345] {dag.py:2396} INFO - Sync 1 DAGs
[2022-04-06 04:53:44,362] {logging_mixin.py:109} INFO - [2022-04-06 04:53:44,362] {dag.py:2935} INFO - Setting next_dagrun for example_sla_dag to 2022-04-06T04:50:00+00:00
[2022-04-06 04:53:44,370] {processor.py:171} INFO - Processing /home/airflow/.local/lib/python3.8/site-packages/airflow/example_dags/example_sla_dag.py took 0.066 seconds
[2022-04-06 04:54:14,618] {processor.py:163} INFO - Started process (PID=228) to work on /home/airflow/.local/lib/python3.8/site-packages/airflow/example_dags/example_sla_dag.py
[2022-04-06 04:54:14,619] {processor.py:642} INFO - Processing file /home/airflow/.local/lib/python3.8/site-packages/airflow/example_dags/example_sla_dag.py for tasks to queue
[2022-04-06 04:54:14,619] {logging_mixin.py:109} INFO - [2022-04-06 04:54:14,619] {dagbag.py:500} INFO - Filling up the DagBag from /home/airflow/.local/lib/python3.8/site-packages/airflow/example_dags/example_sla_dag.py
[2022-04-06 04:54:14,642] {processor.py:654} INFO - DAG(s) dict_keys(['example_sla_dag']) retrieved from /home/airflow/.local/lib/python3.8/site-packages/airflow/example_dags/example_sla_dag.py
[2022-04-06 04:54:14,649] {logging_mixin.py:109} INFO - [2022-04-06 04:54:14,649] {dag.py:2396} INFO - Sync 1 DAGs
[2022-04-06 04:54:14,664] {logging_mixin.py:109} INFO - [2022-04-06 04:54:14,664] {dag.py:2935} INFO - Setting next_dagrun for example_sla_dag to 2022-04-06T04:52:00+00:00
[2022-04-06 04:54:14,670] {processor.py:171} INFO - Processing /home/airflow/.local/lib/python3.8/site-packages/airflow/example_dags/example_sla_dag.py took 0.055 seconds
[2022-04-06 04:54:44,873] {processor.py:163} INFO - Started process (PID=293) to work on /home/airflow/.local/lib/python3.8/site-packages/airflow/example_dags/example_sla_dag.py
[2022-04-06 04:54:44,875] {processor.py:642} INFO - Processing file /home/airflow/.local/lib/python3.8/site-packages/airflow/example_dags/example_sla_dag.py for tasks to queue
[2022-04-06 04:54:44,875] {logging_mixin.py:109} INFO - [2022-04-06 04:54:44,875] {dagbag.py:500} INFO - Filling up the DagBag from /home/airflow/.local/lib/python3.8/site-packages/airflow/example_dags/example_sla_dag.py
[2022-04-06 04:54:44,901] {processor.py:654} INFO - DAG(s) dict_keys(['example_sla_dag']) retrieved from /home/airflow/.local/lib/python3.8/site-packages/airflow/example_dags/example_sla_dag.py
[2022-04-06 04:54:44,908] {logging_mixin.py:109} INFO - [2022-04-06 04:54:44,908] {dag.py:2396} INFO - Sync 1 DAGs
[2022-04-06 04:54:44,926] {logging_mixin.py:109} INFO - [2022-04-06 04:54:44,926] {dag.py:2935} INFO - Setting next_dagrun for example_sla_dag to 2022-04-06T04:52:00+00:00
[2022-04-06 04:54:44,934] {processor.py:171} INFO - Processing /home/airflow/.local/lib/python3.8/site-packages/airflow/example_dags/example_sla_dag.py took 0.063 seconds
[2022-04-06 04:55:15,504] {processor.py:163} INFO - Started process (PID=350) to work on /home/airflow/.local/lib/python3.8/site-packages/airflow/example_dags/example_sla_dag.py
[2022-04-06 04:55:15,505] {processor.py:642} INFO - Processing file /home/airflow/.local/lib/python3.8/site-packages/airflow/example_dags/example_sla_dag.py for tasks to queue
[2022-04-06 04:55:15,505] {logging_mixin.py:109} INFO - [2022-04-06 04:55:15,505] {dagbag.py:500} INFO - Filling up the DagBag from /home/airflow/.local/lib/python3.8/site-packages/airflow/example_dags/example_sla_dag.py
[2022-04-06 04:55:15,531] {processor.py:654} INFO - DAG(s) dict_keys(['example_sla_dag']) retrieved from /home/airflow/.local/lib/python3.8/site-packages/airflow/example_dags/example_sla_dag.py
[2022-04-06 04:55:15,540] {logging_mixin.py:109} INFO - [2022-04-06 04:55:15,539] {dag.py:2396} INFO - Sync 1 DAGs
[2022-04-06 04:55:15,557] {logging_mixin.py:109} INFO - [2022-04-06 04:55:15,557] {dag.py:2935} INFO - Setting next_dagrun for example_sla_dag to 2022-04-06T04:52:00+00:00
[2022-04-06 04:55:15,566] {processor.py:171} INFO - Processing /home/airflow/.local/lib/python3.8/site-packages/airflow/example_dags/example_sla_dag.py took 0.065 seconds
[2022-04-06 04:55:45,787] {processor.py:163} INFO - Started process (PID=408) to work on /home/airflow/.local/lib/python3.8/site-packages/airflow/example_dags/example_sla_dag.py
[2022-04-06 04:55:45,788] {processor.py:642} INFO - Processing file /home/airflow/.local/lib/python3.8/site-packages/airflow/example_dags/example_sla_dag.py for tasks to queue
[2022-04-06 04:55:45,788] {logging_mixin.py:109} INFO - [2022-04-06 04:55:45,788] {dagbag.py:500} INFO - Filling up the DagBag from /home/airflow/.local/lib/python3.8/site-packages/airflow/example_dags/example_sla_dag.py
[2022-04-06 04:55:45,811] {processor.py:654} INFO - DAG(s) dict_keys(['example_sla_dag']) retrieved from /home/airflow/.local/lib/python3.8/site-packages/airflow/example_dags/example_sla_dag.py
[2022-04-06 04:55:45,818] {logging_mixin.py:109} INFO - [2022-04-06 04:55:45,818] {dag.py:2396} INFO - Sync 1 DAGs
[2022-04-06 04:55:45,834] {logging_mixin.py:109} INFO - [2022-04-06 04:55:45,834] {dag.py:2935} INFO - Setting next_dagrun for example_sla_dag to 2022-04-06T04:52:00+00:00
[2022-04-06 04:55:45,841] {processor.py:171} INFO - Processing /home/airflow/.local/lib/python3.8/site-packages/airflow/example_dags/example_sla_dag.py took 0.056 seconds
[2022-04-06 04:56:16,145] {processor.py:163} INFO - Started process (PID=473) to work on /home/airflow/.local/lib/python3.8/site-packages/airflow/example_dags/example_sla_dag.py
[2022-04-06 04:56:16,146] {processor.py:642} INFO - Processing file /home/airflow/.local/lib/python3.8/site-packages/airflow/example_dags/example_sla_dag.py for tasks to queue
[2022-04-06 04:56:16,146] {logging_mixin.py:109} INFO - [2022-04-06 04:56:16,146] {dagbag.py:500} INFO - Filling up the DagBag from /home/airflow/.local/lib/python3.8/site-packages/airflow/example_dags/example_sla_dag.py
[2022-04-06 04:56:16,174] {processor.py:654} INFO - DAG(s) dict_keys(['example_sla_dag']) retrieved from /home/airflow/.local/lib/python3.8/site-packages/airflow/example_dags/example_sla_dag.py
[2022-04-06 04:56:16,185] {logging_mixin.py:109} INFO - [2022-04-06 04:56:16,185] {dag.py:2396} INFO - Sync 1 DAGs
[2022-04-06 04:56:16,208] {logging_mixin.py:109} INFO - [2022-04-06 04:56:16,208] {dag.py:2935} INFO - Setting next_dagrun for example_sla_dag to 2022-04-06T04:54:00+00:00
[2022-04-06 04:56:16,217] {processor.py:171} INFO - Processing /home/airflow/.local/lib/python3.8/site-packages/airflow/example_dags/example_sla_dag.py took 0.075 seconds
[2022-04-06 04:56:46,525] {processor.py:163} INFO - Started process (PID=530) to work on /home/airflow/.local/lib/python3.8/site-packages/airflow/example_dags/example_sla_dag.py
[2022-04-06 04:56:46,526] {processor.py:642} INFO - Processing file /home/airflow/.local/lib/python3.8/site-packages/airflow/example_dags/example_sla_dag.py for tasks to queue
[2022-04-06 04:56:46,526] {logging_mixin.py:109} INFO - [2022-04-06 04:56:46,526] {dagbag.py:500} INFO - Filling up the DagBag from /home/airflow/.local/lib/python3.8/site-packages/airflow/example_dags/example_sla_dag.py
[2022-04-06 04:56:46,552] {processor.py:654} INFO - DAG(s) dict_keys(['example_sla_dag']) retrieved from /home/airflow/.local/lib/python3.8/site-packages/airflow/example_dags/example_sla_dag.py
[2022-04-06 04:56:46,560] {logging_mixin.py:109} INFO - [2022-04-06 04:56:46,560] {dag.py:2396} INFO - Sync 1 DAGs
[2022-04-06 04:56:46,576] {logging_mixin.py:109} INFO - [2022-04-06 04:56:46,576] {dag.py:2935} INFO - Setting next_dagrun for example_sla_dag to 2022-04-06T04:54:00+00:00
[2022-04-06 04:56:46,584] {processor.py:171} INFO - Processing /home/airflow/.local/lib/python3.8/site-packages/airflow/example_dags/example_sla_dag.py took 0.062 seconds
[2022-04-06 04:57:17,606] {processor.py:163} INFO - Started process (PID=587) to work on /home/airflow/.local/lib/python3.8/site-packages/airflow/example_dags/example_sla_dag.py
[2022-04-06 04:57:17,607] {processor.py:642} INFO - Processing file /home/airflow/.local/lib/python3.8/site-packages/airflow/example_dags/example_sla_dag.py for tasks to queue
[2022-04-06 04:57:17,608] {logging_mixin.py:109} INFO - [2022-04-06 04:57:17,608] {dagbag.py:500} INFO - Filling up the DagBag from /home/airflow/.local/lib/python3.8/site-packages/airflow/example_dags/example_sla_dag.py
[2022-04-06 04:57:17,633] {processor.py:654} INFO - DAG(s) dict_keys(['example_sla_dag']) retrieved from /home/airflow/.local/lib/python3.8/site-packages/airflow/example_dags/example_sla_dag.py
[2022-04-06 04:57:17,640] {logging_mixin.py:109} INFO - [2022-04-06 04:57:17,640] {dag.py:2396} INFO - Sync 1 DAGs
[2022-04-06 04:57:17,661] {logging_mixin.py:109} INFO - [2022-04-06 04:57:17,661] {dag.py:2935} INFO - Setting next_dagrun for example_sla_dag to 2022-04-06T04:54:00+00:00
[2022-04-06 04:57:17,668] {processor.py:171} INFO - Processing /home/airflow/.local/lib/python3.8/site-packages/airflow/example_dags/example_sla_dag.py took 0.065 seconds
[2022-04-06 05:02:31,176] {processor.py:163} INFO - Started process (PID=54) to work on /home/airflow/.local/lib/python3.8/site-packages/airflow/example_dags/example_sla_dag.py
[2022-04-06 05:02:31,177] {processor.py:642} INFO - Processing file /home/airflow/.local/lib/python3.8/site-packages/airflow/example_dags/example_sla_dag.py for tasks to queue
[2022-04-06 05:02:31,178] {logging_mixin.py:109} INFO - [2022-04-06 05:02:31,178] {dagbag.py:500} INFO - Filling up the DagBag from /home/airflow/.local/lib/python3.8/site-packages/airflow/example_dags/example_sla_dag.py
[2022-04-06 05:02:31,204] {processor.py:654} INFO - DAG(s) dict_keys(['example_sla_dag']) retrieved from /home/airflow/.local/lib/python3.8/site-packages/airflow/example_dags/example_sla_dag.py
[2022-04-06 05:02:31,213] {logging_mixin.py:109} INFO - [2022-04-06 05:02:31,213] {dag.py:2396} INFO - Sync 1 DAGs
[2022-04-06 05:02:31,230] {logging_mixin.py:109} INFO - [2022-04-06 05:02:31,230] {dag.py:2935} INFO - Setting next_dagrun for example_sla_dag to 2022-04-06T05:00:00+00:00
[2022-04-06 05:02:31,238] {processor.py:171} INFO - Processing /home/airflow/.local/lib/python3.8/site-packages/airflow/example_dags/example_sla_dag.py took 0.065 seconds
[2022-04-06 05:03:02,442] {processor.py:163} INFO - Started process (PID=120) to work on /home/airflow/.local/lib/python3.8/site-packages/airflow/example_dags/example_sla_dag.py
[2022-04-06 05:03:02,443] {processor.py:642} INFO - Processing file /home/airflow/.local/lib/python3.8/site-packages/airflow/example_dags/example_sla_dag.py for tasks to queue
[2022-04-06 05:03:02,443] {logging_mixin.py:109} INFO - [2022-04-06 05:03:02,443] {dagbag.py:500} INFO - Filling up the DagBag from /home/airflow/.local/lib/python3.8/site-packages/airflow/example_dags/example_sla_dag.py
[2022-04-06 05:03:02,466] {processor.py:654} INFO - DAG(s) dict_keys(['example_sla_dag']) retrieved from /home/airflow/.local/lib/python3.8/site-packages/airflow/example_dags/example_sla_dag.py
[2022-04-06 05:03:02,473] {logging_mixin.py:109} INFO - [2022-04-06 05:03:02,473] {dag.py:2396} INFO - Sync 1 DAGs
[2022-04-06 05:03:02,488] {logging_mixin.py:109} INFO - [2022-04-06 05:03:02,487] {dag.py:2935} INFO - Setting next_dagrun for example_sla_dag to 2022-04-06T05:00:00+00:00
[2022-04-06 05:03:02,494] {processor.py:171} INFO - Processing /home/airflow/.local/lib/python3.8/site-packages/airflow/example_dags/example_sla_dag.py took 0.054 seconds
[2022-04-06 05:03:33,629] {processor.py:163} INFO - Started process (PID=178) to work on /home/airflow/.local/lib/python3.8/site-packages/airflow/example_dags/example_sla_dag.py
[2022-04-06 05:03:33,630] {processor.py:642} INFO - Processing file /home/airflow/.local/lib/python3.8/site-packages/airflow/example_dags/example_sla_dag.py for tasks to queue
[2022-04-06 05:03:33,630] {logging_mixin.py:109} INFO - [2022-04-06 05:03:33,630] {dagbag.py:500} INFO - Filling up the DagBag from /home/airflow/.local/lib/python3.8/site-packages/airflow/example_dags/example_sla_dag.py
[2022-04-06 05:03:33,654] {processor.py:654} INFO - DAG(s) dict_keys(['example_sla_dag']) retrieved from /home/airflow/.local/lib/python3.8/site-packages/airflow/example_dags/example_sla_dag.py
[2022-04-06 05:03:33,661] {logging_mixin.py:109} INFO - [2022-04-06 05:03:33,661] {dag.py:2396} INFO - Sync 1 DAGs
[2022-04-06 05:03:33,677] {logging_mixin.py:109} INFO - [2022-04-06 05:03:33,677] {dag.py:2935} INFO - Setting next_dagrun for example_sla_dag to 2022-04-06T05:00:00+00:00
[2022-04-06 05:03:33,686] {processor.py:171} INFO - Processing /home/airflow/.local/lib/python3.8/site-packages/airflow/example_dags/example_sla_dag.py took 0.059 seconds
