[2022-04-06 04:42:56,747] {processor.py:163} INFO - Started process (PID=65) to work on /home/airflow/.local/lib/python3.8/site-packages/airflow/example_dags/example_trigger_target_dag.py
[2022-04-06 04:42:56,748] {processor.py:642} INFO - Processing file /home/airflow/.local/lib/python3.8/site-packages/airflow/example_dags/example_trigger_target_dag.py for tasks to queue
[2022-04-06 04:42:56,748] {logging_mixin.py:109} INFO - [2022-04-06 04:42:56,748] {dagbag.py:500} INFO - Filling up the DagBag from /home/airflow/.local/lib/python3.8/site-packages/airflow/example_dags/example_trigger_target_dag.py
[2022-04-06 04:42:56,779] {processor.py:654} INFO - DAG(s) dict_keys(['example_trigger_target_dag']) retrieved from /home/airflow/.local/lib/python3.8/site-packages/airflow/example_dags/example_trigger_target_dag.py
[2022-04-06 04:42:59,548] {logging_mixin.py:109} INFO - [2022-04-06 04:42:59,547] {manager.py:496} INFO - Created Permission View: can read on DAG:example_trigger_target_dag
[2022-04-06 04:42:59,560] {logging_mixin.py:109} INFO - [2022-04-06 04:42:59,560] {manager.py:496} INFO - Created Permission View: can edit on DAG:example_trigger_target_dag
[2022-04-06 04:42:59,561] {logging_mixin.py:109} INFO - [2022-04-06 04:42:59,561] {dag.py:2396} INFO - Sync 1 DAGs
[2022-04-06 04:42:59,571] {logging_mixin.py:109} INFO - [2022-04-06 04:42:59,571] {dag.py:2415} INFO - Creating ORM DAG for example_trigger_target_dag
[2022-04-06 04:42:59,585] {logging_mixin.py:109} INFO - [2022-04-06 04:42:59,585] {dag.py:2935} INFO - Setting next_dagrun for example_trigger_target_dag to None
[2022-04-06 04:42:59,601] {processor.py:171} INFO - Processing /home/airflow/.local/lib/python3.8/site-packages/airflow/example_dags/example_trigger_target_dag.py took 2.856 seconds
[2022-04-06 04:43:29,969] {processor.py:163} INFO - Started process (PID=354) to work on /home/airflow/.local/lib/python3.8/site-packages/airflow/example_dags/example_trigger_target_dag.py
[2022-04-06 04:43:29,970] {processor.py:642} INFO - Processing file /home/airflow/.local/lib/python3.8/site-packages/airflow/example_dags/example_trigger_target_dag.py for tasks to queue
[2022-04-06 04:43:29,970] {logging_mixin.py:109} INFO - [2022-04-06 04:43:29,970] {dagbag.py:500} INFO - Filling up the DagBag from /home/airflow/.local/lib/python3.8/site-packages/airflow/example_dags/example_trigger_target_dag.py
[2022-04-06 04:43:30,000] {processor.py:654} INFO - DAG(s) dict_keys(['example_trigger_target_dag']) retrieved from /home/airflow/.local/lib/python3.8/site-packages/airflow/example_dags/example_trigger_target_dag.py
[2022-04-06 04:43:30,010] {logging_mixin.py:109} INFO - [2022-04-06 04:43:30,010] {dag.py:2396} INFO - Sync 1 DAGs
[2022-04-06 04:43:30,025] {logging_mixin.py:109} INFO - [2022-04-06 04:43:30,025] {dag.py:2935} INFO - Setting next_dagrun for example_trigger_target_dag to None
[2022-04-06 04:43:30,036] {processor.py:171} INFO - Processing /home/airflow/.local/lib/python3.8/site-packages/airflow/example_dags/example_trigger_target_dag.py took 0.071 seconds
[2022-04-06 04:44:00,449] {processor.py:163} INFO - Started process (PID=412) to work on /home/airflow/.local/lib/python3.8/site-packages/airflow/example_dags/example_trigger_target_dag.py
[2022-04-06 04:44:00,450] {processor.py:642} INFO - Processing file /home/airflow/.local/lib/python3.8/site-packages/airflow/example_dags/example_trigger_target_dag.py for tasks to queue
[2022-04-06 04:44:00,451] {logging_mixin.py:109} INFO - [2022-04-06 04:44:00,451] {dagbag.py:500} INFO - Filling up the DagBag from /home/airflow/.local/lib/python3.8/site-packages/airflow/example_dags/example_trigger_target_dag.py
[2022-04-06 04:44:00,477] {processor.py:654} INFO - DAG(s) dict_keys(['example_trigger_target_dag']) retrieved from /home/airflow/.local/lib/python3.8/site-packages/airflow/example_dags/example_trigger_target_dag.py
[2022-04-06 04:44:00,487] {logging_mixin.py:109} INFO - [2022-04-06 04:44:00,487] {dag.py:2396} INFO - Sync 1 DAGs
[2022-04-06 04:44:00,500] {logging_mixin.py:109} INFO - [2022-04-06 04:44:00,500] {dag.py:2935} INFO - Setting next_dagrun for example_trigger_target_dag to None
[2022-04-06 04:44:00,508] {processor.py:171} INFO - Processing /home/airflow/.local/lib/python3.8/site-packages/airflow/example_dags/example_trigger_target_dag.py took 0.062 seconds
[2022-04-06 04:44:31,051] {processor.py:163} INFO - Started process (PID=462) to work on /home/airflow/.local/lib/python3.8/site-packages/airflow/example_dags/example_trigger_target_dag.py
[2022-04-06 04:44:31,052] {processor.py:642} INFO - Processing file /home/airflow/.local/lib/python3.8/site-packages/airflow/example_dags/example_trigger_target_dag.py for tasks to queue
[2022-04-06 04:44:31,052] {logging_mixin.py:109} INFO - [2022-04-06 04:44:31,052] {dagbag.py:500} INFO - Filling up the DagBag from /home/airflow/.local/lib/python3.8/site-packages/airflow/example_dags/example_trigger_target_dag.py
[2022-04-06 04:44:31,076] {processor.py:654} INFO - DAG(s) dict_keys(['example_trigger_target_dag']) retrieved from /home/airflow/.local/lib/python3.8/site-packages/airflow/example_dags/example_trigger_target_dag.py
[2022-04-06 04:44:31,085] {logging_mixin.py:109} INFO - [2022-04-06 04:44:31,085] {dag.py:2396} INFO - Sync 1 DAGs
[2022-04-06 04:44:31,097] {logging_mixin.py:109} INFO - [2022-04-06 04:44:31,097] {dag.py:2935} INFO - Setting next_dagrun for example_trigger_target_dag to None
[2022-04-06 04:44:31,104] {processor.py:171} INFO - Processing /home/airflow/.local/lib/python3.8/site-packages/airflow/example_dags/example_trigger_target_dag.py took 0.055 seconds
[2022-04-06 04:45:01,223] {processor.py:163} INFO - Started process (PID=527) to work on /home/airflow/.local/lib/python3.8/site-packages/airflow/example_dags/example_trigger_target_dag.py
[2022-04-06 04:45:01,225] {processor.py:642} INFO - Processing file /home/airflow/.local/lib/python3.8/site-packages/airflow/example_dags/example_trigger_target_dag.py for tasks to queue
[2022-04-06 04:45:01,226] {logging_mixin.py:109} INFO - [2022-04-06 04:45:01,226] {dagbag.py:500} INFO - Filling up the DagBag from /home/airflow/.local/lib/python3.8/site-packages/airflow/example_dags/example_trigger_target_dag.py
[2022-04-06 04:45:01,256] {processor.py:654} INFO - DAG(s) dict_keys(['example_trigger_target_dag']) retrieved from /home/airflow/.local/lib/python3.8/site-packages/airflow/example_dags/example_trigger_target_dag.py
[2022-04-06 04:45:01,267] {logging_mixin.py:109} INFO - [2022-04-06 04:45:01,267] {dag.py:2396} INFO - Sync 1 DAGs
[2022-04-06 04:45:01,283] {logging_mixin.py:109} INFO - [2022-04-06 04:45:01,282] {dag.py:2935} INFO - Setting next_dagrun for example_trigger_target_dag to None
[2022-04-06 04:45:01,291] {processor.py:171} INFO - Processing /home/airflow/.local/lib/python3.8/site-packages/airflow/example_dags/example_trigger_target_dag.py took 0.073 seconds
[2022-04-06 04:45:31,406] {processor.py:163} INFO - Started process (PID=584) to work on /home/airflow/.local/lib/python3.8/site-packages/airflow/example_dags/example_trigger_target_dag.py
[2022-04-06 04:45:31,408] {processor.py:642} INFO - Processing file /home/airflow/.local/lib/python3.8/site-packages/airflow/example_dags/example_trigger_target_dag.py for tasks to queue
[2022-04-06 04:45:31,408] {logging_mixin.py:109} INFO - [2022-04-06 04:45:31,408] {dagbag.py:500} INFO - Filling up the DagBag from /home/airflow/.local/lib/python3.8/site-packages/airflow/example_dags/example_trigger_target_dag.py
[2022-04-06 04:45:31,443] {processor.py:654} INFO - DAG(s) dict_keys(['example_trigger_target_dag']) retrieved from /home/airflow/.local/lib/python3.8/site-packages/airflow/example_dags/example_trigger_target_dag.py
[2022-04-06 04:45:31,455] {logging_mixin.py:109} INFO - [2022-04-06 04:45:31,455] {dag.py:2396} INFO - Sync 1 DAGs
[2022-04-06 04:45:31,476] {logging_mixin.py:109} INFO - [2022-04-06 04:45:31,476] {dag.py:2935} INFO - Setting next_dagrun for example_trigger_target_dag to None
[2022-04-06 04:45:31,487] {processor.py:171} INFO - Processing /home/airflow/.local/lib/python3.8/site-packages/airflow/example_dags/example_trigger_target_dag.py took 0.084 seconds
[2022-04-06 04:46:02,486] {processor.py:163} INFO - Started process (PID=649) to work on /home/airflow/.local/lib/python3.8/site-packages/airflow/example_dags/example_trigger_target_dag.py
[2022-04-06 04:46:02,487] {processor.py:642} INFO - Processing file /home/airflow/.local/lib/python3.8/site-packages/airflow/example_dags/example_trigger_target_dag.py for tasks to queue
[2022-04-06 04:46:02,487] {logging_mixin.py:109} INFO - [2022-04-06 04:46:02,487] {dagbag.py:500} INFO - Filling up the DagBag from /home/airflow/.local/lib/python3.8/site-packages/airflow/example_dags/example_trigger_target_dag.py
[2022-04-06 04:46:02,513] {processor.py:654} INFO - DAG(s) dict_keys(['example_trigger_target_dag']) retrieved from /home/airflow/.local/lib/python3.8/site-packages/airflow/example_dags/example_trigger_target_dag.py
[2022-04-06 04:46:02,522] {logging_mixin.py:109} INFO - [2022-04-06 04:46:02,522] {dag.py:2396} INFO - Sync 1 DAGs
[2022-04-06 04:46:02,535] {logging_mixin.py:109} INFO - [2022-04-06 04:46:02,535] {dag.py:2935} INFO - Setting next_dagrun for example_trigger_target_dag to None
[2022-04-06 04:46:02,542] {processor.py:171} INFO - Processing /home/airflow/.local/lib/python3.8/site-packages/airflow/example_dags/example_trigger_target_dag.py took 0.059 seconds
[2022-04-06 04:46:33,117] {processor.py:163} INFO - Started process (PID=706) to work on /home/airflow/.local/lib/python3.8/site-packages/airflow/example_dags/example_trigger_target_dag.py
[2022-04-06 04:46:33,118] {processor.py:642} INFO - Processing file /home/airflow/.local/lib/python3.8/site-packages/airflow/example_dags/example_trigger_target_dag.py for tasks to queue
[2022-04-06 04:46:33,118] {logging_mixin.py:109} INFO - [2022-04-06 04:46:33,118] {dagbag.py:500} INFO - Filling up the DagBag from /home/airflow/.local/lib/python3.8/site-packages/airflow/example_dags/example_trigger_target_dag.py
[2022-04-06 04:46:33,145] {processor.py:654} INFO - DAG(s) dict_keys(['example_trigger_target_dag']) retrieved from /home/airflow/.local/lib/python3.8/site-packages/airflow/example_dags/example_trigger_target_dag.py
[2022-04-06 04:46:33,153] {logging_mixin.py:109} INFO - [2022-04-06 04:46:33,153] {dag.py:2396} INFO - Sync 1 DAGs
[2022-04-06 04:46:33,166] {logging_mixin.py:109} INFO - [2022-04-06 04:46:33,166] {dag.py:2935} INFO - Setting next_dagrun for example_trigger_target_dag to None
[2022-04-06 04:46:33,172] {processor.py:171} INFO - Processing /home/airflow/.local/lib/python3.8/site-packages/airflow/example_dags/example_trigger_target_dag.py took 0.058 seconds
[2022-04-06 04:47:03,356] {processor.py:163} INFO - Started process (PID=763) to work on /home/airflow/.local/lib/python3.8/site-packages/airflow/example_dags/example_trigger_target_dag.py
[2022-04-06 04:47:03,356] {processor.py:642} INFO - Processing file /home/airflow/.local/lib/python3.8/site-packages/airflow/example_dags/example_trigger_target_dag.py for tasks to queue
[2022-04-06 04:47:03,357] {logging_mixin.py:109} INFO - [2022-04-06 04:47:03,357] {dagbag.py:500} INFO - Filling up the DagBag from /home/airflow/.local/lib/python3.8/site-packages/airflow/example_dags/example_trigger_target_dag.py
[2022-04-06 04:47:03,382] {processor.py:654} INFO - DAG(s) dict_keys(['example_trigger_target_dag']) retrieved from /home/airflow/.local/lib/python3.8/site-packages/airflow/example_dags/example_trigger_target_dag.py
[2022-04-06 04:47:03,389] {logging_mixin.py:109} INFO - [2022-04-06 04:47:03,389] {dag.py:2396} INFO - Sync 1 DAGs
[2022-04-06 04:47:03,404] {logging_mixin.py:109} INFO - [2022-04-06 04:47:03,404] {dag.py:2935} INFO - Setting next_dagrun for example_trigger_target_dag to None
[2022-04-06 04:47:03,413] {processor.py:171} INFO - Processing /home/airflow/.local/lib/python3.8/site-packages/airflow/example_dags/example_trigger_target_dag.py took 0.059 seconds
[2022-04-06 04:47:33,540] {processor.py:163} INFO - Started process (PID=830) to work on /home/airflow/.local/lib/python3.8/site-packages/airflow/example_dags/example_trigger_target_dag.py
[2022-04-06 04:47:33,543] {processor.py:642} INFO - Processing file /home/airflow/.local/lib/python3.8/site-packages/airflow/example_dags/example_trigger_target_dag.py for tasks to queue
[2022-04-06 04:47:33,545] {logging_mixin.py:109} INFO - [2022-04-06 04:47:33,544] {dagbag.py:500} INFO - Filling up the DagBag from /home/airflow/.local/lib/python3.8/site-packages/airflow/example_dags/example_trigger_target_dag.py
[2022-04-06 04:47:33,582] {processor.py:654} INFO - DAG(s) dict_keys(['example_trigger_target_dag']) retrieved from /home/airflow/.local/lib/python3.8/site-packages/airflow/example_dags/example_trigger_target_dag.py
[2022-04-06 04:47:33,591] {logging_mixin.py:109} INFO - [2022-04-06 04:47:33,591] {dag.py:2396} INFO - Sync 1 DAGs
[2022-04-06 04:47:33,605] {logging_mixin.py:109} INFO - [2022-04-06 04:47:33,605] {dag.py:2935} INFO - Setting next_dagrun for example_trigger_target_dag to None
[2022-04-06 04:47:33,614] {processor.py:171} INFO - Processing /home/airflow/.local/lib/python3.8/site-packages/airflow/example_dags/example_trigger_target_dag.py took 0.082 seconds
[2022-04-06 04:48:03,801] {processor.py:163} INFO - Started process (PID=889) to work on /home/airflow/.local/lib/python3.8/site-packages/airflow/example_dags/example_trigger_target_dag.py
[2022-04-06 04:48:03,804] {processor.py:642} INFO - Processing file /home/airflow/.local/lib/python3.8/site-packages/airflow/example_dags/example_trigger_target_dag.py for tasks to queue
[2022-04-06 04:48:03,806] {logging_mixin.py:109} INFO - [2022-04-06 04:48:03,806] {dagbag.py:500} INFO - Filling up the DagBag from /home/airflow/.local/lib/python3.8/site-packages/airflow/example_dags/example_trigger_target_dag.py
[2022-04-06 04:48:03,845] {processor.py:654} INFO - DAG(s) dict_keys(['example_trigger_target_dag']) retrieved from /home/airflow/.local/lib/python3.8/site-packages/airflow/example_dags/example_trigger_target_dag.py
[2022-04-06 04:48:03,854] {logging_mixin.py:109} INFO - [2022-04-06 04:48:03,854] {dag.py:2396} INFO - Sync 1 DAGs
[2022-04-06 04:48:03,867] {logging_mixin.py:109} INFO - [2022-04-06 04:48:03,866] {dag.py:2935} INFO - Setting next_dagrun for example_trigger_target_dag to None
[2022-04-06 04:48:03,874] {processor.py:171} INFO - Processing /home/airflow/.local/lib/python3.8/site-packages/airflow/example_dags/example_trigger_target_dag.py took 0.081 seconds
[2022-04-06 04:48:34,403] {processor.py:163} INFO - Started process (PID=957) to work on /home/airflow/.local/lib/python3.8/site-packages/airflow/example_dags/example_trigger_target_dag.py
[2022-04-06 04:48:34,404] {processor.py:642} INFO - Processing file /home/airflow/.local/lib/python3.8/site-packages/airflow/example_dags/example_trigger_target_dag.py for tasks to queue
[2022-04-06 04:48:34,404] {logging_mixin.py:109} INFO - [2022-04-06 04:48:34,404] {dagbag.py:500} INFO - Filling up the DagBag from /home/airflow/.local/lib/python3.8/site-packages/airflow/example_dags/example_trigger_target_dag.py
[2022-04-06 04:48:34,424] {processor.py:654} INFO - DAG(s) dict_keys(['example_trigger_target_dag']) retrieved from /home/airflow/.local/lib/python3.8/site-packages/airflow/example_dags/example_trigger_target_dag.py
[2022-04-06 04:48:34,431] {logging_mixin.py:109} INFO - [2022-04-06 04:48:34,431] {dag.py:2396} INFO - Sync 1 DAGs
[2022-04-06 04:48:34,441] {logging_mixin.py:109} INFO - [2022-04-06 04:48:34,441] {dag.py:2935} INFO - Setting next_dagrun for example_trigger_target_dag to None
[2022-04-06 04:48:34,447] {processor.py:171} INFO - Processing /home/airflow/.local/lib/python3.8/site-packages/airflow/example_dags/example_trigger_target_dag.py took 0.046 seconds
[2022-04-06 04:49:04,834] {processor.py:163} INFO - Started process (PID=1023) to work on /home/airflow/.local/lib/python3.8/site-packages/airflow/example_dags/example_trigger_target_dag.py
[2022-04-06 04:49:04,836] {processor.py:642} INFO - Processing file /home/airflow/.local/lib/python3.8/site-packages/airflow/example_dags/example_trigger_target_dag.py for tasks to queue
[2022-04-06 04:49:04,838] {logging_mixin.py:109} INFO - [2022-04-06 04:49:04,838] {dagbag.py:500} INFO - Filling up the DagBag from /home/airflow/.local/lib/python3.8/site-packages/airflow/example_dags/example_trigger_target_dag.py
[2022-04-06 04:49:04,874] {processor.py:654} INFO - DAG(s) dict_keys(['example_trigger_target_dag']) retrieved from /home/airflow/.local/lib/python3.8/site-packages/airflow/example_dags/example_trigger_target_dag.py
[2022-04-06 04:49:04,882] {logging_mixin.py:109} INFO - [2022-04-06 04:49:04,882] {dag.py:2396} INFO - Sync 1 DAGs
[2022-04-06 04:49:04,894] {logging_mixin.py:109} INFO - [2022-04-06 04:49:04,894] {dag.py:2935} INFO - Setting next_dagrun for example_trigger_target_dag to None
[2022-04-06 04:49:04,901] {processor.py:171} INFO - Processing /home/airflow/.local/lib/python3.8/site-packages/airflow/example_dags/example_trigger_target_dag.py took 0.074 seconds
[2022-04-06 04:49:35,028] {processor.py:163} INFO - Started process (PID=1080) to work on /home/airflow/.local/lib/python3.8/site-packages/airflow/example_dags/example_trigger_target_dag.py
[2022-04-06 04:49:35,031] {processor.py:642} INFO - Processing file /home/airflow/.local/lib/python3.8/site-packages/airflow/example_dags/example_trigger_target_dag.py for tasks to queue
[2022-04-06 04:49:35,032] {logging_mixin.py:109} INFO - [2022-04-06 04:49:35,032] {dagbag.py:500} INFO - Filling up the DagBag from /home/airflow/.local/lib/python3.8/site-packages/airflow/example_dags/example_trigger_target_dag.py
[2022-04-06 04:49:35,071] {processor.py:654} INFO - DAG(s) dict_keys(['example_trigger_target_dag']) retrieved from /home/airflow/.local/lib/python3.8/site-packages/airflow/example_dags/example_trigger_target_dag.py
[2022-04-06 04:49:35,079] {logging_mixin.py:109} INFO - [2022-04-06 04:49:35,079] {dag.py:2396} INFO - Sync 1 DAGs
[2022-04-06 04:49:35,092] {logging_mixin.py:109} INFO - [2022-04-06 04:49:35,092] {dag.py:2935} INFO - Setting next_dagrun for example_trigger_target_dag to None
[2022-04-06 04:49:35,099] {processor.py:171} INFO - Processing /home/airflow/.local/lib/python3.8/site-packages/airflow/example_dags/example_trigger_target_dag.py took 0.079 seconds
[2022-04-06 04:50:05,620] {processor.py:163} INFO - Started process (PID=1147) to work on /home/airflow/.local/lib/python3.8/site-packages/airflow/example_dags/example_trigger_target_dag.py
[2022-04-06 04:50:05,622] {processor.py:642} INFO - Processing file /home/airflow/.local/lib/python3.8/site-packages/airflow/example_dags/example_trigger_target_dag.py for tasks to queue
[2022-04-06 04:50:05,623] {logging_mixin.py:109} INFO - [2022-04-06 04:50:05,623] {dagbag.py:500} INFO - Filling up the DagBag from /home/airflow/.local/lib/python3.8/site-packages/airflow/example_dags/example_trigger_target_dag.py
[2022-04-06 04:50:05,657] {processor.py:654} INFO - DAG(s) dict_keys(['example_trigger_target_dag']) retrieved from /home/airflow/.local/lib/python3.8/site-packages/airflow/example_dags/example_trigger_target_dag.py
[2022-04-06 04:50:05,670] {logging_mixin.py:109} INFO - [2022-04-06 04:50:05,669] {dag.py:2396} INFO - Sync 1 DAGs
[2022-04-06 04:50:05,691] {logging_mixin.py:109} INFO - [2022-04-06 04:50:05,691] {dag.py:2935} INFO - Setting next_dagrun for example_trigger_target_dag to None
[2022-04-06 04:50:05,702] {processor.py:171} INFO - Processing /home/airflow/.local/lib/python3.8/site-packages/airflow/example_dags/example_trigger_target_dag.py took 0.085 seconds
[2022-04-06 04:50:35,742] {processor.py:163} INFO - Started process (PID=1205) to work on /home/airflow/.local/lib/python3.8/site-packages/airflow/example_dags/example_trigger_target_dag.py
[2022-04-06 04:50:35,743] {processor.py:642} INFO - Processing file /home/airflow/.local/lib/python3.8/site-packages/airflow/example_dags/example_trigger_target_dag.py for tasks to queue
[2022-04-06 04:50:35,744] {logging_mixin.py:109} INFO - [2022-04-06 04:50:35,743] {dagbag.py:500} INFO - Filling up the DagBag from /home/airflow/.local/lib/python3.8/site-packages/airflow/example_dags/example_trigger_target_dag.py
[2022-04-06 04:50:35,767] {processor.py:654} INFO - DAG(s) dict_keys(['example_trigger_target_dag']) retrieved from /home/airflow/.local/lib/python3.8/site-packages/airflow/example_dags/example_trigger_target_dag.py
[2022-04-06 04:50:35,774] {logging_mixin.py:109} INFO - [2022-04-06 04:50:35,774] {dag.py:2396} INFO - Sync 1 DAGs
[2022-04-06 04:50:35,786] {logging_mixin.py:109} INFO - [2022-04-06 04:50:35,786] {dag.py:2935} INFO - Setting next_dagrun for example_trigger_target_dag to None
[2022-04-06 04:50:35,792] {processor.py:171} INFO - Processing /home/airflow/.local/lib/python3.8/site-packages/airflow/example_dags/example_trigger_target_dag.py took 0.053 seconds
[2022-04-06 04:52:40,899] {processor.py:163} INFO - Started process (PID=39) to work on /home/airflow/.local/lib/python3.8/site-packages/airflow/example_dags/example_trigger_target_dag.py
[2022-04-06 04:52:40,900] {processor.py:642} INFO - Processing file /home/airflow/.local/lib/python3.8/site-packages/airflow/example_dags/example_trigger_target_dag.py for tasks to queue
[2022-04-06 04:52:40,901] {logging_mixin.py:109} INFO - [2022-04-06 04:52:40,901] {dagbag.py:500} INFO - Filling up the DagBag from /home/airflow/.local/lib/python3.8/site-packages/airflow/example_dags/example_trigger_target_dag.py
[2022-04-06 04:52:40,941] {processor.py:654} INFO - DAG(s) dict_keys(['example_trigger_target_dag']) retrieved from /home/airflow/.local/lib/python3.8/site-packages/airflow/example_dags/example_trigger_target_dag.py
[2022-04-06 04:52:40,953] {logging_mixin.py:109} INFO - [2022-04-06 04:52:40,952] {dag.py:2396} INFO - Sync 1 DAGs
[2022-04-06 04:52:40,971] {logging_mixin.py:109} INFO - [2022-04-06 04:52:40,971] {dag.py:2935} INFO - Setting next_dagrun for example_trigger_target_dag to None
[2022-04-06 04:52:40,980] {processor.py:171} INFO - Processing /home/airflow/.local/lib/python3.8/site-packages/airflow/example_dags/example_trigger_target_dag.py took 0.084 seconds
[2022-04-06 04:53:11,281] {processor.py:163} INFO - Started process (PID=97) to work on /home/airflow/.local/lib/python3.8/site-packages/airflow/example_dags/example_trigger_target_dag.py
[2022-04-06 04:53:11,282] {processor.py:642} INFO - Processing file /home/airflow/.local/lib/python3.8/site-packages/airflow/example_dags/example_trigger_target_dag.py for tasks to queue
[2022-04-06 04:53:11,283] {logging_mixin.py:109} INFO - [2022-04-06 04:53:11,283] {dagbag.py:500} INFO - Filling up the DagBag from /home/airflow/.local/lib/python3.8/site-packages/airflow/example_dags/example_trigger_target_dag.py
[2022-04-06 04:53:11,309] {processor.py:654} INFO - DAG(s) dict_keys(['example_trigger_target_dag']) retrieved from /home/airflow/.local/lib/python3.8/site-packages/airflow/example_dags/example_trigger_target_dag.py
[2022-04-06 04:53:11,317] {logging_mixin.py:109} INFO - [2022-04-06 04:53:11,317] {dag.py:2396} INFO - Sync 1 DAGs
[2022-04-06 04:53:11,330] {logging_mixin.py:109} INFO - [2022-04-06 04:53:11,330] {dag.py:2935} INFO - Setting next_dagrun for example_trigger_target_dag to None
[2022-04-06 04:53:11,337] {processor.py:171} INFO - Processing /home/airflow/.local/lib/python3.8/site-packages/airflow/example_dags/example_trigger_target_dag.py took 0.059 seconds
[2022-04-06 04:53:41,456] {processor.py:163} INFO - Started process (PID=162) to work on /home/airflow/.local/lib/python3.8/site-packages/airflow/example_dags/example_trigger_target_dag.py
[2022-04-06 04:53:41,457] {processor.py:642} INFO - Processing file /home/airflow/.local/lib/python3.8/site-packages/airflow/example_dags/example_trigger_target_dag.py for tasks to queue
[2022-04-06 04:53:41,458] {logging_mixin.py:109} INFO - [2022-04-06 04:53:41,458] {dagbag.py:500} INFO - Filling up the DagBag from /home/airflow/.local/lib/python3.8/site-packages/airflow/example_dags/example_trigger_target_dag.py
[2022-04-06 04:53:41,484] {processor.py:654} INFO - DAG(s) dict_keys(['example_trigger_target_dag']) retrieved from /home/airflow/.local/lib/python3.8/site-packages/airflow/example_dags/example_trigger_target_dag.py
[2022-04-06 04:53:41,492] {logging_mixin.py:109} INFO - [2022-04-06 04:53:41,492] {dag.py:2396} INFO - Sync 1 DAGs
[2022-04-06 04:53:41,505] {logging_mixin.py:109} INFO - [2022-04-06 04:53:41,505] {dag.py:2935} INFO - Setting next_dagrun for example_trigger_target_dag to None
[2022-04-06 04:53:41,513] {processor.py:171} INFO - Processing /home/airflow/.local/lib/python3.8/site-packages/airflow/example_dags/example_trigger_target_dag.py took 0.059 seconds
[2022-04-06 04:54:11,850] {processor.py:163} INFO - Started process (PID=220) to work on /home/airflow/.local/lib/python3.8/site-packages/airflow/example_dags/example_trigger_target_dag.py
[2022-04-06 04:54:11,851] {processor.py:642} INFO - Processing file /home/airflow/.local/lib/python3.8/site-packages/airflow/example_dags/example_trigger_target_dag.py for tasks to queue
[2022-04-06 04:54:11,851] {logging_mixin.py:109} INFO - [2022-04-06 04:54:11,851] {dagbag.py:500} INFO - Filling up the DagBag from /home/airflow/.local/lib/python3.8/site-packages/airflow/example_dags/example_trigger_target_dag.py
[2022-04-06 04:54:11,878] {processor.py:654} INFO - DAG(s) dict_keys(['example_trigger_target_dag']) retrieved from /home/airflow/.local/lib/python3.8/site-packages/airflow/example_dags/example_trigger_target_dag.py
[2022-04-06 04:54:11,887] {logging_mixin.py:109} INFO - [2022-04-06 04:54:11,887] {dag.py:2396} INFO - Sync 1 DAGs
[2022-04-06 04:54:11,900] {logging_mixin.py:109} INFO - [2022-04-06 04:54:11,900] {dag.py:2935} INFO - Setting next_dagrun for example_trigger_target_dag to None
[2022-04-06 04:54:11,907] {processor.py:171} INFO - Processing /home/airflow/.local/lib/python3.8/site-packages/airflow/example_dags/example_trigger_target_dag.py took 0.060 seconds
[2022-04-06 04:54:42,437] {processor.py:163} INFO - Started process (PID=278) to work on /home/airflow/.local/lib/python3.8/site-packages/airflow/example_dags/example_trigger_target_dag.py
[2022-04-06 04:54:42,438] {processor.py:642} INFO - Processing file /home/airflow/.local/lib/python3.8/site-packages/airflow/example_dags/example_trigger_target_dag.py for tasks to queue
[2022-04-06 04:54:42,438] {logging_mixin.py:109} INFO - [2022-04-06 04:54:42,438] {dagbag.py:500} INFO - Filling up the DagBag from /home/airflow/.local/lib/python3.8/site-packages/airflow/example_dags/example_trigger_target_dag.py
[2022-04-06 04:54:42,466] {processor.py:654} INFO - DAG(s) dict_keys(['example_trigger_target_dag']) retrieved from /home/airflow/.local/lib/python3.8/site-packages/airflow/example_dags/example_trigger_target_dag.py
[2022-04-06 04:54:42,475] {logging_mixin.py:109} INFO - [2022-04-06 04:54:42,475] {dag.py:2396} INFO - Sync 1 DAGs
[2022-04-06 04:54:42,490] {logging_mixin.py:109} INFO - [2022-04-06 04:54:42,490] {dag.py:2935} INFO - Setting next_dagrun for example_trigger_target_dag to None
[2022-04-06 04:54:42,499] {processor.py:171} INFO - Processing /home/airflow/.local/lib/python3.8/site-packages/airflow/example_dags/example_trigger_target_dag.py took 0.065 seconds
[2022-04-06 04:55:12,938] {processor.py:163} INFO - Started process (PID=343) to work on /home/airflow/.local/lib/python3.8/site-packages/airflow/example_dags/example_trigger_target_dag.py
[2022-04-06 04:55:12,939] {processor.py:642} INFO - Processing file /home/airflow/.local/lib/python3.8/site-packages/airflow/example_dags/example_trigger_target_dag.py for tasks to queue
[2022-04-06 04:55:12,940] {logging_mixin.py:109} INFO - [2022-04-06 04:55:12,939] {dagbag.py:500} INFO - Filling up the DagBag from /home/airflow/.local/lib/python3.8/site-packages/airflow/example_dags/example_trigger_target_dag.py
[2022-04-06 04:55:12,970] {processor.py:654} INFO - DAG(s) dict_keys(['example_trigger_target_dag']) retrieved from /home/airflow/.local/lib/python3.8/site-packages/airflow/example_dags/example_trigger_target_dag.py
[2022-04-06 04:55:12,979] {logging_mixin.py:109} INFO - [2022-04-06 04:55:12,979] {dag.py:2396} INFO - Sync 1 DAGs
[2022-04-06 04:55:12,995] {logging_mixin.py:109} INFO - [2022-04-06 04:55:12,995] {dag.py:2935} INFO - Setting next_dagrun for example_trigger_target_dag to None
[2022-04-06 04:55:13,005] {processor.py:171} INFO - Processing /home/airflow/.local/lib/python3.8/site-packages/airflow/example_dags/example_trigger_target_dag.py took 0.070 seconds
[2022-04-06 04:55:43,365] {processor.py:163} INFO - Started process (PID=401) to work on /home/airflow/.local/lib/python3.8/site-packages/airflow/example_dags/example_trigger_target_dag.py
[2022-04-06 04:55:43,366] {processor.py:642} INFO - Processing file /home/airflow/.local/lib/python3.8/site-packages/airflow/example_dags/example_trigger_target_dag.py for tasks to queue
[2022-04-06 04:55:43,366] {logging_mixin.py:109} INFO - [2022-04-06 04:55:43,366] {dagbag.py:500} INFO - Filling up the DagBag from /home/airflow/.local/lib/python3.8/site-packages/airflow/example_dags/example_trigger_target_dag.py
[2022-04-06 04:55:43,391] {processor.py:654} INFO - DAG(s) dict_keys(['example_trigger_target_dag']) retrieved from /home/airflow/.local/lib/python3.8/site-packages/airflow/example_dags/example_trigger_target_dag.py
[2022-04-06 04:55:43,400] {logging_mixin.py:109} INFO - [2022-04-06 04:55:43,400] {dag.py:2396} INFO - Sync 1 DAGs
[2022-04-06 04:55:43,413] {logging_mixin.py:109} INFO - [2022-04-06 04:55:43,412] {dag.py:2935} INFO - Setting next_dagrun for example_trigger_target_dag to None
[2022-04-06 04:55:43,421] {processor.py:171} INFO - Processing /home/airflow/.local/lib/python3.8/site-packages/airflow/example_dags/example_trigger_target_dag.py took 0.058 seconds
[2022-04-06 04:56:13,734] {processor.py:163} INFO - Started process (PID=458) to work on /home/airflow/.local/lib/python3.8/site-packages/airflow/example_dags/example_trigger_target_dag.py
[2022-04-06 04:56:13,736] {processor.py:642} INFO - Processing file /home/airflow/.local/lib/python3.8/site-packages/airflow/example_dags/example_trigger_target_dag.py for tasks to queue
[2022-04-06 04:56:13,736] {logging_mixin.py:109} INFO - [2022-04-06 04:56:13,736] {dagbag.py:500} INFO - Filling up the DagBag from /home/airflow/.local/lib/python3.8/site-packages/airflow/example_dags/example_trigger_target_dag.py
[2022-04-06 04:56:13,767] {processor.py:654} INFO - DAG(s) dict_keys(['example_trigger_target_dag']) retrieved from /home/airflow/.local/lib/python3.8/site-packages/airflow/example_dags/example_trigger_target_dag.py
[2022-04-06 04:56:13,776] {logging_mixin.py:109} INFO - [2022-04-06 04:56:13,775] {dag.py:2396} INFO - Sync 1 DAGs
[2022-04-06 04:56:13,788] {logging_mixin.py:109} INFO - [2022-04-06 04:56:13,788] {dag.py:2935} INFO - Setting next_dagrun for example_trigger_target_dag to None
[2022-04-06 04:56:13,796] {processor.py:171} INFO - Processing /home/airflow/.local/lib/python3.8/site-packages/airflow/example_dags/example_trigger_target_dag.py took 0.066 seconds
[2022-04-06 04:56:43,968] {processor.py:163} INFO - Started process (PID=523) to work on /home/airflow/.local/lib/python3.8/site-packages/airflow/example_dags/example_trigger_target_dag.py
[2022-04-06 04:56:43,969] {processor.py:642} INFO - Processing file /home/airflow/.local/lib/python3.8/site-packages/airflow/example_dags/example_trigger_target_dag.py for tasks to queue
[2022-04-06 04:56:43,970] {logging_mixin.py:109} INFO - [2022-04-06 04:56:43,970] {dagbag.py:500} INFO - Filling up the DagBag from /home/airflow/.local/lib/python3.8/site-packages/airflow/example_dags/example_trigger_target_dag.py
[2022-04-06 04:56:43,996] {processor.py:654} INFO - DAG(s) dict_keys(['example_trigger_target_dag']) retrieved from /home/airflow/.local/lib/python3.8/site-packages/airflow/example_dags/example_trigger_target_dag.py
[2022-04-06 04:56:44,004] {logging_mixin.py:109} INFO - [2022-04-06 04:56:44,004] {dag.py:2396} INFO - Sync 1 DAGs
[2022-04-06 04:56:44,016] {logging_mixin.py:109} INFO - [2022-04-06 04:56:44,016] {dag.py:2935} INFO - Setting next_dagrun for example_trigger_target_dag to None
[2022-04-06 04:56:44,023] {processor.py:171} INFO - Processing /home/airflow/.local/lib/python3.8/site-packages/airflow/example_dags/example_trigger_target_dag.py took 0.058 seconds
[2022-04-06 04:57:14,139] {processor.py:163} INFO - Started process (PID=580) to work on /home/airflow/.local/lib/python3.8/site-packages/airflow/example_dags/example_trigger_target_dag.py
[2022-04-06 04:57:14,140] {processor.py:642} INFO - Processing file /home/airflow/.local/lib/python3.8/site-packages/airflow/example_dags/example_trigger_target_dag.py for tasks to queue
[2022-04-06 04:57:14,140] {logging_mixin.py:109} INFO - [2022-04-06 04:57:14,140] {dagbag.py:500} INFO - Filling up the DagBag from /home/airflow/.local/lib/python3.8/site-packages/airflow/example_dags/example_trigger_target_dag.py
[2022-04-06 04:57:14,165] {processor.py:654} INFO - DAG(s) dict_keys(['example_trigger_target_dag']) retrieved from /home/airflow/.local/lib/python3.8/site-packages/airflow/example_dags/example_trigger_target_dag.py
[2022-04-06 04:57:14,175] {logging_mixin.py:109} INFO - [2022-04-06 04:57:14,175] {dag.py:2396} INFO - Sync 1 DAGs
[2022-04-06 04:57:14,191] {logging_mixin.py:109} INFO - [2022-04-06 04:57:14,191] {dag.py:2935} INFO - Setting next_dagrun for example_trigger_target_dag to None
[2022-04-06 04:57:14,199] {processor.py:171} INFO - Processing /home/airflow/.local/lib/python3.8/site-packages/airflow/example_dags/example_trigger_target_dag.py took 0.063 seconds
[2022-04-06 05:02:29,715] {processor.py:163} INFO - Started process (PID=39) to work on /home/airflow/.local/lib/python3.8/site-packages/airflow/example_dags/example_trigger_target_dag.py
[2022-04-06 05:02:29,716] {processor.py:642} INFO - Processing file /home/airflow/.local/lib/python3.8/site-packages/airflow/example_dags/example_trigger_target_dag.py for tasks to queue
[2022-04-06 05:02:29,716] {logging_mixin.py:109} INFO - [2022-04-06 05:02:29,716] {dagbag.py:500} INFO - Filling up the DagBag from /home/airflow/.local/lib/python3.8/site-packages/airflow/example_dags/example_trigger_target_dag.py
[2022-04-06 05:02:29,749] {processor.py:654} INFO - DAG(s) dict_keys(['example_trigger_target_dag']) retrieved from /home/airflow/.local/lib/python3.8/site-packages/airflow/example_dags/example_trigger_target_dag.py
[2022-04-06 05:02:29,761] {logging_mixin.py:109} INFO - [2022-04-06 05:02:29,761] {dag.py:2396} INFO - Sync 1 DAGs
[2022-04-06 05:02:29,781] {logging_mixin.py:109} INFO - [2022-04-06 05:02:29,780] {dag.py:2935} INFO - Setting next_dagrun for example_trigger_target_dag to None
[2022-04-06 05:02:29,791] {processor.py:171} INFO - Processing /home/airflow/.local/lib/python3.8/site-packages/airflow/example_dags/example_trigger_target_dag.py took 0.079 seconds
[2022-04-06 05:03:00,484] {processor.py:163} INFO - Started process (PID=96) to work on /home/airflow/.local/lib/python3.8/site-packages/airflow/example_dags/example_trigger_target_dag.py
[2022-04-06 05:03:00,485] {processor.py:642} INFO - Processing file /home/airflow/.local/lib/python3.8/site-packages/airflow/example_dags/example_trigger_target_dag.py for tasks to queue
[2022-04-06 05:03:00,486] {logging_mixin.py:109} INFO - [2022-04-06 05:03:00,486] {dagbag.py:500} INFO - Filling up the DagBag from /home/airflow/.local/lib/python3.8/site-packages/airflow/example_dags/example_trigger_target_dag.py
[2022-04-06 05:03:00,517] {processor.py:654} INFO - DAG(s) dict_keys(['example_trigger_target_dag']) retrieved from /home/airflow/.local/lib/python3.8/site-packages/airflow/example_dags/example_trigger_target_dag.py
[2022-04-06 05:03:00,526] {logging_mixin.py:109} INFO - [2022-04-06 05:03:00,525] {dag.py:2396} INFO - Sync 1 DAGs
[2022-04-06 05:03:00,540] {logging_mixin.py:109} INFO - [2022-04-06 05:03:00,540] {dag.py:2935} INFO - Setting next_dagrun for example_trigger_target_dag to None
[2022-04-06 05:03:00,552] {processor.py:171} INFO - Processing /home/airflow/.local/lib/python3.8/site-packages/airflow/example_dags/example_trigger_target_dag.py took 0.071 seconds
[2022-04-06 05:03:30,913] {processor.py:163} INFO - Started process (PID=162) to work on /home/airflow/.local/lib/python3.8/site-packages/airflow/example_dags/example_trigger_target_dag.py
[2022-04-06 05:03:30,914] {processor.py:642} INFO - Processing file /home/airflow/.local/lib/python3.8/site-packages/airflow/example_dags/example_trigger_target_dag.py for tasks to queue
[2022-04-06 05:03:30,914] {logging_mixin.py:109} INFO - [2022-04-06 05:03:30,914] {dagbag.py:500} INFO - Filling up the DagBag from /home/airflow/.local/lib/python3.8/site-packages/airflow/example_dags/example_trigger_target_dag.py
[2022-04-06 05:03:30,942] {processor.py:654} INFO - DAG(s) dict_keys(['example_trigger_target_dag']) retrieved from /home/airflow/.local/lib/python3.8/site-packages/airflow/example_dags/example_trigger_target_dag.py
[2022-04-06 05:03:30,949] {logging_mixin.py:109} INFO - [2022-04-06 05:03:30,949] {dag.py:2396} INFO - Sync 1 DAGs
[2022-04-06 05:03:30,961] {logging_mixin.py:109} INFO - [2022-04-06 05:03:30,961] {dag.py:2935} INFO - Setting next_dagrun for example_trigger_target_dag to None
[2022-04-06 05:03:30,968] {processor.py:171} INFO - Processing /home/airflow/.local/lib/python3.8/site-packages/airflow/example_dags/example_trigger_target_dag.py took 0.058 seconds
