[2022-04-06 04:43:17,955] {processor.py:163} INFO - Started process (PID=243) to work on /home/airflow/.local/lib/python3.8/site-packages/airflow/example_dags/example_complex.py
[2022-04-06 04:43:17,956] {processor.py:642} INFO - Processing file /home/airflow/.local/lib/python3.8/site-packages/airflow/example_dags/example_complex.py for tasks to queue
[2022-04-06 04:43:17,956] {logging_mixin.py:109} INFO - [2022-04-06 04:43:17,956] {dagbag.py:500} INFO - Filling up the DagBag from /home/airflow/.local/lib/python3.8/site-packages/airflow/example_dags/example_complex.py
[2022-04-06 04:43:17,981] {processor.py:654} INFO - DAG(s) dict_keys(['example_complex']) retrieved from /home/airflow/.local/lib/python3.8/site-packages/airflow/example_dags/example_complex.py
[2022-04-06 04:43:19,827] {logging_mixin.py:109} INFO - [2022-04-06 04:43:19,827] {manager.py:496} INFO - Created Permission View: can read on DAG:example_complex
[2022-04-06 04:43:19,832] {logging_mixin.py:109} INFO - [2022-04-06 04:43:19,832] {manager.py:496} INFO - Created Permission View: can edit on DAG:example_complex
[2022-04-06 04:43:19,833] {logging_mixin.py:109} INFO - [2022-04-06 04:43:19,833] {dag.py:2396} INFO - Sync 1 DAGs
[2022-04-06 04:43:19,837] {logging_mixin.py:109} INFO - [2022-04-06 04:43:19,837] {dag.py:2415} INFO - Creating ORM DAG for example_complex
[2022-04-06 04:43:19,843] {logging_mixin.py:109} INFO - [2022-04-06 04:43:19,843] {dag.py:2935} INFO - Setting next_dagrun for example_complex to None
[2022-04-06 04:43:19,851] {processor.py:171} INFO - Processing /home/airflow/.local/lib/python3.8/site-packages/airflow/example_dags/example_complex.py took 1.898 seconds
[2022-04-06 04:43:50,041] {processor.py:163} INFO - Started process (PID=381) to work on /home/airflow/.local/lib/python3.8/site-packages/airflow/example_dags/example_complex.py
[2022-04-06 04:43:50,043] {processor.py:642} INFO - Processing file /home/airflow/.local/lib/python3.8/site-packages/airflow/example_dags/example_complex.py for tasks to queue
[2022-04-06 04:43:50,044] {logging_mixin.py:109} INFO - [2022-04-06 04:43:50,043] {dagbag.py:500} INFO - Filling up the DagBag from /home/airflow/.local/lib/python3.8/site-packages/airflow/example_dags/example_complex.py
[2022-04-06 04:43:50,076] {processor.py:654} INFO - DAG(s) dict_keys(['example_complex']) retrieved from /home/airflow/.local/lib/python3.8/site-packages/airflow/example_dags/example_complex.py
[2022-04-06 04:43:50,091] {logging_mixin.py:109} INFO - [2022-04-06 04:43:50,091] {dag.py:2396} INFO - Sync 1 DAGs
[2022-04-06 04:43:50,104] {logging_mixin.py:109} INFO - [2022-04-06 04:43:50,104] {dag.py:2935} INFO - Setting next_dagrun for example_complex to None
[2022-04-06 04:43:50,111] {processor.py:171} INFO - Processing /home/airflow/.local/lib/python3.8/site-packages/airflow/example_dags/example_complex.py took 0.075 seconds
[2022-04-06 04:44:20,274] {processor.py:163} INFO - Started process (PID=447) to work on /home/airflow/.local/lib/python3.8/site-packages/airflow/example_dags/example_complex.py
[2022-04-06 04:44:20,275] {processor.py:642} INFO - Processing file /home/airflow/.local/lib/python3.8/site-packages/airflow/example_dags/example_complex.py for tasks to queue
[2022-04-06 04:44:20,275] {logging_mixin.py:109} INFO - [2022-04-06 04:44:20,275] {dagbag.py:500} INFO - Filling up the DagBag from /home/airflow/.local/lib/python3.8/site-packages/airflow/example_dags/example_complex.py
[2022-04-06 04:44:20,302] {processor.py:654} INFO - DAG(s) dict_keys(['example_complex']) retrieved from /home/airflow/.local/lib/python3.8/site-packages/airflow/example_dags/example_complex.py
[2022-04-06 04:44:20,316] {logging_mixin.py:109} INFO - [2022-04-06 04:44:20,316] {dag.py:2396} INFO - Sync 1 DAGs
[2022-04-06 04:44:20,329] {logging_mixin.py:109} INFO - [2022-04-06 04:44:20,329] {dag.py:2935} INFO - Setting next_dagrun for example_complex to None
[2022-04-06 04:44:20,336] {processor.py:171} INFO - Processing /home/airflow/.local/lib/python3.8/site-packages/airflow/example_dags/example_complex.py took 0.064 seconds
[2022-04-06 04:44:50,473] {processor.py:163} INFO - Started process (PID=505) to work on /home/airflow/.local/lib/python3.8/site-packages/airflow/example_dags/example_complex.py
[2022-04-06 04:44:50,474] {processor.py:642} INFO - Processing file /home/airflow/.local/lib/python3.8/site-packages/airflow/example_dags/example_complex.py for tasks to queue
[2022-04-06 04:44:50,475] {logging_mixin.py:109} INFO - [2022-04-06 04:44:50,475] {dagbag.py:500} INFO - Filling up the DagBag from /home/airflow/.local/lib/python3.8/site-packages/airflow/example_dags/example_complex.py
[2022-04-06 04:44:50,498] {processor.py:654} INFO - DAG(s) dict_keys(['example_complex']) retrieved from /home/airflow/.local/lib/python3.8/site-packages/airflow/example_dags/example_complex.py
[2022-04-06 04:44:50,511] {logging_mixin.py:109} INFO - [2022-04-06 04:44:50,511] {dag.py:2396} INFO - Sync 1 DAGs
[2022-04-06 04:44:50,522] {logging_mixin.py:109} INFO - [2022-04-06 04:44:50,522] {dag.py:2935} INFO - Setting next_dagrun for example_complex to None
[2022-04-06 04:44:50,528] {processor.py:171} INFO - Processing /home/airflow/.local/lib/python3.8/site-packages/airflow/example_dags/example_complex.py took 0.057 seconds
[2022-04-06 04:45:20,770] {processor.py:163} INFO - Started process (PID=562) to work on /home/airflow/.local/lib/python3.8/site-packages/airflow/example_dags/example_complex.py
[2022-04-06 04:45:20,771] {processor.py:642} INFO - Processing file /home/airflow/.local/lib/python3.8/site-packages/airflow/example_dags/example_complex.py for tasks to queue
[2022-04-06 04:45:20,771] {logging_mixin.py:109} INFO - [2022-04-06 04:45:20,771] {dagbag.py:500} INFO - Filling up the DagBag from /home/airflow/.local/lib/python3.8/site-packages/airflow/example_dags/example_complex.py
[2022-04-06 04:45:20,805] {processor.py:654} INFO - DAG(s) dict_keys(['example_complex']) retrieved from /home/airflow/.local/lib/python3.8/site-packages/airflow/example_dags/example_complex.py
[2022-04-06 04:45:20,826] {logging_mixin.py:109} INFO - [2022-04-06 04:45:20,826] {dag.py:2396} INFO - Sync 1 DAGs
[2022-04-06 04:45:20,842] {logging_mixin.py:109} INFO - [2022-04-06 04:45:20,842] {dag.py:2935} INFO - Setting next_dagrun for example_complex to None
[2022-04-06 04:45:20,850] {processor.py:171} INFO - Processing /home/airflow/.local/lib/python3.8/site-packages/airflow/example_dags/example_complex.py took 0.084 seconds
[2022-04-06 04:45:50,952] {processor.py:163} INFO - Started process (PID=627) to work on /home/airflow/.local/lib/python3.8/site-packages/airflow/example_dags/example_complex.py
[2022-04-06 04:45:50,954] {processor.py:642} INFO - Processing file /home/airflow/.local/lib/python3.8/site-packages/airflow/example_dags/example_complex.py for tasks to queue
[2022-04-06 04:45:50,955] {logging_mixin.py:109} INFO - [2022-04-06 04:45:50,955] {dagbag.py:500} INFO - Filling up the DagBag from /home/airflow/.local/lib/python3.8/site-packages/airflow/example_dags/example_complex.py
[2022-04-06 04:45:50,992] {processor.py:654} INFO - DAG(s) dict_keys(['example_complex']) retrieved from /home/airflow/.local/lib/python3.8/site-packages/airflow/example_dags/example_complex.py
[2022-04-06 04:45:51,008] {logging_mixin.py:109} INFO - [2022-04-06 04:45:51,008] {dag.py:2396} INFO - Sync 1 DAGs
[2022-04-06 04:45:51,020] {logging_mixin.py:109} INFO - [2022-04-06 04:45:51,020] {dag.py:2935} INFO - Setting next_dagrun for example_complex to None
[2022-04-06 04:45:51,027] {processor.py:171} INFO - Processing /home/airflow/.local/lib/python3.8/site-packages/airflow/example_dags/example_complex.py took 0.083 seconds
[2022-04-06 04:46:21,530] {processor.py:163} INFO - Started process (PID=685) to work on /home/airflow/.local/lib/python3.8/site-packages/airflow/example_dags/example_complex.py
[2022-04-06 04:46:21,530] {processor.py:642} INFO - Processing file /home/airflow/.local/lib/python3.8/site-packages/airflow/example_dags/example_complex.py for tasks to queue
[2022-04-06 04:46:21,531] {logging_mixin.py:109} INFO - [2022-04-06 04:46:21,531] {dagbag.py:500} INFO - Filling up the DagBag from /home/airflow/.local/lib/python3.8/site-packages/airflow/example_dags/example_complex.py
[2022-04-06 04:46:21,555] {processor.py:654} INFO - DAG(s) dict_keys(['example_complex']) retrieved from /home/airflow/.local/lib/python3.8/site-packages/airflow/example_dags/example_complex.py
[2022-04-06 04:46:21,567] {logging_mixin.py:109} INFO - [2022-04-06 04:46:21,567] {dag.py:2396} INFO - Sync 1 DAGs
[2022-04-06 04:46:21,578] {logging_mixin.py:109} INFO - [2022-04-06 04:46:21,578] {dag.py:2935} INFO - Setting next_dagrun for example_complex to None
[2022-04-06 04:46:21,585] {processor.py:171} INFO - Processing /home/airflow/.local/lib/python3.8/site-packages/airflow/example_dags/example_complex.py took 0.057 seconds
[2022-04-06 04:46:51,838] {processor.py:163} INFO - Started process (PID=750) to work on /home/airflow/.local/lib/python3.8/site-packages/airflow/example_dags/example_complex.py
[2022-04-06 04:46:51,839] {processor.py:642} INFO - Processing file /home/airflow/.local/lib/python3.8/site-packages/airflow/example_dags/example_complex.py for tasks to queue
[2022-04-06 04:46:51,839] {logging_mixin.py:109} INFO - [2022-04-06 04:46:51,839] {dagbag.py:500} INFO - Filling up the DagBag from /home/airflow/.local/lib/python3.8/site-packages/airflow/example_dags/example_complex.py
[2022-04-06 04:46:51,866] {processor.py:654} INFO - DAG(s) dict_keys(['example_complex']) retrieved from /home/airflow/.local/lib/python3.8/site-packages/airflow/example_dags/example_complex.py
[2022-04-06 04:46:51,884] {logging_mixin.py:109} INFO - [2022-04-06 04:46:51,884] {dag.py:2396} INFO - Sync 1 DAGs
[2022-04-06 04:46:51,899] {logging_mixin.py:109} INFO - [2022-04-06 04:46:51,899] {dag.py:2935} INFO - Setting next_dagrun for example_complex to None
[2022-04-06 04:46:51,907] {processor.py:171} INFO - Processing /home/airflow/.local/lib/python3.8/site-packages/airflow/example_dags/example_complex.py took 0.071 seconds
[2022-04-06 04:47:21,998] {processor.py:163} INFO - Started process (PID=808) to work on /home/airflow/.local/lib/python3.8/site-packages/airflow/example_dags/example_complex.py
[2022-04-06 04:47:21,999] {processor.py:642} INFO - Processing file /home/airflow/.local/lib/python3.8/site-packages/airflow/example_dags/example_complex.py for tasks to queue
[2022-04-06 04:47:22,000] {logging_mixin.py:109} INFO - [2022-04-06 04:47:22,000] {dagbag.py:500} INFO - Filling up the DagBag from /home/airflow/.local/lib/python3.8/site-packages/airflow/example_dags/example_complex.py
[2022-04-06 04:47:22,032] {processor.py:654} INFO - DAG(s) dict_keys(['example_complex']) retrieved from /home/airflow/.local/lib/python3.8/site-packages/airflow/example_dags/example_complex.py
[2022-04-06 04:47:22,047] {logging_mixin.py:109} INFO - [2022-04-06 04:47:22,047] {dag.py:2396} INFO - Sync 1 DAGs
[2022-04-06 04:47:22,060] {logging_mixin.py:109} INFO - [2022-04-06 04:47:22,060] {dag.py:2935} INFO - Setting next_dagrun for example_complex to None
[2022-04-06 04:47:22,067] {processor.py:171} INFO - Processing /home/airflow/.local/lib/python3.8/site-packages/airflow/example_dags/example_complex.py took 0.073 seconds
[2022-04-06 04:47:52,246] {processor.py:163} INFO - Started process (PID=866) to work on /home/airflow/.local/lib/python3.8/site-packages/airflow/example_dags/example_complex.py
[2022-04-06 04:47:52,249] {processor.py:642} INFO - Processing file /home/airflow/.local/lib/python3.8/site-packages/airflow/example_dags/example_complex.py for tasks to queue
[2022-04-06 04:47:52,251] {logging_mixin.py:109} INFO - [2022-04-06 04:47:52,251] {dagbag.py:500} INFO - Filling up the DagBag from /home/airflow/.local/lib/python3.8/site-packages/airflow/example_dags/example_complex.py
[2022-04-06 04:47:52,287] {processor.py:654} INFO - DAG(s) dict_keys(['example_complex']) retrieved from /home/airflow/.local/lib/python3.8/site-packages/airflow/example_dags/example_complex.py
[2022-04-06 04:47:52,302] {logging_mixin.py:109} INFO - [2022-04-06 04:47:52,302] {dag.py:2396} INFO - Sync 1 DAGs
[2022-04-06 04:47:52,314] {logging_mixin.py:109} INFO - [2022-04-06 04:47:52,314] {dag.py:2935} INFO - Setting next_dagrun for example_complex to None
[2022-04-06 04:47:52,321] {processor.py:171} INFO - Processing /home/airflow/.local/lib/python3.8/site-packages/airflow/example_dags/example_complex.py took 0.083 seconds
[2022-04-06 04:48:22,840] {processor.py:163} INFO - Started process (PID=935) to work on /home/airflow/.local/lib/python3.8/site-packages/airflow/example_dags/example_complex.py
[2022-04-06 04:48:22,841] {processor.py:642} INFO - Processing file /home/airflow/.local/lib/python3.8/site-packages/airflow/example_dags/example_complex.py for tasks to queue
[2022-04-06 04:48:22,842] {logging_mixin.py:109} INFO - [2022-04-06 04:48:22,842] {dagbag.py:500} INFO - Filling up the DagBag from /home/airflow/.local/lib/python3.8/site-packages/airflow/example_dags/example_complex.py
[2022-04-06 04:48:22,874] {processor.py:654} INFO - DAG(s) dict_keys(['example_complex']) retrieved from /home/airflow/.local/lib/python3.8/site-packages/airflow/example_dags/example_complex.py
[2022-04-06 04:48:22,889] {logging_mixin.py:109} INFO - [2022-04-06 04:48:22,889] {dag.py:2396} INFO - Sync 1 DAGs
[2022-04-06 04:48:22,903] {logging_mixin.py:109} INFO - [2022-04-06 04:48:22,903] {dag.py:2935} INFO - Setting next_dagrun for example_complex to None
[2022-04-06 04:48:22,911] {processor.py:171} INFO - Processing /home/airflow/.local/lib/python3.8/site-packages/airflow/example_dags/example_complex.py took 0.074 seconds
[2022-04-06 04:48:53,127] {processor.py:163} INFO - Started process (PID=993) to work on /home/airflow/.local/lib/python3.8/site-packages/airflow/example_dags/example_complex.py
[2022-04-06 04:48:53,128] {processor.py:642} INFO - Processing file /home/airflow/.local/lib/python3.8/site-packages/airflow/example_dags/example_complex.py for tasks to queue
[2022-04-06 04:48:53,128] {logging_mixin.py:109} INFO - [2022-04-06 04:48:53,128] {dagbag.py:500} INFO - Filling up the DagBag from /home/airflow/.local/lib/python3.8/site-packages/airflow/example_dags/example_complex.py
[2022-04-06 04:48:53,165] {processor.py:654} INFO - DAG(s) dict_keys(['example_complex']) retrieved from /home/airflow/.local/lib/python3.8/site-packages/airflow/example_dags/example_complex.py
[2022-04-06 04:48:53,181] {logging_mixin.py:109} INFO - [2022-04-06 04:48:53,181] {dag.py:2396} INFO - Sync 1 DAGs
[2022-04-06 04:48:53,194] {logging_mixin.py:109} INFO - [2022-04-06 04:48:53,194] {dag.py:2935} INFO - Setting next_dagrun for example_complex to None
[2022-04-06 04:48:53,202] {processor.py:171} INFO - Processing /home/airflow/.local/lib/python3.8/site-packages/airflow/example_dags/example_complex.py took 0.078 seconds
[2022-04-06 04:49:23,770] {processor.py:163} INFO - Started process (PID=1050) to work on /home/airflow/.local/lib/python3.8/site-packages/airflow/example_dags/example_complex.py
[2022-04-06 04:49:23,771] {processor.py:642} INFO - Processing file /home/airflow/.local/lib/python3.8/site-packages/airflow/example_dags/example_complex.py for tasks to queue
[2022-04-06 04:49:23,771] {logging_mixin.py:109} INFO - [2022-04-06 04:49:23,771] {dagbag.py:500} INFO - Filling up the DagBag from /home/airflow/.local/lib/python3.8/site-packages/airflow/example_dags/example_complex.py
[2022-04-06 04:49:23,795] {processor.py:654} INFO - DAG(s) dict_keys(['example_complex']) retrieved from /home/airflow/.local/lib/python3.8/site-packages/airflow/example_dags/example_complex.py
[2022-04-06 04:49:23,807] {logging_mixin.py:109} INFO - [2022-04-06 04:49:23,807] {dag.py:2396} INFO - Sync 1 DAGs
[2022-04-06 04:49:23,819] {logging_mixin.py:109} INFO - [2022-04-06 04:49:23,819] {dag.py:2935} INFO - Setting next_dagrun for example_complex to None
[2022-04-06 04:49:23,829] {processor.py:171} INFO - Processing /home/airflow/.local/lib/python3.8/site-packages/airflow/example_dags/example_complex.py took 0.061 seconds
[2022-04-06 04:49:54,078] {processor.py:163} INFO - Started process (PID=1115) to work on /home/airflow/.local/lib/python3.8/site-packages/airflow/example_dags/example_complex.py
[2022-04-06 04:49:54,079] {processor.py:642} INFO - Processing file /home/airflow/.local/lib/python3.8/site-packages/airflow/example_dags/example_complex.py for tasks to queue
[2022-04-06 04:49:54,080] {logging_mixin.py:109} INFO - [2022-04-06 04:49:54,080] {dagbag.py:500} INFO - Filling up the DagBag from /home/airflow/.local/lib/python3.8/site-packages/airflow/example_dags/example_complex.py
[2022-04-06 04:49:54,118] {processor.py:654} INFO - DAG(s) dict_keys(['example_complex']) retrieved from /home/airflow/.local/lib/python3.8/site-packages/airflow/example_dags/example_complex.py
[2022-04-06 04:49:54,142] {logging_mixin.py:109} INFO - [2022-04-06 04:49:54,142] {dag.py:2396} INFO - Sync 1 DAGs
[2022-04-06 04:49:54,164] {logging_mixin.py:109} INFO - [2022-04-06 04:49:54,164] {dag.py:2935} INFO - Setting next_dagrun for example_complex to None
[2022-04-06 04:49:54,175] {processor.py:171} INFO - Processing /home/airflow/.local/lib/python3.8/site-packages/airflow/example_dags/example_complex.py took 0.100 seconds
[2022-04-06 04:50:24,514] {processor.py:163} INFO - Started process (PID=1174) to work on /home/airflow/.local/lib/python3.8/site-packages/airflow/example_dags/example_complex.py
[2022-04-06 04:50:24,517] {processor.py:642} INFO - Processing file /home/airflow/.local/lib/python3.8/site-packages/airflow/example_dags/example_complex.py for tasks to queue
[2022-04-06 04:50:24,518] {logging_mixin.py:109} INFO - [2022-04-06 04:50:24,518] {dagbag.py:500} INFO - Filling up the DagBag from /home/airflow/.local/lib/python3.8/site-packages/airflow/example_dags/example_complex.py
[2022-04-06 04:50:24,559] {processor.py:654} INFO - DAG(s) dict_keys(['example_complex']) retrieved from /home/airflow/.local/lib/python3.8/site-packages/airflow/example_dags/example_complex.py
[2022-04-06 04:50:24,582] {logging_mixin.py:109} INFO - [2022-04-06 04:50:24,581] {dag.py:2396} INFO - Sync 1 DAGs
[2022-04-06 04:50:24,599] {logging_mixin.py:109} INFO - [2022-04-06 04:50:24,599] {dag.py:2935} INFO - Setting next_dagrun for example_complex to None
[2022-04-06 04:50:24,608] {processor.py:171} INFO - Processing /home/airflow/.local/lib/python3.8/site-packages/airflow/example_dags/example_complex.py took 0.102 seconds
[2022-04-06 04:50:54,783] {processor.py:163} INFO - Started process (PID=1232) to work on /home/airflow/.local/lib/python3.8/site-packages/airflow/example_dags/example_complex.py
[2022-04-06 04:50:54,784] {processor.py:642} INFO - Processing file /home/airflow/.local/lib/python3.8/site-packages/airflow/example_dags/example_complex.py for tasks to queue
[2022-04-06 04:50:54,785] {logging_mixin.py:109} INFO - [2022-04-06 04:50:54,785] {dagbag.py:500} INFO - Filling up the DagBag from /home/airflow/.local/lib/python3.8/site-packages/airflow/example_dags/example_complex.py
[2022-04-06 04:50:54,819] {processor.py:654} INFO - DAG(s) dict_keys(['example_complex']) retrieved from /home/airflow/.local/lib/python3.8/site-packages/airflow/example_dags/example_complex.py
[2022-04-06 04:50:54,833] {logging_mixin.py:109} INFO - [2022-04-06 04:50:54,833] {dag.py:2396} INFO - Sync 1 DAGs
[2022-04-06 04:50:54,847] {logging_mixin.py:109} INFO - [2022-04-06 04:50:54,847] {dag.py:2935} INFO - Setting next_dagrun for example_complex to None
[2022-04-06 04:50:54,854] {processor.py:171} INFO - Processing /home/airflow/.local/lib/python3.8/site-packages/airflow/example_dags/example_complex.py took 0.074 seconds
[2022-04-06 04:52:43,338] {processor.py:163} INFO - Started process (PID=65) to work on /home/airflow/.local/lib/python3.8/site-packages/airflow/example_dags/example_complex.py
[2022-04-06 04:52:43,339] {processor.py:642} INFO - Processing file /home/airflow/.local/lib/python3.8/site-packages/airflow/example_dags/example_complex.py for tasks to queue
[2022-04-06 04:52:43,340] {logging_mixin.py:109} INFO - [2022-04-06 04:52:43,340] {dagbag.py:500} INFO - Filling up the DagBag from /home/airflow/.local/lib/python3.8/site-packages/airflow/example_dags/example_complex.py
[2022-04-06 04:52:43,379] {processor.py:654} INFO - DAG(s) dict_keys(['example_complex']) retrieved from /home/airflow/.local/lib/python3.8/site-packages/airflow/example_dags/example_complex.py
[2022-04-06 04:52:43,398] {logging_mixin.py:109} INFO - [2022-04-06 04:52:43,398] {dag.py:2396} INFO - Sync 1 DAGs
[2022-04-06 04:52:43,419] {logging_mixin.py:109} INFO - [2022-04-06 04:52:43,419] {dag.py:2935} INFO - Setting next_dagrun for example_complex to None
[2022-04-06 04:52:43,431] {processor.py:171} INFO - Processing /home/airflow/.local/lib/python3.8/site-packages/airflow/example_dags/example_complex.py took 0.095 seconds
[2022-04-06 04:53:13,734] {processor.py:163} INFO - Started process (PID=124) to work on /home/airflow/.local/lib/python3.8/site-packages/airflow/example_dags/example_complex.py
[2022-04-06 04:53:13,735] {processor.py:642} INFO - Processing file /home/airflow/.local/lib/python3.8/site-packages/airflow/example_dags/example_complex.py for tasks to queue
[2022-04-06 04:53:13,736] {logging_mixin.py:109} INFO - [2022-04-06 04:53:13,736] {dagbag.py:500} INFO - Filling up the DagBag from /home/airflow/.local/lib/python3.8/site-packages/airflow/example_dags/example_complex.py
[2022-04-06 04:53:13,765] {processor.py:654} INFO - DAG(s) dict_keys(['example_complex']) retrieved from /home/airflow/.local/lib/python3.8/site-packages/airflow/example_dags/example_complex.py
[2022-04-06 04:53:13,780] {logging_mixin.py:109} INFO - [2022-04-06 04:53:13,779] {dag.py:2396} INFO - Sync 1 DAGs
[2022-04-06 04:53:13,793] {logging_mixin.py:109} INFO - [2022-04-06 04:53:13,793] {dag.py:2935} INFO - Setting next_dagrun for example_complex to None
[2022-04-06 04:53:13,800] {processor.py:171} INFO - Processing /home/airflow/.local/lib/python3.8/site-packages/airflow/example_dags/example_complex.py took 0.069 seconds
[2022-04-06 04:53:45,046] {processor.py:163} INFO - Started process (PID=190) to work on /home/airflow/.local/lib/python3.8/site-packages/airflow/example_dags/example_complex.py
[2022-04-06 04:53:45,046] {processor.py:642} INFO - Processing file /home/airflow/.local/lib/python3.8/site-packages/airflow/example_dags/example_complex.py for tasks to queue
[2022-04-06 04:53:45,047] {logging_mixin.py:109} INFO - [2022-04-06 04:53:45,047] {dagbag.py:500} INFO - Filling up the DagBag from /home/airflow/.local/lib/python3.8/site-packages/airflow/example_dags/example_complex.py
[2022-04-06 04:53:45,079] {processor.py:654} INFO - DAG(s) dict_keys(['example_complex']) retrieved from /home/airflow/.local/lib/python3.8/site-packages/airflow/example_dags/example_complex.py
[2022-04-06 04:53:45,099] {logging_mixin.py:109} INFO - [2022-04-06 04:53:45,099] {dag.py:2396} INFO - Sync 1 DAGs
[2022-04-06 04:53:45,113] {logging_mixin.py:109} INFO - [2022-04-06 04:53:45,113] {dag.py:2935} INFO - Setting next_dagrun for example_complex to None
[2022-04-06 04:53:45,121] {processor.py:171} INFO - Processing /home/airflow/.local/lib/python3.8/site-packages/airflow/example_dags/example_complex.py took 0.078 seconds
[2022-04-06 04:54:15,560] {processor.py:163} INFO - Started process (PID=247) to work on /home/airflow/.local/lib/python3.8/site-packages/airflow/example_dags/example_complex.py
[2022-04-06 04:54:15,561] {processor.py:642} INFO - Processing file /home/airflow/.local/lib/python3.8/site-packages/airflow/example_dags/example_complex.py for tasks to queue
[2022-04-06 04:54:15,562] {logging_mixin.py:109} INFO - [2022-04-06 04:54:15,562] {dagbag.py:500} INFO - Filling up the DagBag from /home/airflow/.local/lib/python3.8/site-packages/airflow/example_dags/example_complex.py
[2022-04-06 04:54:15,590] {processor.py:654} INFO - DAG(s) dict_keys(['example_complex']) retrieved from /home/airflow/.local/lib/python3.8/site-packages/airflow/example_dags/example_complex.py
[2022-04-06 04:54:15,604] {logging_mixin.py:109} INFO - [2022-04-06 04:54:15,604] {dag.py:2396} INFO - Sync 1 DAGs
[2022-04-06 04:54:15,616] {logging_mixin.py:109} INFO - [2022-04-06 04:54:15,616] {dag.py:2935} INFO - Setting next_dagrun for example_complex to None
[2022-04-06 04:54:15,623] {processor.py:171} INFO - Processing /home/airflow/.local/lib/python3.8/site-packages/airflow/example_dags/example_complex.py took 0.066 seconds
[2022-04-06 04:54:46,903] {processor.py:163} INFO - Started process (PID=314) to work on /home/airflow/.local/lib/python3.8/site-packages/airflow/example_dags/example_complex.py
[2022-04-06 04:54:46,906] {processor.py:642} INFO - Processing file /home/airflow/.local/lib/python3.8/site-packages/airflow/example_dags/example_complex.py for tasks to queue
[2022-04-06 04:54:46,906] {logging_mixin.py:109} INFO - [2022-04-06 04:54:46,906] {dagbag.py:500} INFO - Filling up the DagBag from /home/airflow/.local/lib/python3.8/site-packages/airflow/example_dags/example_complex.py
[2022-04-06 04:54:46,944] {processor.py:654} INFO - DAG(s) dict_keys(['example_complex']) retrieved from /home/airflow/.local/lib/python3.8/site-packages/airflow/example_dags/example_complex.py
[2022-04-06 04:54:46,963] {logging_mixin.py:109} INFO - [2022-04-06 04:54:46,963] {dag.py:2396} INFO - Sync 1 DAGs
[2022-04-06 04:54:46,977] {logging_mixin.py:109} INFO - [2022-04-06 04:54:46,977] {dag.py:2935} INFO - Setting next_dagrun for example_complex to None
[2022-04-06 04:54:46,986] {processor.py:171} INFO - Processing /home/airflow/.local/lib/python3.8/site-packages/airflow/example_dags/example_complex.py took 0.085 seconds
[2022-04-06 04:55:17,244] {processor.py:163} INFO - Started process (PID=369) to work on /home/airflow/.local/lib/python3.8/site-packages/airflow/example_dags/example_complex.py
[2022-04-06 04:55:17,244] {processor.py:642} INFO - Processing file /home/airflow/.local/lib/python3.8/site-packages/airflow/example_dags/example_complex.py for tasks to queue
[2022-04-06 04:55:17,245] {logging_mixin.py:109} INFO - [2022-04-06 04:55:17,245] {dagbag.py:500} INFO - Filling up the DagBag from /home/airflow/.local/lib/python3.8/site-packages/airflow/example_dags/example_complex.py
[2022-04-06 04:55:17,273] {processor.py:654} INFO - DAG(s) dict_keys(['example_complex']) retrieved from /home/airflow/.local/lib/python3.8/site-packages/airflow/example_dags/example_complex.py
[2022-04-06 04:55:17,289] {logging_mixin.py:109} INFO - [2022-04-06 04:55:17,289] {dag.py:2396} INFO - Sync 1 DAGs
[2022-04-06 04:55:17,304] {logging_mixin.py:109} INFO - [2022-04-06 04:55:17,304] {dag.py:2935} INFO - Setting next_dagrun for example_complex to None
[2022-04-06 04:55:17,315] {processor.py:171} INFO - Processing /home/airflow/.local/lib/python3.8/site-packages/airflow/example_dags/example_complex.py took 0.074 seconds
[2022-04-06 04:55:47,435] {processor.py:163} INFO - Started process (PID=419) to work on /home/airflow/.local/lib/python3.8/site-packages/airflow/example_dags/example_complex.py
[2022-04-06 04:55:47,436] {processor.py:642} INFO - Processing file /home/airflow/.local/lib/python3.8/site-packages/airflow/example_dags/example_complex.py for tasks to queue
[2022-04-06 04:55:47,437] {logging_mixin.py:109} INFO - [2022-04-06 04:55:47,437] {dagbag.py:500} INFO - Filling up the DagBag from /home/airflow/.local/lib/python3.8/site-packages/airflow/example_dags/example_complex.py
[2022-04-06 04:55:47,467] {processor.py:654} INFO - DAG(s) dict_keys(['example_complex']) retrieved from /home/airflow/.local/lib/python3.8/site-packages/airflow/example_dags/example_complex.py
[2022-04-06 04:55:47,483] {logging_mixin.py:109} INFO - [2022-04-06 04:55:47,482] {dag.py:2396} INFO - Sync 1 DAGs
[2022-04-06 04:55:47,496] {logging_mixin.py:109} INFO - [2022-04-06 04:55:47,496] {dag.py:2935} INFO - Setting next_dagrun for example_complex to None
[2022-04-06 04:55:47,504] {processor.py:171} INFO - Processing /home/airflow/.local/lib/python3.8/site-packages/airflow/example_dags/example_complex.py took 0.071 seconds
[2022-04-06 04:56:17,715] {processor.py:163} INFO - Started process (PID=484) to work on /home/airflow/.local/lib/python3.8/site-packages/airflow/example_dags/example_complex.py
[2022-04-06 04:56:17,716] {processor.py:642} INFO - Processing file /home/airflow/.local/lib/python3.8/site-packages/airflow/example_dags/example_complex.py for tasks to queue
[2022-04-06 04:56:17,716] {logging_mixin.py:109} INFO - [2022-04-06 04:56:17,716] {dagbag.py:500} INFO - Filling up the DagBag from /home/airflow/.local/lib/python3.8/site-packages/airflow/example_dags/example_complex.py
[2022-04-06 04:56:17,746] {processor.py:654} INFO - DAG(s) dict_keys(['example_complex']) retrieved from /home/airflow/.local/lib/python3.8/site-packages/airflow/example_dags/example_complex.py
[2022-04-06 04:56:17,761] {logging_mixin.py:109} INFO - [2022-04-06 04:56:17,761] {dag.py:2396} INFO - Sync 1 DAGs
[2022-04-06 04:56:17,777] {logging_mixin.py:109} INFO - [2022-04-06 04:56:17,777] {dag.py:2935} INFO - Setting next_dagrun for example_complex to None
[2022-04-06 04:56:17,785] {processor.py:171} INFO - Processing /home/airflow/.local/lib/python3.8/site-packages/airflow/example_dags/example_complex.py took 0.073 seconds
[2022-04-06 04:56:48,157] {processor.py:163} INFO - Started process (PID=541) to work on /home/airflow/.local/lib/python3.8/site-packages/airflow/example_dags/example_complex.py
[2022-04-06 04:56:48,158] {processor.py:642} INFO - Processing file /home/airflow/.local/lib/python3.8/site-packages/airflow/example_dags/example_complex.py for tasks to queue
[2022-04-06 04:56:48,158] {logging_mixin.py:109} INFO - [2022-04-06 04:56:48,158] {dagbag.py:500} INFO - Filling up the DagBag from /home/airflow/.local/lib/python3.8/site-packages/airflow/example_dags/example_complex.py
[2022-04-06 04:56:48,189] {processor.py:654} INFO - DAG(s) dict_keys(['example_complex']) retrieved from /home/airflow/.local/lib/python3.8/site-packages/airflow/example_dags/example_complex.py
[2022-04-06 04:56:48,204] {logging_mixin.py:109} INFO - [2022-04-06 04:56:48,204] {dag.py:2396} INFO - Sync 1 DAGs
[2022-04-06 04:56:48,218] {logging_mixin.py:109} INFO - [2022-04-06 04:56:48,218] {dag.py:2935} INFO - Setting next_dagrun for example_complex to None
[2022-04-06 04:56:48,227] {processor.py:171} INFO - Processing /home/airflow/.local/lib/python3.8/site-packages/airflow/example_dags/example_complex.py took 0.072 seconds
[2022-04-06 04:57:18,399] {processor.py:163} INFO - Started process (PID=598) to work on /home/airflow/.local/lib/python3.8/site-packages/airflow/example_dags/example_complex.py
[2022-04-06 04:57:18,400] {processor.py:642} INFO - Processing file /home/airflow/.local/lib/python3.8/site-packages/airflow/example_dags/example_complex.py for tasks to queue
[2022-04-06 04:57:18,400] {logging_mixin.py:109} INFO - [2022-04-06 04:57:18,400] {dagbag.py:500} INFO - Filling up the DagBag from /home/airflow/.local/lib/python3.8/site-packages/airflow/example_dags/example_complex.py
[2022-04-06 04:57:18,429] {processor.py:654} INFO - DAG(s) dict_keys(['example_complex']) retrieved from /home/airflow/.local/lib/python3.8/site-packages/airflow/example_dags/example_complex.py
[2022-04-06 04:57:18,444] {logging_mixin.py:109} INFO - [2022-04-06 04:57:18,444] {dag.py:2396} INFO - Sync 1 DAGs
[2022-04-06 04:57:18,458] {logging_mixin.py:109} INFO - [2022-04-06 04:57:18,458] {dag.py:2935} INFO - Setting next_dagrun for example_complex to None
[2022-04-06 04:57:18,468] {processor.py:171} INFO - Processing /home/airflow/.local/lib/python3.8/site-packages/airflow/example_dags/example_complex.py took 0.071 seconds
[2022-04-06 05:02:31,723] {processor.py:163} INFO - Started process (PID=65) to work on /home/airflow/.local/lib/python3.8/site-packages/airflow/example_dags/example_complex.py
[2022-04-06 05:02:31,724] {processor.py:642} INFO - Processing file /home/airflow/.local/lib/python3.8/site-packages/airflow/example_dags/example_complex.py for tasks to queue
[2022-04-06 05:02:31,725] {logging_mixin.py:109} INFO - [2022-04-06 05:02:31,725] {dagbag.py:500} INFO - Filling up the DagBag from /home/airflow/.local/lib/python3.8/site-packages/airflow/example_dags/example_complex.py
[2022-04-06 05:02:31,766] {processor.py:654} INFO - DAG(s) dict_keys(['example_complex']) retrieved from /home/airflow/.local/lib/python3.8/site-packages/airflow/example_dags/example_complex.py
[2022-04-06 05:02:31,786] {logging_mixin.py:109} INFO - [2022-04-06 05:02:31,786] {dag.py:2396} INFO - Sync 1 DAGs
[2022-04-06 05:02:31,802] {logging_mixin.py:109} INFO - [2022-04-06 05:02:31,802] {dag.py:2935} INFO - Setting next_dagrun for example_complex to None
[2022-04-06 05:02:31,813] {processor.py:171} INFO - Processing /home/airflow/.local/lib/python3.8/site-packages/airflow/example_dags/example_complex.py took 0.093 seconds
[2022-04-06 05:03:03,164] {processor.py:163} INFO - Started process (PID=132) to work on /home/airflow/.local/lib/python3.8/site-packages/airflow/example_dags/example_complex.py
[2022-04-06 05:03:03,165] {processor.py:642} INFO - Processing file /home/airflow/.local/lib/python3.8/site-packages/airflow/example_dags/example_complex.py for tasks to queue
[2022-04-06 05:03:03,166] {logging_mixin.py:109} INFO - [2022-04-06 05:03:03,166] {dagbag.py:500} INFO - Filling up the DagBag from /home/airflow/.local/lib/python3.8/site-packages/airflow/example_dags/example_complex.py
[2022-04-06 05:03:03,193] {processor.py:654} INFO - DAG(s) dict_keys(['example_complex']) retrieved from /home/airflow/.local/lib/python3.8/site-packages/airflow/example_dags/example_complex.py
[2022-04-06 05:03:03,206] {logging_mixin.py:109} INFO - [2022-04-06 05:03:03,206] {dag.py:2396} INFO - Sync 1 DAGs
[2022-04-06 05:03:03,218] {logging_mixin.py:109} INFO - [2022-04-06 05:03:03,218] {dag.py:2935} INFO - Setting next_dagrun for example_complex to None
[2022-04-06 05:03:03,228] {processor.py:171} INFO - Processing /home/airflow/.local/lib/python3.8/site-packages/airflow/example_dags/example_complex.py took 0.066 seconds
[2022-04-06 05:03:34,261] {processor.py:163} INFO - Started process (PID=189) to work on /home/airflow/.local/lib/python3.8/site-packages/airflow/example_dags/example_complex.py
[2022-04-06 05:03:34,262] {processor.py:642} INFO - Processing file /home/airflow/.local/lib/python3.8/site-packages/airflow/example_dags/example_complex.py for tasks to queue
[2022-04-06 05:03:34,263] {logging_mixin.py:109} INFO - [2022-04-06 05:03:34,263] {dagbag.py:500} INFO - Filling up the DagBag from /home/airflow/.local/lib/python3.8/site-packages/airflow/example_dags/example_complex.py
[2022-04-06 05:03:34,291] {processor.py:654} INFO - DAG(s) dict_keys(['example_complex']) retrieved from /home/airflow/.local/lib/python3.8/site-packages/airflow/example_dags/example_complex.py
[2022-04-06 05:03:34,305] {logging_mixin.py:109} INFO - [2022-04-06 05:03:34,305] {dag.py:2396} INFO - Sync 1 DAGs
[2022-04-06 05:03:34,316] {logging_mixin.py:109} INFO - [2022-04-06 05:03:34,316] {dag.py:2935} INFO - Setting next_dagrun for example_complex to None
[2022-04-06 05:03:34,322] {processor.py:171} INFO - Processing /home/airflow/.local/lib/python3.8/site-packages/airflow/example_dags/example_complex.py took 0.063 seconds
