[2022-04-06 04:43:15,649] {processor.py:163} INFO - Started process (PID=225) to work on /home/airflow/.local/lib/python3.8/site-packages/airflow/example_dags/example_kubernetes_executor.py
[2022-04-06 04:43:15,650] {processor.py:642} INFO - Processing file /home/airflow/.local/lib/python3.8/site-packages/airflow/example_dags/example_kubernetes_executor.py for tasks to queue
[2022-04-06 04:43:15,650] {logging_mixin.py:109} INFO - [2022-04-06 04:43:15,650] {dagbag.py:500} INFO - Filling up the DagBag from /home/airflow/.local/lib/python3.8/site-packages/airflow/example_dags/example_kubernetes_executor.py
[2022-04-06 04:43:15,682] {processor.py:654} INFO - DAG(s) dict_keys(['example_kubernetes_executor']) retrieved from /home/airflow/.local/lib/python3.8/site-packages/airflow/example_dags/example_kubernetes_executor.py
[2022-04-06 04:43:17,906] {logging_mixin.py:109} INFO - [2022-04-06 04:43:17,906] {manager.py:496} INFO - Created Permission View: can read on DAG:example_kubernetes_executor
[2022-04-06 04:43:17,911] {logging_mixin.py:109} INFO - [2022-04-06 04:43:17,911] {manager.py:496} INFO - Created Permission View: can edit on DAG:example_kubernetes_executor
[2022-04-06 04:43:17,912] {logging_mixin.py:109} INFO - [2022-04-06 04:43:17,912] {dag.py:2396} INFO - Sync 1 DAGs
[2022-04-06 04:43:17,917] {logging_mixin.py:109} INFO - [2022-04-06 04:43:17,917] {dag.py:2415} INFO - Creating ORM DAG for example_kubernetes_executor
[2022-04-06 04:43:17,923] {logging_mixin.py:109} INFO - [2022-04-06 04:43:17,923] {dag.py:2935} INFO - Setting next_dagrun for example_kubernetes_executor to None
[2022-04-06 04:43:17,932] {processor.py:171} INFO - Processing /home/airflow/.local/lib/python3.8/site-packages/airflow/example_dags/example_kubernetes_executor.py took 2.286 seconds
[2022-04-06 04:43:48,010] {processor.py:163} INFO - Started process (PID=379) to work on /home/airflow/.local/lib/python3.8/site-packages/airflow/example_dags/example_kubernetes_executor.py
[2022-04-06 04:43:48,011] {processor.py:642} INFO - Processing file /home/airflow/.local/lib/python3.8/site-packages/airflow/example_dags/example_kubernetes_executor.py for tasks to queue
[2022-04-06 04:43:48,012] {logging_mixin.py:109} INFO - [2022-04-06 04:43:48,012] {dagbag.py:500} INFO - Filling up the DagBag from /home/airflow/.local/lib/python3.8/site-packages/airflow/example_dags/example_kubernetes_executor.py
[2022-04-06 04:43:48,042] {processor.py:654} INFO - DAG(s) dict_keys(['example_kubernetes_executor']) retrieved from /home/airflow/.local/lib/python3.8/site-packages/airflow/example_dags/example_kubernetes_executor.py
[2022-04-06 04:43:48,054] {logging_mixin.py:109} INFO - [2022-04-06 04:43:48,054] {dag.py:2396} INFO - Sync 1 DAGs
[2022-04-06 04:43:48,067] {logging_mixin.py:109} INFO - [2022-04-06 04:43:48,067] {dag.py:2935} INFO - Setting next_dagrun for example_kubernetes_executor to None
[2022-04-06 04:43:48,075] {processor.py:171} INFO - Processing /home/airflow/.local/lib/python3.8/site-packages/airflow/example_dags/example_kubernetes_executor.py took 0.067 seconds
[2022-04-06 04:44:18,202] {processor.py:163} INFO - Started process (PID=437) to work on /home/airflow/.local/lib/python3.8/site-packages/airflow/example_dags/example_kubernetes_executor.py
[2022-04-06 04:44:18,202] {processor.py:642} INFO - Processing file /home/airflow/.local/lib/python3.8/site-packages/airflow/example_dags/example_kubernetes_executor.py for tasks to queue
[2022-04-06 04:44:18,203] {logging_mixin.py:109} INFO - [2022-04-06 04:44:18,203] {dagbag.py:500} INFO - Filling up the DagBag from /home/airflow/.local/lib/python3.8/site-packages/airflow/example_dags/example_kubernetes_executor.py
[2022-04-06 04:44:18,227] {processor.py:654} INFO - DAG(s) dict_keys(['example_kubernetes_executor']) retrieved from /home/airflow/.local/lib/python3.8/site-packages/airflow/example_dags/example_kubernetes_executor.py
[2022-04-06 04:44:18,238] {logging_mixin.py:109} INFO - [2022-04-06 04:44:18,238] {dag.py:2396} INFO - Sync 1 DAGs
[2022-04-06 04:44:18,251] {logging_mixin.py:109} INFO - [2022-04-06 04:44:18,251] {dag.py:2935} INFO - Setting next_dagrun for example_kubernetes_executor to None
[2022-04-06 04:44:18,259] {processor.py:171} INFO - Processing /home/airflow/.local/lib/python3.8/site-packages/airflow/example_dags/example_kubernetes_executor.py took 0.059 seconds
[2022-04-06 04:44:48,399] {processor.py:163} INFO - Started process (PID=503) to work on /home/airflow/.local/lib/python3.8/site-packages/airflow/example_dags/example_kubernetes_executor.py
[2022-04-06 04:44:48,399] {processor.py:642} INFO - Processing file /home/airflow/.local/lib/python3.8/site-packages/airflow/example_dags/example_kubernetes_executor.py for tasks to queue
[2022-04-06 04:44:48,400] {logging_mixin.py:109} INFO - [2022-04-06 04:44:48,400] {dagbag.py:500} INFO - Filling up the DagBag from /home/airflow/.local/lib/python3.8/site-packages/airflow/example_dags/example_kubernetes_executor.py
[2022-04-06 04:44:48,424] {processor.py:654} INFO - DAG(s) dict_keys(['example_kubernetes_executor']) retrieved from /home/airflow/.local/lib/python3.8/site-packages/airflow/example_dags/example_kubernetes_executor.py
[2022-04-06 04:44:48,434] {logging_mixin.py:109} INFO - [2022-04-06 04:44:48,434] {dag.py:2396} INFO - Sync 1 DAGs
[2022-04-06 04:44:48,446] {logging_mixin.py:109} INFO - [2022-04-06 04:44:48,446] {dag.py:2935} INFO - Setting next_dagrun for example_kubernetes_executor to None
[2022-04-06 04:44:48,453] {processor.py:171} INFO - Processing /home/airflow/.local/lib/python3.8/site-packages/airflow/example_dags/example_kubernetes_executor.py took 0.056 seconds
[2022-04-06 04:45:18,686] {processor.py:163} INFO - Started process (PID=560) to work on /home/airflow/.local/lib/python3.8/site-packages/airflow/example_dags/example_kubernetes_executor.py
[2022-04-06 04:45:18,687] {processor.py:642} INFO - Processing file /home/airflow/.local/lib/python3.8/site-packages/airflow/example_dags/example_kubernetes_executor.py for tasks to queue
[2022-04-06 04:45:18,687] {logging_mixin.py:109} INFO - [2022-04-06 04:45:18,687] {dagbag.py:500} INFO - Filling up the DagBag from /home/airflow/.local/lib/python3.8/site-packages/airflow/example_dags/example_kubernetes_executor.py
[2022-04-06 04:45:18,714] {processor.py:654} INFO - DAG(s) dict_keys(['example_kubernetes_executor']) retrieved from /home/airflow/.local/lib/python3.8/site-packages/airflow/example_dags/example_kubernetes_executor.py
[2022-04-06 04:45:18,724] {logging_mixin.py:109} INFO - [2022-04-06 04:45:18,724] {dag.py:2396} INFO - Sync 1 DAGs
[2022-04-06 04:45:18,735] {logging_mixin.py:109} INFO - [2022-04-06 04:45:18,735] {dag.py:2935} INFO - Setting next_dagrun for example_kubernetes_executor to None
[2022-04-06 04:45:18,742] {processor.py:171} INFO - Processing /home/airflow/.local/lib/python3.8/site-packages/airflow/example_dags/example_kubernetes_executor.py took 0.058 seconds
[2022-04-06 04:45:48,819] {processor.py:163} INFO - Started process (PID=624) to work on /home/airflow/.local/lib/python3.8/site-packages/airflow/example_dags/example_kubernetes_executor.py
[2022-04-06 04:45:48,820] {processor.py:642} INFO - Processing file /home/airflow/.local/lib/python3.8/site-packages/airflow/example_dags/example_kubernetes_executor.py for tasks to queue
[2022-04-06 04:45:48,820] {logging_mixin.py:109} INFO - [2022-04-06 04:45:48,820] {dagbag.py:500} INFO - Filling up the DagBag from /home/airflow/.local/lib/python3.8/site-packages/airflow/example_dags/example_kubernetes_executor.py
[2022-04-06 04:45:48,854] {processor.py:654} INFO - DAG(s) dict_keys(['example_kubernetes_executor']) retrieved from /home/airflow/.local/lib/python3.8/site-packages/airflow/example_dags/example_kubernetes_executor.py
[2022-04-06 04:45:48,871] {logging_mixin.py:109} INFO - [2022-04-06 04:45:48,870] {dag.py:2396} INFO - Sync 1 DAGs
[2022-04-06 04:45:48,891] {logging_mixin.py:109} INFO - [2022-04-06 04:45:48,891] {dag.py:2935} INFO - Setting next_dagrun for example_kubernetes_executor to None
[2022-04-06 04:45:48,901] {processor.py:171} INFO - Processing /home/airflow/.local/lib/python3.8/site-packages/airflow/example_dags/example_kubernetes_executor.py took 0.085 seconds
[2022-04-06 04:46:19,451] {processor.py:163} INFO - Started process (PID=683) to work on /home/airflow/.local/lib/python3.8/site-packages/airflow/example_dags/example_kubernetes_executor.py
[2022-04-06 04:46:19,452] {processor.py:642} INFO - Processing file /home/airflow/.local/lib/python3.8/site-packages/airflow/example_dags/example_kubernetes_executor.py for tasks to queue
[2022-04-06 04:46:19,452] {logging_mixin.py:109} INFO - [2022-04-06 04:46:19,452] {dagbag.py:500} INFO - Filling up the DagBag from /home/airflow/.local/lib/python3.8/site-packages/airflow/example_dags/example_kubernetes_executor.py
[2022-04-06 04:46:19,476] {processor.py:654} INFO - DAG(s) dict_keys(['example_kubernetes_executor']) retrieved from /home/airflow/.local/lib/python3.8/site-packages/airflow/example_dags/example_kubernetes_executor.py
[2022-04-06 04:46:19,486] {logging_mixin.py:109} INFO - [2022-04-06 04:46:19,486] {dag.py:2396} INFO - Sync 1 DAGs
[2022-04-06 04:46:19,497] {logging_mixin.py:109} INFO - [2022-04-06 04:46:19,497] {dag.py:2935} INFO - Setting next_dagrun for example_kubernetes_executor to None
[2022-04-06 04:46:19,506] {processor.py:171} INFO - Processing /home/airflow/.local/lib/python3.8/site-packages/airflow/example_dags/example_kubernetes_executor.py took 0.057 seconds
[2022-04-06 04:46:49,743] {processor.py:163} INFO - Started process (PID=740) to work on /home/airflow/.local/lib/python3.8/site-packages/airflow/example_dags/example_kubernetes_executor.py
[2022-04-06 04:46:49,744] {processor.py:642} INFO - Processing file /home/airflow/.local/lib/python3.8/site-packages/airflow/example_dags/example_kubernetes_executor.py for tasks to queue
[2022-04-06 04:46:49,745] {logging_mixin.py:109} INFO - [2022-04-06 04:46:49,745] {dagbag.py:500} INFO - Filling up the DagBag from /home/airflow/.local/lib/python3.8/site-packages/airflow/example_dags/example_kubernetes_executor.py
[2022-04-06 04:46:49,776] {processor.py:654} INFO - DAG(s) dict_keys(['example_kubernetes_executor']) retrieved from /home/airflow/.local/lib/python3.8/site-packages/airflow/example_dags/example_kubernetes_executor.py
[2022-04-06 04:46:49,788] {logging_mixin.py:109} INFO - [2022-04-06 04:46:49,788] {dag.py:2396} INFO - Sync 1 DAGs
[2022-04-06 04:46:49,802] {logging_mixin.py:109} INFO - [2022-04-06 04:46:49,801] {dag.py:2935} INFO - Setting next_dagrun for example_kubernetes_executor to None
[2022-04-06 04:46:49,808] {processor.py:171} INFO - Processing /home/airflow/.local/lib/python3.8/site-packages/airflow/example_dags/example_kubernetes_executor.py took 0.068 seconds
[2022-04-06 04:47:19,875] {processor.py:163} INFO - Started process (PID=805) to work on /home/airflow/.local/lib/python3.8/site-packages/airflow/example_dags/example_kubernetes_executor.py
[2022-04-06 04:47:19,875] {processor.py:642} INFO - Processing file /home/airflow/.local/lib/python3.8/site-packages/airflow/example_dags/example_kubernetes_executor.py for tasks to queue
[2022-04-06 04:47:19,876] {logging_mixin.py:109} INFO - [2022-04-06 04:47:19,876] {dagbag.py:500} INFO - Filling up the DagBag from /home/airflow/.local/lib/python3.8/site-packages/airflow/example_dags/example_kubernetes_executor.py
[2022-04-06 04:47:19,903] {processor.py:654} INFO - DAG(s) dict_keys(['example_kubernetes_executor']) retrieved from /home/airflow/.local/lib/python3.8/site-packages/airflow/example_dags/example_kubernetes_executor.py
[2022-04-06 04:47:19,914] {logging_mixin.py:109} INFO - [2022-04-06 04:47:19,914] {dag.py:2396} INFO - Sync 1 DAGs
[2022-04-06 04:47:19,927] {logging_mixin.py:109} INFO - [2022-04-06 04:47:19,926] {dag.py:2935} INFO - Setting next_dagrun for example_kubernetes_executor to None
[2022-04-06 04:47:19,934] {processor.py:171} INFO - Processing /home/airflow/.local/lib/python3.8/site-packages/airflow/example_dags/example_kubernetes_executor.py took 0.062 seconds
[2022-04-06 04:47:50,079] {processor.py:163} INFO - Started process (PID=863) to work on /home/airflow/.local/lib/python3.8/site-packages/airflow/example_dags/example_kubernetes_executor.py
[2022-04-06 04:47:50,081] {processor.py:642} INFO - Processing file /home/airflow/.local/lib/python3.8/site-packages/airflow/example_dags/example_kubernetes_executor.py for tasks to queue
[2022-04-06 04:47:50,082] {logging_mixin.py:109} INFO - [2022-04-06 04:47:50,081] {dagbag.py:500} INFO - Filling up the DagBag from /home/airflow/.local/lib/python3.8/site-packages/airflow/example_dags/example_kubernetes_executor.py
[2022-04-06 04:47:50,113] {processor.py:654} INFO - DAG(s) dict_keys(['example_kubernetes_executor']) retrieved from /home/airflow/.local/lib/python3.8/site-packages/airflow/example_dags/example_kubernetes_executor.py
[2022-04-06 04:47:50,123] {logging_mixin.py:109} INFO - [2022-04-06 04:47:50,123] {dag.py:2396} INFO - Sync 1 DAGs
[2022-04-06 04:47:50,136] {logging_mixin.py:109} INFO - [2022-04-06 04:47:50,136] {dag.py:2935} INFO - Setting next_dagrun for example_kubernetes_executor to None
[2022-04-06 04:47:50,143] {processor.py:171} INFO - Processing /home/airflow/.local/lib/python3.8/site-packages/airflow/example_dags/example_kubernetes_executor.py took 0.068 seconds
[2022-04-06 04:48:20,746] {processor.py:163} INFO - Started process (PID=932) to work on /home/airflow/.local/lib/python3.8/site-packages/airflow/example_dags/example_kubernetes_executor.py
[2022-04-06 04:48:20,747] {processor.py:642} INFO - Processing file /home/airflow/.local/lib/python3.8/site-packages/airflow/example_dags/example_kubernetes_executor.py for tasks to queue
[2022-04-06 04:48:20,748] {logging_mixin.py:109} INFO - [2022-04-06 04:48:20,748] {dagbag.py:500} INFO - Filling up the DagBag from /home/airflow/.local/lib/python3.8/site-packages/airflow/example_dags/example_kubernetes_executor.py
[2022-04-06 04:48:20,780] {processor.py:654} INFO - DAG(s) dict_keys(['example_kubernetes_executor']) retrieved from /home/airflow/.local/lib/python3.8/site-packages/airflow/example_dags/example_kubernetes_executor.py
[2022-04-06 04:48:20,793] {logging_mixin.py:109} INFO - [2022-04-06 04:48:20,792] {dag.py:2396} INFO - Sync 1 DAGs
[2022-04-06 04:48:20,809] {logging_mixin.py:109} INFO - [2022-04-06 04:48:20,808] {dag.py:2935} INFO - Setting next_dagrun for example_kubernetes_executor to None
[2022-04-06 04:48:20,816] {processor.py:171} INFO - Processing /home/airflow/.local/lib/python3.8/site-packages/airflow/example_dags/example_kubernetes_executor.py took 0.073 seconds
[2022-04-06 04:48:51,024] {processor.py:163} INFO - Started process (PID=990) to work on /home/airflow/.local/lib/python3.8/site-packages/airflow/example_dags/example_kubernetes_executor.py
[2022-04-06 04:48:51,025] {processor.py:642} INFO - Processing file /home/airflow/.local/lib/python3.8/site-packages/airflow/example_dags/example_kubernetes_executor.py for tasks to queue
[2022-04-06 04:48:51,026] {logging_mixin.py:109} INFO - [2022-04-06 04:48:51,026] {dagbag.py:500} INFO - Filling up the DagBag from /home/airflow/.local/lib/python3.8/site-packages/airflow/example_dags/example_kubernetes_executor.py
[2022-04-06 04:48:51,059] {processor.py:654} INFO - DAG(s) dict_keys(['example_kubernetes_executor']) retrieved from /home/airflow/.local/lib/python3.8/site-packages/airflow/example_dags/example_kubernetes_executor.py
[2022-04-06 04:48:51,070] {logging_mixin.py:109} INFO - [2022-04-06 04:48:51,070] {dag.py:2396} INFO - Sync 1 DAGs
[2022-04-06 04:48:51,084] {logging_mixin.py:109} INFO - [2022-04-06 04:48:51,084] {dag.py:2935} INFO - Setting next_dagrun for example_kubernetes_executor to None
[2022-04-06 04:48:51,092] {processor.py:171} INFO - Processing /home/airflow/.local/lib/python3.8/site-packages/airflow/example_dags/example_kubernetes_executor.py took 0.074 seconds
[2022-04-06 04:49:21,666] {processor.py:163} INFO - Started process (PID=1047) to work on /home/airflow/.local/lib/python3.8/site-packages/airflow/example_dags/example_kubernetes_executor.py
[2022-04-06 04:49:21,667] {processor.py:642} INFO - Processing file /home/airflow/.local/lib/python3.8/site-packages/airflow/example_dags/example_kubernetes_executor.py for tasks to queue
[2022-04-06 04:49:21,668] {logging_mixin.py:109} INFO - [2022-04-06 04:49:21,668] {dagbag.py:500} INFO - Filling up the DagBag from /home/airflow/.local/lib/python3.8/site-packages/airflow/example_dags/example_kubernetes_executor.py
[2022-04-06 04:49:21,705] {processor.py:654} INFO - DAG(s) dict_keys(['example_kubernetes_executor']) retrieved from /home/airflow/.local/lib/python3.8/site-packages/airflow/example_dags/example_kubernetes_executor.py
[2022-04-06 04:49:21,719] {logging_mixin.py:109} INFO - [2022-04-06 04:49:21,719] {dag.py:2396} INFO - Sync 1 DAGs
[2022-04-06 04:49:21,738] {logging_mixin.py:109} INFO - [2022-04-06 04:49:21,738] {dag.py:2935} INFO - Setting next_dagrun for example_kubernetes_executor to None
[2022-04-06 04:49:21,747] {processor.py:171} INFO - Processing /home/airflow/.local/lib/python3.8/site-packages/airflow/example_dags/example_kubernetes_executor.py took 0.084 seconds
[2022-04-06 04:49:51,959] {processor.py:163} INFO - Started process (PID=1112) to work on /home/airflow/.local/lib/python3.8/site-packages/airflow/example_dags/example_kubernetes_executor.py
[2022-04-06 04:49:51,960] {processor.py:642} INFO - Processing file /home/airflow/.local/lib/python3.8/site-packages/airflow/example_dags/example_kubernetes_executor.py for tasks to queue
[2022-04-06 04:49:51,961] {logging_mixin.py:109} INFO - [2022-04-06 04:49:51,960] {dagbag.py:500} INFO - Filling up the DagBag from /home/airflow/.local/lib/python3.8/site-packages/airflow/example_dags/example_kubernetes_executor.py
[2022-04-06 04:49:51,999] {processor.py:654} INFO - DAG(s) dict_keys(['example_kubernetes_executor']) retrieved from /home/airflow/.local/lib/python3.8/site-packages/airflow/example_dags/example_kubernetes_executor.py
[2022-04-06 04:49:52,013] {logging_mixin.py:109} INFO - [2022-04-06 04:49:52,013] {dag.py:2396} INFO - Sync 1 DAGs
[2022-04-06 04:49:52,033] {logging_mixin.py:109} INFO - [2022-04-06 04:49:52,032] {dag.py:2935} INFO - Setting next_dagrun for example_kubernetes_executor to None
[2022-04-06 04:49:52,048] {processor.py:171} INFO - Processing /home/airflow/.local/lib/python3.8/site-packages/airflow/example_dags/example_kubernetes_executor.py took 0.092 seconds
[2022-04-06 04:50:22,384] {processor.py:163} INFO - Started process (PID=1171) to work on /home/airflow/.local/lib/python3.8/site-packages/airflow/example_dags/example_kubernetes_executor.py
[2022-04-06 04:50:22,385] {processor.py:642} INFO - Processing file /home/airflow/.local/lib/python3.8/site-packages/airflow/example_dags/example_kubernetes_executor.py for tasks to queue
[2022-04-06 04:50:22,385] {logging_mixin.py:109} INFO - [2022-04-06 04:50:22,385] {dagbag.py:500} INFO - Filling up the DagBag from /home/airflow/.local/lib/python3.8/site-packages/airflow/example_dags/example_kubernetes_executor.py
[2022-04-06 04:50:22,417] {processor.py:654} INFO - DAG(s) dict_keys(['example_kubernetes_executor']) retrieved from /home/airflow/.local/lib/python3.8/site-packages/airflow/example_dags/example_kubernetes_executor.py
[2022-04-06 04:50:22,431] {logging_mixin.py:109} INFO - [2022-04-06 04:50:22,431] {dag.py:2396} INFO - Sync 1 DAGs
[2022-04-06 04:50:22,448] {logging_mixin.py:109} INFO - [2022-04-06 04:50:22,448] {dag.py:2935} INFO - Setting next_dagrun for example_kubernetes_executor to None
[2022-04-06 04:50:22,458] {processor.py:171} INFO - Processing /home/airflow/.local/lib/python3.8/site-packages/airflow/example_dags/example_kubernetes_executor.py took 0.077 seconds
[2022-04-06 04:50:52,624] {processor.py:163} INFO - Started process (PID=1229) to work on /home/airflow/.local/lib/python3.8/site-packages/airflow/example_dags/example_kubernetes_executor.py
[2022-04-06 04:50:52,625] {processor.py:642} INFO - Processing file /home/airflow/.local/lib/python3.8/site-packages/airflow/example_dags/example_kubernetes_executor.py for tasks to queue
[2022-04-06 04:50:52,626] {logging_mixin.py:109} INFO - [2022-04-06 04:50:52,626] {dagbag.py:500} INFO - Filling up the DagBag from /home/airflow/.local/lib/python3.8/site-packages/airflow/example_dags/example_kubernetes_executor.py
[2022-04-06 04:50:52,679] {processor.py:654} INFO - DAG(s) dict_keys(['example_kubernetes_executor']) retrieved from /home/airflow/.local/lib/python3.8/site-packages/airflow/example_dags/example_kubernetes_executor.py
[2022-04-06 04:50:52,689] {logging_mixin.py:109} INFO - [2022-04-06 04:50:52,689] {dag.py:2396} INFO - Sync 1 DAGs
[2022-04-06 04:50:52,703] {logging_mixin.py:109} INFO - [2022-04-06 04:50:52,702] {dag.py:2935} INFO - Setting next_dagrun for example_kubernetes_executor to None
[2022-04-06 04:50:52,710] {processor.py:171} INFO - Processing /home/airflow/.local/lib/python3.8/site-packages/airflow/example_dags/example_kubernetes_executor.py took 0.089 seconds
[2022-04-06 04:52:43,245] {processor.py:163} INFO - Started process (PID=63) to work on /home/airflow/.local/lib/python3.8/site-packages/airflow/example_dags/example_kubernetes_executor.py
[2022-04-06 04:52:43,246] {processor.py:642} INFO - Processing file /home/airflow/.local/lib/python3.8/site-packages/airflow/example_dags/example_kubernetes_executor.py for tasks to queue
[2022-04-06 04:52:43,246] {logging_mixin.py:109} INFO - [2022-04-06 04:52:43,246] {dagbag.py:500} INFO - Filling up the DagBag from /home/airflow/.local/lib/python3.8/site-packages/airflow/example_dags/example_kubernetes_executor.py
[2022-04-06 04:52:43,279] {processor.py:654} INFO - DAG(s) dict_keys(['example_kubernetes_executor']) retrieved from /home/airflow/.local/lib/python3.8/site-packages/airflow/example_dags/example_kubernetes_executor.py
[2022-04-06 04:52:43,294] {logging_mixin.py:109} INFO - [2022-04-06 04:52:43,293] {dag.py:2396} INFO - Sync 1 DAGs
[2022-04-06 04:52:43,310] {logging_mixin.py:109} INFO - [2022-04-06 04:52:43,309] {dag.py:2935} INFO - Setting next_dagrun for example_kubernetes_executor to None
[2022-04-06 04:52:43,319] {processor.py:171} INFO - Processing /home/airflow/.local/lib/python3.8/site-packages/airflow/example_dags/example_kubernetes_executor.py took 0.077 seconds
[2022-04-06 04:53:13,638] {processor.py:163} INFO - Started process (PID=122) to work on /home/airflow/.local/lib/python3.8/site-packages/airflow/example_dags/example_kubernetes_executor.py
[2022-04-06 04:53:13,639] {processor.py:642} INFO - Processing file /home/airflow/.local/lib/python3.8/site-packages/airflow/example_dags/example_kubernetes_executor.py for tasks to queue
[2022-04-06 04:53:13,639] {logging_mixin.py:109} INFO - [2022-04-06 04:53:13,639] {dagbag.py:500} INFO - Filling up the DagBag from /home/airflow/.local/lib/python3.8/site-packages/airflow/example_dags/example_kubernetes_executor.py
[2022-04-06 04:53:13,664] {processor.py:654} INFO - DAG(s) dict_keys(['example_kubernetes_executor']) retrieved from /home/airflow/.local/lib/python3.8/site-packages/airflow/example_dags/example_kubernetes_executor.py
[2022-04-06 04:53:13,674] {logging_mixin.py:109} INFO - [2022-04-06 04:53:13,674] {dag.py:2396} INFO - Sync 1 DAGs
[2022-04-06 04:53:13,685] {logging_mixin.py:109} INFO - [2022-04-06 04:53:13,685] {dag.py:2935} INFO - Setting next_dagrun for example_kubernetes_executor to None
[2022-04-06 04:53:13,692] {processor.py:171} INFO - Processing /home/airflow/.local/lib/python3.8/site-packages/airflow/example_dags/example_kubernetes_executor.py took 0.057 seconds
[2022-04-06 04:53:44,898] {processor.py:163} INFO - Started process (PID=188) to work on /home/airflow/.local/lib/python3.8/site-packages/airflow/example_dags/example_kubernetes_executor.py
[2022-04-06 04:53:44,899] {processor.py:642} INFO - Processing file /home/airflow/.local/lib/python3.8/site-packages/airflow/example_dags/example_kubernetes_executor.py for tasks to queue
[2022-04-06 04:53:44,900] {logging_mixin.py:109} INFO - [2022-04-06 04:53:44,900] {dagbag.py:500} INFO - Filling up the DagBag from /home/airflow/.local/lib/python3.8/site-packages/airflow/example_dags/example_kubernetes_executor.py
[2022-04-06 04:53:44,924] {processor.py:654} INFO - DAG(s) dict_keys(['example_kubernetes_executor']) retrieved from /home/airflow/.local/lib/python3.8/site-packages/airflow/example_dags/example_kubernetes_executor.py
[2022-04-06 04:53:44,934] {logging_mixin.py:109} INFO - [2022-04-06 04:53:44,934] {dag.py:2396} INFO - Sync 1 DAGs
[2022-04-06 04:53:44,946] {logging_mixin.py:109} INFO - [2022-04-06 04:53:44,946] {dag.py:2935} INFO - Setting next_dagrun for example_kubernetes_executor to None
[2022-04-06 04:53:44,953] {processor.py:171} INFO - Processing /home/airflow/.local/lib/python3.8/site-packages/airflow/example_dags/example_kubernetes_executor.py took 0.057 seconds
[2022-04-06 04:54:15,488] {processor.py:163} INFO - Started process (PID=245) to work on /home/airflow/.local/lib/python3.8/site-packages/airflow/example_dags/example_kubernetes_executor.py
[2022-04-06 04:54:15,489] {processor.py:642} INFO - Processing file /home/airflow/.local/lib/python3.8/site-packages/airflow/example_dags/example_kubernetes_executor.py for tasks to queue
[2022-04-06 04:54:15,490] {logging_mixin.py:109} INFO - [2022-04-06 04:54:15,490] {dagbag.py:500} INFO - Filling up the DagBag from /home/airflow/.local/lib/python3.8/site-packages/airflow/example_dags/example_kubernetes_executor.py
[2022-04-06 04:54:15,515] {processor.py:654} INFO - DAG(s) dict_keys(['example_kubernetes_executor']) retrieved from /home/airflow/.local/lib/python3.8/site-packages/airflow/example_dags/example_kubernetes_executor.py
[2022-04-06 04:54:15,525] {logging_mixin.py:109} INFO - [2022-04-06 04:54:15,525] {dag.py:2396} INFO - Sync 1 DAGs
[2022-04-06 04:54:15,538] {logging_mixin.py:109} INFO - [2022-04-06 04:54:15,538] {dag.py:2935} INFO - Setting next_dagrun for example_kubernetes_executor to None
[2022-04-06 04:54:15,546] {processor.py:171} INFO - Processing /home/airflow/.local/lib/python3.8/site-packages/airflow/example_dags/example_kubernetes_executor.py took 0.060 seconds
[2022-04-06 04:54:46,794] {processor.py:163} INFO - Started process (PID=312) to work on /home/airflow/.local/lib/python3.8/site-packages/airflow/example_dags/example_kubernetes_executor.py
[2022-04-06 04:54:46,795] {processor.py:642} INFO - Processing file /home/airflow/.local/lib/python3.8/site-packages/airflow/example_dags/example_kubernetes_executor.py for tasks to queue
[2022-04-06 04:54:46,795] {logging_mixin.py:109} INFO - [2022-04-06 04:54:46,795] {dagbag.py:500} INFO - Filling up the DagBag from /home/airflow/.local/lib/python3.8/site-packages/airflow/example_dags/example_kubernetes_executor.py
[2022-04-06 04:54:46,823] {processor.py:654} INFO - DAG(s) dict_keys(['example_kubernetes_executor']) retrieved from /home/airflow/.local/lib/python3.8/site-packages/airflow/example_dags/example_kubernetes_executor.py
[2022-04-06 04:54:46,838] {logging_mixin.py:109} INFO - [2022-04-06 04:54:46,838] {dag.py:2396} INFO - Sync 1 DAGs
[2022-04-06 04:54:46,863] {logging_mixin.py:109} INFO - [2022-04-06 04:54:46,863] {dag.py:2935} INFO - Setting next_dagrun for example_kubernetes_executor to None
[2022-04-06 04:54:46,874] {processor.py:171} INFO - Processing /home/airflow/.local/lib/python3.8/site-packages/airflow/example_dags/example_kubernetes_executor.py took 0.083 seconds
[2022-04-06 04:55:17,054] {processor.py:163} INFO - Started process (PID=360) to work on /home/airflow/.local/lib/python3.8/site-packages/airflow/example_dags/example_kubernetes_executor.py
[2022-04-06 04:55:17,055] {processor.py:642} INFO - Processing file /home/airflow/.local/lib/python3.8/site-packages/airflow/example_dags/example_kubernetes_executor.py for tasks to queue
[2022-04-06 04:55:17,055] {logging_mixin.py:109} INFO - [2022-04-06 04:55:17,055] {dagbag.py:500} INFO - Filling up the DagBag from /home/airflow/.local/lib/python3.8/site-packages/airflow/example_dags/example_kubernetes_executor.py
[2022-04-06 04:55:17,080] {processor.py:654} INFO - DAG(s) dict_keys(['example_kubernetes_executor']) retrieved from /home/airflow/.local/lib/python3.8/site-packages/airflow/example_dags/example_kubernetes_executor.py
[2022-04-06 04:55:17,090] {logging_mixin.py:109} INFO - [2022-04-06 04:55:17,090] {dag.py:2396} INFO - Sync 1 DAGs
[2022-04-06 04:55:17,101] {logging_mixin.py:109} INFO - [2022-04-06 04:55:17,101] {dag.py:2935} INFO - Setting next_dagrun for example_kubernetes_executor to None
[2022-04-06 04:55:17,107] {processor.py:171} INFO - Processing /home/airflow/.local/lib/python3.8/site-packages/airflow/example_dags/example_kubernetes_executor.py took 0.056 seconds
[2022-04-06 04:55:47,360] {processor.py:163} INFO - Started process (PID=417) to work on /home/airflow/.local/lib/python3.8/site-packages/airflow/example_dags/example_kubernetes_executor.py
[2022-04-06 04:55:47,361] {processor.py:642} INFO - Processing file /home/airflow/.local/lib/python3.8/site-packages/airflow/example_dags/example_kubernetes_executor.py for tasks to queue
[2022-04-06 04:55:47,362] {logging_mixin.py:109} INFO - [2022-04-06 04:55:47,362] {dagbag.py:500} INFO - Filling up the DagBag from /home/airflow/.local/lib/python3.8/site-packages/airflow/example_dags/example_kubernetes_executor.py
[2022-04-06 04:55:47,389] {processor.py:654} INFO - DAG(s) dict_keys(['example_kubernetes_executor']) retrieved from /home/airflow/.local/lib/python3.8/site-packages/airflow/example_dags/example_kubernetes_executor.py
[2022-04-06 04:55:47,400] {logging_mixin.py:109} INFO - [2022-04-06 04:55:47,400] {dag.py:2396} INFO - Sync 1 DAGs
[2022-04-06 04:55:47,414] {logging_mixin.py:109} INFO - [2022-04-06 04:55:47,413] {dag.py:2935} INFO - Setting next_dagrun for example_kubernetes_executor to None
[2022-04-06 04:55:47,421] {processor.py:171} INFO - Processing /home/airflow/.local/lib/python3.8/site-packages/airflow/example_dags/example_kubernetes_executor.py took 0.064 seconds
[2022-04-06 04:56:17,632] {processor.py:163} INFO - Started process (PID=482) to work on /home/airflow/.local/lib/python3.8/site-packages/airflow/example_dags/example_kubernetes_executor.py
[2022-04-06 04:56:17,633] {processor.py:642} INFO - Processing file /home/airflow/.local/lib/python3.8/site-packages/airflow/example_dags/example_kubernetes_executor.py for tasks to queue
[2022-04-06 04:56:17,633] {logging_mixin.py:109} INFO - [2022-04-06 04:56:17,633] {dagbag.py:500} INFO - Filling up the DagBag from /home/airflow/.local/lib/python3.8/site-packages/airflow/example_dags/example_kubernetes_executor.py
[2022-04-06 04:56:17,661] {processor.py:654} INFO - DAG(s) dict_keys(['example_kubernetes_executor']) retrieved from /home/airflow/.local/lib/python3.8/site-packages/airflow/example_dags/example_kubernetes_executor.py
[2022-04-06 04:56:17,675] {logging_mixin.py:109} INFO - [2022-04-06 04:56:17,675] {dag.py:2396} INFO - Sync 1 DAGs
[2022-04-06 04:56:17,691] {logging_mixin.py:109} INFO - [2022-04-06 04:56:17,691] {dag.py:2935} INFO - Setting next_dagrun for example_kubernetes_executor to None
[2022-04-06 04:56:17,700] {processor.py:171} INFO - Processing /home/airflow/.local/lib/python3.8/site-packages/airflow/example_dags/example_kubernetes_executor.py took 0.070 seconds
[2022-04-06 04:56:48,008] {processor.py:163} INFO - Started process (PID=539) to work on /home/airflow/.local/lib/python3.8/site-packages/airflow/example_dags/example_kubernetes_executor.py
[2022-04-06 04:56:48,009] {processor.py:642} INFO - Processing file /home/airflow/.local/lib/python3.8/site-packages/airflow/example_dags/example_kubernetes_executor.py for tasks to queue
[2022-04-06 04:56:48,009] {logging_mixin.py:109} INFO - [2022-04-06 04:56:48,009] {dagbag.py:500} INFO - Filling up the DagBag from /home/airflow/.local/lib/python3.8/site-packages/airflow/example_dags/example_kubernetes_executor.py
[2022-04-06 04:56:48,039] {processor.py:654} INFO - DAG(s) dict_keys(['example_kubernetes_executor']) retrieved from /home/airflow/.local/lib/python3.8/site-packages/airflow/example_dags/example_kubernetes_executor.py
[2022-04-06 04:56:48,051] {logging_mixin.py:109} INFO - [2022-04-06 04:56:48,051] {dag.py:2396} INFO - Sync 1 DAGs
[2022-04-06 04:56:48,065] {logging_mixin.py:109} INFO - [2022-04-06 04:56:48,065] {dag.py:2935} INFO - Setting next_dagrun for example_kubernetes_executor to None
[2022-04-06 04:56:48,078] {processor.py:171} INFO - Processing /home/airflow/.local/lib/python3.8/site-packages/airflow/example_dags/example_kubernetes_executor.py took 0.073 seconds
[2022-04-06 04:57:18,238] {processor.py:163} INFO - Started process (PID=596) to work on /home/airflow/.local/lib/python3.8/site-packages/airflow/example_dags/example_kubernetes_executor.py
[2022-04-06 04:57:18,239] {processor.py:642} INFO - Processing file /home/airflow/.local/lib/python3.8/site-packages/airflow/example_dags/example_kubernetes_executor.py for tasks to queue
[2022-04-06 04:57:18,239] {logging_mixin.py:109} INFO - [2022-04-06 04:57:18,239] {dagbag.py:500} INFO - Filling up the DagBag from /home/airflow/.local/lib/python3.8/site-packages/airflow/example_dags/example_kubernetes_executor.py
[2022-04-06 04:57:18,264] {processor.py:654} INFO - DAG(s) dict_keys(['example_kubernetes_executor']) retrieved from /home/airflow/.local/lib/python3.8/site-packages/airflow/example_dags/example_kubernetes_executor.py
[2022-04-06 04:57:18,274] {logging_mixin.py:109} INFO - [2022-04-06 04:57:18,273] {dag.py:2396} INFO - Sync 1 DAGs
[2022-04-06 04:57:18,285] {logging_mixin.py:109} INFO - [2022-04-06 04:57:18,285] {dag.py:2935} INFO - Setting next_dagrun for example_kubernetes_executor to None
[2022-04-06 04:57:18,291] {processor.py:171} INFO - Processing /home/airflow/.local/lib/python3.8/site-packages/airflow/example_dags/example_kubernetes_executor.py took 0.056 seconds
[2022-04-06 05:02:31,637] {processor.py:163} INFO - Started process (PID=63) to work on /home/airflow/.local/lib/python3.8/site-packages/airflow/example_dags/example_kubernetes_executor.py
[2022-04-06 05:02:31,638] {processor.py:642} INFO - Processing file /home/airflow/.local/lib/python3.8/site-packages/airflow/example_dags/example_kubernetes_executor.py for tasks to queue
[2022-04-06 05:02:31,638] {logging_mixin.py:109} INFO - [2022-04-06 05:02:31,638] {dagbag.py:500} INFO - Filling up the DagBag from /home/airflow/.local/lib/python3.8/site-packages/airflow/example_dags/example_kubernetes_executor.py
[2022-04-06 05:02:31,663] {processor.py:654} INFO - DAG(s) dict_keys(['example_kubernetes_executor']) retrieved from /home/airflow/.local/lib/python3.8/site-packages/airflow/example_dags/example_kubernetes_executor.py
[2022-04-06 05:02:31,674] {logging_mixin.py:109} INFO - [2022-04-06 05:02:31,673] {dag.py:2396} INFO - Sync 1 DAGs
[2022-04-06 05:02:31,685] {logging_mixin.py:109} INFO - [2022-04-06 05:02:31,685] {dag.py:2935} INFO - Setting next_dagrun for example_kubernetes_executor to None
[2022-04-06 05:02:31,692] {processor.py:171} INFO - Processing /home/airflow/.local/lib/python3.8/site-packages/airflow/example_dags/example_kubernetes_executor.py took 0.057 seconds
[2022-04-06 05:03:03,017] {processor.py:163} INFO - Started process (PID=130) to work on /home/airflow/.local/lib/python3.8/site-packages/airflow/example_dags/example_kubernetes_executor.py
[2022-04-06 05:03:03,018] {processor.py:642} INFO - Processing file /home/airflow/.local/lib/python3.8/site-packages/airflow/example_dags/example_kubernetes_executor.py for tasks to queue
[2022-04-06 05:03:03,019] {logging_mixin.py:109} INFO - [2022-04-06 05:03:03,019] {dagbag.py:500} INFO - Filling up the DagBag from /home/airflow/.local/lib/python3.8/site-packages/airflow/example_dags/example_kubernetes_executor.py
[2022-04-06 05:03:03,044] {processor.py:654} INFO - DAG(s) dict_keys(['example_kubernetes_executor']) retrieved from /home/airflow/.local/lib/python3.8/site-packages/airflow/example_dags/example_kubernetes_executor.py
[2022-04-06 05:03:03,054] {logging_mixin.py:109} INFO - [2022-04-06 05:03:03,054] {dag.py:2396} INFO - Sync 1 DAGs
[2022-04-06 05:03:03,066] {logging_mixin.py:109} INFO - [2022-04-06 05:03:03,066] {dag.py:2935} INFO - Setting next_dagrun for example_kubernetes_executor to None
[2022-04-06 05:03:03,074] {processor.py:171} INFO - Processing /home/airflow/.local/lib/python3.8/site-packages/airflow/example_dags/example_kubernetes_executor.py took 0.059 seconds
[2022-04-06 05:03:34,128] {processor.py:163} INFO - Started process (PID=187) to work on /home/airflow/.local/lib/python3.8/site-packages/airflow/example_dags/example_kubernetes_executor.py
[2022-04-06 05:03:34,130] {processor.py:642} INFO - Processing file /home/airflow/.local/lib/python3.8/site-packages/airflow/example_dags/example_kubernetes_executor.py for tasks to queue
[2022-04-06 05:03:34,130] {logging_mixin.py:109} INFO - [2022-04-06 05:03:34,130] {dagbag.py:500} INFO - Filling up the DagBag from /home/airflow/.local/lib/python3.8/site-packages/airflow/example_dags/example_kubernetes_executor.py
[2022-04-06 05:03:34,160] {processor.py:654} INFO - DAG(s) dict_keys(['example_kubernetes_executor']) retrieved from /home/airflow/.local/lib/python3.8/site-packages/airflow/example_dags/example_kubernetes_executor.py
[2022-04-06 05:03:34,169] {logging_mixin.py:109} INFO - [2022-04-06 05:03:34,169] {dag.py:2396} INFO - Sync 1 DAGs
[2022-04-06 05:03:34,180] {logging_mixin.py:109} INFO - [2022-04-06 05:03:34,180] {dag.py:2935} INFO - Setting next_dagrun for example_kubernetes_executor to None
[2022-04-06 05:03:34,186] {processor.py:171} INFO - Processing /home/airflow/.local/lib/python3.8/site-packages/airflow/example_dags/example_kubernetes_executor.py took 0.061 seconds
