[2022-04-06 04:43:05,896] {processor.py:163} INFO - Started process (PID=127) to work on /home/airflow/.local/lib/python3.8/site-packages/airflow/example_dags/example_skip_dag.py
[2022-04-06 04:43:05,897] {processor.py:642} INFO - Processing file /home/airflow/.local/lib/python3.8/site-packages/airflow/example_dags/example_skip_dag.py for tasks to queue
[2022-04-06 04:43:05,898] {logging_mixin.py:109} INFO - [2022-04-06 04:43:05,898] {dagbag.py:500} INFO - Filling up the DagBag from /home/airflow/.local/lib/python3.8/site-packages/airflow/example_dags/example_skip_dag.py
[2022-04-06 04:43:05,927] {processor.py:654} INFO - DAG(s) dict_keys(['example_skip_dag']) retrieved from /home/airflow/.local/lib/python3.8/site-packages/airflow/example_dags/example_skip_dag.py
[2022-04-06 04:43:08,477] {logging_mixin.py:109} INFO - [2022-04-06 04:43:08,477] {manager.py:496} INFO - Created Permission View: can read on DAG:example_skip_dag
[2022-04-06 04:43:08,485] {logging_mixin.py:109} INFO - [2022-04-06 04:43:08,484] {manager.py:496} INFO - Created Permission View: can edit on DAG:example_skip_dag
[2022-04-06 04:43:08,485] {logging_mixin.py:109} INFO - [2022-04-06 04:43:08,485] {dag.py:2396} INFO - Sync 1 DAGs
[2022-04-06 04:43:08,494] {logging_mixin.py:109} INFO - [2022-04-06 04:43:08,493] {dag.py:2415} INFO - Creating ORM DAG for example_skip_dag
[2022-04-06 04:43:08,502] {logging_mixin.py:109} INFO - [2022-04-06 04:43:08,501] {dag.py:2935} INFO - Setting next_dagrun for example_skip_dag to 2022-04-05T04:43:08.501705+00:00
[2022-04-06 04:43:08,512] {processor.py:171} INFO - Processing /home/airflow/.local/lib/python3.8/site-packages/airflow/example_dags/example_skip_dag.py took 2.619 seconds
[2022-04-06 04:43:39,200] {processor.py:163} INFO - Started process (PID=360) to work on /home/airflow/.local/lib/python3.8/site-packages/airflow/example_dags/example_skip_dag.py
[2022-04-06 04:43:39,202] {processor.py:642} INFO - Processing file /home/airflow/.local/lib/python3.8/site-packages/airflow/example_dags/example_skip_dag.py for tasks to queue
[2022-04-06 04:43:39,203] {logging_mixin.py:109} INFO - [2022-04-06 04:43:39,203] {dagbag.py:500} INFO - Filling up the DagBag from /home/airflow/.local/lib/python3.8/site-packages/airflow/example_dags/example_skip_dag.py
[2022-04-06 04:43:39,231] {processor.py:654} INFO - DAG(s) dict_keys(['example_skip_dag']) retrieved from /home/airflow/.local/lib/python3.8/site-packages/airflow/example_dags/example_skip_dag.py
[2022-04-06 04:43:39,244] {logging_mixin.py:109} INFO - [2022-04-06 04:43:39,244] {dag.py:2396} INFO - Sync 1 DAGs
[2022-04-06 04:43:39,262] {logging_mixin.py:109} INFO - [2022-04-06 04:43:39,262] {dag.py:2935} INFO - Setting next_dagrun for example_skip_dag to 2022-04-05T04:43:39.261856+00:00
[2022-04-06 04:43:39,273] {processor.py:171} INFO - Processing /home/airflow/.local/lib/python3.8/site-packages/airflow/example_dags/example_skip_dag.py took 0.082 seconds
[2022-04-06 04:44:09,642] {processor.py:163} INFO - Started process (PID=427) to work on /home/airflow/.local/lib/python3.8/site-packages/airflow/example_dags/example_skip_dag.py
[2022-04-06 04:44:09,643] {processor.py:642} INFO - Processing file /home/airflow/.local/lib/python3.8/site-packages/airflow/example_dags/example_skip_dag.py for tasks to queue
[2022-04-06 04:44:09,644] {logging_mixin.py:109} INFO - [2022-04-06 04:44:09,644] {dagbag.py:500} INFO - Filling up the DagBag from /home/airflow/.local/lib/python3.8/site-packages/airflow/example_dags/example_skip_dag.py
[2022-04-06 04:44:09,665] {processor.py:654} INFO - DAG(s) dict_keys(['example_skip_dag']) retrieved from /home/airflow/.local/lib/python3.8/site-packages/airflow/example_dags/example_skip_dag.py
[2022-04-06 04:44:09,677] {logging_mixin.py:109} INFO - [2022-04-06 04:44:09,677] {dag.py:2396} INFO - Sync 1 DAGs
[2022-04-06 04:44:09,694] {logging_mixin.py:109} INFO - [2022-04-06 04:44:09,694] {dag.py:2935} INFO - Setting next_dagrun for example_skip_dag to 2022-04-05T04:44:09.693753+00:00
[2022-04-06 04:44:09,702] {processor.py:171} INFO - Processing /home/airflow/.local/lib/python3.8/site-packages/airflow/example_dags/example_skip_dag.py took 0.062 seconds
[2022-04-06 04:44:39,900] {processor.py:163} INFO - Started process (PID=483) to work on /home/airflow/.local/lib/python3.8/site-packages/airflow/example_dags/example_skip_dag.py
[2022-04-06 04:44:39,902] {processor.py:642} INFO - Processing file /home/airflow/.local/lib/python3.8/site-packages/airflow/example_dags/example_skip_dag.py for tasks to queue
[2022-04-06 04:44:39,903] {logging_mixin.py:109} INFO - [2022-04-06 04:44:39,903] {dagbag.py:500} INFO - Filling up the DagBag from /home/airflow/.local/lib/python3.8/site-packages/airflow/example_dags/example_skip_dag.py
[2022-04-06 04:44:39,929] {processor.py:654} INFO - DAG(s) dict_keys(['example_skip_dag']) retrieved from /home/airflow/.local/lib/python3.8/site-packages/airflow/example_dags/example_skip_dag.py
[2022-04-06 04:44:39,940] {logging_mixin.py:109} INFO - [2022-04-06 04:44:39,940] {dag.py:2396} INFO - Sync 1 DAGs
[2022-04-06 04:44:39,955] {logging_mixin.py:109} INFO - [2022-04-06 04:44:39,955] {dag.py:2935} INFO - Setting next_dagrun for example_skip_dag to 2022-04-05T04:44:39.954957+00:00
[2022-04-06 04:44:39,974] {processor.py:171} INFO - Processing /home/airflow/.local/lib/python3.8/site-packages/airflow/example_dags/example_skip_dag.py took 0.081 seconds
[2022-04-06 04:45:10,154] {processor.py:163} INFO - Started process (PID=549) to work on /home/airflow/.local/lib/python3.8/site-packages/airflow/example_dags/example_skip_dag.py
[2022-04-06 04:45:10,155] {processor.py:642} INFO - Processing file /home/airflow/.local/lib/python3.8/site-packages/airflow/example_dags/example_skip_dag.py for tasks to queue
[2022-04-06 04:45:10,156] {logging_mixin.py:109} INFO - [2022-04-06 04:45:10,156] {dagbag.py:500} INFO - Filling up the DagBag from /home/airflow/.local/lib/python3.8/site-packages/airflow/example_dags/example_skip_dag.py
[2022-04-06 04:45:10,177] {processor.py:654} INFO - DAG(s) dict_keys(['example_skip_dag']) retrieved from /home/airflow/.local/lib/python3.8/site-packages/airflow/example_dags/example_skip_dag.py
[2022-04-06 04:45:10,186] {logging_mixin.py:109} INFO - [2022-04-06 04:45:10,186] {dag.py:2396} INFO - Sync 1 DAGs
[2022-04-06 04:45:10,198] {logging_mixin.py:109} INFO - [2022-04-06 04:45:10,198] {dag.py:2935} INFO - Setting next_dagrun for example_skip_dag to 2022-04-05T04:45:10.198321+00:00
[2022-04-06 04:45:10,206] {processor.py:171} INFO - Processing /home/airflow/.local/lib/python3.8/site-packages/airflow/example_dags/example_skip_dag.py took 0.054 seconds
[2022-04-06 04:45:40,394] {processor.py:163} INFO - Started process (PID=606) to work on /home/airflow/.local/lib/python3.8/site-packages/airflow/example_dags/example_skip_dag.py
[2022-04-06 04:45:40,395] {processor.py:642} INFO - Processing file /home/airflow/.local/lib/python3.8/site-packages/airflow/example_dags/example_skip_dag.py for tasks to queue
[2022-04-06 04:45:40,395] {logging_mixin.py:109} INFO - [2022-04-06 04:45:40,395] {dagbag.py:500} INFO - Filling up the DagBag from /home/airflow/.local/lib/python3.8/site-packages/airflow/example_dags/example_skip_dag.py
[2022-04-06 04:45:40,419] {processor.py:654} INFO - DAG(s) dict_keys(['example_skip_dag']) retrieved from /home/airflow/.local/lib/python3.8/site-packages/airflow/example_dags/example_skip_dag.py
[2022-04-06 04:45:40,429] {logging_mixin.py:109} INFO - [2022-04-06 04:45:40,429] {dag.py:2396} INFO - Sync 1 DAGs
[2022-04-06 04:45:40,444] {logging_mixin.py:109} INFO - [2022-04-06 04:45:40,444] {dag.py:2935} INFO - Setting next_dagrun for example_skip_dag to 2022-04-05T04:45:40.443976+00:00
[2022-04-06 04:45:40,453] {processor.py:171} INFO - Processing /home/airflow/.local/lib/python3.8/site-packages/airflow/example_dags/example_skip_dag.py took 0.062 seconds
[2022-04-06 04:46:10,877] {processor.py:163} INFO - Started process (PID=664) to work on /home/airflow/.local/lib/python3.8/site-packages/airflow/example_dags/example_skip_dag.py
[2022-04-06 04:46:10,879] {processor.py:642} INFO - Processing file /home/airflow/.local/lib/python3.8/site-packages/airflow/example_dags/example_skip_dag.py for tasks to queue
[2022-04-06 04:46:10,879] {logging_mixin.py:109} INFO - [2022-04-06 04:46:10,879] {dagbag.py:500} INFO - Filling up the DagBag from /home/airflow/.local/lib/python3.8/site-packages/airflow/example_dags/example_skip_dag.py
[2022-04-06 04:46:10,903] {processor.py:654} INFO - DAG(s) dict_keys(['example_skip_dag']) retrieved from /home/airflow/.local/lib/python3.8/site-packages/airflow/example_dags/example_skip_dag.py
[2022-04-06 04:46:10,912] {logging_mixin.py:109} INFO - [2022-04-06 04:46:10,912] {dag.py:2396} INFO - Sync 1 DAGs
[2022-04-06 04:46:10,925] {logging_mixin.py:109} INFO - [2022-04-06 04:46:10,925] {dag.py:2935} INFO - Setting next_dagrun for example_skip_dag to 2022-04-05T04:46:10.925055+00:00
[2022-04-06 04:46:10,932] {processor.py:171} INFO - Processing /home/airflow/.local/lib/python3.8/site-packages/airflow/example_dags/example_skip_dag.py took 0.059 seconds
[2022-04-06 04:46:41,172] {processor.py:163} INFO - Started process (PID=729) to work on /home/airflow/.local/lib/python3.8/site-packages/airflow/example_dags/example_skip_dag.py
[2022-04-06 04:46:41,173] {processor.py:642} INFO - Processing file /home/airflow/.local/lib/python3.8/site-packages/airflow/example_dags/example_skip_dag.py for tasks to queue
[2022-04-06 04:46:41,174] {logging_mixin.py:109} INFO - [2022-04-06 04:46:41,174] {dagbag.py:500} INFO - Filling up the DagBag from /home/airflow/.local/lib/python3.8/site-packages/airflow/example_dags/example_skip_dag.py
[2022-04-06 04:46:41,199] {processor.py:654} INFO - DAG(s) dict_keys(['example_skip_dag']) retrieved from /home/airflow/.local/lib/python3.8/site-packages/airflow/example_dags/example_skip_dag.py
[2022-04-06 04:46:41,210] {logging_mixin.py:109} INFO - [2022-04-06 04:46:41,210] {dag.py:2396} INFO - Sync 1 DAGs
[2022-04-06 04:46:41,225] {logging_mixin.py:109} INFO - [2022-04-06 04:46:41,225] {dag.py:2935} INFO - Setting next_dagrun for example_skip_dag to 2022-04-05T04:46:41.225271+00:00
[2022-04-06 04:46:41,235] {processor.py:171} INFO - Processing /home/airflow/.local/lib/python3.8/site-packages/airflow/example_dags/example_skip_dag.py took 0.065 seconds
[2022-04-06 04:47:11,322] {processor.py:163} INFO - Started process (PID=787) to work on /home/airflow/.local/lib/python3.8/site-packages/airflow/example_dags/example_skip_dag.py
[2022-04-06 04:47:11,325] {processor.py:642} INFO - Processing file /home/airflow/.local/lib/python3.8/site-packages/airflow/example_dags/example_skip_dag.py for tasks to queue
[2022-04-06 04:47:11,326] {logging_mixin.py:109} INFO - [2022-04-06 04:47:11,326] {dagbag.py:500} INFO - Filling up the DagBag from /home/airflow/.local/lib/python3.8/site-packages/airflow/example_dags/example_skip_dag.py
[2022-04-06 04:47:11,357] {processor.py:654} INFO - DAG(s) dict_keys(['example_skip_dag']) retrieved from /home/airflow/.local/lib/python3.8/site-packages/airflow/example_dags/example_skip_dag.py
[2022-04-06 04:47:11,367] {logging_mixin.py:109} INFO - [2022-04-06 04:47:11,367] {dag.py:2396} INFO - Sync 1 DAGs
[2022-04-06 04:47:11,379] {logging_mixin.py:109} INFO - [2022-04-06 04:47:11,379] {dag.py:2935} INFO - Setting next_dagrun for example_skip_dag to 2022-04-05T04:47:11.379470+00:00
[2022-04-06 04:47:11,387] {processor.py:171} INFO - Processing /home/airflow/.local/lib/python3.8/site-packages/airflow/example_dags/example_skip_dag.py took 0.072 seconds
[2022-04-06 04:47:41,538] {processor.py:163} INFO - Started process (PID=845) to work on /home/airflow/.local/lib/python3.8/site-packages/airflow/example_dags/example_skip_dag.py
[2022-04-06 04:47:41,539] {processor.py:642} INFO - Processing file /home/airflow/.local/lib/python3.8/site-packages/airflow/example_dags/example_skip_dag.py for tasks to queue
[2022-04-06 04:47:41,539] {logging_mixin.py:109} INFO - [2022-04-06 04:47:41,539] {dagbag.py:500} INFO - Filling up the DagBag from /home/airflow/.local/lib/python3.8/site-packages/airflow/example_dags/example_skip_dag.py
[2022-04-06 04:47:41,560] {processor.py:654} INFO - DAG(s) dict_keys(['example_skip_dag']) retrieved from /home/airflow/.local/lib/python3.8/site-packages/airflow/example_dags/example_skip_dag.py
[2022-04-06 04:47:41,571] {logging_mixin.py:109} INFO - [2022-04-06 04:47:41,570] {dag.py:2396} INFO - Sync 1 DAGs
[2022-04-06 04:47:41,583] {logging_mixin.py:109} INFO - [2022-04-06 04:47:41,583] {dag.py:2935} INFO - Setting next_dagrun for example_skip_dag to 2022-04-05T04:47:41.583050+00:00
[2022-04-06 04:47:41,589] {processor.py:171} INFO - Processing /home/airflow/.local/lib/python3.8/site-packages/airflow/example_dags/example_skip_dag.py took 0.054 seconds
[2022-04-06 04:48:12,124] {processor.py:163} INFO - Started process (PID=913) to work on /home/airflow/.local/lib/python3.8/site-packages/airflow/example_dags/example_skip_dag.py
[2022-04-06 04:48:12,127] {processor.py:642} INFO - Processing file /home/airflow/.local/lib/python3.8/site-packages/airflow/example_dags/example_skip_dag.py for tasks to queue
[2022-04-06 04:48:12,129] {logging_mixin.py:109} INFO - [2022-04-06 04:48:12,129] {dagbag.py:500} INFO - Filling up the DagBag from /home/airflow/.local/lib/python3.8/site-packages/airflow/example_dags/example_skip_dag.py
[2022-04-06 04:48:12,162] {processor.py:654} INFO - DAG(s) dict_keys(['example_skip_dag']) retrieved from /home/airflow/.local/lib/python3.8/site-packages/airflow/example_dags/example_skip_dag.py
[2022-04-06 04:48:12,172] {logging_mixin.py:109} INFO - [2022-04-06 04:48:12,172] {dag.py:2396} INFO - Sync 1 DAGs
[2022-04-06 04:48:12,185] {logging_mixin.py:109} INFO - [2022-04-06 04:48:12,185] {dag.py:2935} INFO - Setting next_dagrun for example_skip_dag to 2022-04-05T04:48:12.185457+00:00
[2022-04-06 04:48:12,193] {processor.py:171} INFO - Processing /home/airflow/.local/lib/python3.8/site-packages/airflow/example_dags/example_skip_dag.py took 0.078 seconds
[2022-04-06 04:48:42,371] {processor.py:163} INFO - Started process (PID=972) to work on /home/airflow/.local/lib/python3.8/site-packages/airflow/example_dags/example_skip_dag.py
[2022-04-06 04:48:42,373] {processor.py:642} INFO - Processing file /home/airflow/.local/lib/python3.8/site-packages/airflow/example_dags/example_skip_dag.py for tasks to queue
[2022-04-06 04:48:42,375] {logging_mixin.py:109} INFO - [2022-04-06 04:48:42,375] {dagbag.py:500} INFO - Filling up the DagBag from /home/airflow/.local/lib/python3.8/site-packages/airflow/example_dags/example_skip_dag.py
[2022-04-06 04:48:42,407] {processor.py:654} INFO - DAG(s) dict_keys(['example_skip_dag']) retrieved from /home/airflow/.local/lib/python3.8/site-packages/airflow/example_dags/example_skip_dag.py
[2022-04-06 04:48:42,418] {logging_mixin.py:109} INFO - [2022-04-06 04:48:42,418] {dag.py:2396} INFO - Sync 1 DAGs
[2022-04-06 04:48:42,432] {logging_mixin.py:109} INFO - [2022-04-06 04:48:42,432] {dag.py:2935} INFO - Setting next_dagrun for example_skip_dag to 2022-04-05T04:48:42.432203+00:00
[2022-04-06 04:48:42,441] {processor.py:171} INFO - Processing /home/airflow/.local/lib/python3.8/site-packages/airflow/example_dags/example_skip_dag.py took 0.078 seconds
[2022-04-06 04:49:13,066] {processor.py:163} INFO - Started process (PID=1037) to work on /home/airflow/.local/lib/python3.8/site-packages/airflow/example_dags/example_skip_dag.py
[2022-04-06 04:49:13,067] {processor.py:642} INFO - Processing file /home/airflow/.local/lib/python3.8/site-packages/airflow/example_dags/example_skip_dag.py for tasks to queue
[2022-04-06 04:49:13,068] {logging_mixin.py:109} INFO - [2022-04-06 04:49:13,067] {dagbag.py:500} INFO - Filling up the DagBag from /home/airflow/.local/lib/python3.8/site-packages/airflow/example_dags/example_skip_dag.py
[2022-04-06 04:49:13,085] {processor.py:654} INFO - DAG(s) dict_keys(['example_skip_dag']) retrieved from /home/airflow/.local/lib/python3.8/site-packages/airflow/example_dags/example_skip_dag.py
[2022-04-06 04:49:13,092] {logging_mixin.py:109} INFO - [2022-04-06 04:49:13,092] {dag.py:2396} INFO - Sync 1 DAGs
[2022-04-06 04:49:13,104] {logging_mixin.py:109} INFO - [2022-04-06 04:49:13,104] {dag.py:2935} INFO - Setting next_dagrun for example_skip_dag to 2022-04-05T04:49:13.104040+00:00
[2022-04-06 04:49:13,112] {processor.py:171} INFO - Processing /home/airflow/.local/lib/python3.8/site-packages/airflow/example_dags/example_skip_dag.py took 0.048 seconds
[2022-04-06 04:49:43,222] {processor.py:163} INFO - Started process (PID=1094) to work on /home/airflow/.local/lib/python3.8/site-packages/airflow/example_dags/example_skip_dag.py
[2022-04-06 04:49:43,224] {processor.py:642} INFO - Processing file /home/airflow/.local/lib/python3.8/site-packages/airflow/example_dags/example_skip_dag.py for tasks to queue
[2022-04-06 04:49:43,225] {logging_mixin.py:109} INFO - [2022-04-06 04:49:43,224] {dagbag.py:500} INFO - Filling up the DagBag from /home/airflow/.local/lib/python3.8/site-packages/airflow/example_dags/example_skip_dag.py
[2022-04-06 04:49:43,256] {processor.py:654} INFO - DAG(s) dict_keys(['example_skip_dag']) retrieved from /home/airflow/.local/lib/python3.8/site-packages/airflow/example_dags/example_skip_dag.py
[2022-04-06 04:49:43,269] {logging_mixin.py:109} INFO - [2022-04-06 04:49:43,269] {dag.py:2396} INFO - Sync 1 DAGs
[2022-04-06 04:49:43,288] {logging_mixin.py:109} INFO - [2022-04-06 04:49:43,288] {dag.py:2935} INFO - Setting next_dagrun for example_skip_dag to 2022-04-05T04:49:43.288541+00:00
[2022-04-06 04:49:43,299] {processor.py:171} INFO - Processing /home/airflow/.local/lib/python3.8/site-packages/airflow/example_dags/example_skip_dag.py took 0.080 seconds
[2022-04-06 04:50:13,871] {processor.py:163} INFO - Started process (PID=1153) to work on /home/airflow/.local/lib/python3.8/site-packages/airflow/example_dags/example_skip_dag.py
[2022-04-06 04:50:13,874] {processor.py:642} INFO - Processing file /home/airflow/.local/lib/python3.8/site-packages/airflow/example_dags/example_skip_dag.py for tasks to queue
[2022-04-06 04:50:13,876] {logging_mixin.py:109} INFO - [2022-04-06 04:50:13,876] {dagbag.py:500} INFO - Filling up the DagBag from /home/airflow/.local/lib/python3.8/site-packages/airflow/example_dags/example_skip_dag.py
[2022-04-06 04:50:13,908] {processor.py:654} INFO - DAG(s) dict_keys(['example_skip_dag']) retrieved from /home/airflow/.local/lib/python3.8/site-packages/airflow/example_dags/example_skip_dag.py
[2022-04-06 04:50:13,918] {logging_mixin.py:109} INFO - [2022-04-06 04:50:13,918] {dag.py:2396} INFO - Sync 1 DAGs
[2022-04-06 04:50:13,931] {logging_mixin.py:109} INFO - [2022-04-06 04:50:13,931] {dag.py:2935} INFO - Setting next_dagrun for example_skip_dag to 2022-04-05T04:50:13.931530+00:00
[2022-04-06 04:50:13,939] {processor.py:171} INFO - Processing /home/airflow/.local/lib/python3.8/site-packages/airflow/example_dags/example_skip_dag.py took 0.076 seconds
[2022-04-06 04:50:43,985] {processor.py:163} INFO - Started process (PID=1219) to work on /home/airflow/.local/lib/python3.8/site-packages/airflow/example_dags/example_skip_dag.py
[2022-04-06 04:50:43,985] {processor.py:642} INFO - Processing file /home/airflow/.local/lib/python3.8/site-packages/airflow/example_dags/example_skip_dag.py for tasks to queue
[2022-04-06 04:50:43,986] {logging_mixin.py:109} INFO - [2022-04-06 04:50:43,986] {dagbag.py:500} INFO - Filling up the DagBag from /home/airflow/.local/lib/python3.8/site-packages/airflow/example_dags/example_skip_dag.py
[2022-04-06 04:50:44,005] {processor.py:654} INFO - DAG(s) dict_keys(['example_skip_dag']) retrieved from /home/airflow/.local/lib/python3.8/site-packages/airflow/example_dags/example_skip_dag.py
[2022-04-06 04:50:44,014] {logging_mixin.py:109} INFO - [2022-04-06 04:50:44,014] {dag.py:2396} INFO - Sync 1 DAGs
[2022-04-06 04:50:44,028] {logging_mixin.py:109} INFO - [2022-04-06 04:50:44,028] {dag.py:2935} INFO - Setting next_dagrun for example_skip_dag to 2022-04-05T04:50:44.027916+00:00
[2022-04-06 04:50:44,035] {processor.py:171} INFO - Processing /home/airflow/.local/lib/python3.8/site-packages/airflow/example_dags/example_skip_dag.py took 0.053 seconds
[2022-04-06 04:52:42,492] {processor.py:163} INFO - Started process (PID=53) to work on /home/airflow/.local/lib/python3.8/site-packages/airflow/example_dags/example_skip_dag.py
[2022-04-06 04:52:42,493] {processor.py:642} INFO - Processing file /home/airflow/.local/lib/python3.8/site-packages/airflow/example_dags/example_skip_dag.py for tasks to queue
[2022-04-06 04:52:42,494] {logging_mixin.py:109} INFO - [2022-04-06 04:52:42,494] {dagbag.py:500} INFO - Filling up the DagBag from /home/airflow/.local/lib/python3.8/site-packages/airflow/example_dags/example_skip_dag.py
[2022-04-06 04:52:42,524] {processor.py:654} INFO - DAG(s) dict_keys(['example_skip_dag']) retrieved from /home/airflow/.local/lib/python3.8/site-packages/airflow/example_dags/example_skip_dag.py
[2022-04-06 04:52:42,535] {logging_mixin.py:109} INFO - [2022-04-06 04:52:42,535] {dag.py:2396} INFO - Sync 1 DAGs
[2022-04-06 04:52:42,552] {logging_mixin.py:109} INFO - [2022-04-06 04:52:42,552] {dag.py:2935} INFO - Setting next_dagrun for example_skip_dag to 2022-04-05T04:52:42.551825+00:00
[2022-04-06 04:52:42,561] {processor.py:171} INFO - Processing /home/airflow/.local/lib/python3.8/site-packages/airflow/example_dags/example_skip_dag.py took 0.072 seconds
[2022-04-06 04:53:12,928] {processor.py:163} INFO - Started process (PID=111) to work on /home/airflow/.local/lib/python3.8/site-packages/airflow/example_dags/example_skip_dag.py
[2022-04-06 04:53:12,929] {processor.py:642} INFO - Processing file /home/airflow/.local/lib/python3.8/site-packages/airflow/example_dags/example_skip_dag.py for tasks to queue
[2022-04-06 04:53:12,929] {logging_mixin.py:109} INFO - [2022-04-06 04:53:12,929] {dagbag.py:500} INFO - Filling up the DagBag from /home/airflow/.local/lib/python3.8/site-packages/airflow/example_dags/example_skip_dag.py
[2022-04-06 04:53:12,958] {processor.py:654} INFO - DAG(s) dict_keys(['example_skip_dag']) retrieved from /home/airflow/.local/lib/python3.8/site-packages/airflow/example_dags/example_skip_dag.py
[2022-04-06 04:53:12,967] {logging_mixin.py:109} INFO - [2022-04-06 04:53:12,967] {dag.py:2396} INFO - Sync 1 DAGs
[2022-04-06 04:53:12,978] {logging_mixin.py:109} INFO - [2022-04-06 04:53:12,978] {dag.py:2935} INFO - Setting next_dagrun for example_skip_dag to 2022-04-05T04:53:12.978078+00:00
[2022-04-06 04:53:12,984] {processor.py:171} INFO - Processing /home/airflow/.local/lib/python3.8/site-packages/airflow/example_dags/example_skip_dag.py took 0.060 seconds
[2022-04-06 04:53:44,240] {processor.py:163} INFO - Started process (PID=178) to work on /home/airflow/.local/lib/python3.8/site-packages/airflow/example_dags/example_skip_dag.py
[2022-04-06 04:53:44,241] {processor.py:642} INFO - Processing file /home/airflow/.local/lib/python3.8/site-packages/airflow/example_dags/example_skip_dag.py for tasks to queue
[2022-04-06 04:53:44,241] {logging_mixin.py:109} INFO - [2022-04-06 04:53:44,241] {dagbag.py:500} INFO - Filling up the DagBag from /home/airflow/.local/lib/python3.8/site-packages/airflow/example_dags/example_skip_dag.py
[2022-04-06 04:53:44,260] {processor.py:654} INFO - DAG(s) dict_keys(['example_skip_dag']) retrieved from /home/airflow/.local/lib/python3.8/site-packages/airflow/example_dags/example_skip_dag.py
[2022-04-06 04:53:44,268] {logging_mixin.py:109} INFO - [2022-04-06 04:53:44,268] {dag.py:2396} INFO - Sync 1 DAGs
[2022-04-06 04:53:44,281] {logging_mixin.py:109} INFO - [2022-04-06 04:53:44,281] {dag.py:2935} INFO - Setting next_dagrun for example_skip_dag to 2022-04-05T04:53:44.281608+00:00
[2022-04-06 04:53:44,290] {processor.py:171} INFO - Processing /home/airflow/.local/lib/python3.8/site-packages/airflow/example_dags/example_skip_dag.py took 0.053 seconds
[2022-04-06 04:54:14,554] {processor.py:163} INFO - Started process (PID=227) to work on /home/airflow/.local/lib/python3.8/site-packages/airflow/example_dags/example_skip_dag.py
[2022-04-06 04:54:14,555] {processor.py:642} INFO - Processing file /home/airflow/.local/lib/python3.8/site-packages/airflow/example_dags/example_skip_dag.py for tasks to queue
[2022-04-06 04:54:14,555] {logging_mixin.py:109} INFO - [2022-04-06 04:54:14,555] {dagbag.py:500} INFO - Filling up the DagBag from /home/airflow/.local/lib/python3.8/site-packages/airflow/example_dags/example_skip_dag.py
[2022-04-06 04:54:14,576] {processor.py:654} INFO - DAG(s) dict_keys(['example_skip_dag']) retrieved from /home/airflow/.local/lib/python3.8/site-packages/airflow/example_dags/example_skip_dag.py
[2022-04-06 04:54:14,585] {logging_mixin.py:109} INFO - [2022-04-06 04:54:14,585] {dag.py:2396} INFO - Sync 1 DAGs
[2022-04-06 04:54:14,597] {logging_mixin.py:109} INFO - [2022-04-06 04:54:14,597] {dag.py:2935} INFO - Setting next_dagrun for example_skip_dag to 2022-04-05T04:54:14.597542+00:00
[2022-04-06 04:54:14,605] {processor.py:171} INFO - Processing /home/airflow/.local/lib/python3.8/site-packages/airflow/example_dags/example_skip_dag.py took 0.053 seconds
[2022-04-06 04:54:44,860] {processor.py:163} INFO - Started process (PID=292) to work on /home/airflow/.local/lib/python3.8/site-packages/airflow/example_dags/example_skip_dag.py
[2022-04-06 04:54:44,861] {processor.py:642} INFO - Processing file /home/airflow/.local/lib/python3.8/site-packages/airflow/example_dags/example_skip_dag.py for tasks to queue
[2022-04-06 04:54:44,862] {logging_mixin.py:109} INFO - [2022-04-06 04:54:44,862] {dagbag.py:500} INFO - Filling up the DagBag from /home/airflow/.local/lib/python3.8/site-packages/airflow/example_dags/example_skip_dag.py
[2022-04-06 04:54:44,882] {processor.py:654} INFO - DAG(s) dict_keys(['example_skip_dag']) retrieved from /home/airflow/.local/lib/python3.8/site-packages/airflow/example_dags/example_skip_dag.py
[2022-04-06 04:54:44,892] {logging_mixin.py:109} INFO - [2022-04-06 04:54:44,892] {dag.py:2396} INFO - Sync 1 DAGs
[2022-04-06 04:54:44,905] {logging_mixin.py:109} INFO - [2022-04-06 04:54:44,905] {dag.py:2935} INFO - Setting next_dagrun for example_skip_dag to 2022-04-05T04:54:44.905115+00:00
[2022-04-06 04:54:44,912] {processor.py:171} INFO - Processing /home/airflow/.local/lib/python3.8/site-packages/airflow/example_dags/example_skip_dag.py took 0.055 seconds
[2022-04-06 04:55:15,434] {processor.py:163} INFO - Started process (PID=349) to work on /home/airflow/.local/lib/python3.8/site-packages/airflow/example_dags/example_skip_dag.py
[2022-04-06 04:55:15,435] {processor.py:642} INFO - Processing file /home/airflow/.local/lib/python3.8/site-packages/airflow/example_dags/example_skip_dag.py for tasks to queue
[2022-04-06 04:55:15,435] {logging_mixin.py:109} INFO - [2022-04-06 04:55:15,435] {dagbag.py:500} INFO - Filling up the DagBag from /home/airflow/.local/lib/python3.8/site-packages/airflow/example_dags/example_skip_dag.py
[2022-04-06 04:55:15,456] {processor.py:654} INFO - DAG(s) dict_keys(['example_skip_dag']) retrieved from /home/airflow/.local/lib/python3.8/site-packages/airflow/example_dags/example_skip_dag.py
[2022-04-06 04:55:15,465] {logging_mixin.py:109} INFO - [2022-04-06 04:55:15,465] {dag.py:2396} INFO - Sync 1 DAGs
[2022-04-06 04:55:15,478] {logging_mixin.py:109} INFO - [2022-04-06 04:55:15,478] {dag.py:2935} INFO - Setting next_dagrun for example_skip_dag to 2022-04-05T04:55:15.478083+00:00
[2022-04-06 04:55:15,490] {processor.py:171} INFO - Processing /home/airflow/.local/lib/python3.8/site-packages/airflow/example_dags/example_skip_dag.py took 0.059 seconds
[2022-04-06 04:55:45,782] {processor.py:163} INFO - Started process (PID=407) to work on /home/airflow/.local/lib/python3.8/site-packages/airflow/example_dags/example_skip_dag.py
[2022-04-06 04:55:45,783] {processor.py:642} INFO - Processing file /home/airflow/.local/lib/python3.8/site-packages/airflow/example_dags/example_skip_dag.py for tasks to queue
[2022-04-06 04:55:45,783] {logging_mixin.py:109} INFO - [2022-04-06 04:55:45,783] {dagbag.py:500} INFO - Filling up the DagBag from /home/airflow/.local/lib/python3.8/site-packages/airflow/example_dags/example_skip_dag.py
[2022-04-06 04:55:45,802] {processor.py:654} INFO - DAG(s) dict_keys(['example_skip_dag']) retrieved from /home/airflow/.local/lib/python3.8/site-packages/airflow/example_dags/example_skip_dag.py
[2022-04-06 04:55:45,811] {logging_mixin.py:109} INFO - [2022-04-06 04:55:45,811] {dag.py:2396} INFO - Sync 1 DAGs
[2022-04-06 04:55:45,823] {logging_mixin.py:109} INFO - [2022-04-06 04:55:45,823] {dag.py:2935} INFO - Setting next_dagrun for example_skip_dag to 2022-04-05T04:55:45.823407+00:00
[2022-04-06 04:55:45,831] {processor.py:171} INFO - Processing /home/airflow/.local/lib/python3.8/site-packages/airflow/example_dags/example_skip_dag.py took 0.052 seconds
[2022-04-06 04:56:16,126] {processor.py:163} INFO - Started process (PID=472) to work on /home/airflow/.local/lib/python3.8/site-packages/airflow/example_dags/example_skip_dag.py
[2022-04-06 04:56:16,127] {processor.py:642} INFO - Processing file /home/airflow/.local/lib/python3.8/site-packages/airflow/example_dags/example_skip_dag.py for tasks to queue
[2022-04-06 04:56:16,128] {logging_mixin.py:109} INFO - [2022-04-06 04:56:16,127] {dagbag.py:500} INFO - Filling up the DagBag from /home/airflow/.local/lib/python3.8/site-packages/airflow/example_dags/example_skip_dag.py
[2022-04-06 04:56:16,149] {processor.py:654} INFO - DAG(s) dict_keys(['example_skip_dag']) retrieved from /home/airflow/.local/lib/python3.8/site-packages/airflow/example_dags/example_skip_dag.py
[2022-04-06 04:56:16,159] {logging_mixin.py:109} INFO - [2022-04-06 04:56:16,159] {dag.py:2396} INFO - Sync 1 DAGs
[2022-04-06 04:56:16,174] {logging_mixin.py:109} INFO - [2022-04-06 04:56:16,174] {dag.py:2935} INFO - Setting next_dagrun for example_skip_dag to 2022-04-05T04:56:16.174263+00:00
[2022-04-06 04:56:16,182] {processor.py:171} INFO - Processing /home/airflow/.local/lib/python3.8/site-packages/airflow/example_dags/example_skip_dag.py took 0.058 seconds
[2022-04-06 04:56:46,460] {processor.py:163} INFO - Started process (PID=529) to work on /home/airflow/.local/lib/python3.8/site-packages/airflow/example_dags/example_skip_dag.py
[2022-04-06 04:56:46,461] {processor.py:642} INFO - Processing file /home/airflow/.local/lib/python3.8/site-packages/airflow/example_dags/example_skip_dag.py for tasks to queue
[2022-04-06 04:56:46,461] {logging_mixin.py:109} INFO - [2022-04-06 04:56:46,461] {dagbag.py:500} INFO - Filling up the DagBag from /home/airflow/.local/lib/python3.8/site-packages/airflow/example_dags/example_skip_dag.py
[2022-04-06 04:56:46,482] {processor.py:654} INFO - DAG(s) dict_keys(['example_skip_dag']) retrieved from /home/airflow/.local/lib/python3.8/site-packages/airflow/example_dags/example_skip_dag.py
[2022-04-06 04:56:46,491] {logging_mixin.py:109} INFO - [2022-04-06 04:56:46,491] {dag.py:2396} INFO - Sync 1 DAGs
[2022-04-06 04:56:46,504] {logging_mixin.py:109} INFO - [2022-04-06 04:56:46,503] {dag.py:2935} INFO - Setting next_dagrun for example_skip_dag to 2022-04-05T04:56:46.503711+00:00
[2022-04-06 04:56:46,511] {processor.py:171} INFO - Processing /home/airflow/.local/lib/python3.8/site-packages/airflow/example_dags/example_skip_dag.py took 0.054 seconds
[2022-04-06 04:57:17,538] {processor.py:163} INFO - Started process (PID=586) to work on /home/airflow/.local/lib/python3.8/site-packages/airflow/example_dags/example_skip_dag.py
[2022-04-06 04:57:17,539] {processor.py:642} INFO - Processing file /home/airflow/.local/lib/python3.8/site-packages/airflow/example_dags/example_skip_dag.py for tasks to queue
[2022-04-06 04:57:17,540] {logging_mixin.py:109} INFO - [2022-04-06 04:57:17,540] {dagbag.py:500} INFO - Filling up the DagBag from /home/airflow/.local/lib/python3.8/site-packages/airflow/example_dags/example_skip_dag.py
[2022-04-06 04:57:17,559] {processor.py:654} INFO - DAG(s) dict_keys(['example_skip_dag']) retrieved from /home/airflow/.local/lib/python3.8/site-packages/airflow/example_dags/example_skip_dag.py
[2022-04-06 04:57:17,568] {logging_mixin.py:109} INFO - [2022-04-06 04:57:17,568] {dag.py:2396} INFO - Sync 1 DAGs
[2022-04-06 04:57:17,580] {logging_mixin.py:109} INFO - [2022-04-06 04:57:17,580] {dag.py:2935} INFO - Setting next_dagrun for example_skip_dag to 2022-04-05T04:57:17.580438+00:00
[2022-04-06 04:57:17,592] {processor.py:171} INFO - Processing /home/airflow/.local/lib/python3.8/site-packages/airflow/example_dags/example_skip_dag.py took 0.055 seconds
[2022-04-06 05:02:31,109] {processor.py:163} INFO - Started process (PID=53) to work on /home/airflow/.local/lib/python3.8/site-packages/airflow/example_dags/example_skip_dag.py
[2022-04-06 05:02:31,110] {processor.py:642} INFO - Processing file /home/airflow/.local/lib/python3.8/site-packages/airflow/example_dags/example_skip_dag.py for tasks to queue
[2022-04-06 05:02:31,110] {logging_mixin.py:109} INFO - [2022-04-06 05:02:31,110] {dagbag.py:500} INFO - Filling up the DagBag from /home/airflow/.local/lib/python3.8/site-packages/airflow/example_dags/example_skip_dag.py
[2022-04-06 05:02:31,130] {processor.py:654} INFO - DAG(s) dict_keys(['example_skip_dag']) retrieved from /home/airflow/.local/lib/python3.8/site-packages/airflow/example_dags/example_skip_dag.py
[2022-04-06 05:02:31,141] {logging_mixin.py:109} INFO - [2022-04-06 05:02:31,141] {dag.py:2396} INFO - Sync 1 DAGs
[2022-04-06 05:02:31,154] {logging_mixin.py:109} INFO - [2022-04-06 05:02:31,154] {dag.py:2935} INFO - Setting next_dagrun for example_skip_dag to 2022-04-05T05:02:31.154352+00:00
[2022-04-06 05:02:31,161] {processor.py:171} INFO - Processing /home/airflow/.local/lib/python3.8/site-packages/airflow/example_dags/example_skip_dag.py took 0.055 seconds
[2022-04-06 05:03:02,366] {processor.py:163} INFO - Started process (PID=111) to work on /home/airflow/.local/lib/python3.8/site-packages/airflow/example_dags/example_skip_dag.py
[2022-04-06 05:03:02,367] {processor.py:642} INFO - Processing file /home/airflow/.local/lib/python3.8/site-packages/airflow/example_dags/example_skip_dag.py for tasks to queue
[2022-04-06 05:03:02,367] {logging_mixin.py:109} INFO - [2022-04-06 05:03:02,367] {dagbag.py:500} INFO - Filling up the DagBag from /home/airflow/.local/lib/python3.8/site-packages/airflow/example_dags/example_skip_dag.py
[2022-04-06 05:03:02,396] {processor.py:654} INFO - DAG(s) dict_keys(['example_skip_dag']) retrieved from /home/airflow/.local/lib/python3.8/site-packages/airflow/example_dags/example_skip_dag.py
[2022-04-06 05:03:02,406] {logging_mixin.py:109} INFO - [2022-04-06 05:03:02,406] {dag.py:2396} INFO - Sync 1 DAGs
[2022-04-06 05:03:02,420] {logging_mixin.py:109} INFO - [2022-04-06 05:03:02,420] {dag.py:2935} INFO - Setting next_dagrun for example_skip_dag to 2022-04-05T05:03:02.420598+00:00
[2022-04-06 05:03:02,428] {processor.py:171} INFO - Processing /home/airflow/.local/lib/python3.8/site-packages/airflow/example_dags/example_skip_dag.py took 0.065 seconds
[2022-04-06 05:03:33,564] {processor.py:163} INFO - Started process (PID=177) to work on /home/airflow/.local/lib/python3.8/site-packages/airflow/example_dags/example_skip_dag.py
[2022-04-06 05:03:33,565] {processor.py:642} INFO - Processing file /home/airflow/.local/lib/python3.8/site-packages/airflow/example_dags/example_skip_dag.py for tasks to queue
[2022-04-06 05:03:33,565] {logging_mixin.py:109} INFO - [2022-04-06 05:03:33,565] {dagbag.py:500} INFO - Filling up the DagBag from /home/airflow/.local/lib/python3.8/site-packages/airflow/example_dags/example_skip_dag.py
[2022-04-06 05:03:33,586] {processor.py:654} INFO - DAG(s) dict_keys(['example_skip_dag']) retrieved from /home/airflow/.local/lib/python3.8/site-packages/airflow/example_dags/example_skip_dag.py
[2022-04-06 05:03:33,595] {logging_mixin.py:109} INFO - [2022-04-06 05:03:33,595] {dag.py:2396} INFO - Sync 1 DAGs
[2022-04-06 05:03:33,607] {logging_mixin.py:109} INFO - [2022-04-06 05:03:33,607] {dag.py:2935} INFO - Setting next_dagrun for example_skip_dag to 2022-04-05T05:03:33.607625+00:00
[2022-04-06 05:03:33,615] {processor.py:171} INFO - Processing /home/airflow/.local/lib/python3.8/site-packages/airflow/example_dags/example_skip_dag.py took 0.054 seconds
