[2022-04-06 04:43:05,840] {processor.py:163} INFO - Started process (PID=126) to work on /home/airflow/.local/lib/python3.8/site-packages/airflow/example_dags/example_xcomargs.py
[2022-04-06 04:43:05,841] {processor.py:642} INFO - Processing file /home/airflow/.local/lib/python3.8/site-packages/airflow/example_dags/example_xcomargs.py for tasks to queue
[2022-04-06 04:43:05,842] {logging_mixin.py:109} INFO - [2022-04-06 04:43:05,842] {dagbag.py:500} INFO - Filling up the DagBag from /home/airflow/.local/lib/python3.8/site-packages/airflow/example_dags/example_xcomargs.py
[2022-04-06 04:43:05,881] {processor.py:654} INFO - DAG(s) dict_keys(['example_xcom_args', 'example_xcom_args_with_operators']) retrieved from /home/airflow/.local/lib/python3.8/site-packages/airflow/example_dags/example_xcomargs.py
[2022-04-06 04:43:08,391] {logging_mixin.py:109} INFO - [2022-04-06 04:43:08,391] {manager.py:496} INFO - Created Permission View: can read on DAG:example_xcom_args
[2022-04-06 04:43:08,397] {logging_mixin.py:109} INFO - [2022-04-06 04:43:08,397] {manager.py:496} INFO - Created Permission View: can edit on DAG:example_xcom_args
[2022-04-06 04:43:08,411] {logging_mixin.py:109} INFO - [2022-04-06 04:43:08,411] {manager.py:496} INFO - Created Permission View: can read on DAG:example_xcom_args_with_operators
[2022-04-06 04:43:08,417] {logging_mixin.py:109} INFO - [2022-04-06 04:43:08,417] {manager.py:496} INFO - Created Permission View: can edit on DAG:example_xcom_args_with_operators
[2022-04-06 04:43:08,418] {logging_mixin.py:109} INFO - [2022-04-06 04:43:08,418] {dag.py:2396} INFO - Sync 2 DAGs
[2022-04-06 04:43:08,424] {logging_mixin.py:109} INFO - [2022-04-06 04:43:08,424] {dag.py:2415} INFO - Creating ORM DAG for example_xcom_args
[2022-04-06 04:43:08,425] {logging_mixin.py:109} INFO - [2022-04-06 04:43:08,425] {dag.py:2415} INFO - Creating ORM DAG for example_xcom_args_with_operators
[2022-04-06 04:43:08,434] {logging_mixin.py:109} INFO - [2022-04-06 04:43:08,433] {dag.py:2935} INFO - Setting next_dagrun for example_xcom_args to None
[2022-04-06 04:43:08,434] {logging_mixin.py:109} INFO - [2022-04-06 04:43:08,434] {dag.py:2935} INFO - Setting next_dagrun for example_xcom_args_with_operators to None
[2022-04-06 04:43:08,447] {processor.py:171} INFO - Processing /home/airflow/.local/lib/python3.8/site-packages/airflow/example_dags/example_xcomargs.py took 2.611 seconds
[2022-04-06 04:43:39,189] {processor.py:163} INFO - Started process (PID=359) to work on /home/airflow/.local/lib/python3.8/site-packages/airflow/example_dags/example_xcomargs.py
[2022-04-06 04:43:39,192] {processor.py:642} INFO - Processing file /home/airflow/.local/lib/python3.8/site-packages/airflow/example_dags/example_xcomargs.py for tasks to queue
[2022-04-06 04:43:39,194] {logging_mixin.py:109} INFO - [2022-04-06 04:43:39,194] {dagbag.py:500} INFO - Filling up the DagBag from /home/airflow/.local/lib/python3.8/site-packages/airflow/example_dags/example_xcomargs.py
[2022-04-06 04:43:39,239] {processor.py:654} INFO - DAG(s) dict_keys(['example_xcom_args', 'example_xcom_args_with_operators']) retrieved from /home/airflow/.local/lib/python3.8/site-packages/airflow/example_dags/example_xcomargs.py
[2022-04-06 04:43:39,449] {logging_mixin.py:109} INFO - [2022-04-06 04:43:39,448] {dag.py:2396} INFO - Sync 2 DAGs
[2022-04-06 04:43:39,461] {logging_mixin.py:109} INFO - [2022-04-06 04:43:39,461] {dag.py:2935} INFO - Setting next_dagrun for example_xcom_args to None
[2022-04-06 04:43:39,462] {logging_mixin.py:109} INFO - [2022-04-06 04:43:39,462] {dag.py:2935} INFO - Setting next_dagrun for example_xcom_args_with_operators to None
[2022-04-06 04:43:39,474] {processor.py:171} INFO - Processing /home/airflow/.local/lib/python3.8/site-packages/airflow/example_dags/example_xcomargs.py took 0.293 seconds
[2022-04-06 04:44:09,639] {processor.py:163} INFO - Started process (PID=426) to work on /home/airflow/.local/lib/python3.8/site-packages/airflow/example_dags/example_xcomargs.py
[2022-04-06 04:44:09,640] {processor.py:642} INFO - Processing file /home/airflow/.local/lib/python3.8/site-packages/airflow/example_dags/example_xcomargs.py for tasks to queue
[2022-04-06 04:44:09,640] {logging_mixin.py:109} INFO - [2022-04-06 04:44:09,640] {dagbag.py:500} INFO - Filling up the DagBag from /home/airflow/.local/lib/python3.8/site-packages/airflow/example_dags/example_xcomargs.py
[2022-04-06 04:44:09,669] {processor.py:654} INFO - DAG(s) dict_keys(['example_xcom_args', 'example_xcom_args_with_operators']) retrieved from /home/airflow/.local/lib/python3.8/site-packages/airflow/example_dags/example_xcomargs.py
[2022-04-06 04:44:09,848] {logging_mixin.py:109} INFO - [2022-04-06 04:44:09,847] {dag.py:2396} INFO - Sync 2 DAGs
[2022-04-06 04:44:09,861] {logging_mixin.py:109} INFO - [2022-04-06 04:44:09,861] {dag.py:2935} INFO - Setting next_dagrun for example_xcom_args to None
[2022-04-06 04:44:09,861] {logging_mixin.py:109} INFO - [2022-04-06 04:44:09,861] {dag.py:2935} INFO - Setting next_dagrun for example_xcom_args_with_operators to None
[2022-04-06 04:44:09,870] {processor.py:171} INFO - Processing /home/airflow/.local/lib/python3.8/site-packages/airflow/example_dags/example_xcomargs.py took 0.233 seconds
[2022-04-06 04:44:39,988] {processor.py:163} INFO - Started process (PID=484) to work on /home/airflow/.local/lib/python3.8/site-packages/airflow/example_dags/example_xcomargs.py
[2022-04-06 04:44:39,989] {processor.py:642} INFO - Processing file /home/airflow/.local/lib/python3.8/site-packages/airflow/example_dags/example_xcomargs.py for tasks to queue
[2022-04-06 04:44:39,990] {logging_mixin.py:109} INFO - [2022-04-06 04:44:39,990] {dagbag.py:500} INFO - Filling up the DagBag from /home/airflow/.local/lib/python3.8/site-packages/airflow/example_dags/example_xcomargs.py
[2022-04-06 04:44:40,015] {processor.py:654} INFO - DAG(s) dict_keys(['example_xcom_args', 'example_xcom_args_with_operators']) retrieved from /home/airflow/.local/lib/python3.8/site-packages/airflow/example_dags/example_xcomargs.py
[2022-04-06 04:44:40,191] {logging_mixin.py:109} INFO - [2022-04-06 04:44:40,191] {dag.py:2396} INFO - Sync 2 DAGs
[2022-04-06 04:44:40,203] {logging_mixin.py:109} INFO - [2022-04-06 04:44:40,203] {dag.py:2935} INFO - Setting next_dagrun for example_xcom_args to None
[2022-04-06 04:44:40,203] {logging_mixin.py:109} INFO - [2022-04-06 04:44:40,203] {dag.py:2935} INFO - Setting next_dagrun for example_xcom_args_with_operators to None
[2022-04-06 04:44:40,219] {processor.py:171} INFO - Processing /home/airflow/.local/lib/python3.8/site-packages/airflow/example_dags/example_xcomargs.py took 0.233 seconds
[2022-04-06 04:45:11,158] {processor.py:163} INFO - Started process (PID=550) to work on /home/airflow/.local/lib/python3.8/site-packages/airflow/example_dags/example_xcomargs.py
[2022-04-06 04:45:11,159] {processor.py:642} INFO - Processing file /home/airflow/.local/lib/python3.8/site-packages/airflow/example_dags/example_xcomargs.py for tasks to queue
[2022-04-06 04:45:11,159] {logging_mixin.py:109} INFO - [2022-04-06 04:45:11,159] {dagbag.py:500} INFO - Filling up the DagBag from /home/airflow/.local/lib/python3.8/site-packages/airflow/example_dags/example_xcomargs.py
[2022-04-06 04:45:11,182] {processor.py:654} INFO - DAG(s) dict_keys(['example_xcom_args', 'example_xcom_args_with_operators']) retrieved from /home/airflow/.local/lib/python3.8/site-packages/airflow/example_dags/example_xcomargs.py
[2022-04-06 04:45:11,341] {logging_mixin.py:109} INFO - [2022-04-06 04:45:11,341] {dag.py:2396} INFO - Sync 2 DAGs
[2022-04-06 04:45:11,353] {logging_mixin.py:109} INFO - [2022-04-06 04:45:11,353] {dag.py:2935} INFO - Setting next_dagrun for example_xcom_args to None
[2022-04-06 04:45:11,353] {logging_mixin.py:109} INFO - [2022-04-06 04:45:11,353] {dag.py:2935} INFO - Setting next_dagrun for example_xcom_args_with_operators to None
[2022-04-06 04:45:11,361] {processor.py:171} INFO - Processing /home/airflow/.local/lib/python3.8/site-packages/airflow/example_dags/example_xcomargs.py took 0.204 seconds
[2022-04-06 04:45:41,402] {processor.py:163} INFO - Started process (PID=607) to work on /home/airflow/.local/lib/python3.8/site-packages/airflow/example_dags/example_xcomargs.py
[2022-04-06 04:45:41,403] {processor.py:642} INFO - Processing file /home/airflow/.local/lib/python3.8/site-packages/airflow/example_dags/example_xcomargs.py for tasks to queue
[2022-04-06 04:45:41,404] {logging_mixin.py:109} INFO - [2022-04-06 04:45:41,404] {dagbag.py:500} INFO - Filling up the DagBag from /home/airflow/.local/lib/python3.8/site-packages/airflow/example_dags/example_xcomargs.py
[2022-04-06 04:45:41,435] {processor.py:654} INFO - DAG(s) dict_keys(['example_xcom_args', 'example_xcom_args_with_operators']) retrieved from /home/airflow/.local/lib/python3.8/site-packages/airflow/example_dags/example_xcomargs.py
[2022-04-06 04:45:41,646] {logging_mixin.py:109} INFO - [2022-04-06 04:45:41,646] {dag.py:2396} INFO - Sync 2 DAGs
[2022-04-06 04:45:41,658] {logging_mixin.py:109} INFO - [2022-04-06 04:45:41,658] {dag.py:2935} INFO - Setting next_dagrun for example_xcom_args to None
[2022-04-06 04:45:41,659] {logging_mixin.py:109} INFO - [2022-04-06 04:45:41,659] {dag.py:2935} INFO - Setting next_dagrun for example_xcom_args_with_operators to None
[2022-04-06 04:45:41,667] {processor.py:171} INFO - Processing /home/airflow/.local/lib/python3.8/site-packages/airflow/example_dags/example_xcomargs.py took 0.269 seconds
[2022-04-06 04:46:11,879] {processor.py:163} INFO - Started process (PID=665) to work on /home/airflow/.local/lib/python3.8/site-packages/airflow/example_dags/example_xcomargs.py
[2022-04-06 04:46:11,879] {processor.py:642} INFO - Processing file /home/airflow/.local/lib/python3.8/site-packages/airflow/example_dags/example_xcomargs.py for tasks to queue
[2022-04-06 04:46:11,880] {logging_mixin.py:109} INFO - [2022-04-06 04:46:11,880] {dagbag.py:500} INFO - Filling up the DagBag from /home/airflow/.local/lib/python3.8/site-packages/airflow/example_dags/example_xcomargs.py
[2022-04-06 04:46:11,903] {processor.py:654} INFO - DAG(s) dict_keys(['example_xcom_args', 'example_xcom_args_with_operators']) retrieved from /home/airflow/.local/lib/python3.8/site-packages/airflow/example_dags/example_xcomargs.py
[2022-04-06 04:46:12,082] {logging_mixin.py:109} INFO - [2022-04-06 04:46:12,082] {dag.py:2396} INFO - Sync 2 DAGs
[2022-04-06 04:46:12,094] {logging_mixin.py:109} INFO - [2022-04-06 04:46:12,094] {dag.py:2935} INFO - Setting next_dagrun for example_xcom_args to None
[2022-04-06 04:46:12,094] {logging_mixin.py:109} INFO - [2022-04-06 04:46:12,094] {dag.py:2935} INFO - Setting next_dagrun for example_xcom_args_with_operators to None
[2022-04-06 04:46:12,103] {processor.py:171} INFO - Processing /home/airflow/.local/lib/python3.8/site-packages/airflow/example_dags/example_xcomargs.py took 0.226 seconds
[2022-04-06 04:46:42,193] {processor.py:163} INFO - Started process (PID=730) to work on /home/airflow/.local/lib/python3.8/site-packages/airflow/example_dags/example_xcomargs.py
[2022-04-06 04:46:42,194] {processor.py:642} INFO - Processing file /home/airflow/.local/lib/python3.8/site-packages/airflow/example_dags/example_xcomargs.py for tasks to queue
[2022-04-06 04:46:42,195] {logging_mixin.py:109} INFO - [2022-04-06 04:46:42,195] {dagbag.py:500} INFO - Filling up the DagBag from /home/airflow/.local/lib/python3.8/site-packages/airflow/example_dags/example_xcomargs.py
[2022-04-06 04:46:42,235] {processor.py:654} INFO - DAG(s) dict_keys(['example_xcom_args', 'example_xcom_args_with_operators']) retrieved from /home/airflow/.local/lib/python3.8/site-packages/airflow/example_dags/example_xcomargs.py
[2022-04-06 04:46:42,400] {logging_mixin.py:109} INFO - [2022-04-06 04:46:42,400] {dag.py:2396} INFO - Sync 2 DAGs
[2022-04-06 04:46:42,411] {logging_mixin.py:109} INFO - [2022-04-06 04:46:42,411] {dag.py:2935} INFO - Setting next_dagrun for example_xcom_args to None
[2022-04-06 04:46:42,412] {logging_mixin.py:109} INFO - [2022-04-06 04:46:42,412] {dag.py:2935} INFO - Setting next_dagrun for example_xcom_args_with_operators to None
[2022-04-06 04:46:42,420] {processor.py:171} INFO - Processing /home/airflow/.local/lib/python3.8/site-packages/airflow/example_dags/example_xcomargs.py took 0.233 seconds
[2022-04-06 04:47:13,412] {processor.py:163} INFO - Started process (PID=789) to work on /home/airflow/.local/lib/python3.8/site-packages/airflow/example_dags/example_xcomargs.py
[2022-04-06 04:47:13,413] {processor.py:642} INFO - Processing file /home/airflow/.local/lib/python3.8/site-packages/airflow/example_dags/example_xcomargs.py for tasks to queue
[2022-04-06 04:47:13,413] {logging_mixin.py:109} INFO - [2022-04-06 04:47:13,413] {dagbag.py:500} INFO - Filling up the DagBag from /home/airflow/.local/lib/python3.8/site-packages/airflow/example_dags/example_xcomargs.py
[2022-04-06 04:47:13,436] {processor.py:654} INFO - DAG(s) dict_keys(['example_xcom_args', 'example_xcom_args_with_operators']) retrieved from /home/airflow/.local/lib/python3.8/site-packages/airflow/example_dags/example_xcomargs.py
[2022-04-06 04:47:13,603] {logging_mixin.py:109} INFO - [2022-04-06 04:47:13,603] {dag.py:2396} INFO - Sync 2 DAGs
[2022-04-06 04:47:13,617] {logging_mixin.py:109} INFO - [2022-04-06 04:47:13,617] {dag.py:2935} INFO - Setting next_dagrun for example_xcom_args to None
[2022-04-06 04:47:13,622] {logging_mixin.py:109} INFO - [2022-04-06 04:47:13,622] {dag.py:2935} INFO - Setting next_dagrun for example_xcom_args_with_operators to None
[2022-04-06 04:47:13,635] {processor.py:171} INFO - Processing /home/airflow/.local/lib/python3.8/site-packages/airflow/example_dags/example_xcomargs.py took 0.225 seconds
[2022-04-06 04:47:44,612] {processor.py:163} INFO - Started process (PID=855) to work on /home/airflow/.local/lib/python3.8/site-packages/airflow/example_dags/example_xcomargs.py
[2022-04-06 04:47:44,613] {processor.py:642} INFO - Processing file /home/airflow/.local/lib/python3.8/site-packages/airflow/example_dags/example_xcomargs.py for tasks to queue
[2022-04-06 04:47:44,614] {logging_mixin.py:109} INFO - [2022-04-06 04:47:44,614] {dagbag.py:500} INFO - Filling up the DagBag from /home/airflow/.local/lib/python3.8/site-packages/airflow/example_dags/example_xcomargs.py
[2022-04-06 04:47:44,647] {processor.py:654} INFO - DAG(s) dict_keys(['example_xcom_args', 'example_xcom_args_with_operators']) retrieved from /home/airflow/.local/lib/python3.8/site-packages/airflow/example_dags/example_xcomargs.py
[2022-04-06 04:47:44,840] {logging_mixin.py:109} INFO - [2022-04-06 04:47:44,840] {dag.py:2396} INFO - Sync 2 DAGs
[2022-04-06 04:47:44,850] {logging_mixin.py:109} INFO - [2022-04-06 04:47:44,850] {dag.py:2935} INFO - Setting next_dagrun for example_xcom_args to None
[2022-04-06 04:47:44,850] {logging_mixin.py:109} INFO - [2022-04-06 04:47:44,850] {dag.py:2935} INFO - Setting next_dagrun for example_xcom_args_with_operators to None
[2022-04-06 04:47:44,858] {processor.py:171} INFO - Processing /home/airflow/.local/lib/python3.8/site-packages/airflow/example_dags/example_xcomargs.py took 0.248 seconds
[2022-04-06 04:48:15,273] {processor.py:163} INFO - Started process (PID=915) to work on /home/airflow/.local/lib/python3.8/site-packages/airflow/example_dags/example_xcomargs.py
[2022-04-06 04:48:15,274] {processor.py:642} INFO - Processing file /home/airflow/.local/lib/python3.8/site-packages/airflow/example_dags/example_xcomargs.py for tasks to queue
[2022-04-06 04:48:15,275] {logging_mixin.py:109} INFO - [2022-04-06 04:48:15,275] {dagbag.py:500} INFO - Filling up the DagBag from /home/airflow/.local/lib/python3.8/site-packages/airflow/example_dags/example_xcomargs.py
[2022-04-06 04:48:15,304] {processor.py:654} INFO - DAG(s) dict_keys(['example_xcom_args', 'example_xcom_args_with_operators']) retrieved from /home/airflow/.local/lib/python3.8/site-packages/airflow/example_dags/example_xcomargs.py
[2022-04-06 04:48:15,495] {logging_mixin.py:109} INFO - [2022-04-06 04:48:15,495] {dag.py:2396} INFO - Sync 2 DAGs
[2022-04-06 04:48:15,508] {logging_mixin.py:109} INFO - [2022-04-06 04:48:15,508] {dag.py:2935} INFO - Setting next_dagrun for example_xcom_args to None
[2022-04-06 04:48:15,509] {logging_mixin.py:109} INFO - [2022-04-06 04:48:15,509] {dag.py:2935} INFO - Setting next_dagrun for example_xcom_args_with_operators to None
[2022-04-06 04:48:15,520] {processor.py:171} INFO - Processing /home/airflow/.local/lib/python3.8/site-packages/airflow/example_dags/example_xcomargs.py took 0.250 seconds
[2022-04-06 04:48:46,473] {processor.py:163} INFO - Started process (PID=982) to work on /home/airflow/.local/lib/python3.8/site-packages/airflow/example_dags/example_xcomargs.py
[2022-04-06 04:48:46,474] {processor.py:642} INFO - Processing file /home/airflow/.local/lib/python3.8/site-packages/airflow/example_dags/example_xcomargs.py for tasks to queue
[2022-04-06 04:48:46,474] {logging_mixin.py:109} INFO - [2022-04-06 04:48:46,474] {dagbag.py:500} INFO - Filling up the DagBag from /home/airflow/.local/lib/python3.8/site-packages/airflow/example_dags/example_xcomargs.py
[2022-04-06 04:48:46,506] {processor.py:654} INFO - DAG(s) dict_keys(['example_xcom_args', 'example_xcom_args_with_operators']) retrieved from /home/airflow/.local/lib/python3.8/site-packages/airflow/example_dags/example_xcomargs.py
[2022-04-06 04:48:46,790] {logging_mixin.py:109} INFO - [2022-04-06 04:48:46,790] {dag.py:2396} INFO - Sync 2 DAGs
[2022-04-06 04:48:46,803] {logging_mixin.py:109} INFO - [2022-04-06 04:48:46,803] {dag.py:2935} INFO - Setting next_dagrun for example_xcom_args to None
[2022-04-06 04:48:46,804] {logging_mixin.py:109} INFO - [2022-04-06 04:48:46,804] {dag.py:2935} INFO - Setting next_dagrun for example_xcom_args_with_operators to None
[2022-04-06 04:48:46,813] {processor.py:171} INFO - Processing /home/airflow/.local/lib/python3.8/site-packages/airflow/example_dags/example_xcomargs.py took 0.343 seconds
[2022-04-06 04:49:17,182] {processor.py:163} INFO - Started process (PID=1039) to work on /home/airflow/.local/lib/python3.8/site-packages/airflow/example_dags/example_xcomargs.py
[2022-04-06 04:49:17,183] {processor.py:642} INFO - Processing file /home/airflow/.local/lib/python3.8/site-packages/airflow/example_dags/example_xcomargs.py for tasks to queue
[2022-04-06 04:49:17,184] {logging_mixin.py:109} INFO - [2022-04-06 04:49:17,184] {dagbag.py:500} INFO - Filling up the DagBag from /home/airflow/.local/lib/python3.8/site-packages/airflow/example_dags/example_xcomargs.py
[2022-04-06 04:49:17,220] {processor.py:654} INFO - DAG(s) dict_keys(['example_xcom_args', 'example_xcom_args_with_operators']) retrieved from /home/airflow/.local/lib/python3.8/site-packages/airflow/example_dags/example_xcomargs.py
[2022-04-06 04:49:17,417] {logging_mixin.py:109} INFO - [2022-04-06 04:49:17,417] {dag.py:2396} INFO - Sync 2 DAGs
[2022-04-06 04:49:17,432] {logging_mixin.py:109} INFO - [2022-04-06 04:49:17,432] {dag.py:2935} INFO - Setting next_dagrun for example_xcom_args to None
[2022-04-06 04:49:17,433] {logging_mixin.py:109} INFO - [2022-04-06 04:49:17,433] {dag.py:2935} INFO - Setting next_dagrun for example_xcom_args_with_operators to None
[2022-04-06 04:49:17,443] {processor.py:171} INFO - Processing /home/airflow/.local/lib/python3.8/site-packages/airflow/example_dags/example_xcomargs.py took 0.266 seconds
[2022-04-06 04:49:48,360] {processor.py:163} INFO - Started process (PID=1096) to work on /home/airflow/.local/lib/python3.8/site-packages/airflow/example_dags/example_xcomargs.py
[2022-04-06 04:49:48,361] {processor.py:642} INFO - Processing file /home/airflow/.local/lib/python3.8/site-packages/airflow/example_dags/example_xcomargs.py for tasks to queue
[2022-04-06 04:49:48,361] {logging_mixin.py:109} INFO - [2022-04-06 04:49:48,361] {dagbag.py:500} INFO - Filling up the DagBag from /home/airflow/.local/lib/python3.8/site-packages/airflow/example_dags/example_xcomargs.py
[2022-04-06 04:49:48,390] {processor.py:654} INFO - DAG(s) dict_keys(['example_xcom_args', 'example_xcom_args_with_operators']) retrieved from /home/airflow/.local/lib/python3.8/site-packages/airflow/example_dags/example_xcomargs.py
[2022-04-06 04:49:48,675] {logging_mixin.py:109} INFO - [2022-04-06 04:49:48,675] {dag.py:2396} INFO - Sync 2 DAGs
[2022-04-06 04:49:48,694] {logging_mixin.py:109} INFO - [2022-04-06 04:49:48,694] {dag.py:2935} INFO - Setting next_dagrun for example_xcom_args to None
[2022-04-06 04:49:48,695] {logging_mixin.py:109} INFO - [2022-04-06 04:49:48,695] {dag.py:2935} INFO - Setting next_dagrun for example_xcom_args_with_operators to None
[2022-04-06 04:49:48,708] {processor.py:171} INFO - Processing /home/airflow/.local/lib/python3.8/site-packages/airflow/example_dags/example_xcomargs.py took 0.351 seconds
[2022-04-06 04:50:18,888] {processor.py:163} INFO - Started process (PID=1163) to work on /home/airflow/.local/lib/python3.8/site-packages/airflow/example_dags/example_xcomargs.py
[2022-04-06 04:50:18,889] {processor.py:642} INFO - Processing file /home/airflow/.local/lib/python3.8/site-packages/airflow/example_dags/example_xcomargs.py for tasks to queue
[2022-04-06 04:50:18,889] {logging_mixin.py:109} INFO - [2022-04-06 04:50:18,889] {dagbag.py:500} INFO - Filling up the DagBag from /home/airflow/.local/lib/python3.8/site-packages/airflow/example_dags/example_xcomargs.py
[2022-04-06 04:50:18,914] {processor.py:654} INFO - DAG(s) dict_keys(['example_xcom_args', 'example_xcom_args_with_operators']) retrieved from /home/airflow/.local/lib/python3.8/site-packages/airflow/example_dags/example_xcomargs.py
[2022-04-06 04:50:19,109] {logging_mixin.py:109} INFO - [2022-04-06 04:50:19,108] {dag.py:2396} INFO - Sync 2 DAGs
[2022-04-06 04:50:19,120] {logging_mixin.py:109} INFO - [2022-04-06 04:50:19,120] {dag.py:2935} INFO - Setting next_dagrun for example_xcom_args to None
[2022-04-06 04:50:19,121] {logging_mixin.py:109} INFO - [2022-04-06 04:50:19,121] {dag.py:2935} INFO - Setting next_dagrun for example_xcom_args_with_operators to None
[2022-04-06 04:50:19,129] {processor.py:171} INFO - Processing /home/airflow/.local/lib/python3.8/site-packages/airflow/example_dags/example_xcomargs.py took 0.244 seconds
[2022-04-06 04:50:49,165] {processor.py:163} INFO - Started process (PID=1221) to work on /home/airflow/.local/lib/python3.8/site-packages/airflow/example_dags/example_xcomargs.py
[2022-04-06 04:50:49,166] {processor.py:642} INFO - Processing file /home/airflow/.local/lib/python3.8/site-packages/airflow/example_dags/example_xcomargs.py for tasks to queue
[2022-04-06 04:50:49,166] {logging_mixin.py:109} INFO - [2022-04-06 04:50:49,166] {dagbag.py:500} INFO - Filling up the DagBag from /home/airflow/.local/lib/python3.8/site-packages/airflow/example_dags/example_xcomargs.py
[2022-04-06 04:50:49,203] {processor.py:654} INFO - DAG(s) dict_keys(['example_xcom_args', 'example_xcom_args_with_operators']) retrieved from /home/airflow/.local/lib/python3.8/site-packages/airflow/example_dags/example_xcomargs.py
[2022-04-06 04:50:49,378] {logging_mixin.py:109} INFO - [2022-04-06 04:50:49,378] {dag.py:2396} INFO - Sync 2 DAGs
[2022-04-06 04:50:49,388] {logging_mixin.py:109} INFO - [2022-04-06 04:50:49,388] {dag.py:2935} INFO - Setting next_dagrun for example_xcom_args to None
[2022-04-06 04:50:49,389] {logging_mixin.py:109} INFO - [2022-04-06 04:50:49,389] {dag.py:2935} INFO - Setting next_dagrun for example_xcom_args_with_operators to None
[2022-04-06 04:50:49,398] {processor.py:171} INFO - Processing /home/airflow/.local/lib/python3.8/site-packages/airflow/example_dags/example_xcomargs.py took 0.236 seconds
[2022-04-06 04:52:42,121] {processor.py:163} INFO - Started process (PID=52) to work on /home/airflow/.local/lib/python3.8/site-packages/airflow/example_dags/example_xcomargs.py
[2022-04-06 04:52:42,122] {processor.py:642} INFO - Processing file /home/airflow/.local/lib/python3.8/site-packages/airflow/example_dags/example_xcomargs.py for tasks to queue
[2022-04-06 04:52:42,123] {logging_mixin.py:109} INFO - [2022-04-06 04:52:42,123] {dagbag.py:500} INFO - Filling up the DagBag from /home/airflow/.local/lib/python3.8/site-packages/airflow/example_dags/example_xcomargs.py
[2022-04-06 04:52:42,152] {processor.py:654} INFO - DAG(s) dict_keys(['example_xcom_args', 'example_xcom_args_with_operators']) retrieved from /home/airflow/.local/lib/python3.8/site-packages/airflow/example_dags/example_xcomargs.py
[2022-04-06 04:52:42,430] {logging_mixin.py:109} INFO - [2022-04-06 04:52:42,430] {dag.py:2396} INFO - Sync 2 DAGs
[2022-04-06 04:52:42,449] {logging_mixin.py:109} INFO - [2022-04-06 04:52:42,449] {dag.py:2935} INFO - Setting next_dagrun for example_xcom_args to None
[2022-04-06 04:52:42,451] {logging_mixin.py:109} INFO - [2022-04-06 04:52:42,451] {dag.py:2935} INFO - Setting next_dagrun for example_xcom_args_with_operators to None
[2022-04-06 04:52:42,473] {processor.py:171} INFO - Processing /home/airflow/.local/lib/python3.8/site-packages/airflow/example_dags/example_xcomargs.py took 0.354 seconds
[2022-04-06 04:53:12,691] {processor.py:163} INFO - Started process (PID=103) to work on /home/airflow/.local/lib/python3.8/site-packages/airflow/example_dags/example_xcomargs.py
[2022-04-06 04:53:12,691] {processor.py:642} INFO - Processing file /home/airflow/.local/lib/python3.8/site-packages/airflow/example_dags/example_xcomargs.py for tasks to queue
[2022-04-06 04:53:12,692] {logging_mixin.py:109} INFO - [2022-04-06 04:53:12,692] {dagbag.py:500} INFO - Filling up the DagBag from /home/airflow/.local/lib/python3.8/site-packages/airflow/example_dags/example_xcomargs.py
[2022-04-06 04:53:12,718] {processor.py:654} INFO - DAG(s) dict_keys(['example_xcom_args', 'example_xcom_args_with_operators']) retrieved from /home/airflow/.local/lib/python3.8/site-packages/airflow/example_dags/example_xcomargs.py
[2022-04-06 04:53:12,879] {logging_mixin.py:109} INFO - [2022-04-06 04:53:12,879] {dag.py:2396} INFO - Sync 2 DAGs
[2022-04-06 04:53:12,895] {logging_mixin.py:109} INFO - [2022-04-06 04:53:12,894] {dag.py:2935} INFO - Setting next_dagrun for example_xcom_args to None
[2022-04-06 04:53:12,895] {logging_mixin.py:109} INFO - [2022-04-06 04:53:12,895] {dag.py:2935} INFO - Setting next_dagrun for example_xcom_args_with_operators to None
[2022-04-06 04:53:12,907] {processor.py:171} INFO - Processing /home/airflow/.local/lib/python3.8/site-packages/airflow/example_dags/example_xcomargs.py took 0.219 seconds
[2022-04-06 04:53:43,975] {processor.py:163} INFO - Started process (PID=176) to work on /home/airflow/.local/lib/python3.8/site-packages/airflow/example_dags/example_xcomargs.py
[2022-04-06 04:53:43,975] {processor.py:642} INFO - Processing file /home/airflow/.local/lib/python3.8/site-packages/airflow/example_dags/example_xcomargs.py for tasks to queue
[2022-04-06 04:53:43,976] {logging_mixin.py:109} INFO - [2022-04-06 04:53:43,976] {dagbag.py:500} INFO - Filling up the DagBag from /home/airflow/.local/lib/python3.8/site-packages/airflow/example_dags/example_xcomargs.py
[2022-04-06 04:53:44,002] {processor.py:654} INFO - DAG(s) dict_keys(['example_xcom_args', 'example_xcom_args_with_operators']) retrieved from /home/airflow/.local/lib/python3.8/site-packages/airflow/example_dags/example_xcomargs.py
[2022-04-06 04:53:44,203] {logging_mixin.py:109} INFO - [2022-04-06 04:53:44,202] {dag.py:2396} INFO - Sync 2 DAGs
[2022-04-06 04:53:44,214] {logging_mixin.py:109} INFO - [2022-04-06 04:53:44,214] {dag.py:2935} INFO - Setting next_dagrun for example_xcom_args to None
[2022-04-06 04:53:44,215] {logging_mixin.py:109} INFO - [2022-04-06 04:53:44,215] {dag.py:2935} INFO - Setting next_dagrun for example_xcom_args_with_operators to None
[2022-04-06 04:53:44,224] {processor.py:171} INFO - Processing /home/airflow/.local/lib/python3.8/site-packages/airflow/example_dags/example_xcomargs.py took 0.252 seconds
[2022-04-06 04:54:14,241] {processor.py:163} INFO - Started process (PID=225) to work on /home/airflow/.local/lib/python3.8/site-packages/airflow/example_dags/example_xcomargs.py
[2022-04-06 04:54:14,242] {processor.py:642} INFO - Processing file /home/airflow/.local/lib/python3.8/site-packages/airflow/example_dags/example_xcomargs.py for tasks to queue
[2022-04-06 04:54:14,242] {logging_mixin.py:109} INFO - [2022-04-06 04:54:14,242] {dagbag.py:500} INFO - Filling up the DagBag from /home/airflow/.local/lib/python3.8/site-packages/airflow/example_dags/example_xcomargs.py
[2022-04-06 04:54:14,269] {processor.py:654} INFO - DAG(s) dict_keys(['example_xcom_args', 'example_xcom_args_with_operators']) retrieved from /home/airflow/.local/lib/python3.8/site-packages/airflow/example_dags/example_xcomargs.py
[2022-04-06 04:54:14,512] {logging_mixin.py:109} INFO - [2022-04-06 04:54:14,512] {dag.py:2396} INFO - Sync 2 DAGs
[2022-04-06 04:54:14,526] {logging_mixin.py:109} INFO - [2022-04-06 04:54:14,526] {dag.py:2935} INFO - Setting next_dagrun for example_xcom_args to None
[2022-04-06 04:54:14,527] {logging_mixin.py:109} INFO - [2022-04-06 04:54:14,527] {dag.py:2935} INFO - Setting next_dagrun for example_xcom_args_with_operators to None
[2022-04-06 04:54:14,536] {processor.py:171} INFO - Processing /home/airflow/.local/lib/python3.8/site-packages/airflow/example_dags/example_xcomargs.py took 0.297 seconds
[2022-04-06 04:54:44,626] {processor.py:163} INFO - Started process (PID=283) to work on /home/airflow/.local/lib/python3.8/site-packages/airflow/example_dags/example_xcomargs.py
[2022-04-06 04:54:44,628] {processor.py:642} INFO - Processing file /home/airflow/.local/lib/python3.8/site-packages/airflow/example_dags/example_xcomargs.py for tasks to queue
[2022-04-06 04:54:44,628] {logging_mixin.py:109} INFO - [2022-04-06 04:54:44,628] {dagbag.py:500} INFO - Filling up the DagBag from /home/airflow/.local/lib/python3.8/site-packages/airflow/example_dags/example_xcomargs.py
[2022-04-06 04:54:44,660] {processor.py:654} INFO - DAG(s) dict_keys(['example_xcom_args', 'example_xcom_args_with_operators']) retrieved from /home/airflow/.local/lib/python3.8/site-packages/airflow/example_dags/example_xcomargs.py
[2022-04-06 04:54:44,825] {logging_mixin.py:109} INFO - [2022-04-06 04:54:44,825] {dag.py:2396} INFO - Sync 2 DAGs
[2022-04-06 04:54:44,837] {logging_mixin.py:109} INFO - [2022-04-06 04:54:44,837] {dag.py:2935} INFO - Setting next_dagrun for example_xcom_args to None
[2022-04-06 04:54:44,838] {logging_mixin.py:109} INFO - [2022-04-06 04:54:44,837] {dag.py:2935} INFO - Setting next_dagrun for example_xcom_args_with_operators to None
[2022-04-06 04:54:44,846] {processor.py:171} INFO - Processing /home/airflow/.local/lib/python3.8/site-packages/airflow/example_dags/example_xcomargs.py took 0.224 seconds
[2022-04-06 04:55:15,189] {processor.py:163} INFO - Started process (PID=348) to work on /home/airflow/.local/lib/python3.8/site-packages/airflow/example_dags/example_xcomargs.py
[2022-04-06 04:55:15,191] {processor.py:642} INFO - Processing file /home/airflow/.local/lib/python3.8/site-packages/airflow/example_dags/example_xcomargs.py for tasks to queue
[2022-04-06 04:55:15,193] {logging_mixin.py:109} INFO - [2022-04-06 04:55:15,192] {dagbag.py:500} INFO - Filling up the DagBag from /home/airflow/.local/lib/python3.8/site-packages/airflow/example_dags/example_xcomargs.py
[2022-04-06 04:55:15,231] {processor.py:654} INFO - DAG(s) dict_keys(['example_xcom_args', 'example_xcom_args_with_operators']) retrieved from /home/airflow/.local/lib/python3.8/site-packages/airflow/example_dags/example_xcomargs.py
[2022-04-06 04:55:15,398] {logging_mixin.py:109} INFO - [2022-04-06 04:55:15,398] {dag.py:2396} INFO - Sync 2 DAGs
[2022-04-06 04:55:15,409] {logging_mixin.py:109} INFO - [2022-04-06 04:55:15,409] {dag.py:2935} INFO - Setting next_dagrun for example_xcom_args to None
[2022-04-06 04:55:15,410] {logging_mixin.py:109} INFO - [2022-04-06 04:55:15,410] {dag.py:2935} INFO - Setting next_dagrun for example_xcom_args_with_operators to None
[2022-04-06 04:55:15,420] {processor.py:171} INFO - Processing /home/airflow/.local/lib/python3.8/site-packages/airflow/example_dags/example_xcomargs.py took 0.240 seconds
[2022-04-06 04:55:45,551] {processor.py:163} INFO - Started process (PID=406) to work on /home/airflow/.local/lib/python3.8/site-packages/airflow/example_dags/example_xcomargs.py
[2022-04-06 04:55:45,552] {processor.py:642} INFO - Processing file /home/airflow/.local/lib/python3.8/site-packages/airflow/example_dags/example_xcomargs.py for tasks to queue
[2022-04-06 04:55:45,552] {logging_mixin.py:109} INFO - [2022-04-06 04:55:45,552] {dagbag.py:500} INFO - Filling up the DagBag from /home/airflow/.local/lib/python3.8/site-packages/airflow/example_dags/example_xcomargs.py
[2022-04-06 04:55:45,576] {processor.py:654} INFO - DAG(s) dict_keys(['example_xcom_args', 'example_xcom_args_with_operators']) retrieved from /home/airflow/.local/lib/python3.8/site-packages/airflow/example_dags/example_xcomargs.py
[2022-04-06 04:55:45,749] {logging_mixin.py:109} INFO - [2022-04-06 04:55:45,749] {dag.py:2396} INFO - Sync 2 DAGs
[2022-04-06 04:55:45,761] {logging_mixin.py:109} INFO - [2022-04-06 04:55:45,761] {dag.py:2935} INFO - Setting next_dagrun for example_xcom_args to None
[2022-04-06 04:55:45,762] {logging_mixin.py:109} INFO - [2022-04-06 04:55:45,762] {dag.py:2935} INFO - Setting next_dagrun for example_xcom_args_with_operators to None
[2022-04-06 04:55:45,770] {processor.py:171} INFO - Processing /home/airflow/.local/lib/python3.8/site-packages/airflow/example_dags/example_xcomargs.py took 0.220 seconds
[2022-04-06 04:56:15,896] {processor.py:163} INFO - Started process (PID=471) to work on /home/airflow/.local/lib/python3.8/site-packages/airflow/example_dags/example_xcomargs.py
[2022-04-06 04:56:15,897] {processor.py:642} INFO - Processing file /home/airflow/.local/lib/python3.8/site-packages/airflow/example_dags/example_xcomargs.py for tasks to queue
[2022-04-06 04:56:15,897] {logging_mixin.py:109} INFO - [2022-04-06 04:56:15,897] {dagbag.py:500} INFO - Filling up the DagBag from /home/airflow/.local/lib/python3.8/site-packages/airflow/example_dags/example_xcomargs.py
[2022-04-06 04:56:15,921] {processor.py:654} INFO - DAG(s) dict_keys(['example_xcom_args', 'example_xcom_args_with_operators']) retrieved from /home/airflow/.local/lib/python3.8/site-packages/airflow/example_dags/example_xcomargs.py
[2022-04-06 04:56:16,087] {logging_mixin.py:109} INFO - [2022-04-06 04:56:16,086] {dag.py:2396} INFO - Sync 2 DAGs
[2022-04-06 04:56:16,103] {logging_mixin.py:109} INFO - [2022-04-06 04:56:16,103] {dag.py:2935} INFO - Setting next_dagrun for example_xcom_args to None
[2022-04-06 04:56:16,103] {logging_mixin.py:109} INFO - [2022-04-06 04:56:16,103] {dag.py:2935} INFO - Setting next_dagrun for example_xcom_args_with_operators to None
[2022-04-06 04:56:16,113] {processor.py:171} INFO - Processing /home/airflow/.local/lib/python3.8/site-packages/airflow/example_dags/example_xcomargs.py took 0.218 seconds
[2022-04-06 04:56:46,214] {processor.py:163} INFO - Started process (PID=528) to work on /home/airflow/.local/lib/python3.8/site-packages/airflow/example_dags/example_xcomargs.py
[2022-04-06 04:56:46,217] {processor.py:642} INFO - Processing file /home/airflow/.local/lib/python3.8/site-packages/airflow/example_dags/example_xcomargs.py for tasks to queue
[2022-04-06 04:56:46,219] {logging_mixin.py:109} INFO - [2022-04-06 04:56:46,219] {dagbag.py:500} INFO - Filling up the DagBag from /home/airflow/.local/lib/python3.8/site-packages/airflow/example_dags/example_xcomargs.py
[2022-04-06 04:56:46,259] {processor.py:654} INFO - DAG(s) dict_keys(['example_xcom_args', 'example_xcom_args_with_operators']) retrieved from /home/airflow/.local/lib/python3.8/site-packages/airflow/example_dags/example_xcomargs.py
[2022-04-06 04:56:46,425] {logging_mixin.py:109} INFO - [2022-04-06 04:56:46,425] {dag.py:2396} INFO - Sync 2 DAGs
[2022-04-06 04:56:46,437] {logging_mixin.py:109} INFO - [2022-04-06 04:56:46,437] {dag.py:2935} INFO - Setting next_dagrun for example_xcom_args to None
[2022-04-06 04:56:46,437] {logging_mixin.py:109} INFO - [2022-04-06 04:56:46,437] {dag.py:2935} INFO - Setting next_dagrun for example_xcom_args_with_operators to None
[2022-04-06 04:56:46,446] {processor.py:171} INFO - Processing /home/airflow/.local/lib/python3.8/site-packages/airflow/example_dags/example_xcomargs.py took 0.239 seconds
[2022-04-06 04:57:17,305] {processor.py:163} INFO - Started process (PID=585) to work on /home/airflow/.local/lib/python3.8/site-packages/airflow/example_dags/example_xcomargs.py
[2022-04-06 04:57:17,306] {processor.py:642} INFO - Processing file /home/airflow/.local/lib/python3.8/site-packages/airflow/example_dags/example_xcomargs.py for tasks to queue
[2022-04-06 04:57:17,307] {logging_mixin.py:109} INFO - [2022-04-06 04:57:17,307] {dagbag.py:500} INFO - Filling up the DagBag from /home/airflow/.local/lib/python3.8/site-packages/airflow/example_dags/example_xcomargs.py
[2022-04-06 04:57:17,336] {processor.py:654} INFO - DAG(s) dict_keys(['example_xcom_args', 'example_xcom_args_with_operators']) retrieved from /home/airflow/.local/lib/python3.8/site-packages/airflow/example_dags/example_xcomargs.py
[2022-04-06 04:57:17,507] {logging_mixin.py:109} INFO - [2022-04-06 04:57:17,507] {dag.py:2396} INFO - Sync 2 DAGs
[2022-04-06 04:57:17,518] {logging_mixin.py:109} INFO - [2022-04-06 04:57:17,518] {dag.py:2935} INFO - Setting next_dagrun for example_xcom_args to None
[2022-04-06 04:57:17,518] {logging_mixin.py:109} INFO - [2022-04-06 04:57:17,518] {dag.py:2935} INFO - Setting next_dagrun for example_xcom_args_with_operators to None
[2022-04-06 04:57:17,526] {processor.py:171} INFO - Processing /home/airflow/.local/lib/python3.8/site-packages/airflow/example_dags/example_xcomargs.py took 0.224 seconds
[2022-04-06 05:02:30,882] {processor.py:163} INFO - Started process (PID=52) to work on /home/airflow/.local/lib/python3.8/site-packages/airflow/example_dags/example_xcomargs.py
[2022-04-06 05:02:30,883] {processor.py:642} INFO - Processing file /home/airflow/.local/lib/python3.8/site-packages/airflow/example_dags/example_xcomargs.py for tasks to queue
[2022-04-06 05:02:30,884] {logging_mixin.py:109} INFO - [2022-04-06 05:02:30,884] {dagbag.py:500} INFO - Filling up the DagBag from /home/airflow/.local/lib/python3.8/site-packages/airflow/example_dags/example_xcomargs.py
[2022-04-06 05:02:30,908] {processor.py:654} INFO - DAG(s) dict_keys(['example_xcom_args', 'example_xcom_args_with_operators']) retrieved from /home/airflow/.local/lib/python3.8/site-packages/airflow/example_dags/example_xcomargs.py
[2022-04-06 05:02:31,077] {logging_mixin.py:109} INFO - [2022-04-06 05:02:31,077] {dag.py:2396} INFO - Sync 2 DAGs
[2022-04-06 05:02:31,087] {logging_mixin.py:109} INFO - [2022-04-06 05:02:31,087] {dag.py:2935} INFO - Setting next_dagrun for example_xcom_args to None
[2022-04-06 05:02:31,088] {logging_mixin.py:109} INFO - [2022-04-06 05:02:31,088] {dag.py:2935} INFO - Setting next_dagrun for example_xcom_args_with_operators to None
[2022-04-06 05:02:31,095] {processor.py:171} INFO - Processing /home/airflow/.local/lib/python3.8/site-packages/airflow/example_dags/example_xcomargs.py took 0.215 seconds
[2022-04-06 05:03:02,100] {processor.py:163} INFO - Started process (PID=109) to work on /home/airflow/.local/lib/python3.8/site-packages/airflow/example_dags/example_xcomargs.py
[2022-04-06 05:03:02,101] {processor.py:642} INFO - Processing file /home/airflow/.local/lib/python3.8/site-packages/airflow/example_dags/example_xcomargs.py for tasks to queue
[2022-04-06 05:03:02,102] {logging_mixin.py:109} INFO - [2022-04-06 05:03:02,102] {dagbag.py:500} INFO - Filling up the DagBag from /home/airflow/.local/lib/python3.8/site-packages/airflow/example_dags/example_xcomargs.py
[2022-04-06 05:03:02,125] {processor.py:654} INFO - DAG(s) dict_keys(['example_xcom_args', 'example_xcom_args_with_operators']) retrieved from /home/airflow/.local/lib/python3.8/site-packages/airflow/example_dags/example_xcomargs.py
[2022-04-06 05:03:02,325] {logging_mixin.py:109} INFO - [2022-04-06 05:03:02,325] {dag.py:2396} INFO - Sync 2 DAGs
[2022-04-06 05:03:02,338] {logging_mixin.py:109} INFO - [2022-04-06 05:03:02,338] {dag.py:2935} INFO - Setting next_dagrun for example_xcom_args to None
[2022-04-06 05:03:02,338] {logging_mixin.py:109} INFO - [2022-04-06 05:03:02,338] {dag.py:2935} INFO - Setting next_dagrun for example_xcom_args_with_operators to None
[2022-04-06 05:03:02,350] {processor.py:171} INFO - Processing /home/airflow/.local/lib/python3.8/site-packages/airflow/example_dags/example_xcomargs.py took 0.254 seconds
[2022-04-06 05:03:33,309] {processor.py:163} INFO - Started process (PID=175) to work on /home/airflow/.local/lib/python3.8/site-packages/airflow/example_dags/example_xcomargs.py
[2022-04-06 05:03:33,311] {processor.py:642} INFO - Processing file /home/airflow/.local/lib/python3.8/site-packages/airflow/example_dags/example_xcomargs.py for tasks to queue
[2022-04-06 05:03:33,311] {logging_mixin.py:109} INFO - [2022-04-06 05:03:33,311] {dagbag.py:500} INFO - Filling up the DagBag from /home/airflow/.local/lib/python3.8/site-packages/airflow/example_dags/example_xcomargs.py
[2022-04-06 05:03:33,335] {processor.py:654} INFO - DAG(s) dict_keys(['example_xcom_args', 'example_xcom_args_with_operators']) retrieved from /home/airflow/.local/lib/python3.8/site-packages/airflow/example_dags/example_xcomargs.py
[2022-04-06 05:03:33,522] {logging_mixin.py:109} INFO - [2022-04-06 05:03:33,522] {dag.py:2396} INFO - Sync 2 DAGs
[2022-04-06 05:03:33,536] {logging_mixin.py:109} INFO - [2022-04-06 05:03:33,536] {dag.py:2935} INFO - Setting next_dagrun for example_xcom_args to None
[2022-04-06 05:03:33,536] {logging_mixin.py:109} INFO - [2022-04-06 05:03:33,536] {dag.py:2935} INFO - Setting next_dagrun for example_xcom_args_with_operators to None
[2022-04-06 05:03:33,547] {processor.py:171} INFO - Processing /home/airflow/.local/lib/python3.8/site-packages/airflow/example_dags/example_xcomargs.py took 0.241 seconds
