[2022-04-06 04:43:21,652] {processor.py:163} INFO - Started process (PID=279) to work on /home/airflow/.local/lib/python3.8/site-packages/airflow/example_dags/example_xcom.py
[2022-04-06 04:43:21,653] {processor.py:642} INFO - Processing file /home/airflow/.local/lib/python3.8/site-packages/airflow/example_dags/example_xcom.py for tasks to queue
[2022-04-06 04:43:21,653] {logging_mixin.py:109} INFO - [2022-04-06 04:43:21,653] {dagbag.py:500} INFO - Filling up the DagBag from /home/airflow/.local/lib/python3.8/site-packages/airflow/example_dags/example_xcom.py
[2022-04-06 04:43:21,679] {processor.py:654} INFO - DAG(s) dict_keys(['example_xcom']) retrieved from /home/airflow/.local/lib/python3.8/site-packages/airflow/example_dags/example_xcom.py
[2022-04-06 04:43:23,815] {logging_mixin.py:109} INFO - [2022-04-06 04:43:23,815] {manager.py:496} INFO - Created Permission View: can read on DAG:example_xcom
[2022-04-06 04:43:23,826] {logging_mixin.py:109} INFO - [2022-04-06 04:43:23,826] {manager.py:496} INFO - Created Permission View: can edit on DAG:example_xcom
[2022-04-06 04:43:23,827] {logging_mixin.py:109} INFO - [2022-04-06 04:43:23,827] {dag.py:2396} INFO - Sync 1 DAGs
[2022-04-06 04:43:23,836] {logging_mixin.py:109} INFO - [2022-04-06 04:43:23,836] {dag.py:2415} INFO - Creating ORM DAG for example_xcom
[2022-04-06 04:43:23,845] {logging_mixin.py:109} INFO - [2022-04-06 04:43:23,845] {dag.py:2935} INFO - Setting next_dagrun for example_xcom to 2021-01-01T00:00:00+00:00
[2022-04-06 04:43:23,858] {processor.py:171} INFO - Processing /home/airflow/.local/lib/python3.8/site-packages/airflow/example_dags/example_xcom.py took 2.208 seconds
[2022-04-06 04:43:54,350] {processor.py:163} INFO - Started process (PID=393) to work on /home/airflow/.local/lib/python3.8/site-packages/airflow/example_dags/example_xcom.py
[2022-04-06 04:43:54,350] {processor.py:642} INFO - Processing file /home/airflow/.local/lib/python3.8/site-packages/airflow/example_dags/example_xcom.py for tasks to queue
[2022-04-06 04:43:54,351] {logging_mixin.py:109} INFO - [2022-04-06 04:43:54,351] {dagbag.py:500} INFO - Filling up the DagBag from /home/airflow/.local/lib/python3.8/site-packages/airflow/example_dags/example_xcom.py
[2022-04-06 04:43:54,374] {processor.py:654} INFO - DAG(s) dict_keys(['example_xcom']) retrieved from /home/airflow/.local/lib/python3.8/site-packages/airflow/example_dags/example_xcom.py
[2022-04-06 04:43:54,543] {logging_mixin.py:109} INFO - [2022-04-06 04:43:54,543] {dag.py:2396} INFO - Sync 1 DAGs
[2022-04-06 04:43:54,554] {logging_mixin.py:109} INFO - [2022-04-06 04:43:54,554] {dag.py:2935} INFO - Setting next_dagrun for example_xcom to 2021-01-01T00:00:00+00:00
[2022-04-06 04:43:54,562] {processor.py:171} INFO - Processing /home/airflow/.local/lib/python3.8/site-packages/airflow/example_dags/example_xcom.py took 0.215 seconds
[2022-04-06 04:44:25,450] {processor.py:163} INFO - Started process (PID=451) to work on /home/airflow/.local/lib/python3.8/site-packages/airflow/example_dags/example_xcom.py
[2022-04-06 04:44:25,453] {processor.py:642} INFO - Processing file /home/airflow/.local/lib/python3.8/site-packages/airflow/example_dags/example_xcom.py for tasks to queue
[2022-04-06 04:44:25,455] {logging_mixin.py:109} INFO - [2022-04-06 04:44:25,455] {dagbag.py:500} INFO - Filling up the DagBag from /home/airflow/.local/lib/python3.8/site-packages/airflow/example_dags/example_xcom.py
[2022-04-06 04:44:25,493] {processor.py:654} INFO - DAG(s) dict_keys(['example_xcom']) retrieved from /home/airflow/.local/lib/python3.8/site-packages/airflow/example_dags/example_xcom.py
[2022-04-06 04:44:25,651] {logging_mixin.py:109} INFO - [2022-04-06 04:44:25,651] {dag.py:2396} INFO - Sync 1 DAGs
[2022-04-06 04:44:25,664] {logging_mixin.py:109} INFO - [2022-04-06 04:44:25,664] {dag.py:2935} INFO - Setting next_dagrun for example_xcom to 2021-01-01T00:00:00+00:00
[2022-04-06 04:44:25,672] {processor.py:171} INFO - Processing /home/airflow/.local/lib/python3.8/site-packages/airflow/example_dags/example_xcom.py took 0.233 seconds
[2022-04-06 04:44:55,690] {processor.py:163} INFO - Started process (PID=509) to work on /home/airflow/.local/lib/python3.8/site-packages/airflow/example_dags/example_xcom.py
[2022-04-06 04:44:55,691] {processor.py:642} INFO - Processing file /home/airflow/.local/lib/python3.8/site-packages/airflow/example_dags/example_xcom.py for tasks to queue
[2022-04-06 04:44:55,692] {logging_mixin.py:109} INFO - [2022-04-06 04:44:55,692] {dagbag.py:500} INFO - Filling up the DagBag from /home/airflow/.local/lib/python3.8/site-packages/airflow/example_dags/example_xcom.py
[2022-04-06 04:44:55,716] {processor.py:654} INFO - DAG(s) dict_keys(['example_xcom']) retrieved from /home/airflow/.local/lib/python3.8/site-packages/airflow/example_dags/example_xcom.py
[2022-04-06 04:44:55,897] {logging_mixin.py:109} INFO - [2022-04-06 04:44:55,897] {dag.py:2396} INFO - Sync 1 DAGs
[2022-04-06 04:44:55,908] {logging_mixin.py:109} INFO - [2022-04-06 04:44:55,908] {dag.py:2935} INFO - Setting next_dagrun for example_xcom to 2021-01-01T00:00:00+00:00
[2022-04-06 04:44:55,916] {processor.py:171} INFO - Processing /home/airflow/.local/lib/python3.8/site-packages/airflow/example_dags/example_xcom.py took 0.228 seconds
[2022-04-06 04:45:25,978] {processor.py:163} INFO - Started process (PID=574) to work on /home/airflow/.local/lib/python3.8/site-packages/airflow/example_dags/example_xcom.py
[2022-04-06 04:45:25,980] {processor.py:642} INFO - Processing file /home/airflow/.local/lib/python3.8/site-packages/airflow/example_dags/example_xcom.py for tasks to queue
[2022-04-06 04:45:25,981] {logging_mixin.py:109} INFO - [2022-04-06 04:45:25,981] {dagbag.py:500} INFO - Filling up the DagBag from /home/airflow/.local/lib/python3.8/site-packages/airflow/example_dags/example_xcom.py
[2022-04-06 04:45:26,013] {processor.py:654} INFO - DAG(s) dict_keys(['example_xcom']) retrieved from /home/airflow/.local/lib/python3.8/site-packages/airflow/example_dags/example_xcom.py
[2022-04-06 04:45:26,186] {logging_mixin.py:109} INFO - [2022-04-06 04:45:26,186] {dag.py:2396} INFO - Sync 1 DAGs
[2022-04-06 04:45:26,199] {logging_mixin.py:109} INFO - [2022-04-06 04:45:26,199] {dag.py:2935} INFO - Setting next_dagrun for example_xcom to 2021-01-01T00:00:00+00:00
[2022-04-06 04:45:26,208] {processor.py:171} INFO - Processing /home/airflow/.local/lib/python3.8/site-packages/airflow/example_dags/example_xcom.py took 0.237 seconds
[2022-04-06 04:45:57,102] {processor.py:163} INFO - Started process (PID=631) to work on /home/airflow/.local/lib/python3.8/site-packages/airflow/example_dags/example_xcom.py
[2022-04-06 04:45:57,103] {processor.py:642} INFO - Processing file /home/airflow/.local/lib/python3.8/site-packages/airflow/example_dags/example_xcom.py for tasks to queue
[2022-04-06 04:45:57,104] {logging_mixin.py:109} INFO - [2022-04-06 04:45:57,104] {dagbag.py:500} INFO - Filling up the DagBag from /home/airflow/.local/lib/python3.8/site-packages/airflow/example_dags/example_xcom.py
[2022-04-06 04:45:57,130] {processor.py:654} INFO - DAG(s) dict_keys(['example_xcom']) retrieved from /home/airflow/.local/lib/python3.8/site-packages/airflow/example_dags/example_xcom.py
[2022-04-06 04:45:57,296] {logging_mixin.py:109} INFO - [2022-04-06 04:45:57,296] {dag.py:2396} INFO - Sync 1 DAGs
[2022-04-06 04:45:57,308] {logging_mixin.py:109} INFO - [2022-04-06 04:45:57,308] {dag.py:2935} INFO - Setting next_dagrun for example_xcom to 2021-01-01T00:00:00+00:00
[2022-04-06 04:45:57,315] {processor.py:171} INFO - Processing /home/airflow/.local/lib/python3.8/site-packages/airflow/example_dags/example_xcom.py took 0.216 seconds
[2022-04-06 04:46:27,706] {processor.py:163} INFO - Started process (PID=697) to work on /home/airflow/.local/lib/python3.8/site-packages/airflow/example_dags/example_xcom.py
[2022-04-06 04:46:27,707] {processor.py:642} INFO - Processing file /home/airflow/.local/lib/python3.8/site-packages/airflow/example_dags/example_xcom.py for tasks to queue
[2022-04-06 04:46:27,707] {logging_mixin.py:109} INFO - [2022-04-06 04:46:27,707] {dagbag.py:500} INFO - Filling up the DagBag from /home/airflow/.local/lib/python3.8/site-packages/airflow/example_dags/example_xcom.py
[2022-04-06 04:46:27,731] {processor.py:654} INFO - DAG(s) dict_keys(['example_xcom']) retrieved from /home/airflow/.local/lib/python3.8/site-packages/airflow/example_dags/example_xcom.py
[2022-04-06 04:46:27,919] {logging_mixin.py:109} INFO - [2022-04-06 04:46:27,919] {dag.py:2396} INFO - Sync 1 DAGs
[2022-04-06 04:46:27,930] {logging_mixin.py:109} INFO - [2022-04-06 04:46:27,930] {dag.py:2935} INFO - Setting next_dagrun for example_xcom to 2021-01-01T00:00:00+00:00
[2022-04-06 04:46:27,938] {processor.py:171} INFO - Processing /home/airflow/.local/lib/python3.8/site-packages/airflow/example_dags/example_xcom.py took 0.233 seconds
[2022-04-06 04:46:57,975] {processor.py:163} INFO - Started process (PID=754) to work on /home/airflow/.local/lib/python3.8/site-packages/airflow/example_dags/example_xcom.py
[2022-04-06 04:46:57,978] {processor.py:642} INFO - Processing file /home/airflow/.local/lib/python3.8/site-packages/airflow/example_dags/example_xcom.py for tasks to queue
[2022-04-06 04:46:57,979] {logging_mixin.py:109} INFO - [2022-04-06 04:46:57,979] {dagbag.py:500} INFO - Filling up the DagBag from /home/airflow/.local/lib/python3.8/site-packages/airflow/example_dags/example_xcom.py
[2022-04-06 04:46:58,020] {processor.py:654} INFO - DAG(s) dict_keys(['example_xcom']) retrieved from /home/airflow/.local/lib/python3.8/site-packages/airflow/example_dags/example_xcom.py
[2022-04-06 04:46:58,189] {logging_mixin.py:109} INFO - [2022-04-06 04:46:58,189] {dag.py:2396} INFO - Sync 1 DAGs
[2022-04-06 04:46:58,203] {logging_mixin.py:109} INFO - [2022-04-06 04:46:58,203] {dag.py:2935} INFO - Setting next_dagrun for example_xcom to 2021-01-01T00:00:00+00:00
[2022-04-06 04:46:58,212] {processor.py:171} INFO - Processing /home/airflow/.local/lib/python3.8/site-packages/airflow/example_dags/example_xcom.py took 0.244 seconds
[2022-04-06 04:47:28,265] {processor.py:163} INFO - Started process (PID=814) to work on /home/airflow/.local/lib/python3.8/site-packages/airflow/example_dags/example_xcom.py
[2022-04-06 04:47:28,265] {processor.py:642} INFO - Processing file /home/airflow/.local/lib/python3.8/site-packages/airflow/example_dags/example_xcom.py for tasks to queue
[2022-04-06 04:47:28,266] {logging_mixin.py:109} INFO - [2022-04-06 04:47:28,266] {dagbag.py:500} INFO - Filling up the DagBag from /home/airflow/.local/lib/python3.8/site-packages/airflow/example_dags/example_xcom.py
[2022-04-06 04:47:28,289] {processor.py:654} INFO - DAG(s) dict_keys(['example_xcom']) retrieved from /home/airflow/.local/lib/python3.8/site-packages/airflow/example_dags/example_xcom.py
[2022-04-06 04:47:28,448] {logging_mixin.py:109} INFO - [2022-04-06 04:47:28,448] {dag.py:2396} INFO - Sync 1 DAGs
[2022-04-06 04:47:28,458] {logging_mixin.py:109} INFO - [2022-04-06 04:47:28,458] {dag.py:2935} INFO - Setting next_dagrun for example_xcom to 2021-01-01T00:00:00+00:00
[2022-04-06 04:47:28,466] {processor.py:171} INFO - Processing /home/airflow/.local/lib/python3.8/site-packages/airflow/example_dags/example_xcom.py took 0.203 seconds
[2022-04-06 04:47:58,555] {processor.py:163} INFO - Started process (PID=882) to work on /home/airflow/.local/lib/python3.8/site-packages/airflow/example_dags/example_xcom.py
[2022-04-06 04:47:58,556] {processor.py:642} INFO - Processing file /home/airflow/.local/lib/python3.8/site-packages/airflow/example_dags/example_xcom.py for tasks to queue
[2022-04-06 04:47:58,557] {logging_mixin.py:109} INFO - [2022-04-06 04:47:58,556] {dagbag.py:500} INFO - Filling up the DagBag from /home/airflow/.local/lib/python3.8/site-packages/airflow/example_dags/example_xcom.py
[2022-04-06 04:47:58,581] {processor.py:654} INFO - DAG(s) dict_keys(['example_xcom']) retrieved from /home/airflow/.local/lib/python3.8/site-packages/airflow/example_dags/example_xcom.py
[2022-04-06 04:47:58,739] {logging_mixin.py:109} INFO - [2022-04-06 04:47:58,739] {dag.py:2396} INFO - Sync 1 DAGs
[2022-04-06 04:47:58,749] {logging_mixin.py:109} INFO - [2022-04-06 04:47:58,749] {dag.py:2935} INFO - Setting next_dagrun for example_xcom to 2021-01-01T00:00:00+00:00
[2022-04-06 04:47:58,756] {processor.py:171} INFO - Processing /home/airflow/.local/lib/python3.8/site-packages/airflow/example_dags/example_xcom.py took 0.203 seconds
[2022-04-06 04:48:29,043] {processor.py:163} INFO - Started process (PID=939) to work on /home/airflow/.local/lib/python3.8/site-packages/airflow/example_dags/example_xcom.py
[2022-04-06 04:48:29,045] {processor.py:642} INFO - Processing file /home/airflow/.local/lib/python3.8/site-packages/airflow/example_dags/example_xcom.py for tasks to queue
[2022-04-06 04:48:29,047] {logging_mixin.py:109} INFO - [2022-04-06 04:48:29,047] {dagbag.py:500} INFO - Filling up the DagBag from /home/airflow/.local/lib/python3.8/site-packages/airflow/example_dags/example_xcom.py
[2022-04-06 04:48:29,092] {processor.py:654} INFO - DAG(s) dict_keys(['example_xcom']) retrieved from /home/airflow/.local/lib/python3.8/site-packages/airflow/example_dags/example_xcom.py
[2022-04-06 04:48:29,262] {logging_mixin.py:109} INFO - [2022-04-06 04:48:29,262] {dag.py:2396} INFO - Sync 1 DAGs
[2022-04-06 04:48:29,272] {logging_mixin.py:109} INFO - [2022-04-06 04:48:29,272] {dag.py:2935} INFO - Setting next_dagrun for example_xcom to 2021-01-01T00:00:00+00:00
[2022-04-06 04:48:29,280] {processor.py:171} INFO - Processing /home/airflow/.local/lib/python3.8/site-packages/airflow/example_dags/example_xcom.py took 0.245 seconds
[2022-04-06 04:48:59,494] {processor.py:163} INFO - Started process (PID=1014) to work on /home/airflow/.local/lib/python3.8/site-packages/airflow/example_dags/example_xcom.py
[2022-04-06 04:48:59,495] {processor.py:642} INFO - Processing file /home/airflow/.local/lib/python3.8/site-packages/airflow/example_dags/example_xcom.py for tasks to queue
[2022-04-06 04:48:59,495] {logging_mixin.py:109} INFO - [2022-04-06 04:48:59,495] {dagbag.py:500} INFO - Filling up the DagBag from /home/airflow/.local/lib/python3.8/site-packages/airflow/example_dags/example_xcom.py
[2022-04-06 04:48:59,519] {processor.py:654} INFO - DAG(s) dict_keys(['example_xcom']) retrieved from /home/airflow/.local/lib/python3.8/site-packages/airflow/example_dags/example_xcom.py
[2022-04-06 04:48:59,721] {logging_mixin.py:109} INFO - [2022-04-06 04:48:59,720] {dag.py:2396} INFO - Sync 1 DAGs
[2022-04-06 04:48:59,731] {logging_mixin.py:109} INFO - [2022-04-06 04:48:59,731] {dag.py:2935} INFO - Setting next_dagrun for example_xcom to 2021-01-01T00:00:00+00:00
[2022-04-06 04:48:59,739] {processor.py:171} INFO - Processing /home/airflow/.local/lib/python3.8/site-packages/airflow/example_dags/example_xcom.py took 0.247 seconds
[2022-04-06 04:49:29,789] {processor.py:163} INFO - Started process (PID=1073) to work on /home/airflow/.local/lib/python3.8/site-packages/airflow/example_dags/example_xcom.py
[2022-04-06 04:49:29,791] {processor.py:642} INFO - Processing file /home/airflow/.local/lib/python3.8/site-packages/airflow/example_dags/example_xcom.py for tasks to queue
[2022-04-06 04:49:29,791] {logging_mixin.py:109} INFO - [2022-04-06 04:49:29,791] {dagbag.py:500} INFO - Filling up the DagBag from /home/airflow/.local/lib/python3.8/site-packages/airflow/example_dags/example_xcom.py
[2022-04-06 04:49:29,828] {processor.py:654} INFO - DAG(s) dict_keys(['example_xcom']) retrieved from /home/airflow/.local/lib/python3.8/site-packages/airflow/example_dags/example_xcom.py
[2022-04-06 04:49:30,047] {logging_mixin.py:109} INFO - [2022-04-06 04:49:30,046] {dag.py:2396} INFO - Sync 1 DAGs
[2022-04-06 04:49:30,061] {logging_mixin.py:109} INFO - [2022-04-06 04:49:30,061] {dag.py:2935} INFO - Setting next_dagrun for example_xcom to 2021-01-01T00:00:00+00:00
[2022-04-06 04:49:30,074] {processor.py:171} INFO - Processing /home/airflow/.local/lib/python3.8/site-packages/airflow/example_dags/example_xcom.py took 0.288 seconds
[2022-04-06 04:50:00,173] {processor.py:163} INFO - Started process (PID=1128) to work on /home/airflow/.local/lib/python3.8/site-packages/airflow/example_dags/example_xcom.py
[2022-04-06 04:50:00,174] {processor.py:642} INFO - Processing file /home/airflow/.local/lib/python3.8/site-packages/airflow/example_dags/example_xcom.py for tasks to queue
[2022-04-06 04:50:00,175] {logging_mixin.py:109} INFO - [2022-04-06 04:50:00,175] {dagbag.py:500} INFO - Filling up the DagBag from /home/airflow/.local/lib/python3.8/site-packages/airflow/example_dags/example_xcom.py
[2022-04-06 04:50:00,206] {processor.py:654} INFO - DAG(s) dict_keys(['example_xcom']) retrieved from /home/airflow/.local/lib/python3.8/site-packages/airflow/example_dags/example_xcom.py
[2022-04-06 04:50:00,472] {logging_mixin.py:109} INFO - [2022-04-06 04:50:00,472] {dag.py:2396} INFO - Sync 1 DAGs
[2022-04-06 04:50:00,486] {logging_mixin.py:109} INFO - [2022-04-06 04:50:00,486] {dag.py:2935} INFO - Setting next_dagrun for example_xcom to 2021-01-01T00:00:00+00:00
[2022-04-06 04:50:00,497] {processor.py:171} INFO - Processing /home/airflow/.local/lib/python3.8/site-packages/airflow/example_dags/example_xcom.py took 0.327 seconds
[2022-04-06 04:50:30,570] {processor.py:163} INFO - Started process (PID=1198) to work on /home/airflow/.local/lib/python3.8/site-packages/airflow/example_dags/example_xcom.py
[2022-04-06 04:50:30,571] {processor.py:642} INFO - Processing file /home/airflow/.local/lib/python3.8/site-packages/airflow/example_dags/example_xcom.py for tasks to queue
[2022-04-06 04:50:30,571] {logging_mixin.py:109} INFO - [2022-04-06 04:50:30,571] {dagbag.py:500} INFO - Filling up the DagBag from /home/airflow/.local/lib/python3.8/site-packages/airflow/example_dags/example_xcom.py
[2022-04-06 04:50:30,594] {processor.py:654} INFO - DAG(s) dict_keys(['example_xcom']) retrieved from /home/airflow/.local/lib/python3.8/site-packages/airflow/example_dags/example_xcom.py
[2022-04-06 04:50:30,754] {logging_mixin.py:109} INFO - [2022-04-06 04:50:30,754] {dag.py:2396} INFO - Sync 1 DAGs
[2022-04-06 04:50:30,764] {logging_mixin.py:109} INFO - [2022-04-06 04:50:30,764] {dag.py:2935} INFO - Setting next_dagrun for example_xcom to 2021-01-01T00:00:00+00:00
[2022-04-06 04:50:30,771] {processor.py:171} INFO - Processing /home/airflow/.local/lib/python3.8/site-packages/airflow/example_dags/example_xcom.py took 0.204 seconds
[2022-04-06 04:52:43,565] {processor.py:163} INFO - Started process (PID=69) to work on /home/airflow/.local/lib/python3.8/site-packages/airflow/example_dags/example_xcom.py
[2022-04-06 04:52:43,566] {processor.py:642} INFO - Processing file /home/airflow/.local/lib/python3.8/site-packages/airflow/example_dags/example_xcom.py for tasks to queue
[2022-04-06 04:52:43,566] {logging_mixin.py:109} INFO - [2022-04-06 04:52:43,566] {dagbag.py:500} INFO - Filling up the DagBag from /home/airflow/.local/lib/python3.8/site-packages/airflow/example_dags/example_xcom.py
[2022-04-06 04:52:43,609] {processor.py:654} INFO - DAG(s) dict_keys(['example_xcom']) retrieved from /home/airflow/.local/lib/python3.8/site-packages/airflow/example_dags/example_xcom.py
[2022-04-06 04:52:43,858] {logging_mixin.py:109} INFO - [2022-04-06 04:52:43,858] {dag.py:2396} INFO - Sync 1 DAGs
[2022-04-06 04:52:43,877] {logging_mixin.py:109} INFO - [2022-04-06 04:52:43,877] {dag.py:2935} INFO - Setting next_dagrun for example_xcom to 2021-01-01T00:00:00+00:00
[2022-04-06 04:52:43,891] {processor.py:171} INFO - Processing /home/airflow/.local/lib/python3.8/site-packages/airflow/example_dags/example_xcom.py took 0.329 seconds
[2022-04-06 04:53:13,950] {processor.py:163} INFO - Started process (PID=129) to work on /home/airflow/.local/lib/python3.8/site-packages/airflow/example_dags/example_xcom.py
[2022-04-06 04:53:13,951] {processor.py:642} INFO - Processing file /home/airflow/.local/lib/python3.8/site-packages/airflow/example_dags/example_xcom.py for tasks to queue
[2022-04-06 04:53:13,952] {logging_mixin.py:109} INFO - [2022-04-06 04:53:13,952] {dagbag.py:500} INFO - Filling up the DagBag from /home/airflow/.local/lib/python3.8/site-packages/airflow/example_dags/example_xcom.py
[2022-04-06 04:53:13,983] {processor.py:654} INFO - DAG(s) dict_keys(['example_xcom']) retrieved from /home/airflow/.local/lib/python3.8/site-packages/airflow/example_dags/example_xcom.py
[2022-04-06 04:53:14,245] {logging_mixin.py:109} INFO - [2022-04-06 04:53:14,244] {dag.py:2396} INFO - Sync 1 DAGs
[2022-04-06 04:53:14,259] {logging_mixin.py:109} INFO - [2022-04-06 04:53:14,259] {dag.py:2935} INFO - Setting next_dagrun for example_xcom to 2021-01-01T00:00:00+00:00
[2022-04-06 04:53:14,270] {processor.py:171} INFO - Processing /home/airflow/.local/lib/python3.8/site-packages/airflow/example_dags/example_xcom.py took 0.323 seconds
[2022-04-06 04:53:45,258] {processor.py:163} INFO - Started process (PID=194) to work on /home/airflow/.local/lib/python3.8/site-packages/airflow/example_dags/example_xcom.py
[2022-04-06 04:53:45,259] {processor.py:642} INFO - Processing file /home/airflow/.local/lib/python3.8/site-packages/airflow/example_dags/example_xcom.py for tasks to queue
[2022-04-06 04:53:45,260] {logging_mixin.py:109} INFO - [2022-04-06 04:53:45,260] {dagbag.py:500} INFO - Filling up the DagBag from /home/airflow/.local/lib/python3.8/site-packages/airflow/example_dags/example_xcom.py
[2022-04-06 04:53:45,299] {processor.py:654} INFO - DAG(s) dict_keys(['example_xcom']) retrieved from /home/airflow/.local/lib/python3.8/site-packages/airflow/example_dags/example_xcom.py
[2022-04-06 04:53:45,493] {logging_mixin.py:109} INFO - [2022-04-06 04:53:45,493] {dag.py:2396} INFO - Sync 1 DAGs
[2022-04-06 04:53:45,507] {logging_mixin.py:109} INFO - [2022-04-06 04:53:45,507] {dag.py:2935} INFO - Setting next_dagrun for example_xcom to 2021-01-01T00:00:00+00:00
[2022-04-06 04:53:45,523] {processor.py:171} INFO - Processing /home/airflow/.local/lib/python3.8/site-packages/airflow/example_dags/example_xcom.py took 0.268 seconds
[2022-04-06 04:54:15,766] {processor.py:163} INFO - Started process (PID=251) to work on /home/airflow/.local/lib/python3.8/site-packages/airflow/example_dags/example_xcom.py
[2022-04-06 04:54:15,767] {processor.py:642} INFO - Processing file /home/airflow/.local/lib/python3.8/site-packages/airflow/example_dags/example_xcom.py for tasks to queue
[2022-04-06 04:54:15,767] {logging_mixin.py:109} INFO - [2022-04-06 04:54:15,767] {dagbag.py:500} INFO - Filling up the DagBag from /home/airflow/.local/lib/python3.8/site-packages/airflow/example_dags/example_xcom.py
[2022-04-06 04:54:15,794] {processor.py:654} INFO - DAG(s) dict_keys(['example_xcom']) retrieved from /home/airflow/.local/lib/python3.8/site-packages/airflow/example_dags/example_xcom.py
[2022-04-06 04:54:16,042] {logging_mixin.py:109} INFO - [2022-04-06 04:54:16,042] {dag.py:2396} INFO - Sync 1 DAGs
[2022-04-06 04:54:16,066] {logging_mixin.py:109} INFO - [2022-04-06 04:54:16,066] {dag.py:2935} INFO - Setting next_dagrun for example_xcom to 2021-01-01T00:00:00+00:00
[2022-04-06 04:54:16,078] {processor.py:171} INFO - Processing /home/airflow/.local/lib/python3.8/site-packages/airflow/example_dags/example_xcom.py took 0.314 seconds
[2022-04-06 04:54:47,184] {processor.py:163} INFO - Started process (PID=319) to work on /home/airflow/.local/lib/python3.8/site-packages/airflow/example_dags/example_xcom.py
[2022-04-06 04:54:47,186] {processor.py:642} INFO - Processing file /home/airflow/.local/lib/python3.8/site-packages/airflow/example_dags/example_xcom.py for tasks to queue
[2022-04-06 04:54:47,187] {logging_mixin.py:109} INFO - [2022-04-06 04:54:47,187] {dagbag.py:500} INFO - Filling up the DagBag from /home/airflow/.local/lib/python3.8/site-packages/airflow/example_dags/example_xcom.py
[2022-04-06 04:54:47,234] {processor.py:654} INFO - DAG(s) dict_keys(['example_xcom']) retrieved from /home/airflow/.local/lib/python3.8/site-packages/airflow/example_dags/example_xcom.py
[2022-04-06 04:54:47,562] {logging_mixin.py:109} INFO - [2022-04-06 04:54:47,562] {dag.py:2396} INFO - Sync 1 DAGs
[2022-04-06 04:54:47,581] {logging_mixin.py:109} INFO - [2022-04-06 04:54:47,580] {dag.py:2935} INFO - Setting next_dagrun for example_xcom to 2021-01-01T00:00:00+00:00
[2022-04-06 04:54:47,592] {processor.py:171} INFO - Processing /home/airflow/.local/lib/python3.8/site-packages/airflow/example_dags/example_xcom.py took 0.412 seconds
[2022-04-06 04:55:17,865] {processor.py:163} INFO - Started process (PID=377) to work on /home/airflow/.local/lib/python3.8/site-packages/airflow/example_dags/example_xcom.py
[2022-04-06 04:55:17,866] {processor.py:642} INFO - Processing file /home/airflow/.local/lib/python3.8/site-packages/airflow/example_dags/example_xcom.py for tasks to queue
[2022-04-06 04:55:17,866] {logging_mixin.py:109} INFO - [2022-04-06 04:55:17,866] {dagbag.py:500} INFO - Filling up the DagBag from /home/airflow/.local/lib/python3.8/site-packages/airflow/example_dags/example_xcom.py
[2022-04-06 04:55:17,893] {processor.py:654} INFO - DAG(s) dict_keys(['example_xcom']) retrieved from /home/airflow/.local/lib/python3.8/site-packages/airflow/example_dags/example_xcom.py
[2022-04-06 04:55:18,090] {logging_mixin.py:109} INFO - [2022-04-06 04:55:18,090] {dag.py:2396} INFO - Sync 1 DAGs
[2022-04-06 04:55:18,107] {logging_mixin.py:109} INFO - [2022-04-06 04:55:18,107] {dag.py:2935} INFO - Setting next_dagrun for example_xcom to 2021-01-01T00:00:00+00:00
[2022-04-06 04:55:18,118] {processor.py:171} INFO - Processing /home/airflow/.local/lib/python3.8/site-packages/airflow/example_dags/example_xcom.py took 0.256 seconds
[2022-04-06 04:55:48,627] {processor.py:163} INFO - Started process (PID=424) to work on /home/airflow/.local/lib/python3.8/site-packages/airflow/example_dags/example_xcom.py
[2022-04-06 04:55:48,628] {processor.py:642} INFO - Processing file /home/airflow/.local/lib/python3.8/site-packages/airflow/example_dags/example_xcom.py for tasks to queue
[2022-04-06 04:55:48,628] {logging_mixin.py:109} INFO - [2022-04-06 04:55:48,628] {dagbag.py:500} INFO - Filling up the DagBag from /home/airflow/.local/lib/python3.8/site-packages/airflow/example_dags/example_xcom.py
[2022-04-06 04:55:48,661] {processor.py:654} INFO - DAG(s) dict_keys(['example_xcom']) retrieved from /home/airflow/.local/lib/python3.8/site-packages/airflow/example_dags/example_xcom.py
[2022-04-06 04:55:48,864] {logging_mixin.py:109} INFO - [2022-04-06 04:55:48,864] {dag.py:2396} INFO - Sync 1 DAGs
[2022-04-06 04:55:48,883] {logging_mixin.py:109} INFO - [2022-04-06 04:55:48,883] {dag.py:2935} INFO - Setting next_dagrun for example_xcom to 2021-01-01T00:00:00+00:00
[2022-04-06 04:55:48,895] {processor.py:171} INFO - Processing /home/airflow/.local/lib/python3.8/site-packages/airflow/example_dags/example_xcom.py took 0.271 seconds
[2022-04-06 04:56:19,915] {processor.py:163} INFO - Started process (PID=489) to work on /home/airflow/.local/lib/python3.8/site-packages/airflow/example_dags/example_xcom.py
[2022-04-06 04:56:19,917] {processor.py:642} INFO - Processing file /home/airflow/.local/lib/python3.8/site-packages/airflow/example_dags/example_xcom.py for tasks to queue
[2022-04-06 04:56:19,919] {logging_mixin.py:109} INFO - [2022-04-06 04:56:19,919] {dagbag.py:500} INFO - Filling up the DagBag from /home/airflow/.local/lib/python3.8/site-packages/airflow/example_dags/example_xcom.py
[2022-04-06 04:56:19,955] {processor.py:654} INFO - DAG(s) dict_keys(['example_xcom']) retrieved from /home/airflow/.local/lib/python3.8/site-packages/airflow/example_dags/example_xcom.py
[2022-04-06 04:56:20,116] {logging_mixin.py:109} INFO - [2022-04-06 04:56:20,116] {dag.py:2396} INFO - Sync 1 DAGs
[2022-04-06 04:56:20,131] {logging_mixin.py:109} INFO - [2022-04-06 04:56:20,131] {dag.py:2935} INFO - Setting next_dagrun for example_xcom to 2021-01-01T00:00:00+00:00
[2022-04-06 04:56:20,142] {processor.py:171} INFO - Processing /home/airflow/.local/lib/python3.8/site-packages/airflow/example_dags/example_xcom.py took 0.236 seconds
[2022-04-06 04:56:50,322] {processor.py:163} INFO - Started process (PID=545) to work on /home/airflow/.local/lib/python3.8/site-packages/airflow/example_dags/example_xcom.py
[2022-04-06 04:56:50,323] {processor.py:642} INFO - Processing file /home/airflow/.local/lib/python3.8/site-packages/airflow/example_dags/example_xcom.py for tasks to queue
[2022-04-06 04:56:50,324] {logging_mixin.py:109} INFO - [2022-04-06 04:56:50,324] {dagbag.py:500} INFO - Filling up the DagBag from /home/airflow/.local/lib/python3.8/site-packages/airflow/example_dags/example_xcom.py
[2022-04-06 04:56:50,369] {processor.py:654} INFO - DAG(s) dict_keys(['example_xcom']) retrieved from /home/airflow/.local/lib/python3.8/site-packages/airflow/example_dags/example_xcom.py
[2022-04-06 04:56:50,617] {logging_mixin.py:109} INFO - [2022-04-06 04:56:50,617] {dag.py:2396} INFO - Sync 1 DAGs
[2022-04-06 04:56:50,635] {logging_mixin.py:109} INFO - [2022-04-06 04:56:50,635] {dag.py:2935} INFO - Setting next_dagrun for example_xcom to 2021-01-01T00:00:00+00:00
[2022-04-06 04:56:50,647] {processor.py:171} INFO - Processing /home/airflow/.local/lib/python3.8/site-packages/airflow/example_dags/example_xcom.py took 0.329 seconds
[2022-04-06 04:57:20,667] {processor.py:163} INFO - Started process (PID=613) to work on /home/airflow/.local/lib/python3.8/site-packages/airflow/example_dags/example_xcom.py
[2022-04-06 04:57:20,668] {processor.py:642} INFO - Processing file /home/airflow/.local/lib/python3.8/site-packages/airflow/example_dags/example_xcom.py for tasks to queue
[2022-04-06 04:57:20,668] {logging_mixin.py:109} INFO - [2022-04-06 04:57:20,668] {dagbag.py:500} INFO - Filling up the DagBag from /home/airflow/.local/lib/python3.8/site-packages/airflow/example_dags/example_xcom.py
[2022-04-06 04:57:20,697] {processor.py:654} INFO - DAG(s) dict_keys(['example_xcom']) retrieved from /home/airflow/.local/lib/python3.8/site-packages/airflow/example_dags/example_xcom.py
[2022-04-06 04:57:20,872] {logging_mixin.py:109} INFO - [2022-04-06 04:57:20,872] {dag.py:2396} INFO - Sync 1 DAGs
[2022-04-06 04:57:20,884] {logging_mixin.py:109} INFO - [2022-04-06 04:57:20,883] {dag.py:2935} INFO - Setting next_dagrun for example_xcom to 2021-01-01T00:00:00+00:00
[2022-04-06 04:57:20,892] {processor.py:171} INFO - Processing /home/airflow/.local/lib/python3.8/site-packages/airflow/example_dags/example_xcom.py took 0.228 seconds
[2022-04-06 05:02:31,909] {processor.py:163} INFO - Started process (PID=69) to work on /home/airflow/.local/lib/python3.8/site-packages/airflow/example_dags/example_xcom.py
[2022-04-06 05:02:31,910] {processor.py:642} INFO - Processing file /home/airflow/.local/lib/python3.8/site-packages/airflow/example_dags/example_xcom.py for tasks to queue
[2022-04-06 05:02:31,911] {logging_mixin.py:109} INFO - [2022-04-06 05:02:31,911] {dagbag.py:500} INFO - Filling up the DagBag from /home/airflow/.local/lib/python3.8/site-packages/airflow/example_dags/example_xcom.py
[2022-04-06 05:02:31,949] {processor.py:654} INFO - DAG(s) dict_keys(['example_xcom']) retrieved from /home/airflow/.local/lib/python3.8/site-packages/airflow/example_dags/example_xcom.py
[2022-04-06 05:02:32,125] {logging_mixin.py:109} INFO - [2022-04-06 05:02:32,124] {dag.py:2396} INFO - Sync 1 DAGs
[2022-04-06 05:02:32,135] {logging_mixin.py:109} INFO - [2022-04-06 05:02:32,135] {dag.py:2935} INFO - Setting next_dagrun for example_xcom to 2021-01-01T00:00:00+00:00
[2022-04-06 05:02:32,143] {processor.py:171} INFO - Processing /home/airflow/.local/lib/python3.8/site-packages/airflow/example_dags/example_xcom.py took 0.236 seconds
[2022-04-06 05:03:03,309] {processor.py:163} INFO - Started process (PID=136) to work on /home/airflow/.local/lib/python3.8/site-packages/airflow/example_dags/example_xcom.py
[2022-04-06 05:03:03,310] {processor.py:642} INFO - Processing file /home/airflow/.local/lib/python3.8/site-packages/airflow/example_dags/example_xcom.py for tasks to queue
[2022-04-06 05:03:03,311] {logging_mixin.py:109} INFO - [2022-04-06 05:03:03,311] {dagbag.py:500} INFO - Filling up the DagBag from /home/airflow/.local/lib/python3.8/site-packages/airflow/example_dags/example_xcom.py
[2022-04-06 05:03:03,339] {processor.py:654} INFO - DAG(s) dict_keys(['example_xcom']) retrieved from /home/airflow/.local/lib/python3.8/site-packages/airflow/example_dags/example_xcom.py
[2022-04-06 05:03:03,522] {logging_mixin.py:109} INFO - [2022-04-06 05:03:03,522] {dag.py:2396} INFO - Sync 1 DAGs
[2022-04-06 05:03:03,533] {logging_mixin.py:109} INFO - [2022-04-06 05:03:03,533] {dag.py:2935} INFO - Setting next_dagrun for example_xcom to 2021-01-01T00:00:00+00:00
[2022-04-06 05:03:03,541] {processor.py:171} INFO - Processing /home/airflow/.local/lib/python3.8/site-packages/airflow/example_dags/example_xcom.py took 0.235 seconds
[2022-04-06 05:03:34,394] {processor.py:163} INFO - Started process (PID=193) to work on /home/airflow/.local/lib/python3.8/site-packages/airflow/example_dags/example_xcom.py
[2022-04-06 05:03:34,395] {processor.py:642} INFO - Processing file /home/airflow/.local/lib/python3.8/site-packages/airflow/example_dags/example_xcom.py for tasks to queue
[2022-04-06 05:03:34,396] {logging_mixin.py:109} INFO - [2022-04-06 05:03:34,396] {dagbag.py:500} INFO - Filling up the DagBag from /home/airflow/.local/lib/python3.8/site-packages/airflow/example_dags/example_xcom.py
[2022-04-06 05:03:34,419] {processor.py:654} INFO - DAG(s) dict_keys(['example_xcom']) retrieved from /home/airflow/.local/lib/python3.8/site-packages/airflow/example_dags/example_xcom.py
[2022-04-06 05:03:34,599] {logging_mixin.py:109} INFO - [2022-04-06 05:03:34,599] {dag.py:2396} INFO - Sync 1 DAGs
[2022-04-06 05:03:34,612] {logging_mixin.py:109} INFO - [2022-04-06 05:03:34,612] {dag.py:2935} INFO - Setting next_dagrun for example_xcom to 2021-01-01T00:00:00+00:00
[2022-04-06 05:03:34,622] {processor.py:171} INFO - Processing /home/airflow/.local/lib/python3.8/site-packages/airflow/example_dags/example_xcom.py took 0.230 seconds
