[2022-04-06 04:43:10,280] {processor.py:163} INFO - Started process (PID=163) to work on /home/airflow/.local/lib/python3.8/site-packages/airflow/example_dags/example_branch_day_of_week_operator.py
[2022-04-06 04:43:10,281] {processor.py:642} INFO - Processing file /home/airflow/.local/lib/python3.8/site-packages/airflow/example_dags/example_branch_day_of_week_operator.py for tasks to queue
[2022-04-06 04:43:10,281] {logging_mixin.py:109} INFO - [2022-04-06 04:43:10,281] {dagbag.py:500} INFO - Filling up the DagBag from /home/airflow/.local/lib/python3.8/site-packages/airflow/example_dags/example_branch_day_of_week_operator.py
[2022-04-06 04:43:10,307] {processor.py:654} INFO - DAG(s) dict_keys(['example_weekday_branch_operator']) retrieved from /home/airflow/.local/lib/python3.8/site-packages/airflow/example_dags/example_branch_day_of_week_operator.py
[2022-04-06 04:43:11,945] {logging_mixin.py:109} INFO - [2022-04-06 04:43:11,945] {manager.py:496} INFO - Created Permission View: can read on DAG:example_weekday_branch_operator
[2022-04-06 04:43:11,952] {logging_mixin.py:109} INFO - [2022-04-06 04:43:11,952] {manager.py:496} INFO - Created Permission View: can edit on DAG:example_weekday_branch_operator
[2022-04-06 04:43:11,952] {logging_mixin.py:109} INFO - [2022-04-06 04:43:11,952] {dag.py:2396} INFO - Sync 1 DAGs
[2022-04-06 04:43:11,959] {logging_mixin.py:109} INFO - [2022-04-06 04:43:11,958] {dag.py:2415} INFO - Creating ORM DAG for example_weekday_branch_operator
[2022-04-06 04:43:11,967] {logging_mixin.py:109} INFO - [2022-04-06 04:43:11,967] {dag.py:2935} INFO - Setting next_dagrun for example_weekday_branch_operator to 2022-04-05 00:00:00+00:00
[2022-04-06 04:43:11,976] {processor.py:171} INFO - Processing /home/airflow/.local/lib/python3.8/site-packages/airflow/example_dags/example_branch_day_of_week_operator.py took 1.698 seconds
[2022-04-06 04:43:42,447] {processor.py:163} INFO - Started process (PID=373) to work on /home/airflow/.local/lib/python3.8/site-packages/airflow/example_dags/example_branch_day_of_week_operator.py
[2022-04-06 04:43:42,449] {processor.py:642} INFO - Processing file /home/airflow/.local/lib/python3.8/site-packages/airflow/example_dags/example_branch_day_of_week_operator.py for tasks to queue
[2022-04-06 04:43:42,450] {logging_mixin.py:109} INFO - [2022-04-06 04:43:42,450] {dagbag.py:500} INFO - Filling up the DagBag from /home/airflow/.local/lib/python3.8/site-packages/airflow/example_dags/example_branch_day_of_week_operator.py
[2022-04-06 04:43:42,487] {processor.py:654} INFO - DAG(s) dict_keys(['example_weekday_branch_operator']) retrieved from /home/airflow/.local/lib/python3.8/site-packages/airflow/example_dags/example_branch_day_of_week_operator.py
[2022-04-06 04:43:42,501] {logging_mixin.py:109} INFO - [2022-04-06 04:43:42,501] {dag.py:2396} INFO - Sync 1 DAGs
[2022-04-06 04:43:42,527] {logging_mixin.py:109} INFO - [2022-04-06 04:43:42,526] {dag.py:2935} INFO - Setting next_dagrun for example_weekday_branch_operator to 2022-04-05 00:00:00+00:00
[2022-04-06 04:43:42,539] {processor.py:171} INFO - Processing /home/airflow/.local/lib/python3.8/site-packages/airflow/example_dags/example_branch_day_of_week_operator.py took 0.096 seconds
[2022-04-06 04:44:12,821] {processor.py:163} INFO - Started process (PID=431) to work on /home/airflow/.local/lib/python3.8/site-packages/airflow/example_dags/example_branch_day_of_week_operator.py
[2022-04-06 04:44:12,823] {processor.py:642} INFO - Processing file /home/airflow/.local/lib/python3.8/site-packages/airflow/example_dags/example_branch_day_of_week_operator.py for tasks to queue
[2022-04-06 04:44:12,824] {logging_mixin.py:109} INFO - [2022-04-06 04:44:12,824] {dagbag.py:500} INFO - Filling up the DagBag from /home/airflow/.local/lib/python3.8/site-packages/airflow/example_dags/example_branch_day_of_week_operator.py
[2022-04-06 04:44:12,854] {processor.py:654} INFO - DAG(s) dict_keys(['example_weekday_branch_operator']) retrieved from /home/airflow/.local/lib/python3.8/site-packages/airflow/example_dags/example_branch_day_of_week_operator.py
[2022-04-06 04:44:12,862] {logging_mixin.py:109} INFO - [2022-04-06 04:44:12,862] {dag.py:2396} INFO - Sync 1 DAGs
[2022-04-06 04:44:12,877] {logging_mixin.py:109} INFO - [2022-04-06 04:44:12,877] {dag.py:2935} INFO - Setting next_dagrun for example_weekday_branch_operator to 2022-04-05 00:00:00+00:00
[2022-04-06 04:44:12,885] {processor.py:171} INFO - Processing /home/airflow/.local/lib/python3.8/site-packages/airflow/example_dags/example_branch_day_of_week_operator.py took 0.071 seconds
[2022-04-06 04:44:43,118] {processor.py:163} INFO - Started process (PID=488) to work on /home/airflow/.local/lib/python3.8/site-packages/airflow/example_dags/example_branch_day_of_week_operator.py
[2022-04-06 04:44:43,118] {processor.py:642} INFO - Processing file /home/airflow/.local/lib/python3.8/site-packages/airflow/example_dags/example_branch_day_of_week_operator.py for tasks to queue
[2022-04-06 04:44:43,119] {logging_mixin.py:109} INFO - [2022-04-06 04:44:43,119] {dagbag.py:500} INFO - Filling up the DagBag from /home/airflow/.local/lib/python3.8/site-packages/airflow/example_dags/example_branch_day_of_week_operator.py
[2022-04-06 04:44:43,138] {processor.py:654} INFO - DAG(s) dict_keys(['example_weekday_branch_operator']) retrieved from /home/airflow/.local/lib/python3.8/site-packages/airflow/example_dags/example_branch_day_of_week_operator.py
[2022-04-06 04:44:43,145] {logging_mixin.py:109} INFO - [2022-04-06 04:44:43,145] {dag.py:2396} INFO - Sync 1 DAGs
[2022-04-06 04:44:43,159] {logging_mixin.py:109} INFO - [2022-04-06 04:44:43,158] {dag.py:2935} INFO - Setting next_dagrun for example_weekday_branch_operator to 2022-04-05 00:00:00+00:00
[2022-04-06 04:44:43,170] {processor.py:171} INFO - Processing /home/airflow/.local/lib/python3.8/site-packages/airflow/example_dags/example_branch_day_of_week_operator.py took 0.054 seconds
[2022-04-06 04:45:13,411] {processor.py:163} INFO - Started process (PID=554) to work on /home/airflow/.local/lib/python3.8/site-packages/airflow/example_dags/example_branch_day_of_week_operator.py
[2022-04-06 04:45:13,413] {processor.py:642} INFO - Processing file /home/airflow/.local/lib/python3.8/site-packages/airflow/example_dags/example_branch_day_of_week_operator.py for tasks to queue
[2022-04-06 04:45:13,415] {logging_mixin.py:109} INFO - [2022-04-06 04:45:13,415] {dagbag.py:500} INFO - Filling up the DagBag from /home/airflow/.local/lib/python3.8/site-packages/airflow/example_dags/example_branch_day_of_week_operator.py
[2022-04-06 04:45:13,445] {processor.py:654} INFO - DAG(s) dict_keys(['example_weekday_branch_operator']) retrieved from /home/airflow/.local/lib/python3.8/site-packages/airflow/example_dags/example_branch_day_of_week_operator.py
[2022-04-06 04:45:13,454] {logging_mixin.py:109} INFO - [2022-04-06 04:45:13,454] {dag.py:2396} INFO - Sync 1 DAGs
[2022-04-06 04:45:13,470] {logging_mixin.py:109} INFO - [2022-04-06 04:45:13,470] {dag.py:2935} INFO - Setting next_dagrun for example_weekday_branch_operator to 2022-04-05 00:00:00+00:00
[2022-04-06 04:45:13,479] {processor.py:171} INFO - Processing /home/airflow/.local/lib/python3.8/site-packages/airflow/example_dags/example_branch_day_of_week_operator.py took 0.076 seconds
[2022-04-06 04:45:43,692] {processor.py:163} INFO - Started process (PID=611) to work on /home/airflow/.local/lib/python3.8/site-packages/airflow/example_dags/example_branch_day_of_week_operator.py
[2022-04-06 04:45:43,692] {processor.py:642} INFO - Processing file /home/airflow/.local/lib/python3.8/site-packages/airflow/example_dags/example_branch_day_of_week_operator.py for tasks to queue
[2022-04-06 04:45:43,693] {logging_mixin.py:109} INFO - [2022-04-06 04:45:43,693] {dagbag.py:500} INFO - Filling up the DagBag from /home/airflow/.local/lib/python3.8/site-packages/airflow/example_dags/example_branch_day_of_week_operator.py
[2022-04-06 04:45:43,711] {processor.py:654} INFO - DAG(s) dict_keys(['example_weekday_branch_operator']) retrieved from /home/airflow/.local/lib/python3.8/site-packages/airflow/example_dags/example_branch_day_of_week_operator.py
[2022-04-06 04:45:43,718] {logging_mixin.py:109} INFO - [2022-04-06 04:45:43,718] {dag.py:2396} INFO - Sync 1 DAGs
[2022-04-06 04:45:43,730] {logging_mixin.py:109} INFO - [2022-04-06 04:45:43,730] {dag.py:2935} INFO - Setting next_dagrun for example_weekday_branch_operator to 2022-04-05 00:00:00+00:00
[2022-04-06 04:45:43,736] {processor.py:171} INFO - Processing /home/airflow/.local/lib/python3.8/site-packages/airflow/example_dags/example_branch_day_of_week_operator.py took 0.046 seconds
[2022-04-06 04:46:14,131] {processor.py:163} INFO - Started process (PID=677) to work on /home/airflow/.local/lib/python3.8/site-packages/airflow/example_dags/example_branch_day_of_week_operator.py
[2022-04-06 04:46:14,132] {processor.py:642} INFO - Processing file /home/airflow/.local/lib/python3.8/site-packages/airflow/example_dags/example_branch_day_of_week_operator.py for tasks to queue
[2022-04-06 04:46:14,132] {logging_mixin.py:109} INFO - [2022-04-06 04:46:14,132] {dagbag.py:500} INFO - Filling up the DagBag from /home/airflow/.local/lib/python3.8/site-packages/airflow/example_dags/example_branch_day_of_week_operator.py
[2022-04-06 04:46:14,159] {processor.py:654} INFO - DAG(s) dict_keys(['example_weekday_branch_operator']) retrieved from /home/airflow/.local/lib/python3.8/site-packages/airflow/example_dags/example_branch_day_of_week_operator.py
[2022-04-06 04:46:14,171] {logging_mixin.py:109} INFO - [2022-04-06 04:46:14,171] {dag.py:2396} INFO - Sync 1 DAGs
[2022-04-06 04:46:14,193] {logging_mixin.py:109} INFO - [2022-04-06 04:46:14,193] {dag.py:2935} INFO - Setting next_dagrun for example_weekday_branch_operator to 2022-04-05 00:00:00+00:00
[2022-04-06 04:46:14,204] {processor.py:171} INFO - Processing /home/airflow/.local/lib/python3.8/site-packages/airflow/example_dags/example_branch_day_of_week_operator.py took 0.076 seconds
[2022-04-06 04:46:44,472] {processor.py:163} INFO - Started process (PID=734) to work on /home/airflow/.local/lib/python3.8/site-packages/airflow/example_dags/example_branch_day_of_week_operator.py
[2022-04-06 04:46:44,474] {processor.py:642} INFO - Processing file /home/airflow/.local/lib/python3.8/site-packages/airflow/example_dags/example_branch_day_of_week_operator.py for tasks to queue
[2022-04-06 04:46:44,476] {logging_mixin.py:109} INFO - [2022-04-06 04:46:44,476] {dagbag.py:500} INFO - Filling up the DagBag from /home/airflow/.local/lib/python3.8/site-packages/airflow/example_dags/example_branch_day_of_week_operator.py
[2022-04-06 04:46:44,511] {processor.py:654} INFO - DAG(s) dict_keys(['example_weekday_branch_operator']) retrieved from /home/airflow/.local/lib/python3.8/site-packages/airflow/example_dags/example_branch_day_of_week_operator.py
[2022-04-06 04:46:44,520] {logging_mixin.py:109} INFO - [2022-04-06 04:46:44,520] {dag.py:2396} INFO - Sync 1 DAGs
[2022-04-06 04:46:44,534] {logging_mixin.py:109} INFO - [2022-04-06 04:46:44,534] {dag.py:2935} INFO - Setting next_dagrun for example_weekday_branch_operator to 2022-04-05 00:00:00+00:00
[2022-04-06 04:46:44,542] {processor.py:171} INFO - Processing /home/airflow/.local/lib/python3.8/site-packages/airflow/example_dags/example_branch_day_of_week_operator.py took 0.078 seconds
[2022-04-06 04:47:14,671] {processor.py:163} INFO - Started process (PID=792) to work on /home/airflow/.local/lib/python3.8/site-packages/airflow/example_dags/example_branch_day_of_week_operator.py
[2022-04-06 04:47:14,671] {processor.py:642} INFO - Processing file /home/airflow/.local/lib/python3.8/site-packages/airflow/example_dags/example_branch_day_of_week_operator.py for tasks to queue
[2022-04-06 04:47:14,672] {logging_mixin.py:109} INFO - [2022-04-06 04:47:14,672] {dagbag.py:500} INFO - Filling up the DagBag from /home/airflow/.local/lib/python3.8/site-packages/airflow/example_dags/example_branch_day_of_week_operator.py
[2022-04-06 04:47:14,691] {processor.py:654} INFO - DAG(s) dict_keys(['example_weekday_branch_operator']) retrieved from /home/airflow/.local/lib/python3.8/site-packages/airflow/example_dags/example_branch_day_of_week_operator.py
[2022-04-06 04:47:14,699] {logging_mixin.py:109} INFO - [2022-04-06 04:47:14,699] {dag.py:2396} INFO - Sync 1 DAGs
[2022-04-06 04:47:14,712] {logging_mixin.py:109} INFO - [2022-04-06 04:47:14,712] {dag.py:2935} INFO - Setting next_dagrun for example_weekday_branch_operator to 2022-04-05 00:00:00+00:00
[2022-04-06 04:47:14,720] {processor.py:171} INFO - Processing /home/airflow/.local/lib/python3.8/site-packages/airflow/example_dags/example_branch_day_of_week_operator.py took 0.051 seconds
[2022-04-06 04:47:44,928] {processor.py:163} INFO - Started process (PID=858) to work on /home/airflow/.local/lib/python3.8/site-packages/airflow/example_dags/example_branch_day_of_week_operator.py
[2022-04-06 04:47:44,929] {processor.py:642} INFO - Processing file /home/airflow/.local/lib/python3.8/site-packages/airflow/example_dags/example_branch_day_of_week_operator.py for tasks to queue
[2022-04-06 04:47:44,929] {logging_mixin.py:109} INFO - [2022-04-06 04:47:44,929] {dagbag.py:500} INFO - Filling up the DagBag from /home/airflow/.local/lib/python3.8/site-packages/airflow/example_dags/example_branch_day_of_week_operator.py
[2022-04-06 04:47:44,951] {processor.py:654} INFO - DAG(s) dict_keys(['example_weekday_branch_operator']) retrieved from /home/airflow/.local/lib/python3.8/site-packages/airflow/example_dags/example_branch_day_of_week_operator.py
[2022-04-06 04:47:44,958] {logging_mixin.py:109} INFO - [2022-04-06 04:47:44,958] {dag.py:2396} INFO - Sync 1 DAGs
[2022-04-06 04:47:44,971] {logging_mixin.py:109} INFO - [2022-04-06 04:47:44,971] {dag.py:2935} INFO - Setting next_dagrun for example_weekday_branch_operator to 2022-04-05 00:00:00+00:00
[2022-04-06 04:47:44,978] {processor.py:171} INFO - Processing /home/airflow/.local/lib/python3.8/site-packages/airflow/example_dags/example_branch_day_of_week_operator.py took 0.052 seconds
[2022-04-06 04:48:15,540] {processor.py:163} INFO - Started process (PID=918) to work on /home/airflow/.local/lib/python3.8/site-packages/airflow/example_dags/example_branch_day_of_week_operator.py
[2022-04-06 04:48:15,541] {processor.py:642} INFO - Processing file /home/airflow/.local/lib/python3.8/site-packages/airflow/example_dags/example_branch_day_of_week_operator.py for tasks to queue
[2022-04-06 04:48:15,541] {logging_mixin.py:109} INFO - [2022-04-06 04:48:15,541] {dagbag.py:500} INFO - Filling up the DagBag from /home/airflow/.local/lib/python3.8/site-packages/airflow/example_dags/example_branch_day_of_week_operator.py
[2022-04-06 04:48:15,572] {processor.py:654} INFO - DAG(s) dict_keys(['example_weekday_branch_operator']) retrieved from /home/airflow/.local/lib/python3.8/site-packages/airflow/example_dags/example_branch_day_of_week_operator.py
[2022-04-06 04:48:15,584] {logging_mixin.py:109} INFO - [2022-04-06 04:48:15,584] {dag.py:2396} INFO - Sync 1 DAGs
[2022-04-06 04:48:15,603] {logging_mixin.py:109} INFO - [2022-04-06 04:48:15,603] {dag.py:2935} INFO - Setting next_dagrun for example_weekday_branch_operator to 2022-04-05 00:00:00+00:00
[2022-04-06 04:48:15,612] {processor.py:171} INFO - Processing /home/airflow/.local/lib/python3.8/site-packages/airflow/example_dags/example_branch_day_of_week_operator.py took 0.076 seconds
[2022-04-06 04:48:46,837] {processor.py:163} INFO - Started process (PID=985) to work on /home/airflow/.local/lib/python3.8/site-packages/airflow/example_dags/example_branch_day_of_week_operator.py
[2022-04-06 04:48:46,838] {processor.py:642} INFO - Processing file /home/airflow/.local/lib/python3.8/site-packages/airflow/example_dags/example_branch_day_of_week_operator.py for tasks to queue
[2022-04-06 04:48:46,839] {logging_mixin.py:109} INFO - [2022-04-06 04:48:46,839] {dagbag.py:500} INFO - Filling up the DagBag from /home/airflow/.local/lib/python3.8/site-packages/airflow/example_dags/example_branch_day_of_week_operator.py
[2022-04-06 04:48:46,865] {processor.py:654} INFO - DAG(s) dict_keys(['example_weekday_branch_operator']) retrieved from /home/airflow/.local/lib/python3.8/site-packages/airflow/example_dags/example_branch_day_of_week_operator.py
[2022-04-06 04:48:46,874] {logging_mixin.py:109} INFO - [2022-04-06 04:48:46,874] {dag.py:2396} INFO - Sync 1 DAGs
[2022-04-06 04:48:46,892] {logging_mixin.py:109} INFO - [2022-04-06 04:48:46,892] {dag.py:2935} INFO - Setting next_dagrun for example_weekday_branch_operator to 2022-04-05 00:00:00+00:00
[2022-04-06 04:48:46,900] {processor.py:171} INFO - Processing /home/airflow/.local/lib/python3.8/site-packages/airflow/example_dags/example_branch_day_of_week_operator.py took 0.066 seconds
[2022-04-06 04:49:17,530] {processor.py:163} INFO - Started process (PID=1042) to work on /home/airflow/.local/lib/python3.8/site-packages/airflow/example_dags/example_branch_day_of_week_operator.py
[2022-04-06 04:49:17,531] {processor.py:642} INFO - Processing file /home/airflow/.local/lib/python3.8/site-packages/airflow/example_dags/example_branch_day_of_week_operator.py for tasks to queue
[2022-04-06 04:49:17,532] {logging_mixin.py:109} INFO - [2022-04-06 04:49:17,532] {dagbag.py:500} INFO - Filling up the DagBag from /home/airflow/.local/lib/python3.8/site-packages/airflow/example_dags/example_branch_day_of_week_operator.py
[2022-04-06 04:49:17,558] {processor.py:654} INFO - DAG(s) dict_keys(['example_weekday_branch_operator']) retrieved from /home/airflow/.local/lib/python3.8/site-packages/airflow/example_dags/example_branch_day_of_week_operator.py
[2022-04-06 04:49:17,568] {logging_mixin.py:109} INFO - [2022-04-06 04:49:17,568] {dag.py:2396} INFO - Sync 1 DAGs
[2022-04-06 04:49:17,584] {logging_mixin.py:109} INFO - [2022-04-06 04:49:17,584] {dag.py:2935} INFO - Setting next_dagrun for example_weekday_branch_operator to 2022-04-05 00:00:00+00:00
[2022-04-06 04:49:17,594] {processor.py:171} INFO - Processing /home/airflow/.local/lib/python3.8/site-packages/airflow/example_dags/example_branch_day_of_week_operator.py took 0.066 seconds
[2022-04-06 04:49:48,724] {processor.py:163} INFO - Started process (PID=1099) to work on /home/airflow/.local/lib/python3.8/site-packages/airflow/example_dags/example_branch_day_of_week_operator.py
[2022-04-06 04:49:48,725] {processor.py:642} INFO - Processing file /home/airflow/.local/lib/python3.8/site-packages/airflow/example_dags/example_branch_day_of_week_operator.py for tasks to queue
[2022-04-06 04:49:48,725] {logging_mixin.py:109} INFO - [2022-04-06 04:49:48,725] {dagbag.py:500} INFO - Filling up the DagBag from /home/airflow/.local/lib/python3.8/site-packages/airflow/example_dags/example_branch_day_of_week_operator.py
[2022-04-06 04:49:48,759] {processor.py:654} INFO - DAG(s) dict_keys(['example_weekday_branch_operator']) retrieved from /home/airflow/.local/lib/python3.8/site-packages/airflow/example_dags/example_branch_day_of_week_operator.py
[2022-04-06 04:49:48,777] {logging_mixin.py:109} INFO - [2022-04-06 04:49:48,776] {dag.py:2396} INFO - Sync 1 DAGs
[2022-04-06 04:49:48,802] {logging_mixin.py:109} INFO - [2022-04-06 04:49:48,802] {dag.py:2935} INFO - Setting next_dagrun for example_weekday_branch_operator to 2022-04-05 00:00:00+00:00
[2022-04-06 04:49:48,815] {processor.py:171} INFO - Processing /home/airflow/.local/lib/python3.8/site-packages/airflow/example_dags/example_branch_day_of_week_operator.py took 0.094 seconds
[2022-04-06 04:50:19,206] {processor.py:163} INFO - Started process (PID=1166) to work on /home/airflow/.local/lib/python3.8/site-packages/airflow/example_dags/example_branch_day_of_week_operator.py
[2022-04-06 04:50:19,207] {processor.py:642} INFO - Processing file /home/airflow/.local/lib/python3.8/site-packages/airflow/example_dags/example_branch_day_of_week_operator.py for tasks to queue
[2022-04-06 04:50:19,208] {logging_mixin.py:109} INFO - [2022-04-06 04:50:19,208] {dagbag.py:500} INFO - Filling up the DagBag from /home/airflow/.local/lib/python3.8/site-packages/airflow/example_dags/example_branch_day_of_week_operator.py
[2022-04-06 04:50:19,230] {processor.py:654} INFO - DAG(s) dict_keys(['example_weekday_branch_operator']) retrieved from /home/airflow/.local/lib/python3.8/site-packages/airflow/example_dags/example_branch_day_of_week_operator.py
[2022-04-06 04:50:19,238] {logging_mixin.py:109} INFO - [2022-04-06 04:50:19,238] {dag.py:2396} INFO - Sync 1 DAGs
[2022-04-06 04:50:19,255] {logging_mixin.py:109} INFO - [2022-04-06 04:50:19,255] {dag.py:2935} INFO - Setting next_dagrun for example_weekday_branch_operator to 2022-04-05 00:00:00+00:00
[2022-04-06 04:50:19,263] {processor.py:171} INFO - Processing /home/airflow/.local/lib/python3.8/site-packages/airflow/example_dags/example_branch_day_of_week_operator.py took 0.059 seconds
[2022-04-06 04:50:49,415] {processor.py:163} INFO - Started process (PID=1224) to work on /home/airflow/.local/lib/python3.8/site-packages/airflow/example_dags/example_branch_day_of_week_operator.py
[2022-04-06 04:50:49,416] {processor.py:642} INFO - Processing file /home/airflow/.local/lib/python3.8/site-packages/airflow/example_dags/example_branch_day_of_week_operator.py for tasks to queue
[2022-04-06 04:50:49,416] {logging_mixin.py:109} INFO - [2022-04-06 04:50:49,416] {dagbag.py:500} INFO - Filling up the DagBag from /home/airflow/.local/lib/python3.8/site-packages/airflow/example_dags/example_branch_day_of_week_operator.py
[2022-04-06 04:50:49,442] {processor.py:654} INFO - DAG(s) dict_keys(['example_weekday_branch_operator']) retrieved from /home/airflow/.local/lib/python3.8/site-packages/airflow/example_dags/example_branch_day_of_week_operator.py
[2022-04-06 04:50:49,453] {logging_mixin.py:109} INFO - [2022-04-06 04:50:49,453] {dag.py:2396} INFO - Sync 1 DAGs
[2022-04-06 04:50:49,473] {logging_mixin.py:109} INFO - [2022-04-06 04:50:49,473] {dag.py:2935} INFO - Setting next_dagrun for example_weekday_branch_operator to 2022-04-05 00:00:00+00:00
[2022-04-06 04:50:49,482] {processor.py:171} INFO - Processing /home/airflow/.local/lib/python3.8/site-packages/airflow/example_dags/example_branch_day_of_week_operator.py took 0.070 seconds
[2022-04-06 04:52:42,747] {processor.py:163} INFO - Started process (PID=57) to work on /home/airflow/.local/lib/python3.8/site-packages/airflow/example_dags/example_branch_day_of_week_operator.py
[2022-04-06 04:52:42,748] {processor.py:642} INFO - Processing file /home/airflow/.local/lib/python3.8/site-packages/airflow/example_dags/example_branch_day_of_week_operator.py for tasks to queue
[2022-04-06 04:52:42,749] {logging_mixin.py:109} INFO - [2022-04-06 04:52:42,749] {dagbag.py:500} INFO - Filling up the DagBag from /home/airflow/.local/lib/python3.8/site-packages/airflow/example_dags/example_branch_day_of_week_operator.py
[2022-04-06 04:52:42,788] {processor.py:654} INFO - DAG(s) dict_keys(['example_weekday_branch_operator']) retrieved from /home/airflow/.local/lib/python3.8/site-packages/airflow/example_dags/example_branch_day_of_week_operator.py
[2022-04-06 04:52:42,801] {logging_mixin.py:109} INFO - [2022-04-06 04:52:42,801] {dag.py:2396} INFO - Sync 1 DAGs
[2022-04-06 04:52:42,823] {logging_mixin.py:109} INFO - [2022-04-06 04:52:42,823] {dag.py:2935} INFO - Setting next_dagrun for example_weekday_branch_operator to 2022-04-05 00:00:00+00:00
[2022-04-06 04:52:42,832] {processor.py:171} INFO - Processing /home/airflow/.local/lib/python3.8/site-packages/airflow/example_dags/example_branch_day_of_week_operator.py took 0.088 seconds
[2022-04-06 04:53:13,370] {processor.py:163} INFO - Started process (PID=116) to work on /home/airflow/.local/lib/python3.8/site-packages/airflow/example_dags/example_branch_day_of_week_operator.py
[2022-04-06 04:53:13,371] {processor.py:642} INFO - Processing file /home/airflow/.local/lib/python3.8/site-packages/airflow/example_dags/example_branch_day_of_week_operator.py for tasks to queue
[2022-04-06 04:53:13,371] {logging_mixin.py:109} INFO - [2022-04-06 04:53:13,371] {dagbag.py:500} INFO - Filling up the DagBag from /home/airflow/.local/lib/python3.8/site-packages/airflow/example_dags/example_branch_day_of_week_operator.py
[2022-04-06 04:53:13,392] {processor.py:654} INFO - DAG(s) dict_keys(['example_weekday_branch_operator']) retrieved from /home/airflow/.local/lib/python3.8/site-packages/airflow/example_dags/example_branch_day_of_week_operator.py
[2022-04-06 04:53:13,400] {logging_mixin.py:109} INFO - [2022-04-06 04:53:13,400] {dag.py:2396} INFO - Sync 1 DAGs
[2022-04-06 04:53:13,414] {logging_mixin.py:109} INFO - [2022-04-06 04:53:13,414] {dag.py:2935} INFO - Setting next_dagrun for example_weekday_branch_operator to 2022-04-05 00:00:00+00:00
[2022-04-06 04:53:13,422] {processor.py:171} INFO - Processing /home/airflow/.local/lib/python3.8/site-packages/airflow/example_dags/example_branch_day_of_week_operator.py took 0.054 seconds
[2022-04-06 04:53:44,545] {processor.py:163} INFO - Started process (PID=182) to work on /home/airflow/.local/lib/python3.8/site-packages/airflow/example_dags/example_branch_day_of_week_operator.py
[2022-04-06 04:53:44,546] {processor.py:642} INFO - Processing file /home/airflow/.local/lib/python3.8/site-packages/airflow/example_dags/example_branch_day_of_week_operator.py for tasks to queue
[2022-04-06 04:53:44,547] {logging_mixin.py:109} INFO - [2022-04-06 04:53:44,547] {dagbag.py:500} INFO - Filling up the DagBag from /home/airflow/.local/lib/python3.8/site-packages/airflow/example_dags/example_branch_day_of_week_operator.py
[2022-04-06 04:53:44,582] {processor.py:654} INFO - DAG(s) dict_keys(['example_weekday_branch_operator']) retrieved from /home/airflow/.local/lib/python3.8/site-packages/airflow/example_dags/example_branch_day_of_week_operator.py
[2022-04-06 04:53:44,595] {logging_mixin.py:109} INFO - [2022-04-06 04:53:44,595] {dag.py:2396} INFO - Sync 1 DAGs
[2022-04-06 04:53:44,617] {logging_mixin.py:109} INFO - [2022-04-06 04:53:44,617] {dag.py:2935} INFO - Setting next_dagrun for example_weekday_branch_operator to 2022-04-05 00:00:00+00:00
[2022-04-06 04:53:44,628] {processor.py:171} INFO - Processing /home/airflow/.local/lib/python3.8/site-packages/airflow/example_dags/example_branch_day_of_week_operator.py took 0.086 seconds
[2022-04-06 04:54:14,737] {processor.py:163} INFO - Started process (PID=230) to work on /home/airflow/.local/lib/python3.8/site-packages/airflow/example_dags/example_branch_day_of_week_operator.py
[2022-04-06 04:54:14,738] {processor.py:642} INFO - Processing file /home/airflow/.local/lib/python3.8/site-packages/airflow/example_dags/example_branch_day_of_week_operator.py for tasks to queue
[2022-04-06 04:54:14,739] {logging_mixin.py:109} INFO - [2022-04-06 04:54:14,739] {dagbag.py:500} INFO - Filling up the DagBag from /home/airflow/.local/lib/python3.8/site-packages/airflow/example_dags/example_branch_day_of_week_operator.py
[2022-04-06 04:54:14,758] {processor.py:654} INFO - DAG(s) dict_keys(['example_weekday_branch_operator']) retrieved from /home/airflow/.local/lib/python3.8/site-packages/airflow/example_dags/example_branch_day_of_week_operator.py
[2022-04-06 04:54:14,770] {logging_mixin.py:109} INFO - [2022-04-06 04:54:14,770] {dag.py:2396} INFO - Sync 1 DAGs
[2022-04-06 04:54:14,790] {logging_mixin.py:109} INFO - [2022-04-06 04:54:14,790] {dag.py:2935} INFO - Setting next_dagrun for example_weekday_branch_operator to 2022-04-05 00:00:00+00:00
[2022-04-06 04:54:14,826] {processor.py:171} INFO - Processing /home/airflow/.local/lib/python3.8/site-packages/airflow/example_dags/example_branch_day_of_week_operator.py took 0.091 seconds
[2022-04-06 04:54:44,948] {processor.py:163} INFO - Started process (PID=296) to work on /home/airflow/.local/lib/python3.8/site-packages/airflow/example_dags/example_branch_day_of_week_operator.py
[2022-04-06 04:54:44,950] {processor.py:642} INFO - Processing file /home/airflow/.local/lib/python3.8/site-packages/airflow/example_dags/example_branch_day_of_week_operator.py for tasks to queue
[2022-04-06 04:54:44,950] {logging_mixin.py:109} INFO - [2022-04-06 04:54:44,950] {dagbag.py:500} INFO - Filling up the DagBag from /home/airflow/.local/lib/python3.8/site-packages/airflow/example_dags/example_branch_day_of_week_operator.py
[2022-04-06 04:54:44,977] {processor.py:654} INFO - DAG(s) dict_keys(['example_weekday_branch_operator']) retrieved from /home/airflow/.local/lib/python3.8/site-packages/airflow/example_dags/example_branch_day_of_week_operator.py
[2022-04-06 04:54:44,986] {logging_mixin.py:109} INFO - [2022-04-06 04:54:44,986] {dag.py:2396} INFO - Sync 1 DAGs
[2022-04-06 04:54:45,000] {logging_mixin.py:109} INFO - [2022-04-06 04:54:45,000] {dag.py:2935} INFO - Setting next_dagrun for example_weekday_branch_operator to 2022-04-05 00:00:00+00:00
[2022-04-06 04:54:45,008] {processor.py:171} INFO - Processing /home/airflow/.local/lib/python3.8/site-packages/airflow/example_dags/example_branch_day_of_week_operator.py took 0.062 seconds
[2022-04-06 04:55:15,579] {processor.py:163} INFO - Started process (PID=352) to work on /home/airflow/.local/lib/python3.8/site-packages/airflow/example_dags/example_branch_day_of_week_operator.py
[2022-04-06 04:55:15,580] {processor.py:642} INFO - Processing file /home/airflow/.local/lib/python3.8/site-packages/airflow/example_dags/example_branch_day_of_week_operator.py for tasks to queue
[2022-04-06 04:55:15,580] {logging_mixin.py:109} INFO - [2022-04-06 04:55:15,580] {dagbag.py:500} INFO - Filling up the DagBag from /home/airflow/.local/lib/python3.8/site-packages/airflow/example_dags/example_branch_day_of_week_operator.py
[2022-04-06 04:55:15,603] {processor.py:654} INFO - DAG(s) dict_keys(['example_weekday_branch_operator']) retrieved from /home/airflow/.local/lib/python3.8/site-packages/airflow/example_dags/example_branch_day_of_week_operator.py
[2022-04-06 04:55:15,611] {logging_mixin.py:109} INFO - [2022-04-06 04:55:15,611] {dag.py:2396} INFO - Sync 1 DAGs
[2022-04-06 04:55:15,627] {logging_mixin.py:109} INFO - [2022-04-06 04:55:15,627] {dag.py:2935} INFO - Setting next_dagrun for example_weekday_branch_operator to 2022-04-05 00:00:00+00:00
[2022-04-06 04:55:15,635] {processor.py:171} INFO - Processing /home/airflow/.local/lib/python3.8/site-packages/airflow/example_dags/example_branch_day_of_week_operator.py took 0.059 seconds
[2022-04-06 04:55:45,855] {processor.py:163} INFO - Started process (PID=410) to work on /home/airflow/.local/lib/python3.8/site-packages/airflow/example_dags/example_branch_day_of_week_operator.py
[2022-04-06 04:55:45,856] {processor.py:642} INFO - Processing file /home/airflow/.local/lib/python3.8/site-packages/airflow/example_dags/example_branch_day_of_week_operator.py for tasks to queue
[2022-04-06 04:55:45,856] {logging_mixin.py:109} INFO - [2022-04-06 04:55:45,856] {dagbag.py:500} INFO - Filling up the DagBag from /home/airflow/.local/lib/python3.8/site-packages/airflow/example_dags/example_branch_day_of_week_operator.py
[2022-04-06 04:55:45,880] {processor.py:654} INFO - DAG(s) dict_keys(['example_weekday_branch_operator']) retrieved from /home/airflow/.local/lib/python3.8/site-packages/airflow/example_dags/example_branch_day_of_week_operator.py
[2022-04-06 04:55:45,889] {logging_mixin.py:109} INFO - [2022-04-06 04:55:45,888] {dag.py:2396} INFO - Sync 1 DAGs
[2022-04-06 04:55:45,904] {logging_mixin.py:109} INFO - [2022-04-06 04:55:45,904] {dag.py:2935} INFO - Setting next_dagrun for example_weekday_branch_operator to 2022-04-05 00:00:00+00:00
[2022-04-06 04:55:45,911] {processor.py:171} INFO - Processing /home/airflow/.local/lib/python3.8/site-packages/airflow/example_dags/example_branch_day_of_week_operator.py took 0.059 seconds
[2022-04-06 04:56:16,233] {processor.py:163} INFO - Started process (PID=475) to work on /home/airflow/.local/lib/python3.8/site-packages/airflow/example_dags/example_branch_day_of_week_operator.py
[2022-04-06 04:56:16,234] {processor.py:642} INFO - Processing file /home/airflow/.local/lib/python3.8/site-packages/airflow/example_dags/example_branch_day_of_week_operator.py for tasks to queue
[2022-04-06 04:56:16,234] {logging_mixin.py:109} INFO - [2022-04-06 04:56:16,234] {dagbag.py:500} INFO - Filling up the DagBag from /home/airflow/.local/lib/python3.8/site-packages/airflow/example_dags/example_branch_day_of_week_operator.py
[2022-04-06 04:56:16,258] {processor.py:654} INFO - DAG(s) dict_keys(['example_weekday_branch_operator']) retrieved from /home/airflow/.local/lib/python3.8/site-packages/airflow/example_dags/example_branch_day_of_week_operator.py
[2022-04-06 04:56:16,266] {logging_mixin.py:109} INFO - [2022-04-06 04:56:16,266] {dag.py:2396} INFO - Sync 1 DAGs
[2022-04-06 04:56:16,280] {logging_mixin.py:109} INFO - [2022-04-06 04:56:16,280] {dag.py:2935} INFO - Setting next_dagrun for example_weekday_branch_operator to 2022-04-05 00:00:00+00:00
[2022-04-06 04:56:16,288] {processor.py:171} INFO - Processing /home/airflow/.local/lib/python3.8/site-packages/airflow/example_dags/example_branch_day_of_week_operator.py took 0.058 seconds
[2022-04-06 04:56:46,594] {processor.py:163} INFO - Started process (PID=532) to work on /home/airflow/.local/lib/python3.8/site-packages/airflow/example_dags/example_branch_day_of_week_operator.py
[2022-04-06 04:56:46,595] {processor.py:642} INFO - Processing file /home/airflow/.local/lib/python3.8/site-packages/airflow/example_dags/example_branch_day_of_week_operator.py for tasks to queue
[2022-04-06 04:56:46,595] {logging_mixin.py:109} INFO - [2022-04-06 04:56:46,595] {dagbag.py:500} INFO - Filling up the DagBag from /home/airflow/.local/lib/python3.8/site-packages/airflow/example_dags/example_branch_day_of_week_operator.py
[2022-04-06 04:56:46,619] {processor.py:654} INFO - DAG(s) dict_keys(['example_weekday_branch_operator']) retrieved from /home/airflow/.local/lib/python3.8/site-packages/airflow/example_dags/example_branch_day_of_week_operator.py
[2022-04-06 04:56:46,627] {logging_mixin.py:109} INFO - [2022-04-06 04:56:46,627] {dag.py:2396} INFO - Sync 1 DAGs
[2022-04-06 04:56:46,642] {logging_mixin.py:109} INFO - [2022-04-06 04:56:46,642] {dag.py:2935} INFO - Setting next_dagrun for example_weekday_branch_operator to 2022-04-05 00:00:00+00:00
[2022-04-06 04:56:46,650] {processor.py:171} INFO - Processing /home/airflow/.local/lib/python3.8/site-packages/airflow/example_dags/example_branch_day_of_week_operator.py took 0.058 seconds
[2022-04-06 04:57:17,677] {processor.py:163} INFO - Started process (PID=589) to work on /home/airflow/.local/lib/python3.8/site-packages/airflow/example_dags/example_branch_day_of_week_operator.py
[2022-04-06 04:57:17,678] {processor.py:642} INFO - Processing file /home/airflow/.local/lib/python3.8/site-packages/airflow/example_dags/example_branch_day_of_week_operator.py for tasks to queue
[2022-04-06 04:57:17,678] {logging_mixin.py:109} INFO - [2022-04-06 04:57:17,678] {dagbag.py:500} INFO - Filling up the DagBag from /home/airflow/.local/lib/python3.8/site-packages/airflow/example_dags/example_branch_day_of_week_operator.py
[2022-04-06 04:57:17,701] {processor.py:654} INFO - DAG(s) dict_keys(['example_weekday_branch_operator']) retrieved from /home/airflow/.local/lib/python3.8/site-packages/airflow/example_dags/example_branch_day_of_week_operator.py
[2022-04-06 04:57:17,709] {logging_mixin.py:109} INFO - [2022-04-06 04:57:17,709] {dag.py:2396} INFO - Sync 1 DAGs
[2022-04-06 04:57:17,722] {logging_mixin.py:109} INFO - [2022-04-06 04:57:17,722] {dag.py:2935} INFO - Setting next_dagrun for example_weekday_branch_operator to 2022-04-05 00:00:00+00:00
[2022-04-06 04:57:17,729] {processor.py:171} INFO - Processing /home/airflow/.local/lib/python3.8/site-packages/airflow/example_dags/example_branch_day_of_week_operator.py took 0.055 seconds
[2022-04-06 05:02:31,309] {processor.py:163} INFO - Started process (PID=57) to work on /home/airflow/.local/lib/python3.8/site-packages/airflow/example_dags/example_branch_day_of_week_operator.py
[2022-04-06 05:02:31,310] {processor.py:642} INFO - Processing file /home/airflow/.local/lib/python3.8/site-packages/airflow/example_dags/example_branch_day_of_week_operator.py for tasks to queue
[2022-04-06 05:02:31,310] {logging_mixin.py:109} INFO - [2022-04-06 05:02:31,310] {dagbag.py:500} INFO - Filling up the DagBag from /home/airflow/.local/lib/python3.8/site-packages/airflow/example_dags/example_branch_day_of_week_operator.py
[2022-04-06 05:02:31,330] {processor.py:654} INFO - DAG(s) dict_keys(['example_weekday_branch_operator']) retrieved from /home/airflow/.local/lib/python3.8/site-packages/airflow/example_dags/example_branch_day_of_week_operator.py
[2022-04-06 05:02:31,337] {logging_mixin.py:109} INFO - [2022-04-06 05:02:31,337] {dag.py:2396} INFO - Sync 1 DAGs
[2022-04-06 05:02:31,349] {logging_mixin.py:109} INFO - [2022-04-06 05:02:31,349] {dag.py:2935} INFO - Setting next_dagrun for example_weekday_branch_operator to 2022-04-05 00:00:00+00:00
[2022-04-06 05:02:31,356] {processor.py:171} INFO - Processing /home/airflow/.local/lib/python3.8/site-packages/airflow/example_dags/example_branch_day_of_week_operator.py took 0.049 seconds
[2022-04-06 05:03:02,650] {processor.py:163} INFO - Started process (PID=123) to work on /home/airflow/.local/lib/python3.8/site-packages/airflow/example_dags/example_branch_day_of_week_operator.py
[2022-04-06 05:03:02,651] {processor.py:642} INFO - Processing file /home/airflow/.local/lib/python3.8/site-packages/airflow/example_dags/example_branch_day_of_week_operator.py for tasks to queue
[2022-04-06 05:03:02,652] {logging_mixin.py:109} INFO - [2022-04-06 05:03:02,652] {dagbag.py:500} INFO - Filling up the DagBag from /home/airflow/.local/lib/python3.8/site-packages/airflow/example_dags/example_branch_day_of_week_operator.py
[2022-04-06 05:03:02,688] {processor.py:654} INFO - DAG(s) dict_keys(['example_weekday_branch_operator']) retrieved from /home/airflow/.local/lib/python3.8/site-packages/airflow/example_dags/example_branch_day_of_week_operator.py
[2022-04-06 05:03:02,698] {logging_mixin.py:109} INFO - [2022-04-06 05:03:02,698] {dag.py:2396} INFO - Sync 1 DAGs
[2022-04-06 05:03:02,717] {logging_mixin.py:109} INFO - [2022-04-06 05:03:02,716] {dag.py:2935} INFO - Setting next_dagrun for example_weekday_branch_operator to 2022-04-05 00:00:00+00:00
[2022-04-06 05:03:02,730] {processor.py:171} INFO - Processing /home/airflow/.local/lib/python3.8/site-packages/airflow/example_dags/example_branch_day_of_week_operator.py took 0.083 seconds
[2022-04-06 05:03:33,853] {processor.py:163} INFO - Started process (PID=181) to work on /home/airflow/.local/lib/python3.8/site-packages/airflow/example_dags/example_branch_day_of_week_operator.py
[2022-04-06 05:03:33,854] {processor.py:642} INFO - Processing file /home/airflow/.local/lib/python3.8/site-packages/airflow/example_dags/example_branch_day_of_week_operator.py for tasks to queue
[2022-04-06 05:03:33,854] {logging_mixin.py:109} INFO - [2022-04-06 05:03:33,854] {dagbag.py:500} INFO - Filling up the DagBag from /home/airflow/.local/lib/python3.8/site-packages/airflow/example_dags/example_branch_day_of_week_operator.py
[2022-04-06 05:03:33,875] {processor.py:654} INFO - DAG(s) dict_keys(['example_weekday_branch_operator']) retrieved from /home/airflow/.local/lib/python3.8/site-packages/airflow/example_dags/example_branch_day_of_week_operator.py
[2022-04-06 05:03:33,882] {logging_mixin.py:109} INFO - [2022-04-06 05:03:33,882] {dag.py:2396} INFO - Sync 1 DAGs
[2022-04-06 05:03:33,895] {logging_mixin.py:109} INFO - [2022-04-06 05:03:33,895] {dag.py:2935} INFO - Setting next_dagrun for example_weekday_branch_operator to 2022-04-05 00:00:00+00:00
[2022-04-06 05:03:33,901] {processor.py:171} INFO - Processing /home/airflow/.local/lib/python3.8/site-packages/airflow/example_dags/example_branch_day_of_week_operator.py took 0.051 seconds
