[2022-04-06 04:43:19,871] {processor.py:163} INFO - Started process (PID=261) to work on /home/airflow/.local/lib/python3.8/site-packages/airflow/example_dags/example_time_delta_sensor_async.py
[2022-04-06 04:43:19,872] {processor.py:642} INFO - Processing file /home/airflow/.local/lib/python3.8/site-packages/airflow/example_dags/example_time_delta_sensor_async.py for tasks to queue
[2022-04-06 04:43:19,873] {logging_mixin.py:109} INFO - [2022-04-06 04:43:19,873] {dagbag.py:500} INFO - Filling up the DagBag from /home/airflow/.local/lib/python3.8/site-packages/airflow/example_dags/example_time_delta_sensor_async.py
[2022-04-06 04:43:19,896] {processor.py:654} INFO - DAG(s) dict_keys(['example_time_delta_sensor_async']) retrieved from /home/airflow/.local/lib/python3.8/site-packages/airflow/example_dags/example_time_delta_sensor_async.py
[2022-04-06 04:43:21,590] {logging_mixin.py:109} INFO - [2022-04-06 04:43:21,590] {manager.py:496} INFO - Created Permission View: can read on DAG:example_time_delta_sensor_async
[2022-04-06 04:43:21,598] {logging_mixin.py:109} INFO - [2022-04-06 04:43:21,598] {manager.py:496} INFO - Created Permission View: can edit on DAG:example_time_delta_sensor_async
[2022-04-06 04:43:21,598] {logging_mixin.py:109} INFO - [2022-04-06 04:43:21,598] {dag.py:2396} INFO - Sync 1 DAGs
[2022-04-06 04:43:21,604] {logging_mixin.py:109} INFO - [2022-04-06 04:43:21,604] {dag.py:2415} INFO - Creating ORM DAG for example_time_delta_sensor_async
[2022-04-06 04:43:21,611] {logging_mixin.py:109} INFO - [2022-04-06 04:43:21,611] {dag.py:2935} INFO - Setting next_dagrun for example_time_delta_sensor_async to None
[2022-04-06 04:43:21,630] {processor.py:171} INFO - Processing /home/airflow/.local/lib/python3.8/site-packages/airflow/example_dags/example_time_delta_sensor_async.py took 1.761 seconds
[2022-04-06 04:43:52,244] {processor.py:163} INFO - Started process (PID=383) to work on /home/airflow/.local/lib/python3.8/site-packages/airflow/example_dags/example_time_delta_sensor_async.py
[2022-04-06 04:43:52,245] {processor.py:642} INFO - Processing file /home/airflow/.local/lib/python3.8/site-packages/airflow/example_dags/example_time_delta_sensor_async.py for tasks to queue
[2022-04-06 04:43:52,247] {logging_mixin.py:109} INFO - [2022-04-06 04:43:52,246] {dagbag.py:500} INFO - Filling up the DagBag from /home/airflow/.local/lib/python3.8/site-packages/airflow/example_dags/example_time_delta_sensor_async.py
[2022-04-06 04:43:52,286] {processor.py:654} INFO - DAG(s) dict_keys(['example_time_delta_sensor_async']) retrieved from /home/airflow/.local/lib/python3.8/site-packages/airflow/example_dags/example_time_delta_sensor_async.py
[2022-04-06 04:43:52,299] {logging_mixin.py:109} INFO - [2022-04-06 04:43:52,299] {dag.py:2396} INFO - Sync 1 DAGs
[2022-04-06 04:43:52,317] {logging_mixin.py:109} INFO - [2022-04-06 04:43:52,317] {dag.py:2935} INFO - Setting next_dagrun for example_time_delta_sensor_async to None
[2022-04-06 04:43:52,328] {processor.py:171} INFO - Processing /home/airflow/.local/lib/python3.8/site-packages/airflow/example_dags/example_time_delta_sensor_async.py took 0.090 seconds
[2022-04-06 04:44:22,359] {processor.py:163} INFO - Started process (PID=449) to work on /home/airflow/.local/lib/python3.8/site-packages/airflow/example_dags/example_time_delta_sensor_async.py
[2022-04-06 04:44:22,360] {processor.py:642} INFO - Processing file /home/airflow/.local/lib/python3.8/site-packages/airflow/example_dags/example_time_delta_sensor_async.py for tasks to queue
[2022-04-06 04:44:22,360] {logging_mixin.py:109} INFO - [2022-04-06 04:44:22,360] {dagbag.py:500} INFO - Filling up the DagBag from /home/airflow/.local/lib/python3.8/site-packages/airflow/example_dags/example_time_delta_sensor_async.py
[2022-04-06 04:44:22,379] {processor.py:654} INFO - DAG(s) dict_keys(['example_time_delta_sensor_async']) retrieved from /home/airflow/.local/lib/python3.8/site-packages/airflow/example_dags/example_time_delta_sensor_async.py
[2022-04-06 04:44:22,386] {logging_mixin.py:109} INFO - [2022-04-06 04:44:22,385] {dag.py:2396} INFO - Sync 1 DAGs
[2022-04-06 04:44:22,398] {logging_mixin.py:109} INFO - [2022-04-06 04:44:22,398] {dag.py:2935} INFO - Setting next_dagrun for example_time_delta_sensor_async to None
[2022-04-06 04:44:22,405] {processor.py:171} INFO - Processing /home/airflow/.local/lib/python3.8/site-packages/airflow/example_dags/example_time_delta_sensor_async.py took 0.048 seconds
[2022-04-06 04:44:52,581] {processor.py:163} INFO - Started process (PID=507) to work on /home/airflow/.local/lib/python3.8/site-packages/airflow/example_dags/example_time_delta_sensor_async.py
[2022-04-06 04:44:52,584] {processor.py:642} INFO - Processing file /home/airflow/.local/lib/python3.8/site-packages/airflow/example_dags/example_time_delta_sensor_async.py for tasks to queue
[2022-04-06 04:44:52,585] {logging_mixin.py:109} INFO - [2022-04-06 04:44:52,585] {dagbag.py:500} INFO - Filling up the DagBag from /home/airflow/.local/lib/python3.8/site-packages/airflow/example_dags/example_time_delta_sensor_async.py
[2022-04-06 04:44:52,613] {processor.py:654} INFO - DAG(s) dict_keys(['example_time_delta_sensor_async']) retrieved from /home/airflow/.local/lib/python3.8/site-packages/airflow/example_dags/example_time_delta_sensor_async.py
[2022-04-06 04:44:52,621] {logging_mixin.py:109} INFO - [2022-04-06 04:44:52,621] {dag.py:2396} INFO - Sync 1 DAGs
[2022-04-06 04:44:52,634] {logging_mixin.py:109} INFO - [2022-04-06 04:44:52,634] {dag.py:2935} INFO - Setting next_dagrun for example_time_delta_sensor_async to None
[2022-04-06 04:44:52,641] {processor.py:171} INFO - Processing /home/airflow/.local/lib/python3.8/site-packages/airflow/example_dags/example_time_delta_sensor_async.py took 0.067 seconds
[2022-04-06 04:45:22,879] {processor.py:163} INFO - Started process (PID=572) to work on /home/airflow/.local/lib/python3.8/site-packages/airflow/example_dags/example_time_delta_sensor_async.py
[2022-04-06 04:45:22,880] {processor.py:642} INFO - Processing file /home/airflow/.local/lib/python3.8/site-packages/airflow/example_dags/example_time_delta_sensor_async.py for tasks to queue
[2022-04-06 04:45:22,880] {logging_mixin.py:109} INFO - [2022-04-06 04:45:22,880] {dagbag.py:500} INFO - Filling up the DagBag from /home/airflow/.local/lib/python3.8/site-packages/airflow/example_dags/example_time_delta_sensor_async.py
[2022-04-06 04:45:22,898] {processor.py:654} INFO - DAG(s) dict_keys(['example_time_delta_sensor_async']) retrieved from /home/airflow/.local/lib/python3.8/site-packages/airflow/example_dags/example_time_delta_sensor_async.py
[2022-04-06 04:45:22,908] {logging_mixin.py:109} INFO - [2022-04-06 04:45:22,908] {dag.py:2396} INFO - Sync 1 DAGs
[2022-04-06 04:45:22,924] {logging_mixin.py:109} INFO - [2022-04-06 04:45:22,924] {dag.py:2935} INFO - Setting next_dagrun for example_time_delta_sensor_async to None
[2022-04-06 04:45:22,933] {processor.py:171} INFO - Processing /home/airflow/.local/lib/python3.8/site-packages/airflow/example_dags/example_time_delta_sensor_async.py took 0.055 seconds
[2022-04-06 04:45:53,006] {processor.py:163} INFO - Started process (PID=629) to work on /home/airflow/.local/lib/python3.8/site-packages/airflow/example_dags/example_time_delta_sensor_async.py
[2022-04-06 04:45:53,008] {processor.py:642} INFO - Processing file /home/airflow/.local/lib/python3.8/site-packages/airflow/example_dags/example_time_delta_sensor_async.py for tasks to queue
[2022-04-06 04:45:53,008] {logging_mixin.py:109} INFO - [2022-04-06 04:45:53,008] {dagbag.py:500} INFO - Filling up the DagBag from /home/airflow/.local/lib/python3.8/site-packages/airflow/example_dags/example_time_delta_sensor_async.py
[2022-04-06 04:45:53,035] {processor.py:654} INFO - DAG(s) dict_keys(['example_time_delta_sensor_async']) retrieved from /home/airflow/.local/lib/python3.8/site-packages/airflow/example_dags/example_time_delta_sensor_async.py
[2022-04-06 04:45:53,044] {logging_mixin.py:109} INFO - [2022-04-06 04:45:53,044] {dag.py:2396} INFO - Sync 1 DAGs
[2022-04-06 04:45:53,059] {logging_mixin.py:109} INFO - [2022-04-06 04:45:53,059] {dag.py:2935} INFO - Setting next_dagrun for example_time_delta_sensor_async to None
[2022-04-06 04:45:53,068] {processor.py:171} INFO - Processing /home/airflow/.local/lib/python3.8/site-packages/airflow/example_dags/example_time_delta_sensor_async.py took 0.066 seconds
[2022-04-06 04:46:23,618] {processor.py:163} INFO - Started process (PID=687) to work on /home/airflow/.local/lib/python3.8/site-packages/airflow/example_dags/example_time_delta_sensor_async.py
[2022-04-06 04:46:23,620] {processor.py:642} INFO - Processing file /home/airflow/.local/lib/python3.8/site-packages/airflow/example_dags/example_time_delta_sensor_async.py for tasks to queue
[2022-04-06 04:46:23,620] {logging_mixin.py:109} INFO - [2022-04-06 04:46:23,620] {dagbag.py:500} INFO - Filling up the DagBag from /home/airflow/.local/lib/python3.8/site-packages/airflow/example_dags/example_time_delta_sensor_async.py
[2022-04-06 04:46:23,648] {processor.py:654} INFO - DAG(s) dict_keys(['example_time_delta_sensor_async']) retrieved from /home/airflow/.local/lib/python3.8/site-packages/airflow/example_dags/example_time_delta_sensor_async.py
[2022-04-06 04:46:23,658] {logging_mixin.py:109} INFO - [2022-04-06 04:46:23,658] {dag.py:2396} INFO - Sync 1 DAGs
[2022-04-06 04:46:23,673] {logging_mixin.py:109} INFO - [2022-04-06 04:46:23,673] {dag.py:2935} INFO - Setting next_dagrun for example_time_delta_sensor_async to None
[2022-04-06 04:46:23,681] {processor.py:171} INFO - Processing /home/airflow/.local/lib/python3.8/site-packages/airflow/example_dags/example_time_delta_sensor_async.py took 0.065 seconds
[2022-04-06 04:46:53,861] {processor.py:163} INFO - Started process (PID=752) to work on /home/airflow/.local/lib/python3.8/site-packages/airflow/example_dags/example_time_delta_sensor_async.py
[2022-04-06 04:46:53,862] {processor.py:642} INFO - Processing file /home/airflow/.local/lib/python3.8/site-packages/airflow/example_dags/example_time_delta_sensor_async.py for tasks to queue
[2022-04-06 04:46:53,862] {logging_mixin.py:109} INFO - [2022-04-06 04:46:53,862] {dagbag.py:500} INFO - Filling up the DagBag from /home/airflow/.local/lib/python3.8/site-packages/airflow/example_dags/example_time_delta_sensor_async.py
[2022-04-06 04:46:53,885] {processor.py:654} INFO - DAG(s) dict_keys(['example_time_delta_sensor_async']) retrieved from /home/airflow/.local/lib/python3.8/site-packages/airflow/example_dags/example_time_delta_sensor_async.py
[2022-04-06 04:46:53,895] {logging_mixin.py:109} INFO - [2022-04-06 04:46:53,895] {dag.py:2396} INFO - Sync 1 DAGs
[2022-04-06 04:46:53,911] {logging_mixin.py:109} INFO - [2022-04-06 04:46:53,911] {dag.py:2935} INFO - Setting next_dagrun for example_time_delta_sensor_async to None
[2022-04-06 04:46:53,919] {processor.py:171} INFO - Processing /home/airflow/.local/lib/python3.8/site-packages/airflow/example_dags/example_time_delta_sensor_async.py took 0.062 seconds
[2022-04-06 04:47:24,039] {processor.py:163} INFO - Started process (PID=810) to work on /home/airflow/.local/lib/python3.8/site-packages/airflow/example_dags/example_time_delta_sensor_async.py
[2022-04-06 04:47:24,039] {processor.py:642} INFO - Processing file /home/airflow/.local/lib/python3.8/site-packages/airflow/example_dags/example_time_delta_sensor_async.py for tasks to queue
[2022-04-06 04:47:24,040] {logging_mixin.py:109} INFO - [2022-04-06 04:47:24,040] {dagbag.py:500} INFO - Filling up the DagBag from /home/airflow/.local/lib/python3.8/site-packages/airflow/example_dags/example_time_delta_sensor_async.py
[2022-04-06 04:47:24,061] {processor.py:654} INFO - DAG(s) dict_keys(['example_time_delta_sensor_async']) retrieved from /home/airflow/.local/lib/python3.8/site-packages/airflow/example_dags/example_time_delta_sensor_async.py
[2022-04-06 04:47:24,068] {logging_mixin.py:109} INFO - [2022-04-06 04:47:24,068] {dag.py:2396} INFO - Sync 1 DAGs
[2022-04-06 04:47:24,081] {logging_mixin.py:109} INFO - [2022-04-06 04:47:24,081] {dag.py:2935} INFO - Setting next_dagrun for example_time_delta_sensor_async to None
[2022-04-06 04:47:24,088] {processor.py:171} INFO - Processing /home/airflow/.local/lib/python3.8/site-packages/airflow/example_dags/example_time_delta_sensor_async.py took 0.051 seconds
[2022-04-06 04:47:54,360] {processor.py:163} INFO - Started process (PID=868) to work on /home/airflow/.local/lib/python3.8/site-packages/airflow/example_dags/example_time_delta_sensor_async.py
[2022-04-06 04:47:54,361] {processor.py:642} INFO - Processing file /home/airflow/.local/lib/python3.8/site-packages/airflow/example_dags/example_time_delta_sensor_async.py for tasks to queue
[2022-04-06 04:47:54,361] {logging_mixin.py:109} INFO - [2022-04-06 04:47:54,361] {dagbag.py:500} INFO - Filling up the DagBag from /home/airflow/.local/lib/python3.8/site-packages/airflow/example_dags/example_time_delta_sensor_async.py
[2022-04-06 04:47:54,383] {processor.py:654} INFO - DAG(s) dict_keys(['example_time_delta_sensor_async']) retrieved from /home/airflow/.local/lib/python3.8/site-packages/airflow/example_dags/example_time_delta_sensor_async.py
[2022-04-06 04:47:54,392] {logging_mixin.py:109} INFO - [2022-04-06 04:47:54,392] {dag.py:2396} INFO - Sync 1 DAGs
[2022-04-06 04:47:54,409] {logging_mixin.py:109} INFO - [2022-04-06 04:47:54,409] {dag.py:2935} INFO - Setting next_dagrun for example_time_delta_sensor_async to None
[2022-04-06 04:47:54,418] {processor.py:171} INFO - Processing /home/airflow/.local/lib/python3.8/site-packages/airflow/example_dags/example_time_delta_sensor_async.py took 0.060 seconds
[2022-04-06 04:48:24,920] {processor.py:163} INFO - Started process (PID=937) to work on /home/airflow/.local/lib/python3.8/site-packages/airflow/example_dags/example_time_delta_sensor_async.py
[2022-04-06 04:48:24,922] {processor.py:642} INFO - Processing file /home/airflow/.local/lib/python3.8/site-packages/airflow/example_dags/example_time_delta_sensor_async.py for tasks to queue
[2022-04-06 04:48:24,923] {logging_mixin.py:109} INFO - [2022-04-06 04:48:24,923] {dagbag.py:500} INFO - Filling up the DagBag from /home/airflow/.local/lib/python3.8/site-packages/airflow/example_dags/example_time_delta_sensor_async.py
[2022-04-06 04:48:24,949] {processor.py:654} INFO - DAG(s) dict_keys(['example_time_delta_sensor_async']) retrieved from /home/airflow/.local/lib/python3.8/site-packages/airflow/example_dags/example_time_delta_sensor_async.py
[2022-04-06 04:48:24,957] {logging_mixin.py:109} INFO - [2022-04-06 04:48:24,957] {dag.py:2396} INFO - Sync 1 DAGs
[2022-04-06 04:48:24,970] {logging_mixin.py:109} INFO - [2022-04-06 04:48:24,970] {dag.py:2935} INFO - Setting next_dagrun for example_time_delta_sensor_async to None
[2022-04-06 04:48:24,977] {processor.py:171} INFO - Processing /home/airflow/.local/lib/python3.8/site-packages/airflow/example_dags/example_time_delta_sensor_async.py took 0.061 seconds
[2022-04-06 04:48:55,481] {processor.py:163} INFO - Started process (PID=996) to work on /home/airflow/.local/lib/python3.8/site-packages/airflow/example_dags/example_time_delta_sensor_async.py
[2022-04-06 04:48:55,482] {processor.py:642} INFO - Processing file /home/airflow/.local/lib/python3.8/site-packages/airflow/example_dags/example_time_delta_sensor_async.py for tasks to queue
[2022-04-06 04:48:55,483] {logging_mixin.py:109} INFO - [2022-04-06 04:48:55,483] {dagbag.py:500} INFO - Filling up the DagBag from /home/airflow/.local/lib/python3.8/site-packages/airflow/example_dags/example_time_delta_sensor_async.py
[2022-04-06 04:48:55,502] {processor.py:654} INFO - DAG(s) dict_keys(['example_time_delta_sensor_async']) retrieved from /home/airflow/.local/lib/python3.8/site-packages/airflow/example_dags/example_time_delta_sensor_async.py
[2022-04-06 04:48:55,509] {logging_mixin.py:109} INFO - [2022-04-06 04:48:55,509] {dag.py:2396} INFO - Sync 1 DAGs
[2022-04-06 04:48:55,521] {logging_mixin.py:109} INFO - [2022-04-06 04:48:55,521] {dag.py:2935} INFO - Setting next_dagrun for example_time_delta_sensor_async to None
[2022-04-06 04:48:55,528] {processor.py:171} INFO - Processing /home/airflow/.local/lib/python3.8/site-packages/airflow/example_dags/example_time_delta_sensor_async.py took 0.049 seconds
[2022-04-06 04:49:25,860] {processor.py:163} INFO - Started process (PID=1060) to work on /home/airflow/.local/lib/python3.8/site-packages/airflow/example_dags/example_time_delta_sensor_async.py
[2022-04-06 04:49:25,861] {processor.py:642} INFO - Processing file /home/airflow/.local/lib/python3.8/site-packages/airflow/example_dags/example_time_delta_sensor_async.py for tasks to queue
[2022-04-06 04:49:25,861] {logging_mixin.py:109} INFO - [2022-04-06 04:49:25,861] {dagbag.py:500} INFO - Filling up the DagBag from /home/airflow/.local/lib/python3.8/site-packages/airflow/example_dags/example_time_delta_sensor_async.py
[2022-04-06 04:49:25,880] {processor.py:654} INFO - DAG(s) dict_keys(['example_time_delta_sensor_async']) retrieved from /home/airflow/.local/lib/python3.8/site-packages/airflow/example_dags/example_time_delta_sensor_async.py
[2022-04-06 04:49:25,889] {logging_mixin.py:109} INFO - [2022-04-06 04:49:25,888] {dag.py:2396} INFO - Sync 1 DAGs
[2022-04-06 04:49:25,903] {logging_mixin.py:109} INFO - [2022-04-06 04:49:25,903] {dag.py:2935} INFO - Setting next_dagrun for example_time_delta_sensor_async to None
[2022-04-06 04:49:25,910] {processor.py:171} INFO - Processing /home/airflow/.local/lib/python3.8/site-packages/airflow/example_dags/example_time_delta_sensor_async.py took 0.052 seconds
[2022-04-06 04:49:56,097] {processor.py:163} INFO - Started process (PID=1117) to work on /home/airflow/.local/lib/python3.8/site-packages/airflow/example_dags/example_time_delta_sensor_async.py
[2022-04-06 04:49:56,098] {processor.py:642} INFO - Processing file /home/airflow/.local/lib/python3.8/site-packages/airflow/example_dags/example_time_delta_sensor_async.py for tasks to queue
[2022-04-06 04:49:56,098] {logging_mixin.py:109} INFO - [2022-04-06 04:49:56,098] {dagbag.py:500} INFO - Filling up the DagBag from /home/airflow/.local/lib/python3.8/site-packages/airflow/example_dags/example_time_delta_sensor_async.py
[2022-04-06 04:49:56,122] {processor.py:654} INFO - DAG(s) dict_keys(['example_time_delta_sensor_async']) retrieved from /home/airflow/.local/lib/python3.8/site-packages/airflow/example_dags/example_time_delta_sensor_async.py
[2022-04-06 04:49:56,132] {logging_mixin.py:109} INFO - [2022-04-06 04:49:56,132] {dag.py:2396} INFO - Sync 1 DAGs
[2022-04-06 04:49:56,150] {logging_mixin.py:109} INFO - [2022-04-06 04:49:56,150] {dag.py:2935} INFO - Setting next_dagrun for example_time_delta_sensor_async to None
[2022-04-06 04:49:56,159] {processor.py:171} INFO - Processing /home/airflow/.local/lib/python3.8/site-packages/airflow/example_dags/example_time_delta_sensor_async.py took 0.064 seconds
[2022-04-06 04:50:26,687] {processor.py:163} INFO - Started process (PID=1176) to work on /home/airflow/.local/lib/python3.8/site-packages/airflow/example_dags/example_time_delta_sensor_async.py
[2022-04-06 04:50:26,690] {processor.py:642} INFO - Processing file /home/airflow/.local/lib/python3.8/site-packages/airflow/example_dags/example_time_delta_sensor_async.py for tasks to queue
[2022-04-06 04:50:26,691] {logging_mixin.py:109} INFO - [2022-04-06 04:50:26,691] {dagbag.py:500} INFO - Filling up the DagBag from /home/airflow/.local/lib/python3.8/site-packages/airflow/example_dags/example_time_delta_sensor_async.py
[2022-04-06 04:50:26,721] {processor.py:654} INFO - DAG(s) dict_keys(['example_time_delta_sensor_async']) retrieved from /home/airflow/.local/lib/python3.8/site-packages/airflow/example_dags/example_time_delta_sensor_async.py
[2022-04-06 04:50:26,729] {logging_mixin.py:109} INFO - [2022-04-06 04:50:26,729] {dag.py:2396} INFO - Sync 1 DAGs
[2022-04-06 04:50:26,743] {logging_mixin.py:109} INFO - [2022-04-06 04:50:26,743] {dag.py:2935} INFO - Setting next_dagrun for example_time_delta_sensor_async to None
[2022-04-06 04:50:26,751] {processor.py:171} INFO - Processing /home/airflow/.local/lib/python3.8/site-packages/airflow/example_dags/example_time_delta_sensor_async.py took 0.071 seconds
[2022-04-06 04:50:56,903] {processor.py:163} INFO - Started process (PID=1242) to work on /home/airflow/.local/lib/python3.8/site-packages/airflow/example_dags/example_time_delta_sensor_async.py
[2022-04-06 04:50:56,905] {processor.py:642} INFO - Processing file /home/airflow/.local/lib/python3.8/site-packages/airflow/example_dags/example_time_delta_sensor_async.py for tasks to queue
[2022-04-06 04:50:56,907] {logging_mixin.py:109} INFO - [2022-04-06 04:50:56,907] {dagbag.py:500} INFO - Filling up the DagBag from /home/airflow/.local/lib/python3.8/site-packages/airflow/example_dags/example_time_delta_sensor_async.py
[2022-04-06 04:50:56,925] {processor.py:174} ERROR - Got an exception! Propagating...
Traceback (most recent call last):
  File "/home/airflow/.local/lib/python3.8/site-packages/sqlalchemy/engine/base.py", line 2336, in _wrap_pool_connect
    return fn()
  File "/home/airflow/.local/lib/python3.8/site-packages/sqlalchemy/pool/base.py", line 364, in connect
    return _ConnectionFairy._checkout(self)
  File "/home/airflow/.local/lib/python3.8/site-packages/sqlalchemy/pool/base.py", line 778, in _checkout
    fairy = _ConnectionRecord.checkout(pool)
  File "/home/airflow/.local/lib/python3.8/site-packages/sqlalchemy/pool/base.py", line 495, in checkout
    rec = pool._do_get()
  File "/home/airflow/.local/lib/python3.8/site-packages/sqlalchemy/pool/impl.py", line 140, in _do_get
    self._dec_overflow()
  File "/home/airflow/.local/lib/python3.8/site-packages/sqlalchemy/util/langhelpers.py", line 68, in __exit__
    compat.raise_(
  File "/home/airflow/.local/lib/python3.8/site-packages/sqlalchemy/util/compat.py", line 182, in raise_
    raise exception
  File "/home/airflow/.local/lib/python3.8/site-packages/sqlalchemy/pool/impl.py", line 137, in _do_get
    return self._create_connection()
  File "/home/airflow/.local/lib/python3.8/site-packages/sqlalchemy/pool/base.py", line 309, in _create_connection
    return _ConnectionRecord(self)
  File "/home/airflow/.local/lib/python3.8/site-packages/sqlalchemy/pool/base.py", line 440, in __init__
    self.__connect(first_connect_check=True)
  File "/home/airflow/.local/lib/python3.8/site-packages/sqlalchemy/pool/base.py", line 661, in __connect
    pool.logger.debug("Error on connect(): %s", e)
  File "/home/airflow/.local/lib/python3.8/site-packages/sqlalchemy/util/langhelpers.py", line 68, in __exit__
    compat.raise_(
  File "/home/airflow/.local/lib/python3.8/site-packages/sqlalchemy/util/compat.py", line 182, in raise_
    raise exception
  File "/home/airflow/.local/lib/python3.8/site-packages/sqlalchemy/pool/base.py", line 656, in __connect
    connection = pool._invoke_creator(self)
  File "/home/airflow/.local/lib/python3.8/site-packages/sqlalchemy/engine/strategies.py", line 114, in connect
    return dialect.connect(*cargs, **cparams)
  File "/home/airflow/.local/lib/python3.8/site-packages/sqlalchemy/engine/default.py", line 508, in connect
    return self.dbapi.connect(*cargs, **cparams)
  File "/home/airflow/.local/lib/python3.8/site-packages/psycopg2/__init__.py", line 122, in connect
    conn = _connect(dsn, connection_factory=connection_factory, **kwasync)
psycopg2.OperationalError: could not translate host name "postgres1" to address: Temporary failure in name resolution


The above exception was the direct cause of the following exception:

Traceback (most recent call last):
  File "/home/airflow/.local/lib/python3.8/site-packages/airflow/dag_processing/processor.py", line 165, in _run_file_processor
    result: Tuple[int, int] = dag_file_processor.process_file(
  File "/home/airflow/.local/lib/python3.8/site-packages/airflow/utils/session.py", line 70, in wrapper
    return func(*args, session=session, **kwargs)
  File "/home/airflow/.local/lib/python3.8/site-packages/airflow/dag_processing/processor.py", line 651, in process_file
    self._deactivate_missing_dags(session, dagbag, file_path)
  File "/home/airflow/.local/lib/python3.8/site-packages/airflow/dag_processing/processor.py", line 685, in _deactivate_missing_dags
    session.query(DagModel)
  File "/home/airflow/.local/lib/python3.8/site-packages/sqlalchemy/orm/query.py", line 4063, in update
    update_op.exec_()
  File "/home/airflow/.local/lib/python3.8/site-packages/sqlalchemy/orm/persistence.py", line 1696, in exec_
    self._do_pre_synchronize()
  File "/home/airflow/.local/lib/python3.8/site-packages/sqlalchemy/orm/persistence.py", line 1805, in _do_pre_synchronize
    self.matched_rows = session.execute(
  File "/home/airflow/.local/lib/python3.8/site-packages/sqlalchemy/orm/session.py", line 1295, in execute
    return self._connection_for_bind(bind, close_with_result=True).execute(
  File "/home/airflow/.local/lib/python3.8/site-packages/sqlalchemy/orm/session.py", line 1150, in _connection_for_bind
    return self.transaction._connection_for_bind(
  File "/home/airflow/.local/lib/python3.8/site-packages/sqlalchemy/orm/session.py", line 433, in _connection_for_bind
    conn = bind._contextual_connect()
  File "/home/airflow/.local/lib/python3.8/site-packages/sqlalchemy/engine/base.py", line 2302, in _contextual_connect
    self._wrap_pool_connect(self.pool.connect, None),
  File "/home/airflow/.local/lib/python3.8/site-packages/sqlalchemy/engine/base.py", line 2339, in _wrap_pool_connect
    Connection._handle_dbapi_exception_noconnection(
  File "/home/airflow/.local/lib/python3.8/site-packages/sqlalchemy/engine/base.py", line 1583, in _handle_dbapi_exception_noconnection
    util.raise_(
  File "/home/airflow/.local/lib/python3.8/site-packages/sqlalchemy/util/compat.py", line 182, in raise_
    raise exception
  File "/home/airflow/.local/lib/python3.8/site-packages/sqlalchemy/engine/base.py", line 2336, in _wrap_pool_connect
    return fn()
  File "/home/airflow/.local/lib/python3.8/site-packages/sqlalchemy/pool/base.py", line 364, in connect
    return _ConnectionFairy._checkout(self)
  File "/home/airflow/.local/lib/python3.8/site-packages/sqlalchemy/pool/base.py", line 778, in _checkout
    fairy = _ConnectionRecord.checkout(pool)
  File "/home/airflow/.local/lib/python3.8/site-packages/sqlalchemy/pool/base.py", line 495, in checkout
    rec = pool._do_get()
  File "/home/airflow/.local/lib/python3.8/site-packages/sqlalchemy/pool/impl.py", line 140, in _do_get
    self._dec_overflow()
  File "/home/airflow/.local/lib/python3.8/site-packages/sqlalchemy/util/langhelpers.py", line 68, in __exit__
    compat.raise_(
  File "/home/airflow/.local/lib/python3.8/site-packages/sqlalchemy/util/compat.py", line 182, in raise_
    raise exception
  File "/home/airflow/.local/lib/python3.8/site-packages/sqlalchemy/pool/impl.py", line 137, in _do_get
    return self._create_connection()
  File "/home/airflow/.local/lib/python3.8/site-packages/sqlalchemy/pool/base.py", line 309, in _create_connection
    return _ConnectionRecord(self)
  File "/home/airflow/.local/lib/python3.8/site-packages/sqlalchemy/pool/base.py", line 440, in __init__
    self.__connect(first_connect_check=True)
  File "/home/airflow/.local/lib/python3.8/site-packages/sqlalchemy/pool/base.py", line 661, in __connect
    pool.logger.debug("Error on connect(): %s", e)
  File "/home/airflow/.local/lib/python3.8/site-packages/sqlalchemy/util/langhelpers.py", line 68, in __exit__
    compat.raise_(
  File "/home/airflow/.local/lib/python3.8/site-packages/sqlalchemy/util/compat.py", line 182, in raise_
    raise exception
  File "/home/airflow/.local/lib/python3.8/site-packages/sqlalchemy/pool/base.py", line 656, in __connect
    connection = pool._invoke_creator(self)
  File "/home/airflow/.local/lib/python3.8/site-packages/sqlalchemy/engine/strategies.py", line 114, in connect
    return dialect.connect(*cargs, **cparams)
  File "/home/airflow/.local/lib/python3.8/site-packages/sqlalchemy/engine/default.py", line 508, in connect
    return self.dbapi.connect(*cargs, **cparams)
  File "/home/airflow/.local/lib/python3.8/site-packages/psycopg2/__init__.py", line 122, in connect
    conn = _connect(dsn, connection_factory=connection_factory, **kwasync)
sqlalchemy.exc.OperationalError: (psycopg2.OperationalError) could not translate host name "postgres1" to address: Temporary failure in name resolution

(Background on this error at: http://sqlalche.me/e/13/e3q8)
[2022-04-06 04:52:43,469] {processor.py:163} INFO - Started process (PID=67) to work on /home/airflow/.local/lib/python3.8/site-packages/airflow/example_dags/example_time_delta_sensor_async.py
[2022-04-06 04:52:43,471] {processor.py:642} INFO - Processing file /home/airflow/.local/lib/python3.8/site-packages/airflow/example_dags/example_time_delta_sensor_async.py for tasks to queue
[2022-04-06 04:52:43,472] {logging_mixin.py:109} INFO - [2022-04-06 04:52:43,472] {dagbag.py:500} INFO - Filling up the DagBag from /home/airflow/.local/lib/python3.8/site-packages/airflow/example_dags/example_time_delta_sensor_async.py
[2022-04-06 04:52:43,510] {processor.py:654} INFO - DAG(s) dict_keys(['example_time_delta_sensor_async']) retrieved from /home/airflow/.local/lib/python3.8/site-packages/airflow/example_dags/example_time_delta_sensor_async.py
[2022-04-06 04:52:43,519] {logging_mixin.py:109} INFO - [2022-04-06 04:52:43,519] {dag.py:2396} INFO - Sync 1 DAGs
[2022-04-06 04:52:43,535] {logging_mixin.py:109} INFO - [2022-04-06 04:52:43,535] {dag.py:2935} INFO - Setting next_dagrun for example_time_delta_sensor_async to None
[2022-04-06 04:52:43,546] {processor.py:171} INFO - Processing /home/airflow/.local/lib/python3.8/site-packages/airflow/example_dags/example_time_delta_sensor_async.py took 0.080 seconds
[2022-04-06 04:53:13,814] {processor.py:163} INFO - Started process (PID=126) to work on /home/airflow/.local/lib/python3.8/site-packages/airflow/example_dags/example_time_delta_sensor_async.py
[2022-04-06 04:53:13,815] {processor.py:642} INFO - Processing file /home/airflow/.local/lib/python3.8/site-packages/airflow/example_dags/example_time_delta_sensor_async.py for tasks to queue
[2022-04-06 04:53:13,815] {logging_mixin.py:109} INFO - [2022-04-06 04:53:13,815] {dagbag.py:500} INFO - Filling up the DagBag from /home/airflow/.local/lib/python3.8/site-packages/airflow/example_dags/example_time_delta_sensor_async.py
[2022-04-06 04:53:13,837] {processor.py:654} INFO - DAG(s) dict_keys(['example_time_delta_sensor_async']) retrieved from /home/airflow/.local/lib/python3.8/site-packages/airflow/example_dags/example_time_delta_sensor_async.py
[2022-04-06 04:53:13,846] {logging_mixin.py:109} INFO - [2022-04-06 04:53:13,846] {dag.py:2396} INFO - Sync 1 DAGs
[2022-04-06 04:53:13,862] {logging_mixin.py:109} INFO - [2022-04-06 04:53:13,862] {dag.py:2935} INFO - Setting next_dagrun for example_time_delta_sensor_async to None
[2022-04-06 04:53:13,871] {processor.py:171} INFO - Processing /home/airflow/.local/lib/python3.8/site-packages/airflow/example_dags/example_time_delta_sensor_async.py took 0.059 seconds
[2022-04-06 04:53:45,144] {processor.py:163} INFO - Started process (PID=192) to work on /home/airflow/.local/lib/python3.8/site-packages/airflow/example_dags/example_time_delta_sensor_async.py
[2022-04-06 04:53:45,144] {processor.py:642} INFO - Processing file /home/airflow/.local/lib/python3.8/site-packages/airflow/example_dags/example_time_delta_sensor_async.py for tasks to queue
[2022-04-06 04:53:45,145] {logging_mixin.py:109} INFO - [2022-04-06 04:53:45,145] {dagbag.py:500} INFO - Filling up the DagBag from /home/airflow/.local/lib/python3.8/site-packages/airflow/example_dags/example_time_delta_sensor_async.py
[2022-04-06 04:53:45,166] {processor.py:654} INFO - DAG(s) dict_keys(['example_time_delta_sensor_async']) retrieved from /home/airflow/.local/lib/python3.8/site-packages/airflow/example_dags/example_time_delta_sensor_async.py
[2022-04-06 04:53:45,177] {logging_mixin.py:109} INFO - [2022-04-06 04:53:45,177] {dag.py:2396} INFO - Sync 1 DAGs
[2022-04-06 04:53:45,210] {logging_mixin.py:109} INFO - [2022-04-06 04:53:45,210] {dag.py:2935} INFO - Setting next_dagrun for example_time_delta_sensor_async to None
[2022-04-06 04:53:45,220] {processor.py:171} INFO - Processing /home/airflow/.local/lib/python3.8/site-packages/airflow/example_dags/example_time_delta_sensor_async.py took 0.079 seconds
[2022-04-06 04:54:15,700] {processor.py:163} INFO - Started process (PID=249) to work on /home/airflow/.local/lib/python3.8/site-packages/airflow/example_dags/example_time_delta_sensor_async.py
[2022-04-06 04:54:15,701] {processor.py:642} INFO - Processing file /home/airflow/.local/lib/python3.8/site-packages/airflow/example_dags/example_time_delta_sensor_async.py for tasks to queue
[2022-04-06 04:54:15,701] {logging_mixin.py:109} INFO - [2022-04-06 04:54:15,701] {dagbag.py:500} INFO - Filling up the DagBag from /home/airflow/.local/lib/python3.8/site-packages/airflow/example_dags/example_time_delta_sensor_async.py
[2022-04-06 04:54:15,721] {processor.py:654} INFO - DAG(s) dict_keys(['example_time_delta_sensor_async']) retrieved from /home/airflow/.local/lib/python3.8/site-packages/airflow/example_dags/example_time_delta_sensor_async.py
[2022-04-06 04:54:15,729] {logging_mixin.py:109} INFO - [2022-04-06 04:54:15,729] {dag.py:2396} INFO - Sync 1 DAGs
[2022-04-06 04:54:15,741] {logging_mixin.py:109} INFO - [2022-04-06 04:54:15,741] {dag.py:2935} INFO - Setting next_dagrun for example_time_delta_sensor_async to None
[2022-04-06 04:54:15,749] {processor.py:171} INFO - Processing /home/airflow/.local/lib/python3.8/site-packages/airflow/example_dags/example_time_delta_sensor_async.py took 0.051 seconds
[2022-04-06 04:54:47,013] {processor.py:163} INFO - Started process (PID=316) to work on /home/airflow/.local/lib/python3.8/site-packages/airflow/example_dags/example_time_delta_sensor_async.py
[2022-04-06 04:54:47,014] {processor.py:642} INFO - Processing file /home/airflow/.local/lib/python3.8/site-packages/airflow/example_dags/example_time_delta_sensor_async.py for tasks to queue
[2022-04-06 04:54:47,015] {logging_mixin.py:109} INFO - [2022-04-06 04:54:47,015] {dagbag.py:500} INFO - Filling up the DagBag from /home/airflow/.local/lib/python3.8/site-packages/airflow/example_dags/example_time_delta_sensor_async.py
[2022-04-06 04:54:47,042] {processor.py:654} INFO - DAG(s) dict_keys(['example_time_delta_sensor_async']) retrieved from /home/airflow/.local/lib/python3.8/site-packages/airflow/example_dags/example_time_delta_sensor_async.py
[2022-04-06 04:54:47,056] {logging_mixin.py:109} INFO - [2022-04-06 04:54:47,056] {dag.py:2396} INFO - Sync 1 DAGs
[2022-04-06 04:54:47,076] {logging_mixin.py:109} INFO - [2022-04-06 04:54:47,076] {dag.py:2935} INFO - Setting next_dagrun for example_time_delta_sensor_async to None
[2022-04-06 04:54:47,088] {processor.py:171} INFO - Processing /home/airflow/.local/lib/python3.8/site-packages/airflow/example_dags/example_time_delta_sensor_async.py took 0.078 seconds
[2022-04-06 04:55:17,452] {processor.py:163} INFO - Started process (PID=372) to work on /home/airflow/.local/lib/python3.8/site-packages/airflow/example_dags/example_time_delta_sensor_async.py
[2022-04-06 04:55:17,453] {processor.py:642} INFO - Processing file /home/airflow/.local/lib/python3.8/site-packages/airflow/example_dags/example_time_delta_sensor_async.py for tasks to queue
[2022-04-06 04:55:17,453] {logging_mixin.py:109} INFO - [2022-04-06 04:55:17,453] {dagbag.py:500} INFO - Filling up the DagBag from /home/airflow/.local/lib/python3.8/site-packages/airflow/example_dags/example_time_delta_sensor_async.py
[2022-04-06 04:55:17,477] {processor.py:654} INFO - DAG(s) dict_keys(['example_time_delta_sensor_async']) retrieved from /home/airflow/.local/lib/python3.8/site-packages/airflow/example_dags/example_time_delta_sensor_async.py
[2022-04-06 04:55:17,487] {logging_mixin.py:109} INFO - [2022-04-06 04:55:17,487] {dag.py:2396} INFO - Sync 1 DAGs
[2022-04-06 04:55:17,503] {logging_mixin.py:109} INFO - [2022-04-06 04:55:17,503] {dag.py:2935} INFO - Setting next_dagrun for example_time_delta_sensor_async to None
[2022-04-06 04:55:17,510] {processor.py:171} INFO - Processing /home/airflow/.local/lib/python3.8/site-packages/airflow/example_dags/example_time_delta_sensor_async.py took 0.060 seconds
[2022-04-06 04:55:47,529] {processor.py:163} INFO - Started process (PID=421) to work on /home/airflow/.local/lib/python3.8/site-packages/airflow/example_dags/example_time_delta_sensor_async.py
[2022-04-06 04:55:47,530] {processor.py:642} INFO - Processing file /home/airflow/.local/lib/python3.8/site-packages/airflow/example_dags/example_time_delta_sensor_async.py for tasks to queue
[2022-04-06 04:55:47,531] {logging_mixin.py:109} INFO - [2022-04-06 04:55:47,531] {dagbag.py:500} INFO - Filling up the DagBag from /home/airflow/.local/lib/python3.8/site-packages/airflow/example_dags/example_time_delta_sensor_async.py
[2022-04-06 04:55:47,551] {processor.py:654} INFO - DAG(s) dict_keys(['example_time_delta_sensor_async']) retrieved from /home/airflow/.local/lib/python3.8/site-packages/airflow/example_dags/example_time_delta_sensor_async.py
[2022-04-06 04:55:47,559] {logging_mixin.py:109} INFO - [2022-04-06 04:55:47,559] {dag.py:2396} INFO - Sync 1 DAGs
[2022-04-06 04:55:47,572] {logging_mixin.py:109} INFO - [2022-04-06 04:55:47,572] {dag.py:2935} INFO - Setting next_dagrun for example_time_delta_sensor_async to None
[2022-04-06 04:55:47,579] {processor.py:171} INFO - Processing /home/airflow/.local/lib/python3.8/site-packages/airflow/example_dags/example_time_delta_sensor_async.py took 0.052 seconds
[2022-04-06 04:56:17,802] {processor.py:163} INFO - Started process (PID=486) to work on /home/airflow/.local/lib/python3.8/site-packages/airflow/example_dags/example_time_delta_sensor_async.py
[2022-04-06 04:56:17,803] {processor.py:642} INFO - Processing file /home/airflow/.local/lib/python3.8/site-packages/airflow/example_dags/example_time_delta_sensor_async.py for tasks to queue
[2022-04-06 04:56:17,804] {logging_mixin.py:109} INFO - [2022-04-06 04:56:17,803] {dagbag.py:500} INFO - Filling up the DagBag from /home/airflow/.local/lib/python3.8/site-packages/airflow/example_dags/example_time_delta_sensor_async.py
[2022-04-06 04:56:17,827] {processor.py:654} INFO - DAG(s) dict_keys(['example_time_delta_sensor_async']) retrieved from /home/airflow/.local/lib/python3.8/site-packages/airflow/example_dags/example_time_delta_sensor_async.py
[2022-04-06 04:56:17,837] {logging_mixin.py:109} INFO - [2022-04-06 04:56:17,837] {dag.py:2396} INFO - Sync 1 DAGs
[2022-04-06 04:56:17,854] {logging_mixin.py:109} INFO - [2022-04-06 04:56:17,854] {dag.py:2935} INFO - Setting next_dagrun for example_time_delta_sensor_async to None
[2022-04-06 04:56:17,863] {processor.py:171} INFO - Processing /home/airflow/.local/lib/python3.8/site-packages/airflow/example_dags/example_time_delta_sensor_async.py took 0.064 seconds
[2022-04-06 04:56:48,243] {processor.py:163} INFO - Started process (PID=543) to work on /home/airflow/.local/lib/python3.8/site-packages/airflow/example_dags/example_time_delta_sensor_async.py
[2022-04-06 04:56:48,244] {processor.py:642} INFO - Processing file /home/airflow/.local/lib/python3.8/site-packages/airflow/example_dags/example_time_delta_sensor_async.py for tasks to queue
[2022-04-06 04:56:48,244] {logging_mixin.py:109} INFO - [2022-04-06 04:56:48,244] {dagbag.py:500} INFO - Filling up the DagBag from /home/airflow/.local/lib/python3.8/site-packages/airflow/example_dags/example_time_delta_sensor_async.py
[2022-04-06 04:56:48,267] {processor.py:654} INFO - DAG(s) dict_keys(['example_time_delta_sensor_async']) retrieved from /home/airflow/.local/lib/python3.8/site-packages/airflow/example_dags/example_time_delta_sensor_async.py
[2022-04-06 04:56:48,275] {logging_mixin.py:109} INFO - [2022-04-06 04:56:48,275] {dag.py:2396} INFO - Sync 1 DAGs
[2022-04-06 04:56:48,289] {logging_mixin.py:109} INFO - [2022-04-06 04:56:48,289] {dag.py:2935} INFO - Setting next_dagrun for example_time_delta_sensor_async to None
[2022-04-06 04:56:48,297] {processor.py:171} INFO - Processing /home/airflow/.local/lib/python3.8/site-packages/airflow/example_dags/example_time_delta_sensor_async.py took 0.056 seconds
[2022-04-06 04:57:18,485] {processor.py:163} INFO - Started process (PID=600) to work on /home/airflow/.local/lib/python3.8/site-packages/airflow/example_dags/example_time_delta_sensor_async.py
[2022-04-06 04:57:18,485] {processor.py:642} INFO - Processing file /home/airflow/.local/lib/python3.8/site-packages/airflow/example_dags/example_time_delta_sensor_async.py for tasks to queue
[2022-04-06 04:57:18,486] {logging_mixin.py:109} INFO - [2022-04-06 04:57:18,486] {dagbag.py:500} INFO - Filling up the DagBag from /home/airflow/.local/lib/python3.8/site-packages/airflow/example_dags/example_time_delta_sensor_async.py
[2022-04-06 04:57:18,511] {processor.py:654} INFO - DAG(s) dict_keys(['example_time_delta_sensor_async']) retrieved from /home/airflow/.local/lib/python3.8/site-packages/airflow/example_dags/example_time_delta_sensor_async.py
[2022-04-06 04:57:18,520] {logging_mixin.py:109} INFO - [2022-04-06 04:57:18,520] {dag.py:2396} INFO - Sync 1 DAGs
[2022-04-06 04:57:18,535] {logging_mixin.py:109} INFO - [2022-04-06 04:57:18,535] {dag.py:2935} INFO - Setting next_dagrun for example_time_delta_sensor_async to None
[2022-04-06 04:57:18,562] {processor.py:171} INFO - Processing /home/airflow/.local/lib/python3.8/site-packages/airflow/example_dags/example_time_delta_sensor_async.py took 0.080 seconds
[2022-04-06 05:02:31,832] {processor.py:163} INFO - Started process (PID=67) to work on /home/airflow/.local/lib/python3.8/site-packages/airflow/example_dags/example_time_delta_sensor_async.py
[2022-04-06 05:02:31,833] {processor.py:642} INFO - Processing file /home/airflow/.local/lib/python3.8/site-packages/airflow/example_dags/example_time_delta_sensor_async.py for tasks to queue
[2022-04-06 05:02:31,834] {logging_mixin.py:109} INFO - [2022-04-06 05:02:31,833] {dagbag.py:500} INFO - Filling up the DagBag from /home/airflow/.local/lib/python3.8/site-packages/airflow/example_dags/example_time_delta_sensor_async.py
[2022-04-06 05:02:31,858] {processor.py:654} INFO - DAG(s) dict_keys(['example_time_delta_sensor_async']) retrieved from /home/airflow/.local/lib/python3.8/site-packages/airflow/example_dags/example_time_delta_sensor_async.py
[2022-04-06 05:02:31,868] {logging_mixin.py:109} INFO - [2022-04-06 05:02:31,868] {dag.py:2396} INFO - Sync 1 DAGs
[2022-04-06 05:02:31,884] {logging_mixin.py:109} INFO - [2022-04-06 05:02:31,884] {dag.py:2935} INFO - Setting next_dagrun for example_time_delta_sensor_async to None
[2022-04-06 05:02:31,893] {processor.py:171} INFO - Processing /home/airflow/.local/lib/python3.8/site-packages/airflow/example_dags/example_time_delta_sensor_async.py took 0.064 seconds
[2022-04-06 05:03:03,243] {processor.py:163} INFO - Started process (PID=134) to work on /home/airflow/.local/lib/python3.8/site-packages/airflow/example_dags/example_time_delta_sensor_async.py
[2022-04-06 05:03:03,244] {processor.py:642} INFO - Processing file /home/airflow/.local/lib/python3.8/site-packages/airflow/example_dags/example_time_delta_sensor_async.py for tasks to queue
[2022-04-06 05:03:03,244] {logging_mixin.py:109} INFO - [2022-04-06 05:03:03,244] {dagbag.py:500} INFO - Filling up the DagBag from /home/airflow/.local/lib/python3.8/site-packages/airflow/example_dags/example_time_delta_sensor_async.py
[2022-04-06 05:03:03,266] {processor.py:654} INFO - DAG(s) dict_keys(['example_time_delta_sensor_async']) retrieved from /home/airflow/.local/lib/python3.8/site-packages/airflow/example_dags/example_time_delta_sensor_async.py
[2022-04-06 05:03:03,274] {logging_mixin.py:109} INFO - [2022-04-06 05:03:03,274] {dag.py:2396} INFO - Sync 1 DAGs
[2022-04-06 05:03:03,288] {logging_mixin.py:109} INFO - [2022-04-06 05:03:03,288] {dag.py:2935} INFO - Setting next_dagrun for example_time_delta_sensor_async to None
[2022-04-06 05:03:03,295] {processor.py:171} INFO - Processing /home/airflow/.local/lib/python3.8/site-packages/airflow/example_dags/example_time_delta_sensor_async.py took 0.055 seconds
[2022-04-06 05:03:34,336] {processor.py:163} INFO - Started process (PID=191) to work on /home/airflow/.local/lib/python3.8/site-packages/airflow/example_dags/example_time_delta_sensor_async.py
[2022-04-06 05:03:34,337] {processor.py:642} INFO - Processing file /home/airflow/.local/lib/python3.8/site-packages/airflow/example_dags/example_time_delta_sensor_async.py for tasks to queue
[2022-04-06 05:03:34,338] {logging_mixin.py:109} INFO - [2022-04-06 05:03:34,337] {dagbag.py:500} INFO - Filling up the DagBag from /home/airflow/.local/lib/python3.8/site-packages/airflow/example_dags/example_time_delta_sensor_async.py
[2022-04-06 05:03:34,356] {processor.py:654} INFO - DAG(s) dict_keys(['example_time_delta_sensor_async']) retrieved from /home/airflow/.local/lib/python3.8/site-packages/airflow/example_dags/example_time_delta_sensor_async.py
[2022-04-06 05:03:34,363] {logging_mixin.py:109} INFO - [2022-04-06 05:03:34,363] {dag.py:2396} INFO - Sync 1 DAGs
[2022-04-06 05:03:34,374] {logging_mixin.py:109} INFO - [2022-04-06 05:03:34,374] {dag.py:2935} INFO - Setting next_dagrun for example_time_delta_sensor_async to None
[2022-04-06 05:03:34,380] {processor.py:171} INFO - Processing /home/airflow/.local/lib/python3.8/site-packages/airflow/example_dags/example_time_delta_sensor_async.py took 0.046 seconds
