[2022-04-06 04:42:52,982] {processor.py:163} INFO - Started process (PID=54) to work on /home/airflow/.local/lib/python3.8/site-packages/airflow/example_dags/example_bash_operator.py
[2022-04-06 04:42:52,984] {processor.py:642} INFO - Processing file /home/airflow/.local/lib/python3.8/site-packages/airflow/example_dags/example_bash_operator.py for tasks to queue
[2022-04-06 04:42:52,985] {logging_mixin.py:109} INFO - [2022-04-06 04:42:52,985] {dagbag.py:500} INFO - Filling up the DagBag from /home/airflow/.local/lib/python3.8/site-packages/airflow/example_dags/example_bash_operator.py
[2022-04-06 04:42:53,031] {processor.py:654} INFO - DAG(s) dict_keys(['example_bash_operator']) retrieved from /home/airflow/.local/lib/python3.8/site-packages/airflow/example_dags/example_bash_operator.py
[2022-04-06 04:42:55,660] {logging_mixin.py:109} WARNING - /home/airflow/.local/lib/python3.8/site-packages/azure/storage/common/_connection.py:82 SyntaxWarning: "is" with a literal. Did you mean "=="?
[2022-04-06 04:42:56,678] {logging_mixin.py:109} INFO - [2022-04-06 04:42:56,678] {manager.py:496} INFO - Created Permission View: can read on DAG:example_bash_operator
[2022-04-06 04:42:56,685] {logging_mixin.py:109} INFO - [2022-04-06 04:42:56,685] {manager.py:496} INFO - Created Permission View: can edit on DAG:example_bash_operator
[2022-04-06 04:42:56,685] {logging_mixin.py:109} INFO - [2022-04-06 04:42:56,685] {dag.py:2396} INFO - Sync 1 DAGs
[2022-04-06 04:42:56,692] {logging_mixin.py:109} INFO - [2022-04-06 04:42:56,691] {dag.py:2415} INFO - Creating ORM DAG for example_bash_operator
[2022-04-06 04:42:56,701] {logging_mixin.py:109} INFO - [2022-04-06 04:42:56,701] {dag.py:2935} INFO - Setting next_dagrun for example_bash_operator to 2022-04-05 00:00:00+00:00
[2022-04-06 04:42:56,716] {processor.py:171} INFO - Processing /home/airflow/.local/lib/python3.8/site-packages/airflow/example_dags/example_bash_operator.py took 3.738 seconds
[2022-04-06 04:43:28,280] {processor.py:163} INFO - Started process (PID=344) to work on /home/airflow/.local/lib/python3.8/site-packages/airflow/example_dags/example_bash_operator.py
[2022-04-06 04:43:28,281] {processor.py:642} INFO - Processing file /home/airflow/.local/lib/python3.8/site-packages/airflow/example_dags/example_bash_operator.py for tasks to queue
[2022-04-06 04:43:28,281] {logging_mixin.py:109} INFO - [2022-04-06 04:43:28,281] {dagbag.py:500} INFO - Filling up the DagBag from /home/airflow/.local/lib/python3.8/site-packages/airflow/example_dags/example_bash_operator.py
[2022-04-06 04:43:28,309] {processor.py:654} INFO - DAG(s) dict_keys(['example_bash_operator']) retrieved from /home/airflow/.local/lib/python3.8/site-packages/airflow/example_dags/example_bash_operator.py
[2022-04-06 04:43:28,320] {logging_mixin.py:109} INFO - [2022-04-06 04:43:28,320] {dag.py:2396} INFO - Sync 1 DAGs
[2022-04-06 04:43:28,336] {logging_mixin.py:109} INFO - [2022-04-06 04:43:28,336] {dag.py:2935} INFO - Setting next_dagrun for example_bash_operator to 2022-04-05 00:00:00+00:00
[2022-04-06 04:43:28,343] {processor.py:171} INFO - Processing /home/airflow/.local/lib/python3.8/site-packages/airflow/example_dags/example_bash_operator.py took 0.067 seconds
[2022-04-06 04:43:58,496] {processor.py:163} INFO - Started process (PID=397) to work on /home/airflow/.local/lib/python3.8/site-packages/airflow/example_dags/example_bash_operator.py
[2022-04-06 04:43:58,497] {processor.py:642} INFO - Processing file /home/airflow/.local/lib/python3.8/site-packages/airflow/example_dags/example_bash_operator.py for tasks to queue
[2022-04-06 04:43:58,497] {logging_mixin.py:109} INFO - [2022-04-06 04:43:58,497] {dagbag.py:500} INFO - Filling up the DagBag from /home/airflow/.local/lib/python3.8/site-packages/airflow/example_dags/example_bash_operator.py
[2022-04-06 04:43:58,521] {processor.py:654} INFO - DAG(s) dict_keys(['example_bash_operator']) retrieved from /home/airflow/.local/lib/python3.8/site-packages/airflow/example_dags/example_bash_operator.py
[2022-04-06 04:43:58,533] {logging_mixin.py:109} INFO - [2022-04-06 04:43:58,533] {dag.py:2396} INFO - Sync 1 DAGs
[2022-04-06 04:43:58,550] {logging_mixin.py:109} INFO - [2022-04-06 04:43:58,550] {dag.py:2935} INFO - Setting next_dagrun for example_bash_operator to 2022-04-05 00:00:00+00:00
[2022-04-06 04:43:58,558] {processor.py:171} INFO - Processing /home/airflow/.local/lib/python3.8/site-packages/airflow/example_dags/example_bash_operator.py took 0.064 seconds
[2022-04-06 04:44:28,819] {processor.py:163} INFO - Started process (PID=455) to work on /home/airflow/.local/lib/python3.8/site-packages/airflow/example_dags/example_bash_operator.py
[2022-04-06 04:44:28,822] {processor.py:642} INFO - Processing file /home/airflow/.local/lib/python3.8/site-packages/airflow/example_dags/example_bash_operator.py for tasks to queue
[2022-04-06 04:44:28,823] {logging_mixin.py:109} INFO - [2022-04-06 04:44:28,823] {dagbag.py:500} INFO - Filling up the DagBag from /home/airflow/.local/lib/python3.8/site-packages/airflow/example_dags/example_bash_operator.py
[2022-04-06 04:44:28,856] {processor.py:654} INFO - DAG(s) dict_keys(['example_bash_operator']) retrieved from /home/airflow/.local/lib/python3.8/site-packages/airflow/example_dags/example_bash_operator.py
[2022-04-06 04:44:28,866] {logging_mixin.py:109} INFO - [2022-04-06 04:44:28,866] {dag.py:2396} INFO - Sync 1 DAGs
[2022-04-06 04:44:28,881] {logging_mixin.py:109} INFO - [2022-04-06 04:44:28,881] {dag.py:2935} INFO - Setting next_dagrun for example_bash_operator to 2022-04-05 00:00:00+00:00
[2022-04-06 04:44:28,889] {processor.py:171} INFO - Processing /home/airflow/.local/lib/python3.8/site-packages/airflow/example_dags/example_bash_operator.py took 0.078 seconds
[2022-04-06 04:44:59,031] {processor.py:163} INFO - Started process (PID=521) to work on /home/airflow/.local/lib/python3.8/site-packages/airflow/example_dags/example_bash_operator.py
[2022-04-06 04:44:59,032] {processor.py:642} INFO - Processing file /home/airflow/.local/lib/python3.8/site-packages/airflow/example_dags/example_bash_operator.py for tasks to queue
[2022-04-06 04:44:59,033] {logging_mixin.py:109} INFO - [2022-04-06 04:44:59,033] {dagbag.py:500} INFO - Filling up the DagBag from /home/airflow/.local/lib/python3.8/site-packages/airflow/example_dags/example_bash_operator.py
[2022-04-06 04:44:59,061] {processor.py:654} INFO - DAG(s) dict_keys(['example_bash_operator']) retrieved from /home/airflow/.local/lib/python3.8/site-packages/airflow/example_dags/example_bash_operator.py
[2022-04-06 04:44:59,072] {logging_mixin.py:109} INFO - [2022-04-06 04:44:59,072] {dag.py:2396} INFO - Sync 1 DAGs
[2022-04-06 04:44:59,090] {logging_mixin.py:109} INFO - [2022-04-06 04:44:59,090] {dag.py:2935} INFO - Setting next_dagrun for example_bash_operator to 2022-04-05 00:00:00+00:00
[2022-04-06 04:44:59,099] {processor.py:171} INFO - Processing /home/airflow/.local/lib/python3.8/site-packages/airflow/example_dags/example_bash_operator.py took 0.070 seconds
[2022-04-06 04:45:29,167] {processor.py:163} INFO - Started process (PID=578) to work on /home/airflow/.local/lib/python3.8/site-packages/airflow/example_dags/example_bash_operator.py
[2022-04-06 04:45:29,168] {processor.py:642} INFO - Processing file /home/airflow/.local/lib/python3.8/site-packages/airflow/example_dags/example_bash_operator.py for tasks to queue
[2022-04-06 04:45:29,168] {logging_mixin.py:109} INFO - [2022-04-06 04:45:29,168] {dagbag.py:500} INFO - Filling up the DagBag from /home/airflow/.local/lib/python3.8/site-packages/airflow/example_dags/example_bash_operator.py
[2022-04-06 04:45:29,190] {processor.py:654} INFO - DAG(s) dict_keys(['example_bash_operator']) retrieved from /home/airflow/.local/lib/python3.8/site-packages/airflow/example_dags/example_bash_operator.py
[2022-04-06 04:45:29,199] {logging_mixin.py:109} INFO - [2022-04-06 04:45:29,199] {dag.py:2396} INFO - Sync 1 DAGs
[2022-04-06 04:45:29,212] {logging_mixin.py:109} INFO - [2022-04-06 04:45:29,212] {dag.py:2935} INFO - Setting next_dagrun for example_bash_operator to 2022-04-05 00:00:00+00:00
[2022-04-06 04:45:29,220] {processor.py:171} INFO - Processing /home/airflow/.local/lib/python3.8/site-packages/airflow/example_dags/example_bash_operator.py took 0.055 seconds
[2022-04-06 04:45:59,303] {processor.py:163} INFO - Started process (PID=635) to work on /home/airflow/.local/lib/python3.8/site-packages/airflow/example_dags/example_bash_operator.py
[2022-04-06 04:45:59,304] {processor.py:642} INFO - Processing file /home/airflow/.local/lib/python3.8/site-packages/airflow/example_dags/example_bash_operator.py for tasks to queue
[2022-04-06 04:45:59,304] {logging_mixin.py:109} INFO - [2022-04-06 04:45:59,304] {dagbag.py:500} INFO - Filling up the DagBag from /home/airflow/.local/lib/python3.8/site-packages/airflow/example_dags/example_bash_operator.py
[2022-04-06 04:45:59,332] {processor.py:654} INFO - DAG(s) dict_keys(['example_bash_operator']) retrieved from /home/airflow/.local/lib/python3.8/site-packages/airflow/example_dags/example_bash_operator.py
[2022-04-06 04:45:59,341] {logging_mixin.py:109} INFO - [2022-04-06 04:45:59,341] {dag.py:2396} INFO - Sync 1 DAGs
[2022-04-06 04:45:59,356] {logging_mixin.py:109} INFO - [2022-04-06 04:45:59,356] {dag.py:2935} INFO - Setting next_dagrun for example_bash_operator to 2022-04-05 00:00:00+00:00
[2022-04-06 04:45:59,364] {processor.py:171} INFO - Processing /home/airflow/.local/lib/python3.8/site-packages/airflow/example_dags/example_bash_operator.py took 0.063 seconds
[2022-04-06 04:46:29,920] {processor.py:163} INFO - Started process (PID=701) to work on /home/airflow/.local/lib/python3.8/site-packages/airflow/example_dags/example_bash_operator.py
[2022-04-06 04:46:29,921] {processor.py:642} INFO - Processing file /home/airflow/.local/lib/python3.8/site-packages/airflow/example_dags/example_bash_operator.py for tasks to queue
[2022-04-06 04:46:29,922] {logging_mixin.py:109} INFO - [2022-04-06 04:46:29,922] {dagbag.py:500} INFO - Filling up the DagBag from /home/airflow/.local/lib/python3.8/site-packages/airflow/example_dags/example_bash_operator.py
[2022-04-06 04:46:29,955] {processor.py:654} INFO - DAG(s) dict_keys(['example_bash_operator']) retrieved from /home/airflow/.local/lib/python3.8/site-packages/airflow/example_dags/example_bash_operator.py
[2022-04-06 04:46:29,964] {logging_mixin.py:109} INFO - [2022-04-06 04:46:29,963] {dag.py:2396} INFO - Sync 1 DAGs
[2022-04-06 04:46:29,977] {logging_mixin.py:109} INFO - [2022-04-06 04:46:29,977] {dag.py:2935} INFO - Setting next_dagrun for example_bash_operator to 2022-04-05 00:00:00+00:00
[2022-04-06 04:46:29,985] {processor.py:171} INFO - Processing /home/airflow/.local/lib/python3.8/site-packages/airflow/example_dags/example_bash_operator.py took 0.070 seconds
[2022-04-06 04:47:00,170] {processor.py:163} INFO - Started process (PID=758) to work on /home/airflow/.local/lib/python3.8/site-packages/airflow/example_dags/example_bash_operator.py
[2022-04-06 04:47:00,171] {processor.py:642} INFO - Processing file /home/airflow/.local/lib/python3.8/site-packages/airflow/example_dags/example_bash_operator.py for tasks to queue
[2022-04-06 04:47:00,172] {logging_mixin.py:109} INFO - [2022-04-06 04:47:00,172] {dagbag.py:500} INFO - Filling up the DagBag from /home/airflow/.local/lib/python3.8/site-packages/airflow/example_dags/example_bash_operator.py
[2022-04-06 04:47:00,200] {processor.py:654} INFO - DAG(s) dict_keys(['example_bash_operator']) retrieved from /home/airflow/.local/lib/python3.8/site-packages/airflow/example_dags/example_bash_operator.py
[2022-04-06 04:47:00,209] {logging_mixin.py:109} INFO - [2022-04-06 04:47:00,208] {dag.py:2396} INFO - Sync 1 DAGs
[2022-04-06 04:47:00,224] {logging_mixin.py:109} INFO - [2022-04-06 04:47:00,224] {dag.py:2935} INFO - Setting next_dagrun for example_bash_operator to 2022-04-05 00:00:00+00:00
[2022-04-06 04:47:00,231] {processor.py:171} INFO - Processing /home/airflow/.local/lib/python3.8/site-packages/airflow/example_dags/example_bash_operator.py took 0.066 seconds
[2022-04-06 04:47:30,282] {processor.py:163} INFO - Started process (PID=825) to work on /home/airflow/.local/lib/python3.8/site-packages/airflow/example_dags/example_bash_operator.py
[2022-04-06 04:47:30,283] {processor.py:642} INFO - Processing file /home/airflow/.local/lib/python3.8/site-packages/airflow/example_dags/example_bash_operator.py for tasks to queue
[2022-04-06 04:47:30,284] {logging_mixin.py:109} INFO - [2022-04-06 04:47:30,283] {dagbag.py:500} INFO - Filling up the DagBag from /home/airflow/.local/lib/python3.8/site-packages/airflow/example_dags/example_bash_operator.py
[2022-04-06 04:47:30,312] {processor.py:654} INFO - DAG(s) dict_keys(['example_bash_operator']) retrieved from /home/airflow/.local/lib/python3.8/site-packages/airflow/example_dags/example_bash_operator.py
[2022-04-06 04:47:30,322] {logging_mixin.py:109} INFO - [2022-04-06 04:47:30,322] {dag.py:2396} INFO - Sync 1 DAGs
[2022-04-06 04:47:30,338] {logging_mixin.py:109} INFO - [2022-04-06 04:47:30,338] {dag.py:2935} INFO - Setting next_dagrun for example_bash_operator to 2022-04-05 00:00:00+00:00
[2022-04-06 04:47:30,347] {processor.py:171} INFO - Processing /home/airflow/.local/lib/python3.8/site-packages/airflow/example_dags/example_bash_operator.py took 0.068 seconds
[2022-04-06 04:48:00,598] {processor.py:163} INFO - Started process (PID=884) to work on /home/airflow/.local/lib/python3.8/site-packages/airflow/example_dags/example_bash_operator.py
[2022-04-06 04:48:00,601] {processor.py:642} INFO - Processing file /home/airflow/.local/lib/python3.8/site-packages/airflow/example_dags/example_bash_operator.py for tasks to queue
[2022-04-06 04:48:00,602] {logging_mixin.py:109} INFO - [2022-04-06 04:48:00,602] {dagbag.py:500} INFO - Filling up the DagBag from /home/airflow/.local/lib/python3.8/site-packages/airflow/example_dags/example_bash_operator.py
[2022-04-06 04:48:00,633] {processor.py:654} INFO - DAG(s) dict_keys(['example_bash_operator']) retrieved from /home/airflow/.local/lib/python3.8/site-packages/airflow/example_dags/example_bash_operator.py
[2022-04-06 04:48:00,641] {logging_mixin.py:109} INFO - [2022-04-06 04:48:00,641] {dag.py:2396} INFO - Sync 1 DAGs
[2022-04-06 04:48:00,655] {logging_mixin.py:109} INFO - [2022-04-06 04:48:00,655] {dag.py:2935} INFO - Setting next_dagrun for example_bash_operator to 2022-04-05 00:00:00+00:00
[2022-04-06 04:48:00,663] {processor.py:171} INFO - Processing /home/airflow/.local/lib/python3.8/site-packages/airflow/example_dags/example_bash_operator.py took 0.072 seconds
[2022-04-06 04:48:31,241] {processor.py:163} INFO - Started process (PID=943) to work on /home/airflow/.local/lib/python3.8/site-packages/airflow/example_dags/example_bash_operator.py
[2022-04-06 04:48:31,244] {processor.py:642} INFO - Processing file /home/airflow/.local/lib/python3.8/site-packages/airflow/example_dags/example_bash_operator.py for tasks to queue
[2022-04-06 04:48:31,246] {logging_mixin.py:109} INFO - [2022-04-06 04:48:31,245] {dagbag.py:500} INFO - Filling up the DagBag from /home/airflow/.local/lib/python3.8/site-packages/airflow/example_dags/example_bash_operator.py
[2022-04-06 04:48:31,280] {processor.py:654} INFO - DAG(s) dict_keys(['example_bash_operator']) retrieved from /home/airflow/.local/lib/python3.8/site-packages/airflow/example_dags/example_bash_operator.py
[2022-04-06 04:48:31,289] {logging_mixin.py:109} INFO - [2022-04-06 04:48:31,289] {dag.py:2396} INFO - Sync 1 DAGs
[2022-04-06 04:48:31,303] {logging_mixin.py:109} INFO - [2022-04-06 04:48:31,303] {dag.py:2935} INFO - Setting next_dagrun for example_bash_operator to 2022-04-05 00:00:00+00:00
[2022-04-06 04:48:31,311] {processor.py:171} INFO - Processing /home/airflow/.local/lib/python3.8/site-packages/airflow/example_dags/example_bash_operator.py took 0.077 seconds
[2022-04-06 04:49:01,646] {processor.py:163} INFO - Started process (PID=1018) to work on /home/airflow/.local/lib/python3.8/site-packages/airflow/example_dags/example_bash_operator.py
[2022-04-06 04:49:01,647] {processor.py:642} INFO - Processing file /home/airflow/.local/lib/python3.8/site-packages/airflow/example_dags/example_bash_operator.py for tasks to queue
[2022-04-06 04:49:01,648] {logging_mixin.py:109} INFO - [2022-04-06 04:49:01,648] {dagbag.py:500} INFO - Filling up the DagBag from /home/airflow/.local/lib/python3.8/site-packages/airflow/example_dags/example_bash_operator.py
[2022-04-06 04:49:01,674] {processor.py:654} INFO - DAG(s) dict_keys(['example_bash_operator']) retrieved from /home/airflow/.local/lib/python3.8/site-packages/airflow/example_dags/example_bash_operator.py
[2022-04-06 04:49:01,686] {logging_mixin.py:109} INFO - [2022-04-06 04:49:01,686] {dag.py:2396} INFO - Sync 1 DAGs
[2022-04-06 04:49:01,704] {logging_mixin.py:109} INFO - [2022-04-06 04:49:01,704] {dag.py:2935} INFO - Setting next_dagrun for example_bash_operator to 2022-04-05 00:00:00+00:00
[2022-04-06 04:49:01,713] {processor.py:171} INFO - Processing /home/airflow/.local/lib/python3.8/site-packages/airflow/example_dags/example_bash_operator.py took 0.068 seconds
[2022-04-06 04:49:31,817] {processor.py:163} INFO - Started process (PID=1075) to work on /home/airflow/.local/lib/python3.8/site-packages/airflow/example_dags/example_bash_operator.py
[2022-04-06 04:49:31,818] {processor.py:642} INFO - Processing file /home/airflow/.local/lib/python3.8/site-packages/airflow/example_dags/example_bash_operator.py for tasks to queue
[2022-04-06 04:49:31,819] {logging_mixin.py:109} INFO - [2022-04-06 04:49:31,819] {dagbag.py:500} INFO - Filling up the DagBag from /home/airflow/.local/lib/python3.8/site-packages/airflow/example_dags/example_bash_operator.py
[2022-04-06 04:49:31,854] {processor.py:654} INFO - DAG(s) dict_keys(['example_bash_operator']) retrieved from /home/airflow/.local/lib/python3.8/site-packages/airflow/example_dags/example_bash_operator.py
[2022-04-06 04:49:31,867] {logging_mixin.py:109} INFO - [2022-04-06 04:49:31,867] {dag.py:2396} INFO - Sync 1 DAGs
[2022-04-06 04:49:31,886] {logging_mixin.py:109} INFO - [2022-04-06 04:49:31,886] {dag.py:2935} INFO - Setting next_dagrun for example_bash_operator to 2022-04-05 00:00:00+00:00
[2022-04-06 04:49:31,897] {processor.py:171} INFO - Processing /home/airflow/.local/lib/python3.8/site-packages/airflow/example_dags/example_bash_operator.py took 0.082 seconds
[2022-04-06 04:50:02,384] {processor.py:163} INFO - Started process (PID=1132) to work on /home/airflow/.local/lib/python3.8/site-packages/airflow/example_dags/example_bash_operator.py
[2022-04-06 04:50:02,384] {processor.py:642} INFO - Processing file /home/airflow/.local/lib/python3.8/site-packages/airflow/example_dags/example_bash_operator.py for tasks to queue
[2022-04-06 04:50:02,385] {logging_mixin.py:109} INFO - [2022-04-06 04:50:02,385] {dagbag.py:500} INFO - Filling up the DagBag from /home/airflow/.local/lib/python3.8/site-packages/airflow/example_dags/example_bash_operator.py
[2022-04-06 04:50:02,416] {processor.py:654} INFO - DAG(s) dict_keys(['example_bash_operator']) retrieved from /home/airflow/.local/lib/python3.8/site-packages/airflow/example_dags/example_bash_operator.py
[2022-04-06 04:50:02,427] {logging_mixin.py:109} INFO - [2022-04-06 04:50:02,427] {dag.py:2396} INFO - Sync 1 DAGs
[2022-04-06 04:50:02,448] {logging_mixin.py:109} INFO - [2022-04-06 04:50:02,448] {dag.py:2935} INFO - Setting next_dagrun for example_bash_operator to 2022-04-05 00:00:00+00:00
[2022-04-06 04:50:02,459] {processor.py:171} INFO - Processing /home/airflow/.local/lib/python3.8/site-packages/airflow/example_dags/example_bash_operator.py took 0.079 seconds
[2022-04-06 04:50:32,581] {processor.py:163} INFO - Started process (PID=1200) to work on /home/airflow/.local/lib/python3.8/site-packages/airflow/example_dags/example_bash_operator.py
[2022-04-06 04:50:32,581] {processor.py:642} INFO - Processing file /home/airflow/.local/lib/python3.8/site-packages/airflow/example_dags/example_bash_operator.py for tasks to queue
[2022-04-06 04:50:32,582] {logging_mixin.py:109} INFO - [2022-04-06 04:50:32,582] {dagbag.py:500} INFO - Filling up the DagBag from /home/airflow/.local/lib/python3.8/site-packages/airflow/example_dags/example_bash_operator.py
[2022-04-06 04:50:32,605] {processor.py:654} INFO - DAG(s) dict_keys(['example_bash_operator']) retrieved from /home/airflow/.local/lib/python3.8/site-packages/airflow/example_dags/example_bash_operator.py
[2022-04-06 04:50:32,617] {logging_mixin.py:109} INFO - [2022-04-06 04:50:32,616] {dag.py:2396} INFO - Sync 1 DAGs
[2022-04-06 04:50:32,635] {logging_mixin.py:109} INFO - [2022-04-06 04:50:32,635] {dag.py:2935} INFO - Setting next_dagrun for example_bash_operator to 2022-04-05 00:00:00+00:00
[2022-04-06 04:50:32,644] {processor.py:171} INFO - Processing /home/airflow/.local/lib/python3.8/site-packages/airflow/example_dags/example_bash_operator.py took 0.066 seconds
[2022-04-06 04:52:40,738] {processor.py:163} INFO - Started process (PID=37) to work on /home/airflow/.local/lib/python3.8/site-packages/airflow/example_dags/example_bash_operator.py
[2022-04-06 04:52:40,739] {processor.py:642} INFO - Processing file /home/airflow/.local/lib/python3.8/site-packages/airflow/example_dags/example_bash_operator.py for tasks to queue
[2022-04-06 04:52:40,740] {logging_mixin.py:109} INFO - [2022-04-06 04:52:40,740] {dagbag.py:500} INFO - Filling up the DagBag from /home/airflow/.local/lib/python3.8/site-packages/airflow/example_dags/example_bash_operator.py
[2022-04-06 04:52:40,769] {processor.py:654} INFO - DAG(s) dict_keys(['example_bash_operator']) retrieved from /home/airflow/.local/lib/python3.8/site-packages/airflow/example_dags/example_bash_operator.py
[2022-04-06 04:52:40,781] {logging_mixin.py:109} INFO - [2022-04-06 04:52:40,781] {dag.py:2396} INFO - Sync 1 DAGs
[2022-04-06 04:52:40,798] {logging_mixin.py:109} INFO - [2022-04-06 04:52:40,798] {dag.py:2935} INFO - Setting next_dagrun for example_bash_operator to 2022-04-05 00:00:00+00:00
[2022-04-06 04:52:40,806] {processor.py:171} INFO - Processing /home/airflow/.local/lib/python3.8/site-packages/airflow/example_dags/example_bash_operator.py took 0.071 seconds
[2022-04-06 04:53:11,201] {processor.py:163} INFO - Started process (PID=95) to work on /home/airflow/.local/lib/python3.8/site-packages/airflow/example_dags/example_bash_operator.py
[2022-04-06 04:53:11,202] {processor.py:642} INFO - Processing file /home/airflow/.local/lib/python3.8/site-packages/airflow/example_dags/example_bash_operator.py for tasks to queue
[2022-04-06 04:53:11,203] {logging_mixin.py:109} INFO - [2022-04-06 04:53:11,203] {dagbag.py:500} INFO - Filling up the DagBag from /home/airflow/.local/lib/python3.8/site-packages/airflow/example_dags/example_bash_operator.py
[2022-04-06 04:53:11,233] {processor.py:654} INFO - DAG(s) dict_keys(['example_bash_operator']) retrieved from /home/airflow/.local/lib/python3.8/site-packages/airflow/example_dags/example_bash_operator.py
[2022-04-06 04:53:11,243] {logging_mixin.py:109} INFO - [2022-04-06 04:53:11,243] {dag.py:2396} INFO - Sync 1 DAGs
[2022-04-06 04:53:11,258] {logging_mixin.py:109} INFO - [2022-04-06 04:53:11,257] {dag.py:2935} INFO - Setting next_dagrun for example_bash_operator to 2022-04-05 00:00:00+00:00
[2022-04-06 04:53:11,266] {processor.py:171} INFO - Processing /home/airflow/.local/lib/python3.8/site-packages/airflow/example_dags/example_bash_operator.py took 0.071 seconds
[2022-04-06 04:53:41,390] {processor.py:163} INFO - Started process (PID=160) to work on /home/airflow/.local/lib/python3.8/site-packages/airflow/example_dags/example_bash_operator.py
[2022-04-06 04:53:41,390] {processor.py:642} INFO - Processing file /home/airflow/.local/lib/python3.8/site-packages/airflow/example_dags/example_bash_operator.py for tasks to queue
[2022-04-06 04:53:41,391] {logging_mixin.py:109} INFO - [2022-04-06 04:53:41,391] {dagbag.py:500} INFO - Filling up the DagBag from /home/airflow/.local/lib/python3.8/site-packages/airflow/example_dags/example_bash_operator.py
[2022-04-06 04:53:41,413] {processor.py:654} INFO - DAG(s) dict_keys(['example_bash_operator']) retrieved from /home/airflow/.local/lib/python3.8/site-packages/airflow/example_dags/example_bash_operator.py
[2022-04-06 04:53:41,421] {logging_mixin.py:109} INFO - [2022-04-06 04:53:41,421] {dag.py:2396} INFO - Sync 1 DAGs
[2022-04-06 04:53:41,435] {logging_mixin.py:109} INFO - [2022-04-06 04:53:41,435] {dag.py:2935} INFO - Setting next_dagrun for example_bash_operator to 2022-04-05 00:00:00+00:00
[2022-04-06 04:53:41,442] {processor.py:171} INFO - Processing /home/airflow/.local/lib/python3.8/site-packages/airflow/example_dags/example_bash_operator.py took 0.054 seconds
[2022-04-06 04:54:11,781] {processor.py:163} INFO - Started process (PID=218) to work on /home/airflow/.local/lib/python3.8/site-packages/airflow/example_dags/example_bash_operator.py
[2022-04-06 04:54:11,781] {processor.py:642} INFO - Processing file /home/airflow/.local/lib/python3.8/site-packages/airflow/example_dags/example_bash_operator.py for tasks to queue
[2022-04-06 04:54:11,782] {logging_mixin.py:109} INFO - [2022-04-06 04:54:11,782] {dagbag.py:500} INFO - Filling up the DagBag from /home/airflow/.local/lib/python3.8/site-packages/airflow/example_dags/example_bash_operator.py
[2022-04-06 04:54:11,804] {processor.py:654} INFO - DAG(s) dict_keys(['example_bash_operator']) retrieved from /home/airflow/.local/lib/python3.8/site-packages/airflow/example_dags/example_bash_operator.py
[2022-04-06 04:54:11,813] {logging_mixin.py:109} INFO - [2022-04-06 04:54:11,813] {dag.py:2396} INFO - Sync 1 DAGs
[2022-04-06 04:54:11,827] {logging_mixin.py:109} INFO - [2022-04-06 04:54:11,826] {dag.py:2935} INFO - Setting next_dagrun for example_bash_operator to 2022-04-05 00:00:00+00:00
[2022-04-06 04:54:11,834] {processor.py:171} INFO - Processing /home/airflow/.local/lib/python3.8/site-packages/airflow/example_dags/example_bash_operator.py took 0.056 seconds
[2022-04-06 04:54:42,278] {processor.py:163} INFO - Started process (PID=276) to work on /home/airflow/.local/lib/python3.8/site-packages/airflow/example_dags/example_bash_operator.py
[2022-04-06 04:54:42,279] {processor.py:642} INFO - Processing file /home/airflow/.local/lib/python3.8/site-packages/airflow/example_dags/example_bash_operator.py for tasks to queue
[2022-04-06 04:54:42,280] {logging_mixin.py:109} INFO - [2022-04-06 04:54:42,280] {dagbag.py:500} INFO - Filling up the DagBag from /home/airflow/.local/lib/python3.8/site-packages/airflow/example_dags/example_bash_operator.py
[2022-04-06 04:54:42,310] {processor.py:654} INFO - DAG(s) dict_keys(['example_bash_operator']) retrieved from /home/airflow/.local/lib/python3.8/site-packages/airflow/example_dags/example_bash_operator.py
[2022-04-06 04:54:42,321] {logging_mixin.py:109} INFO - [2022-04-06 04:54:42,321] {dag.py:2396} INFO - Sync 1 DAGs
[2022-04-06 04:54:42,337] {logging_mixin.py:109} INFO - [2022-04-06 04:54:42,337] {dag.py:2935} INFO - Setting next_dagrun for example_bash_operator to 2022-04-05 00:00:00+00:00
[2022-04-06 04:54:42,348] {processor.py:171} INFO - Processing /home/airflow/.local/lib/python3.8/site-packages/airflow/example_dags/example_bash_operator.py took 0.074 seconds
[2022-04-06 04:55:12,849] {processor.py:163} INFO - Started process (PID=341) to work on /home/airflow/.local/lib/python3.8/site-packages/airflow/example_dags/example_bash_operator.py
[2022-04-06 04:55:12,850] {processor.py:642} INFO - Processing file /home/airflow/.local/lib/python3.8/site-packages/airflow/example_dags/example_bash_operator.py for tasks to queue
[2022-04-06 04:55:12,850] {logging_mixin.py:109} INFO - [2022-04-06 04:55:12,850] {dagbag.py:500} INFO - Filling up the DagBag from /home/airflow/.local/lib/python3.8/site-packages/airflow/example_dags/example_bash_operator.py
[2022-04-06 04:55:12,876] {processor.py:654} INFO - DAG(s) dict_keys(['example_bash_operator']) retrieved from /home/airflow/.local/lib/python3.8/site-packages/airflow/example_dags/example_bash_operator.py
[2022-04-06 04:55:12,890] {logging_mixin.py:109} INFO - [2022-04-06 04:55:12,890] {dag.py:2396} INFO - Sync 1 DAGs
[2022-04-06 04:55:12,911] {logging_mixin.py:109} INFO - [2022-04-06 04:55:12,910] {dag.py:2935} INFO - Setting next_dagrun for example_bash_operator to 2022-04-05 00:00:00+00:00
[2022-04-06 04:55:12,921] {processor.py:171} INFO - Processing /home/airflow/.local/lib/python3.8/site-packages/airflow/example_dags/example_bash_operator.py took 0.075 seconds
[2022-04-06 04:55:43,290] {processor.py:163} INFO - Started process (PID=399) to work on /home/airflow/.local/lib/python3.8/site-packages/airflow/example_dags/example_bash_operator.py
[2022-04-06 04:55:43,291] {processor.py:642} INFO - Processing file /home/airflow/.local/lib/python3.8/site-packages/airflow/example_dags/example_bash_operator.py for tasks to queue
[2022-04-06 04:55:43,292] {logging_mixin.py:109} INFO - [2022-04-06 04:55:43,291] {dagbag.py:500} INFO - Filling up the DagBag from /home/airflow/.local/lib/python3.8/site-packages/airflow/example_dags/example_bash_operator.py
[2022-04-06 04:55:43,320] {processor.py:654} INFO - DAG(s) dict_keys(['example_bash_operator']) retrieved from /home/airflow/.local/lib/python3.8/site-packages/airflow/example_dags/example_bash_operator.py
[2022-04-06 04:55:43,329] {logging_mixin.py:109} INFO - [2022-04-06 04:55:43,329] {dag.py:2396} INFO - Sync 1 DAGs
[2022-04-06 04:55:43,343] {logging_mixin.py:109} INFO - [2022-04-06 04:55:43,343] {dag.py:2935} INFO - Setting next_dagrun for example_bash_operator to 2022-04-05 00:00:00+00:00
[2022-04-06 04:55:43,351] {processor.py:171} INFO - Processing /home/airflow/.local/lib/python3.8/site-packages/airflow/example_dags/example_bash_operator.py took 0.065 seconds
[2022-04-06 04:56:13,646] {processor.py:163} INFO - Started process (PID=456) to work on /home/airflow/.local/lib/python3.8/site-packages/airflow/example_dags/example_bash_operator.py
[2022-04-06 04:56:13,647] {processor.py:642} INFO - Processing file /home/airflow/.local/lib/python3.8/site-packages/airflow/example_dags/example_bash_operator.py for tasks to queue
[2022-04-06 04:56:13,647] {logging_mixin.py:109} INFO - [2022-04-06 04:56:13,647] {dagbag.py:500} INFO - Filling up the DagBag from /home/airflow/.local/lib/python3.8/site-packages/airflow/example_dags/example_bash_operator.py
[2022-04-06 04:56:13,677] {processor.py:654} INFO - DAG(s) dict_keys(['example_bash_operator']) retrieved from /home/airflow/.local/lib/python3.8/site-packages/airflow/example_dags/example_bash_operator.py
[2022-04-06 04:56:13,688] {logging_mixin.py:109} INFO - [2022-04-06 04:56:13,688] {dag.py:2396} INFO - Sync 1 DAGs
[2022-04-06 04:56:13,707] {logging_mixin.py:109} INFO - [2022-04-06 04:56:13,706] {dag.py:2935} INFO - Setting next_dagrun for example_bash_operator to 2022-04-05 00:00:00+00:00
[2022-04-06 04:56:13,716] {processor.py:171} INFO - Processing /home/airflow/.local/lib/python3.8/site-packages/airflow/example_dags/example_bash_operator.py took 0.074 seconds
[2022-04-06 04:56:43,806] {processor.py:163} INFO - Started process (PID=521) to work on /home/airflow/.local/lib/python3.8/site-packages/airflow/example_dags/example_bash_operator.py
[2022-04-06 04:56:43,807] {processor.py:642} INFO - Processing file /home/airflow/.local/lib/python3.8/site-packages/airflow/example_dags/example_bash_operator.py for tasks to queue
[2022-04-06 04:56:43,807] {logging_mixin.py:109} INFO - [2022-04-06 04:56:43,807] {dagbag.py:500} INFO - Filling up the DagBag from /home/airflow/.local/lib/python3.8/site-packages/airflow/example_dags/example_bash_operator.py
[2022-04-06 04:56:43,840] {processor.py:654} INFO - DAG(s) dict_keys(['example_bash_operator']) retrieved from /home/airflow/.local/lib/python3.8/site-packages/airflow/example_dags/example_bash_operator.py
[2022-04-06 04:56:43,851] {logging_mixin.py:109} INFO - [2022-04-06 04:56:43,851] {dag.py:2396} INFO - Sync 1 DAGs
[2022-04-06 04:56:43,869] {logging_mixin.py:109} INFO - [2022-04-06 04:56:43,868] {dag.py:2935} INFO - Setting next_dagrun for example_bash_operator to 2022-04-05 00:00:00+00:00
[2022-04-06 04:56:43,877] {processor.py:171} INFO - Processing /home/airflow/.local/lib/python3.8/site-packages/airflow/example_dags/example_bash_operator.py took 0.074 seconds
[2022-04-06 04:57:13,993] {processor.py:163} INFO - Started process (PID=578) to work on /home/airflow/.local/lib/python3.8/site-packages/airflow/example_dags/example_bash_operator.py
[2022-04-06 04:57:13,994] {processor.py:642} INFO - Processing file /home/airflow/.local/lib/python3.8/site-packages/airflow/example_dags/example_bash_operator.py for tasks to queue
[2022-04-06 04:57:13,994] {logging_mixin.py:109} INFO - [2022-04-06 04:57:13,994] {dagbag.py:500} INFO - Filling up the DagBag from /home/airflow/.local/lib/python3.8/site-packages/airflow/example_dags/example_bash_operator.py
[2022-04-06 04:57:14,022] {processor.py:654} INFO - DAG(s) dict_keys(['example_bash_operator']) retrieved from /home/airflow/.local/lib/python3.8/site-packages/airflow/example_dags/example_bash_operator.py
[2022-04-06 04:57:14,031] {logging_mixin.py:109} INFO - [2022-04-06 04:57:14,030] {dag.py:2396} INFO - Sync 1 DAGs
[2022-04-06 04:57:14,044] {logging_mixin.py:109} INFO - [2022-04-06 04:57:14,044] {dag.py:2935} INFO - Setting next_dagrun for example_bash_operator to 2022-04-05 00:00:00+00:00
[2022-04-06 04:57:14,052] {processor.py:171} INFO - Processing /home/airflow/.local/lib/python3.8/site-packages/airflow/example_dags/example_bash_operator.py took 0.063 seconds
[2022-04-06 05:02:29,527] {processor.py:163} INFO - Started process (PID=37) to work on /home/airflow/.local/lib/python3.8/site-packages/airflow/example_dags/example_bash_operator.py
[2022-04-06 05:02:29,528] {processor.py:642} INFO - Processing file /home/airflow/.local/lib/python3.8/site-packages/airflow/example_dags/example_bash_operator.py for tasks to queue
[2022-04-06 05:02:29,529] {logging_mixin.py:109} INFO - [2022-04-06 05:02:29,529] {dagbag.py:500} INFO - Filling up the DagBag from /home/airflow/.local/lib/python3.8/site-packages/airflow/example_dags/example_bash_operator.py
[2022-04-06 05:02:29,560] {processor.py:654} INFO - DAG(s) dict_keys(['example_bash_operator']) retrieved from /home/airflow/.local/lib/python3.8/site-packages/airflow/example_dags/example_bash_operator.py
[2022-04-06 05:02:29,575] {logging_mixin.py:109} INFO - [2022-04-06 05:02:29,575] {dag.py:2396} INFO - Sync 1 DAGs
[2022-04-06 05:02:29,596] {logging_mixin.py:109} INFO - [2022-04-06 05:02:29,596] {dag.py:2935} INFO - Setting next_dagrun for example_bash_operator to 2022-04-05 00:00:00+00:00
[2022-04-06 05:02:29,606] {processor.py:171} INFO - Processing /home/airflow/.local/lib/python3.8/site-packages/airflow/example_dags/example_bash_operator.py took 0.082 seconds
[2022-04-06 05:03:00,393] {processor.py:163} INFO - Started process (PID=94) to work on /home/airflow/.local/lib/python3.8/site-packages/airflow/example_dags/example_bash_operator.py
[2022-04-06 05:03:00,394] {processor.py:642} INFO - Processing file /home/airflow/.local/lib/python3.8/site-packages/airflow/example_dags/example_bash_operator.py for tasks to queue
[2022-04-06 05:03:00,395] {logging_mixin.py:109} INFO - [2022-04-06 05:03:00,395] {dagbag.py:500} INFO - Filling up the DagBag from /home/airflow/.local/lib/python3.8/site-packages/airflow/example_dags/example_bash_operator.py
[2022-04-06 05:03:00,427] {processor.py:654} INFO - DAG(s) dict_keys(['example_bash_operator']) retrieved from /home/airflow/.local/lib/python3.8/site-packages/airflow/example_dags/example_bash_operator.py
[2022-04-06 05:03:00,438] {logging_mixin.py:109} INFO - [2022-04-06 05:03:00,438] {dag.py:2396} INFO - Sync 1 DAGs
[2022-04-06 05:03:00,456] {logging_mixin.py:109} INFO - [2022-04-06 05:03:00,456] {dag.py:2935} INFO - Setting next_dagrun for example_bash_operator to 2022-04-05 00:00:00+00:00
[2022-04-06 05:03:00,466] {processor.py:171} INFO - Processing /home/airflow/.local/lib/python3.8/site-packages/airflow/example_dags/example_bash_operator.py took 0.075 seconds
[2022-04-06 05:03:30,776] {processor.py:163} INFO - Started process (PID=160) to work on /home/airflow/.local/lib/python3.8/site-packages/airflow/example_dags/example_bash_operator.py
[2022-04-06 05:03:30,777] {processor.py:642} INFO - Processing file /home/airflow/.local/lib/python3.8/site-packages/airflow/example_dags/example_bash_operator.py for tasks to queue
[2022-04-06 05:03:30,777] {logging_mixin.py:109} INFO - [2022-04-06 05:03:30,777] {dagbag.py:500} INFO - Filling up the DagBag from /home/airflow/.local/lib/python3.8/site-packages/airflow/example_dags/example_bash_operator.py
[2022-04-06 05:03:30,805] {processor.py:654} INFO - DAG(s) dict_keys(['example_bash_operator']) retrieved from /home/airflow/.local/lib/python3.8/site-packages/airflow/example_dags/example_bash_operator.py
[2022-04-06 05:03:30,814] {logging_mixin.py:109} INFO - [2022-04-06 05:03:30,814] {dag.py:2396} INFO - Sync 1 DAGs
[2022-04-06 05:03:30,828] {logging_mixin.py:109} INFO - [2022-04-06 05:03:30,828] {dag.py:2935} INFO - Setting next_dagrun for example_bash_operator to 2022-04-05 00:00:00+00:00
[2022-04-06 05:03:30,837] {processor.py:171} INFO - Processing /home/airflow/.local/lib/python3.8/site-packages/airflow/example_dags/example_bash_operator.py took 0.063 seconds
