[2022-04-06 04:43:13,742] {processor.py:163} INFO - Started process (PID=206) to work on /home/airflow/.local/lib/python3.8/site-packages/airflow/example_dags/example_branch_operator.py
[2022-04-06 04:43:13,742] {processor.py:642} INFO - Processing file /home/airflow/.local/lib/python3.8/site-packages/airflow/example_dags/example_branch_operator.py for tasks to queue
[2022-04-06 04:43:13,743] {logging_mixin.py:109} INFO - [2022-04-06 04:43:13,743] {dagbag.py:500} INFO - Filling up the DagBag from /home/airflow/.local/lib/python3.8/site-packages/airflow/example_dags/example_branch_operator.py
[2022-04-06 04:43:13,768] {processor.py:654} INFO - DAG(s) dict_keys(['example_branch_operator']) retrieved from /home/airflow/.local/lib/python3.8/site-packages/airflow/example_dags/example_branch_operator.py
[2022-04-06 04:43:15,571] {logging_mixin.py:109} INFO - [2022-04-06 04:43:15,571] {manager.py:496} INFO - Created Permission View: can read on DAG:example_branch_operator
[2022-04-06 04:43:15,579] {logging_mixin.py:109} INFO - [2022-04-06 04:43:15,579] {manager.py:496} INFO - Created Permission View: can edit on DAG:example_branch_operator
[2022-04-06 04:43:15,580] {logging_mixin.py:109} INFO - [2022-04-06 04:43:15,580] {dag.py:2396} INFO - Sync 1 DAGs
[2022-04-06 04:43:15,588] {logging_mixin.py:109} INFO - [2022-04-06 04:43:15,587] {dag.py:2415} INFO - Creating ORM DAG for example_branch_operator
[2022-04-06 04:43:15,599] {logging_mixin.py:109} INFO - [2022-04-06 04:43:15,599] {dag.py:2935} INFO - Setting next_dagrun for example_branch_operator to 2022-04-05 00:00:00+00:00
[2022-04-06 04:43:15,612] {processor.py:171} INFO - Processing /home/airflow/.local/lib/python3.8/site-packages/airflow/example_dags/example_branch_operator.py took 1.873 seconds
[2022-04-06 04:43:46,637] {processor.py:163} INFO - Started process (PID=377) to work on /home/airflow/.local/lib/python3.8/site-packages/airflow/example_dags/example_branch_operator.py
[2022-04-06 04:43:46,639] {processor.py:642} INFO - Processing file /home/airflow/.local/lib/python3.8/site-packages/airflow/example_dags/example_branch_operator.py for tasks to queue
[2022-04-06 04:43:46,640] {logging_mixin.py:109} INFO - [2022-04-06 04:43:46,640] {dagbag.py:500} INFO - Filling up the DagBag from /home/airflow/.local/lib/python3.8/site-packages/airflow/example_dags/example_branch_operator.py
[2022-04-06 04:43:46,669] {processor.py:654} INFO - DAG(s) dict_keys(['example_branch_operator']) retrieved from /home/airflow/.local/lib/python3.8/site-packages/airflow/example_dags/example_branch_operator.py
[2022-04-06 04:43:46,680] {logging_mixin.py:109} INFO - [2022-04-06 04:43:46,679] {dag.py:2396} INFO - Sync 1 DAGs
[2022-04-06 04:43:46,696] {logging_mixin.py:109} INFO - [2022-04-06 04:43:46,696] {dag.py:2935} INFO - Setting next_dagrun for example_branch_operator to 2022-04-05 00:00:00+00:00
[2022-04-06 04:43:46,703] {processor.py:171} INFO - Processing /home/airflow/.local/lib/python3.8/site-packages/airflow/example_dags/example_branch_operator.py took 0.072 seconds
[2022-04-06 04:44:17,096] {processor.py:163} INFO - Started process (PID=435) to work on /home/airflow/.local/lib/python3.8/site-packages/airflow/example_dags/example_branch_operator.py
[2022-04-06 04:44:17,097] {processor.py:642} INFO - Processing file /home/airflow/.local/lib/python3.8/site-packages/airflow/example_dags/example_branch_operator.py for tasks to queue
[2022-04-06 04:44:17,097] {logging_mixin.py:109} INFO - [2022-04-06 04:44:17,097] {dagbag.py:500} INFO - Filling up the DagBag from /home/airflow/.local/lib/python3.8/site-packages/airflow/example_dags/example_branch_operator.py
[2022-04-06 04:44:17,129] {processor.py:654} INFO - DAG(s) dict_keys(['example_branch_operator']) retrieved from /home/airflow/.local/lib/python3.8/site-packages/airflow/example_dags/example_branch_operator.py
[2022-04-06 04:44:17,145] {logging_mixin.py:109} INFO - [2022-04-06 04:44:17,145] {dag.py:2396} INFO - Sync 1 DAGs
[2022-04-06 04:44:17,168] {logging_mixin.py:109} INFO - [2022-04-06 04:44:17,168] {dag.py:2935} INFO - Setting next_dagrun for example_branch_operator to 2022-04-05 00:00:00+00:00
[2022-04-06 04:44:17,180] {processor.py:171} INFO - Processing /home/airflow/.local/lib/python3.8/site-packages/airflow/example_dags/example_branch_operator.py took 0.087 seconds
[2022-04-06 04:44:47,286] {processor.py:163} INFO - Started process (PID=500) to work on /home/airflow/.local/lib/python3.8/site-packages/airflow/example_dags/example_branch_operator.py
[2022-04-06 04:44:47,289] {processor.py:642} INFO - Processing file /home/airflow/.local/lib/python3.8/site-packages/airflow/example_dags/example_branch_operator.py for tasks to queue
[2022-04-06 04:44:47,291] {logging_mixin.py:109} INFO - [2022-04-06 04:44:47,290] {dagbag.py:500} INFO - Filling up the DagBag from /home/airflow/.local/lib/python3.8/site-packages/airflow/example_dags/example_branch_operator.py
[2022-04-06 04:44:47,327] {processor.py:654} INFO - DAG(s) dict_keys(['example_branch_operator']) retrieved from /home/airflow/.local/lib/python3.8/site-packages/airflow/example_dags/example_branch_operator.py
[2022-04-06 04:44:47,337] {logging_mixin.py:109} INFO - [2022-04-06 04:44:47,337] {dag.py:2396} INFO - Sync 1 DAGs
[2022-04-06 04:44:47,350] {logging_mixin.py:109} INFO - [2022-04-06 04:44:47,350] {dag.py:2935} INFO - Setting next_dagrun for example_branch_operator to 2022-04-05 00:00:00+00:00
[2022-04-06 04:44:47,358] {processor.py:171} INFO - Processing /home/airflow/.local/lib/python3.8/site-packages/airflow/example_dags/example_branch_operator.py took 0.078 seconds
[2022-04-06 04:45:17,588] {processor.py:163} INFO - Started process (PID=557) to work on /home/airflow/.local/lib/python3.8/site-packages/airflow/example_dags/example_branch_operator.py
[2022-04-06 04:45:17,589] {processor.py:642} INFO - Processing file /home/airflow/.local/lib/python3.8/site-packages/airflow/example_dags/example_branch_operator.py for tasks to queue
[2022-04-06 04:45:17,589] {logging_mixin.py:109} INFO - [2022-04-06 04:45:17,589] {dagbag.py:500} INFO - Filling up the DagBag from /home/airflow/.local/lib/python3.8/site-packages/airflow/example_dags/example_branch_operator.py
[2022-04-06 04:45:17,616] {processor.py:654} INFO - DAG(s) dict_keys(['example_branch_operator']) retrieved from /home/airflow/.local/lib/python3.8/site-packages/airflow/example_dags/example_branch_operator.py
[2022-04-06 04:45:17,626] {logging_mixin.py:109} INFO - [2022-04-06 04:45:17,626] {dag.py:2396} INFO - Sync 1 DAGs
[2022-04-06 04:45:17,642] {logging_mixin.py:109} INFO - [2022-04-06 04:45:17,642] {dag.py:2935} INFO - Setting next_dagrun for example_branch_operator to 2022-04-05 00:00:00+00:00
[2022-04-06 04:45:17,650] {processor.py:171} INFO - Processing /home/airflow/.local/lib/python3.8/site-packages/airflow/example_dags/example_branch_operator.py took 0.065 seconds
[2022-04-06 04:45:47,804] {processor.py:163} INFO - Started process (PID=614) to work on /home/airflow/.local/lib/python3.8/site-packages/airflow/example_dags/example_branch_operator.py
[2022-04-06 04:45:47,805] {processor.py:642} INFO - Processing file /home/airflow/.local/lib/python3.8/site-packages/airflow/example_dags/example_branch_operator.py for tasks to queue
[2022-04-06 04:45:47,806] {logging_mixin.py:109} INFO - [2022-04-06 04:45:47,805] {dagbag.py:500} INFO - Filling up the DagBag from /home/airflow/.local/lib/python3.8/site-packages/airflow/example_dags/example_branch_operator.py
[2022-04-06 04:45:47,825] {processor.py:654} INFO - DAG(s) dict_keys(['example_branch_operator']) retrieved from /home/airflow/.local/lib/python3.8/site-packages/airflow/example_dags/example_branch_operator.py
[2022-04-06 04:45:47,833] {logging_mixin.py:109} INFO - [2022-04-06 04:45:47,833] {dag.py:2396} INFO - Sync 1 DAGs
[2022-04-06 04:45:47,845] {logging_mixin.py:109} INFO - [2022-04-06 04:45:47,845] {dag.py:2935} INFO - Setting next_dagrun for example_branch_operator to 2022-04-05 00:00:00+00:00
[2022-04-06 04:45:47,851] {processor.py:171} INFO - Processing /home/airflow/.local/lib/python3.8/site-packages/airflow/example_dags/example_branch_operator.py took 0.049 seconds
[2022-04-06 04:46:18,338] {processor.py:163} INFO - Started process (PID=680) to work on /home/airflow/.local/lib/python3.8/site-packages/airflow/example_dags/example_branch_operator.py
[2022-04-06 04:46:18,340] {processor.py:642} INFO - Processing file /home/airflow/.local/lib/python3.8/site-packages/airflow/example_dags/example_branch_operator.py for tasks to queue
[2022-04-06 04:46:18,342] {logging_mixin.py:109} INFO - [2022-04-06 04:46:18,342] {dagbag.py:500} INFO - Filling up the DagBag from /home/airflow/.local/lib/python3.8/site-packages/airflow/example_dags/example_branch_operator.py
[2022-04-06 04:46:18,380] {processor.py:654} INFO - DAG(s) dict_keys(['example_branch_operator']) retrieved from /home/airflow/.local/lib/python3.8/site-packages/airflow/example_dags/example_branch_operator.py
[2022-04-06 04:46:18,389] {logging_mixin.py:109} INFO - [2022-04-06 04:46:18,389] {dag.py:2396} INFO - Sync 1 DAGs
[2022-04-06 04:46:18,403] {logging_mixin.py:109} INFO - [2022-04-06 04:46:18,403] {dag.py:2935} INFO - Setting next_dagrun for example_branch_operator to 2022-04-05 00:00:00+00:00
[2022-04-06 04:46:18,410] {processor.py:171} INFO - Processing /home/airflow/.local/lib/python3.8/site-packages/airflow/example_dags/example_branch_operator.py took 0.080 seconds
[2022-04-06 04:46:48,658] {processor.py:163} INFO - Started process (PID=737) to work on /home/airflow/.local/lib/python3.8/site-packages/airflow/example_dags/example_branch_operator.py
[2022-04-06 04:46:48,659] {processor.py:642} INFO - Processing file /home/airflow/.local/lib/python3.8/site-packages/airflow/example_dags/example_branch_operator.py for tasks to queue
[2022-04-06 04:46:48,659] {logging_mixin.py:109} INFO - [2022-04-06 04:46:48,659] {dagbag.py:500} INFO - Filling up the DagBag from /home/airflow/.local/lib/python3.8/site-packages/airflow/example_dags/example_branch_operator.py
[2022-04-06 04:46:48,678] {processor.py:654} INFO - DAG(s) dict_keys(['example_branch_operator']) retrieved from /home/airflow/.local/lib/python3.8/site-packages/airflow/example_dags/example_branch_operator.py
[2022-04-06 04:46:48,686] {logging_mixin.py:109} INFO - [2022-04-06 04:46:48,686] {dag.py:2396} INFO - Sync 1 DAGs
[2022-04-06 04:46:48,698] {logging_mixin.py:109} INFO - [2022-04-06 04:46:48,698] {dag.py:2935} INFO - Setting next_dagrun for example_branch_operator to 2022-04-05 00:00:00+00:00
[2022-04-06 04:46:48,704] {processor.py:171} INFO - Processing /home/airflow/.local/lib/python3.8/site-packages/airflow/example_dags/example_branch_operator.py took 0.048 seconds
[2022-04-06 04:47:18,801] {processor.py:163} INFO - Started process (PID=803) to work on /home/airflow/.local/lib/python3.8/site-packages/airflow/example_dags/example_branch_operator.py
[2022-04-06 04:47:18,802] {processor.py:642} INFO - Processing file /home/airflow/.local/lib/python3.8/site-packages/airflow/example_dags/example_branch_operator.py for tasks to queue
[2022-04-06 04:47:18,802] {logging_mixin.py:109} INFO - [2022-04-06 04:47:18,802] {dagbag.py:500} INFO - Filling up the DagBag from /home/airflow/.local/lib/python3.8/site-packages/airflow/example_dags/example_branch_operator.py
[2022-04-06 04:47:18,824] {processor.py:654} INFO - DAG(s) dict_keys(['example_branch_operator']) retrieved from /home/airflow/.local/lib/python3.8/site-packages/airflow/example_dags/example_branch_operator.py
[2022-04-06 04:47:18,832] {logging_mixin.py:109} INFO - [2022-04-06 04:47:18,832] {dag.py:2396} INFO - Sync 1 DAGs
[2022-04-06 04:47:18,846] {logging_mixin.py:109} INFO - [2022-04-06 04:47:18,846] {dag.py:2935} INFO - Setting next_dagrun for example_branch_operator to 2022-04-05 00:00:00+00:00
[2022-04-06 04:47:18,855] {processor.py:171} INFO - Processing /home/airflow/.local/lib/python3.8/site-packages/airflow/example_dags/example_branch_operator.py took 0.056 seconds
[2022-04-06 04:47:49,061] {processor.py:163} INFO - Started process (PID=861) to work on /home/airflow/.local/lib/python3.8/site-packages/airflow/example_dags/example_branch_operator.py
[2022-04-06 04:47:49,064] {processor.py:642} INFO - Processing file /home/airflow/.local/lib/python3.8/site-packages/airflow/example_dags/example_branch_operator.py for tasks to queue
[2022-04-06 04:47:49,065] {logging_mixin.py:109} INFO - [2022-04-06 04:47:49,065] {dagbag.py:500} INFO - Filling up the DagBag from /home/airflow/.local/lib/python3.8/site-packages/airflow/example_dags/example_branch_operator.py
[2022-04-06 04:47:49,103] {processor.py:654} INFO - DAG(s) dict_keys(['example_branch_operator']) retrieved from /home/airflow/.local/lib/python3.8/site-packages/airflow/example_dags/example_branch_operator.py
[2022-04-06 04:47:49,113] {logging_mixin.py:109} INFO - [2022-04-06 04:47:49,113] {dag.py:2396} INFO - Sync 1 DAGs
[2022-04-06 04:47:49,127] {logging_mixin.py:109} INFO - [2022-04-06 04:47:49,127] {dag.py:2935} INFO - Setting next_dagrun for example_branch_operator to 2022-04-05 00:00:00+00:00
[2022-04-06 04:47:49,135] {processor.py:171} INFO - Processing /home/airflow/.local/lib/python3.8/site-packages/airflow/example_dags/example_branch_operator.py took 0.081 seconds
[2022-04-06 04:48:19,708] {processor.py:163} INFO - Started process (PID=921) to work on /home/airflow/.local/lib/python3.8/site-packages/airflow/example_dags/example_branch_operator.py
[2022-04-06 04:48:19,709] {processor.py:642} INFO - Processing file /home/airflow/.local/lib/python3.8/site-packages/airflow/example_dags/example_branch_operator.py for tasks to queue
[2022-04-06 04:48:19,709] {logging_mixin.py:109} INFO - [2022-04-06 04:48:19,709] {dagbag.py:500} INFO - Filling up the DagBag from /home/airflow/.local/lib/python3.8/site-packages/airflow/example_dags/example_branch_operator.py
[2022-04-06 04:48:19,730] {processor.py:654} INFO - DAG(s) dict_keys(['example_branch_operator']) retrieved from /home/airflow/.local/lib/python3.8/site-packages/airflow/example_dags/example_branch_operator.py
[2022-04-06 04:48:19,738] {logging_mixin.py:109} INFO - [2022-04-06 04:48:19,738] {dag.py:2396} INFO - Sync 1 DAGs
[2022-04-06 04:48:19,750] {logging_mixin.py:109} INFO - [2022-04-06 04:48:19,750] {dag.py:2935} INFO - Setting next_dagrun for example_branch_operator to 2022-04-05 00:00:00+00:00
[2022-04-06 04:48:19,757] {processor.py:171} INFO - Processing /home/airflow/.local/lib/python3.8/site-packages/airflow/example_dags/example_branch_operator.py took 0.050 seconds
[2022-04-06 04:48:49,996] {processor.py:163} INFO - Started process (PID=988) to work on /home/airflow/.local/lib/python3.8/site-packages/airflow/example_dags/example_branch_operator.py
[2022-04-06 04:48:49,999] {processor.py:642} INFO - Processing file /home/airflow/.local/lib/python3.8/site-packages/airflow/example_dags/example_branch_operator.py for tasks to queue
[2022-04-06 04:48:50,000] {logging_mixin.py:109} INFO - [2022-04-06 04:48:50,000] {dagbag.py:500} INFO - Filling up the DagBag from /home/airflow/.local/lib/python3.8/site-packages/airflow/example_dags/example_branch_operator.py
[2022-04-06 04:48:50,039] {processor.py:654} INFO - DAG(s) dict_keys(['example_branch_operator']) retrieved from /home/airflow/.local/lib/python3.8/site-packages/airflow/example_dags/example_branch_operator.py
[2022-04-06 04:48:50,049] {logging_mixin.py:109} INFO - [2022-04-06 04:48:50,049] {dag.py:2396} INFO - Sync 1 DAGs
[2022-04-06 04:48:50,064] {logging_mixin.py:109} INFO - [2022-04-06 04:48:50,064] {dag.py:2935} INFO - Setting next_dagrun for example_branch_operator to 2022-04-05 00:00:00+00:00
[2022-04-06 04:48:50,072] {processor.py:171} INFO - Processing /home/airflow/.local/lib/python3.8/site-packages/airflow/example_dags/example_branch_operator.py took 0.082 seconds
[2022-04-06 04:49:20,657] {processor.py:163} INFO - Started process (PID=1045) to work on /home/airflow/.local/lib/python3.8/site-packages/airflow/example_dags/example_branch_operator.py
[2022-04-06 04:49:20,658] {processor.py:642} INFO - Processing file /home/airflow/.local/lib/python3.8/site-packages/airflow/example_dags/example_branch_operator.py for tasks to queue
[2022-04-06 04:49:20,659] {logging_mixin.py:109} INFO - [2022-04-06 04:49:20,659] {dagbag.py:500} INFO - Filling up the DagBag from /home/airflow/.local/lib/python3.8/site-packages/airflow/example_dags/example_branch_operator.py
[2022-04-06 04:49:20,691] {processor.py:654} INFO - DAG(s) dict_keys(['example_branch_operator']) retrieved from /home/airflow/.local/lib/python3.8/site-packages/airflow/example_dags/example_branch_operator.py
[2022-04-06 04:49:20,702] {logging_mixin.py:109} INFO - [2022-04-06 04:49:20,702] {dag.py:2396} INFO - Sync 1 DAGs
[2022-04-06 04:49:20,720] {logging_mixin.py:109} INFO - [2022-04-06 04:49:20,720] {dag.py:2935} INFO - Setting next_dagrun for example_branch_operator to 2022-04-05 00:00:00+00:00
[2022-04-06 04:49:20,728] {processor.py:171} INFO - Processing /home/airflow/.local/lib/python3.8/site-packages/airflow/example_dags/example_branch_operator.py took 0.077 seconds
[2022-04-06 04:49:50,938] {processor.py:163} INFO - Started process (PID=1110) to work on /home/airflow/.local/lib/python3.8/site-packages/airflow/example_dags/example_branch_operator.py
[2022-04-06 04:49:50,940] {processor.py:642} INFO - Processing file /home/airflow/.local/lib/python3.8/site-packages/airflow/example_dags/example_branch_operator.py for tasks to queue
[2022-04-06 04:49:50,941] {logging_mixin.py:109} INFO - [2022-04-06 04:49:50,941] {dagbag.py:500} INFO - Filling up the DagBag from /home/airflow/.local/lib/python3.8/site-packages/airflow/example_dags/example_branch_operator.py
[2022-04-06 04:49:50,982] {processor.py:654} INFO - DAG(s) dict_keys(['example_branch_operator']) retrieved from /home/airflow/.local/lib/python3.8/site-packages/airflow/example_dags/example_branch_operator.py
[2022-04-06 04:49:50,998] {logging_mixin.py:109} INFO - [2022-04-06 04:49:50,997] {dag.py:2396} INFO - Sync 1 DAGs
[2022-04-06 04:49:51,021] {logging_mixin.py:109} INFO - [2022-04-06 04:49:51,021] {dag.py:2935} INFO - Setting next_dagrun for example_branch_operator to 2022-04-05 00:00:00+00:00
[2022-04-06 04:49:51,033] {processor.py:171} INFO - Processing /home/airflow/.local/lib/python3.8/site-packages/airflow/example_dags/example_branch_operator.py took 0.097 seconds
[2022-04-06 04:50:21,372] {processor.py:163} INFO - Started process (PID=1169) to work on /home/airflow/.local/lib/python3.8/site-packages/airflow/example_dags/example_branch_operator.py
[2022-04-06 04:50:21,373] {processor.py:642} INFO - Processing file /home/airflow/.local/lib/python3.8/site-packages/airflow/example_dags/example_branch_operator.py for tasks to queue
[2022-04-06 04:50:21,374] {logging_mixin.py:109} INFO - [2022-04-06 04:50:21,374] {dagbag.py:500} INFO - Filling up the DagBag from /home/airflow/.local/lib/python3.8/site-packages/airflow/example_dags/example_branch_operator.py
[2022-04-06 04:50:21,404] {processor.py:654} INFO - DAG(s) dict_keys(['example_branch_operator']) retrieved from /home/airflow/.local/lib/python3.8/site-packages/airflow/example_dags/example_branch_operator.py
[2022-04-06 04:50:21,416] {logging_mixin.py:109} INFO - [2022-04-06 04:50:21,416] {dag.py:2396} INFO - Sync 1 DAGs
[2022-04-06 04:50:21,431] {logging_mixin.py:109} INFO - [2022-04-06 04:50:21,431] {dag.py:2935} INFO - Setting next_dagrun for example_branch_operator to 2022-04-05 00:00:00+00:00
[2022-04-06 04:50:21,438] {processor.py:171} INFO - Processing /home/airflow/.local/lib/python3.8/site-packages/airflow/example_dags/example_branch_operator.py took 0.069 seconds
[2022-04-06 04:50:51,599] {processor.py:163} INFO - Started process (PID=1227) to work on /home/airflow/.local/lib/python3.8/site-packages/airflow/example_dags/example_branch_operator.py
[2022-04-06 04:50:51,600] {processor.py:642} INFO - Processing file /home/airflow/.local/lib/python3.8/site-packages/airflow/example_dags/example_branch_operator.py for tasks to queue
[2022-04-06 04:50:51,601] {logging_mixin.py:109} INFO - [2022-04-06 04:50:51,601] {dagbag.py:500} INFO - Filling up the DagBag from /home/airflow/.local/lib/python3.8/site-packages/airflow/example_dags/example_branch_operator.py
[2022-04-06 04:50:51,625] {processor.py:654} INFO - DAG(s) dict_keys(['example_branch_operator']) retrieved from /home/airflow/.local/lib/python3.8/site-packages/airflow/example_dags/example_branch_operator.py
[2022-04-06 04:50:51,635] {logging_mixin.py:109} INFO - [2022-04-06 04:50:51,635] {dag.py:2396} INFO - Sync 1 DAGs
[2022-04-06 04:50:51,649] {logging_mixin.py:109} INFO - [2022-04-06 04:50:51,649] {dag.py:2935} INFO - Setting next_dagrun for example_branch_operator to 2022-04-05 00:00:00+00:00
[2022-04-06 04:50:51,656] {processor.py:171} INFO - Processing /home/airflow/.local/lib/python3.8/site-packages/airflow/example_dags/example_branch_operator.py took 0.059 seconds
[2022-04-06 04:52:43,046] {processor.py:163} INFO - Started process (PID=61) to work on /home/airflow/.local/lib/python3.8/site-packages/airflow/example_dags/example_branch_operator.py
[2022-04-06 04:52:43,047] {processor.py:642} INFO - Processing file /home/airflow/.local/lib/python3.8/site-packages/airflow/example_dags/example_branch_operator.py for tasks to queue
[2022-04-06 04:52:43,048] {logging_mixin.py:109} INFO - [2022-04-06 04:52:43,048] {dagbag.py:500} INFO - Filling up the DagBag from /home/airflow/.local/lib/python3.8/site-packages/airflow/example_dags/example_branch_operator.py
[2022-04-06 04:52:43,093] {processor.py:654} INFO - DAG(s) dict_keys(['example_branch_operator']) retrieved from /home/airflow/.local/lib/python3.8/site-packages/airflow/example_dags/example_branch_operator.py
[2022-04-06 04:52:43,106] {logging_mixin.py:109} INFO - [2022-04-06 04:52:43,105] {dag.py:2396} INFO - Sync 1 DAGs
[2022-04-06 04:52:43,125] {logging_mixin.py:109} INFO - [2022-04-06 04:52:43,125] {dag.py:2935} INFO - Setting next_dagrun for example_branch_operator to 2022-04-05 00:00:00+00:00
[2022-04-06 04:52:43,135] {processor.py:171} INFO - Processing /home/airflow/.local/lib/python3.8/site-packages/airflow/example_dags/example_branch_operator.py took 0.092 seconds
[2022-04-06 04:53:13,506] {processor.py:163} INFO - Started process (PID=120) to work on /home/airflow/.local/lib/python3.8/site-packages/airflow/example_dags/example_branch_operator.py
[2022-04-06 04:53:13,507] {processor.py:642} INFO - Processing file /home/airflow/.local/lib/python3.8/site-packages/airflow/example_dags/example_branch_operator.py for tasks to queue
[2022-04-06 04:53:13,508] {logging_mixin.py:109} INFO - [2022-04-06 04:53:13,508] {dagbag.py:500} INFO - Filling up the DagBag from /home/airflow/.local/lib/python3.8/site-packages/airflow/example_dags/example_branch_operator.py
[2022-04-06 04:53:13,533] {processor.py:654} INFO - DAG(s) dict_keys(['example_branch_operator']) retrieved from /home/airflow/.local/lib/python3.8/site-packages/airflow/example_dags/example_branch_operator.py
[2022-04-06 04:53:13,543] {logging_mixin.py:109} INFO - [2022-04-06 04:53:13,542] {dag.py:2396} INFO - Sync 1 DAGs
[2022-04-06 04:53:13,556] {logging_mixin.py:109} INFO - [2022-04-06 04:53:13,556] {dag.py:2935} INFO - Setting next_dagrun for example_branch_operator to 2022-04-05 00:00:00+00:00
[2022-04-06 04:53:13,563] {processor.py:171} INFO - Processing /home/airflow/.local/lib/python3.8/site-packages/airflow/example_dags/example_branch_operator.py took 0.059 seconds
[2022-04-06 04:53:44,761] {processor.py:163} INFO - Started process (PID=185) to work on /home/airflow/.local/lib/python3.8/site-packages/airflow/example_dags/example_branch_operator.py
[2022-04-06 04:53:44,762] {processor.py:642} INFO - Processing file /home/airflow/.local/lib/python3.8/site-packages/airflow/example_dags/example_branch_operator.py for tasks to queue
[2022-04-06 04:53:44,763] {logging_mixin.py:109} INFO - [2022-04-06 04:53:44,762] {dagbag.py:500} INFO - Filling up the DagBag from /home/airflow/.local/lib/python3.8/site-packages/airflow/example_dags/example_branch_operator.py
[2022-04-06 04:53:44,788] {processor.py:654} INFO - DAG(s) dict_keys(['example_branch_operator']) retrieved from /home/airflow/.local/lib/python3.8/site-packages/airflow/example_dags/example_branch_operator.py
[2022-04-06 04:53:44,798] {logging_mixin.py:109} INFO - [2022-04-06 04:53:44,798] {dag.py:2396} INFO - Sync 1 DAGs
[2022-04-06 04:53:44,813] {logging_mixin.py:109} INFO - [2022-04-06 04:53:44,813] {dag.py:2935} INFO - Setting next_dagrun for example_branch_operator to 2022-04-05 00:00:00+00:00
[2022-04-06 04:53:44,821] {processor.py:171} INFO - Processing /home/airflow/.local/lib/python3.8/site-packages/airflow/example_dags/example_branch_operator.py took 0.063 seconds
[2022-04-06 04:54:15,205] {processor.py:163} INFO - Started process (PID=242) to work on /home/airflow/.local/lib/python3.8/site-packages/airflow/example_dags/example_branch_operator.py
[2022-04-06 04:54:15,206] {processor.py:642} INFO - Processing file /home/airflow/.local/lib/python3.8/site-packages/airflow/example_dags/example_branch_operator.py for tasks to queue
[2022-04-06 04:54:15,206] {logging_mixin.py:109} INFO - [2022-04-06 04:54:15,206] {dagbag.py:500} INFO - Filling up the DagBag from /home/airflow/.local/lib/python3.8/site-packages/airflow/example_dags/example_branch_operator.py
[2022-04-06 04:54:15,229] {processor.py:654} INFO - DAG(s) dict_keys(['example_branch_operator']) retrieved from /home/airflow/.local/lib/python3.8/site-packages/airflow/example_dags/example_branch_operator.py
[2022-04-06 04:54:15,238] {logging_mixin.py:109} INFO - [2022-04-06 04:54:15,238] {dag.py:2396} INFO - Sync 1 DAGs
[2022-04-06 04:54:15,252] {logging_mixin.py:109} INFO - [2022-04-06 04:54:15,251] {dag.py:2935} INFO - Setting next_dagrun for example_branch_operator to 2022-04-05 00:00:00+00:00
[2022-04-06 04:54:15,258] {processor.py:171} INFO - Processing /home/airflow/.local/lib/python3.8/site-packages/airflow/example_dags/example_branch_operator.py took 0.056 seconds
[2022-04-06 04:54:46,676] {processor.py:163} INFO - Started process (PID=310) to work on /home/airflow/.local/lib/python3.8/site-packages/airflow/example_dags/example_branch_operator.py
[2022-04-06 04:54:46,677] {processor.py:642} INFO - Processing file /home/airflow/.local/lib/python3.8/site-packages/airflow/example_dags/example_branch_operator.py for tasks to queue
[2022-04-06 04:54:46,677] {logging_mixin.py:109} INFO - [2022-04-06 04:54:46,677] {dagbag.py:500} INFO - Filling up the DagBag from /home/airflow/.local/lib/python3.8/site-packages/airflow/example_dags/example_branch_operator.py
[2022-04-06 04:54:46,699] {processor.py:654} INFO - DAG(s) dict_keys(['example_branch_operator']) retrieved from /home/airflow/.local/lib/python3.8/site-packages/airflow/example_dags/example_branch_operator.py
[2022-04-06 04:54:46,711] {logging_mixin.py:109} INFO - [2022-04-06 04:54:46,710] {dag.py:2396} INFO - Sync 1 DAGs
[2022-04-06 04:54:46,728] {logging_mixin.py:109} INFO - [2022-04-06 04:54:46,728] {dag.py:2935} INFO - Setting next_dagrun for example_branch_operator to 2022-04-05 00:00:00+00:00
[2022-04-06 04:54:46,736] {processor.py:171} INFO - Processing /home/airflow/.local/lib/python3.8/site-packages/airflow/example_dags/example_branch_operator.py took 0.062 seconds
[2022-04-06 04:55:16,857] {processor.py:163} INFO - Started process (PID=357) to work on /home/airflow/.local/lib/python3.8/site-packages/airflow/example_dags/example_branch_operator.py
[2022-04-06 04:55:16,858] {processor.py:642} INFO - Processing file /home/airflow/.local/lib/python3.8/site-packages/airflow/example_dags/example_branch_operator.py for tasks to queue
[2022-04-06 04:55:16,859] {logging_mixin.py:109} INFO - [2022-04-06 04:55:16,858] {dagbag.py:500} INFO - Filling up the DagBag from /home/airflow/.local/lib/python3.8/site-packages/airflow/example_dags/example_branch_operator.py
[2022-04-06 04:55:16,881] {processor.py:654} INFO - DAG(s) dict_keys(['example_branch_operator']) retrieved from /home/airflow/.local/lib/python3.8/site-packages/airflow/example_dags/example_branch_operator.py
[2022-04-06 04:55:16,889] {logging_mixin.py:109} INFO - [2022-04-06 04:55:16,889] {dag.py:2396} INFO - Sync 1 DAGs
[2022-04-06 04:55:16,902] {logging_mixin.py:109} INFO - [2022-04-06 04:55:16,902] {dag.py:2935} INFO - Setting next_dagrun for example_branch_operator to 2022-04-05 00:00:00+00:00
[2022-04-06 04:55:16,909] {processor.py:171} INFO - Processing /home/airflow/.local/lib/python3.8/site-packages/airflow/example_dags/example_branch_operator.py took 0.054 seconds
[2022-04-06 04:55:47,212] {processor.py:163} INFO - Started process (PID=415) to work on /home/airflow/.local/lib/python3.8/site-packages/airflow/example_dags/example_branch_operator.py
[2022-04-06 04:55:47,213] {processor.py:642} INFO - Processing file /home/airflow/.local/lib/python3.8/site-packages/airflow/example_dags/example_branch_operator.py for tasks to queue
[2022-04-06 04:55:47,214] {logging_mixin.py:109} INFO - [2022-04-06 04:55:47,214] {dagbag.py:500} INFO - Filling up the DagBag from /home/airflow/.local/lib/python3.8/site-packages/airflow/example_dags/example_branch_operator.py
[2022-04-06 04:55:47,241] {processor.py:654} INFO - DAG(s) dict_keys(['example_branch_operator']) retrieved from /home/airflow/.local/lib/python3.8/site-packages/airflow/example_dags/example_branch_operator.py
[2022-04-06 04:55:47,252] {logging_mixin.py:109} INFO - [2022-04-06 04:55:47,252] {dag.py:2396} INFO - Sync 1 DAGs
[2022-04-06 04:55:47,271] {logging_mixin.py:109} INFO - [2022-04-06 04:55:47,271] {dag.py:2935} INFO - Setting next_dagrun for example_branch_operator to 2022-04-05 00:00:00+00:00
[2022-04-06 04:55:47,279] {processor.py:171} INFO - Processing /home/airflow/.local/lib/python3.8/site-packages/airflow/example_dags/example_branch_operator.py took 0.070 seconds
[2022-04-06 04:56:17,510] {processor.py:163} INFO - Started process (PID=480) to work on /home/airflow/.local/lib/python3.8/site-packages/airflow/example_dags/example_branch_operator.py
[2022-04-06 04:56:17,511] {processor.py:642} INFO - Processing file /home/airflow/.local/lib/python3.8/site-packages/airflow/example_dags/example_branch_operator.py for tasks to queue
[2022-04-06 04:56:17,511] {logging_mixin.py:109} INFO - [2022-04-06 04:56:17,511] {dagbag.py:500} INFO - Filling up the DagBag from /home/airflow/.local/lib/python3.8/site-packages/airflow/example_dags/example_branch_operator.py
[2022-04-06 04:56:17,532] {processor.py:654} INFO - DAG(s) dict_keys(['example_branch_operator']) retrieved from /home/airflow/.local/lib/python3.8/site-packages/airflow/example_dags/example_branch_operator.py
[2022-04-06 04:56:17,541] {logging_mixin.py:109} INFO - [2022-04-06 04:56:17,541] {dag.py:2396} INFO - Sync 1 DAGs
[2022-04-06 04:56:17,554] {logging_mixin.py:109} INFO - [2022-04-06 04:56:17,554] {dag.py:2935} INFO - Setting next_dagrun for example_branch_operator to 2022-04-05 00:00:00+00:00
[2022-04-06 04:56:17,561] {processor.py:171} INFO - Processing /home/airflow/.local/lib/python3.8/site-packages/airflow/example_dags/example_branch_operator.py took 0.053 seconds
[2022-04-06 04:56:47,792] {processor.py:163} INFO - Started process (PID=536) to work on /home/airflow/.local/lib/python3.8/site-packages/airflow/example_dags/example_branch_operator.py
[2022-04-06 04:56:47,792] {processor.py:642} INFO - Processing file /home/airflow/.local/lib/python3.8/site-packages/airflow/example_dags/example_branch_operator.py for tasks to queue
[2022-04-06 04:56:47,793] {logging_mixin.py:109} INFO - [2022-04-06 04:56:47,793] {dagbag.py:500} INFO - Filling up the DagBag from /home/airflow/.local/lib/python3.8/site-packages/airflow/example_dags/example_branch_operator.py
[2022-04-06 04:56:47,817] {processor.py:654} INFO - DAG(s) dict_keys(['example_branch_operator']) retrieved from /home/airflow/.local/lib/python3.8/site-packages/airflow/example_dags/example_branch_operator.py
[2022-04-06 04:56:47,827] {logging_mixin.py:109} INFO - [2022-04-06 04:56:47,827] {dag.py:2396} INFO - Sync 1 DAGs
[2022-04-06 04:56:47,844] {logging_mixin.py:109} INFO - [2022-04-06 04:56:47,843] {dag.py:2935} INFO - Setting next_dagrun for example_branch_operator to 2022-04-05 00:00:00+00:00
[2022-04-06 04:56:47,852] {processor.py:171} INFO - Processing /home/airflow/.local/lib/python3.8/site-packages/airflow/example_dags/example_branch_operator.py took 0.063 seconds
[2022-04-06 04:57:17,873] {processor.py:163} INFO - Started process (PID=592) to work on /home/airflow/.local/lib/python3.8/site-packages/airflow/example_dags/example_branch_operator.py
[2022-04-06 04:57:17,874] {processor.py:642} INFO - Processing file /home/airflow/.local/lib/python3.8/site-packages/airflow/example_dags/example_branch_operator.py for tasks to queue
[2022-04-06 04:57:17,874] {logging_mixin.py:109} INFO - [2022-04-06 04:57:17,874] {dagbag.py:500} INFO - Filling up the DagBag from /home/airflow/.local/lib/python3.8/site-packages/airflow/example_dags/example_branch_operator.py
[2022-04-06 04:57:17,898] {processor.py:654} INFO - DAG(s) dict_keys(['example_branch_operator']) retrieved from /home/airflow/.local/lib/python3.8/site-packages/airflow/example_dags/example_branch_operator.py
[2022-04-06 04:57:17,908] {logging_mixin.py:109} INFO - [2022-04-06 04:57:17,908] {dag.py:2396} INFO - Sync 1 DAGs
[2022-04-06 04:57:17,922] {logging_mixin.py:109} INFO - [2022-04-06 04:57:17,922] {dag.py:2935} INFO - Setting next_dagrun for example_branch_operator to 2022-04-05 00:00:00+00:00
[2022-04-06 04:57:17,929] {processor.py:171} INFO - Processing /home/airflow/.local/lib/python3.8/site-packages/airflow/example_dags/example_branch_operator.py took 0.059 seconds
[2022-04-06 05:02:31,507] {processor.py:163} INFO - Started process (PID=61) to work on /home/airflow/.local/lib/python3.8/site-packages/airflow/example_dags/example_branch_operator.py
[2022-04-06 05:02:31,508] {processor.py:642} INFO - Processing file /home/airflow/.local/lib/python3.8/site-packages/airflow/example_dags/example_branch_operator.py for tasks to queue
[2022-04-06 05:02:31,508] {logging_mixin.py:109} INFO - [2022-04-06 05:02:31,508] {dagbag.py:500} INFO - Filling up the DagBag from /home/airflow/.local/lib/python3.8/site-packages/airflow/example_dags/example_branch_operator.py
[2022-04-06 05:02:31,532] {processor.py:654} INFO - DAG(s) dict_keys(['example_branch_operator']) retrieved from /home/airflow/.local/lib/python3.8/site-packages/airflow/example_dags/example_branch_operator.py
[2022-04-06 05:02:31,541] {logging_mixin.py:109} INFO - [2022-04-06 05:02:31,541] {dag.py:2396} INFO - Sync 1 DAGs
[2022-04-06 05:02:31,554] {logging_mixin.py:109} INFO - [2022-04-06 05:02:31,554] {dag.py:2935} INFO - Setting next_dagrun for example_branch_operator to 2022-04-05 00:00:00+00:00
[2022-04-06 05:02:31,561] {processor.py:171} INFO - Processing /home/airflow/.local/lib/python3.8/site-packages/airflow/example_dags/example_branch_operator.py took 0.057 seconds
[2022-04-06 05:03:02,877] {processor.py:163} INFO - Started process (PID=128) to work on /home/airflow/.local/lib/python3.8/site-packages/airflow/example_dags/example_branch_operator.py
[2022-04-06 05:03:02,878] {processor.py:642} INFO - Processing file /home/airflow/.local/lib/python3.8/site-packages/airflow/example_dags/example_branch_operator.py for tasks to queue
[2022-04-06 05:03:02,879] {logging_mixin.py:109} INFO - [2022-04-06 05:03:02,879] {dagbag.py:500} INFO - Filling up the DagBag from /home/airflow/.local/lib/python3.8/site-packages/airflow/example_dags/example_branch_operator.py
[2022-04-06 05:03:02,905] {processor.py:654} INFO - DAG(s) dict_keys(['example_branch_operator']) retrieved from /home/airflow/.local/lib/python3.8/site-packages/airflow/example_dags/example_branch_operator.py
[2022-04-06 05:03:02,915] {logging_mixin.py:109} INFO - [2022-04-06 05:03:02,915] {dag.py:2396} INFO - Sync 1 DAGs
[2022-04-06 05:03:02,929] {logging_mixin.py:109} INFO - [2022-04-06 05:03:02,929] {dag.py:2935} INFO - Setting next_dagrun for example_branch_operator to 2022-04-05 00:00:00+00:00
[2022-04-06 05:03:02,936] {processor.py:171} INFO - Processing /home/airflow/.local/lib/python3.8/site-packages/airflow/example_dags/example_branch_operator.py took 0.062 seconds
[2022-04-06 05:03:33,974] {processor.py:163} INFO - Started process (PID=184) to work on /home/airflow/.local/lib/python3.8/site-packages/airflow/example_dags/example_branch_operator.py
[2022-04-06 05:03:33,975] {processor.py:642} INFO - Processing file /home/airflow/.local/lib/python3.8/site-packages/airflow/example_dags/example_branch_operator.py for tasks to queue
[2022-04-06 05:03:33,976] {logging_mixin.py:109} INFO - [2022-04-06 05:03:33,976] {dagbag.py:500} INFO - Filling up the DagBag from /home/airflow/.local/lib/python3.8/site-packages/airflow/example_dags/example_branch_operator.py
[2022-04-06 05:03:34,001] {processor.py:654} INFO - DAG(s) dict_keys(['example_branch_operator']) retrieved from /home/airflow/.local/lib/python3.8/site-packages/airflow/example_dags/example_branch_operator.py
[2022-04-06 05:03:34,013] {logging_mixin.py:109} INFO - [2022-04-06 05:03:34,012] {dag.py:2396} INFO - Sync 1 DAGs
[2022-04-06 05:03:34,027] {logging_mixin.py:109} INFO - [2022-04-06 05:03:34,027] {dag.py:2935} INFO - Setting next_dagrun for example_branch_operator to 2022-04-05 00:00:00+00:00
[2022-04-06 05:03:34,035] {processor.py:171} INFO - Processing /home/airflow/.local/lib/python3.8/site-packages/airflow/example_dags/example_branch_operator.py took 0.063 seconds
