[2022-04-06 04:43:03,153] {processor.py:163} INFO - Started process (PID=108) to work on /home/airflow/.local/lib/python3.8/site-packages/airflow/example_dags/example_latest_only_with_trigger.py
[2022-04-06 04:43:03,154] {processor.py:642} INFO - Processing file /home/airflow/.local/lib/python3.8/site-packages/airflow/example_dags/example_latest_only_with_trigger.py for tasks to queue
[2022-04-06 04:43:03,155] {logging_mixin.py:109} INFO - [2022-04-06 04:43:03,155] {dagbag.py:500} INFO - Filling up the DagBag from /home/airflow/.local/lib/python3.8/site-packages/airflow/example_dags/example_latest_only_with_trigger.py
[2022-04-06 04:43:03,197] {processor.py:654} INFO - DAG(s) dict_keys(['latest_only_with_trigger']) retrieved from /home/airflow/.local/lib/python3.8/site-packages/airflow/example_dags/example_latest_only_with_trigger.py
[2022-04-06 04:43:05,776] {logging_mixin.py:109} INFO - [2022-04-06 04:43:05,776] {manager.py:496} INFO - Created Permission View: can read on DAG:latest_only_with_trigger
[2022-04-06 04:43:05,785] {logging_mixin.py:109} INFO - [2022-04-06 04:43:05,785] {manager.py:496} INFO - Created Permission View: can edit on DAG:latest_only_with_trigger
[2022-04-06 04:43:05,785] {logging_mixin.py:109} INFO - [2022-04-06 04:43:05,785] {dag.py:2396} INFO - Sync 1 DAGs
[2022-04-06 04:43:05,793] {logging_mixin.py:109} INFO - [2022-04-06 04:43:05,792] {dag.py:2415} INFO - Creating ORM DAG for latest_only_with_trigger
[2022-04-06 04:43:05,800] {logging_mixin.py:109} INFO - [2022-04-06 04:43:05,800] {dag.py:2935} INFO - Setting next_dagrun for latest_only_with_trigger to 2022-04-06T00:43:05.800364+00:00
[2022-04-06 04:43:05,811] {processor.py:171} INFO - Processing /home/airflow/.local/lib/python3.8/site-packages/airflow/example_dags/example_latest_only_with_trigger.py took 2.662 seconds
[2022-04-06 04:43:36,070] {processor.py:163} INFO - Started process (PID=357) to work on /home/airflow/.local/lib/python3.8/site-packages/airflow/example_dags/example_latest_only_with_trigger.py
[2022-04-06 04:43:36,071] {processor.py:642} INFO - Processing file /home/airflow/.local/lib/python3.8/site-packages/airflow/example_dags/example_latest_only_with_trigger.py for tasks to queue
[2022-04-06 04:43:36,072] {logging_mixin.py:109} INFO - [2022-04-06 04:43:36,072] {dagbag.py:500} INFO - Filling up the DagBag from /home/airflow/.local/lib/python3.8/site-packages/airflow/example_dags/example_latest_only_with_trigger.py
[2022-04-06 04:43:36,105] {processor.py:654} INFO - DAG(s) dict_keys(['latest_only_with_trigger']) retrieved from /home/airflow/.local/lib/python3.8/site-packages/airflow/example_dags/example_latest_only_with_trigger.py
[2022-04-06 04:43:36,117] {logging_mixin.py:109} INFO - [2022-04-06 04:43:36,117] {dag.py:2396} INFO - Sync 1 DAGs
[2022-04-06 04:43:36,137] {logging_mixin.py:109} INFO - [2022-04-06 04:43:36,137] {dag.py:2935} INFO - Setting next_dagrun for latest_only_with_trigger to 2022-04-06T00:43:36.136988+00:00
[2022-04-06 04:43:36,147] {processor.py:171} INFO - Processing /home/airflow/.local/lib/python3.8/site-packages/airflow/example_dags/example_latest_only_with_trigger.py took 0.081 seconds
[2022-04-06 04:44:06,565] {processor.py:163} INFO - Started process (PID=424) to work on /home/airflow/.local/lib/python3.8/site-packages/airflow/example_dags/example_latest_only_with_trigger.py
[2022-04-06 04:44:06,566] {processor.py:642} INFO - Processing file /home/airflow/.local/lib/python3.8/site-packages/airflow/example_dags/example_latest_only_with_trigger.py for tasks to queue
[2022-04-06 04:44:06,566] {logging_mixin.py:109} INFO - [2022-04-06 04:44:06,566] {dagbag.py:500} INFO - Filling up the DagBag from /home/airflow/.local/lib/python3.8/site-packages/airflow/example_dags/example_latest_only_with_trigger.py
[2022-04-06 04:44:06,585] {processor.py:654} INFO - DAG(s) dict_keys(['latest_only_with_trigger']) retrieved from /home/airflow/.local/lib/python3.8/site-packages/airflow/example_dags/example_latest_only_with_trigger.py
[2022-04-06 04:44:06,595] {logging_mixin.py:109} INFO - [2022-04-06 04:44:06,595] {dag.py:2396} INFO - Sync 1 DAGs
[2022-04-06 04:44:06,608] {logging_mixin.py:109} INFO - [2022-04-06 04:44:06,608] {dag.py:2935} INFO - Setting next_dagrun for latest_only_with_trigger to 2022-04-06T00:44:06.608616+00:00
[2022-04-06 04:44:06,615] {processor.py:171} INFO - Processing /home/airflow/.local/lib/python3.8/site-packages/airflow/example_dags/example_latest_only_with_trigger.py took 0.052 seconds
[2022-04-06 04:44:36,794] {processor.py:163} INFO - Started process (PID=481) to work on /home/airflow/.local/lib/python3.8/site-packages/airflow/example_dags/example_latest_only_with_trigger.py
[2022-04-06 04:44:36,795] {processor.py:642} INFO - Processing file /home/airflow/.local/lib/python3.8/site-packages/airflow/example_dags/example_latest_only_with_trigger.py for tasks to queue
[2022-04-06 04:44:36,796] {logging_mixin.py:109} INFO - [2022-04-06 04:44:36,795] {dagbag.py:500} INFO - Filling up the DagBag from /home/airflow/.local/lib/python3.8/site-packages/airflow/example_dags/example_latest_only_with_trigger.py
[2022-04-06 04:44:36,816] {processor.py:654} INFO - DAG(s) dict_keys(['latest_only_with_trigger']) retrieved from /home/airflow/.local/lib/python3.8/site-packages/airflow/example_dags/example_latest_only_with_trigger.py
[2022-04-06 04:44:36,826] {logging_mixin.py:109} INFO - [2022-04-06 04:44:36,826] {dag.py:2396} INFO - Sync 1 DAGs
[2022-04-06 04:44:36,842] {logging_mixin.py:109} INFO - [2022-04-06 04:44:36,842] {dag.py:2935} INFO - Setting next_dagrun for latest_only_with_trigger to 2022-04-06T00:44:36.842245+00:00
[2022-04-06 04:44:36,852] {processor.py:171} INFO - Processing /home/airflow/.local/lib/python3.8/site-packages/airflow/example_dags/example_latest_only_with_trigger.py took 0.060 seconds
[2022-04-06 04:45:07,060] {processor.py:163} INFO - Started process (PID=539) to work on /home/airflow/.local/lib/python3.8/site-packages/airflow/example_dags/example_latest_only_with_trigger.py
[2022-04-06 04:45:07,062] {processor.py:642} INFO - Processing file /home/airflow/.local/lib/python3.8/site-packages/airflow/example_dags/example_latest_only_with_trigger.py for tasks to queue
[2022-04-06 04:45:07,064] {logging_mixin.py:109} INFO - [2022-04-06 04:45:07,063] {dagbag.py:500} INFO - Filling up the DagBag from /home/airflow/.local/lib/python3.8/site-packages/airflow/example_dags/example_latest_only_with_trigger.py
[2022-04-06 04:45:07,098] {processor.py:654} INFO - DAG(s) dict_keys(['latest_only_with_trigger']) retrieved from /home/airflow/.local/lib/python3.8/site-packages/airflow/example_dags/example_latest_only_with_trigger.py
[2022-04-06 04:45:07,107] {logging_mixin.py:109} INFO - [2022-04-06 04:45:07,107] {dag.py:2396} INFO - Sync 1 DAGs
[2022-04-06 04:45:07,120] {logging_mixin.py:109} INFO - [2022-04-06 04:45:07,120] {dag.py:2935} INFO - Setting next_dagrun for latest_only_with_trigger to 2022-04-06T00:45:07.119947+00:00
[2022-04-06 04:45:07,128] {processor.py:171} INFO - Processing /home/airflow/.local/lib/python3.8/site-packages/airflow/example_dags/example_latest_only_with_trigger.py took 0.076 seconds
[2022-04-06 04:45:37,305] {processor.py:163} INFO - Started process (PID=604) to work on /home/airflow/.local/lib/python3.8/site-packages/airflow/example_dags/example_latest_only_with_trigger.py
[2022-04-06 04:45:37,306] {processor.py:642} INFO - Processing file /home/airflow/.local/lib/python3.8/site-packages/airflow/example_dags/example_latest_only_with_trigger.py for tasks to queue
[2022-04-06 04:45:37,306] {logging_mixin.py:109} INFO - [2022-04-06 04:45:37,306] {dagbag.py:500} INFO - Filling up the DagBag from /home/airflow/.local/lib/python3.8/site-packages/airflow/example_dags/example_latest_only_with_trigger.py
[2022-04-06 04:45:37,330] {processor.py:654} INFO - DAG(s) dict_keys(['latest_only_with_trigger']) retrieved from /home/airflow/.local/lib/python3.8/site-packages/airflow/example_dags/example_latest_only_with_trigger.py
[2022-04-06 04:45:37,340] {logging_mixin.py:109} INFO - [2022-04-06 04:45:37,340] {dag.py:2396} INFO - Sync 1 DAGs
[2022-04-06 04:45:37,355] {logging_mixin.py:109} INFO - [2022-04-06 04:45:37,355] {dag.py:2935} INFO - Setting next_dagrun for latest_only_with_trigger to 2022-04-06T00:45:37.355136+00:00
[2022-04-06 04:45:37,364] {processor.py:171} INFO - Processing /home/airflow/.local/lib/python3.8/site-packages/airflow/example_dags/example_latest_only_with_trigger.py took 0.062 seconds
[2022-04-06 04:46:07,770] {processor.py:163} INFO - Started process (PID=662) to work on /home/airflow/.local/lib/python3.8/site-packages/airflow/example_dags/example_latest_only_with_trigger.py
[2022-04-06 04:46:07,774] {processor.py:642} INFO - Processing file /home/airflow/.local/lib/python3.8/site-packages/airflow/example_dags/example_latest_only_with_trigger.py for tasks to queue
[2022-04-06 04:46:07,776] {logging_mixin.py:109} INFO - [2022-04-06 04:46:07,775] {dagbag.py:500} INFO - Filling up the DagBag from /home/airflow/.local/lib/python3.8/site-packages/airflow/example_dags/example_latest_only_with_trigger.py
[2022-04-06 04:46:07,810] {processor.py:654} INFO - DAG(s) dict_keys(['latest_only_with_trigger']) retrieved from /home/airflow/.local/lib/python3.8/site-packages/airflow/example_dags/example_latest_only_with_trigger.py
[2022-04-06 04:46:07,820] {logging_mixin.py:109} INFO - [2022-04-06 04:46:07,819] {dag.py:2396} INFO - Sync 1 DAGs
[2022-04-06 04:46:07,836] {logging_mixin.py:109} INFO - [2022-04-06 04:46:07,836] {dag.py:2935} INFO - Setting next_dagrun for latest_only_with_trigger to 2022-04-06T00:46:07.836003+00:00
[2022-04-06 04:46:07,844] {processor.py:171} INFO - Processing /home/airflow/.local/lib/python3.8/site-packages/airflow/example_dags/example_latest_only_with_trigger.py took 0.081 seconds
[2022-04-06 04:46:38,079] {processor.py:163} INFO - Started process (PID=719) to work on /home/airflow/.local/lib/python3.8/site-packages/airflow/example_dags/example_latest_only_with_trigger.py
[2022-04-06 04:46:38,080] {processor.py:642} INFO - Processing file /home/airflow/.local/lib/python3.8/site-packages/airflow/example_dags/example_latest_only_with_trigger.py for tasks to queue
[2022-04-06 04:46:38,081] {logging_mixin.py:109} INFO - [2022-04-06 04:46:38,081] {dagbag.py:500} INFO - Filling up the DagBag from /home/airflow/.local/lib/python3.8/site-packages/airflow/example_dags/example_latest_only_with_trigger.py
[2022-04-06 04:46:38,105] {processor.py:654} INFO - DAG(s) dict_keys(['latest_only_with_trigger']) retrieved from /home/airflow/.local/lib/python3.8/site-packages/airflow/example_dags/example_latest_only_with_trigger.py
[2022-04-06 04:46:38,115] {logging_mixin.py:109} INFO - [2022-04-06 04:46:38,115] {dag.py:2396} INFO - Sync 1 DAGs
[2022-04-06 04:46:38,130] {logging_mixin.py:109} INFO - [2022-04-06 04:46:38,130] {dag.py:2935} INFO - Setting next_dagrun for latest_only_with_trigger to 2022-04-06T00:46:38.130245+00:00
[2022-04-06 04:46:38,139] {processor.py:171} INFO - Processing /home/airflow/.local/lib/python3.8/site-packages/airflow/example_dags/example_latest_only_with_trigger.py took 0.063 seconds
[2022-04-06 04:47:08,197] {processor.py:163} INFO - Started process (PID=785) to work on /home/airflow/.local/lib/python3.8/site-packages/airflow/example_dags/example_latest_only_with_trigger.py
[2022-04-06 04:47:08,200] {processor.py:642} INFO - Processing file /home/airflow/.local/lib/python3.8/site-packages/airflow/example_dags/example_latest_only_with_trigger.py for tasks to queue
[2022-04-06 04:47:08,202] {logging_mixin.py:109} INFO - [2022-04-06 04:47:08,201] {dagbag.py:500} INFO - Filling up the DagBag from /home/airflow/.local/lib/python3.8/site-packages/airflow/example_dags/example_latest_only_with_trigger.py
[2022-04-06 04:47:08,250] {processor.py:654} INFO - DAG(s) dict_keys(['latest_only_with_trigger']) retrieved from /home/airflow/.local/lib/python3.8/site-packages/airflow/example_dags/example_latest_only_with_trigger.py
[2022-04-06 04:47:08,259] {logging_mixin.py:109} INFO - [2022-04-06 04:47:08,259] {dag.py:2396} INFO - Sync 1 DAGs
[2022-04-06 04:47:08,271] {logging_mixin.py:109} INFO - [2022-04-06 04:47:08,271] {dag.py:2935} INFO - Setting next_dagrun for latest_only_with_trigger to 2022-04-06T00:47:08.271204+00:00
[2022-04-06 04:47:08,279] {processor.py:171} INFO - Processing /home/airflow/.local/lib/python3.8/site-packages/airflow/example_dags/example_latest_only_with_trigger.py took 0.090 seconds
[2022-04-06 04:47:38,423] {processor.py:163} INFO - Started process (PID=843) to work on /home/airflow/.local/lib/python3.8/site-packages/airflow/example_dags/example_latest_only_with_trigger.py
[2022-04-06 04:47:38,426] {processor.py:642} INFO - Processing file /home/airflow/.local/lib/python3.8/site-packages/airflow/example_dags/example_latest_only_with_trigger.py for tasks to queue
[2022-04-06 04:47:38,428] {logging_mixin.py:109} INFO - [2022-04-06 04:47:38,427] {dagbag.py:500} INFO - Filling up the DagBag from /home/airflow/.local/lib/python3.8/site-packages/airflow/example_dags/example_latest_only_with_trigger.py
[2022-04-06 04:47:38,469] {processor.py:654} INFO - DAG(s) dict_keys(['latest_only_with_trigger']) retrieved from /home/airflow/.local/lib/python3.8/site-packages/airflow/example_dags/example_latest_only_with_trigger.py
[2022-04-06 04:47:38,478] {logging_mixin.py:109} INFO - [2022-04-06 04:47:38,478] {dag.py:2396} INFO - Sync 1 DAGs
[2022-04-06 04:47:38,491] {logging_mixin.py:109} INFO - [2022-04-06 04:47:38,491] {dag.py:2935} INFO - Setting next_dagrun for latest_only_with_trigger to 2022-04-06T00:47:38.491027+00:00
[2022-04-06 04:47:38,504] {processor.py:171} INFO - Processing /home/airflow/.local/lib/python3.8/site-packages/airflow/example_dags/example_latest_only_with_trigger.py took 0.089 seconds
[2022-04-06 04:48:08,995] {processor.py:163} INFO - Started process (PID=903) to work on /home/airflow/.local/lib/python3.8/site-packages/airflow/example_dags/example_latest_only_with_trigger.py
[2022-04-06 04:48:08,996] {processor.py:642} INFO - Processing file /home/airflow/.local/lib/python3.8/site-packages/airflow/example_dags/example_latest_only_with_trigger.py for tasks to queue
[2022-04-06 04:48:08,996] {logging_mixin.py:109} INFO - [2022-04-06 04:48:08,996] {dagbag.py:500} INFO - Filling up the DagBag from /home/airflow/.local/lib/python3.8/site-packages/airflow/example_dags/example_latest_only_with_trigger.py
[2022-04-06 04:48:09,019] {processor.py:654} INFO - DAG(s) dict_keys(['latest_only_with_trigger']) retrieved from /home/airflow/.local/lib/python3.8/site-packages/airflow/example_dags/example_latest_only_with_trigger.py
[2022-04-06 04:48:09,028] {logging_mixin.py:109} INFO - [2022-04-06 04:48:09,027] {dag.py:2396} INFO - Sync 1 DAGs
[2022-04-06 04:48:09,040] {logging_mixin.py:109} INFO - [2022-04-06 04:48:09,040] {dag.py:2935} INFO - Setting next_dagrun for latest_only_with_trigger to 2022-04-06T00:48:09.040172+00:00
[2022-04-06 04:48:09,047] {processor.py:171} INFO - Processing /home/airflow/.local/lib/python3.8/site-packages/airflow/example_dags/example_latest_only_with_trigger.py took 0.055 seconds
[2022-04-06 04:48:39,513] {processor.py:163} INFO - Started process (PID=961) to work on /home/airflow/.local/lib/python3.8/site-packages/airflow/example_dags/example_latest_only_with_trigger.py
[2022-04-06 04:48:39,516] {processor.py:642} INFO - Processing file /home/airflow/.local/lib/python3.8/site-packages/airflow/example_dags/example_latest_only_with_trigger.py for tasks to queue
[2022-04-06 04:48:39,517] {logging_mixin.py:109} INFO - [2022-04-06 04:48:39,517] {dagbag.py:500} INFO - Filling up the DagBag from /home/airflow/.local/lib/python3.8/site-packages/airflow/example_dags/example_latest_only_with_trigger.py
[2022-04-06 04:48:39,553] {processor.py:654} INFO - DAG(s) dict_keys(['latest_only_with_trigger']) retrieved from /home/airflow/.local/lib/python3.8/site-packages/airflow/example_dags/example_latest_only_with_trigger.py
[2022-04-06 04:48:39,563] {logging_mixin.py:109} INFO - [2022-04-06 04:48:39,563] {dag.py:2396} INFO - Sync 1 DAGs
[2022-04-06 04:48:39,577] {logging_mixin.py:109} INFO - [2022-04-06 04:48:39,577] {dag.py:2935} INFO - Setting next_dagrun for latest_only_with_trigger to 2022-04-06T00:48:39.577499+00:00
[2022-04-06 04:48:39,587] {processor.py:171} INFO - Processing /home/airflow/.local/lib/python3.8/site-packages/airflow/example_dags/example_latest_only_with_trigger.py took 0.081 seconds
[2022-04-06 04:49:09,983] {processor.py:163} INFO - Started process (PID=1027) to work on /home/airflow/.local/lib/python3.8/site-packages/airflow/example_dags/example_latest_only_with_trigger.py
[2022-04-06 04:49:09,984] {processor.py:642} INFO - Processing file /home/airflow/.local/lib/python3.8/site-packages/airflow/example_dags/example_latest_only_with_trigger.py for tasks to queue
[2022-04-06 04:49:09,984] {logging_mixin.py:109} INFO - [2022-04-06 04:49:09,984] {dagbag.py:500} INFO - Filling up the DagBag from /home/airflow/.local/lib/python3.8/site-packages/airflow/example_dags/example_latest_only_with_trigger.py
[2022-04-06 04:49:10,010] {processor.py:654} INFO - DAG(s) dict_keys(['latest_only_with_trigger']) retrieved from /home/airflow/.local/lib/python3.8/site-packages/airflow/example_dags/example_latest_only_with_trigger.py
[2022-04-06 04:49:10,020] {logging_mixin.py:109} INFO - [2022-04-06 04:49:10,020] {dag.py:2396} INFO - Sync 1 DAGs
[2022-04-06 04:49:10,037] {logging_mixin.py:109} INFO - [2022-04-06 04:49:10,036] {dag.py:2935} INFO - Setting next_dagrun for latest_only_with_trigger to 2022-04-06T00:49:10.036572+00:00
[2022-04-06 04:49:10,046] {processor.py:171} INFO - Processing /home/airflow/.local/lib/python3.8/site-packages/airflow/example_dags/example_latest_only_with_trigger.py took 0.065 seconds
[2022-04-06 04:49:40,136] {processor.py:163} INFO - Started process (PID=1092) to work on /home/airflow/.local/lib/python3.8/site-packages/airflow/example_dags/example_latest_only_with_trigger.py
[2022-04-06 04:49:40,137] {processor.py:642} INFO - Processing file /home/airflow/.local/lib/python3.8/site-packages/airflow/example_dags/example_latest_only_with_trigger.py for tasks to queue
[2022-04-06 04:49:40,137] {logging_mixin.py:109} INFO - [2022-04-06 04:49:40,137] {dagbag.py:500} INFO - Filling up the DagBag from /home/airflow/.local/lib/python3.8/site-packages/airflow/example_dags/example_latest_only_with_trigger.py
[2022-04-06 04:49:40,163] {processor.py:654} INFO - DAG(s) dict_keys(['latest_only_with_trigger']) retrieved from /home/airflow/.local/lib/python3.8/site-packages/airflow/example_dags/example_latest_only_with_trigger.py
[2022-04-06 04:49:40,173] {logging_mixin.py:109} INFO - [2022-04-06 04:49:40,173] {dag.py:2396} INFO - Sync 1 DAGs
[2022-04-06 04:49:40,189] {logging_mixin.py:109} INFO - [2022-04-06 04:49:40,189] {dag.py:2935} INFO - Setting next_dagrun for latest_only_with_trigger to 2022-04-06T00:49:40.189315+00:00
[2022-04-06 04:49:40,198] {processor.py:171} INFO - Processing /home/airflow/.local/lib/python3.8/site-packages/airflow/example_dags/example_latest_only_with_trigger.py took 0.066 seconds
[2022-04-06 04:50:10,749] {processor.py:163} INFO - Started process (PID=1151) to work on /home/airflow/.local/lib/python3.8/site-packages/airflow/example_dags/example_latest_only_with_trigger.py
[2022-04-06 04:50:10,750] {processor.py:642} INFO - Processing file /home/airflow/.local/lib/python3.8/site-packages/airflow/example_dags/example_latest_only_with_trigger.py for tasks to queue
[2022-04-06 04:50:10,751] {logging_mixin.py:109} INFO - [2022-04-06 04:50:10,751] {dagbag.py:500} INFO - Filling up the DagBag from /home/airflow/.local/lib/python3.8/site-packages/airflow/example_dags/example_latest_only_with_trigger.py
[2022-04-06 04:50:10,782] {processor.py:654} INFO - DAG(s) dict_keys(['latest_only_with_trigger']) retrieved from /home/airflow/.local/lib/python3.8/site-packages/airflow/example_dags/example_latest_only_with_trigger.py
[2022-04-06 04:50:10,794] {logging_mixin.py:109} INFO - [2022-04-06 04:50:10,794] {dag.py:2396} INFO - Sync 1 DAGs
[2022-04-06 04:50:10,813] {logging_mixin.py:109} INFO - [2022-04-06 04:50:10,813] {dag.py:2935} INFO - Setting next_dagrun for latest_only_with_trigger to 2022-04-06T00:50:10.813267+00:00
[2022-04-06 04:50:10,823] {processor.py:171} INFO - Processing /home/airflow/.local/lib/python3.8/site-packages/airflow/example_dags/example_latest_only_with_trigger.py took 0.077 seconds
[2022-04-06 04:50:40,910] {processor.py:163} INFO - Started process (PID=1209) to work on /home/airflow/.local/lib/python3.8/site-packages/airflow/example_dags/example_latest_only_with_trigger.py
[2022-04-06 04:50:40,911] {processor.py:642} INFO - Processing file /home/airflow/.local/lib/python3.8/site-packages/airflow/example_dags/example_latest_only_with_trigger.py for tasks to queue
[2022-04-06 04:50:40,911] {logging_mixin.py:109} INFO - [2022-04-06 04:50:40,911] {dagbag.py:500} INFO - Filling up the DagBag from /home/airflow/.local/lib/python3.8/site-packages/airflow/example_dags/example_latest_only_with_trigger.py
[2022-04-06 04:50:40,932] {processor.py:654} INFO - DAG(s) dict_keys(['latest_only_with_trigger']) retrieved from /home/airflow/.local/lib/python3.8/site-packages/airflow/example_dags/example_latest_only_with_trigger.py
[2022-04-06 04:50:40,942] {logging_mixin.py:109} INFO - [2022-04-06 04:50:40,942] {dag.py:2396} INFO - Sync 1 DAGs
[2022-04-06 04:50:40,956] {logging_mixin.py:109} INFO - [2022-04-06 04:50:40,956] {dag.py:2935} INFO - Setting next_dagrun for latest_only_with_trigger to 2022-04-06T00:50:40.956145+00:00
[2022-04-06 04:50:40,963] {processor.py:171} INFO - Processing /home/airflow/.local/lib/python3.8/site-packages/airflow/example_dags/example_latest_only_with_trigger.py took 0.056 seconds
[2022-04-06 04:52:41,181] {processor.py:163} INFO - Started process (PID=49) to work on /home/airflow/.local/lib/python3.8/site-packages/airflow/example_dags/example_latest_only_with_trigger.py
[2022-04-06 04:52:41,182] {processor.py:642} INFO - Processing file /home/airflow/.local/lib/python3.8/site-packages/airflow/example_dags/example_latest_only_with_trigger.py for tasks to queue
[2022-04-06 04:52:41,183] {logging_mixin.py:109} INFO - [2022-04-06 04:52:41,182] {dagbag.py:500} INFO - Filling up the DagBag from /home/airflow/.local/lib/python3.8/site-packages/airflow/example_dags/example_latest_only_with_trigger.py
[2022-04-06 04:52:41,209] {processor.py:654} INFO - DAG(s) dict_keys(['latest_only_with_trigger']) retrieved from /home/airflow/.local/lib/python3.8/site-packages/airflow/example_dags/example_latest_only_with_trigger.py
[2022-04-06 04:52:41,219] {logging_mixin.py:109} INFO - [2022-04-06 04:52:41,218] {dag.py:2396} INFO - Sync 1 DAGs
[2022-04-06 04:52:41,232] {logging_mixin.py:109} INFO - [2022-04-06 04:52:41,232] {dag.py:2935} INFO - Setting next_dagrun for latest_only_with_trigger to 2022-04-06T00:52:41.232581+00:00
[2022-04-06 04:52:41,241] {processor.py:171} INFO - Processing /home/airflow/.local/lib/python3.8/site-packages/airflow/example_dags/example_latest_only_with_trigger.py took 0.062 seconds
[2022-04-06 04:53:11,415] {processor.py:163} INFO - Started process (PID=100) to work on /home/airflow/.local/lib/python3.8/site-packages/airflow/example_dags/example_latest_only_with_trigger.py
[2022-04-06 04:53:11,415] {processor.py:642} INFO - Processing file /home/airflow/.local/lib/python3.8/site-packages/airflow/example_dags/example_latest_only_with_trigger.py for tasks to queue
[2022-04-06 04:53:11,416] {logging_mixin.py:109} INFO - [2022-04-06 04:53:11,416] {dagbag.py:500} INFO - Filling up the DagBag from /home/airflow/.local/lib/python3.8/site-packages/airflow/example_dags/example_latest_only_with_trigger.py
[2022-04-06 04:53:11,438] {processor.py:654} INFO - DAG(s) dict_keys(['latest_only_with_trigger']) retrieved from /home/airflow/.local/lib/python3.8/site-packages/airflow/example_dags/example_latest_only_with_trigger.py
[2022-04-06 04:53:11,447] {logging_mixin.py:109} INFO - [2022-04-06 04:53:11,447] {dag.py:2396} INFO - Sync 1 DAGs
[2022-04-06 04:53:11,460] {logging_mixin.py:109} INFO - [2022-04-06 04:53:11,460] {dag.py:2935} INFO - Setting next_dagrun for latest_only_with_trigger to 2022-04-06T00:53:11.459850+00:00
[2022-04-06 04:53:11,468] {processor.py:171} INFO - Processing /home/airflow/.local/lib/python3.8/site-packages/airflow/example_dags/example_latest_only_with_trigger.py took 0.056 seconds
[2022-04-06 04:53:41,596] {processor.py:163} INFO - Started process (PID=165) to work on /home/airflow/.local/lib/python3.8/site-packages/airflow/example_dags/example_latest_only_with_trigger.py
[2022-04-06 04:53:41,597] {processor.py:642} INFO - Processing file /home/airflow/.local/lib/python3.8/site-packages/airflow/example_dags/example_latest_only_with_trigger.py for tasks to queue
[2022-04-06 04:53:41,598] {logging_mixin.py:109} INFO - [2022-04-06 04:53:41,598] {dagbag.py:500} INFO - Filling up the DagBag from /home/airflow/.local/lib/python3.8/site-packages/airflow/example_dags/example_latest_only_with_trigger.py
[2022-04-06 04:53:41,618] {processor.py:654} INFO - DAG(s) dict_keys(['latest_only_with_trigger']) retrieved from /home/airflow/.local/lib/python3.8/site-packages/airflow/example_dags/example_latest_only_with_trigger.py
[2022-04-06 04:53:41,626] {logging_mixin.py:109} INFO - [2022-04-06 04:53:41,626] {dag.py:2396} INFO - Sync 1 DAGs
[2022-04-06 04:53:41,639] {logging_mixin.py:109} INFO - [2022-04-06 04:53:41,638] {dag.py:2935} INFO - Setting next_dagrun for latest_only_with_trigger to 2022-04-06T00:53:41.638724+00:00
[2022-04-06 04:53:41,646] {processor.py:171} INFO - Processing /home/airflow/.local/lib/python3.8/site-packages/airflow/example_dags/example_latest_only_with_trigger.py took 0.052 seconds
[2022-04-06 04:54:11,991] {processor.py:163} INFO - Started process (PID=223) to work on /home/airflow/.local/lib/python3.8/site-packages/airflow/example_dags/example_latest_only_with_trigger.py
[2022-04-06 04:54:11,991] {processor.py:642} INFO - Processing file /home/airflow/.local/lib/python3.8/site-packages/airflow/example_dags/example_latest_only_with_trigger.py for tasks to queue
[2022-04-06 04:54:11,992] {logging_mixin.py:109} INFO - [2022-04-06 04:54:11,992] {dagbag.py:500} INFO - Filling up the DagBag from /home/airflow/.local/lib/python3.8/site-packages/airflow/example_dags/example_latest_only_with_trigger.py
[2022-04-06 04:54:12,011] {processor.py:654} INFO - DAG(s) dict_keys(['latest_only_with_trigger']) retrieved from /home/airflow/.local/lib/python3.8/site-packages/airflow/example_dags/example_latest_only_with_trigger.py
[2022-04-06 04:54:12,018] {logging_mixin.py:109} INFO - [2022-04-06 04:54:12,018] {dag.py:2396} INFO - Sync 1 DAGs
[2022-04-06 04:54:12,030] {logging_mixin.py:109} INFO - [2022-04-06 04:54:12,029] {dag.py:2935} INFO - Setting next_dagrun for latest_only_with_trigger to 2022-04-06T00:54:12.029761+00:00
[2022-04-06 04:54:12,036] {processor.py:171} INFO - Processing /home/airflow/.local/lib/python3.8/site-packages/airflow/example_dags/example_latest_only_with_trigger.py took 0.048 seconds
[2022-04-06 04:54:42,519] {processor.py:163} INFO - Started process (PID=281) to work on /home/airflow/.local/lib/python3.8/site-packages/airflow/example_dags/example_latest_only_with_trigger.py
[2022-04-06 04:54:42,520] {processor.py:642} INFO - Processing file /home/airflow/.local/lib/python3.8/site-packages/airflow/example_dags/example_latest_only_with_trigger.py for tasks to queue
[2022-04-06 04:54:42,520] {logging_mixin.py:109} INFO - [2022-04-06 04:54:42,520] {dagbag.py:500} INFO - Filling up the DagBag from /home/airflow/.local/lib/python3.8/site-packages/airflow/example_dags/example_latest_only_with_trigger.py
[2022-04-06 04:54:42,544] {processor.py:654} INFO - DAG(s) dict_keys(['latest_only_with_trigger']) retrieved from /home/airflow/.local/lib/python3.8/site-packages/airflow/example_dags/example_latest_only_with_trigger.py
[2022-04-06 04:54:42,553] {logging_mixin.py:109} INFO - [2022-04-06 04:54:42,553] {dag.py:2396} INFO - Sync 1 DAGs
[2022-04-06 04:54:42,570] {logging_mixin.py:109} INFO - [2022-04-06 04:54:42,570] {dag.py:2935} INFO - Setting next_dagrun for latest_only_with_trigger to 2022-04-06T00:54:42.569962+00:00
[2022-04-06 04:54:42,579] {processor.py:171} INFO - Processing /home/airflow/.local/lib/python3.8/site-packages/airflow/example_dags/example_latest_only_with_trigger.py took 0.063 seconds
[2022-04-06 04:55:13,097] {processor.py:163} INFO - Started process (PID=346) to work on /home/airflow/.local/lib/python3.8/site-packages/airflow/example_dags/example_latest_only_with_trigger.py
[2022-04-06 04:55:13,098] {processor.py:642} INFO - Processing file /home/airflow/.local/lib/python3.8/site-packages/airflow/example_dags/example_latest_only_with_trigger.py for tasks to queue
[2022-04-06 04:55:13,098] {logging_mixin.py:109} INFO - [2022-04-06 04:55:13,098] {dagbag.py:500} INFO - Filling up the DagBag from /home/airflow/.local/lib/python3.8/site-packages/airflow/example_dags/example_latest_only_with_trigger.py
[2022-04-06 04:55:13,118] {processor.py:654} INFO - DAG(s) dict_keys(['latest_only_with_trigger']) retrieved from /home/airflow/.local/lib/python3.8/site-packages/airflow/example_dags/example_latest_only_with_trigger.py
[2022-04-06 04:55:13,126] {logging_mixin.py:109} INFO - [2022-04-06 04:55:13,126] {dag.py:2396} INFO - Sync 1 DAGs
[2022-04-06 04:55:13,139] {logging_mixin.py:109} INFO - [2022-04-06 04:55:13,139] {dag.py:2935} INFO - Setting next_dagrun for latest_only_with_trigger to 2022-04-06T00:55:13.139006+00:00
[2022-04-06 04:55:13,146] {processor.py:171} INFO - Processing /home/airflow/.local/lib/python3.8/site-packages/airflow/example_dags/example_latest_only_with_trigger.py took 0.051 seconds
[2022-04-06 04:55:43,506] {processor.py:163} INFO - Started process (PID=404) to work on /home/airflow/.local/lib/python3.8/site-packages/airflow/example_dags/example_latest_only_with_trigger.py
[2022-04-06 04:55:43,507] {processor.py:642} INFO - Processing file /home/airflow/.local/lib/python3.8/site-packages/airflow/example_dags/example_latest_only_with_trigger.py for tasks to queue
[2022-04-06 04:55:43,508] {logging_mixin.py:109} INFO - [2022-04-06 04:55:43,508] {dagbag.py:500} INFO - Filling up the DagBag from /home/airflow/.local/lib/python3.8/site-packages/airflow/example_dags/example_latest_only_with_trigger.py
[2022-04-06 04:55:43,528] {processor.py:654} INFO - DAG(s) dict_keys(['latest_only_with_trigger']) retrieved from /home/airflow/.local/lib/python3.8/site-packages/airflow/example_dags/example_latest_only_with_trigger.py
[2022-04-06 04:55:43,536] {logging_mixin.py:109} INFO - [2022-04-06 04:55:43,536] {dag.py:2396} INFO - Sync 1 DAGs
[2022-04-06 04:55:43,549] {logging_mixin.py:109} INFO - [2022-04-06 04:55:43,548] {dag.py:2935} INFO - Setting next_dagrun for latest_only_with_trigger to 2022-04-06T00:55:43.548644+00:00
[2022-04-06 04:55:43,556] {processor.py:171} INFO - Processing /home/airflow/.local/lib/python3.8/site-packages/airflow/example_dags/example_latest_only_with_trigger.py took 0.052 seconds
[2022-04-06 04:56:13,885] {processor.py:163} INFO - Started process (PID=461) to work on /home/airflow/.local/lib/python3.8/site-packages/airflow/example_dags/example_latest_only_with_trigger.py
[2022-04-06 04:56:13,886] {processor.py:642} INFO - Processing file /home/airflow/.local/lib/python3.8/site-packages/airflow/example_dags/example_latest_only_with_trigger.py for tasks to queue
[2022-04-06 04:56:13,887] {logging_mixin.py:109} INFO - [2022-04-06 04:56:13,887] {dagbag.py:500} INFO - Filling up the DagBag from /home/airflow/.local/lib/python3.8/site-packages/airflow/example_dags/example_latest_only_with_trigger.py
[2022-04-06 04:56:13,914] {processor.py:654} INFO - DAG(s) dict_keys(['latest_only_with_trigger']) retrieved from /home/airflow/.local/lib/python3.8/site-packages/airflow/example_dags/example_latest_only_with_trigger.py
[2022-04-06 04:56:13,927] {logging_mixin.py:109} INFO - [2022-04-06 04:56:13,927] {dag.py:2396} INFO - Sync 1 DAGs
[2022-04-06 04:56:13,943] {logging_mixin.py:109} INFO - [2022-04-06 04:56:13,943] {dag.py:2935} INFO - Setting next_dagrun for latest_only_with_trigger to 2022-04-06T00:56:13.943333+00:00
[2022-04-06 04:56:13,952] {processor.py:171} INFO - Processing /home/airflow/.local/lib/python3.8/site-packages/airflow/example_dags/example_latest_only_with_trigger.py took 0.070 seconds
[2022-04-06 04:56:44,114] {processor.py:163} INFO - Started process (PID=526) to work on /home/airflow/.local/lib/python3.8/site-packages/airflow/example_dags/example_latest_only_with_trigger.py
[2022-04-06 04:56:44,115] {processor.py:642} INFO - Processing file /home/airflow/.local/lib/python3.8/site-packages/airflow/example_dags/example_latest_only_with_trigger.py for tasks to queue
[2022-04-06 04:56:44,116] {logging_mixin.py:109} INFO - [2022-04-06 04:56:44,115] {dagbag.py:500} INFO - Filling up the DagBag from /home/airflow/.local/lib/python3.8/site-packages/airflow/example_dags/example_latest_only_with_trigger.py
[2022-04-06 04:56:44,138] {processor.py:654} INFO - DAG(s) dict_keys(['latest_only_with_trigger']) retrieved from /home/airflow/.local/lib/python3.8/site-packages/airflow/example_dags/example_latest_only_with_trigger.py
[2022-04-06 04:56:44,147] {logging_mixin.py:109} INFO - [2022-04-06 04:56:44,147] {dag.py:2396} INFO - Sync 1 DAGs
[2022-04-06 04:56:44,160] {logging_mixin.py:109} INFO - [2022-04-06 04:56:44,160] {dag.py:2935} INFO - Setting next_dagrun for latest_only_with_trigger to 2022-04-06T00:56:44.160456+00:00
[2022-04-06 04:56:44,168] {processor.py:171} INFO - Processing /home/airflow/.local/lib/python3.8/site-packages/airflow/example_dags/example_latest_only_with_trigger.py took 0.057 seconds
[2022-04-06 04:57:14,220] {processor.py:163} INFO - Started process (PID=583) to work on /home/airflow/.local/lib/python3.8/site-packages/airflow/example_dags/example_latest_only_with_trigger.py
[2022-04-06 04:57:14,221] {processor.py:642} INFO - Processing file /home/airflow/.local/lib/python3.8/site-packages/airflow/example_dags/example_latest_only_with_trigger.py for tasks to queue
[2022-04-06 04:57:14,221] {logging_mixin.py:109} INFO - [2022-04-06 04:57:14,221] {dagbag.py:500} INFO - Filling up the DagBag from /home/airflow/.local/lib/python3.8/site-packages/airflow/example_dags/example_latest_only_with_trigger.py
[2022-04-06 04:57:14,242] {processor.py:654} INFO - DAG(s) dict_keys(['latest_only_with_trigger']) retrieved from /home/airflow/.local/lib/python3.8/site-packages/airflow/example_dags/example_latest_only_with_trigger.py
[2022-04-06 04:57:14,251] {logging_mixin.py:109} INFO - [2022-04-06 04:57:14,251] {dag.py:2396} INFO - Sync 1 DAGs
[2022-04-06 04:57:14,264] {logging_mixin.py:109} INFO - [2022-04-06 04:57:14,264] {dag.py:2935} INFO - Setting next_dagrun for latest_only_with_trigger to 2022-04-06T00:57:14.264442+00:00
[2022-04-06 04:57:14,272] {processor.py:171} INFO - Processing /home/airflow/.local/lib/python3.8/site-packages/airflow/example_dags/example_latest_only_with_trigger.py took 0.055 seconds
[2022-04-06 05:02:30,018] {processor.py:163} INFO - Started process (PID=50) to work on /home/airflow/.local/lib/python3.8/site-packages/airflow/example_dags/example_latest_only_with_trigger.py
[2022-04-06 05:02:30,019] {processor.py:642} INFO - Processing file /home/airflow/.local/lib/python3.8/site-packages/airflow/example_dags/example_latest_only_with_trigger.py for tasks to queue
[2022-04-06 05:02:30,020] {logging_mixin.py:109} INFO - [2022-04-06 05:02:30,020] {dagbag.py:500} INFO - Filling up the DagBag from /home/airflow/.local/lib/python3.8/site-packages/airflow/example_dags/example_latest_only_with_trigger.py
[2022-04-06 05:02:30,053] {processor.py:654} INFO - DAG(s) dict_keys(['latest_only_with_trigger']) retrieved from /home/airflow/.local/lib/python3.8/site-packages/airflow/example_dags/example_latest_only_with_trigger.py
[2022-04-06 05:02:30,066] {logging_mixin.py:109} INFO - [2022-04-06 05:02:30,066] {dag.py:2396} INFO - Sync 1 DAGs
[2022-04-06 05:02:30,089] {logging_mixin.py:109} INFO - [2022-04-06 05:02:30,088] {dag.py:2935} INFO - Setting next_dagrun for latest_only_with_trigger to 2022-04-06T01:02:30.088601+00:00
[2022-04-06 05:02:30,100] {processor.py:171} INFO - Processing /home/airflow/.local/lib/python3.8/site-packages/airflow/example_dags/example_latest_only_with_trigger.py took 0.086 seconds
[2022-04-06 05:03:00,690] {processor.py:163} INFO - Started process (PID=99) to work on /home/airflow/.local/lib/python3.8/site-packages/airflow/example_dags/example_latest_only_with_trigger.py
[2022-04-06 05:03:00,691] {processor.py:642} INFO - Processing file /home/airflow/.local/lib/python3.8/site-packages/airflow/example_dags/example_latest_only_with_trigger.py for tasks to queue
[2022-04-06 05:03:00,692] {logging_mixin.py:109} INFO - [2022-04-06 05:03:00,692] {dagbag.py:500} INFO - Filling up the DagBag from /home/airflow/.local/lib/python3.8/site-packages/airflow/example_dags/example_latest_only_with_trigger.py
[2022-04-06 05:03:00,716] {processor.py:654} INFO - DAG(s) dict_keys(['latest_only_with_trigger']) retrieved from /home/airflow/.local/lib/python3.8/site-packages/airflow/example_dags/example_latest_only_with_trigger.py
[2022-04-06 05:03:00,728] {logging_mixin.py:109} INFO - [2022-04-06 05:03:00,728] {dag.py:2396} INFO - Sync 1 DAGs
[2022-04-06 05:03:00,747] {logging_mixin.py:109} INFO - [2022-04-06 05:03:00,747] {dag.py:2935} INFO - Setting next_dagrun for latest_only_with_trigger to 2022-04-06T01:03:00.746933+00:00
[2022-04-06 05:03:00,760] {processor.py:171} INFO - Processing /home/airflow/.local/lib/python3.8/site-packages/airflow/example_dags/example_latest_only_with_trigger.py took 0.073 seconds
[2022-04-06 05:03:31,002] {processor.py:163} INFO - Started process (PID=165) to work on /home/airflow/.local/lib/python3.8/site-packages/airflow/example_dags/example_latest_only_with_trigger.py
[2022-04-06 05:03:31,003] {processor.py:642} INFO - Processing file /home/airflow/.local/lib/python3.8/site-packages/airflow/example_dags/example_latest_only_with_trigger.py for tasks to queue
[2022-04-06 05:03:31,003] {logging_mixin.py:109} INFO - [2022-04-06 05:03:31,003] {dagbag.py:500} INFO - Filling up the DagBag from /home/airflow/.local/lib/python3.8/site-packages/airflow/example_dags/example_latest_only_with_trigger.py
[2022-04-06 05:03:31,026] {processor.py:654} INFO - DAG(s) dict_keys(['latest_only_with_trigger']) retrieved from /home/airflow/.local/lib/python3.8/site-packages/airflow/example_dags/example_latest_only_with_trigger.py
[2022-04-06 05:03:31,035] {logging_mixin.py:109} INFO - [2022-04-06 05:03:31,034] {dag.py:2396} INFO - Sync 1 DAGs
[2022-04-06 05:03:31,047] {logging_mixin.py:109} INFO - [2022-04-06 05:03:31,047] {dag.py:2935} INFO - Setting next_dagrun for latest_only_with_trigger to 2022-04-06T01:03:31.047470+00:00
[2022-04-06 05:03:31,055] {processor.py:171} INFO - Processing /home/airflow/.local/lib/python3.8/site-packages/airflow/example_dags/example_latest_only_with_trigger.py took 0.056 seconds
