[2022-04-06 04:43:17,895] {processor.py:163} INFO - Started process (PID=242) to work on /home/airflow/.local/lib/python3.8/site-packages/airflow/example_dags/example_subdag_operator.py
[2022-04-06 04:43:17,896] {processor.py:642} INFO - Processing file /home/airflow/.local/lib/python3.8/site-packages/airflow/example_dags/example_subdag_operator.py for tasks to queue
[2022-04-06 04:43:17,896] {logging_mixin.py:109} INFO - [2022-04-06 04:43:17,896] {dagbag.py:500} INFO - Filling up the DagBag from /home/airflow/.local/lib/python3.8/site-packages/airflow/example_dags/example_subdag_operator.py
[2022-04-06 04:43:17,922] {processor.py:654} INFO - DAG(s) dict_keys(['example_subdag_operator.section-1', 'example_subdag_operator.section-2', 'example_subdag_operator']) retrieved from /home/airflow/.local/lib/python3.8/site-packages/airflow/example_dags/example_subdag_operator.py
[2022-04-06 04:43:19,708] {logging_mixin.py:109} INFO - [2022-04-06 04:43:19,708] {manager.py:496} INFO - Created Permission View: can read on DAG:example_subdag_operator
[2022-04-06 04:43:19,715] {logging_mixin.py:109} INFO - [2022-04-06 04:43:19,715] {manager.py:496} INFO - Created Permission View: can edit on DAG:example_subdag_operator
[2022-04-06 04:43:19,716] {logging_mixin.py:109} INFO - [2022-04-06 04:43:19,716] {dag.py:2396} INFO - Sync 3 DAGs
[2022-04-06 04:43:19,723] {logging_mixin.py:109} INFO - [2022-04-06 04:43:19,722] {dag.py:2415} INFO - Creating ORM DAG for example_subdag_operator.section-2
[2022-04-06 04:43:19,723] {logging_mixin.py:109} INFO - [2022-04-06 04:43:19,723] {dag.py:2415} INFO - Creating ORM DAG for example_subdag_operator.section-1
[2022-04-06 04:43:19,724] {logging_mixin.py:109} INFO - [2022-04-06 04:43:19,724] {dag.py:2415} INFO - Creating ORM DAG for example_subdag_operator
[2022-04-06 04:43:19,731] {logging_mixin.py:109} INFO - [2022-04-06 04:43:19,730] {dag.py:2935} INFO - Setting next_dagrun for example_subdag_operator to 2022-04-04T00:00:00+00:00
[2022-04-06 04:43:19,731] {logging_mixin.py:109} INFO - [2022-04-06 04:43:19,731] {dag.py:2935} INFO - Setting next_dagrun for example_subdag_operator.section-1 to None
[2022-04-06 04:43:19,731] {logging_mixin.py:109} INFO - [2022-04-06 04:43:19,731] {dag.py:2935} INFO - Setting next_dagrun for example_subdag_operator.section-2 to None
[2022-04-06 04:43:19,738] {logging_mixin.py:109} INFO - [2022-04-06 04:43:19,738] {dag.py:2396} INFO - Sync 2 DAGs
[2022-04-06 04:43:19,748] {logging_mixin.py:109} INFO - [2022-04-06 04:43:19,748] {dag.py:2935} INFO - Setting next_dagrun for example_subdag_operator.section-1 to None
[2022-04-06 04:43:19,748] {logging_mixin.py:109} INFO - [2022-04-06 04:43:19,748] {dag.py:2935} INFO - Setting next_dagrun for example_subdag_operator.section-2 to None
[2022-04-06 04:43:19,754] {processor.py:171} INFO - Processing /home/airflow/.local/lib/python3.8/site-packages/airflow/example_dags/example_subdag_operator.py took 1.861 seconds
[2022-04-06 04:43:50,037] {processor.py:163} INFO - Started process (PID=380) to work on /home/airflow/.local/lib/python3.8/site-packages/airflow/example_dags/example_subdag_operator.py
[2022-04-06 04:43:50,038] {processor.py:642} INFO - Processing file /home/airflow/.local/lib/python3.8/site-packages/airflow/example_dags/example_subdag_operator.py for tasks to queue
[2022-04-06 04:43:50,040] {logging_mixin.py:109} INFO - [2022-04-06 04:43:50,039] {dagbag.py:500} INFO - Filling up the DagBag from /home/airflow/.local/lib/python3.8/site-packages/airflow/example_dags/example_subdag_operator.py
[2022-04-06 04:43:50,073] {processor.py:654} INFO - DAG(s) dict_keys(['example_subdag_operator.section-1', 'example_subdag_operator.section-2', 'example_subdag_operator']) retrieved from /home/airflow/.local/lib/python3.8/site-packages/airflow/example_dags/example_subdag_operator.py
[2022-04-06 04:43:50,084] {logging_mixin.py:109} INFO - [2022-04-06 04:43:50,083] {dag.py:2396} INFO - Sync 3 DAGs
[2022-04-06 04:43:50,097] {logging_mixin.py:109} INFO - [2022-04-06 04:43:50,096] {dag.py:2935} INFO - Setting next_dagrun for example_subdag_operator to 2022-04-04T00:00:00+00:00
[2022-04-06 04:43:50,097] {logging_mixin.py:109} INFO - [2022-04-06 04:43:50,097] {dag.py:2935} INFO - Setting next_dagrun for example_subdag_operator.section-1 to None
[2022-04-06 04:43:50,097] {logging_mixin.py:109} INFO - [2022-04-06 04:43:50,097] {dag.py:2935} INFO - Setting next_dagrun for example_subdag_operator.section-2 to None
[2022-04-06 04:43:50,102] {logging_mixin.py:109} INFO - [2022-04-06 04:43:50,102] {dag.py:2396} INFO - Sync 2 DAGs
[2022-04-06 04:43:50,109] {logging_mixin.py:109} INFO - [2022-04-06 04:43:50,109] {dag.py:2935} INFO - Setting next_dagrun for example_subdag_operator.section-1 to None
[2022-04-06 04:43:50,109] {logging_mixin.py:109} INFO - [2022-04-06 04:43:50,109] {dag.py:2935} INFO - Setting next_dagrun for example_subdag_operator.section-2 to None
[2022-04-06 04:43:50,115] {processor.py:171} INFO - Processing /home/airflow/.local/lib/python3.8/site-packages/airflow/example_dags/example_subdag_operator.py took 0.085 seconds
[2022-04-06 04:44:20,270] {processor.py:163} INFO - Started process (PID=446) to work on /home/airflow/.local/lib/python3.8/site-packages/airflow/example_dags/example_subdag_operator.py
[2022-04-06 04:44:20,271] {processor.py:642} INFO - Processing file /home/airflow/.local/lib/python3.8/site-packages/airflow/example_dags/example_subdag_operator.py for tasks to queue
[2022-04-06 04:44:20,271] {logging_mixin.py:109} INFO - [2022-04-06 04:44:20,271] {dagbag.py:500} INFO - Filling up the DagBag from /home/airflow/.local/lib/python3.8/site-packages/airflow/example_dags/example_subdag_operator.py
[2022-04-06 04:44:20,297] {processor.py:654} INFO - DAG(s) dict_keys(['example_subdag_operator.section-1', 'example_subdag_operator.section-2', 'example_subdag_operator']) retrieved from /home/airflow/.local/lib/python3.8/site-packages/airflow/example_dags/example_subdag_operator.py
[2022-04-06 04:44:20,307] {logging_mixin.py:109} INFO - [2022-04-06 04:44:20,307] {dag.py:2396} INFO - Sync 3 DAGs
[2022-04-06 04:44:20,319] {logging_mixin.py:109} INFO - [2022-04-06 04:44:20,319] {dag.py:2935} INFO - Setting next_dagrun for example_subdag_operator to 2022-04-04T00:00:00+00:00
[2022-04-06 04:44:20,320] {logging_mixin.py:109} INFO - [2022-04-06 04:44:20,320] {dag.py:2935} INFO - Setting next_dagrun for example_subdag_operator.section-1 to None
[2022-04-06 04:44:20,320] {logging_mixin.py:109} INFO - [2022-04-06 04:44:20,320] {dag.py:2935} INFO - Setting next_dagrun for example_subdag_operator.section-2 to None
[2022-04-06 04:44:20,324] {logging_mixin.py:109} INFO - [2022-04-06 04:44:20,324] {dag.py:2396} INFO - Sync 2 DAGs
[2022-04-06 04:44:20,332] {logging_mixin.py:109} INFO - [2022-04-06 04:44:20,331] {dag.py:2935} INFO - Setting next_dagrun for example_subdag_operator.section-1 to None
[2022-04-06 04:44:20,332] {logging_mixin.py:109} INFO - [2022-04-06 04:44:20,332] {dag.py:2935} INFO - Setting next_dagrun for example_subdag_operator.section-2 to None
[2022-04-06 04:44:20,337] {processor.py:171} INFO - Processing /home/airflow/.local/lib/python3.8/site-packages/airflow/example_dags/example_subdag_operator.py took 0.069 seconds
[2022-04-06 04:44:50,471] {processor.py:163} INFO - Started process (PID=504) to work on /home/airflow/.local/lib/python3.8/site-packages/airflow/example_dags/example_subdag_operator.py
[2022-04-06 04:44:50,471] {processor.py:642} INFO - Processing file /home/airflow/.local/lib/python3.8/site-packages/airflow/example_dags/example_subdag_operator.py for tasks to queue
[2022-04-06 04:44:50,472] {logging_mixin.py:109} INFO - [2022-04-06 04:44:50,472] {dagbag.py:500} INFO - Filling up the DagBag from /home/airflow/.local/lib/python3.8/site-packages/airflow/example_dags/example_subdag_operator.py
[2022-04-06 04:44:50,495] {processor.py:654} INFO - DAG(s) dict_keys(['example_subdag_operator.section-1', 'example_subdag_operator.section-2', 'example_subdag_operator']) retrieved from /home/airflow/.local/lib/python3.8/site-packages/airflow/example_dags/example_subdag_operator.py
[2022-04-06 04:44:50,504] {logging_mixin.py:109} INFO - [2022-04-06 04:44:50,504] {dag.py:2396} INFO - Sync 3 DAGs
[2022-04-06 04:44:50,516] {logging_mixin.py:109} INFO - [2022-04-06 04:44:50,516] {dag.py:2935} INFO - Setting next_dagrun for example_subdag_operator to 2022-04-04T00:00:00+00:00
[2022-04-06 04:44:50,516] {logging_mixin.py:109} INFO - [2022-04-06 04:44:50,516] {dag.py:2935} INFO - Setting next_dagrun for example_subdag_operator.section-1 to None
[2022-04-06 04:44:50,516] {logging_mixin.py:109} INFO - [2022-04-06 04:44:50,516] {dag.py:2935} INFO - Setting next_dagrun for example_subdag_operator.section-2 to None
[2022-04-06 04:44:50,521] {logging_mixin.py:109} INFO - [2022-04-06 04:44:50,520] {dag.py:2396} INFO - Sync 2 DAGs
[2022-04-06 04:44:50,527] {logging_mixin.py:109} INFO - [2022-04-06 04:44:50,527] {dag.py:2935} INFO - Setting next_dagrun for example_subdag_operator.section-1 to None
[2022-04-06 04:44:50,527] {logging_mixin.py:109} INFO - [2022-04-06 04:44:50,527] {dag.py:2935} INFO - Setting next_dagrun for example_subdag_operator.section-2 to None
[2022-04-06 04:44:50,532] {processor.py:171} INFO - Processing /home/airflow/.local/lib/python3.8/site-packages/airflow/example_dags/example_subdag_operator.py took 0.064 seconds
[2022-04-06 04:45:20,765] {processor.py:163} INFO - Started process (PID=561) to work on /home/airflow/.local/lib/python3.8/site-packages/airflow/example_dags/example_subdag_operator.py
[2022-04-06 04:45:20,767] {processor.py:642} INFO - Processing file /home/airflow/.local/lib/python3.8/site-packages/airflow/example_dags/example_subdag_operator.py for tasks to queue
[2022-04-06 04:45:20,767] {logging_mixin.py:109} INFO - [2022-04-06 04:45:20,767] {dagbag.py:500} INFO - Filling up the DagBag from /home/airflow/.local/lib/python3.8/site-packages/airflow/example_dags/example_subdag_operator.py
[2022-04-06 04:45:20,801] {processor.py:654} INFO - DAG(s) dict_keys(['example_subdag_operator.section-1', 'example_subdag_operator.section-2', 'example_subdag_operator']) retrieved from /home/airflow/.local/lib/python3.8/site-packages/airflow/example_dags/example_subdag_operator.py
[2022-04-06 04:45:20,815] {logging_mixin.py:109} INFO - [2022-04-06 04:45:20,815] {dag.py:2396} INFO - Sync 3 DAGs
[2022-04-06 04:45:20,832] {logging_mixin.py:109} INFO - [2022-04-06 04:45:20,832] {dag.py:2935} INFO - Setting next_dagrun for example_subdag_operator to 2022-04-04T00:00:00+00:00
[2022-04-06 04:45:20,833] {logging_mixin.py:109} INFO - [2022-04-06 04:45:20,833] {dag.py:2935} INFO - Setting next_dagrun for example_subdag_operator.section-1 to None
[2022-04-06 04:45:20,833] {logging_mixin.py:109} INFO - [2022-04-06 04:45:20,833] {dag.py:2935} INFO - Setting next_dagrun for example_subdag_operator.section-2 to None
[2022-04-06 04:45:20,839] {logging_mixin.py:109} INFO - [2022-04-06 04:45:20,839] {dag.py:2396} INFO - Sync 2 DAGs
[2022-04-06 04:45:20,848] {logging_mixin.py:109} INFO - [2022-04-06 04:45:20,848] {dag.py:2935} INFO - Setting next_dagrun for example_subdag_operator.section-1 to None
[2022-04-06 04:45:20,848] {logging_mixin.py:109} INFO - [2022-04-06 04:45:20,848] {dag.py:2935} INFO - Setting next_dagrun for example_subdag_operator.section-2 to None
[2022-04-06 04:45:20,855] {processor.py:171} INFO - Processing /home/airflow/.local/lib/python3.8/site-packages/airflow/example_dags/example_subdag_operator.py took 0.093 seconds
[2022-04-06 04:45:50,942] {processor.py:163} INFO - Started process (PID=626) to work on /home/airflow/.local/lib/python3.8/site-packages/airflow/example_dags/example_subdag_operator.py
[2022-04-06 04:45:50,945] {processor.py:642} INFO - Processing file /home/airflow/.local/lib/python3.8/site-packages/airflow/example_dags/example_subdag_operator.py for tasks to queue
[2022-04-06 04:45:50,946] {logging_mixin.py:109} INFO - [2022-04-06 04:45:50,946] {dagbag.py:500} INFO - Filling up the DagBag from /home/airflow/.local/lib/python3.8/site-packages/airflow/example_dags/example_subdag_operator.py
[2022-04-06 04:45:50,986] {processor.py:654} INFO - DAG(s) dict_keys(['example_subdag_operator.section-1', 'example_subdag_operator.section-2', 'example_subdag_operator']) retrieved from /home/airflow/.local/lib/python3.8/site-packages/airflow/example_dags/example_subdag_operator.py
[2022-04-06 04:45:50,996] {logging_mixin.py:109} INFO - [2022-04-06 04:45:50,996] {dag.py:2396} INFO - Sync 3 DAGs
[2022-04-06 04:45:51,010] {logging_mixin.py:109} INFO - [2022-04-06 04:45:51,010] {dag.py:2935} INFO - Setting next_dagrun for example_subdag_operator to 2022-04-04T00:00:00+00:00
[2022-04-06 04:45:51,010] {logging_mixin.py:109} INFO - [2022-04-06 04:45:51,010] {dag.py:2935} INFO - Setting next_dagrun for example_subdag_operator.section-1 to None
[2022-04-06 04:45:51,010] {logging_mixin.py:109} INFO - [2022-04-06 04:45:51,010] {dag.py:2935} INFO - Setting next_dagrun for example_subdag_operator.section-2 to None
[2022-04-06 04:45:51,015] {logging_mixin.py:109} INFO - [2022-04-06 04:45:51,015] {dag.py:2396} INFO - Sync 2 DAGs
[2022-04-06 04:45:51,021] {logging_mixin.py:109} INFO - [2022-04-06 04:45:51,021] {dag.py:2935} INFO - Setting next_dagrun for example_subdag_operator.section-1 to None
[2022-04-06 04:45:51,022] {logging_mixin.py:109} INFO - [2022-04-06 04:45:51,022] {dag.py:2935} INFO - Setting next_dagrun for example_subdag_operator.section-2 to None
[2022-04-06 04:45:51,028] {processor.py:171} INFO - Processing /home/airflow/.local/lib/python3.8/site-packages/airflow/example_dags/example_subdag_operator.py took 0.093 seconds
[2022-04-06 04:46:21,526] {processor.py:163} INFO - Started process (PID=684) to work on /home/airflow/.local/lib/python3.8/site-packages/airflow/example_dags/example_subdag_operator.py
[2022-04-06 04:46:21,527] {processor.py:642} INFO - Processing file /home/airflow/.local/lib/python3.8/site-packages/airflow/example_dags/example_subdag_operator.py for tasks to queue
[2022-04-06 04:46:21,528] {logging_mixin.py:109} INFO - [2022-04-06 04:46:21,527] {dagbag.py:500} INFO - Filling up the DagBag from /home/airflow/.local/lib/python3.8/site-packages/airflow/example_dags/example_subdag_operator.py
[2022-04-06 04:46:21,551] {processor.py:654} INFO - DAG(s) dict_keys(['example_subdag_operator.section-1', 'example_subdag_operator.section-2', 'example_subdag_operator']) retrieved from /home/airflow/.local/lib/python3.8/site-packages/airflow/example_dags/example_subdag_operator.py
[2022-04-06 04:46:21,564] {logging_mixin.py:109} INFO - [2022-04-06 04:46:21,564] {dag.py:2396} INFO - Sync 3 DAGs
[2022-04-06 04:46:21,579] {logging_mixin.py:109} INFO - [2022-04-06 04:46:21,579] {dag.py:2935} INFO - Setting next_dagrun for example_subdag_operator to 2022-04-04T00:00:00+00:00
[2022-04-06 04:46:21,579] {logging_mixin.py:109} INFO - [2022-04-06 04:46:21,579] {dag.py:2935} INFO - Setting next_dagrun for example_subdag_operator.section-1 to None
[2022-04-06 04:46:21,580] {logging_mixin.py:109} INFO - [2022-04-06 04:46:21,579] {dag.py:2935} INFO - Setting next_dagrun for example_subdag_operator.section-2 to None
[2022-04-06 04:46:21,585] {logging_mixin.py:109} INFO - [2022-04-06 04:46:21,584] {dag.py:2396} INFO - Sync 2 DAGs
[2022-04-06 04:46:21,593] {logging_mixin.py:109} INFO - [2022-04-06 04:46:21,593] {dag.py:2935} INFO - Setting next_dagrun for example_subdag_operator.section-1 to None
[2022-04-06 04:46:21,594] {logging_mixin.py:109} INFO - [2022-04-06 04:46:21,594] {dag.py:2935} INFO - Setting next_dagrun for example_subdag_operator.section-2 to None
[2022-04-06 04:46:21,600] {processor.py:171} INFO - Processing /home/airflow/.local/lib/python3.8/site-packages/airflow/example_dags/example_subdag_operator.py took 0.076 seconds
[2022-04-06 04:46:51,834] {processor.py:163} INFO - Started process (PID=749) to work on /home/airflow/.local/lib/python3.8/site-packages/airflow/example_dags/example_subdag_operator.py
[2022-04-06 04:46:51,835] {processor.py:642} INFO - Processing file /home/airflow/.local/lib/python3.8/site-packages/airflow/example_dags/example_subdag_operator.py for tasks to queue
[2022-04-06 04:46:51,836] {logging_mixin.py:109} INFO - [2022-04-06 04:46:51,836] {dagbag.py:500} INFO - Filling up the DagBag from /home/airflow/.local/lib/python3.8/site-packages/airflow/example_dags/example_subdag_operator.py
[2022-04-06 04:46:51,860] {processor.py:654} INFO - DAG(s) dict_keys(['example_subdag_operator.section-1', 'example_subdag_operator.section-2', 'example_subdag_operator']) retrieved from /home/airflow/.local/lib/python3.8/site-packages/airflow/example_dags/example_subdag_operator.py
[2022-04-06 04:46:51,872] {logging_mixin.py:109} INFO - [2022-04-06 04:46:51,871] {dag.py:2396} INFO - Sync 3 DAGs
[2022-04-06 04:46:51,887] {logging_mixin.py:109} INFO - [2022-04-06 04:46:51,887] {dag.py:2935} INFO - Setting next_dagrun for example_subdag_operator to 2022-04-04T00:00:00+00:00
[2022-04-06 04:46:51,887] {logging_mixin.py:109} INFO - [2022-04-06 04:46:51,887] {dag.py:2935} INFO - Setting next_dagrun for example_subdag_operator.section-1 to None
[2022-04-06 04:46:51,887] {logging_mixin.py:109} INFO - [2022-04-06 04:46:51,887] {dag.py:2935} INFO - Setting next_dagrun for example_subdag_operator.section-2 to None
[2022-04-06 04:46:51,893] {logging_mixin.py:109} INFO - [2022-04-06 04:46:51,893] {dag.py:2396} INFO - Sync 2 DAGs
[2022-04-06 04:46:51,901] {logging_mixin.py:109} INFO - [2022-04-06 04:46:51,901] {dag.py:2935} INFO - Setting next_dagrun for example_subdag_operator.section-1 to None
[2022-04-06 04:46:51,901] {logging_mixin.py:109} INFO - [2022-04-06 04:46:51,901] {dag.py:2935} INFO - Setting next_dagrun for example_subdag_operator.section-2 to None
[2022-04-06 04:46:51,907] {processor.py:171} INFO - Processing /home/airflow/.local/lib/python3.8/site-packages/airflow/example_dags/example_subdag_operator.py took 0.075 seconds
[2022-04-06 04:47:21,994] {processor.py:163} INFO - Started process (PID=807) to work on /home/airflow/.local/lib/python3.8/site-packages/airflow/example_dags/example_subdag_operator.py
[2022-04-06 04:47:21,995] {processor.py:642} INFO - Processing file /home/airflow/.local/lib/python3.8/site-packages/airflow/example_dags/example_subdag_operator.py for tasks to queue
[2022-04-06 04:47:21,995] {logging_mixin.py:109} INFO - [2022-04-06 04:47:21,995] {dagbag.py:500} INFO - Filling up the DagBag from /home/airflow/.local/lib/python3.8/site-packages/airflow/example_dags/example_subdag_operator.py
[2022-04-06 04:47:22,027] {processor.py:654} INFO - DAG(s) dict_keys(['example_subdag_operator.section-1', 'example_subdag_operator.section-2', 'example_subdag_operator']) retrieved from /home/airflow/.local/lib/python3.8/site-packages/airflow/example_dags/example_subdag_operator.py
[2022-04-06 04:47:22,037] {logging_mixin.py:109} INFO - [2022-04-06 04:47:22,037] {dag.py:2396} INFO - Sync 3 DAGs
[2022-04-06 04:47:22,051] {logging_mixin.py:109} INFO - [2022-04-06 04:47:22,051] {dag.py:2935} INFO - Setting next_dagrun for example_subdag_operator to 2022-04-04T00:00:00+00:00
[2022-04-06 04:47:22,051] {logging_mixin.py:109} INFO - [2022-04-06 04:47:22,051] {dag.py:2935} INFO - Setting next_dagrun for example_subdag_operator.section-1 to None
[2022-04-06 04:47:22,052] {logging_mixin.py:109} INFO - [2022-04-06 04:47:22,052] {dag.py:2935} INFO - Setting next_dagrun for example_subdag_operator.section-2 to None
[2022-04-06 04:47:22,056] {logging_mixin.py:109} INFO - [2022-04-06 04:47:22,056] {dag.py:2396} INFO - Sync 2 DAGs
[2022-04-06 04:47:22,063] {logging_mixin.py:109} INFO - [2022-04-06 04:47:22,063] {dag.py:2935} INFO - Setting next_dagrun for example_subdag_operator.section-1 to None
[2022-04-06 04:47:22,063] {logging_mixin.py:109} INFO - [2022-04-06 04:47:22,063] {dag.py:2935} INFO - Setting next_dagrun for example_subdag_operator.section-2 to None
[2022-04-06 04:47:22,069] {processor.py:171} INFO - Processing /home/airflow/.local/lib/python3.8/site-packages/airflow/example_dags/example_subdag_operator.py took 0.078 seconds
[2022-04-06 04:47:52,237] {processor.py:163} INFO - Started process (PID=865) to work on /home/airflow/.local/lib/python3.8/site-packages/airflow/example_dags/example_subdag_operator.py
[2022-04-06 04:47:52,240] {processor.py:642} INFO - Processing file /home/airflow/.local/lib/python3.8/site-packages/airflow/example_dags/example_subdag_operator.py for tasks to queue
[2022-04-06 04:47:52,241] {logging_mixin.py:109} INFO - [2022-04-06 04:47:52,241] {dagbag.py:500} INFO - Filling up the DagBag from /home/airflow/.local/lib/python3.8/site-packages/airflow/example_dags/example_subdag_operator.py
[2022-04-06 04:47:52,283] {processor.py:654} INFO - DAG(s) dict_keys(['example_subdag_operator.section-1', 'example_subdag_operator.section-2', 'example_subdag_operator']) retrieved from /home/airflow/.local/lib/python3.8/site-packages/airflow/example_dags/example_subdag_operator.py
[2022-04-06 04:47:52,294] {logging_mixin.py:109} INFO - [2022-04-06 04:47:52,294] {dag.py:2396} INFO - Sync 3 DAGs
[2022-04-06 04:47:52,307] {logging_mixin.py:109} INFO - [2022-04-06 04:47:52,307] {dag.py:2935} INFO - Setting next_dagrun for example_subdag_operator to 2022-04-04T00:00:00+00:00
[2022-04-06 04:47:52,307] {logging_mixin.py:109} INFO - [2022-04-06 04:47:52,307] {dag.py:2935} INFO - Setting next_dagrun for example_subdag_operator.section-1 to None
[2022-04-06 04:47:52,307] {logging_mixin.py:109} INFO - [2022-04-06 04:47:52,307] {dag.py:2935} INFO - Setting next_dagrun for example_subdag_operator.section-2 to None
[2022-04-06 04:47:52,312] {logging_mixin.py:109} INFO - [2022-04-06 04:47:52,312] {dag.py:2396} INFO - Sync 2 DAGs
[2022-04-06 04:47:52,319] {logging_mixin.py:109} INFO - [2022-04-06 04:47:52,319] {dag.py:2935} INFO - Setting next_dagrun for example_subdag_operator.section-1 to None
[2022-04-06 04:47:52,320] {logging_mixin.py:109} INFO - [2022-04-06 04:47:52,319] {dag.py:2935} INFO - Setting next_dagrun for example_subdag_operator.section-2 to None
[2022-04-06 04:47:52,326] {processor.py:171} INFO - Processing /home/airflow/.local/lib/python3.8/site-packages/airflow/example_dags/example_subdag_operator.py took 0.096 seconds
[2022-04-06 04:48:22,837] {processor.py:163} INFO - Started process (PID=934) to work on /home/airflow/.local/lib/python3.8/site-packages/airflow/example_dags/example_subdag_operator.py
[2022-04-06 04:48:22,838] {processor.py:642} INFO - Processing file /home/airflow/.local/lib/python3.8/site-packages/airflow/example_dags/example_subdag_operator.py for tasks to queue
[2022-04-06 04:48:22,838] {logging_mixin.py:109} INFO - [2022-04-06 04:48:22,838] {dagbag.py:500} INFO - Filling up the DagBag from /home/airflow/.local/lib/python3.8/site-packages/airflow/example_dags/example_subdag_operator.py
[2022-04-06 04:48:22,870] {processor.py:654} INFO - DAG(s) dict_keys(['example_subdag_operator.section-1', 'example_subdag_operator.section-2', 'example_subdag_operator']) retrieved from /home/airflow/.local/lib/python3.8/site-packages/airflow/example_dags/example_subdag_operator.py
[2022-04-06 04:48:22,881] {logging_mixin.py:109} INFO - [2022-04-06 04:48:22,881] {dag.py:2396} INFO - Sync 3 DAGs
[2022-04-06 04:48:22,894] {logging_mixin.py:109} INFO - [2022-04-06 04:48:22,894] {dag.py:2935} INFO - Setting next_dagrun for example_subdag_operator to 2022-04-04T00:00:00+00:00
[2022-04-06 04:48:22,895] {logging_mixin.py:109} INFO - [2022-04-06 04:48:22,895] {dag.py:2935} INFO - Setting next_dagrun for example_subdag_operator.section-1 to None
[2022-04-06 04:48:22,895] {logging_mixin.py:109} INFO - [2022-04-06 04:48:22,895] {dag.py:2935} INFO - Setting next_dagrun for example_subdag_operator.section-2 to None
[2022-04-06 04:48:22,900] {logging_mixin.py:109} INFO - [2022-04-06 04:48:22,900] {dag.py:2396} INFO - Sync 2 DAGs
[2022-04-06 04:48:22,907] {logging_mixin.py:109} INFO - [2022-04-06 04:48:22,907] {dag.py:2935} INFO - Setting next_dagrun for example_subdag_operator.section-1 to None
[2022-04-06 04:48:22,907] {logging_mixin.py:109} INFO - [2022-04-06 04:48:22,907] {dag.py:2935} INFO - Setting next_dagrun for example_subdag_operator.section-2 to None
[2022-04-06 04:48:22,914] {processor.py:171} INFO - Processing /home/airflow/.local/lib/python3.8/site-packages/airflow/example_dags/example_subdag_operator.py took 0.080 seconds
[2022-04-06 04:48:53,123] {processor.py:163} INFO - Started process (PID=992) to work on /home/airflow/.local/lib/python3.8/site-packages/airflow/example_dags/example_subdag_operator.py
[2022-04-06 04:48:53,124] {processor.py:642} INFO - Processing file /home/airflow/.local/lib/python3.8/site-packages/airflow/example_dags/example_subdag_operator.py for tasks to queue
[2022-04-06 04:48:53,125] {logging_mixin.py:109} INFO - [2022-04-06 04:48:53,124] {dagbag.py:500} INFO - Filling up the DagBag from /home/airflow/.local/lib/python3.8/site-packages/airflow/example_dags/example_subdag_operator.py
[2022-04-06 04:48:53,160] {processor.py:654} INFO - DAG(s) dict_keys(['example_subdag_operator.section-1', 'example_subdag_operator.section-2', 'example_subdag_operator']) retrieved from /home/airflow/.local/lib/python3.8/site-packages/airflow/example_dags/example_subdag_operator.py
[2022-04-06 04:48:53,173] {logging_mixin.py:109} INFO - [2022-04-06 04:48:53,172] {dag.py:2396} INFO - Sync 3 DAGs
[2022-04-06 04:48:53,186] {logging_mixin.py:109} INFO - [2022-04-06 04:48:53,186] {dag.py:2935} INFO - Setting next_dagrun for example_subdag_operator to 2022-04-04T00:00:00+00:00
[2022-04-06 04:48:53,186] {logging_mixin.py:109} INFO - [2022-04-06 04:48:53,186] {dag.py:2935} INFO - Setting next_dagrun for example_subdag_operator.section-1 to None
[2022-04-06 04:48:53,187] {logging_mixin.py:109} INFO - [2022-04-06 04:48:53,187] {dag.py:2935} INFO - Setting next_dagrun for example_subdag_operator.section-2 to None
[2022-04-06 04:48:53,191] {logging_mixin.py:109} INFO - [2022-04-06 04:48:53,191] {dag.py:2396} INFO - Sync 2 DAGs
[2022-04-06 04:48:53,198] {logging_mixin.py:109} INFO - [2022-04-06 04:48:53,198] {dag.py:2935} INFO - Setting next_dagrun for example_subdag_operator.section-1 to None
[2022-04-06 04:48:53,199] {logging_mixin.py:109} INFO - [2022-04-06 04:48:53,199] {dag.py:2935} INFO - Setting next_dagrun for example_subdag_operator.section-2 to None
[2022-04-06 04:48:53,205] {processor.py:171} INFO - Processing /home/airflow/.local/lib/python3.8/site-packages/airflow/example_dags/example_subdag_operator.py took 0.085 seconds
[2022-04-06 04:49:23,766] {processor.py:163} INFO - Started process (PID=1049) to work on /home/airflow/.local/lib/python3.8/site-packages/airflow/example_dags/example_subdag_operator.py
[2022-04-06 04:49:23,767] {processor.py:642} INFO - Processing file /home/airflow/.local/lib/python3.8/site-packages/airflow/example_dags/example_subdag_operator.py for tasks to queue
[2022-04-06 04:49:23,768] {logging_mixin.py:109} INFO - [2022-04-06 04:49:23,768] {dagbag.py:500} INFO - Filling up the DagBag from /home/airflow/.local/lib/python3.8/site-packages/airflow/example_dags/example_subdag_operator.py
[2022-04-06 04:49:23,792] {processor.py:654} INFO - DAG(s) dict_keys(['example_subdag_operator.section-1', 'example_subdag_operator.section-2', 'example_subdag_operator']) retrieved from /home/airflow/.local/lib/python3.8/site-packages/airflow/example_dags/example_subdag_operator.py
[2022-04-06 04:49:23,801] {logging_mixin.py:109} INFO - [2022-04-06 04:49:23,800] {dag.py:2396} INFO - Sync 3 DAGs
[2022-04-06 04:49:23,813] {logging_mixin.py:109} INFO - [2022-04-06 04:49:23,813] {dag.py:2935} INFO - Setting next_dagrun for example_subdag_operator to 2022-04-04T00:00:00+00:00
[2022-04-06 04:49:23,813] {logging_mixin.py:109} INFO - [2022-04-06 04:49:23,813] {dag.py:2935} INFO - Setting next_dagrun for example_subdag_operator.section-1 to None
[2022-04-06 04:49:23,814] {logging_mixin.py:109} INFO - [2022-04-06 04:49:23,814] {dag.py:2935} INFO - Setting next_dagrun for example_subdag_operator.section-2 to None
[2022-04-06 04:49:23,819] {logging_mixin.py:109} INFO - [2022-04-06 04:49:23,819] {dag.py:2396} INFO - Sync 2 DAGs
[2022-04-06 04:49:23,826] {logging_mixin.py:109} INFO - [2022-04-06 04:49:23,826] {dag.py:2935} INFO - Setting next_dagrun for example_subdag_operator.section-1 to None
[2022-04-06 04:49:23,827] {logging_mixin.py:109} INFO - [2022-04-06 04:49:23,827] {dag.py:2935} INFO - Setting next_dagrun for example_subdag_operator.section-2 to None
[2022-04-06 04:49:23,832] {processor.py:171} INFO - Processing /home/airflow/.local/lib/python3.8/site-packages/airflow/example_dags/example_subdag_operator.py took 0.068 seconds
[2022-04-06 04:49:54,074] {processor.py:163} INFO - Started process (PID=1114) to work on /home/airflow/.local/lib/python3.8/site-packages/airflow/example_dags/example_subdag_operator.py
[2022-04-06 04:49:54,075] {processor.py:642} INFO - Processing file /home/airflow/.local/lib/python3.8/site-packages/airflow/example_dags/example_subdag_operator.py for tasks to queue
[2022-04-06 04:49:54,076] {logging_mixin.py:109} INFO - [2022-04-06 04:49:54,076] {dagbag.py:500} INFO - Filling up the DagBag from /home/airflow/.local/lib/python3.8/site-packages/airflow/example_dags/example_subdag_operator.py
[2022-04-06 04:49:54,114] {processor.py:654} INFO - DAG(s) dict_keys(['example_subdag_operator.section-1', 'example_subdag_operator.section-2', 'example_subdag_operator']) retrieved from /home/airflow/.local/lib/python3.8/site-packages/airflow/example_dags/example_subdag_operator.py
[2022-04-06 04:49:54,127] {logging_mixin.py:109} INFO - [2022-04-06 04:49:54,127] {dag.py:2396} INFO - Sync 3 DAGs
[2022-04-06 04:49:54,145] {logging_mixin.py:109} INFO - [2022-04-06 04:49:54,145] {dag.py:2935} INFO - Setting next_dagrun for example_subdag_operator to 2022-04-04T00:00:00+00:00
[2022-04-06 04:49:54,145] {logging_mixin.py:109} INFO - [2022-04-06 04:49:54,145] {dag.py:2935} INFO - Setting next_dagrun for example_subdag_operator.section-1 to None
[2022-04-06 04:49:54,146] {logging_mixin.py:109} INFO - [2022-04-06 04:49:54,146] {dag.py:2935} INFO - Setting next_dagrun for example_subdag_operator.section-2 to None
[2022-04-06 04:49:54,153] {logging_mixin.py:109} INFO - [2022-04-06 04:49:54,153] {dag.py:2396} INFO - Sync 2 DAGs
[2022-04-06 04:49:54,164] {logging_mixin.py:109} INFO - [2022-04-06 04:49:54,164] {dag.py:2935} INFO - Setting next_dagrun for example_subdag_operator.section-1 to None
[2022-04-06 04:49:54,164] {logging_mixin.py:109} INFO - [2022-04-06 04:49:54,164] {dag.py:2935} INFO - Setting next_dagrun for example_subdag_operator.section-2 to None
[2022-04-06 04:49:54,173] {processor.py:171} INFO - Processing /home/airflow/.local/lib/python3.8/site-packages/airflow/example_dags/example_subdag_operator.py took 0.102 seconds
[2022-04-06 04:50:24,505] {processor.py:163} INFO - Started process (PID=1173) to work on /home/airflow/.local/lib/python3.8/site-packages/airflow/example_dags/example_subdag_operator.py
[2022-04-06 04:50:24,508] {processor.py:642} INFO - Processing file /home/airflow/.local/lib/python3.8/site-packages/airflow/example_dags/example_subdag_operator.py for tasks to queue
[2022-04-06 04:50:24,509] {logging_mixin.py:109} INFO - [2022-04-06 04:50:24,509] {dagbag.py:500} INFO - Filling up the DagBag from /home/airflow/.local/lib/python3.8/site-packages/airflow/example_dags/example_subdag_operator.py
[2022-04-06 04:50:24,558] {processor.py:654} INFO - DAG(s) dict_keys(['example_subdag_operator.section-1', 'example_subdag_operator.section-2', 'example_subdag_operator']) retrieved from /home/airflow/.local/lib/python3.8/site-packages/airflow/example_dags/example_subdag_operator.py
[2022-04-06 04:50:24,574] {logging_mixin.py:109} INFO - [2022-04-06 04:50:24,574] {dag.py:2396} INFO - Sync 3 DAGs
[2022-04-06 04:50:24,593] {logging_mixin.py:109} INFO - [2022-04-06 04:50:24,593] {dag.py:2935} INFO - Setting next_dagrun for example_subdag_operator to 2022-04-04T00:00:00+00:00
[2022-04-06 04:50:24,594] {logging_mixin.py:109} INFO - [2022-04-06 04:50:24,593] {dag.py:2935} INFO - Setting next_dagrun for example_subdag_operator.section-1 to None
[2022-04-06 04:50:24,594] {logging_mixin.py:109} INFO - [2022-04-06 04:50:24,594] {dag.py:2935} INFO - Setting next_dagrun for example_subdag_operator.section-2 to None
[2022-04-06 04:50:24,600] {logging_mixin.py:109} INFO - [2022-04-06 04:50:24,600] {dag.py:2396} INFO - Sync 2 DAGs
[2022-04-06 04:50:24,609] {logging_mixin.py:109} INFO - [2022-04-06 04:50:24,609] {dag.py:2935} INFO - Setting next_dagrun for example_subdag_operator.section-1 to None
[2022-04-06 04:50:24,610] {logging_mixin.py:109} INFO - [2022-04-06 04:50:24,610] {dag.py:2935} INFO - Setting next_dagrun for example_subdag_operator.section-2 to None
[2022-04-06 04:50:24,616] {processor.py:171} INFO - Processing /home/airflow/.local/lib/python3.8/site-packages/airflow/example_dags/example_subdag_operator.py took 0.118 seconds
[2022-04-06 04:50:54,683] {processor.py:163} INFO - Started process (PID=1231) to work on /home/airflow/.local/lib/python3.8/site-packages/airflow/example_dags/example_subdag_operator.py
[2022-04-06 04:50:54,684] {processor.py:642} INFO - Processing file /home/airflow/.local/lib/python3.8/site-packages/airflow/example_dags/example_subdag_operator.py for tasks to queue
[2022-04-06 04:50:54,685] {logging_mixin.py:109} INFO - [2022-04-06 04:50:54,685] {dagbag.py:500} INFO - Filling up the DagBag from /home/airflow/.local/lib/python3.8/site-packages/airflow/example_dags/example_subdag_operator.py
[2022-04-06 04:50:54,715] {processor.py:654} INFO - DAG(s) dict_keys(['example_subdag_operator.section-1', 'example_subdag_operator.section-2', 'example_subdag_operator']) retrieved from /home/airflow/.local/lib/python3.8/site-packages/airflow/example_dags/example_subdag_operator.py
[2022-04-06 04:50:54,729] {logging_mixin.py:109} INFO - [2022-04-06 04:50:54,729] {dag.py:2396} INFO - Sync 3 DAGs
[2022-04-06 04:50:54,745] {logging_mixin.py:109} INFO - [2022-04-06 04:50:54,745] {dag.py:2935} INFO - Setting next_dagrun for example_subdag_operator to 2022-04-04T00:00:00+00:00
[2022-04-06 04:50:54,745] {logging_mixin.py:109} INFO - [2022-04-06 04:50:54,745] {dag.py:2935} INFO - Setting next_dagrun for example_subdag_operator.section-1 to None
[2022-04-06 04:50:54,746] {logging_mixin.py:109} INFO - [2022-04-06 04:50:54,746] {dag.py:2935} INFO - Setting next_dagrun for example_subdag_operator.section-2 to None
[2022-04-06 04:50:54,751] {logging_mixin.py:109} INFO - [2022-04-06 04:50:54,751] {dag.py:2396} INFO - Sync 2 DAGs
[2022-04-06 04:50:54,760] {logging_mixin.py:109} INFO - [2022-04-06 04:50:54,760] {dag.py:2935} INFO - Setting next_dagrun for example_subdag_operator.section-1 to None
[2022-04-06 04:50:54,761] {logging_mixin.py:109} INFO - [2022-04-06 04:50:54,761] {dag.py:2935} INFO - Setting next_dagrun for example_subdag_operator.section-2 to None
[2022-04-06 04:50:54,767] {processor.py:171} INFO - Processing /home/airflow/.local/lib/python3.8/site-packages/airflow/example_dags/example_subdag_operator.py took 0.088 seconds
[2022-04-06 04:52:43,333] {processor.py:163} INFO - Started process (PID=64) to work on /home/airflow/.local/lib/python3.8/site-packages/airflow/example_dags/example_subdag_operator.py
[2022-04-06 04:52:43,334] {processor.py:642} INFO - Processing file /home/airflow/.local/lib/python3.8/site-packages/airflow/example_dags/example_subdag_operator.py for tasks to queue
[2022-04-06 04:52:43,335] {logging_mixin.py:109} INFO - [2022-04-06 04:52:43,335] {dagbag.py:500} INFO - Filling up the DagBag from /home/airflow/.local/lib/python3.8/site-packages/airflow/example_dags/example_subdag_operator.py
[2022-04-06 04:52:43,385] {processor.py:654} INFO - DAG(s) dict_keys(['example_subdag_operator.section-1', 'example_subdag_operator.section-2', 'example_subdag_operator']) retrieved from /home/airflow/.local/lib/python3.8/site-packages/airflow/example_dags/example_subdag_operator.py
[2022-04-06 04:52:43,397] {logging_mixin.py:109} INFO - [2022-04-06 04:52:43,397] {dag.py:2396} INFO - Sync 3 DAGs
[2022-04-06 04:52:43,417] {logging_mixin.py:109} INFO - [2022-04-06 04:52:43,417] {dag.py:2935} INFO - Setting next_dagrun for example_subdag_operator to 2022-04-04T00:00:00+00:00
[2022-04-06 04:52:43,418] {logging_mixin.py:109} INFO - [2022-04-06 04:52:43,418] {dag.py:2935} INFO - Setting next_dagrun for example_subdag_operator.section-1 to None
[2022-04-06 04:52:43,419] {logging_mixin.py:109} INFO - [2022-04-06 04:52:43,418] {dag.py:2935} INFO - Setting next_dagrun for example_subdag_operator.section-2 to None
[2022-04-06 04:52:43,425] {logging_mixin.py:109} INFO - [2022-04-06 04:52:43,425] {dag.py:2396} INFO - Sync 2 DAGs
[2022-04-06 04:52:43,437] {logging_mixin.py:109} INFO - [2022-04-06 04:52:43,437] {dag.py:2935} INFO - Setting next_dagrun for example_subdag_operator.section-1 to None
[2022-04-06 04:52:43,438] {logging_mixin.py:109} INFO - [2022-04-06 04:52:43,438] {dag.py:2935} INFO - Setting next_dagrun for example_subdag_operator.section-2 to None
[2022-04-06 04:52:43,446] {processor.py:171} INFO - Processing /home/airflow/.local/lib/python3.8/site-packages/airflow/example_dags/example_subdag_operator.py took 0.116 seconds
[2022-04-06 04:53:13,705] {processor.py:163} INFO - Started process (PID=123) to work on /home/airflow/.local/lib/python3.8/site-packages/airflow/example_dags/example_subdag_operator.py
[2022-04-06 04:53:13,706] {processor.py:642} INFO - Processing file /home/airflow/.local/lib/python3.8/site-packages/airflow/example_dags/example_subdag_operator.py for tasks to queue
[2022-04-06 04:53:13,706] {logging_mixin.py:109} INFO - [2022-04-06 04:53:13,706] {dagbag.py:500} INFO - Filling up the DagBag from /home/airflow/.local/lib/python3.8/site-packages/airflow/example_dags/example_subdag_operator.py
[2022-04-06 04:53:13,733] {processor.py:654} INFO - DAG(s) dict_keys(['example_subdag_operator.section-1', 'example_subdag_operator.section-2', 'example_subdag_operator']) retrieved from /home/airflow/.local/lib/python3.8/site-packages/airflow/example_dags/example_subdag_operator.py
[2022-04-06 04:53:13,744] {logging_mixin.py:109} INFO - [2022-04-06 04:53:13,744] {dag.py:2396} INFO - Sync 3 DAGs
[2022-04-06 04:53:13,757] {logging_mixin.py:109} INFO - [2022-04-06 04:53:13,757] {dag.py:2935} INFO - Setting next_dagrun for example_subdag_operator to 2022-04-04T00:00:00+00:00
[2022-04-06 04:53:13,758] {logging_mixin.py:109} INFO - [2022-04-06 04:53:13,758] {dag.py:2935} INFO - Setting next_dagrun for example_subdag_operator.section-1 to None
[2022-04-06 04:53:13,758] {logging_mixin.py:109} INFO - [2022-04-06 04:53:13,758] {dag.py:2935} INFO - Setting next_dagrun for example_subdag_operator.section-2 to None
[2022-04-06 04:53:13,762] {logging_mixin.py:109} INFO - [2022-04-06 04:53:13,762] {dag.py:2396} INFO - Sync 2 DAGs
[2022-04-06 04:53:13,769] {logging_mixin.py:109} INFO - [2022-04-06 04:53:13,769] {dag.py:2935} INFO - Setting next_dagrun for example_subdag_operator.section-1 to None
[2022-04-06 04:53:13,770] {logging_mixin.py:109} INFO - [2022-04-06 04:53:13,770] {dag.py:2935} INFO - Setting next_dagrun for example_subdag_operator.section-2 to None
[2022-04-06 04:53:13,775] {processor.py:171} INFO - Processing /home/airflow/.local/lib/python3.8/site-packages/airflow/example_dags/example_subdag_operator.py took 0.073 seconds
[2022-04-06 04:53:44,967] {processor.py:163} INFO - Started process (PID=189) to work on /home/airflow/.local/lib/python3.8/site-packages/airflow/example_dags/example_subdag_operator.py
[2022-04-06 04:53:44,968] {processor.py:642} INFO - Processing file /home/airflow/.local/lib/python3.8/site-packages/airflow/example_dags/example_subdag_operator.py for tasks to queue
[2022-04-06 04:53:44,968] {logging_mixin.py:109} INFO - [2022-04-06 04:53:44,968] {dagbag.py:500} INFO - Filling up the DagBag from /home/airflow/.local/lib/python3.8/site-packages/airflow/example_dags/example_subdag_operator.py
[2022-04-06 04:53:44,994] {processor.py:654} INFO - DAG(s) dict_keys(['example_subdag_operator.section-1', 'example_subdag_operator.section-2', 'example_subdag_operator']) retrieved from /home/airflow/.local/lib/python3.8/site-packages/airflow/example_dags/example_subdag_operator.py
[2022-04-06 04:53:45,004] {logging_mixin.py:109} INFO - [2022-04-06 04:53:45,004] {dag.py:2396} INFO - Sync 3 DAGs
[2022-04-06 04:53:45,016] {logging_mixin.py:109} INFO - [2022-04-06 04:53:45,016] {dag.py:2935} INFO - Setting next_dagrun for example_subdag_operator to 2022-04-04T00:00:00+00:00
[2022-04-06 04:53:45,017] {logging_mixin.py:109} INFO - [2022-04-06 04:53:45,017] {dag.py:2935} INFO - Setting next_dagrun for example_subdag_operator.section-1 to None
[2022-04-06 04:53:45,017] {logging_mixin.py:109} INFO - [2022-04-06 04:53:45,017] {dag.py:2935} INFO - Setting next_dagrun for example_subdag_operator.section-2 to None
[2022-04-06 04:53:45,021] {logging_mixin.py:109} INFO - [2022-04-06 04:53:45,021] {dag.py:2396} INFO - Sync 2 DAGs
[2022-04-06 04:53:45,027] {logging_mixin.py:109} INFO - [2022-04-06 04:53:45,027] {dag.py:2935} INFO - Setting next_dagrun for example_subdag_operator.section-1 to None
[2022-04-06 04:53:45,028] {logging_mixin.py:109} INFO - [2022-04-06 04:53:45,028] {dag.py:2935} INFO - Setting next_dagrun for example_subdag_operator.section-2 to None
[2022-04-06 04:53:45,033] {processor.py:171} INFO - Processing /home/airflow/.local/lib/python3.8/site-packages/airflow/example_dags/example_subdag_operator.py took 0.068 seconds
[2022-04-06 04:54:15,550] {processor.py:163} INFO - Started process (PID=246) to work on /home/airflow/.local/lib/python3.8/site-packages/airflow/example_dags/example_subdag_operator.py
[2022-04-06 04:54:15,551] {processor.py:642} INFO - Processing file /home/airflow/.local/lib/python3.8/site-packages/airflow/example_dags/example_subdag_operator.py for tasks to queue
[2022-04-06 04:54:15,552] {logging_mixin.py:109} INFO - [2022-04-06 04:54:15,552] {dagbag.py:500} INFO - Filling up the DagBag from /home/airflow/.local/lib/python3.8/site-packages/airflow/example_dags/example_subdag_operator.py
[2022-04-06 04:54:15,580] {processor.py:654} INFO - DAG(s) dict_keys(['example_subdag_operator.section-1', 'example_subdag_operator.section-2', 'example_subdag_operator']) retrieved from /home/airflow/.local/lib/python3.8/site-packages/airflow/example_dags/example_subdag_operator.py
[2022-04-06 04:54:15,590] {logging_mixin.py:109} INFO - [2022-04-06 04:54:15,590] {dag.py:2396} INFO - Sync 3 DAGs
[2022-04-06 04:54:15,603] {logging_mixin.py:109} INFO - [2022-04-06 04:54:15,603] {dag.py:2935} INFO - Setting next_dagrun for example_subdag_operator to 2022-04-04T00:00:00+00:00
[2022-04-06 04:54:15,603] {logging_mixin.py:109} INFO - [2022-04-06 04:54:15,603] {dag.py:2935} INFO - Setting next_dagrun for example_subdag_operator.section-1 to None
[2022-04-06 04:54:15,604] {logging_mixin.py:109} INFO - [2022-04-06 04:54:15,604] {dag.py:2935} INFO - Setting next_dagrun for example_subdag_operator.section-2 to None
[2022-04-06 04:54:15,608] {logging_mixin.py:109} INFO - [2022-04-06 04:54:15,608] {dag.py:2396} INFO - Sync 2 DAGs
[2022-04-06 04:54:15,615] {logging_mixin.py:109} INFO - [2022-04-06 04:54:15,615] {dag.py:2935} INFO - Setting next_dagrun for example_subdag_operator.section-1 to None
[2022-04-06 04:54:15,615] {logging_mixin.py:109} INFO - [2022-04-06 04:54:15,615] {dag.py:2935} INFO - Setting next_dagrun for example_subdag_operator.section-2 to None
[2022-04-06 04:54:15,621] {processor.py:171} INFO - Processing /home/airflow/.local/lib/python3.8/site-packages/airflow/example_dags/example_subdag_operator.py took 0.073 seconds
[2022-04-06 04:54:46,828] {processor.py:163} INFO - Started process (PID=313) to work on /home/airflow/.local/lib/python3.8/site-packages/airflow/example_dags/example_subdag_operator.py
[2022-04-06 04:54:46,829] {processor.py:642} INFO - Processing file /home/airflow/.local/lib/python3.8/site-packages/airflow/example_dags/example_subdag_operator.py for tasks to queue
[2022-04-06 04:54:46,830] {logging_mixin.py:109} INFO - [2022-04-06 04:54:46,830] {dagbag.py:500} INFO - Filling up the DagBag from /home/airflow/.local/lib/python3.8/site-packages/airflow/example_dags/example_subdag_operator.py
[2022-04-06 04:54:46,868] {processor.py:654} INFO - DAG(s) dict_keys(['example_subdag_operator.section-1', 'example_subdag_operator.section-2', 'example_subdag_operator']) retrieved from /home/airflow/.local/lib/python3.8/site-packages/airflow/example_dags/example_subdag_operator.py
[2022-04-06 04:54:46,881] {logging_mixin.py:109} INFO - [2022-04-06 04:54:46,881] {dag.py:2396} INFO - Sync 3 DAGs
[2022-04-06 04:54:46,901] {logging_mixin.py:109} INFO - [2022-04-06 04:54:46,901] {dag.py:2935} INFO - Setting next_dagrun for example_subdag_operator to 2022-04-04T00:00:00+00:00
[2022-04-06 04:54:46,901] {logging_mixin.py:109} INFO - [2022-04-06 04:54:46,901] {dag.py:2935} INFO - Setting next_dagrun for example_subdag_operator.section-1 to None
[2022-04-06 04:54:46,902] {logging_mixin.py:109} INFO - [2022-04-06 04:54:46,901] {dag.py:2935} INFO - Setting next_dagrun for example_subdag_operator.section-2 to None
[2022-04-06 04:54:46,907] {logging_mixin.py:109} INFO - [2022-04-06 04:54:46,907] {dag.py:2396} INFO - Sync 2 DAGs
[2022-04-06 04:54:46,915] {logging_mixin.py:109} INFO - [2022-04-06 04:54:46,915] {dag.py:2935} INFO - Setting next_dagrun for example_subdag_operator.section-1 to None
[2022-04-06 04:54:46,916] {logging_mixin.py:109} INFO - [2022-04-06 04:54:46,916] {dag.py:2935} INFO - Setting next_dagrun for example_subdag_operator.section-2 to None
[2022-04-06 04:54:46,923] {processor.py:171} INFO - Processing /home/airflow/.local/lib/python3.8/site-packages/airflow/example_dags/example_subdag_operator.py took 0.098 seconds
[2022-04-06 04:55:17,122] {processor.py:163} INFO - Started process (PID=361) to work on /home/airflow/.local/lib/python3.8/site-packages/airflow/example_dags/example_subdag_operator.py
[2022-04-06 04:55:17,122] {processor.py:642} INFO - Processing file /home/airflow/.local/lib/python3.8/site-packages/airflow/example_dags/example_subdag_operator.py for tasks to queue
[2022-04-06 04:55:17,123] {logging_mixin.py:109} INFO - [2022-04-06 04:55:17,123] {dagbag.py:500} INFO - Filling up the DagBag from /home/airflow/.local/lib/python3.8/site-packages/airflow/example_dags/example_subdag_operator.py
[2022-04-06 04:55:17,164] {processor.py:654} INFO - DAG(s) dict_keys(['example_subdag_operator.section-1', 'example_subdag_operator.section-2', 'example_subdag_operator']) retrieved from /home/airflow/.local/lib/python3.8/site-packages/airflow/example_dags/example_subdag_operator.py
[2022-04-06 04:55:17,181] {logging_mixin.py:109} INFO - [2022-04-06 04:55:17,180] {dag.py:2396} INFO - Sync 3 DAGs
[2022-04-06 04:55:17,202] {logging_mixin.py:109} INFO - [2022-04-06 04:55:17,202] {dag.py:2935} INFO - Setting next_dagrun for example_subdag_operator to 2022-04-04T00:00:00+00:00
[2022-04-06 04:55:17,202] {logging_mixin.py:109} INFO - [2022-04-06 04:55:17,202] {dag.py:2935} INFO - Setting next_dagrun for example_subdag_operator.section-1 to None
[2022-04-06 04:55:17,210] {logging_mixin.py:109} INFO - [2022-04-06 04:55:17,210] {dag.py:2935} INFO - Setting next_dagrun for example_subdag_operator.section-2 to None
[2022-04-06 04:55:17,219] {logging_mixin.py:109} INFO - [2022-04-06 04:55:17,219] {dag.py:2396} INFO - Sync 2 DAGs
[2022-04-06 04:55:17,225] {logging_mixin.py:109} INFO - [2022-04-06 04:55:17,225] {dag.py:2935} INFO - Setting next_dagrun for example_subdag_operator.section-1 to None
[2022-04-06 04:55:17,226] {logging_mixin.py:109} INFO - [2022-04-06 04:55:17,226] {dag.py:2935} INFO - Setting next_dagrun for example_subdag_operator.section-2 to None
[2022-04-06 04:55:17,231] {processor.py:171} INFO - Processing /home/airflow/.local/lib/python3.8/site-packages/airflow/example_dags/example_subdag_operator.py took 0.112 seconds
[2022-04-06 04:55:47,364] {processor.py:163} INFO - Started process (PID=418) to work on /home/airflow/.local/lib/python3.8/site-packages/airflow/example_dags/example_subdag_operator.py
[2022-04-06 04:55:47,365] {processor.py:642} INFO - Processing file /home/airflow/.local/lib/python3.8/site-packages/airflow/example_dags/example_subdag_operator.py for tasks to queue
[2022-04-06 04:55:47,366] {logging_mixin.py:109} INFO - [2022-04-06 04:55:47,365] {dagbag.py:500} INFO - Filling up the DagBag from /home/airflow/.local/lib/python3.8/site-packages/airflow/example_dags/example_subdag_operator.py
[2022-04-06 04:55:47,394] {processor.py:654} INFO - DAG(s) dict_keys(['example_subdag_operator.section-1', 'example_subdag_operator.section-2', 'example_subdag_operator']) retrieved from /home/airflow/.local/lib/python3.8/site-packages/airflow/example_dags/example_subdag_operator.py
[2022-04-06 04:55:47,404] {logging_mixin.py:109} INFO - [2022-04-06 04:55:47,404] {dag.py:2396} INFO - Sync 3 DAGs
[2022-04-06 04:55:47,418] {logging_mixin.py:109} INFO - [2022-04-06 04:55:47,418] {dag.py:2935} INFO - Setting next_dagrun for example_subdag_operator to 2022-04-04T00:00:00+00:00
[2022-04-06 04:55:47,419] {logging_mixin.py:109} INFO - [2022-04-06 04:55:47,419] {dag.py:2935} INFO - Setting next_dagrun for example_subdag_operator.section-1 to None
[2022-04-06 04:55:47,419] {logging_mixin.py:109} INFO - [2022-04-06 04:55:47,419] {dag.py:2935} INFO - Setting next_dagrun for example_subdag_operator.section-2 to None
[2022-04-06 04:55:47,424] {logging_mixin.py:109} INFO - [2022-04-06 04:55:47,424] {dag.py:2396} INFO - Sync 2 DAGs
[2022-04-06 04:55:47,433] {logging_mixin.py:109} INFO - [2022-04-06 04:55:47,432] {dag.py:2935} INFO - Setting next_dagrun for example_subdag_operator.section-1 to None
[2022-04-06 04:55:47,433] {logging_mixin.py:109} INFO - [2022-04-06 04:55:47,433] {dag.py:2935} INFO - Setting next_dagrun for example_subdag_operator.section-2 to None
[2022-04-06 04:55:47,439] {processor.py:171} INFO - Processing /home/airflow/.local/lib/python3.8/site-packages/airflow/example_dags/example_subdag_operator.py took 0.078 seconds
[2022-04-06 04:56:17,650] {processor.py:163} INFO - Started process (PID=483) to work on /home/airflow/.local/lib/python3.8/site-packages/airflow/example_dags/example_subdag_operator.py
[2022-04-06 04:56:17,651] {processor.py:642} INFO - Processing file /home/airflow/.local/lib/python3.8/site-packages/airflow/example_dags/example_subdag_operator.py for tasks to queue
[2022-04-06 04:56:17,651] {logging_mixin.py:109} INFO - [2022-04-06 04:56:17,651] {dagbag.py:500} INFO - Filling up the DagBag from /home/airflow/.local/lib/python3.8/site-packages/airflow/example_dags/example_subdag_operator.py
[2022-04-06 04:56:17,678] {processor.py:654} INFO - DAG(s) dict_keys(['example_subdag_operator.section-1', 'example_subdag_operator.section-2', 'example_subdag_operator']) retrieved from /home/airflow/.local/lib/python3.8/site-packages/airflow/example_dags/example_subdag_operator.py
[2022-04-06 04:56:17,688] {logging_mixin.py:109} INFO - [2022-04-06 04:56:17,688] {dag.py:2396} INFO - Sync 3 DAGs
[2022-04-06 04:56:17,701] {logging_mixin.py:109} INFO - [2022-04-06 04:56:17,701] {dag.py:2935} INFO - Setting next_dagrun for example_subdag_operator to 2022-04-04T00:00:00+00:00
[2022-04-06 04:56:17,701] {logging_mixin.py:109} INFO - [2022-04-06 04:56:17,701] {dag.py:2935} INFO - Setting next_dagrun for example_subdag_operator.section-1 to None
[2022-04-06 04:56:17,702] {logging_mixin.py:109} INFO - [2022-04-06 04:56:17,702] {dag.py:2935} INFO - Setting next_dagrun for example_subdag_operator.section-2 to None
[2022-04-06 04:56:17,707] {logging_mixin.py:109} INFO - [2022-04-06 04:56:17,706] {dag.py:2396} INFO - Sync 2 DAGs
[2022-04-06 04:56:17,715] {logging_mixin.py:109} INFO - [2022-04-06 04:56:17,714] {dag.py:2935} INFO - Setting next_dagrun for example_subdag_operator.section-1 to None
[2022-04-06 04:56:17,715] {logging_mixin.py:109} INFO - [2022-04-06 04:56:17,715] {dag.py:2935} INFO - Setting next_dagrun for example_subdag_operator.section-2 to None
[2022-04-06 04:56:17,721] {processor.py:171} INFO - Processing /home/airflow/.local/lib/python3.8/site-packages/airflow/example_dags/example_subdag_operator.py took 0.074 seconds
[2022-04-06 04:56:48,092] {processor.py:163} INFO - Started process (PID=540) to work on /home/airflow/.local/lib/python3.8/site-packages/airflow/example_dags/example_subdag_operator.py
[2022-04-06 04:56:48,093] {processor.py:642} INFO - Processing file /home/airflow/.local/lib/python3.8/site-packages/airflow/example_dags/example_subdag_operator.py for tasks to queue
[2022-04-06 04:56:48,094] {logging_mixin.py:109} INFO - [2022-04-06 04:56:48,094] {dagbag.py:500} INFO - Filling up the DagBag from /home/airflow/.local/lib/python3.8/site-packages/airflow/example_dags/example_subdag_operator.py
[2022-04-06 04:56:48,123] {processor.py:654} INFO - DAG(s) dict_keys(['example_subdag_operator.section-1', 'example_subdag_operator.section-2', 'example_subdag_operator']) retrieved from /home/airflow/.local/lib/python3.8/site-packages/airflow/example_dags/example_subdag_operator.py
[2022-04-06 04:56:48,136] {logging_mixin.py:109} INFO - [2022-04-06 04:56:48,136] {dag.py:2396} INFO - Sync 3 DAGs
[2022-04-06 04:56:48,149] {logging_mixin.py:109} INFO - [2022-04-06 04:56:48,149] {dag.py:2935} INFO - Setting next_dagrun for example_subdag_operator to 2022-04-04T00:00:00+00:00
[2022-04-06 04:56:48,150] {logging_mixin.py:109} INFO - [2022-04-06 04:56:48,150] {dag.py:2935} INFO - Setting next_dagrun for example_subdag_operator.section-1 to None
[2022-04-06 04:56:48,150] {logging_mixin.py:109} INFO - [2022-04-06 04:56:48,150] {dag.py:2935} INFO - Setting next_dagrun for example_subdag_operator.section-2 to None
[2022-04-06 04:56:48,156] {logging_mixin.py:109} INFO - [2022-04-06 04:56:48,156] {dag.py:2396} INFO - Sync 2 DAGs
[2022-04-06 04:56:48,164] {logging_mixin.py:109} INFO - [2022-04-06 04:56:48,163] {dag.py:2935} INFO - Setting next_dagrun for example_subdag_operator.section-1 to None
[2022-04-06 04:56:48,164] {logging_mixin.py:109} INFO - [2022-04-06 04:56:48,164] {dag.py:2935} INFO - Setting next_dagrun for example_subdag_operator.section-2 to None
[2022-04-06 04:56:48,170] {processor.py:171} INFO - Processing /home/airflow/.local/lib/python3.8/site-packages/airflow/example_dags/example_subdag_operator.py took 0.080 seconds
[2022-04-06 04:57:18,305] {processor.py:163} INFO - Started process (PID=597) to work on /home/airflow/.local/lib/python3.8/site-packages/airflow/example_dags/example_subdag_operator.py
[2022-04-06 04:57:18,306] {processor.py:642} INFO - Processing file /home/airflow/.local/lib/python3.8/site-packages/airflow/example_dags/example_subdag_operator.py for tasks to queue
[2022-04-06 04:57:18,306] {logging_mixin.py:109} INFO - [2022-04-06 04:57:18,306] {dagbag.py:500} INFO - Filling up the DagBag from /home/airflow/.local/lib/python3.8/site-packages/airflow/example_dags/example_subdag_operator.py
[2022-04-06 04:57:18,334] {processor.py:654} INFO - DAG(s) dict_keys(['example_subdag_operator.section-1', 'example_subdag_operator.section-2', 'example_subdag_operator']) retrieved from /home/airflow/.local/lib/python3.8/site-packages/airflow/example_dags/example_subdag_operator.py
[2022-04-06 04:57:18,344] {logging_mixin.py:109} INFO - [2022-04-06 04:57:18,344] {dag.py:2396} INFO - Sync 3 DAGs
[2022-04-06 04:57:18,357] {logging_mixin.py:109} INFO - [2022-04-06 04:57:18,357] {dag.py:2935} INFO - Setting next_dagrun for example_subdag_operator to 2022-04-04T00:00:00+00:00
[2022-04-06 04:57:18,358] {logging_mixin.py:109} INFO - [2022-04-06 04:57:18,358] {dag.py:2935} INFO - Setting next_dagrun for example_subdag_operator.section-1 to None
[2022-04-06 04:57:18,358] {logging_mixin.py:109} INFO - [2022-04-06 04:57:18,358] {dag.py:2935} INFO - Setting next_dagrun for example_subdag_operator.section-2 to None
[2022-04-06 04:57:18,364] {logging_mixin.py:109} INFO - [2022-04-06 04:57:18,364] {dag.py:2396} INFO - Sync 2 DAGs
[2022-04-06 04:57:18,371] {logging_mixin.py:109} INFO - [2022-04-06 04:57:18,371] {dag.py:2935} INFO - Setting next_dagrun for example_subdag_operator.section-1 to None
[2022-04-06 04:57:18,371] {logging_mixin.py:109} INFO - [2022-04-06 04:57:18,371] {dag.py:2935} INFO - Setting next_dagrun for example_subdag_operator.section-2 to None
[2022-04-06 04:57:18,375] {processor.py:171} INFO - Processing /home/airflow/.local/lib/python3.8/site-packages/airflow/example_dags/example_subdag_operator.py took 0.073 seconds
[2022-04-06 05:02:31,706] {processor.py:163} INFO - Started process (PID=64) to work on /home/airflow/.local/lib/python3.8/site-packages/airflow/example_dags/example_subdag_operator.py
[2022-04-06 05:02:31,707] {processor.py:642} INFO - Processing file /home/airflow/.local/lib/python3.8/site-packages/airflow/example_dags/example_subdag_operator.py for tasks to queue
[2022-04-06 05:02:31,707] {logging_mixin.py:109} INFO - [2022-04-06 05:02:31,707] {dagbag.py:500} INFO - Filling up the DagBag from /home/airflow/.local/lib/python3.8/site-packages/airflow/example_dags/example_subdag_operator.py
[2022-04-06 05:02:31,745] {processor.py:654} INFO - DAG(s) dict_keys(['example_subdag_operator.section-1', 'example_subdag_operator.section-2', 'example_subdag_operator']) retrieved from /home/airflow/.local/lib/python3.8/site-packages/airflow/example_dags/example_subdag_operator.py
[2022-04-06 05:02:31,760] {logging_mixin.py:109} INFO - [2022-04-06 05:02:31,759] {dag.py:2396} INFO - Sync 3 DAGs
[2022-04-06 05:02:31,779] {logging_mixin.py:109} INFO - [2022-04-06 05:02:31,779] {dag.py:2935} INFO - Setting next_dagrun for example_subdag_operator to 2022-04-04T00:00:00+00:00
[2022-04-06 05:02:31,780] {logging_mixin.py:109} INFO - [2022-04-06 05:02:31,780] {dag.py:2935} INFO - Setting next_dagrun for example_subdag_operator.section-1 to None
[2022-04-06 05:02:31,780] {logging_mixin.py:109} INFO - [2022-04-06 05:02:31,780] {dag.py:2935} INFO - Setting next_dagrun for example_subdag_operator.section-2 to None
[2022-04-06 05:02:31,786] {logging_mixin.py:109} INFO - [2022-04-06 05:02:31,786] {dag.py:2396} INFO - Sync 2 DAGs
[2022-04-06 05:02:31,796] {logging_mixin.py:109} INFO - [2022-04-06 05:02:31,796] {dag.py:2935} INFO - Setting next_dagrun for example_subdag_operator.section-1 to None
[2022-04-06 05:02:31,796] {logging_mixin.py:109} INFO - [2022-04-06 05:02:31,796] {dag.py:2935} INFO - Setting next_dagrun for example_subdag_operator.section-2 to None
[2022-04-06 05:02:31,802] {processor.py:171} INFO - Processing /home/airflow/.local/lib/python3.8/site-packages/airflow/example_dags/example_subdag_operator.py took 0.099 seconds
[2022-04-06 05:03:03,088] {processor.py:163} INFO - Started process (PID=131) to work on /home/airflow/.local/lib/python3.8/site-packages/airflow/example_dags/example_subdag_operator.py
[2022-04-06 05:03:03,089] {processor.py:642} INFO - Processing file /home/airflow/.local/lib/python3.8/site-packages/airflow/example_dags/example_subdag_operator.py for tasks to queue
[2022-04-06 05:03:03,090] {logging_mixin.py:109} INFO - [2022-04-06 05:03:03,089] {dagbag.py:500} INFO - Filling up the DagBag from /home/airflow/.local/lib/python3.8/site-packages/airflow/example_dags/example_subdag_operator.py
[2022-04-06 05:03:03,115] {processor.py:654} INFO - DAG(s) dict_keys(['example_subdag_operator.section-1', 'example_subdag_operator.section-2', 'example_subdag_operator']) retrieved from /home/airflow/.local/lib/python3.8/site-packages/airflow/example_dags/example_subdag_operator.py
[2022-04-06 05:03:03,124] {logging_mixin.py:109} INFO - [2022-04-06 05:03:03,124] {dag.py:2396} INFO - Sync 3 DAGs
[2022-04-06 05:03:03,136] {logging_mixin.py:109} INFO - [2022-04-06 05:03:03,136] {dag.py:2935} INFO - Setting next_dagrun for example_subdag_operator to 2022-04-04T00:00:00+00:00
[2022-04-06 05:03:03,137] {logging_mixin.py:109} INFO - [2022-04-06 05:03:03,137] {dag.py:2935} INFO - Setting next_dagrun for example_subdag_operator.section-1 to None
[2022-04-06 05:03:03,137] {logging_mixin.py:109} INFO - [2022-04-06 05:03:03,137] {dag.py:2935} INFO - Setting next_dagrun for example_subdag_operator.section-2 to None
[2022-04-06 05:03:03,141] {logging_mixin.py:109} INFO - [2022-04-06 05:03:03,141] {dag.py:2396} INFO - Sync 2 DAGs
[2022-04-06 05:03:03,149] {logging_mixin.py:109} INFO - [2022-04-06 05:03:03,149] {dag.py:2935} INFO - Setting next_dagrun for example_subdag_operator.section-1 to None
[2022-04-06 05:03:03,149] {logging_mixin.py:109} INFO - [2022-04-06 05:03:03,149] {dag.py:2935} INFO - Setting next_dagrun for example_subdag_operator.section-2 to None
[2022-04-06 05:03:03,155] {processor.py:171} INFO - Processing /home/airflow/.local/lib/python3.8/site-packages/airflow/example_dags/example_subdag_operator.py took 0.069 seconds
[2022-04-06 05:03:34,199] {processor.py:163} INFO - Started process (PID=188) to work on /home/airflow/.local/lib/python3.8/site-packages/airflow/example_dags/example_subdag_operator.py
[2022-04-06 05:03:34,200] {processor.py:642} INFO - Processing file /home/airflow/.local/lib/python3.8/site-packages/airflow/example_dags/example_subdag_operator.py for tasks to queue
[2022-04-06 05:03:34,200] {logging_mixin.py:109} INFO - [2022-04-06 05:03:34,200] {dagbag.py:500} INFO - Filling up the DagBag from /home/airflow/.local/lib/python3.8/site-packages/airflow/example_dags/example_subdag_operator.py
[2022-04-06 05:03:34,224] {processor.py:654} INFO - DAG(s) dict_keys(['example_subdag_operator.section-1', 'example_subdag_operator.section-2', 'example_subdag_operator']) retrieved from /home/airflow/.local/lib/python3.8/site-packages/airflow/example_dags/example_subdag_operator.py
[2022-04-06 05:03:34,232] {logging_mixin.py:109} INFO - [2022-04-06 05:03:34,232] {dag.py:2396} INFO - Sync 3 DAGs
[2022-04-06 05:03:34,243] {logging_mixin.py:109} INFO - [2022-04-06 05:03:34,243] {dag.py:2935} INFO - Setting next_dagrun for example_subdag_operator to 2022-04-04T00:00:00+00:00
[2022-04-06 05:03:34,244] {logging_mixin.py:109} INFO - [2022-04-06 05:03:34,244] {dag.py:2935} INFO - Setting next_dagrun for example_subdag_operator.section-1 to None
[2022-04-06 05:03:34,244] {logging_mixin.py:109} INFO - [2022-04-06 05:03:34,244] {dag.py:2935} INFO - Setting next_dagrun for example_subdag_operator.section-2 to None
[2022-04-06 05:03:34,248] {logging_mixin.py:109} INFO - [2022-04-06 05:03:34,248] {dag.py:2396} INFO - Sync 2 DAGs
[2022-04-06 05:03:34,254] {logging_mixin.py:109} INFO - [2022-04-06 05:03:34,254] {dag.py:2935} INFO - Setting next_dagrun for example_subdag_operator.section-1 to None
[2022-04-06 05:03:34,255] {logging_mixin.py:109} INFO - [2022-04-06 05:03:34,255] {dag.py:2935} INFO - Setting next_dagrun for example_subdag_operator.section-2 to None
[2022-04-06 05:03:34,260] {processor.py:171} INFO - Processing /home/airflow/.local/lib/python3.8/site-packages/airflow/example_dags/example_subdag_operator.py took 0.063 seconds
