[2022-04-06 04:43:10,273] {processor.py:163} INFO - Started process (PID=162) to work on /home/airflow/.local/lib/python3.8/site-packages/airflow/example_dags/example_trigger_controller_dag.py
[2022-04-06 04:43:10,273] {processor.py:642} INFO - Processing file /home/airflow/.local/lib/python3.8/site-packages/airflow/example_dags/example_trigger_controller_dag.py for tasks to queue
[2022-04-06 04:43:10,274] {logging_mixin.py:109} INFO - [2022-04-06 04:43:10,274] {dagbag.py:500} INFO - Filling up the DagBag from /home/airflow/.local/lib/python3.8/site-packages/airflow/example_dags/example_trigger_controller_dag.py
[2022-04-06 04:43:10,297] {processor.py:654} INFO - DAG(s) dict_keys(['example_trigger_controller_dag']) retrieved from /home/airflow/.local/lib/python3.8/site-packages/airflow/example_dags/example_trigger_controller_dag.py
[2022-04-06 04:43:11,922] {logging_mixin.py:109} INFO - [2022-04-06 04:43:11,922] {manager.py:496} INFO - Created Permission View: can read on DAG:example_trigger_controller_dag
[2022-04-06 04:43:11,928] {logging_mixin.py:109} INFO - [2022-04-06 04:43:11,928] {manager.py:496} INFO - Created Permission View: can edit on DAG:example_trigger_controller_dag
[2022-04-06 04:43:11,928] {logging_mixin.py:109} INFO - [2022-04-06 04:43:11,928] {dag.py:2396} INFO - Sync 1 DAGs
[2022-04-06 04:43:11,933] {logging_mixin.py:109} INFO - [2022-04-06 04:43:11,933] {dag.py:2415} INFO - Creating ORM DAG for example_trigger_controller_dag
[2022-04-06 04:43:11,938] {logging_mixin.py:109} INFO - [2022-04-06 04:43:11,938] {dag.py:2935} INFO - Setting next_dagrun for example_trigger_controller_dag to 2021-01-01T00:00:00+00:00
[2022-04-06 04:43:11,947] {processor.py:171} INFO - Processing /home/airflow/.local/lib/python3.8/site-packages/airflow/example_dags/example_trigger_controller_dag.py took 1.676 seconds
[2022-04-06 04:43:42,440] {processor.py:163} INFO - Started process (PID=372) to work on /home/airflow/.local/lib/python3.8/site-packages/airflow/example_dags/example_trigger_controller_dag.py
[2022-04-06 04:43:42,442] {processor.py:642} INFO - Processing file /home/airflow/.local/lib/python3.8/site-packages/airflow/example_dags/example_trigger_controller_dag.py for tasks to queue
[2022-04-06 04:43:42,443] {logging_mixin.py:109} INFO - [2022-04-06 04:43:42,443] {dagbag.py:500} INFO - Filling up the DagBag from /home/airflow/.local/lib/python3.8/site-packages/airflow/example_dags/example_trigger_controller_dag.py
[2022-04-06 04:43:42,469] {processor.py:654} INFO - DAG(s) dict_keys(['example_trigger_controller_dag']) retrieved from /home/airflow/.local/lib/python3.8/site-packages/airflow/example_dags/example_trigger_controller_dag.py
[2022-04-06 04:43:42,481] {logging_mixin.py:109} INFO - [2022-04-06 04:43:42,481] {dag.py:2396} INFO - Sync 1 DAGs
[2022-04-06 04:43:42,506] {logging_mixin.py:109} INFO - [2022-04-06 04:43:42,506] {dag.py:2935} INFO - Setting next_dagrun for example_trigger_controller_dag to 2021-01-01T00:00:00+00:00
[2022-04-06 04:43:42,524] {processor.py:171} INFO - Processing /home/airflow/.local/lib/python3.8/site-packages/airflow/example_dags/example_trigger_controller_dag.py took 0.088 seconds
[2022-04-06 04:44:12,813] {processor.py:163} INFO - Started process (PID=430) to work on /home/airflow/.local/lib/python3.8/site-packages/airflow/example_dags/example_trigger_controller_dag.py
[2022-04-06 04:44:12,815] {processor.py:642} INFO - Processing file /home/airflow/.local/lib/python3.8/site-packages/airflow/example_dags/example_trigger_controller_dag.py for tasks to queue
[2022-04-06 04:44:12,817] {logging_mixin.py:109} INFO - [2022-04-06 04:44:12,817] {dagbag.py:500} INFO - Filling up the DagBag from /home/airflow/.local/lib/python3.8/site-packages/airflow/example_dags/example_trigger_controller_dag.py
[2022-04-06 04:44:12,849] {processor.py:654} INFO - DAG(s) dict_keys(['example_trigger_controller_dag']) retrieved from /home/airflow/.local/lib/python3.8/site-packages/airflow/example_dags/example_trigger_controller_dag.py
[2022-04-06 04:44:12,857] {logging_mixin.py:109} INFO - [2022-04-06 04:44:12,857] {dag.py:2396} INFO - Sync 1 DAGs
[2022-04-06 04:44:12,870] {logging_mixin.py:109} INFO - [2022-04-06 04:44:12,870] {dag.py:2935} INFO - Setting next_dagrun for example_trigger_controller_dag to 2021-01-01T00:00:00+00:00
[2022-04-06 04:44:12,878] {processor.py:171} INFO - Processing /home/airflow/.local/lib/python3.8/site-packages/airflow/example_dags/example_trigger_controller_dag.py took 0.073 seconds
[2022-04-06 04:44:43,114] {processor.py:163} INFO - Started process (PID=487) to work on /home/airflow/.local/lib/python3.8/site-packages/airflow/example_dags/example_trigger_controller_dag.py
[2022-04-06 04:44:43,115] {processor.py:642} INFO - Processing file /home/airflow/.local/lib/python3.8/site-packages/airflow/example_dags/example_trigger_controller_dag.py for tasks to queue
[2022-04-06 04:44:43,115] {logging_mixin.py:109} INFO - [2022-04-06 04:44:43,115] {dagbag.py:500} INFO - Filling up the DagBag from /home/airflow/.local/lib/python3.8/site-packages/airflow/example_dags/example_trigger_controller_dag.py
[2022-04-06 04:44:43,133] {processor.py:654} INFO - DAG(s) dict_keys(['example_trigger_controller_dag']) retrieved from /home/airflow/.local/lib/python3.8/site-packages/airflow/example_dags/example_trigger_controller_dag.py
[2022-04-06 04:44:43,140] {logging_mixin.py:109} INFO - [2022-04-06 04:44:43,140] {dag.py:2396} INFO - Sync 1 DAGs
[2022-04-06 04:44:43,152] {logging_mixin.py:109} INFO - [2022-04-06 04:44:43,152] {dag.py:2935} INFO - Setting next_dagrun for example_trigger_controller_dag to 2021-01-01T00:00:00+00:00
[2022-04-06 04:44:43,165] {processor.py:171} INFO - Processing /home/airflow/.local/lib/python3.8/site-packages/airflow/example_dags/example_trigger_controller_dag.py took 0.053 seconds
[2022-04-06 04:45:13,401] {processor.py:163} INFO - Started process (PID=553) to work on /home/airflow/.local/lib/python3.8/site-packages/airflow/example_dags/example_trigger_controller_dag.py
[2022-04-06 04:45:13,404] {processor.py:642} INFO - Processing file /home/airflow/.local/lib/python3.8/site-packages/airflow/example_dags/example_trigger_controller_dag.py for tasks to queue
[2022-04-06 04:45:13,405] {logging_mixin.py:109} INFO - [2022-04-06 04:45:13,405] {dagbag.py:500} INFO - Filling up the DagBag from /home/airflow/.local/lib/python3.8/site-packages/airflow/example_dags/example_trigger_controller_dag.py
[2022-04-06 04:45:13,441] {processor.py:654} INFO - DAG(s) dict_keys(['example_trigger_controller_dag']) retrieved from /home/airflow/.local/lib/python3.8/site-packages/airflow/example_dags/example_trigger_controller_dag.py
[2022-04-06 04:45:13,449] {logging_mixin.py:109} INFO - [2022-04-06 04:45:13,449] {dag.py:2396} INFO - Sync 1 DAGs
[2022-04-06 04:45:13,463] {logging_mixin.py:109} INFO - [2022-04-06 04:45:13,463] {dag.py:2935} INFO - Setting next_dagrun for example_trigger_controller_dag to 2021-01-01T00:00:00+00:00
[2022-04-06 04:45:13,471] {processor.py:171} INFO - Processing /home/airflow/.local/lib/python3.8/site-packages/airflow/example_dags/example_trigger_controller_dag.py took 0.077 seconds
[2022-04-06 04:45:43,688] {processor.py:163} INFO - Started process (PID=610) to work on /home/airflow/.local/lib/python3.8/site-packages/airflow/example_dags/example_trigger_controller_dag.py
[2022-04-06 04:45:43,689] {processor.py:642} INFO - Processing file /home/airflow/.local/lib/python3.8/site-packages/airflow/example_dags/example_trigger_controller_dag.py for tasks to queue
[2022-04-06 04:45:43,690] {logging_mixin.py:109} INFO - [2022-04-06 04:45:43,689] {dagbag.py:500} INFO - Filling up the DagBag from /home/airflow/.local/lib/python3.8/site-packages/airflow/example_dags/example_trigger_controller_dag.py
[2022-04-06 04:45:43,707] {processor.py:654} INFO - DAG(s) dict_keys(['example_trigger_controller_dag']) retrieved from /home/airflow/.local/lib/python3.8/site-packages/airflow/example_dags/example_trigger_controller_dag.py
[2022-04-06 04:45:43,715] {logging_mixin.py:109} INFO - [2022-04-06 04:45:43,715] {dag.py:2396} INFO - Sync 1 DAGs
[2022-04-06 04:45:43,729] {logging_mixin.py:109} INFO - [2022-04-06 04:45:43,729] {dag.py:2935} INFO - Setting next_dagrun for example_trigger_controller_dag to 2021-01-01T00:00:00+00:00
[2022-04-06 04:45:43,737] {processor.py:171} INFO - Processing /home/airflow/.local/lib/python3.8/site-packages/airflow/example_dags/example_trigger_controller_dag.py took 0.050 seconds
[2022-04-06 04:46:14,126] {processor.py:163} INFO - Started process (PID=676) to work on /home/airflow/.local/lib/python3.8/site-packages/airflow/example_dags/example_trigger_controller_dag.py
[2022-04-06 04:46:14,128] {processor.py:642} INFO - Processing file /home/airflow/.local/lib/python3.8/site-packages/airflow/example_dags/example_trigger_controller_dag.py for tasks to queue
[2022-04-06 04:46:14,128] {logging_mixin.py:109} INFO - [2022-04-06 04:46:14,128] {dagbag.py:500} INFO - Filling up the DagBag from /home/airflow/.local/lib/python3.8/site-packages/airflow/example_dags/example_trigger_controller_dag.py
[2022-04-06 04:46:14,152] {processor.py:654} INFO - DAG(s) dict_keys(['example_trigger_controller_dag']) retrieved from /home/airflow/.local/lib/python3.8/site-packages/airflow/example_dags/example_trigger_controller_dag.py
[2022-04-06 04:46:14,164] {logging_mixin.py:109} INFO - [2022-04-06 04:46:14,164] {dag.py:2396} INFO - Sync 1 DAGs
[2022-04-06 04:46:14,183] {logging_mixin.py:109} INFO - [2022-04-06 04:46:14,183] {dag.py:2935} INFO - Setting next_dagrun for example_trigger_controller_dag to 2021-01-01T00:00:00+00:00
[2022-04-06 04:46:14,193] {processor.py:171} INFO - Processing /home/airflow/.local/lib/python3.8/site-packages/airflow/example_dags/example_trigger_controller_dag.py took 0.069 seconds
[2022-04-06 04:46:44,463] {processor.py:163} INFO - Started process (PID=733) to work on /home/airflow/.local/lib/python3.8/site-packages/airflow/example_dags/example_trigger_controller_dag.py
[2022-04-06 04:46:44,466] {processor.py:642} INFO - Processing file /home/airflow/.local/lib/python3.8/site-packages/airflow/example_dags/example_trigger_controller_dag.py for tasks to queue
[2022-04-06 04:46:44,467] {logging_mixin.py:109} INFO - [2022-04-06 04:46:44,467] {dagbag.py:500} INFO - Filling up the DagBag from /home/airflow/.local/lib/python3.8/site-packages/airflow/example_dags/example_trigger_controller_dag.py
[2022-04-06 04:46:44,506] {processor.py:654} INFO - DAG(s) dict_keys(['example_trigger_controller_dag']) retrieved from /home/airflow/.local/lib/python3.8/site-packages/airflow/example_dags/example_trigger_controller_dag.py
[2022-04-06 04:46:44,514] {logging_mixin.py:109} INFO - [2022-04-06 04:46:44,514] {dag.py:2396} INFO - Sync 1 DAGs
[2022-04-06 04:46:44,527] {logging_mixin.py:109} INFO - [2022-04-06 04:46:44,527] {dag.py:2935} INFO - Setting next_dagrun for example_trigger_controller_dag to 2021-01-01T00:00:00+00:00
[2022-04-06 04:46:44,535] {processor.py:171} INFO - Processing /home/airflow/.local/lib/python3.8/site-packages/airflow/example_dags/example_trigger_controller_dag.py took 0.079 seconds
[2022-04-06 04:47:14,667] {processor.py:163} INFO - Started process (PID=791) to work on /home/airflow/.local/lib/python3.8/site-packages/airflow/example_dags/example_trigger_controller_dag.py
[2022-04-06 04:47:14,668] {processor.py:642} INFO - Processing file /home/airflow/.local/lib/python3.8/site-packages/airflow/example_dags/example_trigger_controller_dag.py for tasks to queue
[2022-04-06 04:47:14,668] {logging_mixin.py:109} INFO - [2022-04-06 04:47:14,668] {dagbag.py:500} INFO - Filling up the DagBag from /home/airflow/.local/lib/python3.8/site-packages/airflow/example_dags/example_trigger_controller_dag.py
[2022-04-06 04:47:14,687] {processor.py:654} INFO - DAG(s) dict_keys(['example_trigger_controller_dag']) retrieved from /home/airflow/.local/lib/python3.8/site-packages/airflow/example_dags/example_trigger_controller_dag.py
[2022-04-06 04:47:14,694] {logging_mixin.py:109} INFO - [2022-04-06 04:47:14,694] {dag.py:2396} INFO - Sync 1 DAGs
[2022-04-06 04:47:14,706] {logging_mixin.py:109} INFO - [2022-04-06 04:47:14,706] {dag.py:2935} INFO - Setting next_dagrun for example_trigger_controller_dag to 2021-01-01T00:00:00+00:00
[2022-04-06 04:47:14,714] {processor.py:171} INFO - Processing /home/airflow/.local/lib/python3.8/site-packages/airflow/example_dags/example_trigger_controller_dag.py took 0.049 seconds
[2022-04-06 04:47:44,871] {processor.py:163} INFO - Started process (PID=857) to work on /home/airflow/.local/lib/python3.8/site-packages/airflow/example_dags/example_trigger_controller_dag.py
[2022-04-06 04:47:44,872] {processor.py:642} INFO - Processing file /home/airflow/.local/lib/python3.8/site-packages/airflow/example_dags/example_trigger_controller_dag.py for tasks to queue
[2022-04-06 04:47:44,872] {logging_mixin.py:109} INFO - [2022-04-06 04:47:44,872] {dagbag.py:500} INFO - Filling up the DagBag from /home/airflow/.local/lib/python3.8/site-packages/airflow/example_dags/example_trigger_controller_dag.py
[2022-04-06 04:47:44,890] {processor.py:654} INFO - DAG(s) dict_keys(['example_trigger_controller_dag']) retrieved from /home/airflow/.local/lib/python3.8/site-packages/airflow/example_dags/example_trigger_controller_dag.py
[2022-04-06 04:47:44,897] {logging_mixin.py:109} INFO - [2022-04-06 04:47:44,897] {dag.py:2396} INFO - Sync 1 DAGs
[2022-04-06 04:47:44,908] {logging_mixin.py:109} INFO - [2022-04-06 04:47:44,908] {dag.py:2935} INFO - Setting next_dagrun for example_trigger_controller_dag to 2021-01-01T00:00:00+00:00
[2022-04-06 04:47:44,916] {processor.py:171} INFO - Processing /home/airflow/.local/lib/python3.8/site-packages/airflow/example_dags/example_trigger_controller_dag.py took 0.047 seconds
[2022-04-06 04:48:15,522] {processor.py:163} INFO - Started process (PID=917) to work on /home/airflow/.local/lib/python3.8/site-packages/airflow/example_dags/example_trigger_controller_dag.py
[2022-04-06 04:48:15,523] {processor.py:642} INFO - Processing file /home/airflow/.local/lib/python3.8/site-packages/airflow/example_dags/example_trigger_controller_dag.py for tasks to queue
[2022-04-06 04:48:15,524] {logging_mixin.py:109} INFO - [2022-04-06 04:48:15,523] {dagbag.py:500} INFO - Filling up the DagBag from /home/airflow/.local/lib/python3.8/site-packages/airflow/example_dags/example_trigger_controller_dag.py
[2022-04-06 04:48:15,548] {processor.py:654} INFO - DAG(s) dict_keys(['example_trigger_controller_dag']) retrieved from /home/airflow/.local/lib/python3.8/site-packages/airflow/example_dags/example_trigger_controller_dag.py
[2022-04-06 04:48:15,560] {logging_mixin.py:109} INFO - [2022-04-06 04:48:15,560] {dag.py:2396} INFO - Sync 1 DAGs
[2022-04-06 04:48:15,578] {logging_mixin.py:109} INFO - [2022-04-06 04:48:15,578] {dag.py:2935} INFO - Setting next_dagrun for example_trigger_controller_dag to 2021-01-01T00:00:00+00:00
[2022-04-06 04:48:15,588] {processor.py:171} INFO - Processing /home/airflow/.local/lib/python3.8/site-packages/airflow/example_dags/example_trigger_controller_dag.py took 0.070 seconds
[2022-04-06 04:48:46,830] {processor.py:163} INFO - Started process (PID=984) to work on /home/airflow/.local/lib/python3.8/site-packages/airflow/example_dags/example_trigger_controller_dag.py
[2022-04-06 04:48:46,831] {processor.py:642} INFO - Processing file /home/airflow/.local/lib/python3.8/site-packages/airflow/example_dags/example_trigger_controller_dag.py for tasks to queue
[2022-04-06 04:48:46,831] {logging_mixin.py:109} INFO - [2022-04-06 04:48:46,831] {dagbag.py:500} INFO - Filling up the DagBag from /home/airflow/.local/lib/python3.8/site-packages/airflow/example_dags/example_trigger_controller_dag.py
[2022-04-06 04:48:46,854] {processor.py:654} INFO - DAG(s) dict_keys(['example_trigger_controller_dag']) retrieved from /home/airflow/.local/lib/python3.8/site-packages/airflow/example_dags/example_trigger_controller_dag.py
[2022-04-06 04:48:46,863] {logging_mixin.py:109} INFO - [2022-04-06 04:48:46,863] {dag.py:2396} INFO - Sync 1 DAGs
[2022-04-06 04:48:46,878] {logging_mixin.py:109} INFO - [2022-04-06 04:48:46,878] {dag.py:2935} INFO - Setting next_dagrun for example_trigger_controller_dag to 2021-01-01T00:00:00+00:00
[2022-04-06 04:48:46,886] {processor.py:171} INFO - Processing /home/airflow/.local/lib/python3.8/site-packages/airflow/example_dags/example_trigger_controller_dag.py took 0.059 seconds
[2022-04-06 04:49:17,459] {processor.py:163} INFO - Started process (PID=1041) to work on /home/airflow/.local/lib/python3.8/site-packages/airflow/example_dags/example_trigger_controller_dag.py
[2022-04-06 04:49:17,461] {processor.py:642} INFO - Processing file /home/airflow/.local/lib/python3.8/site-packages/airflow/example_dags/example_trigger_controller_dag.py for tasks to queue
[2022-04-06 04:49:17,461] {logging_mixin.py:109} INFO - [2022-04-06 04:49:17,461] {dagbag.py:500} INFO - Filling up the DagBag from /home/airflow/.local/lib/python3.8/site-packages/airflow/example_dags/example_trigger_controller_dag.py
[2022-04-06 04:49:17,483] {processor.py:654} INFO - DAG(s) dict_keys(['example_trigger_controller_dag']) retrieved from /home/airflow/.local/lib/python3.8/site-packages/airflow/example_dags/example_trigger_controller_dag.py
[2022-04-06 04:49:17,491] {logging_mixin.py:109} INFO - [2022-04-06 04:49:17,491] {dag.py:2396} INFO - Sync 1 DAGs
[2022-04-06 04:49:17,506] {logging_mixin.py:109} INFO - [2022-04-06 04:49:17,506] {dag.py:2935} INFO - Setting next_dagrun for example_trigger_controller_dag to 2021-01-01T00:00:00+00:00
[2022-04-06 04:49:17,515] {processor.py:171} INFO - Processing /home/airflow/.local/lib/python3.8/site-packages/airflow/example_dags/example_trigger_controller_dag.py took 0.059 seconds
[2022-04-06 04:49:48,644] {processor.py:163} INFO - Started process (PID=1098) to work on /home/airflow/.local/lib/python3.8/site-packages/airflow/example_dags/example_trigger_controller_dag.py
[2022-04-06 04:49:48,645] {processor.py:642} INFO - Processing file /home/airflow/.local/lib/python3.8/site-packages/airflow/example_dags/example_trigger_controller_dag.py for tasks to queue
[2022-04-06 04:49:48,646] {logging_mixin.py:109} INFO - [2022-04-06 04:49:48,646] {dagbag.py:500} INFO - Filling up the DagBag from /home/airflow/.local/lib/python3.8/site-packages/airflow/example_dags/example_trigger_controller_dag.py
[2022-04-06 04:49:48,671] {processor.py:654} INFO - DAG(s) dict_keys(['example_trigger_controller_dag']) retrieved from /home/airflow/.local/lib/python3.8/site-packages/airflow/example_dags/example_trigger_controller_dag.py
[2022-04-06 04:49:48,681] {logging_mixin.py:109} INFO - [2022-04-06 04:49:48,681] {dag.py:2396} INFO - Sync 1 DAGs
[2022-04-06 04:49:48,697] {logging_mixin.py:109} INFO - [2022-04-06 04:49:48,697] {dag.py:2935} INFO - Setting next_dagrun for example_trigger_controller_dag to 2021-01-01T00:00:00+00:00
[2022-04-06 04:49:48,707] {processor.py:171} INFO - Processing /home/airflow/.local/lib/python3.8/site-packages/airflow/example_dags/example_trigger_controller_dag.py took 0.066 seconds
[2022-04-06 04:50:19,142] {processor.py:163} INFO - Started process (PID=1165) to work on /home/airflow/.local/lib/python3.8/site-packages/airflow/example_dags/example_trigger_controller_dag.py
[2022-04-06 04:50:19,143] {processor.py:642} INFO - Processing file /home/airflow/.local/lib/python3.8/site-packages/airflow/example_dags/example_trigger_controller_dag.py for tasks to queue
[2022-04-06 04:50:19,143] {logging_mixin.py:109} INFO - [2022-04-06 04:50:19,143] {dagbag.py:500} INFO - Filling up the DagBag from /home/airflow/.local/lib/python3.8/site-packages/airflow/example_dags/example_trigger_controller_dag.py
[2022-04-06 04:50:19,163] {processor.py:654} INFO - DAG(s) dict_keys(['example_trigger_controller_dag']) retrieved from /home/airflow/.local/lib/python3.8/site-packages/airflow/example_dags/example_trigger_controller_dag.py
[2022-04-06 04:50:19,171] {logging_mixin.py:109} INFO - [2022-04-06 04:50:19,171] {dag.py:2396} INFO - Sync 1 DAGs
[2022-04-06 04:50:19,185] {logging_mixin.py:109} INFO - [2022-04-06 04:50:19,185] {dag.py:2935} INFO - Setting next_dagrun for example_trigger_controller_dag to 2021-01-01T00:00:00+00:00
[2022-04-06 04:50:19,192] {processor.py:171} INFO - Processing /home/airflow/.local/lib/python3.8/site-packages/airflow/example_dags/example_trigger_controller_dag.py took 0.053 seconds
[2022-04-06 04:50:49,409] {processor.py:163} INFO - Started process (PID=1223) to work on /home/airflow/.local/lib/python3.8/site-packages/airflow/example_dags/example_trigger_controller_dag.py
[2022-04-06 04:50:49,410] {processor.py:642} INFO - Processing file /home/airflow/.local/lib/python3.8/site-packages/airflow/example_dags/example_trigger_controller_dag.py for tasks to queue
[2022-04-06 04:50:49,411] {logging_mixin.py:109} INFO - [2022-04-06 04:50:49,411] {dagbag.py:500} INFO - Filling up the DagBag from /home/airflow/.local/lib/python3.8/site-packages/airflow/example_dags/example_trigger_controller_dag.py
[2022-04-06 04:50:49,434] {processor.py:654} INFO - DAG(s) dict_keys(['example_trigger_controller_dag']) retrieved from /home/airflow/.local/lib/python3.8/site-packages/airflow/example_dags/example_trigger_controller_dag.py
[2022-04-06 04:50:49,445] {logging_mixin.py:109} INFO - [2022-04-06 04:50:49,444] {dag.py:2396} INFO - Sync 1 DAGs
[2022-04-06 04:50:49,464] {logging_mixin.py:109} INFO - [2022-04-06 04:50:49,463] {dag.py:2935} INFO - Setting next_dagrun for example_trigger_controller_dag to 2021-01-01T00:00:00+00:00
[2022-04-06 04:50:49,472] {processor.py:171} INFO - Processing /home/airflow/.local/lib/python3.8/site-packages/airflow/example_dags/example_trigger_controller_dag.py took 0.065 seconds
[2022-04-06 04:52:42,659] {processor.py:163} INFO - Started process (PID=56) to work on /home/airflow/.local/lib/python3.8/site-packages/airflow/example_dags/example_trigger_controller_dag.py
[2022-04-06 04:52:42,660] {processor.py:642} INFO - Processing file /home/airflow/.local/lib/python3.8/site-packages/airflow/example_dags/example_trigger_controller_dag.py for tasks to queue
[2022-04-06 04:52:42,660] {logging_mixin.py:109} INFO - [2022-04-06 04:52:42,660] {dagbag.py:500} INFO - Filling up the DagBag from /home/airflow/.local/lib/python3.8/site-packages/airflow/example_dags/example_trigger_controller_dag.py
[2022-04-06 04:52:42,688] {processor.py:654} INFO - DAG(s) dict_keys(['example_trigger_controller_dag']) retrieved from /home/airflow/.local/lib/python3.8/site-packages/airflow/example_dags/example_trigger_controller_dag.py
[2022-04-06 04:52:42,699] {logging_mixin.py:109} INFO - [2022-04-06 04:52:42,699] {dag.py:2396} INFO - Sync 1 DAGs
[2022-04-06 04:52:42,720] {logging_mixin.py:109} INFO - [2022-04-06 04:52:42,720] {dag.py:2935} INFO - Setting next_dagrun for example_trigger_controller_dag to 2021-01-01T00:00:00+00:00
[2022-04-06 04:52:42,731] {processor.py:171} INFO - Processing /home/airflow/.local/lib/python3.8/site-packages/airflow/example_dags/example_trigger_controller_dag.py took 0.075 seconds
[2022-04-06 04:53:13,312] {processor.py:163} INFO - Started process (PID=115) to work on /home/airflow/.local/lib/python3.8/site-packages/airflow/example_dags/example_trigger_controller_dag.py
[2022-04-06 04:53:13,313] {processor.py:642} INFO - Processing file /home/airflow/.local/lib/python3.8/site-packages/airflow/example_dags/example_trigger_controller_dag.py for tasks to queue
[2022-04-06 04:53:13,313] {logging_mixin.py:109} INFO - [2022-04-06 04:53:13,313] {dagbag.py:500} INFO - Filling up the DagBag from /home/airflow/.local/lib/python3.8/site-packages/airflow/example_dags/example_trigger_controller_dag.py
[2022-04-06 04:53:13,332] {processor.py:654} INFO - DAG(s) dict_keys(['example_trigger_controller_dag']) retrieved from /home/airflow/.local/lib/python3.8/site-packages/airflow/example_dags/example_trigger_controller_dag.py
[2022-04-06 04:53:13,340] {logging_mixin.py:109} INFO - [2022-04-06 04:53:13,340] {dag.py:2396} INFO - Sync 1 DAGs
[2022-04-06 04:53:13,351] {logging_mixin.py:109} INFO - [2022-04-06 04:53:13,351] {dag.py:2935} INFO - Setting next_dagrun for example_trigger_controller_dag to 2021-01-01T00:00:00+00:00
[2022-04-06 04:53:13,358] {processor.py:171} INFO - Processing /home/airflow/.local/lib/python3.8/site-packages/airflow/example_dags/example_trigger_controller_dag.py took 0.048 seconds
[2022-04-06 04:53:44,450] {processor.py:163} INFO - Started process (PID=181) to work on /home/airflow/.local/lib/python3.8/site-packages/airflow/example_dags/example_trigger_controller_dag.py
[2022-04-06 04:53:44,451] {processor.py:642} INFO - Processing file /home/airflow/.local/lib/python3.8/site-packages/airflow/example_dags/example_trigger_controller_dag.py for tasks to queue
[2022-04-06 04:53:44,451] {logging_mixin.py:109} INFO - [2022-04-06 04:53:44,451] {dagbag.py:500} INFO - Filling up the DagBag from /home/airflow/.local/lib/python3.8/site-packages/airflow/example_dags/example_trigger_controller_dag.py
[2022-04-06 04:53:44,476] {processor.py:654} INFO - DAG(s) dict_keys(['example_trigger_controller_dag']) retrieved from /home/airflow/.local/lib/python3.8/site-packages/airflow/example_dags/example_trigger_controller_dag.py
[2022-04-06 04:53:44,490] {logging_mixin.py:109} INFO - [2022-04-06 04:53:44,490] {dag.py:2396} INFO - Sync 1 DAGs
[2022-04-06 04:53:44,512] {logging_mixin.py:109} INFO - [2022-04-06 04:53:44,512] {dag.py:2935} INFO - Setting next_dagrun for example_trigger_controller_dag to 2021-01-01T00:00:00+00:00
[2022-04-06 04:53:44,524] {processor.py:171} INFO - Processing /home/airflow/.local/lib/python3.8/site-packages/airflow/example_dags/example_trigger_controller_dag.py took 0.077 seconds
[2022-04-06 04:54:14,683] {processor.py:163} INFO - Started process (PID=229) to work on /home/airflow/.local/lib/python3.8/site-packages/airflow/example_dags/example_trigger_controller_dag.py
[2022-04-06 04:54:14,683] {processor.py:642} INFO - Processing file /home/airflow/.local/lib/python3.8/site-packages/airflow/example_dags/example_trigger_controller_dag.py for tasks to queue
[2022-04-06 04:54:14,684] {logging_mixin.py:109} INFO - [2022-04-06 04:54:14,684] {dagbag.py:500} INFO - Filling up the DagBag from /home/airflow/.local/lib/python3.8/site-packages/airflow/example_dags/example_trigger_controller_dag.py
[2022-04-06 04:54:14,701] {processor.py:654} INFO - DAG(s) dict_keys(['example_trigger_controller_dag']) retrieved from /home/airflow/.local/lib/python3.8/site-packages/airflow/example_dags/example_trigger_controller_dag.py
[2022-04-06 04:54:14,708] {logging_mixin.py:109} INFO - [2022-04-06 04:54:14,708] {dag.py:2396} INFO - Sync 1 DAGs
[2022-04-06 04:54:14,719] {logging_mixin.py:109} INFO - [2022-04-06 04:54:14,719] {dag.py:2935} INFO - Setting next_dagrun for example_trigger_controller_dag to 2021-01-01T00:00:00+00:00
[2022-04-06 04:54:14,725] {processor.py:171} INFO - Processing /home/airflow/.local/lib/python3.8/site-packages/airflow/example_dags/example_trigger_controller_dag.py took 0.045 seconds
[2022-04-06 04:54:44,927] {processor.py:163} INFO - Started process (PID=294) to work on /home/airflow/.local/lib/python3.8/site-packages/airflow/example_dags/example_trigger_controller_dag.py
[2022-04-06 04:54:44,928] {processor.py:642} INFO - Processing file /home/airflow/.local/lib/python3.8/site-packages/airflow/example_dags/example_trigger_controller_dag.py for tasks to queue
[2022-04-06 04:54:44,928] {logging_mixin.py:109} INFO - [2022-04-06 04:54:44,928] {dagbag.py:500} INFO - Filling up the DagBag from /home/airflow/.local/lib/python3.8/site-packages/airflow/example_dags/example_trigger_controller_dag.py
[2022-04-06 04:54:44,950] {processor.py:654} INFO - DAG(s) dict_keys(['example_trigger_controller_dag']) retrieved from /home/airflow/.local/lib/python3.8/site-packages/airflow/example_dags/example_trigger_controller_dag.py
[2022-04-06 04:54:44,961] {logging_mixin.py:109} INFO - [2022-04-06 04:54:44,961] {dag.py:2396} INFO - Sync 1 DAGs
[2022-04-06 04:54:44,976] {logging_mixin.py:109} INFO - [2022-04-06 04:54:44,975] {dag.py:2935} INFO - Setting next_dagrun for example_trigger_controller_dag to 2021-01-01T00:00:00+00:00
[2022-04-06 04:54:44,983] {processor.py:171} INFO - Processing /home/airflow/.local/lib/python3.8/site-packages/airflow/example_dags/example_trigger_controller_dag.py took 0.059 seconds
[2022-04-06 04:55:15,507] {processor.py:163} INFO - Started process (PID=351) to work on /home/airflow/.local/lib/python3.8/site-packages/airflow/example_dags/example_trigger_controller_dag.py
[2022-04-06 04:55:15,508] {processor.py:642} INFO - Processing file /home/airflow/.local/lib/python3.8/site-packages/airflow/example_dags/example_trigger_controller_dag.py for tasks to queue
[2022-04-06 04:55:15,509] {logging_mixin.py:109} INFO - [2022-04-06 04:55:15,509] {dagbag.py:500} INFO - Filling up the DagBag from /home/airflow/.local/lib/python3.8/site-packages/airflow/example_dags/example_trigger_controller_dag.py
[2022-04-06 04:55:15,531] {processor.py:654} INFO - DAG(s) dict_keys(['example_trigger_controller_dag']) retrieved from /home/airflow/.local/lib/python3.8/site-packages/airflow/example_dags/example_trigger_controller_dag.py
[2022-04-06 04:55:15,539] {logging_mixin.py:109} INFO - [2022-04-06 04:55:15,539] {dag.py:2396} INFO - Sync 1 DAGs
[2022-04-06 04:55:15,553] {logging_mixin.py:109} INFO - [2022-04-06 04:55:15,553] {dag.py:2935} INFO - Setting next_dagrun for example_trigger_controller_dag to 2021-01-01T00:00:00+00:00
[2022-04-06 04:55:15,566] {processor.py:171} INFO - Processing /home/airflow/.local/lib/python3.8/site-packages/airflow/example_dags/example_trigger_controller_dag.py took 0.061 seconds
[2022-04-06 04:55:45,846] {processor.py:163} INFO - Started process (PID=409) to work on /home/airflow/.local/lib/python3.8/site-packages/airflow/example_dags/example_trigger_controller_dag.py
[2022-04-06 04:55:45,847] {processor.py:642} INFO - Processing file /home/airflow/.local/lib/python3.8/site-packages/airflow/example_dags/example_trigger_controller_dag.py for tasks to queue
[2022-04-06 04:55:45,847] {logging_mixin.py:109} INFO - [2022-04-06 04:55:45,847] {dagbag.py:500} INFO - Filling up the DagBag from /home/airflow/.local/lib/python3.8/site-packages/airflow/example_dags/example_trigger_controller_dag.py
[2022-04-06 04:55:45,868] {processor.py:654} INFO - DAG(s) dict_keys(['example_trigger_controller_dag']) retrieved from /home/airflow/.local/lib/python3.8/site-packages/airflow/example_dags/example_trigger_controller_dag.py
[2022-04-06 04:55:45,877] {logging_mixin.py:109} INFO - [2022-04-06 04:55:45,877] {dag.py:2396} INFO - Sync 1 DAGs
[2022-04-06 04:55:45,892] {logging_mixin.py:109} INFO - [2022-04-06 04:55:45,892] {dag.py:2935} INFO - Setting next_dagrun for example_trigger_controller_dag to 2021-01-01T00:00:00+00:00
[2022-04-06 04:55:45,900] {processor.py:171} INFO - Processing /home/airflow/.local/lib/python3.8/site-packages/airflow/example_dags/example_trigger_controller_dag.py took 0.056 seconds
[2022-04-06 04:56:16,198] {processor.py:163} INFO - Started process (PID=474) to work on /home/airflow/.local/lib/python3.8/site-packages/airflow/example_dags/example_trigger_controller_dag.py
[2022-04-06 04:56:16,199] {processor.py:642} INFO - Processing file /home/airflow/.local/lib/python3.8/site-packages/airflow/example_dags/example_trigger_controller_dag.py for tasks to queue
[2022-04-06 04:56:16,200] {logging_mixin.py:109} INFO - [2022-04-06 04:56:16,200] {dagbag.py:500} INFO - Filling up the DagBag from /home/airflow/.local/lib/python3.8/site-packages/airflow/example_dags/example_trigger_controller_dag.py
[2022-04-06 04:56:16,220] {processor.py:654} INFO - DAG(s) dict_keys(['example_trigger_controller_dag']) retrieved from /home/airflow/.local/lib/python3.8/site-packages/airflow/example_dags/example_trigger_controller_dag.py
[2022-04-06 04:56:16,228] {logging_mixin.py:109} INFO - [2022-04-06 04:56:16,228] {dag.py:2396} INFO - Sync 1 DAGs
[2022-04-06 04:56:16,242] {logging_mixin.py:109} INFO - [2022-04-06 04:56:16,242] {dag.py:2935} INFO - Setting next_dagrun for example_trigger_controller_dag to 2021-01-01T00:00:00+00:00
[2022-04-06 04:56:16,250] {processor.py:171} INFO - Processing /home/airflow/.local/lib/python3.8/site-packages/airflow/example_dags/example_trigger_controller_dag.py took 0.054 seconds
[2022-04-06 04:56:46,528] {processor.py:163} INFO - Started process (PID=531) to work on /home/airflow/.local/lib/python3.8/site-packages/airflow/example_dags/example_trigger_controller_dag.py
[2022-04-06 04:56:46,529] {processor.py:642} INFO - Processing file /home/airflow/.local/lib/python3.8/site-packages/airflow/example_dags/example_trigger_controller_dag.py for tasks to queue
[2022-04-06 04:56:46,530] {logging_mixin.py:109} INFO - [2022-04-06 04:56:46,529] {dagbag.py:500} INFO - Filling up the DagBag from /home/airflow/.local/lib/python3.8/site-packages/airflow/example_dags/example_trigger_controller_dag.py
[2022-04-06 04:56:46,551] {processor.py:654} INFO - DAG(s) dict_keys(['example_trigger_controller_dag']) retrieved from /home/airflow/.local/lib/python3.8/site-packages/airflow/example_dags/example_trigger_controller_dag.py
[2022-04-06 04:56:46,559] {logging_mixin.py:109} INFO - [2022-04-06 04:56:46,559] {dag.py:2396} INFO - Sync 1 DAGs
[2022-04-06 04:56:46,573] {logging_mixin.py:109} INFO - [2022-04-06 04:56:46,573] {dag.py:2935} INFO - Setting next_dagrun for example_trigger_controller_dag to 2021-01-01T00:00:00+00:00
[2022-04-06 04:56:46,580] {processor.py:171} INFO - Processing /home/airflow/.local/lib/python3.8/site-packages/airflow/example_dags/example_trigger_controller_dag.py took 0.055 seconds
[2022-04-06 04:57:17,610] {processor.py:163} INFO - Started process (PID=588) to work on /home/airflow/.local/lib/python3.8/site-packages/airflow/example_dags/example_trigger_controller_dag.py
[2022-04-06 04:57:17,611] {processor.py:642} INFO - Processing file /home/airflow/.local/lib/python3.8/site-packages/airflow/example_dags/example_trigger_controller_dag.py for tasks to queue
[2022-04-06 04:57:17,611] {logging_mixin.py:109} INFO - [2022-04-06 04:57:17,611] {dagbag.py:500} INFO - Filling up the DagBag from /home/airflow/.local/lib/python3.8/site-packages/airflow/example_dags/example_trigger_controller_dag.py
[2022-04-06 04:57:17,632] {processor.py:654} INFO - DAG(s) dict_keys(['example_trigger_controller_dag']) retrieved from /home/airflow/.local/lib/python3.8/site-packages/airflow/example_dags/example_trigger_controller_dag.py
[2022-04-06 04:57:17,640] {logging_mixin.py:109} INFO - [2022-04-06 04:57:17,640] {dag.py:2396} INFO - Sync 1 DAGs
[2022-04-06 04:57:17,656] {logging_mixin.py:109} INFO - [2022-04-06 04:57:17,656] {dag.py:2935} INFO - Setting next_dagrun for example_trigger_controller_dag to 2021-01-01T00:00:00+00:00
[2022-04-06 04:57:17,664] {processor.py:171} INFO - Processing /home/airflow/.local/lib/python3.8/site-packages/airflow/example_dags/example_trigger_controller_dag.py took 0.057 seconds
[2022-04-06 05:02:31,252] {processor.py:163} INFO - Started process (PID=56) to work on /home/airflow/.local/lib/python3.8/site-packages/airflow/example_dags/example_trigger_controller_dag.py
[2022-04-06 05:02:31,253] {processor.py:642} INFO - Processing file /home/airflow/.local/lib/python3.8/site-packages/airflow/example_dags/example_trigger_controller_dag.py for tasks to queue
[2022-04-06 05:02:31,253] {logging_mixin.py:109} INFO - [2022-04-06 05:02:31,253] {dagbag.py:500} INFO - Filling up the DagBag from /home/airflow/.local/lib/python3.8/site-packages/airflow/example_dags/example_trigger_controller_dag.py
[2022-04-06 05:02:31,273] {processor.py:654} INFO - DAG(s) dict_keys(['example_trigger_controller_dag']) retrieved from /home/airflow/.local/lib/python3.8/site-packages/airflow/example_dags/example_trigger_controller_dag.py
[2022-04-06 05:02:31,280] {logging_mixin.py:109} INFO - [2022-04-06 05:02:31,280] {dag.py:2396} INFO - Sync 1 DAGs
[2022-04-06 05:02:31,291] {logging_mixin.py:109} INFO - [2022-04-06 05:02:31,291] {dag.py:2935} INFO - Setting next_dagrun for example_trigger_controller_dag to 2021-01-01T00:00:00+00:00
[2022-04-06 05:02:31,297] {processor.py:171} INFO - Processing /home/airflow/.local/lib/python3.8/site-packages/airflow/example_dags/example_trigger_controller_dag.py took 0.047 seconds
[2022-04-06 05:03:02,567] {processor.py:163} INFO - Started process (PID=122) to work on /home/airflow/.local/lib/python3.8/site-packages/airflow/example_dags/example_trigger_controller_dag.py
[2022-04-06 05:03:02,568] {processor.py:642} INFO - Processing file /home/airflow/.local/lib/python3.8/site-packages/airflow/example_dags/example_trigger_controller_dag.py for tasks to queue
[2022-04-06 05:03:02,569] {logging_mixin.py:109} INFO - [2022-04-06 05:03:02,569] {dagbag.py:500} INFO - Filling up the DagBag from /home/airflow/.local/lib/python3.8/site-packages/airflow/example_dags/example_trigger_controller_dag.py
[2022-04-06 05:03:02,591] {processor.py:654} INFO - DAG(s) dict_keys(['example_trigger_controller_dag']) retrieved from /home/airflow/.local/lib/python3.8/site-packages/airflow/example_dags/example_trigger_controller_dag.py
[2022-04-06 05:03:02,599] {logging_mixin.py:109} INFO - [2022-04-06 05:03:02,599] {dag.py:2396} INFO - Sync 1 DAGs
[2022-04-06 05:03:02,615] {logging_mixin.py:109} INFO - [2022-04-06 05:03:02,614] {dag.py:2935} INFO - Setting next_dagrun for example_trigger_controller_dag to 2021-01-01T00:00:00+00:00
[2022-04-06 05:03:02,623] {processor.py:171} INFO - Processing /home/airflow/.local/lib/python3.8/site-packages/airflow/example_dags/example_trigger_controller_dag.py took 0.058 seconds
[2022-04-06 05:03:33,792] {processor.py:163} INFO - Started process (PID=180) to work on /home/airflow/.local/lib/python3.8/site-packages/airflow/example_dags/example_trigger_controller_dag.py
[2022-04-06 05:03:33,793] {processor.py:642} INFO - Processing file /home/airflow/.local/lib/python3.8/site-packages/airflow/example_dags/example_trigger_controller_dag.py for tasks to queue
[2022-04-06 05:03:33,793] {logging_mixin.py:109} INFO - [2022-04-06 05:03:33,793] {dagbag.py:500} INFO - Filling up the DagBag from /home/airflow/.local/lib/python3.8/site-packages/airflow/example_dags/example_trigger_controller_dag.py
[2022-04-06 05:03:33,812] {processor.py:654} INFO - DAG(s) dict_keys(['example_trigger_controller_dag']) retrieved from /home/airflow/.local/lib/python3.8/site-packages/airflow/example_dags/example_trigger_controller_dag.py
[2022-04-06 05:03:33,819] {logging_mixin.py:109} INFO - [2022-04-06 05:03:33,819] {dag.py:2396} INFO - Sync 1 DAGs
[2022-04-06 05:03:33,832] {logging_mixin.py:109} INFO - [2022-04-06 05:03:33,831] {dag.py:2935} INFO - Setting next_dagrun for example_trigger_controller_dag to 2021-01-01T00:00:00+00:00
[2022-04-06 05:03:33,839] {processor.py:171} INFO - Processing /home/airflow/.local/lib/python3.8/site-packages/airflow/example_dags/example_trigger_controller_dag.py took 0.049 seconds
