[2022-04-06 04:43:03,346] {processor.py:163} INFO - Started process (PID=109) to work on /home/airflow/.local/lib/python3.8/site-packages/airflow/example_dags/example_task_group_decorator.py
[2022-04-06 04:43:03,349] {processor.py:642} INFO - Processing file /home/airflow/.local/lib/python3.8/site-packages/airflow/example_dags/example_task_group_decorator.py for tasks to queue
[2022-04-06 04:43:03,350] {logging_mixin.py:109} INFO - [2022-04-06 04:43:03,350] {dagbag.py:500} INFO - Filling up the DagBag from /home/airflow/.local/lib/python3.8/site-packages/airflow/example_dags/example_task_group_decorator.py
[2022-04-06 04:43:03,418] {processor.py:654} INFO - DAG(s) dict_keys(['example_task_group_decorator']) retrieved from /home/airflow/.local/lib/python3.8/site-packages/airflow/example_dags/example_task_group_decorator.py
[2022-04-06 04:43:05,827] {logging_mixin.py:109} INFO - [2022-04-06 04:43:05,826] {manager.py:496} INFO - Created Permission View: can read on DAG:example_task_group_decorator
[2022-04-06 04:43:05,836] {logging_mixin.py:109} INFO - [2022-04-06 04:43:05,836] {manager.py:496} INFO - Created Permission View: can edit on DAG:example_task_group_decorator
[2022-04-06 04:43:05,836] {logging_mixin.py:109} INFO - [2022-04-06 04:43:05,836] {dag.py:2396} INFO - Sync 1 DAGs
[2022-04-06 04:43:05,845] {logging_mixin.py:109} INFO - [2022-04-06 04:43:05,845] {dag.py:2415} INFO - Creating ORM DAG for example_task_group_decorator
[2022-04-06 04:43:05,854] {logging_mixin.py:109} INFO - [2022-04-06 04:43:05,854] {dag.py:2935} INFO - Setting next_dagrun for example_task_group_decorator to 2022-04-05T04:43:05.854074+00:00
[2022-04-06 04:43:05,866] {processor.py:171} INFO - Processing /home/airflow/.local/lib/python3.8/site-packages/airflow/example_dags/example_task_group_decorator.py took 2.523 seconds
[2022-04-06 04:43:36,075] {processor.py:163} INFO - Started process (PID=358) to work on /home/airflow/.local/lib/python3.8/site-packages/airflow/example_dags/example_task_group_decorator.py
[2022-04-06 04:43:36,076] {processor.py:642} INFO - Processing file /home/airflow/.local/lib/python3.8/site-packages/airflow/example_dags/example_task_group_decorator.py for tasks to queue
[2022-04-06 04:43:36,077] {logging_mixin.py:109} INFO - [2022-04-06 04:43:36,077] {dagbag.py:500} INFO - Filling up the DagBag from /home/airflow/.local/lib/python3.8/site-packages/airflow/example_dags/example_task_group_decorator.py
[2022-04-06 04:43:36,131] {processor.py:654} INFO - DAG(s) dict_keys(['example_task_group_decorator']) retrieved from /home/airflow/.local/lib/python3.8/site-packages/airflow/example_dags/example_task_group_decorator.py
[2022-04-06 04:43:36,344] {logging_mixin.py:109} INFO - [2022-04-06 04:43:36,344] {dag.py:2396} INFO - Sync 1 DAGs
[2022-04-06 04:43:36,361] {logging_mixin.py:109} INFO - [2022-04-06 04:43:36,361] {dag.py:2935} INFO - Setting next_dagrun for example_task_group_decorator to 2022-04-05T04:43:36.360999+00:00
[2022-04-06 04:43:36,372] {processor.py:171} INFO - Processing /home/airflow/.local/lib/python3.8/site-packages/airflow/example_dags/example_task_group_decorator.py took 0.301 seconds
[2022-04-06 04:44:06,569] {processor.py:163} INFO - Started process (PID=425) to work on /home/airflow/.local/lib/python3.8/site-packages/airflow/example_dags/example_task_group_decorator.py
[2022-04-06 04:44:06,569] {processor.py:642} INFO - Processing file /home/airflow/.local/lib/python3.8/site-packages/airflow/example_dags/example_task_group_decorator.py for tasks to queue
[2022-04-06 04:44:06,570] {logging_mixin.py:109} INFO - [2022-04-06 04:44:06,570] {dagbag.py:500} INFO - Filling up the DagBag from /home/airflow/.local/lib/python3.8/site-packages/airflow/example_dags/example_task_group_decorator.py
[2022-04-06 04:44:06,604] {processor.py:654} INFO - DAG(s) dict_keys(['example_task_group_decorator']) retrieved from /home/airflow/.local/lib/python3.8/site-packages/airflow/example_dags/example_task_group_decorator.py
[2022-04-06 04:44:06,778] {logging_mixin.py:109} INFO - [2022-04-06 04:44:06,778] {dag.py:2396} INFO - Sync 1 DAGs
[2022-04-06 04:44:06,789] {logging_mixin.py:109} INFO - [2022-04-06 04:44:06,789] {dag.py:2935} INFO - Setting next_dagrun for example_task_group_decorator to 2022-04-05T04:44:06.789617+00:00
[2022-04-06 04:44:06,798] {processor.py:171} INFO - Processing /home/airflow/.local/lib/python3.8/site-packages/airflow/example_dags/example_task_group_decorator.py took 0.231 seconds
[2022-04-06 04:44:36,866] {processor.py:163} INFO - Started process (PID=482) to work on /home/airflow/.local/lib/python3.8/site-packages/airflow/example_dags/example_task_group_decorator.py
[2022-04-06 04:44:36,867] {processor.py:642} INFO - Processing file /home/airflow/.local/lib/python3.8/site-packages/airflow/example_dags/example_task_group_decorator.py for tasks to queue
[2022-04-06 04:44:36,867] {logging_mixin.py:109} INFO - [2022-04-06 04:44:36,867] {dagbag.py:500} INFO - Filling up the DagBag from /home/airflow/.local/lib/python3.8/site-packages/airflow/example_dags/example_task_group_decorator.py
[2022-04-06 04:44:36,902] {processor.py:654} INFO - DAG(s) dict_keys(['example_task_group_decorator']) retrieved from /home/airflow/.local/lib/python3.8/site-packages/airflow/example_dags/example_task_group_decorator.py
[2022-04-06 04:44:37,068] {logging_mixin.py:109} INFO - [2022-04-06 04:44:37,068] {dag.py:2396} INFO - Sync 1 DAGs
[2022-04-06 04:44:37,079] {logging_mixin.py:109} INFO - [2022-04-06 04:44:37,079] {dag.py:2935} INFO - Setting next_dagrun for example_task_group_decorator to 2022-04-05T04:44:37.079256+00:00
[2022-04-06 04:44:37,087] {processor.py:171} INFO - Processing /home/airflow/.local/lib/python3.8/site-packages/airflow/example_dags/example_task_group_decorator.py took 0.224 seconds
[2022-04-06 04:45:07,142] {processor.py:163} INFO - Started process (PID=540) to work on /home/airflow/.local/lib/python3.8/site-packages/airflow/example_dags/example_task_group_decorator.py
[2022-04-06 04:45:07,143] {processor.py:642} INFO - Processing file /home/airflow/.local/lib/python3.8/site-packages/airflow/example_dags/example_task_group_decorator.py for tasks to queue
[2022-04-06 04:45:07,143] {logging_mixin.py:109} INFO - [2022-04-06 04:45:07,143] {dagbag.py:500} INFO - Filling up the DagBag from /home/airflow/.local/lib/python3.8/site-packages/airflow/example_dags/example_task_group_decorator.py
[2022-04-06 04:45:07,176] {processor.py:654} INFO - DAG(s) dict_keys(['example_task_group_decorator']) retrieved from /home/airflow/.local/lib/python3.8/site-packages/airflow/example_dags/example_task_group_decorator.py
[2022-04-06 04:45:07,343] {logging_mixin.py:109} INFO - [2022-04-06 04:45:07,343] {dag.py:2396} INFO - Sync 1 DAGs
[2022-04-06 04:45:07,354] {logging_mixin.py:109} INFO - [2022-04-06 04:45:07,354] {dag.py:2935} INFO - Setting next_dagrun for example_task_group_decorator to 2022-04-05T04:45:07.354160+00:00
[2022-04-06 04:45:07,362] {processor.py:171} INFO - Processing /home/airflow/.local/lib/python3.8/site-packages/airflow/example_dags/example_task_group_decorator.py took 0.223 seconds
[2022-04-06 04:45:37,381] {processor.py:163} INFO - Started process (PID=605) to work on /home/airflow/.local/lib/python3.8/site-packages/airflow/example_dags/example_task_group_decorator.py
[2022-04-06 04:45:37,382] {processor.py:642} INFO - Processing file /home/airflow/.local/lib/python3.8/site-packages/airflow/example_dags/example_task_group_decorator.py for tasks to queue
[2022-04-06 04:45:37,383] {logging_mixin.py:109} INFO - [2022-04-06 04:45:37,382] {dagbag.py:500} INFO - Filling up the DagBag from /home/airflow/.local/lib/python3.8/site-packages/airflow/example_dags/example_task_group_decorator.py
[2022-04-06 04:45:37,422] {processor.py:654} INFO - DAG(s) dict_keys(['example_task_group_decorator']) retrieved from /home/airflow/.local/lib/python3.8/site-packages/airflow/example_dags/example_task_group_decorator.py
[2022-04-06 04:45:37,644] {logging_mixin.py:109} INFO - [2022-04-06 04:45:37,644] {dag.py:2396} INFO - Sync 1 DAGs
[2022-04-06 04:45:37,657] {logging_mixin.py:109} INFO - [2022-04-06 04:45:37,657] {dag.py:2935} INFO - Setting next_dagrun for example_task_group_decorator to 2022-04-05T04:45:37.657473+00:00
[2022-04-06 04:45:37,667] {processor.py:171} INFO - Processing /home/airflow/.local/lib/python3.8/site-packages/airflow/example_dags/example_task_group_decorator.py took 0.288 seconds
[2022-04-06 04:46:07,782] {processor.py:163} INFO - Started process (PID=663) to work on /home/airflow/.local/lib/python3.8/site-packages/airflow/example_dags/example_task_group_decorator.py
[2022-04-06 04:46:07,784] {processor.py:642} INFO - Processing file /home/airflow/.local/lib/python3.8/site-packages/airflow/example_dags/example_task_group_decorator.py for tasks to queue
[2022-04-06 04:46:07,786] {logging_mixin.py:109} INFO - [2022-04-06 04:46:07,785] {dagbag.py:500} INFO - Filling up the DagBag from /home/airflow/.local/lib/python3.8/site-packages/airflow/example_dags/example_task_group_decorator.py
[2022-04-06 04:46:07,831] {processor.py:654} INFO - DAG(s) dict_keys(['example_task_group_decorator']) retrieved from /home/airflow/.local/lib/python3.8/site-packages/airflow/example_dags/example_task_group_decorator.py
[2022-04-06 04:46:08,002] {logging_mixin.py:109} INFO - [2022-04-06 04:46:08,002] {dag.py:2396} INFO - Sync 1 DAGs
[2022-04-06 04:46:08,013] {logging_mixin.py:109} INFO - [2022-04-06 04:46:08,012] {dag.py:2935} INFO - Setting next_dagrun for example_task_group_decorator to 2022-04-05T04:46:08.012728+00:00
[2022-04-06 04:46:08,020] {processor.py:171} INFO - Processing /home/airflow/.local/lib/python3.8/site-packages/airflow/example_dags/example_task_group_decorator.py took 0.249 seconds
[2022-04-06 04:46:38,084] {processor.py:163} INFO - Started process (PID=720) to work on /home/airflow/.local/lib/python3.8/site-packages/airflow/example_dags/example_task_group_decorator.py
[2022-04-06 04:46:38,085] {processor.py:642} INFO - Processing file /home/airflow/.local/lib/python3.8/site-packages/airflow/example_dags/example_task_group_decorator.py for tasks to queue
[2022-04-06 04:46:38,085] {logging_mixin.py:109} INFO - [2022-04-06 04:46:38,085] {dagbag.py:500} INFO - Filling up the DagBag from /home/airflow/.local/lib/python3.8/site-packages/airflow/example_dags/example_task_group_decorator.py
[2022-04-06 04:46:38,124] {processor.py:654} INFO - DAG(s) dict_keys(['example_task_group_decorator']) retrieved from /home/airflow/.local/lib/python3.8/site-packages/airflow/example_dags/example_task_group_decorator.py
[2022-04-06 04:46:38,306] {logging_mixin.py:109} INFO - [2022-04-06 04:46:38,306] {dag.py:2396} INFO - Sync 1 DAGs
[2022-04-06 04:46:38,317] {logging_mixin.py:109} INFO - [2022-04-06 04:46:38,317] {dag.py:2935} INFO - Setting next_dagrun for example_task_group_decorator to 2022-04-05T04:46:38.317247+00:00
[2022-04-06 04:46:38,326] {processor.py:171} INFO - Processing /home/airflow/.local/lib/python3.8/site-packages/airflow/example_dags/example_task_group_decorator.py took 0.244 seconds
[2022-04-06 04:47:09,208] {processor.py:163} INFO - Started process (PID=786) to work on /home/airflow/.local/lib/python3.8/site-packages/airflow/example_dags/example_task_group_decorator.py
[2022-04-06 04:47:09,211] {processor.py:642} INFO - Processing file /home/airflow/.local/lib/python3.8/site-packages/airflow/example_dags/example_task_group_decorator.py for tasks to queue
[2022-04-06 04:47:09,212] {logging_mixin.py:109} INFO - [2022-04-06 04:47:09,212] {dagbag.py:500} INFO - Filling up the DagBag from /home/airflow/.local/lib/python3.8/site-packages/airflow/example_dags/example_task_group_decorator.py
[2022-04-06 04:47:09,260] {processor.py:654} INFO - DAG(s) dict_keys(['example_task_group_decorator']) retrieved from /home/airflow/.local/lib/python3.8/site-packages/airflow/example_dags/example_task_group_decorator.py
[2022-04-06 04:47:09,429] {logging_mixin.py:109} INFO - [2022-04-06 04:47:09,429] {dag.py:2396} INFO - Sync 1 DAGs
[2022-04-06 04:47:09,439] {logging_mixin.py:109} INFO - [2022-04-06 04:47:09,439] {dag.py:2935} INFO - Setting next_dagrun for example_task_group_decorator to 2022-04-05T04:47:09.439119+00:00
[2022-04-06 04:47:09,448] {processor.py:171} INFO - Processing /home/airflow/.local/lib/python3.8/site-packages/airflow/example_dags/example_task_group_decorator.py took 0.247 seconds
[2022-04-06 04:47:39,544] {processor.py:163} INFO - Started process (PID=844) to work on /home/airflow/.local/lib/python3.8/site-packages/airflow/example_dags/example_task_group_decorator.py
[2022-04-06 04:47:39,547] {processor.py:642} INFO - Processing file /home/airflow/.local/lib/python3.8/site-packages/airflow/example_dags/example_task_group_decorator.py for tasks to queue
[2022-04-06 04:47:39,549] {logging_mixin.py:109} INFO - [2022-04-06 04:47:39,549] {dagbag.py:500} INFO - Filling up the DagBag from /home/airflow/.local/lib/python3.8/site-packages/airflow/example_dags/example_task_group_decorator.py
[2022-04-06 04:47:39,597] {processor.py:654} INFO - DAG(s) dict_keys(['example_task_group_decorator']) retrieved from /home/airflow/.local/lib/python3.8/site-packages/airflow/example_dags/example_task_group_decorator.py
[2022-04-06 04:47:39,804] {logging_mixin.py:109} INFO - [2022-04-06 04:47:39,804] {dag.py:2396} INFO - Sync 1 DAGs
[2022-04-06 04:47:39,815] {logging_mixin.py:109} INFO - [2022-04-06 04:47:39,815] {dag.py:2935} INFO - Setting next_dagrun for example_task_group_decorator to 2022-04-05T04:47:39.815090+00:00
[2022-04-06 04:47:39,823] {processor.py:171} INFO - Processing /home/airflow/.local/lib/python3.8/site-packages/airflow/example_dags/example_task_group_decorator.py took 0.288 seconds
[2022-04-06 04:48:10,099] {processor.py:163} INFO - Started process (PID=912) to work on /home/airflow/.local/lib/python3.8/site-packages/airflow/example_dags/example_task_group_decorator.py
[2022-04-06 04:48:10,100] {processor.py:642} INFO - Processing file /home/airflow/.local/lib/python3.8/site-packages/airflow/example_dags/example_task_group_decorator.py for tasks to queue
[2022-04-06 04:48:10,101] {logging_mixin.py:109} INFO - [2022-04-06 04:48:10,101] {dagbag.py:500} INFO - Filling up the DagBag from /home/airflow/.local/lib/python3.8/site-packages/airflow/example_dags/example_task_group_decorator.py
[2022-04-06 04:48:10,147] {processor.py:654} INFO - DAG(s) dict_keys(['example_task_group_decorator']) retrieved from /home/airflow/.local/lib/python3.8/site-packages/airflow/example_dags/example_task_group_decorator.py
[2022-04-06 04:48:10,394] {logging_mixin.py:109} INFO - [2022-04-06 04:48:10,394] {dag.py:2396} INFO - Sync 1 DAGs
[2022-04-06 04:48:10,407] {logging_mixin.py:109} INFO - [2022-04-06 04:48:10,407] {dag.py:2935} INFO - Setting next_dagrun for example_task_group_decorator to 2022-04-05T04:48:10.406969+00:00
[2022-04-06 04:48:10,416] {processor.py:171} INFO - Processing /home/airflow/.local/lib/python3.8/site-packages/airflow/example_dags/example_task_group_decorator.py took 0.321 seconds
[2022-04-06 04:48:40,605] {processor.py:163} INFO - Started process (PID=963) to work on /home/airflow/.local/lib/python3.8/site-packages/airflow/example_dags/example_task_group_decorator.py
[2022-04-06 04:48:40,607] {processor.py:642} INFO - Processing file /home/airflow/.local/lib/python3.8/site-packages/airflow/example_dags/example_task_group_decorator.py for tasks to queue
[2022-04-06 04:48:40,608] {logging_mixin.py:109} INFO - [2022-04-06 04:48:40,608] {dagbag.py:500} INFO - Filling up the DagBag from /home/airflow/.local/lib/python3.8/site-packages/airflow/example_dags/example_task_group_decorator.py
[2022-04-06 04:48:40,647] {processor.py:654} INFO - DAG(s) dict_keys(['example_task_group_decorator']) retrieved from /home/airflow/.local/lib/python3.8/site-packages/airflow/example_dags/example_task_group_decorator.py
[2022-04-06 04:48:40,825] {logging_mixin.py:109} INFO - [2022-04-06 04:48:40,825] {dag.py:2396} INFO - Sync 1 DAGs
[2022-04-06 04:48:40,842] {logging_mixin.py:109} INFO - [2022-04-06 04:48:40,842] {dag.py:2935} INFO - Setting next_dagrun for example_task_group_decorator to 2022-04-05T04:48:40.842144+00:00
[2022-04-06 04:48:40,855] {processor.py:171} INFO - Processing /home/airflow/.local/lib/python3.8/site-packages/airflow/example_dags/example_task_group_decorator.py took 0.255 seconds
[2022-04-06 04:49:10,987] {processor.py:163} INFO - Started process (PID=1028) to work on /home/airflow/.local/lib/python3.8/site-packages/airflow/example_dags/example_task_group_decorator.py
[2022-04-06 04:49:10,988] {processor.py:642} INFO - Processing file /home/airflow/.local/lib/python3.8/site-packages/airflow/example_dags/example_task_group_decorator.py for tasks to queue
[2022-04-06 04:49:10,988] {logging_mixin.py:109} INFO - [2022-04-06 04:49:10,988] {dagbag.py:500} INFO - Filling up the DagBag from /home/airflow/.local/lib/python3.8/site-packages/airflow/example_dags/example_task_group_decorator.py
[2022-04-06 04:49:11,020] {processor.py:654} INFO - DAG(s) dict_keys(['example_task_group_decorator']) retrieved from /home/airflow/.local/lib/python3.8/site-packages/airflow/example_dags/example_task_group_decorator.py
[2022-04-06 04:49:11,237] {logging_mixin.py:109} INFO - [2022-04-06 04:49:11,237] {dag.py:2396} INFO - Sync 1 DAGs
[2022-04-06 04:49:11,254] {logging_mixin.py:109} INFO - [2022-04-06 04:49:11,254] {dag.py:2935} INFO - Setting next_dagrun for example_task_group_decorator to 2022-04-05T04:49:11.254043+00:00
[2022-04-06 04:49:11,267] {processor.py:171} INFO - Processing /home/airflow/.local/lib/python3.8/site-packages/airflow/example_dags/example_task_group_decorator.py took 0.282 seconds
[2022-04-06 04:49:42,198] {processor.py:163} INFO - Started process (PID=1093) to work on /home/airflow/.local/lib/python3.8/site-packages/airflow/example_dags/example_task_group_decorator.py
[2022-04-06 04:49:42,199] {processor.py:642} INFO - Processing file /home/airflow/.local/lib/python3.8/site-packages/airflow/example_dags/example_task_group_decorator.py for tasks to queue
[2022-04-06 04:49:42,200] {logging_mixin.py:109} INFO - [2022-04-06 04:49:42,200] {dagbag.py:500} INFO - Filling up the DagBag from /home/airflow/.local/lib/python3.8/site-packages/airflow/example_dags/example_task_group_decorator.py
[2022-04-06 04:49:42,235] {processor.py:654} INFO - DAG(s) dict_keys(['example_task_group_decorator']) retrieved from /home/airflow/.local/lib/python3.8/site-packages/airflow/example_dags/example_task_group_decorator.py
[2022-04-06 04:49:42,447] {logging_mixin.py:109} INFO - [2022-04-06 04:49:42,447] {dag.py:2396} INFO - Sync 1 DAGs
[2022-04-06 04:49:42,463] {logging_mixin.py:109} INFO - [2022-04-06 04:49:42,463] {dag.py:2935} INFO - Setting next_dagrun for example_task_group_decorator to 2022-04-05T04:49:42.463019+00:00
[2022-04-06 04:49:42,474] {processor.py:171} INFO - Processing /home/airflow/.local/lib/python3.8/site-packages/airflow/example_dags/example_task_group_decorator.py took 0.278 seconds
[2022-04-06 04:50:12,839] {processor.py:163} INFO - Started process (PID=1152) to work on /home/airflow/.local/lib/python3.8/site-packages/airflow/example_dags/example_task_group_decorator.py
[2022-04-06 04:50:12,842] {processor.py:642} INFO - Processing file /home/airflow/.local/lib/python3.8/site-packages/airflow/example_dags/example_task_group_decorator.py for tasks to queue
[2022-04-06 04:50:12,843] {logging_mixin.py:109} INFO - [2022-04-06 04:50:12,843] {dagbag.py:500} INFO - Filling up the DagBag from /home/airflow/.local/lib/python3.8/site-packages/airflow/example_dags/example_task_group_decorator.py
[2022-04-06 04:50:12,893] {processor.py:654} INFO - DAG(s) dict_keys(['example_task_group_decorator']) retrieved from /home/airflow/.local/lib/python3.8/site-packages/airflow/example_dags/example_task_group_decorator.py
[2022-04-06 04:50:13,104] {logging_mixin.py:109} INFO - [2022-04-06 04:50:13,104] {dag.py:2396} INFO - Sync 1 DAGs
[2022-04-06 04:50:13,117] {logging_mixin.py:109} INFO - [2022-04-06 04:50:13,117] {dag.py:2935} INFO - Setting next_dagrun for example_task_group_decorator to 2022-04-05T04:50:13.117109+00:00
[2022-04-06 04:50:13,128] {processor.py:171} INFO - Processing /home/airflow/.local/lib/python3.8/site-packages/airflow/example_dags/example_task_group_decorator.py took 0.298 seconds
[2022-04-06 04:50:43,919] {processor.py:163} INFO - Started process (PID=1218) to work on /home/airflow/.local/lib/python3.8/site-packages/airflow/example_dags/example_task_group_decorator.py
[2022-04-06 04:50:43,920] {processor.py:642} INFO - Processing file /home/airflow/.local/lib/python3.8/site-packages/airflow/example_dags/example_task_group_decorator.py for tasks to queue
[2022-04-06 04:50:43,921] {logging_mixin.py:109} INFO - [2022-04-06 04:50:43,921] {dagbag.py:500} INFO - Filling up the DagBag from /home/airflow/.local/lib/python3.8/site-packages/airflow/example_dags/example_task_group_decorator.py
[2022-04-06 04:50:43,952] {processor.py:654} INFO - DAG(s) dict_keys(['example_task_group_decorator']) retrieved from /home/airflow/.local/lib/python3.8/site-packages/airflow/example_dags/example_task_group_decorator.py
[2022-04-06 04:50:44,125] {logging_mixin.py:109} INFO - [2022-04-06 04:50:44,125] {dag.py:2396} INFO - Sync 1 DAGs
[2022-04-06 04:50:44,138] {logging_mixin.py:109} INFO - [2022-04-06 04:50:44,138] {dag.py:2935} INFO - Setting next_dagrun for example_task_group_decorator to 2022-04-05T04:50:44.138605+00:00
[2022-04-06 04:50:44,148] {processor.py:171} INFO - Processing /home/airflow/.local/lib/python3.8/site-packages/airflow/example_dags/example_task_group_decorator.py took 0.231 seconds
[2022-04-06 04:52:41,254] {processor.py:163} INFO - Started process (PID=51) to work on /home/airflow/.local/lib/python3.8/site-packages/airflow/example_dags/example_task_group_decorator.py
[2022-04-06 04:52:41,255] {processor.py:642} INFO - Processing file /home/airflow/.local/lib/python3.8/site-packages/airflow/example_dags/example_task_group_decorator.py for tasks to queue
[2022-04-06 04:52:41,255] {logging_mixin.py:109} INFO - [2022-04-06 04:52:41,255] {dagbag.py:500} INFO - Filling up the DagBag from /home/airflow/.local/lib/python3.8/site-packages/airflow/example_dags/example_task_group_decorator.py
[2022-04-06 04:52:41,289] {processor.py:654} INFO - DAG(s) dict_keys(['example_task_group_decorator']) retrieved from /home/airflow/.local/lib/python3.8/site-packages/airflow/example_dags/example_task_group_decorator.py
[2022-04-06 04:52:42,081] {logging_mixin.py:109} INFO - [2022-04-06 04:52:42,081] {dag.py:2396} INFO - Sync 1 DAGs
[2022-04-06 04:52:42,096] {logging_mixin.py:109} INFO - [2022-04-06 04:52:42,096] {dag.py:2935} INFO - Setting next_dagrun for example_task_group_decorator to 2022-04-05T04:52:42.095981+00:00
[2022-04-06 04:52:42,106] {processor.py:171} INFO - Processing /home/airflow/.local/lib/python3.8/site-packages/airflow/example_dags/example_task_group_decorator.py took 0.854 seconds
[2022-04-06 04:53:12,441] {processor.py:163} INFO - Started process (PID=101) to work on /home/airflow/.local/lib/python3.8/site-packages/airflow/example_dags/example_task_group_decorator.py
[2022-04-06 04:53:12,443] {processor.py:642} INFO - Processing file /home/airflow/.local/lib/python3.8/site-packages/airflow/example_dags/example_task_group_decorator.py for tasks to queue
[2022-04-06 04:53:12,445] {logging_mixin.py:109} INFO - [2022-04-06 04:53:12,444] {dagbag.py:500} INFO - Filling up the DagBag from /home/airflow/.local/lib/python3.8/site-packages/airflow/example_dags/example_task_group_decorator.py
[2022-04-06 04:53:12,491] {processor.py:654} INFO - DAG(s) dict_keys(['example_task_group_decorator']) retrieved from /home/airflow/.local/lib/python3.8/site-packages/airflow/example_dags/example_task_group_decorator.py
[2022-04-06 04:53:12,655] {logging_mixin.py:109} INFO - [2022-04-06 04:53:12,655] {dag.py:2396} INFO - Sync 1 DAGs
[2022-04-06 04:53:12,666] {logging_mixin.py:109} INFO - [2022-04-06 04:53:12,666] {dag.py:2935} INFO - Setting next_dagrun for example_task_group_decorator to 2022-04-05T04:53:12.665958+00:00
[2022-04-06 04:53:12,674] {processor.py:171} INFO - Processing /home/airflow/.local/lib/python3.8/site-packages/airflow/example_dags/example_task_group_decorator.py took 0.240 seconds
[2022-04-06 04:53:43,609] {processor.py:163} INFO - Started process (PID=168) to work on /home/airflow/.local/lib/python3.8/site-packages/airflow/example_dags/example_task_group_decorator.py
[2022-04-06 04:53:43,610] {processor.py:642} INFO - Processing file /home/airflow/.local/lib/python3.8/site-packages/airflow/example_dags/example_task_group_decorator.py for tasks to queue
[2022-04-06 04:53:43,611] {logging_mixin.py:109} INFO - [2022-04-06 04:53:43,611] {dagbag.py:500} INFO - Filling up the DagBag from /home/airflow/.local/lib/python3.8/site-packages/airflow/example_dags/example_task_group_decorator.py
[2022-04-06 04:53:43,643] {processor.py:654} INFO - DAG(s) dict_keys(['example_task_group_decorator']) retrieved from /home/airflow/.local/lib/python3.8/site-packages/airflow/example_dags/example_task_group_decorator.py
[2022-04-06 04:53:43,942] {logging_mixin.py:109} INFO - [2022-04-06 04:53:43,942] {dag.py:2396} INFO - Sync 1 DAGs
[2022-04-06 04:53:43,954] {logging_mixin.py:109} INFO - [2022-04-06 04:53:43,954] {dag.py:2935} INFO - Setting next_dagrun for example_task_group_decorator to 2022-04-05T04:53:43.953889+00:00
[2022-04-06 04:53:43,962] {processor.py:171} INFO - Processing /home/airflow/.local/lib/python3.8/site-packages/airflow/example_dags/example_task_group_decorator.py took 0.355 seconds
[2022-04-06 04:54:13,998] {processor.py:163} INFO - Started process (PID=224) to work on /home/airflow/.local/lib/python3.8/site-packages/airflow/example_dags/example_task_group_decorator.py
[2022-04-06 04:54:13,999] {processor.py:642} INFO - Processing file /home/airflow/.local/lib/python3.8/site-packages/airflow/example_dags/example_task_group_decorator.py for tasks to queue
[2022-04-06 04:54:13,999] {logging_mixin.py:109} INFO - [2022-04-06 04:54:13,999] {dagbag.py:500} INFO - Filling up the DagBag from /home/airflow/.local/lib/python3.8/site-packages/airflow/example_dags/example_task_group_decorator.py
[2022-04-06 04:54:14,028] {processor.py:654} INFO - DAG(s) dict_keys(['example_task_group_decorator']) retrieved from /home/airflow/.local/lib/python3.8/site-packages/airflow/example_dags/example_task_group_decorator.py
[2022-04-06 04:54:14,200] {logging_mixin.py:109} INFO - [2022-04-06 04:54:14,200] {dag.py:2396} INFO - Sync 1 DAGs
[2022-04-06 04:54:14,215] {logging_mixin.py:109} INFO - [2022-04-06 04:54:14,215] {dag.py:2935} INFO - Setting next_dagrun for example_task_group_decorator to 2022-04-05T04:54:14.215127+00:00
[2022-04-06 04:54:14,225] {processor.py:171} INFO - Processing /home/airflow/.local/lib/python3.8/site-packages/airflow/example_dags/example_task_group_decorator.py took 0.229 seconds
[2022-04-06 04:54:44,617] {processor.py:163} INFO - Started process (PID=282) to work on /home/airflow/.local/lib/python3.8/site-packages/airflow/example_dags/example_task_group_decorator.py
[2022-04-06 04:54:44,620] {processor.py:642} INFO - Processing file /home/airflow/.local/lib/python3.8/site-packages/airflow/example_dags/example_task_group_decorator.py for tasks to queue
[2022-04-06 04:54:44,621] {logging_mixin.py:109} INFO - [2022-04-06 04:54:44,620] {dagbag.py:500} INFO - Filling up the DagBag from /home/airflow/.local/lib/python3.8/site-packages/airflow/example_dags/example_task_group_decorator.py
[2022-04-06 04:54:44,665] {processor.py:654} INFO - DAG(s) dict_keys(['example_task_group_decorator']) retrieved from /home/airflow/.local/lib/python3.8/site-packages/airflow/example_dags/example_task_group_decorator.py
[2022-04-06 04:54:44,835] {logging_mixin.py:109} INFO - [2022-04-06 04:54:44,835] {dag.py:2396} INFO - Sync 1 DAGs
[2022-04-06 04:54:44,848] {logging_mixin.py:109} INFO - [2022-04-06 04:54:44,848] {dag.py:2935} INFO - Setting next_dagrun for example_task_group_decorator to 2022-04-05T04:54:44.848308+00:00
[2022-04-06 04:54:44,858] {processor.py:171} INFO - Processing /home/airflow/.local/lib/python3.8/site-packages/airflow/example_dags/example_task_group_decorator.py took 0.247 seconds
[2022-04-06 04:55:15,181] {processor.py:163} INFO - Started process (PID=347) to work on /home/airflow/.local/lib/python3.8/site-packages/airflow/example_dags/example_task_group_decorator.py
[2022-04-06 04:55:15,183] {processor.py:642} INFO - Processing file /home/airflow/.local/lib/python3.8/site-packages/airflow/example_dags/example_task_group_decorator.py for tasks to queue
[2022-04-06 04:55:15,185] {logging_mixin.py:109} INFO - [2022-04-06 04:55:15,185] {dagbag.py:500} INFO - Filling up the DagBag from /home/airflow/.local/lib/python3.8/site-packages/airflow/example_dags/example_task_group_decorator.py
[2022-04-06 04:55:15,237] {processor.py:654} INFO - DAG(s) dict_keys(['example_task_group_decorator']) retrieved from /home/airflow/.local/lib/python3.8/site-packages/airflow/example_dags/example_task_group_decorator.py
[2022-04-06 04:55:15,403] {logging_mixin.py:109} INFO - [2022-04-06 04:55:15,403] {dag.py:2396} INFO - Sync 1 DAGs
[2022-04-06 04:55:15,414] {logging_mixin.py:109} INFO - [2022-04-06 04:55:15,414] {dag.py:2935} INFO - Setting next_dagrun for example_task_group_decorator to 2022-04-05T04:55:15.414420+00:00
[2022-04-06 04:55:15,422] {processor.py:171} INFO - Processing /home/airflow/.local/lib/python3.8/site-packages/airflow/example_dags/example_task_group_decorator.py took 0.249 seconds
[2022-04-06 04:55:45,548] {processor.py:163} INFO - Started process (PID=405) to work on /home/airflow/.local/lib/python3.8/site-packages/airflow/example_dags/example_task_group_decorator.py
[2022-04-06 04:55:45,549] {processor.py:642} INFO - Processing file /home/airflow/.local/lib/python3.8/site-packages/airflow/example_dags/example_task_group_decorator.py for tasks to queue
[2022-04-06 04:55:45,550] {logging_mixin.py:109} INFO - [2022-04-06 04:55:45,550] {dagbag.py:500} INFO - Filling up the DagBag from /home/airflow/.local/lib/python3.8/site-packages/airflow/example_dags/example_task_group_decorator.py
[2022-04-06 04:55:45,579] {processor.py:654} INFO - DAG(s) dict_keys(['example_task_group_decorator']) retrieved from /home/airflow/.local/lib/python3.8/site-packages/airflow/example_dags/example_task_group_decorator.py
[2022-04-06 04:55:45,753] {logging_mixin.py:109} INFO - [2022-04-06 04:55:45,753] {dag.py:2396} INFO - Sync 1 DAGs
[2022-04-06 04:55:45,765] {logging_mixin.py:109} INFO - [2022-04-06 04:55:45,765] {dag.py:2935} INFO - Setting next_dagrun for example_task_group_decorator to 2022-04-05T04:55:45.764841+00:00
[2022-04-06 04:55:45,773] {processor.py:171} INFO - Processing /home/airflow/.local/lib/python3.8/site-packages/airflow/example_dags/example_task_group_decorator.py took 0.227 seconds
[2022-04-06 04:56:15,893] {processor.py:163} INFO - Started process (PID=470) to work on /home/airflow/.local/lib/python3.8/site-packages/airflow/example_dags/example_task_group_decorator.py
[2022-04-06 04:56:15,893] {processor.py:642} INFO - Processing file /home/airflow/.local/lib/python3.8/site-packages/airflow/example_dags/example_task_group_decorator.py for tasks to queue
[2022-04-06 04:56:15,894] {logging_mixin.py:109} INFO - [2022-04-06 04:56:15,894] {dagbag.py:500} INFO - Filling up the DagBag from /home/airflow/.local/lib/python3.8/site-packages/airflow/example_dags/example_task_group_decorator.py
[2022-04-06 04:56:15,925] {processor.py:654} INFO - DAG(s) dict_keys(['example_task_group_decorator']) retrieved from /home/airflow/.local/lib/python3.8/site-packages/airflow/example_dags/example_task_group_decorator.py
[2022-04-06 04:56:16,108] {logging_mixin.py:109} INFO - [2022-04-06 04:56:16,108] {dag.py:2396} INFO - Sync 1 DAGs
[2022-04-06 04:56:16,120] {logging_mixin.py:109} INFO - [2022-04-06 04:56:16,120] {dag.py:2935} INFO - Setting next_dagrun for example_task_group_decorator to 2022-04-05T04:56:16.120524+00:00
[2022-04-06 04:56:16,129] {processor.py:171} INFO - Processing /home/airflow/.local/lib/python3.8/site-packages/airflow/example_dags/example_task_group_decorator.py took 0.239 seconds
[2022-04-06 04:56:46,207] {processor.py:163} INFO - Started process (PID=527) to work on /home/airflow/.local/lib/python3.8/site-packages/airflow/example_dags/example_task_group_decorator.py
[2022-04-06 04:56:46,210] {processor.py:642} INFO - Processing file /home/airflow/.local/lib/python3.8/site-packages/airflow/example_dags/example_task_group_decorator.py for tasks to queue
[2022-04-06 04:56:46,211] {logging_mixin.py:109} INFO - [2022-04-06 04:56:46,211] {dagbag.py:500} INFO - Filling up the DagBag from /home/airflow/.local/lib/python3.8/site-packages/airflow/example_dags/example_task_group_decorator.py
[2022-04-06 04:56:46,263] {processor.py:654} INFO - DAG(s) dict_keys(['example_task_group_decorator']) retrieved from /home/airflow/.local/lib/python3.8/site-packages/airflow/example_dags/example_task_group_decorator.py
[2022-04-06 04:56:46,429] {logging_mixin.py:109} INFO - [2022-04-06 04:56:46,429] {dag.py:2396} INFO - Sync 1 DAGs
[2022-04-06 04:56:46,440] {logging_mixin.py:109} INFO - [2022-04-06 04:56:46,440] {dag.py:2935} INFO - Setting next_dagrun for example_task_group_decorator to 2022-04-05T04:56:46.440286+00:00
[2022-04-06 04:56:46,448] {processor.py:171} INFO - Processing /home/airflow/.local/lib/python3.8/site-packages/airflow/example_dags/example_task_group_decorator.py took 0.249 seconds
[2022-04-06 04:57:17,302] {processor.py:163} INFO - Started process (PID=584) to work on /home/airflow/.local/lib/python3.8/site-packages/airflow/example_dags/example_task_group_decorator.py
[2022-04-06 04:57:17,303] {processor.py:642} INFO - Processing file /home/airflow/.local/lib/python3.8/site-packages/airflow/example_dags/example_task_group_decorator.py for tasks to queue
[2022-04-06 04:57:17,303] {logging_mixin.py:109} INFO - [2022-04-06 04:57:17,303] {dagbag.py:500} INFO - Filling up the DagBag from /home/airflow/.local/lib/python3.8/site-packages/airflow/example_dags/example_task_group_decorator.py
[2022-04-06 04:57:17,340] {processor.py:654} INFO - DAG(s) dict_keys(['example_task_group_decorator']) retrieved from /home/airflow/.local/lib/python3.8/site-packages/airflow/example_dags/example_task_group_decorator.py
[2022-04-06 04:57:17,508] {logging_mixin.py:109} INFO - [2022-04-06 04:57:17,508] {dag.py:2396} INFO - Sync 1 DAGs
[2022-04-06 04:57:17,518] {logging_mixin.py:109} INFO - [2022-04-06 04:57:17,518] {dag.py:2935} INFO - Setting next_dagrun for example_task_group_decorator to 2022-04-05T04:57:17.518405+00:00
[2022-04-06 04:57:17,527] {processor.py:171} INFO - Processing /home/airflow/.local/lib/python3.8/site-packages/airflow/example_dags/example_task_group_decorator.py took 0.228 seconds
[2022-04-06 05:02:30,119] {processor.py:163} INFO - Started process (PID=51) to work on /home/airflow/.local/lib/python3.8/site-packages/airflow/example_dags/example_task_group_decorator.py
[2022-04-06 05:02:30,121] {processor.py:642} INFO - Processing file /home/airflow/.local/lib/python3.8/site-packages/airflow/example_dags/example_task_group_decorator.py for tasks to queue
[2022-04-06 05:02:30,121] {logging_mixin.py:109} INFO - [2022-04-06 05:02:30,121] {dagbag.py:500} INFO - Filling up the DagBag from /home/airflow/.local/lib/python3.8/site-packages/airflow/example_dags/example_task_group_decorator.py
[2022-04-06 05:02:30,164] {processor.py:654} INFO - DAG(s) dict_keys(['example_task_group_decorator']) retrieved from /home/airflow/.local/lib/python3.8/site-packages/airflow/example_dags/example_task_group_decorator.py
[2022-04-06 05:02:30,849] {logging_mixin.py:109} INFO - [2022-04-06 05:02:30,849] {dag.py:2396} INFO - Sync 1 DAGs
[2022-04-06 05:02:30,861] {logging_mixin.py:109} INFO - [2022-04-06 05:02:30,861] {dag.py:2935} INFO - Setting next_dagrun for example_task_group_decorator to 2022-04-05T05:02:30.861305+00:00
[2022-04-06 05:02:30,870] {processor.py:171} INFO - Processing /home/airflow/.local/lib/python3.8/site-packages/airflow/example_dags/example_task_group_decorator.py took 0.753 seconds
[2022-04-06 05:03:01,808] {processor.py:163} INFO - Started process (PID=101) to work on /home/airflow/.local/lib/python3.8/site-packages/airflow/example_dags/example_task_group_decorator.py
[2022-04-06 05:03:01,810] {processor.py:642} INFO - Processing file /home/airflow/.local/lib/python3.8/site-packages/airflow/example_dags/example_task_group_decorator.py for tasks to queue
[2022-04-06 05:03:01,812] {logging_mixin.py:109} INFO - [2022-04-06 05:03:01,812] {dagbag.py:500} INFO - Filling up the DagBag from /home/airflow/.local/lib/python3.8/site-packages/airflow/example_dags/example_task_group_decorator.py
[2022-04-06 05:03:01,855] {processor.py:654} INFO - DAG(s) dict_keys(['example_task_group_decorator']) retrieved from /home/airflow/.local/lib/python3.8/site-packages/airflow/example_dags/example_task_group_decorator.py
[2022-04-06 05:03:02,039] {logging_mixin.py:109} INFO - [2022-04-06 05:03:02,039] {dag.py:2396} INFO - Sync 1 DAGs
[2022-04-06 05:03:02,058] {logging_mixin.py:109} INFO - [2022-04-06 05:03:02,058] {dag.py:2935} INFO - Setting next_dagrun for example_task_group_decorator to 2022-04-05T05:03:02.058527+00:00
[2022-04-06 05:03:02,073] {processor.py:171} INFO - Processing /home/airflow/.local/lib/python3.8/site-packages/airflow/example_dags/example_task_group_decorator.py took 0.273 seconds
[2022-04-06 05:03:33,018] {processor.py:163} INFO - Started process (PID=167) to work on /home/airflow/.local/lib/python3.8/site-packages/airflow/example_dags/example_task_group_decorator.py
[2022-04-06 05:03:33,019] {processor.py:642} INFO - Processing file /home/airflow/.local/lib/python3.8/site-packages/airflow/example_dags/example_task_group_decorator.py for tasks to queue
[2022-04-06 05:03:33,019] {logging_mixin.py:109} INFO - [2022-04-06 05:03:33,019] {dagbag.py:500} INFO - Filling up the DagBag from /home/airflow/.local/lib/python3.8/site-packages/airflow/example_dags/example_task_group_decorator.py
[2022-04-06 05:03:33,062] {processor.py:654} INFO - DAG(s) dict_keys(['example_task_group_decorator']) retrieved from /home/airflow/.local/lib/python3.8/site-packages/airflow/example_dags/example_task_group_decorator.py
[2022-04-06 05:03:33,246] {logging_mixin.py:109} INFO - [2022-04-06 05:03:33,246] {dag.py:2396} INFO - Sync 1 DAGs
[2022-04-06 05:03:33,265] {logging_mixin.py:109} INFO - [2022-04-06 05:03:33,265] {dag.py:2935} INFO - Setting next_dagrun for example_task_group_decorator to 2022-04-05T05:03:33.265175+00:00
[2022-04-06 05:03:33,288] {processor.py:171} INFO - Processing /home/airflow/.local/lib/python3.8/site-packages/airflow/example_dags/example_task_group_decorator.py took 0.273 seconds
