[2022-04-06 04:43:26,093] {processor.py:163} INFO - Started process (PID=315) to work on /home/airflow/.local/lib/python3.8/site-packages/airflow/example_dags/example_dag_decorator.py
[2022-04-06 04:43:26,094] {processor.py:642} INFO - Processing file /home/airflow/.local/lib/python3.8/site-packages/airflow/example_dags/example_dag_decorator.py for tasks to queue
[2022-04-06 04:43:26,095] {logging_mixin.py:109} INFO - [2022-04-06 04:43:26,095] {dagbag.py:500} INFO - Filling up the DagBag from /home/airflow/.local/lib/python3.8/site-packages/airflow/example_dags/example_dag_decorator.py
[2022-04-06 04:43:26,150] {processor.py:654} INFO - DAG(s) dict_keys(['example_dag_decorator']) retrieved from /home/airflow/.local/lib/python3.8/site-packages/airflow/example_dags/example_dag_decorator.py
[2022-04-06 04:43:28,114] {logging_mixin.py:109} INFO - [2022-04-06 04:43:28,114] {manager.py:496} INFO - Created Permission View: can read on DAG:example_dag_decorator
[2022-04-06 04:43:28,121] {logging_mixin.py:109} INFO - [2022-04-06 04:43:28,121] {manager.py:496} INFO - Created Permission View: can edit on DAG:example_dag_decorator
[2022-04-06 04:43:28,121] {logging_mixin.py:109} INFO - [2022-04-06 04:43:28,121] {dag.py:2396} INFO - Sync 1 DAGs
[2022-04-06 04:43:28,126] {logging_mixin.py:109} INFO - [2022-04-06 04:43:28,126] {dag.py:2415} INFO - Creating ORM DAG for example_dag_decorator
[2022-04-06 04:43:28,134] {logging_mixin.py:109} INFO - [2022-04-06 04:43:28,134] {dag.py:2935} INFO - Setting next_dagrun for example_dag_decorator to None
[2022-04-06 04:43:28,143] {processor.py:171} INFO - Processing /home/airflow/.local/lib/python3.8/site-packages/airflow/example_dags/example_dag_decorator.py took 2.052 seconds
[2022-04-06 04:43:58,572] {processor.py:163} INFO - Started process (PID=399) to work on /home/airflow/.local/lib/python3.8/site-packages/airflow/example_dags/example_dag_decorator.py
[2022-04-06 04:43:58,573] {processor.py:642} INFO - Processing file /home/airflow/.local/lib/python3.8/site-packages/airflow/example_dags/example_dag_decorator.py for tasks to queue
[2022-04-06 04:43:58,574] {logging_mixin.py:109} INFO - [2022-04-06 04:43:58,574] {dagbag.py:500} INFO - Filling up the DagBag from /home/airflow/.local/lib/python3.8/site-packages/airflow/example_dags/example_dag_decorator.py
[2022-04-06 04:43:58,606] {processor.py:654} INFO - DAG(s) dict_keys(['example_dag_decorator']) retrieved from /home/airflow/.local/lib/python3.8/site-packages/airflow/example_dags/example_dag_decorator.py
[2022-04-06 04:43:58,805] {logging_mixin.py:109} INFO - [2022-04-06 04:43:58,805] {dag.py:2396} INFO - Sync 1 DAGs
[2022-04-06 04:43:58,820] {logging_mixin.py:109} INFO - [2022-04-06 04:43:58,820] {dag.py:2935} INFO - Setting next_dagrun for example_dag_decorator to None
[2022-04-06 04:43:58,829] {processor.py:171} INFO - Processing /home/airflow/.local/lib/python3.8/site-packages/airflow/example_dags/example_dag_decorator.py took 0.259 seconds
[2022-04-06 04:44:28,968] {processor.py:163} INFO - Started process (PID=459) to work on /home/airflow/.local/lib/python3.8/site-packages/airflow/example_dags/example_dag_decorator.py
[2022-04-06 04:44:28,969] {processor.py:642} INFO - Processing file /home/airflow/.local/lib/python3.8/site-packages/airflow/example_dags/example_dag_decorator.py for tasks to queue
[2022-04-06 04:44:28,970] {logging_mixin.py:109} INFO - [2022-04-06 04:44:28,970] {dagbag.py:500} INFO - Filling up the DagBag from /home/airflow/.local/lib/python3.8/site-packages/airflow/example_dags/example_dag_decorator.py
[2022-04-06 04:44:29,000] {processor.py:654} INFO - DAG(s) dict_keys(['example_dag_decorator']) retrieved from /home/airflow/.local/lib/python3.8/site-packages/airflow/example_dags/example_dag_decorator.py
[2022-04-06 04:44:29,161] {logging_mixin.py:109} INFO - [2022-04-06 04:44:29,161] {dag.py:2396} INFO - Sync 1 DAGs
[2022-04-06 04:44:29,174] {logging_mixin.py:109} INFO - [2022-04-06 04:44:29,174] {dag.py:2935} INFO - Setting next_dagrun for example_dag_decorator to None
[2022-04-06 04:44:29,181] {processor.py:171} INFO - Processing /home/airflow/.local/lib/python3.8/site-packages/airflow/example_dags/example_dag_decorator.py took 0.215 seconds
[2022-04-06 04:45:00,159] {processor.py:163} INFO - Started process (PID=525) to work on /home/airflow/.local/lib/python3.8/site-packages/airflow/example_dags/example_dag_decorator.py
[2022-04-06 04:45:00,160] {processor.py:642} INFO - Processing file /home/airflow/.local/lib/python3.8/site-packages/airflow/example_dags/example_dag_decorator.py for tasks to queue
[2022-04-06 04:45:00,160] {logging_mixin.py:109} INFO - [2022-04-06 04:45:00,160] {dagbag.py:500} INFO - Filling up the DagBag from /home/airflow/.local/lib/python3.8/site-packages/airflow/example_dags/example_dag_decorator.py
[2022-04-06 04:45:00,189] {processor.py:654} INFO - DAG(s) dict_keys(['example_dag_decorator']) retrieved from /home/airflow/.local/lib/python3.8/site-packages/airflow/example_dags/example_dag_decorator.py
[2022-04-06 04:45:00,346] {logging_mixin.py:109} INFO - [2022-04-06 04:45:00,346] {dag.py:2396} INFO - Sync 1 DAGs
[2022-04-06 04:45:00,356] {logging_mixin.py:109} INFO - [2022-04-06 04:45:00,356] {dag.py:2935} INFO - Setting next_dagrun for example_dag_decorator to None
[2022-04-06 04:45:00,363] {processor.py:171} INFO - Processing /home/airflow/.local/lib/python3.8/site-packages/airflow/example_dags/example_dag_decorator.py took 0.206 seconds
[2022-04-06 04:45:31,308] {processor.py:163} INFO - Started process (PID=583) to work on /home/airflow/.local/lib/python3.8/site-packages/airflow/example_dags/example_dag_decorator.py
[2022-04-06 04:45:31,310] {processor.py:642} INFO - Processing file /home/airflow/.local/lib/python3.8/site-packages/airflow/example_dags/example_dag_decorator.py for tasks to queue
[2022-04-06 04:45:31,311] {logging_mixin.py:109} INFO - [2022-04-06 04:45:31,311] {dagbag.py:500} INFO - Filling up the DagBag from /home/airflow/.local/lib/python3.8/site-packages/airflow/example_dags/example_dag_decorator.py
[2022-04-06 04:45:31,357] {processor.py:654} INFO - DAG(s) dict_keys(['example_dag_decorator']) retrieved from /home/airflow/.local/lib/python3.8/site-packages/airflow/example_dags/example_dag_decorator.py
[2022-04-06 04:45:31,669] {logging_mixin.py:109} INFO - [2022-04-06 04:45:31,669] {dag.py:2396} INFO - Sync 1 DAGs
[2022-04-06 04:45:31,684] {logging_mixin.py:109} INFO - [2022-04-06 04:45:31,684] {dag.py:2935} INFO - Setting next_dagrun for example_dag_decorator to None
[2022-04-06 04:45:31,695] {processor.py:171} INFO - Processing /home/airflow/.local/lib/python3.8/site-packages/airflow/example_dags/example_dag_decorator.py took 0.389 seconds
[2022-04-06 04:46:02,490] {processor.py:163} INFO - Started process (PID=650) to work on /home/airflow/.local/lib/python3.8/site-packages/airflow/example_dags/example_dag_decorator.py
[2022-04-06 04:46:02,490] {processor.py:642} INFO - Processing file /home/airflow/.local/lib/python3.8/site-packages/airflow/example_dags/example_dag_decorator.py for tasks to queue
[2022-04-06 04:46:02,491] {logging_mixin.py:109} INFO - [2022-04-06 04:46:02,491] {dagbag.py:500} INFO - Filling up the DagBag from /home/airflow/.local/lib/python3.8/site-packages/airflow/example_dags/example_dag_decorator.py
[2022-04-06 04:46:02,522] {processor.py:654} INFO - DAG(s) dict_keys(['example_dag_decorator']) retrieved from /home/airflow/.local/lib/python3.8/site-packages/airflow/example_dags/example_dag_decorator.py
[2022-04-06 04:46:02,686] {logging_mixin.py:109} INFO - [2022-04-06 04:46:02,686] {dag.py:2396} INFO - Sync 1 DAGs
[2022-04-06 04:46:02,695] {logging_mixin.py:109} INFO - [2022-04-06 04:46:02,695] {dag.py:2935} INFO - Setting next_dagrun for example_dag_decorator to None
[2022-04-06 04:46:02,702] {processor.py:171} INFO - Processing /home/airflow/.local/lib/python3.8/site-packages/airflow/example_dags/example_dag_decorator.py took 0.215 seconds
[2022-04-06 04:46:33,121] {processor.py:163} INFO - Started process (PID=707) to work on /home/airflow/.local/lib/python3.8/site-packages/airflow/example_dags/example_dag_decorator.py
[2022-04-06 04:46:33,122] {processor.py:642} INFO - Processing file /home/airflow/.local/lib/python3.8/site-packages/airflow/example_dags/example_dag_decorator.py for tasks to queue
[2022-04-06 04:46:33,123] {logging_mixin.py:109} INFO - [2022-04-06 04:46:33,123] {dagbag.py:500} INFO - Filling up the DagBag from /home/airflow/.local/lib/python3.8/site-packages/airflow/example_dags/example_dag_decorator.py
[2022-04-06 04:46:33,153] {processor.py:654} INFO - DAG(s) dict_keys(['example_dag_decorator']) retrieved from /home/airflow/.local/lib/python3.8/site-packages/airflow/example_dags/example_dag_decorator.py
[2022-04-06 04:46:33,316] {logging_mixin.py:109} INFO - [2022-04-06 04:46:33,316] {dag.py:2396} INFO - Sync 1 DAGs
[2022-04-06 04:46:33,326] {logging_mixin.py:109} INFO - [2022-04-06 04:46:33,326] {dag.py:2935} INFO - Setting next_dagrun for example_dag_decorator to None
[2022-04-06 04:46:33,333] {processor.py:171} INFO - Processing /home/airflow/.local/lib/python3.8/site-packages/airflow/example_dags/example_dag_decorator.py took 0.215 seconds
[2022-04-06 04:47:03,360] {processor.py:163} INFO - Started process (PID=764) to work on /home/airflow/.local/lib/python3.8/site-packages/airflow/example_dags/example_dag_decorator.py
[2022-04-06 04:47:03,360] {processor.py:642} INFO - Processing file /home/airflow/.local/lib/python3.8/site-packages/airflow/example_dags/example_dag_decorator.py for tasks to queue
[2022-04-06 04:47:03,361] {logging_mixin.py:109} INFO - [2022-04-06 04:47:03,361] {dagbag.py:500} INFO - Filling up the DagBag from /home/airflow/.local/lib/python3.8/site-packages/airflow/example_dags/example_dag_decorator.py
[2022-04-06 04:47:03,392] {processor.py:654} INFO - DAG(s) dict_keys(['example_dag_decorator']) retrieved from /home/airflow/.local/lib/python3.8/site-packages/airflow/example_dags/example_dag_decorator.py
[2022-04-06 04:47:03,575] {logging_mixin.py:109} INFO - [2022-04-06 04:47:03,575] {dag.py:2396} INFO - Sync 1 DAGs
[2022-04-06 04:47:03,585] {logging_mixin.py:109} INFO - [2022-04-06 04:47:03,585] {dag.py:2935} INFO - Setting next_dagrun for example_dag_decorator to None
[2022-04-06 04:47:03,593] {processor.py:171} INFO - Processing /home/airflow/.local/lib/python3.8/site-packages/airflow/example_dags/example_dag_decorator.py took 0.236 seconds
[2022-04-06 04:47:33,630] {processor.py:163} INFO - Started process (PID=831) to work on /home/airflow/.local/lib/python3.8/site-packages/airflow/example_dags/example_dag_decorator.py
[2022-04-06 04:47:33,631] {processor.py:642} INFO - Processing file /home/airflow/.local/lib/python3.8/site-packages/airflow/example_dags/example_dag_decorator.py for tasks to queue
[2022-04-06 04:47:33,632] {logging_mixin.py:109} INFO - [2022-04-06 04:47:33,632] {dagbag.py:500} INFO - Filling up the DagBag from /home/airflow/.local/lib/python3.8/site-packages/airflow/example_dags/example_dag_decorator.py
[2022-04-06 04:47:33,665] {processor.py:654} INFO - DAG(s) dict_keys(['example_dag_decorator']) retrieved from /home/airflow/.local/lib/python3.8/site-packages/airflow/example_dags/example_dag_decorator.py
[2022-04-06 04:47:33,869] {logging_mixin.py:109} INFO - [2022-04-06 04:47:33,869] {dag.py:2396} INFO - Sync 1 DAGs
[2022-04-06 04:47:33,882] {logging_mixin.py:109} INFO - [2022-04-06 04:47:33,882] {dag.py:2935} INFO - Setting next_dagrun for example_dag_decorator to None
[2022-04-06 04:47:33,891] {processor.py:171} INFO - Processing /home/airflow/.local/lib/python3.8/site-packages/airflow/example_dags/example_dag_decorator.py took 0.264 seconds
[2022-04-06 04:48:04,845] {processor.py:163} INFO - Started process (PID=890) to work on /home/airflow/.local/lib/python3.8/site-packages/airflow/example_dags/example_dag_decorator.py
[2022-04-06 04:48:04,846] {processor.py:642} INFO - Processing file /home/airflow/.local/lib/python3.8/site-packages/airflow/example_dags/example_dag_decorator.py for tasks to queue
[2022-04-06 04:48:04,848] {logging_mixin.py:109} INFO - [2022-04-06 04:48:04,847] {dagbag.py:500} INFO - Filling up the DagBag from /home/airflow/.local/lib/python3.8/site-packages/airflow/example_dags/example_dag_decorator.py
[2022-04-06 04:48:04,891] {processor.py:654} INFO - DAG(s) dict_keys(['example_dag_decorator']) retrieved from /home/airflow/.local/lib/python3.8/site-packages/airflow/example_dags/example_dag_decorator.py
[2022-04-06 04:48:05,082] {logging_mixin.py:109} INFO - [2022-04-06 04:48:05,081] {dag.py:2396} INFO - Sync 1 DAGs
[2022-04-06 04:48:05,091] {logging_mixin.py:109} INFO - [2022-04-06 04:48:05,091] {dag.py:2935} INFO - Setting next_dagrun for example_dag_decorator to None
[2022-04-06 04:48:05,099] {processor.py:171} INFO - Processing /home/airflow/.local/lib/python3.8/site-packages/airflow/example_dags/example_dag_decorator.py took 0.260 seconds
[2022-04-06 04:48:35,416] {processor.py:163} INFO - Started process (PID=958) to work on /home/airflow/.local/lib/python3.8/site-packages/airflow/example_dags/example_dag_decorator.py
[2022-04-06 04:48:35,416] {processor.py:642} INFO - Processing file /home/airflow/.local/lib/python3.8/site-packages/airflow/example_dags/example_dag_decorator.py for tasks to queue
[2022-04-06 04:48:35,417] {logging_mixin.py:109} INFO - [2022-04-06 04:48:35,417] {dagbag.py:500} INFO - Filling up the DagBag from /home/airflow/.local/lib/python3.8/site-packages/airflow/example_dags/example_dag_decorator.py
[2022-04-06 04:48:35,442] {processor.py:654} INFO - DAG(s) dict_keys(['example_dag_decorator']) retrieved from /home/airflow/.local/lib/python3.8/site-packages/airflow/example_dags/example_dag_decorator.py
[2022-04-06 04:48:35,699] {logging_mixin.py:109} INFO - [2022-04-06 04:48:35,699] {dag.py:2396} INFO - Sync 1 DAGs
[2022-04-06 04:48:35,713] {logging_mixin.py:109} INFO - [2022-04-06 04:48:35,713] {dag.py:2935} INFO - Setting next_dagrun for example_dag_decorator to None
[2022-04-06 04:48:35,724] {processor.py:171} INFO - Processing /home/airflow/.local/lib/python3.8/site-packages/airflow/example_dags/example_dag_decorator.py took 0.310 seconds
[2022-04-06 04:49:05,948] {processor.py:163} INFO - Started process (PID=1024) to work on /home/airflow/.local/lib/python3.8/site-packages/airflow/example_dags/example_dag_decorator.py
[2022-04-06 04:49:05,950] {processor.py:642} INFO - Processing file /home/airflow/.local/lib/python3.8/site-packages/airflow/example_dags/example_dag_decorator.py for tasks to queue
[2022-04-06 04:49:05,952] {logging_mixin.py:109} INFO - [2022-04-06 04:49:05,952] {dagbag.py:500} INFO - Filling up the DagBag from /home/airflow/.local/lib/python3.8/site-packages/airflow/example_dags/example_dag_decorator.py
[2022-04-06 04:49:06,007] {processor.py:654} INFO - DAG(s) dict_keys(['example_dag_decorator']) retrieved from /home/airflow/.local/lib/python3.8/site-packages/airflow/example_dags/example_dag_decorator.py
[2022-04-06 04:49:06,167] {logging_mixin.py:109} INFO - [2022-04-06 04:49:06,167] {dag.py:2396} INFO - Sync 1 DAGs
[2022-04-06 04:49:06,178] {logging_mixin.py:109} INFO - [2022-04-06 04:49:06,178] {dag.py:2935} INFO - Setting next_dagrun for example_dag_decorator to None
[2022-04-06 04:49:06,185] {processor.py:171} INFO - Processing /home/airflow/.local/lib/python3.8/site-packages/airflow/example_dags/example_dag_decorator.py took 0.244 seconds
[2022-04-06 04:49:37,112] {processor.py:163} INFO - Started process (PID=1088) to work on /home/airflow/.local/lib/python3.8/site-packages/airflow/example_dags/example_dag_decorator.py
[2022-04-06 04:49:37,113] {processor.py:642} INFO - Processing file /home/airflow/.local/lib/python3.8/site-packages/airflow/example_dags/example_dag_decorator.py for tasks to queue
[2022-04-06 04:49:37,114] {logging_mixin.py:109} INFO - [2022-04-06 04:49:37,114] {dagbag.py:500} INFO - Filling up the DagBag from /home/airflow/.local/lib/python3.8/site-packages/airflow/example_dags/example_dag_decorator.py
[2022-04-06 04:49:37,148] {processor.py:654} INFO - DAG(s) dict_keys(['example_dag_decorator']) retrieved from /home/airflow/.local/lib/python3.8/site-packages/airflow/example_dags/example_dag_decorator.py
[2022-04-06 04:49:37,416] {logging_mixin.py:109} INFO - [2022-04-06 04:49:37,416] {dag.py:2396} INFO - Sync 1 DAGs
[2022-04-06 04:49:37,430] {logging_mixin.py:109} INFO - [2022-04-06 04:49:37,430] {dag.py:2935} INFO - Setting next_dagrun for example_dag_decorator to None
[2022-04-06 04:49:37,445] {processor.py:171} INFO - Processing /home/airflow/.local/lib/python3.8/site-packages/airflow/example_dags/example_dag_decorator.py took 0.335 seconds
[2022-04-06 04:50:07,700] {processor.py:163} INFO - Started process (PID=1148) to work on /home/airflow/.local/lib/python3.8/site-packages/airflow/example_dags/example_dag_decorator.py
[2022-04-06 04:50:07,701] {processor.py:642} INFO - Processing file /home/airflow/.local/lib/python3.8/site-packages/airflow/example_dags/example_dag_decorator.py for tasks to queue
[2022-04-06 04:50:07,702] {logging_mixin.py:109} INFO - [2022-04-06 04:50:07,702] {dagbag.py:500} INFO - Filling up the DagBag from /home/airflow/.local/lib/python3.8/site-packages/airflow/example_dags/example_dag_decorator.py
[2022-04-06 04:50:07,742] {processor.py:654} INFO - DAG(s) dict_keys(['example_dag_decorator']) retrieved from /home/airflow/.local/lib/python3.8/site-packages/airflow/example_dags/example_dag_decorator.py
[2022-04-06 04:50:07,918] {logging_mixin.py:109} INFO - [2022-04-06 04:50:07,918] {dag.py:2396} INFO - Sync 1 DAGs
[2022-04-06 04:50:07,928] {logging_mixin.py:109} INFO - [2022-04-06 04:50:07,928] {dag.py:2935} INFO - Setting next_dagrun for example_dag_decorator to None
[2022-04-06 04:50:07,935] {processor.py:171} INFO - Processing /home/airflow/.local/lib/python3.8/site-packages/airflow/example_dags/example_dag_decorator.py took 0.238 seconds
[2022-04-06 04:50:38,894] {processor.py:163} INFO - Started process (PID=1208) to work on /home/airflow/.local/lib/python3.8/site-packages/airflow/example_dags/example_dag_decorator.py
[2022-04-06 04:50:38,895] {processor.py:642} INFO - Processing file /home/airflow/.local/lib/python3.8/site-packages/airflow/example_dags/example_dag_decorator.py for tasks to queue
[2022-04-06 04:50:38,896] {logging_mixin.py:109} INFO - [2022-04-06 04:50:38,896] {dagbag.py:500} INFO - Filling up the DagBag from /home/airflow/.local/lib/python3.8/site-packages/airflow/example_dags/example_dag_decorator.py
[2022-04-06 04:50:38,931] {processor.py:654} INFO - DAG(s) dict_keys(['example_dag_decorator']) retrieved from /home/airflow/.local/lib/python3.8/site-packages/airflow/example_dags/example_dag_decorator.py
[2022-04-06 04:50:39,111] {logging_mixin.py:109} INFO - [2022-04-06 04:50:39,111] {dag.py:2396} INFO - Sync 1 DAGs
[2022-04-06 04:50:39,121] {logging_mixin.py:109} INFO - [2022-04-06 04:50:39,121] {dag.py:2935} INFO - Setting next_dagrun for example_dag_decorator to None
[2022-04-06 04:50:39,128] {processor.py:171} INFO - Processing /home/airflow/.local/lib/python3.8/site-packages/airflow/example_dags/example_dag_decorator.py took 0.237 seconds
[2022-04-06 04:52:43,909] {processor.py:163} INFO - Started process (PID=73) to work on /home/airflow/.local/lib/python3.8/site-packages/airflow/example_dags/example_dag_decorator.py
[2022-04-06 04:52:43,910] {processor.py:642} INFO - Processing file /home/airflow/.local/lib/python3.8/site-packages/airflow/example_dags/example_dag_decorator.py for tasks to queue
[2022-04-06 04:52:43,911] {logging_mixin.py:109} INFO - [2022-04-06 04:52:43,911] {dagbag.py:500} INFO - Filling up the DagBag from /home/airflow/.local/lib/python3.8/site-packages/airflow/example_dags/example_dag_decorator.py
[2022-04-06 04:52:43,957] {processor.py:654} INFO - DAG(s) dict_keys(['example_dag_decorator']) retrieved from /home/airflow/.local/lib/python3.8/site-packages/airflow/example_dags/example_dag_decorator.py
[2022-04-06 04:52:44,188] {logging_mixin.py:109} INFO - [2022-04-06 04:52:44,188] {dag.py:2396} INFO - Sync 1 DAGs
[2022-04-06 04:52:44,203] {logging_mixin.py:109} INFO - [2022-04-06 04:52:44,203] {dag.py:2935} INFO - Setting next_dagrun for example_dag_decorator to None
[2022-04-06 04:52:44,216] {processor.py:171} INFO - Processing /home/airflow/.local/lib/python3.8/site-packages/airflow/example_dags/example_dag_decorator.py took 0.310 seconds
[2022-04-06 04:53:14,246] {processor.py:163} INFO - Started process (PID=134) to work on /home/airflow/.local/lib/python3.8/site-packages/airflow/example_dags/example_dag_decorator.py
[2022-04-06 04:53:14,247] {processor.py:642} INFO - Processing file /home/airflow/.local/lib/python3.8/site-packages/airflow/example_dags/example_dag_decorator.py for tasks to queue
[2022-04-06 04:53:14,248] {logging_mixin.py:109} INFO - [2022-04-06 04:53:14,248] {dagbag.py:500} INFO - Filling up the DagBag from /home/airflow/.local/lib/python3.8/site-packages/airflow/example_dags/example_dag_decorator.py
[2022-04-06 04:53:14,279] {processor.py:654} INFO - DAG(s) dict_keys(['example_dag_decorator']) retrieved from /home/airflow/.local/lib/python3.8/site-packages/airflow/example_dags/example_dag_decorator.py
[2022-04-06 04:53:14,477] {logging_mixin.py:109} INFO - [2022-04-06 04:53:14,477] {dag.py:2396} INFO - Sync 1 DAGs
[2022-04-06 04:53:14,492] {logging_mixin.py:109} INFO - [2022-04-06 04:53:14,492] {dag.py:2935} INFO - Setting next_dagrun for example_dag_decorator to None
[2022-04-06 04:53:14,502] {processor.py:171} INFO - Processing /home/airflow/.local/lib/python3.8/site-packages/airflow/example_dags/example_dag_decorator.py took 0.258 seconds
[2022-04-06 04:53:45,546] {processor.py:163} INFO - Started process (PID=198) to work on /home/airflow/.local/lib/python3.8/site-packages/airflow/example_dags/example_dag_decorator.py
[2022-04-06 04:53:45,547] {processor.py:642} INFO - Processing file /home/airflow/.local/lib/python3.8/site-packages/airflow/example_dags/example_dag_decorator.py for tasks to queue
[2022-04-06 04:53:45,548] {logging_mixin.py:109} INFO - [2022-04-06 04:53:45,547] {dagbag.py:500} INFO - Filling up the DagBag from /home/airflow/.local/lib/python3.8/site-packages/airflow/example_dags/example_dag_decorator.py
[2022-04-06 04:53:45,591] {processor.py:654} INFO - DAG(s) dict_keys(['example_dag_decorator']) retrieved from /home/airflow/.local/lib/python3.8/site-packages/airflow/example_dags/example_dag_decorator.py
[2022-04-06 04:53:45,791] {logging_mixin.py:109} INFO - [2022-04-06 04:53:45,791] {dag.py:2396} INFO - Sync 1 DAGs
[2022-04-06 04:53:45,805] {logging_mixin.py:109} INFO - [2022-04-06 04:53:45,805] {dag.py:2935} INFO - Setting next_dagrun for example_dag_decorator to None
[2022-04-06 04:53:45,814] {processor.py:171} INFO - Processing /home/airflow/.local/lib/python3.8/site-packages/airflow/example_dags/example_dag_decorator.py took 0.272 seconds
[2022-04-06 04:54:16,134] {processor.py:163} INFO - Started process (PID=257) to work on /home/airflow/.local/lib/python3.8/site-packages/airflow/example_dags/example_dag_decorator.py
[2022-04-06 04:54:16,135] {processor.py:642} INFO - Processing file /home/airflow/.local/lib/python3.8/site-packages/airflow/example_dags/example_dag_decorator.py for tasks to queue
[2022-04-06 04:54:16,136] {logging_mixin.py:109} INFO - [2022-04-06 04:54:16,136] {dagbag.py:500} INFO - Filling up the DagBag from /home/airflow/.local/lib/python3.8/site-packages/airflow/example_dags/example_dag_decorator.py
[2022-04-06 04:54:16,169] {processor.py:654} INFO - DAG(s) dict_keys(['example_dag_decorator']) retrieved from /home/airflow/.local/lib/python3.8/site-packages/airflow/example_dags/example_dag_decorator.py
[2022-04-06 04:54:16,335] {logging_mixin.py:109} INFO - [2022-04-06 04:54:16,335] {dag.py:2396} INFO - Sync 1 DAGs
[2022-04-06 04:54:16,346] {logging_mixin.py:109} INFO - [2022-04-06 04:54:16,346] {dag.py:2935} INFO - Setting next_dagrun for example_dag_decorator to None
[2022-04-06 04:54:16,353] {processor.py:171} INFO - Processing /home/airflow/.local/lib/python3.8/site-packages/airflow/example_dags/example_dag_decorator.py took 0.221 seconds
[2022-04-06 04:54:47,483] {processor.py:163} INFO - Started process (PID=322) to work on /home/airflow/.local/lib/python3.8/site-packages/airflow/example_dags/example_dag_decorator.py
[2022-04-06 04:54:47,484] {processor.py:642} INFO - Processing file /home/airflow/.local/lib/python3.8/site-packages/airflow/example_dags/example_dag_decorator.py for tasks to queue
[2022-04-06 04:54:47,485] {logging_mixin.py:109} INFO - [2022-04-06 04:54:47,485] {dagbag.py:500} INFO - Filling up the DagBag from /home/airflow/.local/lib/python3.8/site-packages/airflow/example_dags/example_dag_decorator.py
[2022-04-06 04:54:47,526] {processor.py:654} INFO - DAG(s) dict_keys(['example_dag_decorator']) retrieved from /home/airflow/.local/lib/python3.8/site-packages/airflow/example_dags/example_dag_decorator.py
[2022-04-06 04:54:47,781] {logging_mixin.py:109} INFO - [2022-04-06 04:54:47,781] {dag.py:2396} INFO - Sync 1 DAGs
[2022-04-06 04:54:47,799] {logging_mixin.py:109} INFO - [2022-04-06 04:54:47,799] {dag.py:2935} INFO - Setting next_dagrun for example_dag_decorator to None
[2022-04-06 04:54:47,810] {processor.py:171} INFO - Processing /home/airflow/.local/lib/python3.8/site-packages/airflow/example_dags/example_dag_decorator.py took 0.330 seconds
[2022-04-06 04:55:17,866] {processor.py:163} INFO - Started process (PID=378) to work on /home/airflow/.local/lib/python3.8/site-packages/airflow/example_dags/example_dag_decorator.py
[2022-04-06 04:55:17,867] {processor.py:642} INFO - Processing file /home/airflow/.local/lib/python3.8/site-packages/airflow/example_dags/example_dag_decorator.py for tasks to queue
[2022-04-06 04:55:17,867] {logging_mixin.py:109} INFO - [2022-04-06 04:55:17,867] {dagbag.py:500} INFO - Filling up the DagBag from /home/airflow/.local/lib/python3.8/site-packages/airflow/example_dags/example_dag_decorator.py
[2022-04-06 04:55:17,895] {processor.py:654} INFO - DAG(s) dict_keys(['example_dag_decorator']) retrieved from /home/airflow/.local/lib/python3.8/site-packages/airflow/example_dags/example_dag_decorator.py
[2022-04-06 04:55:18,090] {logging_mixin.py:109} INFO - [2022-04-06 04:55:18,090] {dag.py:2396} INFO - Sync 1 DAGs
[2022-04-06 04:55:18,107] {logging_mixin.py:109} INFO - [2022-04-06 04:55:18,107] {dag.py:2935} INFO - Setting next_dagrun for example_dag_decorator to None
[2022-04-06 04:55:18,117] {processor.py:171} INFO - Processing /home/airflow/.local/lib/python3.8/site-packages/airflow/example_dags/example_dag_decorator.py took 0.254 seconds
[2022-04-06 04:55:49,177] {processor.py:163} INFO - Started process (PID=443) to work on /home/airflow/.local/lib/python3.8/site-packages/airflow/example_dags/example_dag_decorator.py
[2022-04-06 04:55:49,178] {processor.py:642} INFO - Processing file /home/airflow/.local/lib/python3.8/site-packages/airflow/example_dags/example_dag_decorator.py for tasks to queue
[2022-04-06 04:55:49,178] {logging_mixin.py:109} INFO - [2022-04-06 04:55:49,178] {dagbag.py:500} INFO - Filling up the DagBag from /home/airflow/.local/lib/python3.8/site-packages/airflow/example_dags/example_dag_decorator.py
[2022-04-06 04:55:49,207] {processor.py:654} INFO - DAG(s) dict_keys(['example_dag_decorator']) retrieved from /home/airflow/.local/lib/python3.8/site-packages/airflow/example_dags/example_dag_decorator.py
[2022-04-06 04:55:49,424] {logging_mixin.py:109} INFO - [2022-04-06 04:55:49,424] {dag.py:2396} INFO - Sync 1 DAGs
[2022-04-06 04:55:49,443] {logging_mixin.py:109} INFO - [2022-04-06 04:55:49,443] {dag.py:2935} INFO - Setting next_dagrun for example_dag_decorator to None
[2022-04-06 04:55:49,456] {processor.py:171} INFO - Processing /home/airflow/.local/lib/python3.8/site-packages/airflow/example_dags/example_dag_decorator.py took 0.281 seconds
[2022-04-06 04:56:20,394] {processor.py:163} INFO - Started process (PID=501) to work on /home/airflow/.local/lib/python3.8/site-packages/airflow/example_dags/example_dag_decorator.py
[2022-04-06 04:56:20,395] {processor.py:642} INFO - Processing file /home/airflow/.local/lib/python3.8/site-packages/airflow/example_dags/example_dag_decorator.py for tasks to queue
[2022-04-06 04:56:20,396] {logging_mixin.py:109} INFO - [2022-04-06 04:56:20,396] {dagbag.py:500} INFO - Filling up the DagBag from /home/airflow/.local/lib/python3.8/site-packages/airflow/example_dags/example_dag_decorator.py
[2022-04-06 04:56:20,430] {processor.py:654} INFO - DAG(s) dict_keys(['example_dag_decorator']) retrieved from /home/airflow/.local/lib/python3.8/site-packages/airflow/example_dags/example_dag_decorator.py
[2022-04-06 04:56:20,594] {logging_mixin.py:109} INFO - [2022-04-06 04:56:20,594] {dag.py:2396} INFO - Sync 1 DAGs
[2022-04-06 04:56:20,604] {logging_mixin.py:109} INFO - [2022-04-06 04:56:20,604] {dag.py:2935} INFO - Setting next_dagrun for example_dag_decorator to None
[2022-04-06 04:56:20,612] {processor.py:171} INFO - Processing /home/airflow/.local/lib/python3.8/site-packages/airflow/example_dags/example_dag_decorator.py took 0.222 seconds
[2022-04-06 04:56:50,670] {processor.py:163} INFO - Started process (PID=550) to work on /home/airflow/.local/lib/python3.8/site-packages/airflow/example_dags/example_dag_decorator.py
[2022-04-06 04:56:50,671] {processor.py:642} INFO - Processing file /home/airflow/.local/lib/python3.8/site-packages/airflow/example_dags/example_dag_decorator.py for tasks to queue
[2022-04-06 04:56:50,671] {logging_mixin.py:109} INFO - [2022-04-06 04:56:50,671] {dagbag.py:500} INFO - Filling up the DagBag from /home/airflow/.local/lib/python3.8/site-packages/airflow/example_dags/example_dag_decorator.py
[2022-04-06 04:56:50,710] {processor.py:654} INFO - DAG(s) dict_keys(['example_dag_decorator']) retrieved from /home/airflow/.local/lib/python3.8/site-packages/airflow/example_dags/example_dag_decorator.py
[2022-04-06 04:56:50,980] {logging_mixin.py:109} INFO - [2022-04-06 04:56:50,980] {dag.py:2396} INFO - Sync 1 DAGs
[2022-04-06 04:56:51,000] {logging_mixin.py:109} INFO - [2022-04-06 04:56:51,000] {dag.py:2935} INFO - Setting next_dagrun for example_dag_decorator to None
[2022-04-06 04:56:51,013] {processor.py:171} INFO - Processing /home/airflow/.local/lib/python3.8/site-packages/airflow/example_dags/example_dag_decorator.py took 0.346 seconds
[2022-04-06 04:57:21,727] {processor.py:163} INFO - Started process (PID=614) to work on /home/airflow/.local/lib/python3.8/site-packages/airflow/example_dags/example_dag_decorator.py
[2022-04-06 04:57:21,728] {processor.py:642} INFO - Processing file /home/airflow/.local/lib/python3.8/site-packages/airflow/example_dags/example_dag_decorator.py for tasks to queue
[2022-04-06 04:57:21,729] {logging_mixin.py:109} INFO - [2022-04-06 04:57:21,729] {dagbag.py:500} INFO - Filling up the DagBag from /home/airflow/.local/lib/python3.8/site-packages/airflow/example_dags/example_dag_decorator.py
[2022-04-06 04:57:21,766] {processor.py:654} INFO - DAG(s) dict_keys(['example_dag_decorator']) retrieved from /home/airflow/.local/lib/python3.8/site-packages/airflow/example_dags/example_dag_decorator.py
[2022-04-06 04:57:21,968] {logging_mixin.py:109} INFO - [2022-04-06 04:57:21,968] {dag.py:2396} INFO - Sync 1 DAGs
[2022-04-06 04:57:21,983] {logging_mixin.py:109} INFO - [2022-04-06 04:57:21,983] {dag.py:2935} INFO - Setting next_dagrun for example_dag_decorator to None
[2022-04-06 04:57:21,993] {processor.py:171} INFO - Processing /home/airflow/.local/lib/python3.8/site-packages/airflow/example_dags/example_dag_decorator.py took 0.269 seconds
[2022-04-06 05:02:32,157] {processor.py:163} INFO - Started process (PID=73) to work on /home/airflow/.local/lib/python3.8/site-packages/airflow/example_dags/example_dag_decorator.py
[2022-04-06 05:02:32,158] {processor.py:642} INFO - Processing file /home/airflow/.local/lib/python3.8/site-packages/airflow/example_dags/example_dag_decorator.py for tasks to queue
[2022-04-06 05:02:32,159] {logging_mixin.py:109} INFO - [2022-04-06 05:02:32,159] {dagbag.py:500} INFO - Filling up the DagBag from /home/airflow/.local/lib/python3.8/site-packages/airflow/example_dags/example_dag_decorator.py
[2022-04-06 05:02:32,198] {processor.py:654} INFO - DAG(s) dict_keys(['example_dag_decorator']) retrieved from /home/airflow/.local/lib/python3.8/site-packages/airflow/example_dags/example_dag_decorator.py
[2022-04-06 05:02:32,366] {logging_mixin.py:109} INFO - [2022-04-06 05:02:32,366] {dag.py:2396} INFO - Sync 1 DAGs
[2022-04-06 05:02:32,378] {logging_mixin.py:109} INFO - [2022-04-06 05:02:32,378] {dag.py:2935} INFO - Setting next_dagrun for example_dag_decorator to None
[2022-04-06 05:02:32,387] {processor.py:171} INFO - Processing /home/airflow/.local/lib/python3.8/site-packages/airflow/example_dags/example_dag_decorator.py took 0.232 seconds
[2022-04-06 05:03:03,558] {processor.py:163} INFO - Started process (PID=140) to work on /home/airflow/.local/lib/python3.8/site-packages/airflow/example_dags/example_dag_decorator.py
[2022-04-06 05:03:03,558] {processor.py:642} INFO - Processing file /home/airflow/.local/lib/python3.8/site-packages/airflow/example_dags/example_dag_decorator.py for tasks to queue
[2022-04-06 05:03:03,559] {logging_mixin.py:109} INFO - [2022-04-06 05:03:03,559] {dagbag.py:500} INFO - Filling up the DagBag from /home/airflow/.local/lib/python3.8/site-packages/airflow/example_dags/example_dag_decorator.py
[2022-04-06 05:03:03,592] {processor.py:654} INFO - DAG(s) dict_keys(['example_dag_decorator']) retrieved from /home/airflow/.local/lib/python3.8/site-packages/airflow/example_dags/example_dag_decorator.py
[2022-04-06 05:03:03,793] {logging_mixin.py:109} INFO - [2022-04-06 05:03:03,793] {dag.py:2396} INFO - Sync 1 DAGs
[2022-04-06 05:03:03,804] {logging_mixin.py:109} INFO - [2022-04-06 05:03:03,804] {dag.py:2935} INFO - Setting next_dagrun for example_dag_decorator to None
[2022-04-06 05:03:03,811] {processor.py:171} INFO - Processing /home/airflow/.local/lib/python3.8/site-packages/airflow/example_dags/example_dag_decorator.py took 0.256 seconds
[2022-04-06 05:03:34,636] {processor.py:163} INFO - Started process (PID=197) to work on /home/airflow/.local/lib/python3.8/site-packages/airflow/example_dags/example_dag_decorator.py
[2022-04-06 05:03:34,637] {processor.py:642} INFO - Processing file /home/airflow/.local/lib/python3.8/site-packages/airflow/example_dags/example_dag_decorator.py for tasks to queue
[2022-04-06 05:03:34,638] {logging_mixin.py:109} INFO - [2022-04-06 05:03:34,638] {dagbag.py:500} INFO - Filling up the DagBag from /home/airflow/.local/lib/python3.8/site-packages/airflow/example_dags/example_dag_decorator.py
[2022-04-06 05:03:34,672] {processor.py:654} INFO - DAG(s) dict_keys(['example_dag_decorator']) retrieved from /home/airflow/.local/lib/python3.8/site-packages/airflow/example_dags/example_dag_decorator.py
[2022-04-06 05:03:34,849] {logging_mixin.py:109} INFO - [2022-04-06 05:03:34,849] {dag.py:2396} INFO - Sync 1 DAGs
[2022-04-06 05:03:34,860] {logging_mixin.py:109} INFO - [2022-04-06 05:03:34,860] {dag.py:2935} INFO - Setting next_dagrun for example_dag_decorator to None
[2022-04-06 05:03:34,867] {processor.py:171} INFO - Processing /home/airflow/.local/lib/python3.8/site-packages/airflow/example_dags/example_dag_decorator.py took 0.233 seconds
