[2022-04-06 04:42:59,785] {processor.py:163} INFO - Started process (PID=91) to work on /home/airflow/.local/lib/python3.8/site-packages/airflow/example_dags/example_branch_labels.py
[2022-04-06 04:42:59,786] {processor.py:642} INFO - Processing file /home/airflow/.local/lib/python3.8/site-packages/airflow/example_dags/example_branch_labels.py for tasks to queue
[2022-04-06 04:42:59,787] {logging_mixin.py:109} INFO - [2022-04-06 04:42:59,787] {dagbag.py:500} INFO - Filling up the DagBag from /home/airflow/.local/lib/python3.8/site-packages/airflow/example_dags/example_branch_labels.py
[2022-04-06 04:42:59,815] {processor.py:654} INFO - DAG(s) dict_keys(['example_branch_labels']) retrieved from /home/airflow/.local/lib/python3.8/site-packages/airflow/example_dags/example_branch_labels.py
[2022-04-06 04:43:03,222] {logging_mixin.py:109} INFO - [2022-04-06 04:43:03,222] {manager.py:496} INFO - Created Permission View: can read on DAG:example_branch_labels
[2022-04-06 04:43:03,245] {logging_mixin.py:109} INFO - [2022-04-06 04:43:03,245] {manager.py:496} INFO - Created Permission View: can edit on DAG:example_branch_labels
[2022-04-06 04:43:03,246] {logging_mixin.py:109} INFO - [2022-04-06 04:43:03,245] {dag.py:2396} INFO - Sync 1 DAGs
[2022-04-06 04:43:03,257] {logging_mixin.py:109} INFO - [2022-04-06 04:43:03,257] {dag.py:2415} INFO - Creating ORM DAG for example_branch_labels
[2022-04-06 04:43:03,285] {logging_mixin.py:109} INFO - [2022-04-06 04:43:03,285] {dag.py:2935} INFO - Setting next_dagrun for example_branch_labels to 2022-04-05 00:00:00+00:00
[2022-04-06 04:43:03,300] {processor.py:171} INFO - Processing /home/airflow/.local/lib/python3.8/site-packages/airflow/example_dags/example_branch_labels.py took 3.518 seconds
[2022-04-06 04:43:34,017] {processor.py:163} INFO - Started process (PID=356) to work on /home/airflow/.local/lib/python3.8/site-packages/airflow/example_dags/example_branch_labels.py
[2022-04-06 04:43:34,019] {processor.py:642} INFO - Processing file /home/airflow/.local/lib/python3.8/site-packages/airflow/example_dags/example_branch_labels.py for tasks to queue
[2022-04-06 04:43:34,020] {logging_mixin.py:109} INFO - [2022-04-06 04:43:34,020] {dagbag.py:500} INFO - Filling up the DagBag from /home/airflow/.local/lib/python3.8/site-packages/airflow/example_dags/example_branch_labels.py
[2022-04-06 04:43:34,048] {processor.py:654} INFO - DAG(s) dict_keys(['example_branch_labels']) retrieved from /home/airflow/.local/lib/python3.8/site-packages/airflow/example_dags/example_branch_labels.py
[2022-04-06 04:43:34,062] {logging_mixin.py:109} INFO - [2022-04-06 04:43:34,062] {dag.py:2396} INFO - Sync 1 DAGs
[2022-04-06 04:43:34,082] {logging_mixin.py:109} INFO - [2022-04-06 04:43:34,082] {dag.py:2935} INFO - Setting next_dagrun for example_branch_labels to 2022-04-05 00:00:00+00:00
[2022-04-06 04:43:34,090] {processor.py:171} INFO - Processing /home/airflow/.local/lib/python3.8/site-packages/airflow/example_dags/example_branch_labels.py took 0.077 seconds
[2022-04-06 04:44:04,564] {processor.py:163} INFO - Started process (PID=414) to work on /home/airflow/.local/lib/python3.8/site-packages/airflow/example_dags/example_branch_labels.py
[2022-04-06 04:44:04,566] {processor.py:642} INFO - Processing file /home/airflow/.local/lib/python3.8/site-packages/airflow/example_dags/example_branch_labels.py for tasks to queue
[2022-04-06 04:44:04,568] {logging_mixin.py:109} INFO - [2022-04-06 04:44:04,568] {dagbag.py:500} INFO - Filling up the DagBag from /home/airflow/.local/lib/python3.8/site-packages/airflow/example_dags/example_branch_labels.py
[2022-04-06 04:44:04,602] {processor.py:654} INFO - DAG(s) dict_keys(['example_branch_labels']) retrieved from /home/airflow/.local/lib/python3.8/site-packages/airflow/example_dags/example_branch_labels.py
[2022-04-06 04:44:04,610] {logging_mixin.py:109} INFO - [2022-04-06 04:44:04,610] {dag.py:2396} INFO - Sync 1 DAGs
[2022-04-06 04:44:04,626] {logging_mixin.py:109} INFO - [2022-04-06 04:44:04,626] {dag.py:2935} INFO - Setting next_dagrun for example_branch_labels to 2022-04-05 00:00:00+00:00
[2022-04-06 04:44:04,633] {processor.py:171} INFO - Processing /home/airflow/.local/lib/python3.8/site-packages/airflow/example_dags/example_branch_labels.py took 0.076 seconds
[2022-04-06 04:44:34,791] {processor.py:163} INFO - Started process (PID=480) to work on /home/airflow/.local/lib/python3.8/site-packages/airflow/example_dags/example_branch_labels.py
[2022-04-06 04:44:34,792] {processor.py:642} INFO - Processing file /home/airflow/.local/lib/python3.8/site-packages/airflow/example_dags/example_branch_labels.py for tasks to queue
[2022-04-06 04:44:34,793] {logging_mixin.py:109} INFO - [2022-04-06 04:44:34,793] {dagbag.py:500} INFO - Filling up the DagBag from /home/airflow/.local/lib/python3.8/site-packages/airflow/example_dags/example_branch_labels.py
[2022-04-06 04:44:34,817] {processor.py:654} INFO - DAG(s) dict_keys(['example_branch_labels']) retrieved from /home/airflow/.local/lib/python3.8/site-packages/airflow/example_dags/example_branch_labels.py
[2022-04-06 04:44:34,826] {logging_mixin.py:109} INFO - [2022-04-06 04:44:34,826] {dag.py:2396} INFO - Sync 1 DAGs
[2022-04-06 04:44:34,840] {logging_mixin.py:109} INFO - [2022-04-06 04:44:34,840] {dag.py:2935} INFO - Setting next_dagrun for example_branch_labels to 2022-04-05 00:00:00+00:00
[2022-04-06 04:44:34,847] {processor.py:171} INFO - Processing /home/airflow/.local/lib/python3.8/site-packages/airflow/example_dags/example_branch_labels.py took 0.060 seconds
[2022-04-06 04:45:05,016] {processor.py:163} INFO - Started process (PID=538) to work on /home/airflow/.local/lib/python3.8/site-packages/airflow/example_dags/example_branch_labels.py
[2022-04-06 04:45:05,018] {processor.py:642} INFO - Processing file /home/airflow/.local/lib/python3.8/site-packages/airflow/example_dags/example_branch_labels.py for tasks to queue
[2022-04-06 04:45:05,019] {logging_mixin.py:109} INFO - [2022-04-06 04:45:05,019] {dagbag.py:500} INFO - Filling up the DagBag from /home/airflow/.local/lib/python3.8/site-packages/airflow/example_dags/example_branch_labels.py
[2022-04-06 04:45:05,047] {processor.py:654} INFO - DAG(s) dict_keys(['example_branch_labels']) retrieved from /home/airflow/.local/lib/python3.8/site-packages/airflow/example_dags/example_branch_labels.py
[2022-04-06 04:45:05,055] {logging_mixin.py:109} INFO - [2022-04-06 04:45:05,055] {dag.py:2396} INFO - Sync 1 DAGs
[2022-04-06 04:45:05,069] {logging_mixin.py:109} INFO - [2022-04-06 04:45:05,069] {dag.py:2935} INFO - Setting next_dagrun for example_branch_labels to 2022-04-05 00:00:00+00:00
[2022-04-06 04:45:05,076] {processor.py:171} INFO - Processing /home/airflow/.local/lib/python3.8/site-packages/airflow/example_dags/example_branch_labels.py took 0.068 seconds
[2022-04-06 04:45:35,288] {processor.py:163} INFO - Started process (PID=603) to work on /home/airflow/.local/lib/python3.8/site-packages/airflow/example_dags/example_branch_labels.py
[2022-04-06 04:45:35,289] {processor.py:642} INFO - Processing file /home/airflow/.local/lib/python3.8/site-packages/airflow/example_dags/example_branch_labels.py for tasks to queue
[2022-04-06 04:45:35,290] {logging_mixin.py:109} INFO - [2022-04-06 04:45:35,290] {dagbag.py:500} INFO - Filling up the DagBag from /home/airflow/.local/lib/python3.8/site-packages/airflow/example_dags/example_branch_labels.py
[2022-04-06 04:45:35,321] {processor.py:654} INFO - DAG(s) dict_keys(['example_branch_labels']) retrieved from /home/airflow/.local/lib/python3.8/site-packages/airflow/example_dags/example_branch_labels.py
[2022-04-06 04:45:35,331] {logging_mixin.py:109} INFO - [2022-04-06 04:45:35,331] {dag.py:2396} INFO - Sync 1 DAGs
[2022-04-06 04:45:35,352] {logging_mixin.py:109} INFO - [2022-04-06 04:45:35,352] {dag.py:2935} INFO - Setting next_dagrun for example_branch_labels to 2022-04-05 00:00:00+00:00
[2022-04-06 04:45:35,360] {processor.py:171} INFO - Processing /home/airflow/.local/lib/python3.8/site-packages/airflow/example_dags/example_branch_labels.py took 0.076 seconds
[2022-04-06 04:46:05,751] {processor.py:163} INFO - Started process (PID=661) to work on /home/airflow/.local/lib/python3.8/site-packages/airflow/example_dags/example_branch_labels.py
[2022-04-06 04:46:05,754] {processor.py:642} INFO - Processing file /home/airflow/.local/lib/python3.8/site-packages/airflow/example_dags/example_branch_labels.py for tasks to queue
[2022-04-06 04:46:05,756] {logging_mixin.py:109} INFO - [2022-04-06 04:46:05,756] {dagbag.py:500} INFO - Filling up the DagBag from /home/airflow/.local/lib/python3.8/site-packages/airflow/example_dags/example_branch_labels.py
[2022-04-06 04:46:05,790] {processor.py:654} INFO - DAG(s) dict_keys(['example_branch_labels']) retrieved from /home/airflow/.local/lib/python3.8/site-packages/airflow/example_dags/example_branch_labels.py
[2022-04-06 04:46:05,799] {logging_mixin.py:109} INFO - [2022-04-06 04:46:05,799] {dag.py:2396} INFO - Sync 1 DAGs
[2022-04-06 04:46:05,813] {logging_mixin.py:109} INFO - [2022-04-06 04:46:05,813] {dag.py:2935} INFO - Setting next_dagrun for example_branch_labels to 2022-04-05 00:00:00+00:00
[2022-04-06 04:46:05,821] {processor.py:171} INFO - Processing /home/airflow/.local/lib/python3.8/site-packages/airflow/example_dags/example_branch_labels.py took 0.077 seconds
[2022-04-06 04:46:36,015] {processor.py:163} INFO - Started process (PID=718) to work on /home/airflow/.local/lib/python3.8/site-packages/airflow/example_dags/example_branch_labels.py
[2022-04-06 04:46:36,016] {processor.py:642} INFO - Processing file /home/airflow/.local/lib/python3.8/site-packages/airflow/example_dags/example_branch_labels.py for tasks to queue
[2022-04-06 04:46:36,016] {logging_mixin.py:109} INFO - [2022-04-06 04:46:36,016] {dagbag.py:500} INFO - Filling up the DagBag from /home/airflow/.local/lib/python3.8/site-packages/airflow/example_dags/example_branch_labels.py
[2022-04-06 04:46:36,034] {processor.py:654} INFO - DAG(s) dict_keys(['example_branch_labels']) retrieved from /home/airflow/.local/lib/python3.8/site-packages/airflow/example_dags/example_branch_labels.py
[2022-04-06 04:46:36,043] {logging_mixin.py:109} INFO - [2022-04-06 04:46:36,043] {dag.py:2396} INFO - Sync 1 DAGs
[2022-04-06 04:46:36,060] {logging_mixin.py:109} INFO - [2022-04-06 04:46:36,060] {dag.py:2935} INFO - Setting next_dagrun for example_branch_labels to 2022-04-05 00:00:00+00:00
[2022-04-06 04:46:36,068] {processor.py:171} INFO - Processing /home/airflow/.local/lib/python3.8/site-packages/airflow/example_dags/example_branch_labels.py took 0.055 seconds
[2022-04-06 04:47:06,535] {processor.py:163} INFO - Started process (PID=776) to work on /home/airflow/.local/lib/python3.8/site-packages/airflow/example_dags/example_branch_labels.py
[2022-04-06 04:47:06,536] {processor.py:642} INFO - Processing file /home/airflow/.local/lib/python3.8/site-packages/airflow/example_dags/example_branch_labels.py for tasks to queue
[2022-04-06 04:47:06,537] {logging_mixin.py:109} INFO - [2022-04-06 04:47:06,537] {dagbag.py:500} INFO - Filling up the DagBag from /home/airflow/.local/lib/python3.8/site-packages/airflow/example_dags/example_branch_labels.py
[2022-04-06 04:47:06,561] {processor.py:654} INFO - DAG(s) dict_keys(['example_branch_labels']) retrieved from /home/airflow/.local/lib/python3.8/site-packages/airflow/example_dags/example_branch_labels.py
[2022-04-06 04:47:06,570] {logging_mixin.py:109} INFO - [2022-04-06 04:47:06,570] {dag.py:2396} INFO - Sync 1 DAGs
[2022-04-06 04:47:06,585] {logging_mixin.py:109} INFO - [2022-04-06 04:47:06,585] {dag.py:2935} INFO - Setting next_dagrun for example_branch_labels to 2022-04-05 00:00:00+00:00
[2022-04-06 04:47:06,592] {processor.py:171} INFO - Processing /home/airflow/.local/lib/python3.8/site-packages/airflow/example_dags/example_branch_labels.py took 0.059 seconds
[2022-04-06 04:47:36,671] {processor.py:163} INFO - Started process (PID=833) to work on /home/airflow/.local/lib/python3.8/site-packages/airflow/example_dags/example_branch_labels.py
[2022-04-06 04:47:36,674] {processor.py:642} INFO - Processing file /home/airflow/.local/lib/python3.8/site-packages/airflow/example_dags/example_branch_labels.py for tasks to queue
[2022-04-06 04:47:36,676] {logging_mixin.py:109} INFO - [2022-04-06 04:47:36,676] {dagbag.py:500} INFO - Filling up the DagBag from /home/airflow/.local/lib/python3.8/site-packages/airflow/example_dags/example_branch_labels.py
[2022-04-06 04:47:36,704] {processor.py:654} INFO - DAG(s) dict_keys(['example_branch_labels']) retrieved from /home/airflow/.local/lib/python3.8/site-packages/airflow/example_dags/example_branch_labels.py
[2022-04-06 04:47:36,725] {logging_mixin.py:109} INFO - [2022-04-06 04:47:36,725] {dag.py:2396} INFO - Sync 1 DAGs
[2022-04-06 04:47:36,738] {logging_mixin.py:109} INFO - [2022-04-06 04:47:36,738] {dag.py:2935} INFO - Setting next_dagrun for example_branch_labels to 2022-04-05 00:00:00+00:00
[2022-04-06 04:47:36,744] {processor.py:171} INFO - Processing /home/airflow/.local/lib/python3.8/site-packages/airflow/example_dags/example_branch_labels.py took 0.080 seconds
[2022-04-06 04:48:06,901] {processor.py:163} INFO - Started process (PID=892) to work on /home/airflow/.local/lib/python3.8/site-packages/airflow/example_dags/example_branch_labels.py
[2022-04-06 04:48:06,903] {processor.py:642} INFO - Processing file /home/airflow/.local/lib/python3.8/site-packages/airflow/example_dags/example_branch_labels.py for tasks to queue
[2022-04-06 04:48:06,904] {logging_mixin.py:109} INFO - [2022-04-06 04:48:06,903] {dagbag.py:500} INFO - Filling up the DagBag from /home/airflow/.local/lib/python3.8/site-packages/airflow/example_dags/example_branch_labels.py
[2022-04-06 04:48:06,930] {processor.py:654} INFO - DAG(s) dict_keys(['example_branch_labels']) retrieved from /home/airflow/.local/lib/python3.8/site-packages/airflow/example_dags/example_branch_labels.py
[2022-04-06 04:48:06,940] {logging_mixin.py:109} INFO - [2022-04-06 04:48:06,940] {dag.py:2396} INFO - Sync 1 DAGs
[2022-04-06 04:48:06,959] {logging_mixin.py:109} INFO - [2022-04-06 04:48:06,959] {dag.py:2935} INFO - Setting next_dagrun for example_branch_labels to 2022-04-05 00:00:00+00:00
[2022-04-06 04:48:06,968] {processor.py:171} INFO - Processing /home/airflow/.local/lib/python3.8/site-packages/airflow/example_dags/example_branch_labels.py took 0.069 seconds
[2022-04-06 04:48:37,496] {processor.py:163} INFO - Started process (PID=960) to work on /home/airflow/.local/lib/python3.8/site-packages/airflow/example_dags/example_branch_labels.py
[2022-04-06 04:48:37,499] {processor.py:642} INFO - Processing file /home/airflow/.local/lib/python3.8/site-packages/airflow/example_dags/example_branch_labels.py for tasks to queue
[2022-04-06 04:48:37,500] {logging_mixin.py:109} INFO - [2022-04-06 04:48:37,499] {dagbag.py:500} INFO - Filling up the DagBag from /home/airflow/.local/lib/python3.8/site-packages/airflow/example_dags/example_branch_labels.py
[2022-04-06 04:48:37,527] {processor.py:654} INFO - DAG(s) dict_keys(['example_branch_labels']) retrieved from /home/airflow/.local/lib/python3.8/site-packages/airflow/example_dags/example_branch_labels.py
[2022-04-06 04:48:37,536] {logging_mixin.py:109} INFO - [2022-04-06 04:48:37,536] {dag.py:2396} INFO - Sync 1 DAGs
[2022-04-06 04:48:37,550] {logging_mixin.py:109} INFO - [2022-04-06 04:48:37,550] {dag.py:2935} INFO - Setting next_dagrun for example_branch_labels to 2022-04-05 00:00:00+00:00
[2022-04-06 04:48:37,558] {processor.py:171} INFO - Processing /home/airflow/.local/lib/python3.8/site-packages/airflow/example_dags/example_branch_labels.py took 0.069 seconds
[2022-04-06 04:49:07,981] {processor.py:163} INFO - Started process (PID=1026) to work on /home/airflow/.local/lib/python3.8/site-packages/airflow/example_dags/example_branch_labels.py
[2022-04-06 04:49:07,984] {processor.py:642} INFO - Processing file /home/airflow/.local/lib/python3.8/site-packages/airflow/example_dags/example_branch_labels.py for tasks to queue
[2022-04-06 04:49:07,985] {logging_mixin.py:109} INFO - [2022-04-06 04:49:07,985] {dagbag.py:500} INFO - Filling up the DagBag from /home/airflow/.local/lib/python3.8/site-packages/airflow/example_dags/example_branch_labels.py
[2022-04-06 04:49:08,013] {processor.py:654} INFO - DAG(s) dict_keys(['example_branch_labels']) retrieved from /home/airflow/.local/lib/python3.8/site-packages/airflow/example_dags/example_branch_labels.py
[2022-04-06 04:49:08,021] {logging_mixin.py:109} INFO - [2022-04-06 04:49:08,021] {dag.py:2396} INFO - Sync 1 DAGs
[2022-04-06 04:49:08,035] {logging_mixin.py:109} INFO - [2022-04-06 04:49:08,035] {dag.py:2935} INFO - Setting next_dagrun for example_branch_labels to 2022-04-05 00:00:00+00:00
[2022-04-06 04:49:08,042] {processor.py:171} INFO - Processing /home/airflow/.local/lib/python3.8/site-packages/airflow/example_dags/example_branch_labels.py took 0.068 seconds
[2022-04-06 04:49:38,123] {processor.py:163} INFO - Started process (PID=1091) to work on /home/airflow/.local/lib/python3.8/site-packages/airflow/example_dags/example_branch_labels.py
[2022-04-06 04:49:38,124] {processor.py:642} INFO - Processing file /home/airflow/.local/lib/python3.8/site-packages/airflow/example_dags/example_branch_labels.py for tasks to queue
[2022-04-06 04:49:38,124] {logging_mixin.py:109} INFO - [2022-04-06 04:49:38,124] {dagbag.py:500} INFO - Filling up the DagBag from /home/airflow/.local/lib/python3.8/site-packages/airflow/example_dags/example_branch_labels.py
[2022-04-06 04:49:38,145] {processor.py:654} INFO - DAG(s) dict_keys(['example_branch_labels']) retrieved from /home/airflow/.local/lib/python3.8/site-packages/airflow/example_dags/example_branch_labels.py
[2022-04-06 04:49:38,154] {logging_mixin.py:109} INFO - [2022-04-06 04:49:38,154] {dag.py:2396} INFO - Sync 1 DAGs
[2022-04-06 04:49:38,168] {logging_mixin.py:109} INFO - [2022-04-06 04:49:38,168] {dag.py:2935} INFO - Setting next_dagrun for example_branch_labels to 2022-04-05 00:00:00+00:00
[2022-04-06 04:49:38,175] {processor.py:171} INFO - Processing /home/airflow/.local/lib/python3.8/site-packages/airflow/example_dags/example_branch_labels.py took 0.054 seconds
[2022-04-06 04:50:08,736] {processor.py:163} INFO - Started process (PID=1150) to work on /home/airflow/.local/lib/python3.8/site-packages/airflow/example_dags/example_branch_labels.py
[2022-04-06 04:50:08,736] {processor.py:642} INFO - Processing file /home/airflow/.local/lib/python3.8/site-packages/airflow/example_dags/example_branch_labels.py for tasks to queue
[2022-04-06 04:50:08,737] {logging_mixin.py:109} INFO - [2022-04-06 04:50:08,737] {dagbag.py:500} INFO - Filling up the DagBag from /home/airflow/.local/lib/python3.8/site-packages/airflow/example_dags/example_branch_labels.py
[2022-04-06 04:50:08,755] {processor.py:654} INFO - DAG(s) dict_keys(['example_branch_labels']) retrieved from /home/airflow/.local/lib/python3.8/site-packages/airflow/example_dags/example_branch_labels.py
[2022-04-06 04:50:08,765] {logging_mixin.py:109} INFO - [2022-04-06 04:50:08,765] {dag.py:2396} INFO - Sync 1 DAGs
[2022-04-06 04:50:08,782] {logging_mixin.py:109} INFO - [2022-04-06 04:50:08,782] {dag.py:2935} INFO - Setting next_dagrun for example_branch_labels to 2022-04-05 00:00:00+00:00
[2022-04-06 04:50:08,789] {processor.py:171} INFO - Processing /home/airflow/.local/lib/python3.8/site-packages/airflow/example_dags/example_branch_labels.py took 0.055 seconds
[2022-04-06 04:50:38,824] {processor.py:163} INFO - Started process (PID=1207) to work on /home/airflow/.local/lib/python3.8/site-packages/airflow/example_dags/example_branch_labels.py
[2022-04-06 04:50:38,825] {processor.py:642} INFO - Processing file /home/airflow/.local/lib/python3.8/site-packages/airflow/example_dags/example_branch_labels.py for tasks to queue
[2022-04-06 04:50:38,826] {logging_mixin.py:109} INFO - [2022-04-06 04:50:38,826] {dagbag.py:500} INFO - Filling up the DagBag from /home/airflow/.local/lib/python3.8/site-packages/airflow/example_dags/example_branch_labels.py
[2022-04-06 04:50:38,850] {processor.py:654} INFO - DAG(s) dict_keys(['example_branch_labels']) retrieved from /home/airflow/.local/lib/python3.8/site-packages/airflow/example_dags/example_branch_labels.py
[2022-04-06 04:50:38,859] {logging_mixin.py:109} INFO - [2022-04-06 04:50:38,859] {dag.py:2396} INFO - Sync 1 DAGs
[2022-04-06 04:50:38,874] {logging_mixin.py:109} INFO - [2022-04-06 04:50:38,874] {dag.py:2935} INFO - Setting next_dagrun for example_branch_labels to 2022-04-05 00:00:00+00:00
[2022-04-06 04:50:38,881] {processor.py:171} INFO - Processing /home/airflow/.local/lib/python3.8/site-packages/airflow/example_dags/example_branch_labels.py took 0.061 seconds
[2022-04-06 04:52:41,102] {processor.py:163} INFO - Started process (PID=48) to work on /home/airflow/.local/lib/python3.8/site-packages/airflow/example_dags/example_branch_labels.py
[2022-04-06 04:52:41,102] {processor.py:642} INFO - Processing file /home/airflow/.local/lib/python3.8/site-packages/airflow/example_dags/example_branch_labels.py for tasks to queue
[2022-04-06 04:52:41,103] {logging_mixin.py:109} INFO - [2022-04-06 04:52:41,103] {dagbag.py:500} INFO - Filling up the DagBag from /home/airflow/.local/lib/python3.8/site-packages/airflow/example_dags/example_branch_labels.py
[2022-04-06 04:52:41,125] {processor.py:654} INFO - DAG(s) dict_keys(['example_branch_labels']) retrieved from /home/airflow/.local/lib/python3.8/site-packages/airflow/example_dags/example_branch_labels.py
[2022-04-06 04:52:41,136] {logging_mixin.py:109} INFO - [2022-04-06 04:52:41,136] {dag.py:2396} INFO - Sync 1 DAGs
[2022-04-06 04:52:41,154] {logging_mixin.py:109} INFO - [2022-04-06 04:52:41,154] {dag.py:2935} INFO - Setting next_dagrun for example_branch_labels to 2022-04-05 00:00:00+00:00
[2022-04-06 04:52:41,163] {processor.py:171} INFO - Processing /home/airflow/.local/lib/python3.8/site-packages/airflow/example_dags/example_branch_labels.py took 0.064 seconds
[2022-04-06 04:53:11,353] {processor.py:163} INFO - Started process (PID=99) to work on /home/airflow/.local/lib/python3.8/site-packages/airflow/example_dags/example_branch_labels.py
[2022-04-06 04:53:11,354] {processor.py:642} INFO - Processing file /home/airflow/.local/lib/python3.8/site-packages/airflow/example_dags/example_branch_labels.py for tasks to queue
[2022-04-06 04:53:11,355] {logging_mixin.py:109} INFO - [2022-04-06 04:53:11,355] {dagbag.py:500} INFO - Filling up the DagBag from /home/airflow/.local/lib/python3.8/site-packages/airflow/example_dags/example_branch_labels.py
[2022-04-06 04:53:11,376] {processor.py:654} INFO - DAG(s) dict_keys(['example_branch_labels']) retrieved from /home/airflow/.local/lib/python3.8/site-packages/airflow/example_dags/example_branch_labels.py
[2022-04-06 04:53:11,385] {logging_mixin.py:109} INFO - [2022-04-06 04:53:11,385] {dag.py:2396} INFO - Sync 1 DAGs
[2022-04-06 04:53:11,399] {logging_mixin.py:109} INFO - [2022-04-06 04:53:11,399] {dag.py:2935} INFO - Setting next_dagrun for example_branch_labels to 2022-04-05 00:00:00+00:00
[2022-04-06 04:53:11,406] {processor.py:171} INFO - Processing /home/airflow/.local/lib/python3.8/site-packages/airflow/example_dags/example_branch_labels.py took 0.056 seconds
[2022-04-06 04:53:41,528] {processor.py:163} INFO - Started process (PID=164) to work on /home/airflow/.local/lib/python3.8/site-packages/airflow/example_dags/example_branch_labels.py
[2022-04-06 04:53:41,530] {processor.py:642} INFO - Processing file /home/airflow/.local/lib/python3.8/site-packages/airflow/example_dags/example_branch_labels.py for tasks to queue
[2022-04-06 04:53:41,530] {logging_mixin.py:109} INFO - [2022-04-06 04:53:41,530] {dagbag.py:500} INFO - Filling up the DagBag from /home/airflow/.local/lib/python3.8/site-packages/airflow/example_dags/example_branch_labels.py
[2022-04-06 04:53:41,554] {processor.py:654} INFO - DAG(s) dict_keys(['example_branch_labels']) retrieved from /home/airflow/.local/lib/python3.8/site-packages/airflow/example_dags/example_branch_labels.py
[2022-04-06 04:53:41,563] {logging_mixin.py:109} INFO - [2022-04-06 04:53:41,563] {dag.py:2396} INFO - Sync 1 DAGs
[2022-04-06 04:53:41,578] {logging_mixin.py:109} INFO - [2022-04-06 04:53:41,578] {dag.py:2935} INFO - Setting next_dagrun for example_branch_labels to 2022-04-05 00:00:00+00:00
[2022-04-06 04:53:41,585] {processor.py:171} INFO - Processing /home/airflow/.local/lib/python3.8/site-packages/airflow/example_dags/example_branch_labels.py took 0.060 seconds
[2022-04-06 04:54:11,922] {processor.py:163} INFO - Started process (PID=222) to work on /home/airflow/.local/lib/python3.8/site-packages/airflow/example_dags/example_branch_labels.py
[2022-04-06 04:54:11,923] {processor.py:642} INFO - Processing file /home/airflow/.local/lib/python3.8/site-packages/airflow/example_dags/example_branch_labels.py for tasks to queue
[2022-04-06 04:54:11,923] {logging_mixin.py:109} INFO - [2022-04-06 04:54:11,923] {dagbag.py:500} INFO - Filling up the DagBag from /home/airflow/.local/lib/python3.8/site-packages/airflow/example_dags/example_branch_labels.py
[2022-04-06 04:54:11,946] {processor.py:654} INFO - DAG(s) dict_keys(['example_branch_labels']) retrieved from /home/airflow/.local/lib/python3.8/site-packages/airflow/example_dags/example_branch_labels.py
[2022-04-06 04:54:11,957] {logging_mixin.py:109} INFO - [2022-04-06 04:54:11,957] {dag.py:2396} INFO - Sync 1 DAGs
[2022-04-06 04:54:11,973] {logging_mixin.py:109} INFO - [2022-04-06 04:54:11,973] {dag.py:2935} INFO - Setting next_dagrun for example_branch_labels to 2022-04-05 00:00:00+00:00
[2022-04-06 04:54:11,979] {processor.py:171} INFO - Processing /home/airflow/.local/lib/python3.8/site-packages/airflow/example_dags/example_branch_labels.py took 0.060 seconds
[2022-04-06 04:54:42,513] {processor.py:163} INFO - Started process (PID=280) to work on /home/airflow/.local/lib/python3.8/site-packages/airflow/example_dags/example_branch_labels.py
[2022-04-06 04:54:42,514] {processor.py:642} INFO - Processing file /home/airflow/.local/lib/python3.8/site-packages/airflow/example_dags/example_branch_labels.py for tasks to queue
[2022-04-06 04:54:42,515] {logging_mixin.py:109} INFO - [2022-04-06 04:54:42,515] {dagbag.py:500} INFO - Filling up the DagBag from /home/airflow/.local/lib/python3.8/site-packages/airflow/example_dags/example_branch_labels.py
[2022-04-06 04:54:42,539] {processor.py:654} INFO - DAG(s) dict_keys(['example_branch_labels']) retrieved from /home/airflow/.local/lib/python3.8/site-packages/airflow/example_dags/example_branch_labels.py
[2022-04-06 04:54:42,548] {logging_mixin.py:109} INFO - [2022-04-06 04:54:42,548] {dag.py:2396} INFO - Sync 1 DAGs
[2022-04-06 04:54:42,566] {logging_mixin.py:109} INFO - [2022-04-06 04:54:42,565] {dag.py:2935} INFO - Setting next_dagrun for example_branch_labels to 2022-04-05 00:00:00+00:00
[2022-04-06 04:54:42,574] {processor.py:171} INFO - Processing /home/airflow/.local/lib/python3.8/site-packages/airflow/example_dags/example_branch_labels.py took 0.063 seconds
[2022-04-06 04:55:13,094] {processor.py:163} INFO - Started process (PID=345) to work on /home/airflow/.local/lib/python3.8/site-packages/airflow/example_dags/example_branch_labels.py
[2022-04-06 04:55:13,094] {processor.py:642} INFO - Processing file /home/airflow/.local/lib/python3.8/site-packages/airflow/example_dags/example_branch_labels.py for tasks to queue
[2022-04-06 04:55:13,095] {logging_mixin.py:109} INFO - [2022-04-06 04:55:13,095] {dagbag.py:500} INFO - Filling up the DagBag from /home/airflow/.local/lib/python3.8/site-packages/airflow/example_dags/example_branch_labels.py
[2022-04-06 04:55:13,115] {processor.py:654} INFO - DAG(s) dict_keys(['example_branch_labels']) retrieved from /home/airflow/.local/lib/python3.8/site-packages/airflow/example_dags/example_branch_labels.py
[2022-04-06 04:55:13,123] {logging_mixin.py:109} INFO - [2022-04-06 04:55:13,123] {dag.py:2396} INFO - Sync 1 DAGs
[2022-04-06 04:55:13,137] {logging_mixin.py:109} INFO - [2022-04-06 04:55:13,137] {dag.py:2935} INFO - Setting next_dagrun for example_branch_labels to 2022-04-05 00:00:00+00:00
[2022-04-06 04:55:13,143] {processor.py:171} INFO - Processing /home/airflow/.local/lib/python3.8/site-packages/airflow/example_dags/example_branch_labels.py took 0.052 seconds
[2022-04-06 04:55:43,435] {processor.py:163} INFO - Started process (PID=403) to work on /home/airflow/.local/lib/python3.8/site-packages/airflow/example_dags/example_branch_labels.py
[2022-04-06 04:55:43,436] {processor.py:642} INFO - Processing file /home/airflow/.local/lib/python3.8/site-packages/airflow/example_dags/example_branch_labels.py for tasks to queue
[2022-04-06 04:55:43,436] {logging_mixin.py:109} INFO - [2022-04-06 04:55:43,436] {dagbag.py:500} INFO - Filling up the DagBag from /home/airflow/.local/lib/python3.8/site-packages/airflow/example_dags/example_branch_labels.py
[2022-04-06 04:55:43,502] {processor.py:654} INFO - DAG(s) dict_keys(['example_branch_labels']) retrieved from /home/airflow/.local/lib/python3.8/site-packages/airflow/example_dags/example_branch_labels.py
[2022-04-06 04:55:43,510] {logging_mixin.py:109} INFO - [2022-04-06 04:55:43,510] {dag.py:2396} INFO - Sync 1 DAGs
[2022-04-06 04:55:43,525] {logging_mixin.py:109} INFO - [2022-04-06 04:55:43,525] {dag.py:2935} INFO - Setting next_dagrun for example_branch_labels to 2022-04-05 00:00:00+00:00
[2022-04-06 04:55:43,532] {processor.py:171} INFO - Processing /home/airflow/.local/lib/python3.8/site-packages/airflow/example_dags/example_branch_labels.py took 0.099 seconds
[2022-04-06 04:56:13,811] {processor.py:163} INFO - Started process (PID=460) to work on /home/airflow/.local/lib/python3.8/site-packages/airflow/example_dags/example_branch_labels.py
[2022-04-06 04:56:13,812] {processor.py:642} INFO - Processing file /home/airflow/.local/lib/python3.8/site-packages/airflow/example_dags/example_branch_labels.py for tasks to queue
[2022-04-06 04:56:13,813] {logging_mixin.py:109} INFO - [2022-04-06 04:56:13,813] {dagbag.py:500} INFO - Filling up the DagBag from /home/airflow/.local/lib/python3.8/site-packages/airflow/example_dags/example_branch_labels.py
[2022-04-06 04:56:13,835] {processor.py:654} INFO - DAG(s) dict_keys(['example_branch_labels']) retrieved from /home/airflow/.local/lib/python3.8/site-packages/airflow/example_dags/example_branch_labels.py
[2022-04-06 04:56:13,846] {logging_mixin.py:109} INFO - [2022-04-06 04:56:13,846] {dag.py:2396} INFO - Sync 1 DAGs
[2022-04-06 04:56:13,864] {logging_mixin.py:109} INFO - [2022-04-06 04:56:13,864] {dag.py:2935} INFO - Setting next_dagrun for example_branch_labels to 2022-04-05 00:00:00+00:00
[2022-04-06 04:56:13,873] {processor.py:171} INFO - Processing /home/airflow/.local/lib/python3.8/site-packages/airflow/example_dags/example_branch_labels.py took 0.064 seconds
[2022-04-06 04:56:44,040] {processor.py:163} INFO - Started process (PID=525) to work on /home/airflow/.local/lib/python3.8/site-packages/airflow/example_dags/example_branch_labels.py
[2022-04-06 04:56:44,041] {processor.py:642} INFO - Processing file /home/airflow/.local/lib/python3.8/site-packages/airflow/example_dags/example_branch_labels.py for tasks to queue
[2022-04-06 04:56:44,042] {logging_mixin.py:109} INFO - [2022-04-06 04:56:44,042] {dagbag.py:500} INFO - Filling up the DagBag from /home/airflow/.local/lib/python3.8/site-packages/airflow/example_dags/example_branch_labels.py
[2022-04-06 04:56:44,063] {processor.py:654} INFO - DAG(s) dict_keys(['example_branch_labels']) retrieved from /home/airflow/.local/lib/python3.8/site-packages/airflow/example_dags/example_branch_labels.py
[2022-04-06 04:56:44,072] {logging_mixin.py:109} INFO - [2022-04-06 04:56:44,071] {dag.py:2396} INFO - Sync 1 DAGs
[2022-04-06 04:56:44,092] {logging_mixin.py:109} INFO - [2022-04-06 04:56:44,091] {dag.py:2935} INFO - Setting next_dagrun for example_branch_labels to 2022-04-05 00:00:00+00:00
[2022-04-06 04:56:44,100] {processor.py:171} INFO - Processing /home/airflow/.local/lib/python3.8/site-packages/airflow/example_dags/example_branch_labels.py took 0.062 seconds
[2022-04-06 04:57:14,213] {processor.py:163} INFO - Started process (PID=582) to work on /home/airflow/.local/lib/python3.8/site-packages/airflow/example_dags/example_branch_labels.py
[2022-04-06 04:57:14,214] {processor.py:642} INFO - Processing file /home/airflow/.local/lib/python3.8/site-packages/airflow/example_dags/example_branch_labels.py for tasks to queue
[2022-04-06 04:57:14,215] {logging_mixin.py:109} INFO - [2022-04-06 04:57:14,214] {dagbag.py:500} INFO - Filling up the DagBag from /home/airflow/.local/lib/python3.8/site-packages/airflow/example_dags/example_branch_labels.py
[2022-04-06 04:57:14,237] {processor.py:654} INFO - DAG(s) dict_keys(['example_branch_labels']) retrieved from /home/airflow/.local/lib/python3.8/site-packages/airflow/example_dags/example_branch_labels.py
[2022-04-06 04:57:14,245] {logging_mixin.py:109} INFO - [2022-04-06 04:57:14,245] {dag.py:2396} INFO - Sync 1 DAGs
[2022-04-06 04:57:14,259] {logging_mixin.py:109} INFO - [2022-04-06 04:57:14,259] {dag.py:2935} INFO - Setting next_dagrun for example_branch_labels to 2022-04-05 00:00:00+00:00
[2022-04-06 04:57:14,266] {processor.py:171} INFO - Processing /home/airflow/.local/lib/python3.8/site-packages/airflow/example_dags/example_branch_labels.py took 0.055 seconds
[2022-04-06 05:02:29,919] {processor.py:163} INFO - Started process (PID=48) to work on /home/airflow/.local/lib/python3.8/site-packages/airflow/example_dags/example_branch_labels.py
[2022-04-06 05:02:29,920] {processor.py:642} INFO - Processing file /home/airflow/.local/lib/python3.8/site-packages/airflow/example_dags/example_branch_labels.py for tasks to queue
[2022-04-06 05:02:29,921] {logging_mixin.py:109} INFO - [2022-04-06 05:02:29,921] {dagbag.py:500} INFO - Filling up the DagBag from /home/airflow/.local/lib/python3.8/site-packages/airflow/example_dags/example_branch_labels.py
[2022-04-06 05:02:29,954] {processor.py:654} INFO - DAG(s) dict_keys(['example_branch_labels']) retrieved from /home/airflow/.local/lib/python3.8/site-packages/airflow/example_dags/example_branch_labels.py
[2022-04-06 05:02:29,967] {logging_mixin.py:109} INFO - [2022-04-06 05:02:29,967] {dag.py:2396} INFO - Sync 1 DAGs
[2022-04-06 05:02:29,989] {logging_mixin.py:109} INFO - [2022-04-06 05:02:29,989] {dag.py:2935} INFO - Setting next_dagrun for example_branch_labels to 2022-04-05 00:00:00+00:00
[2022-04-06 05:02:29,999] {processor.py:171} INFO - Processing /home/airflow/.local/lib/python3.8/site-packages/airflow/example_dags/example_branch_labels.py took 0.084 seconds
[2022-04-06 05:03:00,686] {processor.py:163} INFO - Started process (PID=98) to work on /home/airflow/.local/lib/python3.8/site-packages/airflow/example_dags/example_branch_labels.py
[2022-04-06 05:03:00,687] {processor.py:642} INFO - Processing file /home/airflow/.local/lib/python3.8/site-packages/airflow/example_dags/example_branch_labels.py for tasks to queue
[2022-04-06 05:03:00,687] {logging_mixin.py:109} INFO - [2022-04-06 05:03:00,687] {dagbag.py:500} INFO - Filling up the DagBag from /home/airflow/.local/lib/python3.8/site-packages/airflow/example_dags/example_branch_labels.py
[2022-04-06 05:03:00,716] {processor.py:654} INFO - DAG(s) dict_keys(['example_branch_labels']) retrieved from /home/airflow/.local/lib/python3.8/site-packages/airflow/example_dags/example_branch_labels.py
[2022-04-06 05:03:00,728] {logging_mixin.py:109} INFO - [2022-04-06 05:03:00,728] {dag.py:2396} INFO - Sync 1 DAGs
[2022-04-06 05:03:00,749] {logging_mixin.py:109} INFO - [2022-04-06 05:03:00,749] {dag.py:2935} INFO - Setting next_dagrun for example_branch_labels to 2022-04-05 00:00:00+00:00
[2022-04-06 05:03:00,763] {processor.py:171} INFO - Processing /home/airflow/.local/lib/python3.8/site-packages/airflow/example_dags/example_branch_labels.py took 0.081 seconds
[2022-04-06 05:03:30,984] {processor.py:163} INFO - Started process (PID=164) to work on /home/airflow/.local/lib/python3.8/site-packages/airflow/example_dags/example_branch_labels.py
[2022-04-06 05:03:30,985] {processor.py:642} INFO - Processing file /home/airflow/.local/lib/python3.8/site-packages/airflow/example_dags/example_branch_labels.py for tasks to queue
[2022-04-06 05:03:30,986] {logging_mixin.py:109} INFO - [2022-04-06 05:03:30,986] {dagbag.py:500} INFO - Filling up the DagBag from /home/airflow/.local/lib/python3.8/site-packages/airflow/example_dags/example_branch_labels.py
[2022-04-06 05:03:31,014] {processor.py:654} INFO - DAG(s) dict_keys(['example_branch_labels']) retrieved from /home/airflow/.local/lib/python3.8/site-packages/airflow/example_dags/example_branch_labels.py
[2022-04-06 05:03:31,026] {logging_mixin.py:109} INFO - [2022-04-06 05:03:31,026] {dag.py:2396} INFO - Sync 1 DAGs
[2022-04-06 05:03:31,045] {logging_mixin.py:109} INFO - [2022-04-06 05:03:31,044] {dag.py:2935} INFO - Setting next_dagrun for example_branch_labels to 2022-04-05 00:00:00+00:00
[2022-04-06 05:03:31,053] {processor.py:171} INFO - Processing /home/airflow/.local/lib/python3.8/site-packages/airflow/example_dags/example_branch_labels.py took 0.072 seconds
