[2022-04-06 04:42:50,568] {processor.py:163} INFO - Started process (PID=38) to work on /home/airflow/.local/lib/python3.8/site-packages/airflow/example_dags/example_task_group.py
[2022-04-06 04:42:50,569] {processor.py:642} INFO - Processing file /home/airflow/.local/lib/python3.8/site-packages/airflow/example_dags/example_task_group.py for tasks to queue
[2022-04-06 04:42:50,575] {logging_mixin.py:109} INFO - [2022-04-06 04:42:50,575] {dagbag.py:500} INFO - Filling up the DagBag from /home/airflow/.local/lib/python3.8/site-packages/airflow/example_dags/example_task_group.py
[2022-04-06 04:42:50,620] {processor.py:654} INFO - DAG(s) dict_keys(['example_task_group']) retrieved from /home/airflow/.local/lib/python3.8/site-packages/airflow/example_dags/example_task_group.py
[2022-04-06 04:42:55,653] {logging_mixin.py:109} WARNING - /home/airflow/.local/lib/python3.8/site-packages/azure/storage/common/_connection.py:82 SyntaxWarning: "is" with a literal. Did you mean "=="?
[2022-04-06 04:42:56,678] {logging_mixin.py:109} INFO - [2022-04-06 04:42:56,677] {manager.py:496} INFO - Created Permission View: can read on DAG:example_task_group
[2022-04-06 04:42:56,684] {logging_mixin.py:109} INFO - [2022-04-06 04:42:56,684] {manager.py:496} INFO - Created Permission View: can edit on DAG:example_task_group
[2022-04-06 04:42:56,685] {logging_mixin.py:109} INFO - [2022-04-06 04:42:56,684] {dag.py:2396} INFO - Sync 1 DAGs
[2022-04-06 04:42:56,691] {logging_mixin.py:109} INFO - [2022-04-06 04:42:56,691] {dag.py:2415} INFO - Creating ORM DAG for example_task_group
[2022-04-06 04:42:56,701] {logging_mixin.py:109} INFO - [2022-04-06 04:42:56,701] {dag.py:2935} INFO - Setting next_dagrun for example_task_group to 2022-04-05T04:42:56.701298+00:00
[2022-04-06 04:42:56,718] {processor.py:171} INFO - Processing /home/airflow/.local/lib/python3.8/site-packages/airflow/example_dags/example_task_group.py took 6.153 seconds
[2022-04-06 04:43:28,195] {processor.py:163} INFO - Started process (PID=343) to work on /home/airflow/.local/lib/python3.8/site-packages/airflow/example_dags/example_task_group.py
[2022-04-06 04:43:28,196] {processor.py:642} INFO - Processing file /home/airflow/.local/lib/python3.8/site-packages/airflow/example_dags/example_task_group.py for tasks to queue
[2022-04-06 04:43:28,197] {logging_mixin.py:109} INFO - [2022-04-06 04:43:28,197] {dagbag.py:500} INFO - Filling up the DagBag from /home/airflow/.local/lib/python3.8/site-packages/airflow/example_dags/example_task_group.py
[2022-04-06 04:43:28,226] {processor.py:654} INFO - DAG(s) dict_keys(['example_task_group']) retrieved from /home/airflow/.local/lib/python3.8/site-packages/airflow/example_dags/example_task_group.py
[2022-04-06 04:43:28,238] {logging_mixin.py:109} INFO - [2022-04-06 04:43:28,238] {dag.py:2396} INFO - Sync 1 DAGs
[2022-04-06 04:43:28,254] {logging_mixin.py:109} INFO - [2022-04-06 04:43:28,254] {dag.py:2935} INFO - Setting next_dagrun for example_task_group to 2022-04-05T04:43:28.254500+00:00
[2022-04-06 04:43:28,263] {processor.py:171} INFO - Processing /home/airflow/.local/lib/python3.8/site-packages/airflow/example_dags/example_task_group.py took 0.072 seconds
[2022-04-06 04:43:58,493] {processor.py:163} INFO - Started process (PID=396) to work on /home/airflow/.local/lib/python3.8/site-packages/airflow/example_dags/example_task_group.py
[2022-04-06 04:43:58,494] {processor.py:642} INFO - Processing file /home/airflow/.local/lib/python3.8/site-packages/airflow/example_dags/example_task_group.py for tasks to queue
[2022-04-06 04:43:58,494] {logging_mixin.py:109} INFO - [2022-04-06 04:43:58,494] {dagbag.py:500} INFO - Filling up the DagBag from /home/airflow/.local/lib/python3.8/site-packages/airflow/example_dags/example_task_group.py
[2022-04-06 04:43:58,516] {processor.py:654} INFO - DAG(s) dict_keys(['example_task_group']) retrieved from /home/airflow/.local/lib/python3.8/site-packages/airflow/example_dags/example_task_group.py
[2022-04-06 04:43:58,528] {logging_mixin.py:109} INFO - [2022-04-06 04:43:58,528] {dag.py:2396} INFO - Sync 1 DAGs
[2022-04-06 04:43:58,544] {logging_mixin.py:109} INFO - [2022-04-06 04:43:58,544] {dag.py:2935} INFO - Setting next_dagrun for example_task_group to 2022-04-05T04:43:58.543643+00:00
[2022-04-06 04:43:58,552] {processor.py:171} INFO - Processing /home/airflow/.local/lib/python3.8/site-packages/airflow/example_dags/example_task_group.py took 0.061 seconds
[2022-04-06 04:44:28,811] {processor.py:163} INFO - Started process (PID=454) to work on /home/airflow/.local/lib/python3.8/site-packages/airflow/example_dags/example_task_group.py
[2022-04-06 04:44:28,813] {processor.py:642} INFO - Processing file /home/airflow/.local/lib/python3.8/site-packages/airflow/example_dags/example_task_group.py for tasks to queue
[2022-04-06 04:44:28,815] {logging_mixin.py:109} INFO - [2022-04-06 04:44:28,815] {dagbag.py:500} INFO - Filling up the DagBag from /home/airflow/.local/lib/python3.8/site-packages/airflow/example_dags/example_task_group.py
[2022-04-06 04:44:28,852] {processor.py:654} INFO - DAG(s) dict_keys(['example_task_group']) retrieved from /home/airflow/.local/lib/python3.8/site-packages/airflow/example_dags/example_task_group.py
[2022-04-06 04:44:28,863] {logging_mixin.py:109} INFO - [2022-04-06 04:44:28,862] {dag.py:2396} INFO - Sync 1 DAGs
[2022-04-06 04:44:28,877] {logging_mixin.py:109} INFO - [2022-04-06 04:44:28,877] {dag.py:2935} INFO - Setting next_dagrun for example_task_group to 2022-04-05T04:44:28.876822+00:00
[2022-04-06 04:44:28,885] {processor.py:171} INFO - Processing /home/airflow/.local/lib/python3.8/site-packages/airflow/example_dags/example_task_group.py took 0.081 seconds
[2022-04-06 04:44:59,028] {processor.py:163} INFO - Started process (PID=520) to work on /home/airflow/.local/lib/python3.8/site-packages/airflow/example_dags/example_task_group.py
[2022-04-06 04:44:59,029] {processor.py:642} INFO - Processing file /home/airflow/.local/lib/python3.8/site-packages/airflow/example_dags/example_task_group.py for tasks to queue
[2022-04-06 04:44:59,030] {logging_mixin.py:109} INFO - [2022-04-06 04:44:59,030] {dagbag.py:500} INFO - Filling up the DagBag from /home/airflow/.local/lib/python3.8/site-packages/airflow/example_dags/example_task_group.py
[2022-04-06 04:44:59,056] {processor.py:654} INFO - DAG(s) dict_keys(['example_task_group']) retrieved from /home/airflow/.local/lib/python3.8/site-packages/airflow/example_dags/example_task_group.py
[2022-04-06 04:44:59,066] {logging_mixin.py:109} INFO - [2022-04-06 04:44:59,066] {dag.py:2396} INFO - Sync 1 DAGs
[2022-04-06 04:44:59,082] {logging_mixin.py:109} INFO - [2022-04-06 04:44:59,082] {dag.py:2935} INFO - Setting next_dagrun for example_task_group to 2022-04-05T04:44:59.082257+00:00
[2022-04-06 04:44:59,092] {processor.py:171} INFO - Processing /home/airflow/.local/lib/python3.8/site-packages/airflow/example_dags/example_task_group.py took 0.066 seconds
[2022-04-06 04:45:29,164] {processor.py:163} INFO - Started process (PID=577) to work on /home/airflow/.local/lib/python3.8/site-packages/airflow/example_dags/example_task_group.py
[2022-04-06 04:45:29,165] {processor.py:642} INFO - Processing file /home/airflow/.local/lib/python3.8/site-packages/airflow/example_dags/example_task_group.py for tasks to queue
[2022-04-06 04:45:29,165] {logging_mixin.py:109} INFO - [2022-04-06 04:45:29,165] {dagbag.py:500} INFO - Filling up the DagBag from /home/airflow/.local/lib/python3.8/site-packages/airflow/example_dags/example_task_group.py
[2022-04-06 04:45:29,186] {processor.py:654} INFO - DAG(s) dict_keys(['example_task_group']) retrieved from /home/airflow/.local/lib/python3.8/site-packages/airflow/example_dags/example_task_group.py
[2022-04-06 04:45:29,194] {logging_mixin.py:109} INFO - [2022-04-06 04:45:29,194] {dag.py:2396} INFO - Sync 1 DAGs
[2022-04-06 04:45:29,207] {logging_mixin.py:109} INFO - [2022-04-06 04:45:29,206] {dag.py:2935} INFO - Setting next_dagrun for example_task_group to 2022-04-05T04:45:29.206705+00:00
[2022-04-06 04:45:29,213] {processor.py:171} INFO - Processing /home/airflow/.local/lib/python3.8/site-packages/airflow/example_dags/example_task_group.py took 0.052 seconds
[2022-04-06 04:45:59,300] {processor.py:163} INFO - Started process (PID=634) to work on /home/airflow/.local/lib/python3.8/site-packages/airflow/example_dags/example_task_group.py
[2022-04-06 04:45:59,301] {processor.py:642} INFO - Processing file /home/airflow/.local/lib/python3.8/site-packages/airflow/example_dags/example_task_group.py for tasks to queue
[2022-04-06 04:45:59,301] {logging_mixin.py:109} INFO - [2022-04-06 04:45:59,301] {dagbag.py:500} INFO - Filling up the DagBag from /home/airflow/.local/lib/python3.8/site-packages/airflow/example_dags/example_task_group.py
[2022-04-06 04:45:59,327] {processor.py:654} INFO - DAG(s) dict_keys(['example_task_group']) retrieved from /home/airflow/.local/lib/python3.8/site-packages/airflow/example_dags/example_task_group.py
[2022-04-06 04:45:59,337] {logging_mixin.py:109} INFO - [2022-04-06 04:45:59,337] {dag.py:2396} INFO - Sync 1 DAGs
[2022-04-06 04:45:59,352] {logging_mixin.py:109} INFO - [2022-04-06 04:45:59,351] {dag.py:2935} INFO - Setting next_dagrun for example_task_group to 2022-04-05T04:45:59.351642+00:00
[2022-04-06 04:45:59,360] {processor.py:171} INFO - Processing /home/airflow/.local/lib/python3.8/site-packages/airflow/example_dags/example_task_group.py took 0.062 seconds
[2022-04-06 04:46:29,914] {processor.py:163} INFO - Started process (PID=700) to work on /home/airflow/.local/lib/python3.8/site-packages/airflow/example_dags/example_task_group.py
[2022-04-06 04:46:29,916] {processor.py:642} INFO - Processing file /home/airflow/.local/lib/python3.8/site-packages/airflow/example_dags/example_task_group.py for tasks to queue
[2022-04-06 04:46:29,917] {logging_mixin.py:109} INFO - [2022-04-06 04:46:29,917] {dagbag.py:500} INFO - Filling up the DagBag from /home/airflow/.local/lib/python3.8/site-packages/airflow/example_dags/example_task_group.py
[2022-04-06 04:46:29,951] {processor.py:654} INFO - DAG(s) dict_keys(['example_task_group']) retrieved from /home/airflow/.local/lib/python3.8/site-packages/airflow/example_dags/example_task_group.py
[2022-04-06 04:46:29,961] {logging_mixin.py:109} INFO - [2022-04-06 04:46:29,961] {dag.py:2396} INFO - Sync 1 DAGs
[2022-04-06 04:46:29,975] {logging_mixin.py:109} INFO - [2022-04-06 04:46:29,975] {dag.py:2935} INFO - Setting next_dagrun for example_task_group to 2022-04-05T04:46:29.974787+00:00
[2022-04-06 04:46:29,982] {processor.py:171} INFO - Processing /home/airflow/.local/lib/python3.8/site-packages/airflow/example_dags/example_task_group.py took 0.075 seconds
[2022-04-06 04:47:00,160] {processor.py:163} INFO - Started process (PID=757) to work on /home/airflow/.local/lib/python3.8/site-packages/airflow/example_dags/example_task_group.py
[2022-04-06 04:47:00,162] {processor.py:642} INFO - Processing file /home/airflow/.local/lib/python3.8/site-packages/airflow/example_dags/example_task_group.py for tasks to queue
[2022-04-06 04:47:00,164] {logging_mixin.py:109} INFO - [2022-04-06 04:47:00,164] {dagbag.py:500} INFO - Filling up the DagBag from /home/airflow/.local/lib/python3.8/site-packages/airflow/example_dags/example_task_group.py
[2022-04-06 04:47:00,200] {processor.py:654} INFO - DAG(s) dict_keys(['example_task_group']) retrieved from /home/airflow/.local/lib/python3.8/site-packages/airflow/example_dags/example_task_group.py
[2022-04-06 04:47:00,210] {logging_mixin.py:109} INFO - [2022-04-06 04:47:00,210] {dag.py:2396} INFO - Sync 1 DAGs
[2022-04-06 04:47:00,224] {logging_mixin.py:109} INFO - [2022-04-06 04:47:00,224] {dag.py:2935} INFO - Setting next_dagrun for example_task_group to 2022-04-05T04:47:00.224258+00:00
[2022-04-06 04:47:00,232] {processor.py:171} INFO - Processing /home/airflow/.local/lib/python3.8/site-packages/airflow/example_dags/example_task_group.py took 0.077 seconds
[2022-04-06 04:47:30,277] {processor.py:163} INFO - Started process (PID=824) to work on /home/airflow/.local/lib/python3.8/site-packages/airflow/example_dags/example_task_group.py
[2022-04-06 04:47:30,278] {processor.py:642} INFO - Processing file /home/airflow/.local/lib/python3.8/site-packages/airflow/example_dags/example_task_group.py for tasks to queue
[2022-04-06 04:47:30,279] {logging_mixin.py:109} INFO - [2022-04-06 04:47:30,279] {dagbag.py:500} INFO - Filling up the DagBag from /home/airflow/.local/lib/python3.8/site-packages/airflow/example_dags/example_task_group.py
[2022-04-06 04:47:30,306] {processor.py:654} INFO - DAG(s) dict_keys(['example_task_group']) retrieved from /home/airflow/.local/lib/python3.8/site-packages/airflow/example_dags/example_task_group.py
[2022-04-06 04:47:30,320] {logging_mixin.py:109} INFO - [2022-04-06 04:47:30,320] {dag.py:2396} INFO - Sync 1 DAGs
[2022-04-06 04:47:30,340] {logging_mixin.py:109} INFO - [2022-04-06 04:47:30,340] {dag.py:2935} INFO - Setting next_dagrun for example_task_group to 2022-04-05T04:47:30.339832+00:00
[2022-04-06 04:47:30,350] {processor.py:171} INFO - Processing /home/airflow/.local/lib/python3.8/site-packages/airflow/example_dags/example_task_group.py took 0.076 seconds
[2022-04-06 04:48:00,589] {processor.py:163} INFO - Started process (PID=883) to work on /home/airflow/.local/lib/python3.8/site-packages/airflow/example_dags/example_task_group.py
[2022-04-06 04:48:00,592] {processor.py:642} INFO - Processing file /home/airflow/.local/lib/python3.8/site-packages/airflow/example_dags/example_task_group.py for tasks to queue
[2022-04-06 04:48:00,593] {logging_mixin.py:109} INFO - [2022-04-06 04:48:00,593] {dagbag.py:500} INFO - Filling up the DagBag from /home/airflow/.local/lib/python3.8/site-packages/airflow/example_dags/example_task_group.py
[2022-04-06 04:48:00,628] {processor.py:654} INFO - DAG(s) dict_keys(['example_task_group']) retrieved from /home/airflow/.local/lib/python3.8/site-packages/airflow/example_dags/example_task_group.py
[2022-04-06 04:48:00,638] {logging_mixin.py:109} INFO - [2022-04-06 04:48:00,638] {dag.py:2396} INFO - Sync 1 DAGs
[2022-04-06 04:48:00,651] {logging_mixin.py:109} INFO - [2022-04-06 04:48:00,651] {dag.py:2935} INFO - Setting next_dagrun for example_task_group to 2022-04-05T04:48:00.650825+00:00
[2022-04-06 04:48:00,658] {processor.py:171} INFO - Processing /home/airflow/.local/lib/python3.8/site-packages/airflow/example_dags/example_task_group.py took 0.077 seconds
[2022-04-06 04:48:31,234] {processor.py:163} INFO - Started process (PID=942) to work on /home/airflow/.local/lib/python3.8/site-packages/airflow/example_dags/example_task_group.py
[2022-04-06 04:48:31,236] {processor.py:642} INFO - Processing file /home/airflow/.local/lib/python3.8/site-packages/airflow/example_dags/example_task_group.py for tasks to queue
[2022-04-06 04:48:31,238] {logging_mixin.py:109} INFO - [2022-04-06 04:48:31,237] {dagbag.py:500} INFO - Filling up the DagBag from /home/airflow/.local/lib/python3.8/site-packages/airflow/example_dags/example_task_group.py
[2022-04-06 04:48:31,276] {processor.py:654} INFO - DAG(s) dict_keys(['example_task_group']) retrieved from /home/airflow/.local/lib/python3.8/site-packages/airflow/example_dags/example_task_group.py
[2022-04-06 04:48:31,286] {logging_mixin.py:109} INFO - [2022-04-06 04:48:31,286] {dag.py:2396} INFO - Sync 1 DAGs
[2022-04-06 04:48:31,300] {logging_mixin.py:109} INFO - [2022-04-06 04:48:31,300] {dag.py:2935} INFO - Setting next_dagrun for example_task_group to 2022-04-05T04:48:31.299929+00:00
[2022-04-06 04:48:31,308] {processor.py:171} INFO - Processing /home/airflow/.local/lib/python3.8/site-packages/airflow/example_dags/example_task_group.py took 0.081 seconds
[2022-04-06 04:49:01,643] {processor.py:163} INFO - Started process (PID=1017) to work on /home/airflow/.local/lib/python3.8/site-packages/airflow/example_dags/example_task_group.py
[2022-04-06 04:49:01,644] {processor.py:642} INFO - Processing file /home/airflow/.local/lib/python3.8/site-packages/airflow/example_dags/example_task_group.py for tasks to queue
[2022-04-06 04:49:01,644] {logging_mixin.py:109} INFO - [2022-04-06 04:49:01,644] {dagbag.py:500} INFO - Filling up the DagBag from /home/airflow/.local/lib/python3.8/site-packages/airflow/example_dags/example_task_group.py
[2022-04-06 04:49:01,666] {processor.py:654} INFO - DAG(s) dict_keys(['example_task_group']) retrieved from /home/airflow/.local/lib/python3.8/site-packages/airflow/example_dags/example_task_group.py
[2022-04-06 04:49:01,679] {logging_mixin.py:109} INFO - [2022-04-06 04:49:01,679] {dag.py:2396} INFO - Sync 1 DAGs
[2022-04-06 04:49:01,696] {logging_mixin.py:109} INFO - [2022-04-06 04:49:01,696] {dag.py:2935} INFO - Setting next_dagrun for example_task_group to 2022-04-05T04:49:01.696154+00:00
[2022-04-06 04:49:01,705] {processor.py:171} INFO - Processing /home/airflow/.local/lib/python3.8/site-packages/airflow/example_dags/example_task_group.py took 0.064 seconds
[2022-04-06 04:49:31,814] {processor.py:163} INFO - Started process (PID=1074) to work on /home/airflow/.local/lib/python3.8/site-packages/airflow/example_dags/example_task_group.py
[2022-04-06 04:49:31,814] {processor.py:642} INFO - Processing file /home/airflow/.local/lib/python3.8/site-packages/airflow/example_dags/example_task_group.py for tasks to queue
[2022-04-06 04:49:31,815] {logging_mixin.py:109} INFO - [2022-04-06 04:49:31,815] {dagbag.py:500} INFO - Filling up the DagBag from /home/airflow/.local/lib/python3.8/site-packages/airflow/example_dags/example_task_group.py
[2022-04-06 04:49:31,843] {processor.py:654} INFO - DAG(s) dict_keys(['example_task_group']) retrieved from /home/airflow/.local/lib/python3.8/site-packages/airflow/example_dags/example_task_group.py
[2022-04-06 04:49:31,855] {logging_mixin.py:109} INFO - [2022-04-06 04:49:31,855] {dag.py:2396} INFO - Sync 1 DAGs
[2022-04-06 04:49:31,871] {logging_mixin.py:109} INFO - [2022-04-06 04:49:31,871] {dag.py:2935} INFO - Setting next_dagrun for example_task_group to 2022-04-05T04:49:31.871454+00:00
[2022-04-06 04:49:31,881] {processor.py:171} INFO - Processing /home/airflow/.local/lib/python3.8/site-packages/airflow/example_dags/example_task_group.py took 0.070 seconds
[2022-04-06 04:50:02,380] {processor.py:163} INFO - Started process (PID=1131) to work on /home/airflow/.local/lib/python3.8/site-packages/airflow/example_dags/example_task_group.py
[2022-04-06 04:50:02,382] {processor.py:642} INFO - Processing file /home/airflow/.local/lib/python3.8/site-packages/airflow/example_dags/example_task_group.py for tasks to queue
[2022-04-06 04:50:02,382] {logging_mixin.py:109} INFO - [2022-04-06 04:50:02,382] {dagbag.py:500} INFO - Filling up the DagBag from /home/airflow/.local/lib/python3.8/site-packages/airflow/example_dags/example_task_group.py
[2022-04-06 04:50:02,412] {processor.py:654} INFO - DAG(s) dict_keys(['example_task_group']) retrieved from /home/airflow/.local/lib/python3.8/site-packages/airflow/example_dags/example_task_group.py
[2022-04-06 04:50:02,424] {logging_mixin.py:109} INFO - [2022-04-06 04:50:02,424] {dag.py:2396} INFO - Sync 1 DAGs
[2022-04-06 04:50:02,443] {logging_mixin.py:109} INFO - [2022-04-06 04:50:02,443] {dag.py:2935} INFO - Setting next_dagrun for example_task_group to 2022-04-05T04:50:02.443520+00:00
[2022-04-06 04:50:02,455] {processor.py:171} INFO - Processing /home/airflow/.local/lib/python3.8/site-packages/airflow/example_dags/example_task_group.py took 0.080 seconds
[2022-04-06 04:50:32,578] {processor.py:163} INFO - Started process (PID=1199) to work on /home/airflow/.local/lib/python3.8/site-packages/airflow/example_dags/example_task_group.py
[2022-04-06 04:50:32,579] {processor.py:642} INFO - Processing file /home/airflow/.local/lib/python3.8/site-packages/airflow/example_dags/example_task_group.py for tasks to queue
[2022-04-06 04:50:32,579] {logging_mixin.py:109} INFO - [2022-04-06 04:50:32,579] {dagbag.py:500} INFO - Filling up the DagBag from /home/airflow/.local/lib/python3.8/site-packages/airflow/example_dags/example_task_group.py
[2022-04-06 04:50:32,600] {processor.py:654} INFO - DAG(s) dict_keys(['example_task_group']) retrieved from /home/airflow/.local/lib/python3.8/site-packages/airflow/example_dags/example_task_group.py
[2022-04-06 04:50:32,610] {logging_mixin.py:109} INFO - [2022-04-06 04:50:32,610] {dag.py:2396} INFO - Sync 1 DAGs
[2022-04-06 04:50:32,627] {logging_mixin.py:109} INFO - [2022-04-06 04:50:32,627] {dag.py:2935} INFO - Setting next_dagrun for example_task_group to 2022-04-05T04:50:32.627440+00:00
[2022-04-06 04:50:32,637] {processor.py:171} INFO - Processing /home/airflow/.local/lib/python3.8/site-packages/airflow/example_dags/example_task_group.py took 0.062 seconds
[2022-04-06 04:52:40,639] {processor.py:163} INFO - Started process (PID=36) to work on /home/airflow/.local/lib/python3.8/site-packages/airflow/example_dags/example_task_group.py
[2022-04-06 04:52:40,640] {processor.py:642} INFO - Processing file /home/airflow/.local/lib/python3.8/site-packages/airflow/example_dags/example_task_group.py for tasks to queue
[2022-04-06 04:52:40,641] {logging_mixin.py:109} INFO - [2022-04-06 04:52:40,641] {dagbag.py:500} INFO - Filling up the DagBag from /home/airflow/.local/lib/python3.8/site-packages/airflow/example_dags/example_task_group.py
[2022-04-06 04:52:40,684] {processor.py:654} INFO - DAG(s) dict_keys(['example_task_group']) retrieved from /home/airflow/.local/lib/python3.8/site-packages/airflow/example_dags/example_task_group.py
[2022-04-06 04:52:40,697] {logging_mixin.py:109} INFO - [2022-04-06 04:52:40,697] {dag.py:2396} INFO - Sync 1 DAGs
[2022-04-06 04:52:40,713] {logging_mixin.py:109} INFO - [2022-04-06 04:52:40,713] {dag.py:2935} INFO - Setting next_dagrun for example_task_group to 2022-04-05T04:52:40.713253+00:00
[2022-04-06 04:52:40,722] {processor.py:171} INFO - Processing /home/airflow/.local/lib/python3.8/site-packages/airflow/example_dags/example_task_group.py took 0.093 seconds
[2022-04-06 04:53:11,195] {processor.py:163} INFO - Started process (PID=94) to work on /home/airflow/.local/lib/python3.8/site-packages/airflow/example_dags/example_task_group.py
[2022-04-06 04:53:11,197] {processor.py:642} INFO - Processing file /home/airflow/.local/lib/python3.8/site-packages/airflow/example_dags/example_task_group.py for tasks to queue
[2022-04-06 04:53:11,198] {logging_mixin.py:109} INFO - [2022-04-06 04:53:11,198] {dagbag.py:500} INFO - Filling up the DagBag from /home/airflow/.local/lib/python3.8/site-packages/airflow/example_dags/example_task_group.py
[2022-04-06 04:53:11,226] {processor.py:654} INFO - DAG(s) dict_keys(['example_task_group']) retrieved from /home/airflow/.local/lib/python3.8/site-packages/airflow/example_dags/example_task_group.py
[2022-04-06 04:53:11,237] {logging_mixin.py:109} INFO - [2022-04-06 04:53:11,237] {dag.py:2396} INFO - Sync 1 DAGs
[2022-04-06 04:53:11,250] {logging_mixin.py:109} INFO - [2022-04-06 04:53:11,250] {dag.py:2935} INFO - Setting next_dagrun for example_task_group to 2022-04-05T04:53:11.250487+00:00
[2022-04-06 04:53:11,257] {processor.py:171} INFO - Processing /home/airflow/.local/lib/python3.8/site-packages/airflow/example_dags/example_task_group.py took 0.071 seconds
[2022-04-06 04:53:41,387] {processor.py:163} INFO - Started process (PID=159) to work on /home/airflow/.local/lib/python3.8/site-packages/airflow/example_dags/example_task_group.py
[2022-04-06 04:53:41,388] {processor.py:642} INFO - Processing file /home/airflow/.local/lib/python3.8/site-packages/airflow/example_dags/example_task_group.py for tasks to queue
[2022-04-06 04:53:41,388] {logging_mixin.py:109} INFO - [2022-04-06 04:53:41,388] {dagbag.py:500} INFO - Filling up the DagBag from /home/airflow/.local/lib/python3.8/site-packages/airflow/example_dags/example_task_group.py
[2022-04-06 04:53:41,408] {processor.py:654} INFO - DAG(s) dict_keys(['example_task_group']) retrieved from /home/airflow/.local/lib/python3.8/site-packages/airflow/example_dags/example_task_group.py
[2022-04-06 04:53:41,416] {logging_mixin.py:109} INFO - [2022-04-06 04:53:41,416] {dag.py:2396} INFO - Sync 1 DAGs
[2022-04-06 04:53:41,429] {logging_mixin.py:109} INFO - [2022-04-06 04:53:41,429] {dag.py:2935} INFO - Setting next_dagrun for example_task_group to 2022-04-05T04:53:41.428962+00:00
[2022-04-06 04:53:41,436] {processor.py:171} INFO - Processing /home/airflow/.local/lib/python3.8/site-packages/airflow/example_dags/example_task_group.py took 0.051 seconds
[2022-04-06 04:54:11,777] {processor.py:163} INFO - Started process (PID=217) to work on /home/airflow/.local/lib/python3.8/site-packages/airflow/example_dags/example_task_group.py
[2022-04-06 04:54:11,777] {processor.py:642} INFO - Processing file /home/airflow/.local/lib/python3.8/site-packages/airflow/example_dags/example_task_group.py for tasks to queue
[2022-04-06 04:54:11,778] {logging_mixin.py:109} INFO - [2022-04-06 04:54:11,778] {dagbag.py:500} INFO - Filling up the DagBag from /home/airflow/.local/lib/python3.8/site-packages/airflow/example_dags/example_task_group.py
[2022-04-06 04:54:11,799] {processor.py:654} INFO - DAG(s) dict_keys(['example_task_group']) retrieved from /home/airflow/.local/lib/python3.8/site-packages/airflow/example_dags/example_task_group.py
[2022-04-06 04:54:11,809] {logging_mixin.py:109} INFO - [2022-04-06 04:54:11,809] {dag.py:2396} INFO - Sync 1 DAGs
[2022-04-06 04:54:11,821] {logging_mixin.py:109} INFO - [2022-04-06 04:54:11,821] {dag.py:2935} INFO - Setting next_dagrun for example_task_group to 2022-04-05T04:54:11.821245+00:00
[2022-04-06 04:54:11,829] {processor.py:171} INFO - Processing /home/airflow/.local/lib/python3.8/site-packages/airflow/example_dags/example_task_group.py took 0.054 seconds
[2022-04-06 04:54:42,273] {processor.py:163} INFO - Started process (PID=275) to work on /home/airflow/.local/lib/python3.8/site-packages/airflow/example_dags/example_task_group.py
[2022-04-06 04:54:42,274] {processor.py:642} INFO - Processing file /home/airflow/.local/lib/python3.8/site-packages/airflow/example_dags/example_task_group.py for tasks to queue
[2022-04-06 04:54:42,274] {logging_mixin.py:109} INFO - [2022-04-06 04:54:42,274] {dagbag.py:500} INFO - Filling up the DagBag from /home/airflow/.local/lib/python3.8/site-packages/airflow/example_dags/example_task_group.py
[2022-04-06 04:54:42,305] {processor.py:654} INFO - DAG(s) dict_keys(['example_task_group']) retrieved from /home/airflow/.local/lib/python3.8/site-packages/airflow/example_dags/example_task_group.py
[2022-04-06 04:54:42,316] {logging_mixin.py:109} INFO - [2022-04-06 04:54:42,316] {dag.py:2396} INFO - Sync 1 DAGs
[2022-04-06 04:54:42,333] {logging_mixin.py:109} INFO - [2022-04-06 04:54:42,333] {dag.py:2935} INFO - Setting next_dagrun for example_task_group to 2022-04-05T04:54:42.332784+00:00
[2022-04-06 04:54:42,343] {processor.py:171} INFO - Processing /home/airflow/.local/lib/python3.8/site-packages/airflow/example_dags/example_task_group.py took 0.072 seconds
[2022-04-06 04:55:12,845] {processor.py:163} INFO - Started process (PID=340) to work on /home/airflow/.local/lib/python3.8/site-packages/airflow/example_dags/example_task_group.py
[2022-04-06 04:55:12,846] {processor.py:642} INFO - Processing file /home/airflow/.local/lib/python3.8/site-packages/airflow/example_dags/example_task_group.py for tasks to queue
[2022-04-06 04:55:12,847] {logging_mixin.py:109} INFO - [2022-04-06 04:55:12,847] {dagbag.py:500} INFO - Filling up the DagBag from /home/airflow/.local/lib/python3.8/site-packages/airflow/example_dags/example_task_group.py
[2022-04-06 04:55:12,873] {processor.py:654} INFO - DAG(s) dict_keys(['example_task_group']) retrieved from /home/airflow/.local/lib/python3.8/site-packages/airflow/example_dags/example_task_group.py
[2022-04-06 04:55:12,886] {logging_mixin.py:109} INFO - [2022-04-06 04:55:12,886] {dag.py:2396} INFO - Sync 1 DAGs
[2022-04-06 04:55:12,906] {logging_mixin.py:109} INFO - [2022-04-06 04:55:12,906] {dag.py:2935} INFO - Setting next_dagrun for example_task_group to 2022-04-05T04:55:12.905937+00:00
[2022-04-06 04:55:12,915] {processor.py:171} INFO - Processing /home/airflow/.local/lib/python3.8/site-packages/airflow/example_dags/example_task_group.py took 0.072 seconds
[2022-04-06 04:55:43,286] {processor.py:163} INFO - Started process (PID=398) to work on /home/airflow/.local/lib/python3.8/site-packages/airflow/example_dags/example_task_group.py
[2022-04-06 04:55:43,287] {processor.py:642} INFO - Processing file /home/airflow/.local/lib/python3.8/site-packages/airflow/example_dags/example_task_group.py for tasks to queue
[2022-04-06 04:55:43,288] {logging_mixin.py:109} INFO - [2022-04-06 04:55:43,288] {dagbag.py:500} INFO - Filling up the DagBag from /home/airflow/.local/lib/python3.8/site-packages/airflow/example_dags/example_task_group.py
[2022-04-06 04:55:43,315] {processor.py:654} INFO - DAG(s) dict_keys(['example_task_group']) retrieved from /home/airflow/.local/lib/python3.8/site-packages/airflow/example_dags/example_task_group.py
[2022-04-06 04:55:43,325] {logging_mixin.py:109} INFO - [2022-04-06 04:55:43,325] {dag.py:2396} INFO - Sync 1 DAGs
[2022-04-06 04:55:43,339] {logging_mixin.py:109} INFO - [2022-04-06 04:55:43,339] {dag.py:2935} INFO - Setting next_dagrun for example_task_group to 2022-04-05T04:55:43.338837+00:00
[2022-04-06 04:55:43,346] {processor.py:171} INFO - Processing /home/airflow/.local/lib/python3.8/site-packages/airflow/example_dags/example_task_group.py took 0.064 seconds
[2022-04-06 04:56:13,641] {processor.py:163} INFO - Started process (PID=455) to work on /home/airflow/.local/lib/python3.8/site-packages/airflow/example_dags/example_task_group.py
[2022-04-06 04:56:13,642] {processor.py:642} INFO - Processing file /home/airflow/.local/lib/python3.8/site-packages/airflow/example_dags/example_task_group.py for tasks to queue
[2022-04-06 04:56:13,643] {logging_mixin.py:109} INFO - [2022-04-06 04:56:13,643] {dagbag.py:500} INFO - Filling up the DagBag from /home/airflow/.local/lib/python3.8/site-packages/airflow/example_dags/example_task_group.py
[2022-04-06 04:56:13,672] {processor.py:654} INFO - DAG(s) dict_keys(['example_task_group']) retrieved from /home/airflow/.local/lib/python3.8/site-packages/airflow/example_dags/example_task_group.py
[2022-04-06 04:56:13,683] {logging_mixin.py:109} INFO - [2022-04-06 04:56:13,683] {dag.py:2396} INFO - Sync 1 DAGs
[2022-04-06 04:56:13,700] {logging_mixin.py:109} INFO - [2022-04-06 04:56:13,700] {dag.py:2935} INFO - Setting next_dagrun for example_task_group to 2022-04-05T04:56:13.699753+00:00
[2022-04-06 04:56:13,709] {processor.py:171} INFO - Processing /home/airflow/.local/lib/python3.8/site-packages/airflow/example_dags/example_task_group.py took 0.071 seconds
[2022-04-06 04:56:43,804] {processor.py:163} INFO - Started process (PID=520) to work on /home/airflow/.local/lib/python3.8/site-packages/airflow/example_dags/example_task_group.py
[2022-04-06 04:56:43,805] {processor.py:642} INFO - Processing file /home/airflow/.local/lib/python3.8/site-packages/airflow/example_dags/example_task_group.py for tasks to queue
[2022-04-06 04:56:43,805] {logging_mixin.py:109} INFO - [2022-04-06 04:56:43,805] {dagbag.py:500} INFO - Filling up the DagBag from /home/airflow/.local/lib/python3.8/site-packages/airflow/example_dags/example_task_group.py
[2022-04-06 04:56:43,835] {processor.py:654} INFO - DAG(s) dict_keys(['example_task_group']) retrieved from /home/airflow/.local/lib/python3.8/site-packages/airflow/example_dags/example_task_group.py
[2022-04-06 04:56:43,847] {logging_mixin.py:109} INFO - [2022-04-06 04:56:43,847] {dag.py:2396} INFO - Sync 1 DAGs
[2022-04-06 04:56:43,864] {logging_mixin.py:109} INFO - [2022-04-06 04:56:43,864] {dag.py:2935} INFO - Setting next_dagrun for example_task_group to 2022-04-05T04:56:43.863736+00:00
[2022-04-06 04:56:43,873] {processor.py:171} INFO - Processing /home/airflow/.local/lib/python3.8/site-packages/airflow/example_dags/example_task_group.py took 0.072 seconds
[2022-04-06 04:57:13,989] {processor.py:163} INFO - Started process (PID=577) to work on /home/airflow/.local/lib/python3.8/site-packages/airflow/example_dags/example_task_group.py
[2022-04-06 04:57:13,990] {processor.py:642} INFO - Processing file /home/airflow/.local/lib/python3.8/site-packages/airflow/example_dags/example_task_group.py for tasks to queue
[2022-04-06 04:57:13,991] {logging_mixin.py:109} INFO - [2022-04-06 04:57:13,991] {dagbag.py:500} INFO - Filling up the DagBag from /home/airflow/.local/lib/python3.8/site-packages/airflow/example_dags/example_task_group.py
[2022-04-06 04:57:14,017] {processor.py:654} INFO - DAG(s) dict_keys(['example_task_group']) retrieved from /home/airflow/.local/lib/python3.8/site-packages/airflow/example_dags/example_task_group.py
[2022-04-06 04:57:14,027] {logging_mixin.py:109} INFO - [2022-04-06 04:57:14,027] {dag.py:2396} INFO - Sync 1 DAGs
[2022-04-06 04:57:14,040] {logging_mixin.py:109} INFO - [2022-04-06 04:57:14,040] {dag.py:2935} INFO - Setting next_dagrun for example_task_group to 2022-04-05T04:57:14.040342+00:00
[2022-04-06 04:57:14,048] {processor.py:171} INFO - Processing /home/airflow/.local/lib/python3.8/site-packages/airflow/example_dags/example_task_group.py took 0.063 seconds
[2022-04-06 05:02:29,416] {processor.py:163} INFO - Started process (PID=36) to work on /home/airflow/.local/lib/python3.8/site-packages/airflow/example_dags/example_task_group.py
[2022-04-06 05:02:29,418] {processor.py:642} INFO - Processing file /home/airflow/.local/lib/python3.8/site-packages/airflow/example_dags/example_task_group.py for tasks to queue
[2022-04-06 05:02:29,418] {logging_mixin.py:109} INFO - [2022-04-06 05:02:29,418] {dagbag.py:500} INFO - Filling up the DagBag from /home/airflow/.local/lib/python3.8/site-packages/airflow/example_dags/example_task_group.py
[2022-04-06 05:02:29,462] {processor.py:654} INFO - DAG(s) dict_keys(['example_task_group']) retrieved from /home/airflow/.local/lib/python3.8/site-packages/airflow/example_dags/example_task_group.py
[2022-04-06 05:02:29,482] {logging_mixin.py:109} INFO - [2022-04-06 05:02:29,482] {dag.py:2396} INFO - Sync 1 DAGs
[2022-04-06 05:02:29,500] {logging_mixin.py:109} INFO - [2022-04-06 05:02:29,500] {dag.py:2935} INFO - Setting next_dagrun for example_task_group to 2022-04-05T05:02:29.500156+00:00
[2022-04-06 05:02:29,510] {processor.py:171} INFO - Processing /home/airflow/.local/lib/python3.8/site-packages/airflow/example_dags/example_task_group.py took 0.096 seconds
[2022-04-06 05:03:00,389] {processor.py:163} INFO - Started process (PID=93) to work on /home/airflow/.local/lib/python3.8/site-packages/airflow/example_dags/example_task_group.py
[2022-04-06 05:03:00,390] {processor.py:642} INFO - Processing file /home/airflow/.local/lib/python3.8/site-packages/airflow/example_dags/example_task_group.py for tasks to queue
[2022-04-06 05:03:00,391] {logging_mixin.py:109} INFO - [2022-04-06 05:03:00,391] {dagbag.py:500} INFO - Filling up the DagBag from /home/airflow/.local/lib/python3.8/site-packages/airflow/example_dags/example_task_group.py
[2022-04-06 05:03:00,420] {processor.py:654} INFO - DAG(s) dict_keys(['example_task_group']) retrieved from /home/airflow/.local/lib/python3.8/site-packages/airflow/example_dags/example_task_group.py
[2022-04-06 05:03:00,431] {logging_mixin.py:109} INFO - [2022-04-06 05:03:00,431] {dag.py:2396} INFO - Sync 1 DAGs
[2022-04-06 05:03:00,447] {logging_mixin.py:109} INFO - [2022-04-06 05:03:00,447] {dag.py:2935} INFO - Setting next_dagrun for example_task_group to 2022-04-05T05:03:00.446743+00:00
[2022-04-06 05:03:00,460] {processor.py:171} INFO - Processing /home/airflow/.local/lib/python3.8/site-packages/airflow/example_dags/example_task_group.py took 0.075 seconds
[2022-04-06 05:03:30,771] {processor.py:163} INFO - Started process (PID=159) to work on /home/airflow/.local/lib/python3.8/site-packages/airflow/example_dags/example_task_group.py
[2022-04-06 05:03:30,772] {processor.py:642} INFO - Processing file /home/airflow/.local/lib/python3.8/site-packages/airflow/example_dags/example_task_group.py for tasks to queue
[2022-04-06 05:03:30,773] {logging_mixin.py:109} INFO - [2022-04-06 05:03:30,773] {dagbag.py:500} INFO - Filling up the DagBag from /home/airflow/.local/lib/python3.8/site-packages/airflow/example_dags/example_task_group.py
[2022-04-06 05:03:30,799] {processor.py:654} INFO - DAG(s) dict_keys(['example_task_group']) retrieved from /home/airflow/.local/lib/python3.8/site-packages/airflow/example_dags/example_task_group.py
[2022-04-06 05:03:30,812] {logging_mixin.py:109} INFO - [2022-04-06 05:03:30,812] {dag.py:2396} INFO - Sync 1 DAGs
[2022-04-06 05:03:30,827] {logging_mixin.py:109} INFO - [2022-04-06 05:03:30,827] {dag.py:2935} INFO - Setting next_dagrun for example_task_group to 2022-04-05T05:03:30.827155+00:00
[2022-04-06 05:03:30,836] {processor.py:171} INFO - Processing /home/airflow/.local/lib/python3.8/site-packages/airflow/example_dags/example_task_group.py took 0.067 seconds
