[2022-04-06 04:43:11,969] {processor.py:163} INFO - Started process (PID=180) to work on /home/airflow/.local/lib/python3.8/site-packages/airflow/example_dags/example_latest_only.py
[2022-04-06 04:43:11,970] {processor.py:642} INFO - Processing file /home/airflow/.local/lib/python3.8/site-packages/airflow/example_dags/example_latest_only.py for tasks to queue
[2022-04-06 04:43:11,971] {logging_mixin.py:109} INFO - [2022-04-06 04:43:11,971] {dagbag.py:500} INFO - Filling up the DagBag from /home/airflow/.local/lib/python3.8/site-packages/airflow/example_dags/example_latest_only.py
[2022-04-06 04:43:11,991] {processor.py:654} INFO - DAG(s) dict_keys(['latest_only']) retrieved from /home/airflow/.local/lib/python3.8/site-packages/airflow/example_dags/example_latest_only.py
[2022-04-06 04:43:13,679] {logging_mixin.py:109} INFO - [2022-04-06 04:43:13,679] {manager.py:496} INFO - Created Permission View: can read on DAG:latest_only
[2022-04-06 04:43:13,685] {logging_mixin.py:109} INFO - [2022-04-06 04:43:13,685] {manager.py:496} INFO - Created Permission View: can edit on DAG:latest_only
[2022-04-06 04:43:13,685] {logging_mixin.py:109} INFO - [2022-04-06 04:43:13,685] {dag.py:2396} INFO - Sync 1 DAGs
[2022-04-06 04:43:13,692] {logging_mixin.py:109} INFO - [2022-04-06 04:43:13,692] {dag.py:2415} INFO - Creating ORM DAG for latest_only
[2022-04-06 04:43:13,700] {logging_mixin.py:109} INFO - [2022-04-06 04:43:13,699] {dag.py:2935} INFO - Setting next_dagrun for latest_only to 2022-04-06T00:43:13.699687+00:00
[2022-04-06 04:43:13,711] {processor.py:171} INFO - Processing /home/airflow/.local/lib/python3.8/site-packages/airflow/example_dags/example_latest_only.py took 1.743 seconds
[2022-04-06 04:43:44,547] {processor.py:163} INFO - Started process (PID=374) to work on /home/airflow/.local/lib/python3.8/site-packages/airflow/example_dags/example_latest_only.py
[2022-04-06 04:43:44,547] {processor.py:642} INFO - Processing file /home/airflow/.local/lib/python3.8/site-packages/airflow/example_dags/example_latest_only.py for tasks to queue
[2022-04-06 04:43:44,548] {logging_mixin.py:109} INFO - [2022-04-06 04:43:44,548] {dagbag.py:500} INFO - Filling up the DagBag from /home/airflow/.local/lib/python3.8/site-packages/airflow/example_dags/example_latest_only.py
[2022-04-06 04:43:44,565] {processor.py:654} INFO - DAG(s) dict_keys(['latest_only']) retrieved from /home/airflow/.local/lib/python3.8/site-packages/airflow/example_dags/example_latest_only.py
[2022-04-06 04:43:44,572] {logging_mixin.py:109} INFO - [2022-04-06 04:43:44,572] {dag.py:2396} INFO - Sync 1 DAGs
[2022-04-06 04:43:44,584] {logging_mixin.py:109} INFO - [2022-04-06 04:43:44,584] {dag.py:2935} INFO - Setting next_dagrun for latest_only to 2022-04-06T00:43:44.584464+00:00
[2022-04-06 04:43:44,591] {processor.py:171} INFO - Processing /home/airflow/.local/lib/python3.8/site-packages/airflow/example_dags/example_latest_only.py took 0.046 seconds
[2022-04-06 04:44:14,934] {processor.py:163} INFO - Started process (PID=432) to work on /home/airflow/.local/lib/python3.8/site-packages/airflow/example_dags/example_latest_only.py
[2022-04-06 04:44:14,937] {processor.py:642} INFO - Processing file /home/airflow/.local/lib/python3.8/site-packages/airflow/example_dags/example_latest_only.py for tasks to queue
[2022-04-06 04:44:14,939] {logging_mixin.py:109} INFO - [2022-04-06 04:44:14,938] {dagbag.py:500} INFO - Filling up the DagBag from /home/airflow/.local/lib/python3.8/site-packages/airflow/example_dags/example_latest_only.py
[2022-04-06 04:44:15,010] {processor.py:654} INFO - DAG(s) dict_keys(['latest_only']) retrieved from /home/airflow/.local/lib/python3.8/site-packages/airflow/example_dags/example_latest_only.py
[2022-04-06 04:44:15,032] {logging_mixin.py:109} INFO - [2022-04-06 04:44:15,031] {dag.py:2396} INFO - Sync 1 DAGs
[2022-04-06 04:44:15,058] {logging_mixin.py:109} INFO - [2022-04-06 04:44:15,058] {dag.py:2935} INFO - Setting next_dagrun for latest_only to 2022-04-06T00:44:15.057533+00:00
[2022-04-06 04:44:15,068] {processor.py:171} INFO - Processing /home/airflow/.local/lib/python3.8/site-packages/airflow/example_dags/example_latest_only.py took 0.143 seconds
[2022-04-06 04:44:45,191] {processor.py:163} INFO - Started process (PID=498) to work on /home/airflow/.local/lib/python3.8/site-packages/airflow/example_dags/example_latest_only.py
[2022-04-06 04:44:45,191] {processor.py:642} INFO - Processing file /home/airflow/.local/lib/python3.8/site-packages/airflow/example_dags/example_latest_only.py for tasks to queue
[2022-04-06 04:44:45,192] {logging_mixin.py:109} INFO - [2022-04-06 04:44:45,192] {dagbag.py:500} INFO - Filling up the DagBag from /home/airflow/.local/lib/python3.8/site-packages/airflow/example_dags/example_latest_only.py
[2022-04-06 04:44:45,211] {processor.py:654} INFO - DAG(s) dict_keys(['latest_only']) retrieved from /home/airflow/.local/lib/python3.8/site-packages/airflow/example_dags/example_latest_only.py
[2022-04-06 04:44:45,220] {logging_mixin.py:109} INFO - [2022-04-06 04:44:45,220] {dag.py:2396} INFO - Sync 1 DAGs
[2022-04-06 04:44:45,239] {logging_mixin.py:109} INFO - [2022-04-06 04:44:45,239] {dag.py:2935} INFO - Setting next_dagrun for latest_only to 2022-04-06T00:44:45.238935+00:00
[2022-04-06 04:44:45,248] {processor.py:171} INFO - Processing /home/airflow/.local/lib/python3.8/site-packages/airflow/example_dags/example_latest_only.py took 0.059 seconds
[2022-04-06 04:45:15,496] {processor.py:163} INFO - Started process (PID=555) to work on /home/airflow/.local/lib/python3.8/site-packages/airflow/example_dags/example_latest_only.py
[2022-04-06 04:45:15,497] {processor.py:642} INFO - Processing file /home/airflow/.local/lib/python3.8/site-packages/airflow/example_dags/example_latest_only.py for tasks to queue
[2022-04-06 04:45:15,498] {logging_mixin.py:109} INFO - [2022-04-06 04:45:15,498] {dagbag.py:500} INFO - Filling up the DagBag from /home/airflow/.local/lib/python3.8/site-packages/airflow/example_dags/example_latest_only.py
[2022-04-06 04:45:15,522] {processor.py:654} INFO - DAG(s) dict_keys(['latest_only']) retrieved from /home/airflow/.local/lib/python3.8/site-packages/airflow/example_dags/example_latest_only.py
[2022-04-06 04:45:15,533] {logging_mixin.py:109} INFO - [2022-04-06 04:45:15,533] {dag.py:2396} INFO - Sync 1 DAGs
[2022-04-06 04:45:15,551] {logging_mixin.py:109} INFO - [2022-04-06 04:45:15,551] {dag.py:2935} INFO - Setting next_dagrun for latest_only to 2022-04-06T00:45:15.551132+00:00
[2022-04-06 04:45:15,561] {processor.py:171} INFO - Processing /home/airflow/.local/lib/python3.8/site-packages/airflow/example_dags/example_latest_only.py took 0.067 seconds
[2022-04-06 04:45:45,715] {processor.py:163} INFO - Started process (PID=612) to work on /home/airflow/.local/lib/python3.8/site-packages/airflow/example_dags/example_latest_only.py
[2022-04-06 04:45:45,717] {processor.py:642} INFO - Processing file /home/airflow/.local/lib/python3.8/site-packages/airflow/example_dags/example_latest_only.py for tasks to queue
[2022-04-06 04:45:45,718] {logging_mixin.py:109} INFO - [2022-04-06 04:45:45,718] {dagbag.py:500} INFO - Filling up the DagBag from /home/airflow/.local/lib/python3.8/site-packages/airflow/example_dags/example_latest_only.py
[2022-04-06 04:45:45,743] {processor.py:654} INFO - DAG(s) dict_keys(['latest_only']) retrieved from /home/airflow/.local/lib/python3.8/site-packages/airflow/example_dags/example_latest_only.py
[2022-04-06 04:45:45,753] {logging_mixin.py:109} INFO - [2022-04-06 04:45:45,753] {dag.py:2396} INFO - Sync 1 DAGs
[2022-04-06 04:45:45,769] {logging_mixin.py:109} INFO - [2022-04-06 04:45:45,769] {dag.py:2935} INFO - Setting next_dagrun for latest_only to 2022-04-06T00:45:45.768943+00:00
[2022-04-06 04:45:45,777] {processor.py:171} INFO - Processing /home/airflow/.local/lib/python3.8/site-packages/airflow/example_dags/example_latest_only.py took 0.066 seconds
[2022-04-06 04:46:16,233] {processor.py:163} INFO - Started process (PID=678) to work on /home/airflow/.local/lib/python3.8/site-packages/airflow/example_dags/example_latest_only.py
[2022-04-06 04:46:16,236] {processor.py:642} INFO - Processing file /home/airflow/.local/lib/python3.8/site-packages/airflow/example_dags/example_latest_only.py for tasks to queue
[2022-04-06 04:46:16,237] {logging_mixin.py:109} INFO - [2022-04-06 04:46:16,237] {dagbag.py:500} INFO - Filling up the DagBag from /home/airflow/.local/lib/python3.8/site-packages/airflow/example_dags/example_latest_only.py
[2022-04-06 04:46:16,272] {processor.py:654} INFO - DAG(s) dict_keys(['latest_only']) retrieved from /home/airflow/.local/lib/python3.8/site-packages/airflow/example_dags/example_latest_only.py
[2022-04-06 04:46:16,280] {logging_mixin.py:109} INFO - [2022-04-06 04:46:16,280] {dag.py:2396} INFO - Sync 1 DAGs
[2022-04-06 04:46:16,293] {logging_mixin.py:109} INFO - [2022-04-06 04:46:16,293] {dag.py:2935} INFO - Setting next_dagrun for latest_only to 2022-04-06T00:46:16.293107+00:00
[2022-04-06 04:46:16,300] {processor.py:171} INFO - Processing /home/airflow/.local/lib/python3.8/site-packages/airflow/example_dags/example_latest_only.py took 0.075 seconds
[2022-04-06 04:46:46,576] {processor.py:163} INFO - Started process (PID=735) to work on /home/airflow/.local/lib/python3.8/site-packages/airflow/example_dags/example_latest_only.py
[2022-04-06 04:46:46,577] {processor.py:642} INFO - Processing file /home/airflow/.local/lib/python3.8/site-packages/airflow/example_dags/example_latest_only.py for tasks to queue
[2022-04-06 04:46:46,578] {logging_mixin.py:109} INFO - [2022-04-06 04:46:46,578] {dagbag.py:500} INFO - Filling up the DagBag from /home/airflow/.local/lib/python3.8/site-packages/airflow/example_dags/example_latest_only.py
[2022-04-06 04:46:46,612] {processor.py:654} INFO - DAG(s) dict_keys(['latest_only']) retrieved from /home/airflow/.local/lib/python3.8/site-packages/airflow/example_dags/example_latest_only.py
[2022-04-06 04:46:46,621] {logging_mixin.py:109} INFO - [2022-04-06 04:46:46,621] {dag.py:2396} INFO - Sync 1 DAGs
[2022-04-06 04:46:46,634] {logging_mixin.py:109} INFO - [2022-04-06 04:46:46,634] {dag.py:2935} INFO - Setting next_dagrun for latest_only to 2022-04-06T00:46:46.634152+00:00
[2022-04-06 04:46:46,642] {processor.py:171} INFO - Processing /home/airflow/.local/lib/python3.8/site-packages/airflow/example_dags/example_latest_only.py took 0.073 seconds
[2022-04-06 04:47:16,733] {processor.py:163} INFO - Started process (PID=800) to work on /home/airflow/.local/lib/python3.8/site-packages/airflow/example_dags/example_latest_only.py
[2022-04-06 04:47:16,734] {processor.py:642} INFO - Processing file /home/airflow/.local/lib/python3.8/site-packages/airflow/example_dags/example_latest_only.py for tasks to queue
[2022-04-06 04:47:16,734] {logging_mixin.py:109} INFO - [2022-04-06 04:47:16,734] {dagbag.py:500} INFO - Filling up the DagBag from /home/airflow/.local/lib/python3.8/site-packages/airflow/example_dags/example_latest_only.py
[2022-04-06 04:47:16,753] {processor.py:654} INFO - DAG(s) dict_keys(['latest_only']) retrieved from /home/airflow/.local/lib/python3.8/site-packages/airflow/example_dags/example_latest_only.py
[2022-04-06 04:47:16,761] {logging_mixin.py:109} INFO - [2022-04-06 04:47:16,761] {dag.py:2396} INFO - Sync 1 DAGs
[2022-04-06 04:47:16,774] {logging_mixin.py:109} INFO - [2022-04-06 04:47:16,774] {dag.py:2935} INFO - Setting next_dagrun for latest_only to 2022-04-06T00:47:16.774495+00:00
[2022-04-06 04:47:16,782] {processor.py:171} INFO - Processing /home/airflow/.local/lib/python3.8/site-packages/airflow/example_dags/example_latest_only.py took 0.051 seconds
[2022-04-06 04:47:46,960] {processor.py:163} INFO - Started process (PID=859) to work on /home/airflow/.local/lib/python3.8/site-packages/airflow/example_dags/example_latest_only.py
[2022-04-06 04:47:46,962] {processor.py:642} INFO - Processing file /home/airflow/.local/lib/python3.8/site-packages/airflow/example_dags/example_latest_only.py for tasks to queue
[2022-04-06 04:47:46,963] {logging_mixin.py:109} INFO - [2022-04-06 04:47:46,962] {dagbag.py:500} INFO - Filling up the DagBag from /home/airflow/.local/lib/python3.8/site-packages/airflow/example_dags/example_latest_only.py
[2022-04-06 04:47:46,992] {processor.py:654} INFO - DAG(s) dict_keys(['latest_only']) retrieved from /home/airflow/.local/lib/python3.8/site-packages/airflow/example_dags/example_latest_only.py
[2022-04-06 04:47:47,002] {logging_mixin.py:109} INFO - [2022-04-06 04:47:47,002] {dag.py:2396} INFO - Sync 1 DAGs
[2022-04-06 04:47:47,015] {logging_mixin.py:109} INFO - [2022-04-06 04:47:47,015] {dag.py:2935} INFO - Setting next_dagrun for latest_only to 2022-04-06T00:47:47.015048+00:00
[2022-04-06 04:47:47,022] {processor.py:171} INFO - Processing /home/airflow/.local/lib/python3.8/site-packages/airflow/example_dags/example_latest_only.py took 0.067 seconds
[2022-04-06 04:48:17,618] {processor.py:163} INFO - Started process (PID=919) to work on /home/airflow/.local/lib/python3.8/site-packages/airflow/example_dags/example_latest_only.py
[2022-04-06 04:48:17,619] {processor.py:642} INFO - Processing file /home/airflow/.local/lib/python3.8/site-packages/airflow/example_dags/example_latest_only.py for tasks to queue
[2022-04-06 04:48:17,620] {logging_mixin.py:109} INFO - [2022-04-06 04:48:17,620] {dagbag.py:500} INFO - Filling up the DagBag from /home/airflow/.local/lib/python3.8/site-packages/airflow/example_dags/example_latest_only.py
[2022-04-06 04:48:17,648] {processor.py:654} INFO - DAG(s) dict_keys(['latest_only']) retrieved from /home/airflow/.local/lib/python3.8/site-packages/airflow/example_dags/example_latest_only.py
[2022-04-06 04:48:17,658] {logging_mixin.py:109} INFO - [2022-04-06 04:48:17,658] {dag.py:2396} INFO - Sync 1 DAGs
[2022-04-06 04:48:17,674] {logging_mixin.py:109} INFO - [2022-04-06 04:48:17,673] {dag.py:2935} INFO - Setting next_dagrun for latest_only to 2022-04-06T00:48:17.673615+00:00
[2022-04-06 04:48:17,685] {processor.py:171} INFO - Processing /home/airflow/.local/lib/python3.8/site-packages/airflow/example_dags/example_latest_only.py took 0.070 seconds
[2022-04-06 04:48:47,904] {processor.py:163} INFO - Started process (PID=986) to work on /home/airflow/.local/lib/python3.8/site-packages/airflow/example_dags/example_latest_only.py
[2022-04-06 04:48:47,905] {processor.py:642} INFO - Processing file /home/airflow/.local/lib/python3.8/site-packages/airflow/example_dags/example_latest_only.py for tasks to queue
[2022-04-06 04:48:47,906] {logging_mixin.py:109} INFO - [2022-04-06 04:48:47,906] {dagbag.py:500} INFO - Filling up the DagBag from /home/airflow/.local/lib/python3.8/site-packages/airflow/example_dags/example_latest_only.py
[2022-04-06 04:48:47,926] {processor.py:654} INFO - DAG(s) dict_keys(['latest_only']) retrieved from /home/airflow/.local/lib/python3.8/site-packages/airflow/example_dags/example_latest_only.py
[2022-04-06 04:48:47,934] {logging_mixin.py:109} INFO - [2022-04-06 04:48:47,934] {dag.py:2396} INFO - Sync 1 DAGs
[2022-04-06 04:48:47,949] {logging_mixin.py:109} INFO - [2022-04-06 04:48:47,949] {dag.py:2935} INFO - Setting next_dagrun for latest_only to 2022-04-06T00:48:47.948892+00:00
[2022-04-06 04:48:47,958] {processor.py:171} INFO - Processing /home/airflow/.local/lib/python3.8/site-packages/airflow/example_dags/example_latest_only.py took 0.056 seconds
[2022-04-06 04:49:18,551] {processor.py:163} INFO - Started process (PID=1043) to work on /home/airflow/.local/lib/python3.8/site-packages/airflow/example_dags/example_latest_only.py
[2022-04-06 04:49:18,552] {processor.py:642} INFO - Processing file /home/airflow/.local/lib/python3.8/site-packages/airflow/example_dags/example_latest_only.py for tasks to queue
[2022-04-06 04:49:18,553] {logging_mixin.py:109} INFO - [2022-04-06 04:49:18,553] {dagbag.py:500} INFO - Filling up the DagBag from /home/airflow/.local/lib/python3.8/site-packages/airflow/example_dags/example_latest_only.py
[2022-04-06 04:49:18,579] {processor.py:654} INFO - DAG(s) dict_keys(['latest_only']) retrieved from /home/airflow/.local/lib/python3.8/site-packages/airflow/example_dags/example_latest_only.py
[2022-04-06 04:49:18,588] {logging_mixin.py:109} INFO - [2022-04-06 04:49:18,588] {dag.py:2396} INFO - Sync 1 DAGs
[2022-04-06 04:49:18,604] {logging_mixin.py:109} INFO - [2022-04-06 04:49:18,604] {dag.py:2935} INFO - Setting next_dagrun for latest_only to 2022-04-06T00:49:18.604573+00:00
[2022-04-06 04:49:18,615] {processor.py:171} INFO - Processing /home/airflow/.local/lib/python3.8/site-packages/airflow/example_dags/example_latest_only.py took 0.069 seconds
[2022-04-06 04:49:48,836] {processor.py:163} INFO - Started process (PID=1100) to work on /home/airflow/.local/lib/python3.8/site-packages/airflow/example_dags/example_latest_only.py
[2022-04-06 04:49:48,838] {processor.py:642} INFO - Processing file /home/airflow/.local/lib/python3.8/site-packages/airflow/example_dags/example_latest_only.py for tasks to queue
[2022-04-06 04:49:48,839] {logging_mixin.py:109} INFO - [2022-04-06 04:49:48,838] {dagbag.py:500} INFO - Filling up the DagBag from /home/airflow/.local/lib/python3.8/site-packages/airflow/example_dags/example_latest_only.py
[2022-04-06 04:49:48,868] {processor.py:654} INFO - DAG(s) dict_keys(['latest_only']) retrieved from /home/airflow/.local/lib/python3.8/site-packages/airflow/example_dags/example_latest_only.py
[2022-04-06 04:49:48,880] {logging_mixin.py:109} INFO - [2022-04-06 04:49:48,880] {dag.py:2396} INFO - Sync 1 DAGs
[2022-04-06 04:49:48,897] {logging_mixin.py:109} INFO - [2022-04-06 04:49:48,897] {dag.py:2935} INFO - Setting next_dagrun for latest_only to 2022-04-06T00:49:48.897546+00:00
[2022-04-06 04:49:48,909] {processor.py:171} INFO - Processing /home/airflow/.local/lib/python3.8/site-packages/airflow/example_dags/example_latest_only.py took 0.077 seconds
[2022-04-06 04:50:19,281] {processor.py:163} INFO - Started process (PID=1167) to work on /home/airflow/.local/lib/python3.8/site-packages/airflow/example_dags/example_latest_only.py
[2022-04-06 04:50:19,282] {processor.py:642} INFO - Processing file /home/airflow/.local/lib/python3.8/site-packages/airflow/example_dags/example_latest_only.py for tasks to queue
[2022-04-06 04:50:19,282] {logging_mixin.py:109} INFO - [2022-04-06 04:50:19,282] {dagbag.py:500} INFO - Filling up the DagBag from /home/airflow/.local/lib/python3.8/site-packages/airflow/example_dags/example_latest_only.py
[2022-04-06 04:50:19,307] {processor.py:654} INFO - DAG(s) dict_keys(['latest_only']) retrieved from /home/airflow/.local/lib/python3.8/site-packages/airflow/example_dags/example_latest_only.py
[2022-04-06 04:50:19,319] {logging_mixin.py:109} INFO - [2022-04-06 04:50:19,319] {dag.py:2396} INFO - Sync 1 DAGs
[2022-04-06 04:50:19,339] {logging_mixin.py:109} INFO - [2022-04-06 04:50:19,339] {dag.py:2935} INFO - Setting next_dagrun for latest_only to 2022-04-06T00:50:19.339136+00:00
[2022-04-06 04:50:19,350] {processor.py:171} INFO - Processing /home/airflow/.local/lib/python3.8/site-packages/airflow/example_dags/example_latest_only.py took 0.072 seconds
[2022-04-06 04:50:49,486] {processor.py:163} INFO - Started process (PID=1225) to work on /home/airflow/.local/lib/python3.8/site-packages/airflow/example_dags/example_latest_only.py
[2022-04-06 04:50:49,487] {processor.py:642} INFO - Processing file /home/airflow/.local/lib/python3.8/site-packages/airflow/example_dags/example_latest_only.py for tasks to queue
[2022-04-06 04:50:49,488] {logging_mixin.py:109} INFO - [2022-04-06 04:50:49,488] {dagbag.py:500} INFO - Filling up the DagBag from /home/airflow/.local/lib/python3.8/site-packages/airflow/example_dags/example_latest_only.py
[2022-04-06 04:50:49,510] {processor.py:654} INFO - DAG(s) dict_keys(['latest_only']) retrieved from /home/airflow/.local/lib/python3.8/site-packages/airflow/example_dags/example_latest_only.py
[2022-04-06 04:50:49,521] {logging_mixin.py:109} INFO - [2022-04-06 04:50:49,521] {dag.py:2396} INFO - Sync 1 DAGs
[2022-04-06 04:50:49,541] {logging_mixin.py:109} INFO - [2022-04-06 04:50:49,541] {dag.py:2935} INFO - Setting next_dagrun for latest_only to 2022-04-06T00:50:49.541390+00:00
[2022-04-06 04:50:49,552] {processor.py:171} INFO - Processing /home/airflow/.local/lib/python3.8/site-packages/airflow/example_dags/example_latest_only.py took 0.069 seconds
[2022-04-06 04:52:42,853] {processor.py:163} INFO - Started process (PID=58) to work on /home/airflow/.local/lib/python3.8/site-packages/airflow/example_dags/example_latest_only.py
[2022-04-06 04:52:42,854] {processor.py:642} INFO - Processing file /home/airflow/.local/lib/python3.8/site-packages/airflow/example_dags/example_latest_only.py for tasks to queue
[2022-04-06 04:52:42,854] {logging_mixin.py:109} INFO - [2022-04-06 04:52:42,854] {dagbag.py:500} INFO - Filling up the DagBag from /home/airflow/.local/lib/python3.8/site-packages/airflow/example_dags/example_latest_only.py
[2022-04-06 04:52:42,883] {processor.py:654} INFO - DAG(s) dict_keys(['latest_only']) retrieved from /home/airflow/.local/lib/python3.8/site-packages/airflow/example_dags/example_latest_only.py
[2022-04-06 04:52:42,895] {logging_mixin.py:109} INFO - [2022-04-06 04:52:42,895] {dag.py:2396} INFO - Sync 1 DAGs
[2022-04-06 04:52:42,915] {logging_mixin.py:109} INFO - [2022-04-06 04:52:42,915] {dag.py:2935} INFO - Setting next_dagrun for latest_only to 2022-04-06T00:52:42.914845+00:00
[2022-04-06 04:52:42,925] {processor.py:171} INFO - Processing /home/airflow/.local/lib/python3.8/site-packages/airflow/example_dags/example_latest_only.py took 0.076 seconds
[2022-04-06 04:53:13,425] {processor.py:163} INFO - Started process (PID=117) to work on /home/airflow/.local/lib/python3.8/site-packages/airflow/example_dags/example_latest_only.py
[2022-04-06 04:53:13,426] {processor.py:642} INFO - Processing file /home/airflow/.local/lib/python3.8/site-packages/airflow/example_dags/example_latest_only.py for tasks to queue
[2022-04-06 04:53:13,426] {logging_mixin.py:109} INFO - [2022-04-06 04:53:13,426] {dagbag.py:500} INFO - Filling up the DagBag from /home/airflow/.local/lib/python3.8/site-packages/airflow/example_dags/example_latest_only.py
[2022-04-06 04:53:13,448] {processor.py:654} INFO - DAG(s) dict_keys(['latest_only']) retrieved from /home/airflow/.local/lib/python3.8/site-packages/airflow/example_dags/example_latest_only.py
[2022-04-06 04:53:13,457] {logging_mixin.py:109} INFO - [2022-04-06 04:53:13,457] {dag.py:2396} INFO - Sync 1 DAGs
[2022-04-06 04:53:13,471] {logging_mixin.py:109} INFO - [2022-04-06 04:53:13,470] {dag.py:2935} INFO - Setting next_dagrun for latest_only to 2022-04-06T00:53:13.470654+00:00
[2022-04-06 04:53:13,478] {processor.py:171} INFO - Processing /home/airflow/.local/lib/python3.8/site-packages/airflow/example_dags/example_latest_only.py took 0.056 seconds
[2022-04-06 04:53:44,647] {processor.py:163} INFO - Started process (PID=183) to work on /home/airflow/.local/lib/python3.8/site-packages/airflow/example_dags/example_latest_only.py
[2022-04-06 04:53:44,648] {processor.py:642} INFO - Processing file /home/airflow/.local/lib/python3.8/site-packages/airflow/example_dags/example_latest_only.py for tasks to queue
[2022-04-06 04:53:44,649] {logging_mixin.py:109} INFO - [2022-04-06 04:53:44,649] {dagbag.py:500} INFO - Filling up the DagBag from /home/airflow/.local/lib/python3.8/site-packages/airflow/example_dags/example_latest_only.py
[2022-04-06 04:53:44,686] {processor.py:654} INFO - DAG(s) dict_keys(['latest_only']) retrieved from /home/airflow/.local/lib/python3.8/site-packages/airflow/example_dags/example_latest_only.py
[2022-04-06 04:53:44,697] {logging_mixin.py:109} INFO - [2022-04-06 04:53:44,697] {dag.py:2396} INFO - Sync 1 DAGs
[2022-04-06 04:53:44,715] {logging_mixin.py:109} INFO - [2022-04-06 04:53:44,715] {dag.py:2935} INFO - Setting next_dagrun for latest_only to 2022-04-06T00:53:44.715484+00:00
[2022-04-06 04:53:44,725] {processor.py:171} INFO - Processing /home/airflow/.local/lib/python3.8/site-packages/airflow/example_dags/example_latest_only.py took 0.081 seconds
[2022-04-06 04:54:15,080] {processor.py:163} INFO - Started process (PID=240) to work on /home/airflow/.local/lib/python3.8/site-packages/airflow/example_dags/example_latest_only.py
[2022-04-06 04:54:15,081] {processor.py:642} INFO - Processing file /home/airflow/.local/lib/python3.8/site-packages/airflow/example_dags/example_latest_only.py for tasks to queue
[2022-04-06 04:54:15,081] {logging_mixin.py:109} INFO - [2022-04-06 04:54:15,081] {dagbag.py:500} INFO - Filling up the DagBag from /home/airflow/.local/lib/python3.8/site-packages/airflow/example_dags/example_latest_only.py
[2022-04-06 04:54:15,100] {processor.py:654} INFO - DAG(s) dict_keys(['latest_only']) retrieved from /home/airflow/.local/lib/python3.8/site-packages/airflow/example_dags/example_latest_only.py
[2022-04-06 04:54:15,107] {logging_mixin.py:109} INFO - [2022-04-06 04:54:15,107] {dag.py:2396} INFO - Sync 1 DAGs
[2022-04-06 04:54:15,119] {logging_mixin.py:109} INFO - [2022-04-06 04:54:15,119] {dag.py:2935} INFO - Setting next_dagrun for latest_only to 2022-04-06T00:54:15.118910+00:00
[2022-04-06 04:54:15,126] {processor.py:171} INFO - Processing /home/airflow/.local/lib/python3.8/site-packages/airflow/example_dags/example_latest_only.py took 0.048 seconds
[2022-04-06 04:54:46,229] {processor.py:163} INFO - Started process (PID=306) to work on /home/airflow/.local/lib/python3.8/site-packages/airflow/example_dags/example_latest_only.py
[2022-04-06 04:54:46,230] {processor.py:642} INFO - Processing file /home/airflow/.local/lib/python3.8/site-packages/airflow/example_dags/example_latest_only.py for tasks to queue
[2022-04-06 04:54:46,231] {logging_mixin.py:109} INFO - [2022-04-06 04:54:46,231] {dagbag.py:500} INFO - Filling up the DagBag from /home/airflow/.local/lib/python3.8/site-packages/airflow/example_dags/example_latest_only.py
[2022-04-06 04:54:46,254] {processor.py:654} INFO - DAG(s) dict_keys(['latest_only']) retrieved from /home/airflow/.local/lib/python3.8/site-packages/airflow/example_dags/example_latest_only.py
[2022-04-06 04:54:46,263] {logging_mixin.py:109} INFO - [2022-04-06 04:54:46,263] {dag.py:2396} INFO - Sync 1 DAGs
[2022-04-06 04:54:46,279] {logging_mixin.py:109} INFO - [2022-04-06 04:54:46,278] {dag.py:2935} INFO - Setting next_dagrun for latest_only to 2022-04-06T00:54:46.278684+00:00
[2022-04-06 04:54:46,287] {processor.py:171} INFO - Processing /home/airflow/.local/lib/python3.8/site-packages/airflow/example_dags/example_latest_only.py took 0.060 seconds
[2022-04-06 04:55:16,612] {processor.py:163} INFO - Started process (PID=354) to work on /home/airflow/.local/lib/python3.8/site-packages/airflow/example_dags/example_latest_only.py
[2022-04-06 04:55:16,614] {processor.py:642} INFO - Processing file /home/airflow/.local/lib/python3.8/site-packages/airflow/example_dags/example_latest_only.py for tasks to queue
[2022-04-06 04:55:16,616] {logging_mixin.py:109} INFO - [2022-04-06 04:55:16,616] {dagbag.py:500} INFO - Filling up the DagBag from /home/airflow/.local/lib/python3.8/site-packages/airflow/example_dags/example_latest_only.py
[2022-04-06 04:55:16,645] {processor.py:654} INFO - DAG(s) dict_keys(['latest_only']) retrieved from /home/airflow/.local/lib/python3.8/site-packages/airflow/example_dags/example_latest_only.py
[2022-04-06 04:55:16,654] {logging_mixin.py:109} INFO - [2022-04-06 04:55:16,653] {dag.py:2396} INFO - Sync 1 DAGs
[2022-04-06 04:55:16,669] {logging_mixin.py:109} INFO - [2022-04-06 04:55:16,668] {dag.py:2935} INFO - Setting next_dagrun for latest_only to 2022-04-06T00:55:16.668651+00:00
[2022-04-06 04:55:16,677] {processor.py:171} INFO - Processing /home/airflow/.local/lib/python3.8/site-packages/airflow/example_dags/example_latest_only.py took 0.073 seconds
[2022-04-06 04:55:46,923] {processor.py:163} INFO - Started process (PID=412) to work on /home/airflow/.local/lib/python3.8/site-packages/airflow/example_dags/example_latest_only.py
[2022-04-06 04:55:46,924] {processor.py:642} INFO - Processing file /home/airflow/.local/lib/python3.8/site-packages/airflow/example_dags/example_latest_only.py for tasks to queue
[2022-04-06 04:55:46,925] {logging_mixin.py:109} INFO - [2022-04-06 04:55:46,925] {dagbag.py:500} INFO - Filling up the DagBag from /home/airflow/.local/lib/python3.8/site-packages/airflow/example_dags/example_latest_only.py
[2022-04-06 04:55:46,949] {processor.py:654} INFO - DAG(s) dict_keys(['latest_only']) retrieved from /home/airflow/.local/lib/python3.8/site-packages/airflow/example_dags/example_latest_only.py
[2022-04-06 04:55:46,961] {logging_mixin.py:109} INFO - [2022-04-06 04:55:46,961] {dag.py:2396} INFO - Sync 1 DAGs
[2022-04-06 04:55:46,980] {logging_mixin.py:109} INFO - [2022-04-06 04:55:46,980] {dag.py:2935} INFO - Setting next_dagrun for latest_only to 2022-04-06T00:55:46.980498+00:00
[2022-04-06 04:55:46,989] {processor.py:171} INFO - Processing /home/airflow/.local/lib/python3.8/site-packages/airflow/example_dags/example_latest_only.py took 0.069 seconds
[2022-04-06 04:56:17,271] {processor.py:163} INFO - Started process (PID=477) to work on /home/airflow/.local/lib/python3.8/site-packages/airflow/example_dags/example_latest_only.py
[2022-04-06 04:56:17,272] {processor.py:642} INFO - Processing file /home/airflow/.local/lib/python3.8/site-packages/airflow/example_dags/example_latest_only.py for tasks to queue
[2022-04-06 04:56:17,272] {logging_mixin.py:109} INFO - [2022-04-06 04:56:17,272] {dagbag.py:500} INFO - Filling up the DagBag from /home/airflow/.local/lib/python3.8/site-packages/airflow/example_dags/example_latest_only.py
[2022-04-06 04:56:17,294] {processor.py:654} INFO - DAG(s) dict_keys(['latest_only']) retrieved from /home/airflow/.local/lib/python3.8/site-packages/airflow/example_dags/example_latest_only.py
[2022-04-06 04:56:17,303] {logging_mixin.py:109} INFO - [2022-04-06 04:56:17,303] {dag.py:2396} INFO - Sync 1 DAGs
[2022-04-06 04:56:17,317] {logging_mixin.py:109} INFO - [2022-04-06 04:56:17,316] {dag.py:2935} INFO - Setting next_dagrun for latest_only to 2022-04-06T00:56:17.316680+00:00
[2022-04-06 04:56:17,324] {processor.py:171} INFO - Processing /home/airflow/.local/lib/python3.8/site-packages/airflow/example_dags/example_latest_only.py took 0.055 seconds
[2022-04-06 04:56:47,625] {processor.py:163} INFO - Started process (PID=534) to work on /home/airflow/.local/lib/python3.8/site-packages/airflow/example_dags/example_latest_only.py
[2022-04-06 04:56:47,626] {processor.py:642} INFO - Processing file /home/airflow/.local/lib/python3.8/site-packages/airflow/example_dags/example_latest_only.py for tasks to queue
[2022-04-06 04:56:47,627] {logging_mixin.py:109} INFO - [2022-04-06 04:56:47,627] {dagbag.py:500} INFO - Filling up the DagBag from /home/airflow/.local/lib/python3.8/site-packages/airflow/example_dags/example_latest_only.py
[2022-04-06 04:56:47,657] {processor.py:654} INFO - DAG(s) dict_keys(['latest_only']) retrieved from /home/airflow/.local/lib/python3.8/site-packages/airflow/example_dags/example_latest_only.py
[2022-04-06 04:56:47,669] {logging_mixin.py:109} INFO - [2022-04-06 04:56:47,668] {dag.py:2396} INFO - Sync 1 DAGs
[2022-04-06 04:56:47,685] {logging_mixin.py:109} INFO - [2022-04-06 04:56:47,684] {dag.py:2935} INFO - Setting next_dagrun for latest_only to 2022-04-06T00:56:47.684701+00:00
[2022-04-06 04:56:47,703] {processor.py:171} INFO - Processing /home/airflow/.local/lib/python3.8/site-packages/airflow/example_dags/example_latest_only.py took 0.082 seconds
[2022-04-06 04:57:17,743] {processor.py:163} INFO - Started process (PID=590) to work on /home/airflow/.local/lib/python3.8/site-packages/airflow/example_dags/example_latest_only.py
[2022-04-06 04:57:17,744] {processor.py:642} INFO - Processing file /home/airflow/.local/lib/python3.8/site-packages/airflow/example_dags/example_latest_only.py for tasks to queue
[2022-04-06 04:57:17,744] {logging_mixin.py:109} INFO - [2022-04-06 04:57:17,744] {dagbag.py:500} INFO - Filling up the DagBag from /home/airflow/.local/lib/python3.8/site-packages/airflow/example_dags/example_latest_only.py
[2022-04-06 04:57:17,765] {processor.py:654} INFO - DAG(s) dict_keys(['latest_only']) retrieved from /home/airflow/.local/lib/python3.8/site-packages/airflow/example_dags/example_latest_only.py
[2022-04-06 04:57:17,773] {logging_mixin.py:109} INFO - [2022-04-06 04:57:17,773] {dag.py:2396} INFO - Sync 1 DAGs
[2022-04-06 04:57:17,786] {logging_mixin.py:109} INFO - [2022-04-06 04:57:17,786] {dag.py:2935} INFO - Setting next_dagrun for latest_only to 2022-04-06T00:57:17.786020+00:00
[2022-04-06 04:57:17,793] {processor.py:171} INFO - Processing /home/airflow/.local/lib/python3.8/site-packages/airflow/example_dags/example_latest_only.py took 0.053 seconds
[2022-04-06 05:02:31,368] {processor.py:163} INFO - Started process (PID=58) to work on /home/airflow/.local/lib/python3.8/site-packages/airflow/example_dags/example_latest_only.py
[2022-04-06 05:02:31,369] {processor.py:642} INFO - Processing file /home/airflow/.local/lib/python3.8/site-packages/airflow/example_dags/example_latest_only.py for tasks to queue
[2022-04-06 05:02:31,369] {logging_mixin.py:109} INFO - [2022-04-06 05:02:31,369] {dagbag.py:500} INFO - Filling up the DagBag from /home/airflow/.local/lib/python3.8/site-packages/airflow/example_dags/example_latest_only.py
[2022-04-06 05:02:31,388] {processor.py:654} INFO - DAG(s) dict_keys(['latest_only']) retrieved from /home/airflow/.local/lib/python3.8/site-packages/airflow/example_dags/example_latest_only.py
[2022-04-06 05:02:31,395] {logging_mixin.py:109} INFO - [2022-04-06 05:02:31,395] {dag.py:2396} INFO - Sync 1 DAGs
[2022-04-06 05:02:31,408] {logging_mixin.py:109} INFO - [2022-04-06 05:02:31,408] {dag.py:2935} INFO - Setting next_dagrun for latest_only to 2022-04-06T01:02:31.407995+00:00
[2022-04-06 05:02:31,415] {processor.py:171} INFO - Processing /home/airflow/.local/lib/python3.8/site-packages/airflow/example_dags/example_latest_only.py took 0.049 seconds
[2022-04-06 05:03:02,752] {processor.py:163} INFO - Started process (PID=124) to work on /home/airflow/.local/lib/python3.8/site-packages/airflow/example_dags/example_latest_only.py
[2022-04-06 05:03:02,753] {processor.py:642} INFO - Processing file /home/airflow/.local/lib/python3.8/site-packages/airflow/example_dags/example_latest_only.py for tasks to queue
[2022-04-06 05:03:02,754] {logging_mixin.py:109} INFO - [2022-04-06 05:03:02,754] {dagbag.py:500} INFO - Filling up the DagBag from /home/airflow/.local/lib/python3.8/site-packages/airflow/example_dags/example_latest_only.py
[2022-04-06 05:03:02,781] {processor.py:654} INFO - DAG(s) dict_keys(['latest_only']) retrieved from /home/airflow/.local/lib/python3.8/site-packages/airflow/example_dags/example_latest_only.py
[2022-04-06 05:03:02,794] {logging_mixin.py:109} INFO - [2022-04-06 05:03:02,793] {dag.py:2396} INFO - Sync 1 DAGs
[2022-04-06 05:03:02,812] {logging_mixin.py:109} INFO - [2022-04-06 05:03:02,812] {dag.py:2935} INFO - Setting next_dagrun for latest_only to 2022-04-06T01:03:02.812464+00:00
[2022-04-06 05:03:02,822] {processor.py:171} INFO - Processing /home/airflow/.local/lib/python3.8/site-packages/airflow/example_dags/example_latest_only.py took 0.073 seconds
[2022-04-06 05:03:33,913] {processor.py:163} INFO - Started process (PID=182) to work on /home/airflow/.local/lib/python3.8/site-packages/airflow/example_dags/example_latest_only.py
[2022-04-06 05:03:33,914] {processor.py:642} INFO - Processing file /home/airflow/.local/lib/python3.8/site-packages/airflow/example_dags/example_latest_only.py for tasks to queue
[2022-04-06 05:03:33,915] {logging_mixin.py:109} INFO - [2022-04-06 05:03:33,915] {dagbag.py:500} INFO - Filling up the DagBag from /home/airflow/.local/lib/python3.8/site-packages/airflow/example_dags/example_latest_only.py
[2022-04-06 05:03:33,934] {processor.py:654} INFO - DAG(s) dict_keys(['latest_only']) retrieved from /home/airflow/.local/lib/python3.8/site-packages/airflow/example_dags/example_latest_only.py
[2022-04-06 05:03:33,941] {logging_mixin.py:109} INFO - [2022-04-06 05:03:33,941] {dag.py:2396} INFO - Sync 1 DAGs
[2022-04-06 05:03:33,954] {logging_mixin.py:109} INFO - [2022-04-06 05:03:33,954] {dag.py:2935} INFO - Setting next_dagrun for latest_only to 2022-04-06T01:03:33.953837+00:00
[2022-04-06 05:03:33,961] {processor.py:171} INFO - Processing /home/airflow/.local/lib/python3.8/site-packages/airflow/example_dags/example_latest_only.py took 0.050 seconds
