[2022-04-06 04:43:19,777] {processor.py:163} INFO - Started process (PID=260) to work on /home/airflow/.local/lib/python3.8/site-packages/airflow/example_dags/example_python_operator.py
[2022-04-06 04:43:19,778] {processor.py:642} INFO - Processing file /home/airflow/.local/lib/python3.8/site-packages/airflow/example_dags/example_python_operator.py for tasks to queue
[2022-04-06 04:43:19,779] {logging_mixin.py:109} INFO - [2022-04-06 04:43:19,779] {dagbag.py:500} INFO - Filling up the DagBag from /home/airflow/.local/lib/python3.8/site-packages/airflow/example_dags/example_python_operator.py
[2022-04-06 04:43:19,803] {processor.py:654} INFO - DAG(s) dict_keys(['example_python_operator']) retrieved from /home/airflow/.local/lib/python3.8/site-packages/airflow/example_dags/example_python_operator.py
[2022-04-06 04:43:21,502] {logging_mixin.py:109} INFO - [2022-04-06 04:43:21,502] {manager.py:496} INFO - Created Permission View: can read on DAG:example_python_operator
[2022-04-06 04:43:21,509] {logging_mixin.py:109} INFO - [2022-04-06 04:43:21,509] {manager.py:496} INFO - Created Permission View: can edit on DAG:example_python_operator
[2022-04-06 04:43:21,510] {logging_mixin.py:109} INFO - [2022-04-06 04:43:21,510] {dag.py:2396} INFO - Sync 1 DAGs
[2022-04-06 04:43:21,516] {logging_mixin.py:109} INFO - [2022-04-06 04:43:21,515] {dag.py:2415} INFO - Creating ORM DAG for example_python_operator
[2022-04-06 04:43:21,522] {logging_mixin.py:109} INFO - [2022-04-06 04:43:21,522] {dag.py:2935} INFO - Setting next_dagrun for example_python_operator to None
[2022-04-06 04:43:21,540] {processor.py:171} INFO - Processing /home/airflow/.local/lib/python3.8/site-packages/airflow/example_dags/example_python_operator.py took 1.764 seconds
[2022-04-06 04:43:52,185] {processor.py:163} INFO - Started process (PID=382) to work on /home/airflow/.local/lib/python3.8/site-packages/airflow/example_dags/example_python_operator.py
[2022-04-06 04:43:52,189] {processor.py:642} INFO - Processing file /home/airflow/.local/lib/python3.8/site-packages/airflow/example_dags/example_python_operator.py for tasks to queue
[2022-04-06 04:43:52,191] {logging_mixin.py:109} INFO - [2022-04-06 04:43:52,191] {dagbag.py:500} INFO - Filling up the DagBag from /home/airflow/.local/lib/python3.8/site-packages/airflow/example_dags/example_python_operator.py
[2022-04-06 04:43:52,275] {processor.py:654} INFO - DAG(s) dict_keys(['example_python_operator']) retrieved from /home/airflow/.local/lib/python3.8/site-packages/airflow/example_dags/example_python_operator.py
[2022-04-06 04:43:52,293] {logging_mixin.py:109} INFO - [2022-04-06 04:43:52,293] {dag.py:2396} INFO - Sync 1 DAGs
[2022-04-06 04:43:52,310] {logging_mixin.py:109} INFO - [2022-04-06 04:43:52,310] {dag.py:2935} INFO - Setting next_dagrun for example_python_operator to None
[2022-04-06 04:43:52,319] {processor.py:171} INFO - Processing /home/airflow/.local/lib/python3.8/site-packages/airflow/example_dags/example_python_operator.py took 0.145 seconds
[2022-04-06 04:44:22,356] {processor.py:163} INFO - Started process (PID=448) to work on /home/airflow/.local/lib/python3.8/site-packages/airflow/example_dags/example_python_operator.py
[2022-04-06 04:44:22,356] {processor.py:642} INFO - Processing file /home/airflow/.local/lib/python3.8/site-packages/airflow/example_dags/example_python_operator.py for tasks to queue
[2022-04-06 04:44:22,357] {logging_mixin.py:109} INFO - [2022-04-06 04:44:22,357] {dagbag.py:500} INFO - Filling up the DagBag from /home/airflow/.local/lib/python3.8/site-packages/airflow/example_dags/example_python_operator.py
[2022-04-06 04:44:22,379] {processor.py:654} INFO - DAG(s) dict_keys(['example_python_operator']) retrieved from /home/airflow/.local/lib/python3.8/site-packages/airflow/example_dags/example_python_operator.py
[2022-04-06 04:44:22,387] {logging_mixin.py:109} INFO - [2022-04-06 04:44:22,387] {dag.py:2396} INFO - Sync 1 DAGs
[2022-04-06 04:44:22,399] {logging_mixin.py:109} INFO - [2022-04-06 04:44:22,399] {dag.py:2935} INFO - Setting next_dagrun for example_python_operator to None
[2022-04-06 04:44:22,406] {processor.py:171} INFO - Processing /home/airflow/.local/lib/python3.8/site-packages/airflow/example_dags/example_python_operator.py took 0.053 seconds
[2022-04-06 04:44:52,573] {processor.py:163} INFO - Started process (PID=506) to work on /home/airflow/.local/lib/python3.8/site-packages/airflow/example_dags/example_python_operator.py
[2022-04-06 04:44:52,576] {processor.py:642} INFO - Processing file /home/airflow/.local/lib/python3.8/site-packages/airflow/example_dags/example_python_operator.py for tasks to queue
[2022-04-06 04:44:52,577] {logging_mixin.py:109} INFO - [2022-04-06 04:44:52,577] {dagbag.py:500} INFO - Filling up the DagBag from /home/airflow/.local/lib/python3.8/site-packages/airflow/example_dags/example_python_operator.py
[2022-04-06 04:44:52,615] {processor.py:654} INFO - DAG(s) dict_keys(['example_python_operator']) retrieved from /home/airflow/.local/lib/python3.8/site-packages/airflow/example_dags/example_python_operator.py
[2022-04-06 04:44:52,625] {logging_mixin.py:109} INFO - [2022-04-06 04:44:52,625] {dag.py:2396} INFO - Sync 1 DAGs
[2022-04-06 04:44:52,638] {logging_mixin.py:109} INFO - [2022-04-06 04:44:52,637] {dag.py:2935} INFO - Setting next_dagrun for example_python_operator to None
[2022-04-06 04:44:52,645] {processor.py:171} INFO - Processing /home/airflow/.local/lib/python3.8/site-packages/airflow/example_dags/example_python_operator.py took 0.079 seconds
[2022-04-06 04:45:22,876] {processor.py:163} INFO - Started process (PID=571) to work on /home/airflow/.local/lib/python3.8/site-packages/airflow/example_dags/example_python_operator.py
[2022-04-06 04:45:22,877] {processor.py:642} INFO - Processing file /home/airflow/.local/lib/python3.8/site-packages/airflow/example_dags/example_python_operator.py for tasks to queue
[2022-04-06 04:45:22,878] {logging_mixin.py:109} INFO - [2022-04-06 04:45:22,878] {dagbag.py:500} INFO - Filling up the DagBag from /home/airflow/.local/lib/python3.8/site-packages/airflow/example_dags/example_python_operator.py
[2022-04-06 04:45:22,907] {processor.py:654} INFO - DAG(s) dict_keys(['example_python_operator']) retrieved from /home/airflow/.local/lib/python3.8/site-packages/airflow/example_dags/example_python_operator.py
[2022-04-06 04:45:22,915] {logging_mixin.py:109} INFO - [2022-04-06 04:45:22,915] {dag.py:2396} INFO - Sync 1 DAGs
[2022-04-06 04:45:22,927] {logging_mixin.py:109} INFO - [2022-04-06 04:45:22,927] {dag.py:2935} INFO - Setting next_dagrun for example_python_operator to None
[2022-04-06 04:45:22,936] {processor.py:171} INFO - Processing /home/airflow/.local/lib/python3.8/site-packages/airflow/example_dags/example_python_operator.py took 0.062 seconds
[2022-04-06 04:45:53,003] {processor.py:163} INFO - Started process (PID=628) to work on /home/airflow/.local/lib/python3.8/site-packages/airflow/example_dags/example_python_operator.py
[2022-04-06 04:45:53,005] {processor.py:642} INFO - Processing file /home/airflow/.local/lib/python3.8/site-packages/airflow/example_dags/example_python_operator.py for tasks to queue
[2022-04-06 04:45:53,005] {logging_mixin.py:109} INFO - [2022-04-06 04:45:53,005] {dagbag.py:500} INFO - Filling up the DagBag from /home/airflow/.local/lib/python3.8/site-packages/airflow/example_dags/example_python_operator.py
[2022-04-06 04:45:53,039] {processor.py:654} INFO - DAG(s) dict_keys(['example_python_operator']) retrieved from /home/airflow/.local/lib/python3.8/site-packages/airflow/example_dags/example_python_operator.py
[2022-04-06 04:45:53,050] {logging_mixin.py:109} INFO - [2022-04-06 04:45:53,050] {dag.py:2396} INFO - Sync 1 DAGs
[2022-04-06 04:45:53,065] {logging_mixin.py:109} INFO - [2022-04-06 04:45:53,065] {dag.py:2935} INFO - Setting next_dagrun for example_python_operator to None
[2022-04-06 04:45:53,074] {processor.py:171} INFO - Processing /home/airflow/.local/lib/python3.8/site-packages/airflow/example_dags/example_python_operator.py took 0.078 seconds
[2022-04-06 04:46:23,614] {processor.py:163} INFO - Started process (PID=686) to work on /home/airflow/.local/lib/python3.8/site-packages/airflow/example_dags/example_python_operator.py
[2022-04-06 04:46:23,616] {processor.py:642} INFO - Processing file /home/airflow/.local/lib/python3.8/site-packages/airflow/example_dags/example_python_operator.py for tasks to queue
[2022-04-06 04:46:23,616] {logging_mixin.py:109} INFO - [2022-04-06 04:46:23,616] {dagbag.py:500} INFO - Filling up the DagBag from /home/airflow/.local/lib/python3.8/site-packages/airflow/example_dags/example_python_operator.py
[2022-04-06 04:46:23,652] {processor.py:654} INFO - DAG(s) dict_keys(['example_python_operator']) retrieved from /home/airflow/.local/lib/python3.8/site-packages/airflow/example_dags/example_python_operator.py
[2022-04-06 04:46:23,665] {logging_mixin.py:109} INFO - [2022-04-06 04:46:23,665] {dag.py:2396} INFO - Sync 1 DAGs
[2022-04-06 04:46:23,678] {logging_mixin.py:109} INFO - [2022-04-06 04:46:23,678] {dag.py:2935} INFO - Setting next_dagrun for example_python_operator to None
[2022-04-06 04:46:23,686] {processor.py:171} INFO - Processing /home/airflow/.local/lib/python3.8/site-packages/airflow/example_dags/example_python_operator.py took 0.075 seconds
[2022-04-06 04:46:53,856] {processor.py:163} INFO - Started process (PID=751) to work on /home/airflow/.local/lib/python3.8/site-packages/airflow/example_dags/example_python_operator.py
[2022-04-06 04:46:53,857] {processor.py:642} INFO - Processing file /home/airflow/.local/lib/python3.8/site-packages/airflow/example_dags/example_python_operator.py for tasks to queue
[2022-04-06 04:46:53,858] {logging_mixin.py:109} INFO - [2022-04-06 04:46:53,858] {dagbag.py:500} INFO - Filling up the DagBag from /home/airflow/.local/lib/python3.8/site-packages/airflow/example_dags/example_python_operator.py
[2022-04-06 04:46:53,887] {processor.py:654} INFO - DAG(s) dict_keys(['example_python_operator']) retrieved from /home/airflow/.local/lib/python3.8/site-packages/airflow/example_dags/example_python_operator.py
[2022-04-06 04:46:53,899] {logging_mixin.py:109} INFO - [2022-04-06 04:46:53,899] {dag.py:2396} INFO - Sync 1 DAGs
[2022-04-06 04:46:53,914] {logging_mixin.py:109} INFO - [2022-04-06 04:46:53,914] {dag.py:2935} INFO - Setting next_dagrun for example_python_operator to None
[2022-04-06 04:46:53,922] {processor.py:171} INFO - Processing /home/airflow/.local/lib/python3.8/site-packages/airflow/example_dags/example_python_operator.py took 0.069 seconds
[2022-04-06 04:47:24,035] {processor.py:163} INFO - Started process (PID=809) to work on /home/airflow/.local/lib/python3.8/site-packages/airflow/example_dags/example_python_operator.py
[2022-04-06 04:47:24,036] {processor.py:642} INFO - Processing file /home/airflow/.local/lib/python3.8/site-packages/airflow/example_dags/example_python_operator.py for tasks to queue
[2022-04-06 04:47:24,037] {logging_mixin.py:109} INFO - [2022-04-06 04:47:24,037] {dagbag.py:500} INFO - Filling up the DagBag from /home/airflow/.local/lib/python3.8/site-packages/airflow/example_dags/example_python_operator.py
[2022-04-06 04:47:24,062] {processor.py:654} INFO - DAG(s) dict_keys(['example_python_operator']) retrieved from /home/airflow/.local/lib/python3.8/site-packages/airflow/example_dags/example_python_operator.py
[2022-04-06 04:47:24,071] {logging_mixin.py:109} INFO - [2022-04-06 04:47:24,071] {dag.py:2396} INFO - Sync 1 DAGs
[2022-04-06 04:47:24,083] {logging_mixin.py:109} INFO - [2022-04-06 04:47:24,083] {dag.py:2935} INFO - Setting next_dagrun for example_python_operator to None
[2022-04-06 04:47:24,089] {processor.py:171} INFO - Processing /home/airflow/.local/lib/python3.8/site-packages/airflow/example_dags/example_python_operator.py took 0.057 seconds
[2022-04-06 04:47:54,357] {processor.py:163} INFO - Started process (PID=867) to work on /home/airflow/.local/lib/python3.8/site-packages/airflow/example_dags/example_python_operator.py
[2022-04-06 04:47:54,359] {processor.py:642} INFO - Processing file /home/airflow/.local/lib/python3.8/site-packages/airflow/example_dags/example_python_operator.py for tasks to queue
[2022-04-06 04:47:54,359] {logging_mixin.py:109} INFO - [2022-04-06 04:47:54,359] {dagbag.py:500} INFO - Filling up the DagBag from /home/airflow/.local/lib/python3.8/site-packages/airflow/example_dags/example_python_operator.py
[2022-04-06 04:47:54,394] {processor.py:654} INFO - DAG(s) dict_keys(['example_python_operator']) retrieved from /home/airflow/.local/lib/python3.8/site-packages/airflow/example_dags/example_python_operator.py
[2022-04-06 04:47:54,404] {logging_mixin.py:109} INFO - [2022-04-06 04:47:54,404] {dag.py:2396} INFO - Sync 1 DAGs
[2022-04-06 04:47:54,417] {logging_mixin.py:109} INFO - [2022-04-06 04:47:54,417] {dag.py:2935} INFO - Setting next_dagrun for example_python_operator to None
[2022-04-06 04:47:54,424] {processor.py:171} INFO - Processing /home/airflow/.local/lib/python3.8/site-packages/airflow/example_dags/example_python_operator.py took 0.070 seconds
[2022-04-06 04:48:24,916] {processor.py:163} INFO - Started process (PID=936) to work on /home/airflow/.local/lib/python3.8/site-packages/airflow/example_dags/example_python_operator.py
[2022-04-06 04:48:24,918] {processor.py:642} INFO - Processing file /home/airflow/.local/lib/python3.8/site-packages/airflow/example_dags/example_python_operator.py for tasks to queue
[2022-04-06 04:48:24,918] {logging_mixin.py:109} INFO - [2022-04-06 04:48:24,918] {dagbag.py:500} INFO - Filling up the DagBag from /home/airflow/.local/lib/python3.8/site-packages/airflow/example_dags/example_python_operator.py
[2022-04-06 04:48:24,953] {processor.py:654} INFO - DAG(s) dict_keys(['example_python_operator']) retrieved from /home/airflow/.local/lib/python3.8/site-packages/airflow/example_dags/example_python_operator.py
[2022-04-06 04:48:24,962] {logging_mixin.py:109} INFO - [2022-04-06 04:48:24,962] {dag.py:2396} INFO - Sync 1 DAGs
[2022-04-06 04:48:24,975] {logging_mixin.py:109} INFO - [2022-04-06 04:48:24,975] {dag.py:2935} INFO - Setting next_dagrun for example_python_operator to None
[2022-04-06 04:48:24,983] {processor.py:171} INFO - Processing /home/airflow/.local/lib/python3.8/site-packages/airflow/example_dags/example_python_operator.py took 0.071 seconds
[2022-04-06 04:48:55,392] {processor.py:163} INFO - Started process (PID=995) to work on /home/airflow/.local/lib/python3.8/site-packages/airflow/example_dags/example_python_operator.py
[2022-04-06 04:48:55,393] {processor.py:642} INFO - Processing file /home/airflow/.local/lib/python3.8/site-packages/airflow/example_dags/example_python_operator.py for tasks to queue
[2022-04-06 04:48:55,394] {logging_mixin.py:109} INFO - [2022-04-06 04:48:55,394] {dagbag.py:500} INFO - Filling up the DagBag from /home/airflow/.local/lib/python3.8/site-packages/airflow/example_dags/example_python_operator.py
[2022-04-06 04:48:55,426] {processor.py:654} INFO - DAG(s) dict_keys(['example_python_operator']) retrieved from /home/airflow/.local/lib/python3.8/site-packages/airflow/example_dags/example_python_operator.py
[2022-04-06 04:48:55,436] {logging_mixin.py:109} INFO - [2022-04-06 04:48:55,436] {dag.py:2396} INFO - Sync 1 DAGs
[2022-04-06 04:48:55,449] {logging_mixin.py:109} INFO - [2022-04-06 04:48:55,449] {dag.py:2935} INFO - Setting next_dagrun for example_python_operator to None
[2022-04-06 04:48:55,457] {processor.py:171} INFO - Processing /home/airflow/.local/lib/python3.8/site-packages/airflow/example_dags/example_python_operator.py took 0.071 seconds
[2022-04-06 04:49:25,857] {processor.py:163} INFO - Started process (PID=1059) to work on /home/airflow/.local/lib/python3.8/site-packages/airflow/example_dags/example_python_operator.py
[2022-04-06 04:49:25,858] {processor.py:642} INFO - Processing file /home/airflow/.local/lib/python3.8/site-packages/airflow/example_dags/example_python_operator.py for tasks to queue
[2022-04-06 04:49:25,858] {logging_mixin.py:109} INFO - [2022-04-06 04:49:25,858] {dagbag.py:500} INFO - Filling up the DagBag from /home/airflow/.local/lib/python3.8/site-packages/airflow/example_dags/example_python_operator.py
[2022-04-06 04:49:25,882] {processor.py:654} INFO - DAG(s) dict_keys(['example_python_operator']) retrieved from /home/airflow/.local/lib/python3.8/site-packages/airflow/example_dags/example_python_operator.py
[2022-04-06 04:49:25,889] {logging_mixin.py:109} INFO - [2022-04-06 04:49:25,889] {dag.py:2396} INFO - Sync 1 DAGs
[2022-04-06 04:49:25,900] {logging_mixin.py:109} INFO - [2022-04-06 04:49:25,900] {dag.py:2935} INFO - Setting next_dagrun for example_python_operator to None
[2022-04-06 04:49:25,909] {processor.py:171} INFO - Processing /home/airflow/.local/lib/python3.8/site-packages/airflow/example_dags/example_python_operator.py took 0.055 seconds
[2022-04-06 04:49:56,095] {processor.py:163} INFO - Started process (PID=1116) to work on /home/airflow/.local/lib/python3.8/site-packages/airflow/example_dags/example_python_operator.py
[2022-04-06 04:49:56,095] {processor.py:642} INFO - Processing file /home/airflow/.local/lib/python3.8/site-packages/airflow/example_dags/example_python_operator.py for tasks to queue
[2022-04-06 04:49:56,096] {logging_mixin.py:109} INFO - [2022-04-06 04:49:56,096] {dagbag.py:500} INFO - Filling up the DagBag from /home/airflow/.local/lib/python3.8/site-packages/airflow/example_dags/example_python_operator.py
[2022-04-06 04:49:56,125] {processor.py:654} INFO - DAG(s) dict_keys(['example_python_operator']) retrieved from /home/airflow/.local/lib/python3.8/site-packages/airflow/example_dags/example_python_operator.py
[2022-04-06 04:49:56,139] {logging_mixin.py:109} INFO - [2022-04-06 04:49:56,139] {dag.py:2396} INFO - Sync 1 DAGs
[2022-04-06 04:49:56,155] {logging_mixin.py:109} INFO - [2022-04-06 04:49:56,155] {dag.py:2935} INFO - Setting next_dagrun for example_python_operator to None
[2022-04-06 04:49:56,164] {processor.py:171} INFO - Processing /home/airflow/.local/lib/python3.8/site-packages/airflow/example_dags/example_python_operator.py took 0.073 seconds
[2022-04-06 04:50:26,679] {processor.py:163} INFO - Started process (PID=1175) to work on /home/airflow/.local/lib/python3.8/site-packages/airflow/example_dags/example_python_operator.py
[2022-04-06 04:50:26,682] {processor.py:642} INFO - Processing file /home/airflow/.local/lib/python3.8/site-packages/airflow/example_dags/example_python_operator.py for tasks to queue
[2022-04-06 04:50:26,684] {logging_mixin.py:109} INFO - [2022-04-06 04:50:26,683] {dagbag.py:500} INFO - Filling up the DagBag from /home/airflow/.local/lib/python3.8/site-packages/airflow/example_dags/example_python_operator.py
[2022-04-06 04:50:26,725] {processor.py:654} INFO - DAG(s) dict_keys(['example_python_operator']) retrieved from /home/airflow/.local/lib/python3.8/site-packages/airflow/example_dags/example_python_operator.py
[2022-04-06 04:50:26,735] {logging_mixin.py:109} INFO - [2022-04-06 04:50:26,735] {dag.py:2396} INFO - Sync 1 DAGs
[2022-04-06 04:50:26,749] {logging_mixin.py:109} INFO - [2022-04-06 04:50:26,748] {dag.py:2935} INFO - Setting next_dagrun for example_python_operator to None
[2022-04-06 04:50:26,757] {processor.py:171} INFO - Processing /home/airflow/.local/lib/python3.8/site-packages/airflow/example_dags/example_python_operator.py took 0.085 seconds
[2022-04-06 04:50:56,906] {processor.py:163} INFO - Started process (PID=1241) to work on /home/airflow/.local/lib/python3.8/site-packages/airflow/example_dags/example_python_operator.py
[2022-04-06 04:50:56,908] {processor.py:642} INFO - Processing file /home/airflow/.local/lib/python3.8/site-packages/airflow/example_dags/example_python_operator.py for tasks to queue
[2022-04-06 04:50:56,909] {logging_mixin.py:109} INFO - [2022-04-06 04:50:56,909] {dagbag.py:500} INFO - Filling up the DagBag from /home/airflow/.local/lib/python3.8/site-packages/airflow/example_dags/example_python_operator.py
[2022-04-06 04:50:56,952] {processor.py:174} ERROR - Got an exception! Propagating...
Traceback (most recent call last):
  File "/home/airflow/.local/lib/python3.8/site-packages/sqlalchemy/engine/base.py", line 2336, in _wrap_pool_connect
    return fn()
  File "/home/airflow/.local/lib/python3.8/site-packages/sqlalchemy/pool/base.py", line 364, in connect
    return _ConnectionFairy._checkout(self)
  File "/home/airflow/.local/lib/python3.8/site-packages/sqlalchemy/pool/base.py", line 778, in _checkout
    fairy = _ConnectionRecord.checkout(pool)
  File "/home/airflow/.local/lib/python3.8/site-packages/sqlalchemy/pool/base.py", line 495, in checkout
    rec = pool._do_get()
  File "/home/airflow/.local/lib/python3.8/site-packages/sqlalchemy/pool/impl.py", line 140, in _do_get
    self._dec_overflow()
  File "/home/airflow/.local/lib/python3.8/site-packages/sqlalchemy/util/langhelpers.py", line 68, in __exit__
    compat.raise_(
  File "/home/airflow/.local/lib/python3.8/site-packages/sqlalchemy/util/compat.py", line 182, in raise_
    raise exception
  File "/home/airflow/.local/lib/python3.8/site-packages/sqlalchemy/pool/impl.py", line 137, in _do_get
    return self._create_connection()
  File "/home/airflow/.local/lib/python3.8/site-packages/sqlalchemy/pool/base.py", line 309, in _create_connection
    return _ConnectionRecord(self)
  File "/home/airflow/.local/lib/python3.8/site-packages/sqlalchemy/pool/base.py", line 440, in __init__
    self.__connect(first_connect_check=True)
  File "/home/airflow/.local/lib/python3.8/site-packages/sqlalchemy/pool/base.py", line 661, in __connect
    pool.logger.debug("Error on connect(): %s", e)
  File "/home/airflow/.local/lib/python3.8/site-packages/sqlalchemy/util/langhelpers.py", line 68, in __exit__
    compat.raise_(
  File "/home/airflow/.local/lib/python3.8/site-packages/sqlalchemy/util/compat.py", line 182, in raise_
    raise exception
  File "/home/airflow/.local/lib/python3.8/site-packages/sqlalchemy/pool/base.py", line 656, in __connect
    connection = pool._invoke_creator(self)
  File "/home/airflow/.local/lib/python3.8/site-packages/sqlalchemy/engine/strategies.py", line 114, in connect
    return dialect.connect(*cargs, **cparams)
  File "/home/airflow/.local/lib/python3.8/site-packages/sqlalchemy/engine/default.py", line 508, in connect
    return self.dbapi.connect(*cargs, **cparams)
  File "/home/airflow/.local/lib/python3.8/site-packages/psycopg2/__init__.py", line 122, in connect
    conn = _connect(dsn, connection_factory=connection_factory, **kwasync)
psycopg2.OperationalError: could not translate host name "postgres1" to address: Temporary failure in name resolution


The above exception was the direct cause of the following exception:

Traceback (most recent call last):
  File "/home/airflow/.local/lib/python3.8/site-packages/airflow/dag_processing/processor.py", line 165, in _run_file_processor
    result: Tuple[int, int] = dag_file_processor.process_file(
  File "/home/airflow/.local/lib/python3.8/site-packages/airflow/utils/session.py", line 70, in wrapper
    return func(*args, session=session, **kwargs)
  File "/home/airflow/.local/lib/python3.8/site-packages/airflow/dag_processing/processor.py", line 651, in process_file
    self._deactivate_missing_dags(session, dagbag, file_path)
  File "/home/airflow/.local/lib/python3.8/site-packages/airflow/dag_processing/processor.py", line 685, in _deactivate_missing_dags
    session.query(DagModel)
  File "/home/airflow/.local/lib/python3.8/site-packages/sqlalchemy/orm/query.py", line 4063, in update
    update_op.exec_()
  File "/home/airflow/.local/lib/python3.8/site-packages/sqlalchemy/orm/persistence.py", line 1696, in exec_
    self._do_pre_synchronize()
  File "/home/airflow/.local/lib/python3.8/site-packages/sqlalchemy/orm/persistence.py", line 1805, in _do_pre_synchronize
    self.matched_rows = session.execute(
  File "/home/airflow/.local/lib/python3.8/site-packages/sqlalchemy/orm/session.py", line 1295, in execute
    return self._connection_for_bind(bind, close_with_result=True).execute(
  File "/home/airflow/.local/lib/python3.8/site-packages/sqlalchemy/orm/session.py", line 1150, in _connection_for_bind
    return self.transaction._connection_for_bind(
  File "/home/airflow/.local/lib/python3.8/site-packages/sqlalchemy/orm/session.py", line 433, in _connection_for_bind
    conn = bind._contextual_connect()
  File "/home/airflow/.local/lib/python3.8/site-packages/sqlalchemy/engine/base.py", line 2302, in _contextual_connect
    self._wrap_pool_connect(self.pool.connect, None),
  File "/home/airflow/.local/lib/python3.8/site-packages/sqlalchemy/engine/base.py", line 2339, in _wrap_pool_connect
    Connection._handle_dbapi_exception_noconnection(
  File "/home/airflow/.local/lib/python3.8/site-packages/sqlalchemy/engine/base.py", line 1583, in _handle_dbapi_exception_noconnection
    util.raise_(
  File "/home/airflow/.local/lib/python3.8/site-packages/sqlalchemy/util/compat.py", line 182, in raise_
    raise exception
  File "/home/airflow/.local/lib/python3.8/site-packages/sqlalchemy/engine/base.py", line 2336, in _wrap_pool_connect
    return fn()
  File "/home/airflow/.local/lib/python3.8/site-packages/sqlalchemy/pool/base.py", line 364, in connect
    return _ConnectionFairy._checkout(self)
  File "/home/airflow/.local/lib/python3.8/site-packages/sqlalchemy/pool/base.py", line 778, in _checkout
    fairy = _ConnectionRecord.checkout(pool)
  File "/home/airflow/.local/lib/python3.8/site-packages/sqlalchemy/pool/base.py", line 495, in checkout
    rec = pool._do_get()
  File "/home/airflow/.local/lib/python3.8/site-packages/sqlalchemy/pool/impl.py", line 140, in _do_get
    self._dec_overflow()
  File "/home/airflow/.local/lib/python3.8/site-packages/sqlalchemy/util/langhelpers.py", line 68, in __exit__
    compat.raise_(
  File "/home/airflow/.local/lib/python3.8/site-packages/sqlalchemy/util/compat.py", line 182, in raise_
    raise exception
  File "/home/airflow/.local/lib/python3.8/site-packages/sqlalchemy/pool/impl.py", line 137, in _do_get
    return self._create_connection()
  File "/home/airflow/.local/lib/python3.8/site-packages/sqlalchemy/pool/base.py", line 309, in _create_connection
    return _ConnectionRecord(self)
  File "/home/airflow/.local/lib/python3.8/site-packages/sqlalchemy/pool/base.py", line 440, in __init__
    self.__connect(first_connect_check=True)
  File "/home/airflow/.local/lib/python3.8/site-packages/sqlalchemy/pool/base.py", line 661, in __connect
    pool.logger.debug("Error on connect(): %s", e)
  File "/home/airflow/.local/lib/python3.8/site-packages/sqlalchemy/util/langhelpers.py", line 68, in __exit__
    compat.raise_(
  File "/home/airflow/.local/lib/python3.8/site-packages/sqlalchemy/util/compat.py", line 182, in raise_
    raise exception
  File "/home/airflow/.local/lib/python3.8/site-packages/sqlalchemy/pool/base.py", line 656, in __connect
    connection = pool._invoke_creator(self)
  File "/home/airflow/.local/lib/python3.8/site-packages/sqlalchemy/engine/strategies.py", line 114, in connect
    return dialect.connect(*cargs, **cparams)
  File "/home/airflow/.local/lib/python3.8/site-packages/sqlalchemy/engine/default.py", line 508, in connect
    return self.dbapi.connect(*cargs, **cparams)
  File "/home/airflow/.local/lib/python3.8/site-packages/psycopg2/__init__.py", line 122, in connect
    conn = _connect(dsn, connection_factory=connection_factory, **kwasync)
sqlalchemy.exc.OperationalError: (psycopg2.OperationalError) could not translate host name "postgres1" to address: Temporary failure in name resolution

(Background on this error at: http://sqlalche.me/e/13/e3q8)
[2022-04-06 04:52:43,452] {processor.py:163} INFO - Started process (PID=66) to work on /home/airflow/.local/lib/python3.8/site-packages/airflow/example_dags/example_python_operator.py
[2022-04-06 04:52:43,453] {processor.py:642} INFO - Processing file /home/airflow/.local/lib/python3.8/site-packages/airflow/example_dags/example_python_operator.py for tasks to queue
[2022-04-06 04:52:43,454] {logging_mixin.py:109} INFO - [2022-04-06 04:52:43,453] {dagbag.py:500} INFO - Filling up the DagBag from /home/airflow/.local/lib/python3.8/site-packages/airflow/example_dags/example_python_operator.py
[2022-04-06 04:52:43,494] {processor.py:654} INFO - DAG(s) dict_keys(['example_python_operator']) retrieved from /home/airflow/.local/lib/python3.8/site-packages/airflow/example_dags/example_python_operator.py
[2022-04-06 04:52:43,508] {logging_mixin.py:109} INFO - [2022-04-06 04:52:43,508] {dag.py:2396} INFO - Sync 1 DAGs
[2022-04-06 04:52:43,529] {logging_mixin.py:109} INFO - [2022-04-06 04:52:43,529] {dag.py:2935} INFO - Setting next_dagrun for example_python_operator to None
[2022-04-06 04:52:43,540] {processor.py:171} INFO - Processing /home/airflow/.local/lib/python3.8/site-packages/airflow/example_dags/example_python_operator.py took 0.092 seconds
[2022-04-06 04:53:13,789] {processor.py:163} INFO - Started process (PID=125) to work on /home/airflow/.local/lib/python3.8/site-packages/airflow/example_dags/example_python_operator.py
[2022-04-06 04:53:13,790] {processor.py:642} INFO - Processing file /home/airflow/.local/lib/python3.8/site-packages/airflow/example_dags/example_python_operator.py for tasks to queue
[2022-04-06 04:53:13,791] {logging_mixin.py:109} INFO - [2022-04-06 04:53:13,791] {dagbag.py:500} INFO - Filling up the DagBag from /home/airflow/.local/lib/python3.8/site-packages/airflow/example_dags/example_python_operator.py
[2022-04-06 04:53:13,817] {processor.py:654} INFO - DAG(s) dict_keys(['example_python_operator']) retrieved from /home/airflow/.local/lib/python3.8/site-packages/airflow/example_dags/example_python_operator.py
[2022-04-06 04:53:13,827] {logging_mixin.py:109} INFO - [2022-04-06 04:53:13,827] {dag.py:2396} INFO - Sync 1 DAGs
[2022-04-06 04:53:13,842] {logging_mixin.py:109} INFO - [2022-04-06 04:53:13,842] {dag.py:2935} INFO - Setting next_dagrun for example_python_operator to None
[2022-04-06 04:53:13,851] {processor.py:171} INFO - Processing /home/airflow/.local/lib/python3.8/site-packages/airflow/example_dags/example_python_operator.py took 0.064 seconds
[2022-04-06 04:53:45,071] {processor.py:163} INFO - Started process (PID=191) to work on /home/airflow/.local/lib/python3.8/site-packages/airflow/example_dags/example_python_operator.py
[2022-04-06 04:53:45,072] {processor.py:642} INFO - Processing file /home/airflow/.local/lib/python3.8/site-packages/airflow/example_dags/example_python_operator.py for tasks to queue
[2022-04-06 04:53:45,072] {logging_mixin.py:109} INFO - [2022-04-06 04:53:45,072] {dagbag.py:500} INFO - Filling up the DagBag from /home/airflow/.local/lib/python3.8/site-packages/airflow/example_dags/example_python_operator.py
[2022-04-06 04:53:45,140] {processor.py:654} INFO - DAG(s) dict_keys(['example_python_operator']) retrieved from /home/airflow/.local/lib/python3.8/site-packages/airflow/example_dags/example_python_operator.py
[2022-04-06 04:53:45,151] {logging_mixin.py:109} INFO - [2022-04-06 04:53:45,151] {dag.py:2396} INFO - Sync 1 DAGs
[2022-04-06 04:53:45,167] {logging_mixin.py:109} INFO - [2022-04-06 04:53:45,167] {dag.py:2935} INFO - Setting next_dagrun for example_python_operator to None
[2022-04-06 04:53:45,175] {processor.py:171} INFO - Processing /home/airflow/.local/lib/python3.8/site-packages/airflow/example_dags/example_python_operator.py took 0.106 seconds
[2022-04-06 04:54:15,634] {processor.py:163} INFO - Started process (PID=248) to work on /home/airflow/.local/lib/python3.8/site-packages/airflow/example_dags/example_python_operator.py
[2022-04-06 04:54:15,635] {processor.py:642} INFO - Processing file /home/airflow/.local/lib/python3.8/site-packages/airflow/example_dags/example_python_operator.py for tasks to queue
[2022-04-06 04:54:15,635] {logging_mixin.py:109} INFO - [2022-04-06 04:54:15,635] {dagbag.py:500} INFO - Filling up the DagBag from /home/airflow/.local/lib/python3.8/site-packages/airflow/example_dags/example_python_operator.py
[2022-04-06 04:54:15,660] {processor.py:654} INFO - DAG(s) dict_keys(['example_python_operator']) retrieved from /home/airflow/.local/lib/python3.8/site-packages/airflow/example_dags/example_python_operator.py
[2022-04-06 04:54:15,669] {logging_mixin.py:109} INFO - [2022-04-06 04:54:15,669] {dag.py:2396} INFO - Sync 1 DAGs
[2022-04-06 04:54:15,681] {logging_mixin.py:109} INFO - [2022-04-06 04:54:15,680] {dag.py:2935} INFO - Setting next_dagrun for example_python_operator to None
[2022-04-06 04:54:15,687] {processor.py:171} INFO - Processing /home/airflow/.local/lib/python3.8/site-packages/airflow/example_dags/example_python_operator.py took 0.056 seconds
[2022-04-06 04:54:46,945] {processor.py:163} INFO - Started process (PID=315) to work on /home/airflow/.local/lib/python3.8/site-packages/airflow/example_dags/example_python_operator.py
[2022-04-06 04:54:46,947] {processor.py:642} INFO - Processing file /home/airflow/.local/lib/python3.8/site-packages/airflow/example_dags/example_python_operator.py for tasks to queue
[2022-04-06 04:54:46,949] {logging_mixin.py:109} INFO - [2022-04-06 04:54:46,948] {dagbag.py:500} INFO - Filling up the DagBag from /home/airflow/.local/lib/python3.8/site-packages/airflow/example_dags/example_python_operator.py
[2022-04-06 04:54:47,011] {processor.py:654} INFO - DAG(s) dict_keys(['example_python_operator']) retrieved from /home/airflow/.local/lib/python3.8/site-packages/airflow/example_dags/example_python_operator.py
[2022-04-06 04:54:47,021] {logging_mixin.py:109} INFO - [2022-04-06 04:54:47,021] {dag.py:2396} INFO - Sync 1 DAGs
[2022-04-06 04:54:47,042] {logging_mixin.py:109} INFO - [2022-04-06 04:54:47,042] {dag.py:2935} INFO - Setting next_dagrun for example_python_operator to None
[2022-04-06 04:54:47,053] {processor.py:171} INFO - Processing /home/airflow/.local/lib/python3.8/site-packages/airflow/example_dags/example_python_operator.py took 0.111 seconds
[2022-04-06 04:55:17,331] {processor.py:163} INFO - Started process (PID=371) to work on /home/airflow/.local/lib/python3.8/site-packages/airflow/example_dags/example_python_operator.py
[2022-04-06 04:55:17,332] {processor.py:642} INFO - Processing file /home/airflow/.local/lib/python3.8/site-packages/airflow/example_dags/example_python_operator.py for tasks to queue
[2022-04-06 04:55:17,332] {logging_mixin.py:109} INFO - [2022-04-06 04:55:17,332] {dagbag.py:500} INFO - Filling up the DagBag from /home/airflow/.local/lib/python3.8/site-packages/airflow/example_dags/example_python_operator.py
[2022-04-06 04:55:17,398] {processor.py:654} INFO - DAG(s) dict_keys(['example_python_operator']) retrieved from /home/airflow/.local/lib/python3.8/site-packages/airflow/example_dags/example_python_operator.py
[2022-04-06 04:55:17,409] {logging_mixin.py:109} INFO - [2022-04-06 04:55:17,409] {dag.py:2396} INFO - Sync 1 DAGs
[2022-04-06 04:55:17,425] {logging_mixin.py:109} INFO - [2022-04-06 04:55:17,425] {dag.py:2935} INFO - Setting next_dagrun for example_python_operator to None
[2022-04-06 04:55:17,435] {processor.py:171} INFO - Processing /home/airflow/.local/lib/python3.8/site-packages/airflow/example_dags/example_python_operator.py took 0.108 seconds
[2022-04-06 04:55:47,455] {processor.py:163} INFO - Started process (PID=420) to work on /home/airflow/.local/lib/python3.8/site-packages/airflow/example_dags/example_python_operator.py
[2022-04-06 04:55:47,455] {processor.py:642} INFO - Processing file /home/airflow/.local/lib/python3.8/site-packages/airflow/example_dags/example_python_operator.py for tasks to queue
[2022-04-06 04:55:47,456] {logging_mixin.py:109} INFO - [2022-04-06 04:55:47,456] {dagbag.py:500} INFO - Filling up the DagBag from /home/airflow/.local/lib/python3.8/site-packages/airflow/example_dags/example_python_operator.py
[2022-04-06 04:55:47,483] {processor.py:654} INFO - DAG(s) dict_keys(['example_python_operator']) retrieved from /home/airflow/.local/lib/python3.8/site-packages/airflow/example_dags/example_python_operator.py
[2022-04-06 04:55:47,493] {logging_mixin.py:109} INFO - [2022-04-06 04:55:47,493] {dag.py:2396} INFO - Sync 1 DAGs
[2022-04-06 04:55:47,506] {logging_mixin.py:109} INFO - [2022-04-06 04:55:47,506] {dag.py:2935} INFO - Setting next_dagrun for example_python_operator to None
[2022-04-06 04:55:47,514] {processor.py:171} INFO - Processing /home/airflow/.local/lib/python3.8/site-packages/airflow/example_dags/example_python_operator.py took 0.062 seconds
[2022-04-06 04:56:17,736] {processor.py:163} INFO - Started process (PID=485) to work on /home/airflow/.local/lib/python3.8/site-packages/airflow/example_dags/example_python_operator.py
[2022-04-06 04:56:17,737] {processor.py:642} INFO - Processing file /home/airflow/.local/lib/python3.8/site-packages/airflow/example_dags/example_python_operator.py for tasks to queue
[2022-04-06 04:56:17,737] {logging_mixin.py:109} INFO - [2022-04-06 04:56:17,737] {dagbag.py:500} INFO - Filling up the DagBag from /home/airflow/.local/lib/python3.8/site-packages/airflow/example_dags/example_python_operator.py
[2022-04-06 04:56:17,766] {processor.py:654} INFO - DAG(s) dict_keys(['example_python_operator']) retrieved from /home/airflow/.local/lib/python3.8/site-packages/airflow/example_dags/example_python_operator.py
[2022-04-06 04:56:17,777] {logging_mixin.py:109} INFO - [2022-04-06 04:56:17,776] {dag.py:2396} INFO - Sync 1 DAGs
[2022-04-06 04:56:17,793] {logging_mixin.py:109} INFO - [2022-04-06 04:56:17,793] {dag.py:2935} INFO - Setting next_dagrun for example_python_operator to None
[2022-04-06 04:56:17,802] {processor.py:171} INFO - Processing /home/airflow/.local/lib/python3.8/site-packages/airflow/example_dags/example_python_operator.py took 0.068 seconds
[2022-04-06 04:56:48,184] {processor.py:163} INFO - Started process (PID=542) to work on /home/airflow/.local/lib/python3.8/site-packages/airflow/example_dags/example_python_operator.py
[2022-04-06 04:56:48,185] {processor.py:642} INFO - Processing file /home/airflow/.local/lib/python3.8/site-packages/airflow/example_dags/example_python_operator.py for tasks to queue
[2022-04-06 04:56:48,185] {logging_mixin.py:109} INFO - [2022-04-06 04:56:48,185] {dagbag.py:500} INFO - Filling up the DagBag from /home/airflow/.local/lib/python3.8/site-packages/airflow/example_dags/example_python_operator.py
[2022-04-06 04:56:48,212] {processor.py:654} INFO - DAG(s) dict_keys(['example_python_operator']) retrieved from /home/airflow/.local/lib/python3.8/site-packages/airflow/example_dags/example_python_operator.py
[2022-04-06 04:56:48,223] {logging_mixin.py:109} INFO - [2022-04-06 04:56:48,223] {dag.py:2396} INFO - Sync 1 DAGs
[2022-04-06 04:56:48,238] {logging_mixin.py:109} INFO - [2022-04-06 04:56:48,238] {dag.py:2935} INFO - Setting next_dagrun for example_python_operator to None
[2022-04-06 04:56:48,246] {processor.py:171} INFO - Processing /home/airflow/.local/lib/python3.8/site-packages/airflow/example_dags/example_python_operator.py took 0.064 seconds
[2022-04-06 04:57:18,416] {processor.py:163} INFO - Started process (PID=599) to work on /home/airflow/.local/lib/python3.8/site-packages/airflow/example_dags/example_python_operator.py
[2022-04-06 04:57:18,417] {processor.py:642} INFO - Processing file /home/airflow/.local/lib/python3.8/site-packages/airflow/example_dags/example_python_operator.py for tasks to queue
[2022-04-06 04:57:18,417] {logging_mixin.py:109} INFO - [2022-04-06 04:57:18,417] {dagbag.py:500} INFO - Filling up the DagBag from /home/airflow/.local/lib/python3.8/site-packages/airflow/example_dags/example_python_operator.py
[2022-04-06 04:57:18,442] {processor.py:654} INFO - DAG(s) dict_keys(['example_python_operator']) retrieved from /home/airflow/.local/lib/python3.8/site-packages/airflow/example_dags/example_python_operator.py
[2022-04-06 04:57:18,451] {logging_mixin.py:109} INFO - [2022-04-06 04:57:18,451] {dag.py:2396} INFO - Sync 1 DAGs
[2022-04-06 04:57:18,466] {logging_mixin.py:109} INFO - [2022-04-06 04:57:18,466] {dag.py:2935} INFO - Setting next_dagrun for example_python_operator to None
[2022-04-06 04:57:18,475] {processor.py:171} INFO - Processing /home/airflow/.local/lib/python3.8/site-packages/airflow/example_dags/example_python_operator.py took 0.061 seconds
[2022-04-06 05:02:31,821] {processor.py:163} INFO - Started process (PID=66) to work on /home/airflow/.local/lib/python3.8/site-packages/airflow/example_dags/example_python_operator.py
[2022-04-06 05:02:31,822] {processor.py:642} INFO - Processing file /home/airflow/.local/lib/python3.8/site-packages/airflow/example_dags/example_python_operator.py for tasks to queue
[2022-04-06 05:02:31,823] {logging_mixin.py:109} INFO - [2022-04-06 05:02:31,823] {dagbag.py:500} INFO - Filling up the DagBag from /home/airflow/.local/lib/python3.8/site-packages/airflow/example_dags/example_python_operator.py
[2022-04-06 05:02:31,860] {processor.py:654} INFO - DAG(s) dict_keys(['example_python_operator']) retrieved from /home/airflow/.local/lib/python3.8/site-packages/airflow/example_dags/example_python_operator.py
[2022-04-06 05:02:31,868] {logging_mixin.py:109} INFO - [2022-04-06 05:02:31,868] {dag.py:2396} INFO - Sync 1 DAGs
[2022-04-06 05:02:31,880] {logging_mixin.py:109} INFO - [2022-04-06 05:02:31,880] {dag.py:2935} INFO - Setting next_dagrun for example_python_operator to None
[2022-04-06 05:02:31,887] {processor.py:171} INFO - Processing /home/airflow/.local/lib/python3.8/site-packages/airflow/example_dags/example_python_operator.py took 0.070 seconds
[2022-04-06 05:03:03,170] {processor.py:163} INFO - Started process (PID=133) to work on /home/airflow/.local/lib/python3.8/site-packages/airflow/example_dags/example_python_operator.py
[2022-04-06 05:03:03,171] {processor.py:642} INFO - Processing file /home/airflow/.local/lib/python3.8/site-packages/airflow/example_dags/example_python_operator.py for tasks to queue
[2022-04-06 05:03:03,172] {logging_mixin.py:109} INFO - [2022-04-06 05:03:03,171] {dagbag.py:500} INFO - Filling up the DagBag from /home/airflow/.local/lib/python3.8/site-packages/airflow/example_dags/example_python_operator.py
[2022-04-06 05:03:03,202] {processor.py:654} INFO - DAG(s) dict_keys(['example_python_operator']) retrieved from /home/airflow/.local/lib/python3.8/site-packages/airflow/example_dags/example_python_operator.py
[2022-04-06 05:03:03,213] {logging_mixin.py:109} INFO - [2022-04-06 05:03:03,213] {dag.py:2396} INFO - Sync 1 DAGs
[2022-04-06 05:03:03,230] {logging_mixin.py:109} INFO - [2022-04-06 05:03:03,230] {dag.py:2935} INFO - Setting next_dagrun for example_python_operator to None
[2022-04-06 05:03:03,240] {processor.py:171} INFO - Processing /home/airflow/.local/lib/python3.8/site-packages/airflow/example_dags/example_python_operator.py took 0.073 seconds
[2022-04-06 05:03:34,273] {processor.py:163} INFO - Started process (PID=190) to work on /home/airflow/.local/lib/python3.8/site-packages/airflow/example_dags/example_python_operator.py
[2022-04-06 05:03:34,273] {processor.py:642} INFO - Processing file /home/airflow/.local/lib/python3.8/site-packages/airflow/example_dags/example_python_operator.py for tasks to queue
[2022-04-06 05:03:34,274] {logging_mixin.py:109} INFO - [2022-04-06 05:03:34,274] {dagbag.py:500} INFO - Filling up the DagBag from /home/airflow/.local/lib/python3.8/site-packages/airflow/example_dags/example_python_operator.py
[2022-04-06 05:03:34,299] {processor.py:654} INFO - DAG(s) dict_keys(['example_python_operator']) retrieved from /home/airflow/.local/lib/python3.8/site-packages/airflow/example_dags/example_python_operator.py
[2022-04-06 05:03:34,307] {logging_mixin.py:109} INFO - [2022-04-06 05:03:34,307] {dag.py:2396} INFO - Sync 1 DAGs
[2022-04-06 05:03:34,319] {logging_mixin.py:109} INFO - [2022-04-06 05:03:34,318] {dag.py:2935} INFO - Setting next_dagrun for example_python_operator to None
[2022-04-06 05:03:34,326] {processor.py:171} INFO - Processing /home/airflow/.local/lib/python3.8/site-packages/airflow/example_dags/example_python_operator.py took 0.055 seconds
