[2022-04-06 04:43:25,988] {processor.py:163} INFO - Started process (PID=314) to work on /home/airflow/.local/lib/python3.8/site-packages/airflow/example_dags/tutorial_etl_dag.py
[2022-04-06 04:43:25,989] {processor.py:642} INFO - Processing file /home/airflow/.local/lib/python3.8/site-packages/airflow/example_dags/tutorial_etl_dag.py for tasks to queue
[2022-04-06 04:43:25,989] {logging_mixin.py:109} INFO - [2022-04-06 04:43:25,989] {dagbag.py:500} INFO - Filling up the DagBag from /home/airflow/.local/lib/python3.8/site-packages/airflow/example_dags/tutorial_etl_dag.py
[2022-04-06 04:43:26,015] {processor.py:654} INFO - DAG(s) dict_keys(['tutorial_etl_dag']) retrieved from /home/airflow/.local/lib/python3.8/site-packages/airflow/example_dags/tutorial_etl_dag.py
[2022-04-06 04:43:28,067] {logging_mixin.py:109} INFO - [2022-04-06 04:43:28,067] {manager.py:496} INFO - Created Permission View: can read on DAG:tutorial_etl_dag
[2022-04-06 04:43:28,073] {logging_mixin.py:109} INFO - [2022-04-06 04:43:28,073] {manager.py:496} INFO - Created Permission View: can edit on DAG:tutorial_etl_dag
[2022-04-06 04:43:28,073] {logging_mixin.py:109} INFO - [2022-04-06 04:43:28,073] {dag.py:2396} INFO - Sync 1 DAGs
[2022-04-06 04:43:28,079] {logging_mixin.py:109} INFO - [2022-04-06 04:43:28,079] {dag.py:2415} INFO - Creating ORM DAG for tutorial_etl_dag
[2022-04-06 04:43:28,087] {logging_mixin.py:109} INFO - [2022-04-06 04:43:28,087] {dag.py:2935} INFO - Setting next_dagrun for tutorial_etl_dag to None
[2022-04-06 04:43:28,098] {processor.py:171} INFO - Processing /home/airflow/.local/lib/python3.8/site-packages/airflow/example_dags/tutorial_etl_dag.py took 2.113 seconds
[2022-04-06 04:43:58,567] {processor.py:163} INFO - Started process (PID=398) to work on /home/airflow/.local/lib/python3.8/site-packages/airflow/example_dags/tutorial_etl_dag.py
[2022-04-06 04:43:58,567] {processor.py:642} INFO - Processing file /home/airflow/.local/lib/python3.8/site-packages/airflow/example_dags/tutorial_etl_dag.py for tasks to queue
[2022-04-06 04:43:58,568] {logging_mixin.py:109} INFO - [2022-04-06 04:43:58,568] {dagbag.py:500} INFO - Filling up the DagBag from /home/airflow/.local/lib/python3.8/site-packages/airflow/example_dags/tutorial_etl_dag.py
[2022-04-06 04:43:58,590] {processor.py:654} INFO - DAG(s) dict_keys(['tutorial_etl_dag']) retrieved from /home/airflow/.local/lib/python3.8/site-packages/airflow/example_dags/tutorial_etl_dag.py
[2022-04-06 04:43:58,599] {logging_mixin.py:109} INFO - [2022-04-06 04:43:58,599] {dag.py:2396} INFO - Sync 1 DAGs
[2022-04-06 04:43:58,613] {logging_mixin.py:109} INFO - [2022-04-06 04:43:58,613] {dag.py:2935} INFO - Setting next_dagrun for tutorial_etl_dag to None
[2022-04-06 04:43:58,620] {processor.py:171} INFO - Processing /home/airflow/.local/lib/python3.8/site-packages/airflow/example_dags/tutorial_etl_dag.py took 0.056 seconds
[2022-04-06 04:44:28,899] {processor.py:163} INFO - Started process (PID=456) to work on /home/airflow/.local/lib/python3.8/site-packages/airflow/example_dags/tutorial_etl_dag.py
[2022-04-06 04:44:28,900] {processor.py:642} INFO - Processing file /home/airflow/.local/lib/python3.8/site-packages/airflow/example_dags/tutorial_etl_dag.py for tasks to queue
[2022-04-06 04:44:28,901] {logging_mixin.py:109} INFO - [2022-04-06 04:44:28,901] {dagbag.py:500} INFO - Filling up the DagBag from /home/airflow/.local/lib/python3.8/site-packages/airflow/example_dags/tutorial_etl_dag.py
[2022-04-06 04:44:28,924] {processor.py:654} INFO - DAG(s) dict_keys(['tutorial_etl_dag']) retrieved from /home/airflow/.local/lib/python3.8/site-packages/airflow/example_dags/tutorial_etl_dag.py
[2022-04-06 04:44:28,933] {logging_mixin.py:109} INFO - [2022-04-06 04:44:28,933] {dag.py:2396} INFO - Sync 1 DAGs
[2022-04-06 04:44:28,947] {logging_mixin.py:109} INFO - [2022-04-06 04:44:28,947] {dag.py:2935} INFO - Setting next_dagrun for tutorial_etl_dag to None
[2022-04-06 04:44:28,955] {processor.py:171} INFO - Processing /home/airflow/.local/lib/python3.8/site-packages/airflow/example_dags/tutorial_etl_dag.py took 0.059 seconds
[2022-04-06 04:44:59,109] {processor.py:163} INFO - Started process (PID=522) to work on /home/airflow/.local/lib/python3.8/site-packages/airflow/example_dags/tutorial_etl_dag.py
[2022-04-06 04:44:59,110] {processor.py:642} INFO - Processing file /home/airflow/.local/lib/python3.8/site-packages/airflow/example_dags/tutorial_etl_dag.py for tasks to queue
[2022-04-06 04:44:59,111] {logging_mixin.py:109} INFO - [2022-04-06 04:44:59,111] {dagbag.py:500} INFO - Filling up the DagBag from /home/airflow/.local/lib/python3.8/site-packages/airflow/example_dags/tutorial_etl_dag.py
[2022-04-06 04:44:59,138] {processor.py:654} INFO - DAG(s) dict_keys(['tutorial_etl_dag']) retrieved from /home/airflow/.local/lib/python3.8/site-packages/airflow/example_dags/tutorial_etl_dag.py
[2022-04-06 04:44:59,150] {logging_mixin.py:109} INFO - [2022-04-06 04:44:59,150] {dag.py:2396} INFO - Sync 1 DAGs
[2022-04-06 04:44:59,169] {logging_mixin.py:109} INFO - [2022-04-06 04:44:59,168] {dag.py:2935} INFO - Setting next_dagrun for tutorial_etl_dag to None
[2022-04-06 04:44:59,179] {processor.py:171} INFO - Processing /home/airflow/.local/lib/python3.8/site-packages/airflow/example_dags/tutorial_etl_dag.py took 0.073 seconds
[2022-04-06 04:45:29,235] {processor.py:163} INFO - Started process (PID=580) to work on /home/airflow/.local/lib/python3.8/site-packages/airflow/example_dags/tutorial_etl_dag.py
[2022-04-06 04:45:29,236] {processor.py:642} INFO - Processing file /home/airflow/.local/lib/python3.8/site-packages/airflow/example_dags/tutorial_etl_dag.py for tasks to queue
[2022-04-06 04:45:29,237] {logging_mixin.py:109} INFO - [2022-04-06 04:45:29,237] {dagbag.py:500} INFO - Filling up the DagBag from /home/airflow/.local/lib/python3.8/site-packages/airflow/example_dags/tutorial_etl_dag.py
[2022-04-06 04:45:29,260] {processor.py:654} INFO - DAG(s) dict_keys(['tutorial_etl_dag']) retrieved from /home/airflow/.local/lib/python3.8/site-packages/airflow/example_dags/tutorial_etl_dag.py
[2022-04-06 04:45:29,269] {logging_mixin.py:109} INFO - [2022-04-06 04:45:29,269] {dag.py:2396} INFO - Sync 1 DAGs
[2022-04-06 04:45:29,282] {logging_mixin.py:109} INFO - [2022-04-06 04:45:29,282] {dag.py:2935} INFO - Setting next_dagrun for tutorial_etl_dag to None
[2022-04-06 04:45:29,291] {processor.py:171} INFO - Processing /home/airflow/.local/lib/python3.8/site-packages/airflow/example_dags/tutorial_etl_dag.py took 0.058 seconds
[2022-04-06 04:45:59,412] {processor.py:163} INFO - Started process (PID=638) to work on /home/airflow/.local/lib/python3.8/site-packages/airflow/example_dags/tutorial_etl_dag.py
[2022-04-06 04:45:59,413] {processor.py:642} INFO - Processing file /home/airflow/.local/lib/python3.8/site-packages/airflow/example_dags/tutorial_etl_dag.py for tasks to queue
[2022-04-06 04:45:59,413] {logging_mixin.py:109} INFO - [2022-04-06 04:45:59,413] {dagbag.py:500} INFO - Filling up the DagBag from /home/airflow/.local/lib/python3.8/site-packages/airflow/example_dags/tutorial_etl_dag.py
[2022-04-06 04:45:59,436] {processor.py:654} INFO - DAG(s) dict_keys(['tutorial_etl_dag']) retrieved from /home/airflow/.local/lib/python3.8/site-packages/airflow/example_dags/tutorial_etl_dag.py
[2022-04-06 04:45:59,444] {logging_mixin.py:109} INFO - [2022-04-06 04:45:59,444] {dag.py:2396} INFO - Sync 1 DAGs
[2022-04-06 04:45:59,457] {logging_mixin.py:109} INFO - [2022-04-06 04:45:59,456] {dag.py:2935} INFO - Setting next_dagrun for tutorial_etl_dag to None
[2022-04-06 04:45:59,465] {processor.py:171} INFO - Processing /home/airflow/.local/lib/python3.8/site-packages/airflow/example_dags/tutorial_etl_dag.py took 0.055 seconds
[2022-04-06 04:46:29,995] {processor.py:163} INFO - Started process (PID=702) to work on /home/airflow/.local/lib/python3.8/site-packages/airflow/example_dags/tutorial_etl_dag.py
[2022-04-06 04:46:29,996] {processor.py:642} INFO - Processing file /home/airflow/.local/lib/python3.8/site-packages/airflow/example_dags/tutorial_etl_dag.py for tasks to queue
[2022-04-06 04:46:29,997] {logging_mixin.py:109} INFO - [2022-04-06 04:46:29,997] {dagbag.py:500} INFO - Filling up the DagBag from /home/airflow/.local/lib/python3.8/site-packages/airflow/example_dags/tutorial_etl_dag.py
[2022-04-06 04:46:30,018] {processor.py:654} INFO - DAG(s) dict_keys(['tutorial_etl_dag']) retrieved from /home/airflow/.local/lib/python3.8/site-packages/airflow/example_dags/tutorial_etl_dag.py
[2022-04-06 04:46:30,025] {logging_mixin.py:109} INFO - [2022-04-06 04:46:30,025] {dag.py:2396} INFO - Sync 1 DAGs
[2022-04-06 04:46:30,036] {logging_mixin.py:109} INFO - [2022-04-06 04:46:30,036] {dag.py:2935} INFO - Setting next_dagrun for tutorial_etl_dag to None
[2022-04-06 04:46:30,043] {processor.py:171} INFO - Processing /home/airflow/.local/lib/python3.8/site-packages/airflow/example_dags/tutorial_etl_dag.py took 0.050 seconds
[2022-04-06 04:47:00,244] {processor.py:163} INFO - Started process (PID=759) to work on /home/airflow/.local/lib/python3.8/site-packages/airflow/example_dags/tutorial_etl_dag.py
[2022-04-06 04:47:00,245] {processor.py:642} INFO - Processing file /home/airflow/.local/lib/python3.8/site-packages/airflow/example_dags/tutorial_etl_dag.py for tasks to queue
[2022-04-06 04:47:00,246] {logging_mixin.py:109} INFO - [2022-04-06 04:47:00,246] {dagbag.py:500} INFO - Filling up the DagBag from /home/airflow/.local/lib/python3.8/site-packages/airflow/example_dags/tutorial_etl_dag.py
[2022-04-06 04:47:00,266] {processor.py:654} INFO - DAG(s) dict_keys(['tutorial_etl_dag']) retrieved from /home/airflow/.local/lib/python3.8/site-packages/airflow/example_dags/tutorial_etl_dag.py
[2022-04-06 04:47:00,273] {logging_mixin.py:109} INFO - [2022-04-06 04:47:00,273] {dag.py:2396} INFO - Sync 1 DAGs
[2022-04-06 04:47:00,284] {logging_mixin.py:109} INFO - [2022-04-06 04:47:00,284] {dag.py:2935} INFO - Setting next_dagrun for tutorial_etl_dag to None
[2022-04-06 04:47:00,291] {processor.py:171} INFO - Processing /home/airflow/.local/lib/python3.8/site-packages/airflow/example_dags/tutorial_etl_dag.py took 0.049 seconds
[2022-04-06 04:47:30,365] {processor.py:163} INFO - Started process (PID=826) to work on /home/airflow/.local/lib/python3.8/site-packages/airflow/example_dags/tutorial_etl_dag.py
[2022-04-06 04:47:30,366] {processor.py:642} INFO - Processing file /home/airflow/.local/lib/python3.8/site-packages/airflow/example_dags/tutorial_etl_dag.py for tasks to queue
[2022-04-06 04:47:30,367] {logging_mixin.py:109} INFO - [2022-04-06 04:47:30,367] {dagbag.py:500} INFO - Filling up the DagBag from /home/airflow/.local/lib/python3.8/site-packages/airflow/example_dags/tutorial_etl_dag.py
[2022-04-06 04:47:30,391] {processor.py:654} INFO - DAG(s) dict_keys(['tutorial_etl_dag']) retrieved from /home/airflow/.local/lib/python3.8/site-packages/airflow/example_dags/tutorial_etl_dag.py
[2022-04-06 04:47:30,401] {logging_mixin.py:109} INFO - [2022-04-06 04:47:30,401] {dag.py:2396} INFO - Sync 1 DAGs
[2022-04-06 04:47:30,416] {logging_mixin.py:109} INFO - [2022-04-06 04:47:30,416] {dag.py:2935} INFO - Setting next_dagrun for tutorial_etl_dag to None
[2022-04-06 04:47:30,425] {processor.py:171} INFO - Processing /home/airflow/.local/lib/python3.8/site-packages/airflow/example_dags/tutorial_etl_dag.py took 0.063 seconds
[2022-04-06 04:48:00,673] {processor.py:163} INFO - Started process (PID=885) to work on /home/airflow/.local/lib/python3.8/site-packages/airflow/example_dags/tutorial_etl_dag.py
[2022-04-06 04:48:00,673] {processor.py:642} INFO - Processing file /home/airflow/.local/lib/python3.8/site-packages/airflow/example_dags/tutorial_etl_dag.py for tasks to queue
[2022-04-06 04:48:00,674] {logging_mixin.py:109} INFO - [2022-04-06 04:48:00,674] {dagbag.py:500} INFO - Filling up the DagBag from /home/airflow/.local/lib/python3.8/site-packages/airflow/example_dags/tutorial_etl_dag.py
[2022-04-06 04:48:00,695] {processor.py:654} INFO - DAG(s) dict_keys(['tutorial_etl_dag']) retrieved from /home/airflow/.local/lib/python3.8/site-packages/airflow/example_dags/tutorial_etl_dag.py
[2022-04-06 04:48:00,704] {logging_mixin.py:109} INFO - [2022-04-06 04:48:00,704] {dag.py:2396} INFO - Sync 1 DAGs
[2022-04-06 04:48:00,720] {logging_mixin.py:109} INFO - [2022-04-06 04:48:00,720] {dag.py:2935} INFO - Setting next_dagrun for tutorial_etl_dag to None
[2022-04-06 04:48:00,729] {processor.py:171} INFO - Processing /home/airflow/.local/lib/python3.8/site-packages/airflow/example_dags/tutorial_etl_dag.py took 0.059 seconds
[2022-04-06 04:48:31,322] {processor.py:163} INFO - Started process (PID=944) to work on /home/airflow/.local/lib/python3.8/site-packages/airflow/example_dags/tutorial_etl_dag.py
[2022-04-06 04:48:31,323] {processor.py:642} INFO - Processing file /home/airflow/.local/lib/python3.8/site-packages/airflow/example_dags/tutorial_etl_dag.py for tasks to queue
[2022-04-06 04:48:31,323] {logging_mixin.py:109} INFO - [2022-04-06 04:48:31,323] {dagbag.py:500} INFO - Filling up the DagBag from /home/airflow/.local/lib/python3.8/site-packages/airflow/example_dags/tutorial_etl_dag.py
[2022-04-06 04:48:31,345] {processor.py:654} INFO - DAG(s) dict_keys(['tutorial_etl_dag']) retrieved from /home/airflow/.local/lib/python3.8/site-packages/airflow/example_dags/tutorial_etl_dag.py
[2022-04-06 04:48:31,354] {logging_mixin.py:109} INFO - [2022-04-06 04:48:31,353] {dag.py:2396} INFO - Sync 1 DAGs
[2022-04-06 04:48:31,367] {logging_mixin.py:109} INFO - [2022-04-06 04:48:31,367] {dag.py:2935} INFO - Setting next_dagrun for tutorial_etl_dag to None
[2022-04-06 04:48:31,375] {processor.py:171} INFO - Processing /home/airflow/.local/lib/python3.8/site-packages/airflow/example_dags/tutorial_etl_dag.py took 0.055 seconds
[2022-04-06 04:49:01,720] {processor.py:163} INFO - Started process (PID=1019) to work on /home/airflow/.local/lib/python3.8/site-packages/airflow/example_dags/tutorial_etl_dag.py
[2022-04-06 04:49:01,721] {processor.py:642} INFO - Processing file /home/airflow/.local/lib/python3.8/site-packages/airflow/example_dags/tutorial_etl_dag.py for tasks to queue
[2022-04-06 04:49:01,721] {logging_mixin.py:109} INFO - [2022-04-06 04:49:01,721] {dagbag.py:500} INFO - Filling up the DagBag from /home/airflow/.local/lib/python3.8/site-packages/airflow/example_dags/tutorial_etl_dag.py
[2022-04-06 04:49:01,743] {processor.py:654} INFO - DAG(s) dict_keys(['tutorial_etl_dag']) retrieved from /home/airflow/.local/lib/python3.8/site-packages/airflow/example_dags/tutorial_etl_dag.py
[2022-04-06 04:49:01,752] {logging_mixin.py:109} INFO - [2022-04-06 04:49:01,752] {dag.py:2396} INFO - Sync 1 DAGs
[2022-04-06 04:49:01,766] {logging_mixin.py:109} INFO - [2022-04-06 04:49:01,766] {dag.py:2935} INFO - Setting next_dagrun for tutorial_etl_dag to None
[2022-04-06 04:49:01,774] {processor.py:171} INFO - Processing /home/airflow/.local/lib/python3.8/site-packages/airflow/example_dags/tutorial_etl_dag.py took 0.056 seconds
[2022-04-06 04:49:31,898] {processor.py:163} INFO - Started process (PID=1076) to work on /home/airflow/.local/lib/python3.8/site-packages/airflow/example_dags/tutorial_etl_dag.py
[2022-04-06 04:49:31,899] {processor.py:642} INFO - Processing file /home/airflow/.local/lib/python3.8/site-packages/airflow/example_dags/tutorial_etl_dag.py for tasks to queue
[2022-04-06 04:49:31,900] {logging_mixin.py:109} INFO - [2022-04-06 04:49:31,900] {dagbag.py:500} INFO - Filling up the DagBag from /home/airflow/.local/lib/python3.8/site-packages/airflow/example_dags/tutorial_etl_dag.py
[2022-04-06 04:49:31,926] {processor.py:654} INFO - DAG(s) dict_keys(['tutorial_etl_dag']) retrieved from /home/airflow/.local/lib/python3.8/site-packages/airflow/example_dags/tutorial_etl_dag.py
[2022-04-06 04:49:31,936] {logging_mixin.py:109} INFO - [2022-04-06 04:49:31,936] {dag.py:2396} INFO - Sync 1 DAGs
[2022-04-06 04:49:31,953] {logging_mixin.py:109} INFO - [2022-04-06 04:49:31,953] {dag.py:2935} INFO - Setting next_dagrun for tutorial_etl_dag to None
[2022-04-06 04:49:31,963] {processor.py:171} INFO - Processing /home/airflow/.local/lib/python3.8/site-packages/airflow/example_dags/tutorial_etl_dag.py took 0.067 seconds
[2022-04-06 04:50:02,473] {processor.py:163} INFO - Started process (PID=1133) to work on /home/airflow/.local/lib/python3.8/site-packages/airflow/example_dags/tutorial_etl_dag.py
[2022-04-06 04:50:02,474] {processor.py:642} INFO - Processing file /home/airflow/.local/lib/python3.8/site-packages/airflow/example_dags/tutorial_etl_dag.py for tasks to queue
[2022-04-06 04:50:02,474] {logging_mixin.py:109} INFO - [2022-04-06 04:50:02,474] {dagbag.py:500} INFO - Filling up the DagBag from /home/airflow/.local/lib/python3.8/site-packages/airflow/example_dags/tutorial_etl_dag.py
[2022-04-06 04:50:02,501] {processor.py:654} INFO - DAG(s) dict_keys(['tutorial_etl_dag']) retrieved from /home/airflow/.local/lib/python3.8/site-packages/airflow/example_dags/tutorial_etl_dag.py
[2022-04-06 04:50:02,511] {logging_mixin.py:109} INFO - [2022-04-06 04:50:02,511] {dag.py:2396} INFO - Sync 1 DAGs
[2022-04-06 04:50:02,528] {logging_mixin.py:109} INFO - [2022-04-06 04:50:02,527] {dag.py:2935} INFO - Setting next_dagrun for tutorial_etl_dag to None
[2022-04-06 04:50:02,538] {processor.py:171} INFO - Processing /home/airflow/.local/lib/python3.8/site-packages/airflow/example_dags/tutorial_etl_dag.py took 0.068 seconds
[2022-04-06 04:50:32,655] {processor.py:163} INFO - Started process (PID=1201) to work on /home/airflow/.local/lib/python3.8/site-packages/airflow/example_dags/tutorial_etl_dag.py
[2022-04-06 04:50:32,656] {processor.py:642} INFO - Processing file /home/airflow/.local/lib/python3.8/site-packages/airflow/example_dags/tutorial_etl_dag.py for tasks to queue
[2022-04-06 04:50:32,657] {logging_mixin.py:109} INFO - [2022-04-06 04:50:32,657] {dagbag.py:500} INFO - Filling up the DagBag from /home/airflow/.local/lib/python3.8/site-packages/airflow/example_dags/tutorial_etl_dag.py
[2022-04-06 04:50:32,681] {processor.py:654} INFO - DAG(s) dict_keys(['tutorial_etl_dag']) retrieved from /home/airflow/.local/lib/python3.8/site-packages/airflow/example_dags/tutorial_etl_dag.py
[2022-04-06 04:50:32,691] {logging_mixin.py:109} INFO - [2022-04-06 04:50:32,691] {dag.py:2396} INFO - Sync 1 DAGs
[2022-04-06 04:50:32,706] {logging_mixin.py:109} INFO - [2022-04-06 04:50:32,706] {dag.py:2935} INFO - Setting next_dagrun for tutorial_etl_dag to None
[2022-04-06 04:50:32,714] {processor.py:171} INFO - Processing /home/airflow/.local/lib/python3.8/site-packages/airflow/example_dags/tutorial_etl_dag.py took 0.062 seconds
[2022-04-06 04:52:43,871] {processor.py:163} INFO - Started process (PID=72) to work on /home/airflow/.local/lib/python3.8/site-packages/airflow/example_dags/tutorial_etl_dag.py
[2022-04-06 04:52:43,872] {processor.py:642} INFO - Processing file /home/airflow/.local/lib/python3.8/site-packages/airflow/example_dags/tutorial_etl_dag.py for tasks to queue
[2022-04-06 04:52:43,873] {logging_mixin.py:109} INFO - [2022-04-06 04:52:43,873] {dagbag.py:500} INFO - Filling up the DagBag from /home/airflow/.local/lib/python3.8/site-packages/airflow/example_dags/tutorial_etl_dag.py
[2022-04-06 04:52:43,899] {processor.py:654} INFO - DAG(s) dict_keys(['tutorial_etl_dag']) retrieved from /home/airflow/.local/lib/python3.8/site-packages/airflow/example_dags/tutorial_etl_dag.py
[2022-04-06 04:52:43,909] {logging_mixin.py:109} INFO - [2022-04-06 04:52:43,909] {dag.py:2396} INFO - Sync 1 DAGs
[2022-04-06 04:52:43,925] {logging_mixin.py:109} INFO - [2022-04-06 04:52:43,925] {dag.py:2935} INFO - Setting next_dagrun for tutorial_etl_dag to None
[2022-04-06 04:52:43,933] {processor.py:171} INFO - Processing /home/airflow/.local/lib/python3.8/site-packages/airflow/example_dags/tutorial_etl_dag.py took 0.065 seconds
[2022-04-06 04:53:14,056] {processor.py:163} INFO - Started process (PID=131) to work on /home/airflow/.local/lib/python3.8/site-packages/airflow/example_dags/tutorial_etl_dag.py
[2022-04-06 04:53:14,058] {processor.py:642} INFO - Processing file /home/airflow/.local/lib/python3.8/site-packages/airflow/example_dags/tutorial_etl_dag.py for tasks to queue
[2022-04-06 04:53:14,059] {logging_mixin.py:109} INFO - [2022-04-06 04:53:14,059] {dagbag.py:500} INFO - Filling up the DagBag from /home/airflow/.local/lib/python3.8/site-packages/airflow/example_dags/tutorial_etl_dag.py
[2022-04-06 04:53:14,094] {processor.py:654} INFO - DAG(s) dict_keys(['tutorial_etl_dag']) retrieved from /home/airflow/.local/lib/python3.8/site-packages/airflow/example_dags/tutorial_etl_dag.py
[2022-04-06 04:53:14,108] {logging_mixin.py:109} INFO - [2022-04-06 04:53:14,108] {dag.py:2396} INFO - Sync 1 DAGs
[2022-04-06 04:53:14,127] {logging_mixin.py:109} INFO - [2022-04-06 04:53:14,127] {dag.py:2935} INFO - Setting next_dagrun for tutorial_etl_dag to None
[2022-04-06 04:53:14,137] {processor.py:171} INFO - Processing /home/airflow/.local/lib/python3.8/site-packages/airflow/example_dags/tutorial_etl_dag.py took 0.084 seconds
[2022-04-06 04:53:45,472] {processor.py:163} INFO - Started process (PID=197) to work on /home/airflow/.local/lib/python3.8/site-packages/airflow/example_dags/tutorial_etl_dag.py
[2022-04-06 04:53:45,473] {processor.py:642} INFO - Processing file /home/airflow/.local/lib/python3.8/site-packages/airflow/example_dags/tutorial_etl_dag.py for tasks to queue
[2022-04-06 04:53:45,474] {logging_mixin.py:109} INFO - [2022-04-06 04:53:45,473] {dagbag.py:500} INFO - Filling up the DagBag from /home/airflow/.local/lib/python3.8/site-packages/airflow/example_dags/tutorial_etl_dag.py
[2022-04-06 04:53:45,497] {processor.py:654} INFO - DAG(s) dict_keys(['tutorial_etl_dag']) retrieved from /home/airflow/.local/lib/python3.8/site-packages/airflow/example_dags/tutorial_etl_dag.py
[2022-04-06 04:53:45,507] {logging_mixin.py:109} INFO - [2022-04-06 04:53:45,506] {dag.py:2396} INFO - Sync 1 DAGs
[2022-04-06 04:53:45,527] {logging_mixin.py:109} INFO - [2022-04-06 04:53:45,526] {dag.py:2935} INFO - Setting next_dagrun for tutorial_etl_dag to None
[2022-04-06 04:53:45,539] {processor.py:171} INFO - Processing /home/airflow/.local/lib/python3.8/site-packages/airflow/example_dags/tutorial_etl_dag.py took 0.069 seconds
[2022-04-06 04:54:16,025] {processor.py:163} INFO - Started process (PID=254) to work on /home/airflow/.local/lib/python3.8/site-packages/airflow/example_dags/tutorial_etl_dag.py
[2022-04-06 04:54:16,027] {processor.py:642} INFO - Processing file /home/airflow/.local/lib/python3.8/site-packages/airflow/example_dags/tutorial_etl_dag.py for tasks to queue
[2022-04-06 04:54:16,028] {logging_mixin.py:109} INFO - [2022-04-06 04:54:16,028] {dagbag.py:500} INFO - Filling up the DagBag from /home/airflow/.local/lib/python3.8/site-packages/airflow/example_dags/tutorial_etl_dag.py
[2022-04-06 04:54:16,064] {processor.py:654} INFO - DAG(s) dict_keys(['tutorial_etl_dag']) retrieved from /home/airflow/.local/lib/python3.8/site-packages/airflow/example_dags/tutorial_etl_dag.py
[2022-04-06 04:54:16,077] {logging_mixin.py:109} INFO - [2022-04-06 04:54:16,077] {dag.py:2396} INFO - Sync 1 DAGs
[2022-04-06 04:54:16,097] {logging_mixin.py:109} INFO - [2022-04-06 04:54:16,097] {dag.py:2935} INFO - Setting next_dagrun for tutorial_etl_dag to None
[2022-04-06 04:54:16,105] {processor.py:171} INFO - Processing /home/airflow/.local/lib/python3.8/site-packages/airflow/example_dags/tutorial_etl_dag.py took 0.083 seconds
[2022-04-06 04:54:47,388] {processor.py:163} INFO - Started process (PID=321) to work on /home/airflow/.local/lib/python3.8/site-packages/airflow/example_dags/tutorial_etl_dag.py
[2022-04-06 04:54:47,389] {processor.py:642} INFO - Processing file /home/airflow/.local/lib/python3.8/site-packages/airflow/example_dags/tutorial_etl_dag.py for tasks to queue
[2022-04-06 04:54:47,390] {logging_mixin.py:109} INFO - [2022-04-06 04:54:47,390] {dagbag.py:500} INFO - Filling up the DagBag from /home/airflow/.local/lib/python3.8/site-packages/airflow/example_dags/tutorial_etl_dag.py
[2022-04-06 04:54:47,426] {processor.py:654} INFO - DAG(s) dict_keys(['tutorial_etl_dag']) retrieved from /home/airflow/.local/lib/python3.8/site-packages/airflow/example_dags/tutorial_etl_dag.py
[2022-04-06 04:54:47,436] {logging_mixin.py:109} INFO - [2022-04-06 04:54:47,436] {dag.py:2396} INFO - Sync 1 DAGs
[2022-04-06 04:54:47,451] {logging_mixin.py:109} INFO - [2022-04-06 04:54:47,451] {dag.py:2935} INFO - Setting next_dagrun for tutorial_etl_dag to None
[2022-04-06 04:54:47,461] {processor.py:171} INFO - Processing /home/airflow/.local/lib/python3.8/site-packages/airflow/example_dags/tutorial_etl_dag.py took 0.077 seconds
[2022-04-06 04:55:17,794] {processor.py:163} INFO - Started process (PID=376) to work on /home/airflow/.local/lib/python3.8/site-packages/airflow/example_dags/tutorial_etl_dag.py
[2022-04-06 04:55:17,795] {processor.py:642} INFO - Processing file /home/airflow/.local/lib/python3.8/site-packages/airflow/example_dags/tutorial_etl_dag.py for tasks to queue
[2022-04-06 04:55:17,795] {logging_mixin.py:109} INFO - [2022-04-06 04:55:17,795] {dagbag.py:500} INFO - Filling up the DagBag from /home/airflow/.local/lib/python3.8/site-packages/airflow/example_dags/tutorial_etl_dag.py
[2022-04-06 04:55:17,816] {processor.py:654} INFO - DAG(s) dict_keys(['tutorial_etl_dag']) retrieved from /home/airflow/.local/lib/python3.8/site-packages/airflow/example_dags/tutorial_etl_dag.py
[2022-04-06 04:55:17,825] {logging_mixin.py:109} INFO - [2022-04-06 04:55:17,825] {dag.py:2396} INFO - Sync 1 DAGs
[2022-04-06 04:55:17,840] {logging_mixin.py:109} INFO - [2022-04-06 04:55:17,840] {dag.py:2935} INFO - Setting next_dagrun for tutorial_etl_dag to None
[2022-04-06 04:55:17,849] {processor.py:171} INFO - Processing /home/airflow/.local/lib/python3.8/site-packages/airflow/example_dags/tutorial_etl_dag.py took 0.057 seconds
[2022-04-06 04:55:49,101] {processor.py:163} INFO - Started process (PID=442) to work on /home/airflow/.local/lib/python3.8/site-packages/airflow/example_dags/tutorial_etl_dag.py
[2022-04-06 04:55:49,102] {processor.py:642} INFO - Processing file /home/airflow/.local/lib/python3.8/site-packages/airflow/example_dags/tutorial_etl_dag.py for tasks to queue
[2022-04-06 04:55:49,103] {logging_mixin.py:109} INFO - [2022-04-06 04:55:49,103] {dagbag.py:500} INFO - Filling up the DagBag from /home/airflow/.local/lib/python3.8/site-packages/airflow/example_dags/tutorial_etl_dag.py
[2022-04-06 04:55:49,131] {processor.py:654} INFO - DAG(s) dict_keys(['tutorial_etl_dag']) retrieved from /home/airflow/.local/lib/python3.8/site-packages/airflow/example_dags/tutorial_etl_dag.py
[2022-04-06 04:55:49,142] {logging_mixin.py:109} INFO - [2022-04-06 04:55:49,141] {dag.py:2396} INFO - Sync 1 DAGs
[2022-04-06 04:55:49,156] {logging_mixin.py:109} INFO - [2022-04-06 04:55:49,156] {dag.py:2935} INFO - Setting next_dagrun for tutorial_etl_dag to None
[2022-04-06 04:55:49,164] {processor.py:171} INFO - Processing /home/airflow/.local/lib/python3.8/site-packages/airflow/example_dags/tutorial_etl_dag.py took 0.066 seconds
[2022-04-06 04:56:20,321] {processor.py:163} INFO - Started process (PID=500) to work on /home/airflow/.local/lib/python3.8/site-packages/airflow/example_dags/tutorial_etl_dag.py
[2022-04-06 04:56:20,322] {processor.py:642} INFO - Processing file /home/airflow/.local/lib/python3.8/site-packages/airflow/example_dags/tutorial_etl_dag.py for tasks to queue
[2022-04-06 04:56:20,323] {logging_mixin.py:109} INFO - [2022-04-06 04:56:20,323] {dagbag.py:500} INFO - Filling up the DagBag from /home/airflow/.local/lib/python3.8/site-packages/airflow/example_dags/tutorial_etl_dag.py
[2022-04-06 04:56:20,348] {processor.py:654} INFO - DAG(s) dict_keys(['tutorial_etl_dag']) retrieved from /home/airflow/.local/lib/python3.8/site-packages/airflow/example_dags/tutorial_etl_dag.py
[2022-04-06 04:56:20,357] {logging_mixin.py:109} INFO - [2022-04-06 04:56:20,357] {dag.py:2396} INFO - Sync 1 DAGs
[2022-04-06 04:56:20,372] {logging_mixin.py:109} INFO - [2022-04-06 04:56:20,372] {dag.py:2935} INFO - Setting next_dagrun for tutorial_etl_dag to None
[2022-04-06 04:56:20,380] {processor.py:171} INFO - Processing /home/airflow/.local/lib/python3.8/site-packages/airflow/example_dags/tutorial_etl_dag.py took 0.061 seconds
[2022-04-06 04:56:50,535] {processor.py:163} INFO - Started process (PID=548) to work on /home/airflow/.local/lib/python3.8/site-packages/airflow/example_dags/tutorial_etl_dag.py
[2022-04-06 04:56:50,536] {processor.py:642} INFO - Processing file /home/airflow/.local/lib/python3.8/site-packages/airflow/example_dags/tutorial_etl_dag.py for tasks to queue
[2022-04-06 04:56:50,537] {logging_mixin.py:109} INFO - [2022-04-06 04:56:50,537] {dagbag.py:500} INFO - Filling up the DagBag from /home/airflow/.local/lib/python3.8/site-packages/airflow/example_dags/tutorial_etl_dag.py
[2022-04-06 04:56:50,564] {processor.py:654} INFO - DAG(s) dict_keys(['tutorial_etl_dag']) retrieved from /home/airflow/.local/lib/python3.8/site-packages/airflow/example_dags/tutorial_etl_dag.py
[2022-04-06 04:56:50,574] {logging_mixin.py:109} INFO - [2022-04-06 04:56:50,574] {dag.py:2396} INFO - Sync 1 DAGs
[2022-04-06 04:56:50,591] {logging_mixin.py:109} INFO - [2022-04-06 04:56:50,591] {dag.py:2935} INFO - Setting next_dagrun for tutorial_etl_dag to None
[2022-04-06 04:56:50,601] {processor.py:171} INFO - Processing /home/airflow/.local/lib/python3.8/site-packages/airflow/example_dags/tutorial_etl_dag.py took 0.069 seconds
[2022-04-06 04:57:20,654] {processor.py:163} INFO - Started process (PID=612) to work on /home/airflow/.local/lib/python3.8/site-packages/airflow/example_dags/tutorial_etl_dag.py
[2022-04-06 04:57:20,655] {processor.py:642} INFO - Processing file /home/airflow/.local/lib/python3.8/site-packages/airflow/example_dags/tutorial_etl_dag.py for tasks to queue
[2022-04-06 04:57:20,656] {logging_mixin.py:109} INFO - [2022-04-06 04:57:20,656] {dagbag.py:500} INFO - Filling up the DagBag from /home/airflow/.local/lib/python3.8/site-packages/airflow/example_dags/tutorial_etl_dag.py
[2022-04-06 04:57:20,679] {processor.py:654} INFO - DAG(s) dict_keys(['tutorial_etl_dag']) retrieved from /home/airflow/.local/lib/python3.8/site-packages/airflow/example_dags/tutorial_etl_dag.py
[2022-04-06 04:57:20,688] {logging_mixin.py:109} INFO - [2022-04-06 04:57:20,688] {dag.py:2396} INFO - Sync 1 DAGs
[2022-04-06 04:57:20,702] {logging_mixin.py:109} INFO - [2022-04-06 04:57:20,701] {dag.py:2935} INFO - Setting next_dagrun for tutorial_etl_dag to None
[2022-04-06 04:57:20,709] {processor.py:171} INFO - Processing /home/airflow/.local/lib/python3.8/site-packages/airflow/example_dags/tutorial_etl_dag.py took 0.058 seconds
[2022-04-06 05:02:32,144] {processor.py:163} INFO - Started process (PID=72) to work on /home/airflow/.local/lib/python3.8/site-packages/airflow/example_dags/tutorial_etl_dag.py
[2022-04-06 05:02:32,144] {processor.py:642} INFO - Processing file /home/airflow/.local/lib/python3.8/site-packages/airflow/example_dags/tutorial_etl_dag.py for tasks to queue
[2022-04-06 05:02:32,145] {logging_mixin.py:109} INFO - [2022-04-06 05:02:32,145] {dagbag.py:500} INFO - Filling up the DagBag from /home/airflow/.local/lib/python3.8/site-packages/airflow/example_dags/tutorial_etl_dag.py
[2022-04-06 05:02:32,166] {processor.py:654} INFO - DAG(s) dict_keys(['tutorial_etl_dag']) retrieved from /home/airflow/.local/lib/python3.8/site-packages/airflow/example_dags/tutorial_etl_dag.py
[2022-04-06 05:02:32,176] {logging_mixin.py:109} INFO - [2022-04-06 05:02:32,176] {dag.py:2396} INFO - Sync 1 DAGs
[2022-04-06 05:02:32,191] {logging_mixin.py:109} INFO - [2022-04-06 05:02:32,191] {dag.py:2935} INFO - Setting next_dagrun for tutorial_etl_dag to None
[2022-04-06 05:02:32,198] {processor.py:171} INFO - Processing /home/airflow/.local/lib/python3.8/site-packages/airflow/example_dags/tutorial_etl_dag.py took 0.057 seconds
[2022-04-06 05:03:03,503] {processor.py:163} INFO - Started process (PID=139) to work on /home/airflow/.local/lib/python3.8/site-packages/airflow/example_dags/tutorial_etl_dag.py
[2022-04-06 05:03:03,504] {processor.py:642} INFO - Processing file /home/airflow/.local/lib/python3.8/site-packages/airflow/example_dags/tutorial_etl_dag.py for tasks to queue
[2022-04-06 05:03:03,504] {logging_mixin.py:109} INFO - [2022-04-06 05:03:03,504] {dagbag.py:500} INFO - Filling up the DagBag from /home/airflow/.local/lib/python3.8/site-packages/airflow/example_dags/tutorial_etl_dag.py
[2022-04-06 05:03:03,528] {processor.py:654} INFO - DAG(s) dict_keys(['tutorial_etl_dag']) retrieved from /home/airflow/.local/lib/python3.8/site-packages/airflow/example_dags/tutorial_etl_dag.py
[2022-04-06 05:03:03,536] {logging_mixin.py:109} INFO - [2022-04-06 05:03:03,536] {dag.py:2396} INFO - Sync 1 DAGs
[2022-04-06 05:03:03,549] {logging_mixin.py:109} INFO - [2022-04-06 05:03:03,549] {dag.py:2935} INFO - Setting next_dagrun for tutorial_etl_dag to None
[2022-04-06 05:03:03,557] {processor.py:171} INFO - Processing /home/airflow/.local/lib/python3.8/site-packages/airflow/example_dags/tutorial_etl_dag.py took 0.057 seconds
[2022-04-06 05:03:34,595] {processor.py:163} INFO - Started process (PID=196) to work on /home/airflow/.local/lib/python3.8/site-packages/airflow/example_dags/tutorial_etl_dag.py
[2022-04-06 05:03:34,596] {processor.py:642} INFO - Processing file /home/airflow/.local/lib/python3.8/site-packages/airflow/example_dags/tutorial_etl_dag.py for tasks to queue
[2022-04-06 05:03:34,596] {logging_mixin.py:109} INFO - [2022-04-06 05:03:34,596] {dagbag.py:500} INFO - Filling up the DagBag from /home/airflow/.local/lib/python3.8/site-packages/airflow/example_dags/tutorial_etl_dag.py
[2022-04-06 05:03:34,617] {processor.py:654} INFO - DAG(s) dict_keys(['tutorial_etl_dag']) retrieved from /home/airflow/.local/lib/python3.8/site-packages/airflow/example_dags/tutorial_etl_dag.py
[2022-04-06 05:03:34,624] {logging_mixin.py:109} INFO - [2022-04-06 05:03:34,624] {dag.py:2396} INFO - Sync 1 DAGs
[2022-04-06 05:03:34,638] {logging_mixin.py:109} INFO - [2022-04-06 05:03:34,638] {dag.py:2935} INFO - Setting next_dagrun for tutorial_etl_dag to None
[2022-04-06 05:03:34,645] {processor.py:171} INFO - Processing /home/airflow/.local/lib/python3.8/site-packages/airflow/example_dags/tutorial_etl_dag.py took 0.053 seconds
