[2022-04-06 04:42:56,738] {processor.py:163} INFO - Started process (PID=64) to work on /home/airflow/.local/lib/python3.8/site-packages/airflow/example_dags/tutorial.py
[2022-04-06 04:42:56,739] {processor.py:642} INFO - Processing file /home/airflow/.local/lib/python3.8/site-packages/airflow/example_dags/tutorial.py for tasks to queue
[2022-04-06 04:42:56,739] {logging_mixin.py:109} INFO - [2022-04-06 04:42:56,739] {dagbag.py:500} INFO - Filling up the DagBag from /home/airflow/.local/lib/python3.8/site-packages/airflow/example_dags/tutorial.py
[2022-04-06 04:42:56,763] {processor.py:654} INFO - DAG(s) dict_keys(['tutorial']) retrieved from /home/airflow/.local/lib/python3.8/site-packages/airflow/example_dags/tutorial.py
[2022-04-06 04:42:59,667] {logging_mixin.py:109} INFO - [2022-04-06 04:42:59,666] {manager.py:496} INFO - Created Permission View: can read on DAG:tutorial
[2022-04-06 04:42:59,679] {logging_mixin.py:109} INFO - [2022-04-06 04:42:59,679] {manager.py:496} INFO - Created Permission View: can edit on DAG:tutorial
[2022-04-06 04:42:59,680] {logging_mixin.py:109} INFO - [2022-04-06 04:42:59,680] {dag.py:2396} INFO - Sync 1 DAGs
[2022-04-06 04:42:59,690] {logging_mixin.py:109} INFO - [2022-04-06 04:42:59,689] {dag.py:2415} INFO - Creating ORM DAG for tutorial
[2022-04-06 04:42:59,710] {logging_mixin.py:109} INFO - [2022-04-06 04:42:59,710] {dag.py:2935} INFO - Setting next_dagrun for tutorial to 2022-04-05T04:42:59.710059+00:00
[2022-04-06 04:42:59,736] {processor.py:171} INFO - Processing /home/airflow/.local/lib/python3.8/site-packages/airflow/example_dags/tutorial.py took 3.000 seconds
[2022-04-06 04:43:29,964] {processor.py:163} INFO - Started process (PID=353) to work on /home/airflow/.local/lib/python3.8/site-packages/airflow/example_dags/tutorial.py
[2022-04-06 04:43:29,965] {processor.py:642} INFO - Processing file /home/airflow/.local/lib/python3.8/site-packages/airflow/example_dags/tutorial.py for tasks to queue
[2022-04-06 04:43:29,966] {logging_mixin.py:109} INFO - [2022-04-06 04:43:29,966] {dagbag.py:500} INFO - Filling up the DagBag from /home/airflow/.local/lib/python3.8/site-packages/airflow/example_dags/tutorial.py
[2022-04-06 04:43:29,994] {processor.py:654} INFO - DAG(s) dict_keys(['tutorial']) retrieved from /home/airflow/.local/lib/python3.8/site-packages/airflow/example_dags/tutorial.py
[2022-04-06 04:43:30,005] {logging_mixin.py:109} INFO - [2022-04-06 04:43:30,005] {dag.py:2396} INFO - Sync 1 DAGs
[2022-04-06 04:43:30,024] {logging_mixin.py:109} INFO - [2022-04-06 04:43:30,024] {dag.py:2935} INFO - Setting next_dagrun for tutorial to 2022-04-05T04:43:30.024159+00:00
[2022-04-06 04:43:30,035] {processor.py:171} INFO - Processing /home/airflow/.local/lib/python3.8/site-packages/airflow/example_dags/tutorial.py took 0.075 seconds
[2022-04-06 04:44:00,446] {processor.py:163} INFO - Started process (PID=411) to work on /home/airflow/.local/lib/python3.8/site-packages/airflow/example_dags/tutorial.py
[2022-04-06 04:44:00,447] {processor.py:642} INFO - Processing file /home/airflow/.local/lib/python3.8/site-packages/airflow/example_dags/tutorial.py for tasks to queue
[2022-04-06 04:44:00,448] {logging_mixin.py:109} INFO - [2022-04-06 04:44:00,448] {dagbag.py:500} INFO - Filling up the DagBag from /home/airflow/.local/lib/python3.8/site-packages/airflow/example_dags/tutorial.py
[2022-04-06 04:44:00,472] {processor.py:654} INFO - DAG(s) dict_keys(['tutorial']) retrieved from /home/airflow/.local/lib/python3.8/site-packages/airflow/example_dags/tutorial.py
[2022-04-06 04:44:00,482] {logging_mixin.py:109} INFO - [2022-04-06 04:44:00,482] {dag.py:2396} INFO - Sync 1 DAGs
[2022-04-06 04:44:00,496] {logging_mixin.py:109} INFO - [2022-04-06 04:44:00,496] {dag.py:2935} INFO - Setting next_dagrun for tutorial to 2022-04-05T04:44:00.496059+00:00
[2022-04-06 04:44:00,504] {processor.py:171} INFO - Processing /home/airflow/.local/lib/python3.8/site-packages/airflow/example_dags/tutorial.py took 0.061 seconds
[2022-04-06 04:44:30,980] {processor.py:163} INFO - Started process (PID=461) to work on /home/airflow/.local/lib/python3.8/site-packages/airflow/example_dags/tutorial.py
[2022-04-06 04:44:30,981] {processor.py:642} INFO - Processing file /home/airflow/.local/lib/python3.8/site-packages/airflow/example_dags/tutorial.py for tasks to queue
[2022-04-06 04:44:30,982] {logging_mixin.py:109} INFO - [2022-04-06 04:44:30,981] {dagbag.py:500} INFO - Filling up the DagBag from /home/airflow/.local/lib/python3.8/site-packages/airflow/example_dags/tutorial.py
[2022-04-06 04:44:31,006] {processor.py:654} INFO - DAG(s) dict_keys(['tutorial']) retrieved from /home/airflow/.local/lib/python3.8/site-packages/airflow/example_dags/tutorial.py
[2022-04-06 04:44:31,015] {logging_mixin.py:109} INFO - [2022-04-06 04:44:31,015] {dag.py:2396} INFO - Sync 1 DAGs
[2022-04-06 04:44:31,029] {logging_mixin.py:109} INFO - [2022-04-06 04:44:31,029] {dag.py:2935} INFO - Setting next_dagrun for tutorial to 2022-04-05T04:44:31.029163+00:00
[2022-04-06 04:44:31,037] {processor.py:171} INFO - Processing /home/airflow/.local/lib/python3.8/site-packages/airflow/example_dags/tutorial.py took 0.059 seconds
[2022-04-06 04:45:01,217] {processor.py:163} INFO - Started process (PID=526) to work on /home/airflow/.local/lib/python3.8/site-packages/airflow/example_dags/tutorial.py
[2022-04-06 04:45:01,220] {processor.py:642} INFO - Processing file /home/airflow/.local/lib/python3.8/site-packages/airflow/example_dags/tutorial.py for tasks to queue
[2022-04-06 04:45:01,221] {logging_mixin.py:109} INFO - [2022-04-06 04:45:01,221] {dagbag.py:500} INFO - Filling up the DagBag from /home/airflow/.local/lib/python3.8/site-packages/airflow/example_dags/tutorial.py
[2022-04-06 04:45:01,251] {processor.py:654} INFO - DAG(s) dict_keys(['tutorial']) retrieved from /home/airflow/.local/lib/python3.8/site-packages/airflow/example_dags/tutorial.py
[2022-04-06 04:45:01,262] {logging_mixin.py:109} INFO - [2022-04-06 04:45:01,262] {dag.py:2396} INFO - Sync 1 DAGs
[2022-04-06 04:45:01,278] {logging_mixin.py:109} INFO - [2022-04-06 04:45:01,278] {dag.py:2935} INFO - Setting next_dagrun for tutorial to 2022-04-05T04:45:01.278038+00:00
[2022-04-06 04:45:01,287] {processor.py:171} INFO - Processing /home/airflow/.local/lib/python3.8/site-packages/airflow/example_dags/tutorial.py took 0.076 seconds
[2022-04-06 04:45:31,304] {processor.py:163} INFO - Started process (PID=582) to work on /home/airflow/.local/lib/python3.8/site-packages/airflow/example_dags/tutorial.py
[2022-04-06 04:45:31,305] {processor.py:642} INFO - Processing file /home/airflow/.local/lib/python3.8/site-packages/airflow/example_dags/tutorial.py for tasks to queue
[2022-04-06 04:45:31,306] {logging_mixin.py:109} INFO - [2022-04-06 04:45:31,306] {dagbag.py:500} INFO - Filling up the DagBag from /home/airflow/.local/lib/python3.8/site-packages/airflow/example_dags/tutorial.py
[2022-04-06 04:45:31,338] {processor.py:654} INFO - DAG(s) dict_keys(['tutorial']) retrieved from /home/airflow/.local/lib/python3.8/site-packages/airflow/example_dags/tutorial.py
[2022-04-06 04:45:31,352] {logging_mixin.py:109} INFO - [2022-04-06 04:45:31,352] {dag.py:2396} INFO - Sync 1 DAGs
[2022-04-06 04:45:31,375] {logging_mixin.py:109} INFO - [2022-04-06 04:45:31,375] {dag.py:2935} INFO - Setting next_dagrun for tutorial to 2022-04-05T04:45:31.374804+00:00
[2022-04-06 04:45:31,387] {processor.py:171} INFO - Processing /home/airflow/.local/lib/python3.8/site-packages/airflow/example_dags/tutorial.py took 0.086 seconds
[2022-04-06 04:46:01,419] {processor.py:163} INFO - Started process (PID=648) to work on /home/airflow/.local/lib/python3.8/site-packages/airflow/example_dags/tutorial.py
[2022-04-06 04:46:01,420] {processor.py:642} INFO - Processing file /home/airflow/.local/lib/python3.8/site-packages/airflow/example_dags/tutorial.py for tasks to queue
[2022-04-06 04:46:01,421] {logging_mixin.py:109} INFO - [2022-04-06 04:46:01,421] {dagbag.py:500} INFO - Filling up the DagBag from /home/airflow/.local/lib/python3.8/site-packages/airflow/example_dags/tutorial.py
[2022-04-06 04:46:01,443] {processor.py:654} INFO - DAG(s) dict_keys(['tutorial']) retrieved from /home/airflow/.local/lib/python3.8/site-packages/airflow/example_dags/tutorial.py
[2022-04-06 04:46:01,450] {logging_mixin.py:109} INFO - [2022-04-06 04:46:01,450] {dag.py:2396} INFO - Sync 1 DAGs
[2022-04-06 04:46:01,462] {logging_mixin.py:109} INFO - [2022-04-06 04:46:01,462] {dag.py:2935} INFO - Setting next_dagrun for tutorial to 2022-04-05T04:46:01.462617+00:00
[2022-04-06 04:46:01,469] {processor.py:171} INFO - Processing /home/airflow/.local/lib/python3.8/site-packages/airflow/example_dags/tutorial.py took 0.053 seconds
[2022-04-06 04:46:32,114] {processor.py:163} INFO - Started process (PID=705) to work on /home/airflow/.local/lib/python3.8/site-packages/airflow/example_dags/tutorial.py
[2022-04-06 04:46:32,117] {processor.py:642} INFO - Processing file /home/airflow/.local/lib/python3.8/site-packages/airflow/example_dags/tutorial.py for tasks to queue
[2022-04-06 04:46:32,118] {logging_mixin.py:109} INFO - [2022-04-06 04:46:32,118] {dagbag.py:500} INFO - Filling up the DagBag from /home/airflow/.local/lib/python3.8/site-packages/airflow/example_dags/tutorial.py
[2022-04-06 04:46:32,165] {processor.py:654} INFO - DAG(s) dict_keys(['tutorial']) retrieved from /home/airflow/.local/lib/python3.8/site-packages/airflow/example_dags/tutorial.py
[2022-04-06 04:46:32,173] {logging_mixin.py:109} INFO - [2022-04-06 04:46:32,173] {dag.py:2396} INFO - Sync 1 DAGs
[2022-04-06 04:46:32,185] {logging_mixin.py:109} INFO - [2022-04-06 04:46:32,185] {dag.py:2935} INFO - Setting next_dagrun for tutorial to 2022-04-05T04:46:32.184862+00:00
[2022-04-06 04:46:32,193] {processor.py:171} INFO - Processing /home/airflow/.local/lib/python3.8/site-packages/airflow/example_dags/tutorial.py took 0.086 seconds
[2022-04-06 04:47:02,347] {processor.py:163} INFO - Started process (PID=762) to work on /home/airflow/.local/lib/python3.8/site-packages/airflow/example_dags/tutorial.py
[2022-04-06 04:47:02,347] {processor.py:642} INFO - Processing file /home/airflow/.local/lib/python3.8/site-packages/airflow/example_dags/tutorial.py for tasks to queue
[2022-04-06 04:47:02,348] {logging_mixin.py:109} INFO - [2022-04-06 04:47:02,348] {dagbag.py:500} INFO - Filling up the DagBag from /home/airflow/.local/lib/python3.8/site-packages/airflow/example_dags/tutorial.py
[2022-04-06 04:47:02,367] {processor.py:654} INFO - DAG(s) dict_keys(['tutorial']) retrieved from /home/airflow/.local/lib/python3.8/site-packages/airflow/example_dags/tutorial.py
[2022-04-06 04:47:02,374] {logging_mixin.py:109} INFO - [2022-04-06 04:47:02,374] {dag.py:2396} INFO - Sync 1 DAGs
[2022-04-06 04:47:02,387] {logging_mixin.py:109} INFO - [2022-04-06 04:47:02,387] {dag.py:2935} INFO - Setting next_dagrun for tutorial to 2022-04-05T04:47:02.386959+00:00
[2022-04-06 04:47:02,394] {processor.py:171} INFO - Processing /home/airflow/.local/lib/python3.8/site-packages/airflow/example_dags/tutorial.py took 0.050 seconds
[2022-04-06 04:47:32,517] {processor.py:163} INFO - Started process (PID=829) to work on /home/airflow/.local/lib/python3.8/site-packages/airflow/example_dags/tutorial.py
[2022-04-06 04:47:32,519] {processor.py:642} INFO - Processing file /home/airflow/.local/lib/python3.8/site-packages/airflow/example_dags/tutorial.py for tasks to queue
[2022-04-06 04:47:32,520] {logging_mixin.py:109} INFO - [2022-04-06 04:47:32,520] {dagbag.py:500} INFO - Filling up the DagBag from /home/airflow/.local/lib/python3.8/site-packages/airflow/example_dags/tutorial.py
[2022-04-06 04:47:32,549] {processor.py:654} INFO - DAG(s) dict_keys(['tutorial']) retrieved from /home/airflow/.local/lib/python3.8/site-packages/airflow/example_dags/tutorial.py
[2022-04-06 04:47:32,557] {logging_mixin.py:109} INFO - [2022-04-06 04:47:32,557] {dag.py:2396} INFO - Sync 1 DAGs
[2022-04-06 04:47:32,571] {logging_mixin.py:109} INFO - [2022-04-06 04:47:32,571] {dag.py:2935} INFO - Setting next_dagrun for tutorial to 2022-04-05T04:47:32.571333+00:00
[2022-04-06 04:47:32,579] {processor.py:171} INFO - Processing /home/airflow/.local/lib/python3.8/site-packages/airflow/example_dags/tutorial.py took 0.068 seconds
[2022-04-06 04:48:02,737] {processor.py:163} INFO - Started process (PID=888) to work on /home/airflow/.local/lib/python3.8/site-packages/airflow/example_dags/tutorial.py
[2022-04-06 04:48:02,740] {processor.py:642} INFO - Processing file /home/airflow/.local/lib/python3.8/site-packages/airflow/example_dags/tutorial.py for tasks to queue
[2022-04-06 04:48:02,741] {logging_mixin.py:109} INFO - [2022-04-06 04:48:02,741] {dagbag.py:500} INFO - Filling up the DagBag from /home/airflow/.local/lib/python3.8/site-packages/airflow/example_dags/tutorial.py
[2022-04-06 04:48:02,780] {processor.py:654} INFO - DAG(s) dict_keys(['tutorial']) retrieved from /home/airflow/.local/lib/python3.8/site-packages/airflow/example_dags/tutorial.py
[2022-04-06 04:48:02,789] {logging_mixin.py:109} INFO - [2022-04-06 04:48:02,789] {dag.py:2396} INFO - Sync 1 DAGs
[2022-04-06 04:48:02,802] {logging_mixin.py:109} INFO - [2022-04-06 04:48:02,802] {dag.py:2935} INFO - Setting next_dagrun for tutorial to 2022-04-05T04:48:02.801919+00:00
[2022-04-06 04:48:02,810] {processor.py:171} INFO - Processing /home/airflow/.local/lib/python3.8/site-packages/airflow/example_dags/tutorial.py took 0.081 seconds
[2022-04-06 04:48:33,395] {processor.py:163} INFO - Started process (PID=955) to work on /home/airflow/.local/lib/python3.8/site-packages/airflow/example_dags/tutorial.py
[2022-04-06 04:48:33,396] {processor.py:642} INFO - Processing file /home/airflow/.local/lib/python3.8/site-packages/airflow/example_dags/tutorial.py for tasks to queue
[2022-04-06 04:48:33,396] {logging_mixin.py:109} INFO - [2022-04-06 04:48:33,396] {dagbag.py:500} INFO - Filling up the DagBag from /home/airflow/.local/lib/python3.8/site-packages/airflow/example_dags/tutorial.py
[2022-04-06 04:48:33,417] {processor.py:654} INFO - DAG(s) dict_keys(['tutorial']) retrieved from /home/airflow/.local/lib/python3.8/site-packages/airflow/example_dags/tutorial.py
[2022-04-06 04:48:33,426] {logging_mixin.py:109} INFO - [2022-04-06 04:48:33,426] {dag.py:2396} INFO - Sync 1 DAGs
[2022-04-06 04:48:33,441] {logging_mixin.py:109} INFO - [2022-04-06 04:48:33,441] {dag.py:2935} INFO - Setting next_dagrun for tutorial to 2022-04-05T04:48:33.441116+00:00
[2022-04-06 04:48:33,449] {processor.py:171} INFO - Processing /home/airflow/.local/lib/python3.8/site-packages/airflow/example_dags/tutorial.py took 0.056 seconds
[2022-04-06 04:49:03,815] {processor.py:163} INFO - Started process (PID=1022) to work on /home/airflow/.local/lib/python3.8/site-packages/airflow/example_dags/tutorial.py
[2022-04-06 04:49:03,817] {processor.py:642} INFO - Processing file /home/airflow/.local/lib/python3.8/site-packages/airflow/example_dags/tutorial.py for tasks to queue
[2022-04-06 04:49:03,819] {logging_mixin.py:109} INFO - [2022-04-06 04:49:03,818] {dagbag.py:500} INFO - Filling up the DagBag from /home/airflow/.local/lib/python3.8/site-packages/airflow/example_dags/tutorial.py
[2022-04-06 04:49:03,856] {processor.py:654} INFO - DAG(s) dict_keys(['tutorial']) retrieved from /home/airflow/.local/lib/python3.8/site-packages/airflow/example_dags/tutorial.py
[2022-04-06 04:49:03,864] {logging_mixin.py:109} INFO - [2022-04-06 04:49:03,864] {dag.py:2396} INFO - Sync 1 DAGs
[2022-04-06 04:49:03,877] {logging_mixin.py:109} INFO - [2022-04-06 04:49:03,877] {dag.py:2935} INFO - Setting next_dagrun for tutorial to 2022-04-05T04:49:03.876960+00:00
[2022-04-06 04:49:03,885] {processor.py:171} INFO - Processing /home/airflow/.local/lib/python3.8/site-packages/airflow/example_dags/tutorial.py took 0.077 seconds
[2022-04-06 04:49:34,005] {processor.py:163} INFO - Started process (PID=1079) to work on /home/airflow/.local/lib/python3.8/site-packages/airflow/example_dags/tutorial.py
[2022-04-06 04:49:34,008] {processor.py:642} INFO - Processing file /home/airflow/.local/lib/python3.8/site-packages/airflow/example_dags/tutorial.py for tasks to queue
[2022-04-06 04:49:34,010] {logging_mixin.py:109} INFO - [2022-04-06 04:49:34,009] {dagbag.py:500} INFO - Filling up the DagBag from /home/airflow/.local/lib/python3.8/site-packages/airflow/example_dags/tutorial.py
[2022-04-06 04:49:34,046] {processor.py:654} INFO - DAG(s) dict_keys(['tutorial']) retrieved from /home/airflow/.local/lib/python3.8/site-packages/airflow/example_dags/tutorial.py
[2022-04-06 04:49:34,054] {logging_mixin.py:109} INFO - [2022-04-06 04:49:34,054] {dag.py:2396} INFO - Sync 1 DAGs
[2022-04-06 04:49:34,066] {logging_mixin.py:109} INFO - [2022-04-06 04:49:34,066] {dag.py:2935} INFO - Setting next_dagrun for tutorial to 2022-04-05T04:49:34.066337+00:00
[2022-04-06 04:49:34,078] {processor.py:171} INFO - Processing /home/airflow/.local/lib/python3.8/site-packages/airflow/example_dags/tutorial.py took 0.080 seconds
[2022-04-06 04:50:04,610] {processor.py:163} INFO - Started process (PID=1146) to work on /home/airflow/.local/lib/python3.8/site-packages/airflow/example_dags/tutorial.py
[2022-04-06 04:50:04,611] {processor.py:642} INFO - Processing file /home/airflow/.local/lib/python3.8/site-packages/airflow/example_dags/tutorial.py for tasks to queue
[2022-04-06 04:50:04,611] {logging_mixin.py:109} INFO - [2022-04-06 04:50:04,611] {dagbag.py:500} INFO - Filling up the DagBag from /home/airflow/.local/lib/python3.8/site-packages/airflow/example_dags/tutorial.py
[2022-04-06 04:50:04,639] {processor.py:654} INFO - DAG(s) dict_keys(['tutorial']) retrieved from /home/airflow/.local/lib/python3.8/site-packages/airflow/example_dags/tutorial.py
[2022-04-06 04:50:04,648] {logging_mixin.py:109} INFO - [2022-04-06 04:50:04,648] {dag.py:2396} INFO - Sync 1 DAGs
[2022-04-06 04:50:04,663] {logging_mixin.py:109} INFO - [2022-04-06 04:50:04,663] {dag.py:2935} INFO - Setting next_dagrun for tutorial to 2022-04-05T04:50:04.663410+00:00
[2022-04-06 04:50:04,673] {processor.py:171} INFO - Processing /home/airflow/.local/lib/python3.8/site-packages/airflow/example_dags/tutorial.py took 0.066 seconds
[2022-04-06 04:50:34,733] {processor.py:163} INFO - Started process (PID=1204) to work on /home/airflow/.local/lib/python3.8/site-packages/airflow/example_dags/tutorial.py
[2022-04-06 04:50:34,734] {processor.py:642} INFO - Processing file /home/airflow/.local/lib/python3.8/site-packages/airflow/example_dags/tutorial.py for tasks to queue
[2022-04-06 04:50:34,734] {logging_mixin.py:109} INFO - [2022-04-06 04:50:34,734] {dagbag.py:500} INFO - Filling up the DagBag from /home/airflow/.local/lib/python3.8/site-packages/airflow/example_dags/tutorial.py
[2022-04-06 04:50:34,753] {processor.py:654} INFO - DAG(s) dict_keys(['tutorial']) retrieved from /home/airflow/.local/lib/python3.8/site-packages/airflow/example_dags/tutorial.py
[2022-04-06 04:50:34,760] {logging_mixin.py:109} INFO - [2022-04-06 04:50:34,760] {dag.py:2396} INFO - Sync 1 DAGs
[2022-04-06 04:50:34,771] {logging_mixin.py:109} INFO - [2022-04-06 04:50:34,771] {dag.py:2935} INFO - Setting next_dagrun for tutorial to 2022-04-05T04:50:34.771591+00:00
[2022-04-06 04:50:34,778] {processor.py:171} INFO - Processing /home/airflow/.local/lib/python3.8/site-packages/airflow/example_dags/tutorial.py took 0.047 seconds
[2022-04-06 04:52:40,821] {processor.py:163} INFO - Started process (PID=38) to work on /home/airflow/.local/lib/python3.8/site-packages/airflow/example_dags/tutorial.py
[2022-04-06 04:52:40,822] {processor.py:642} INFO - Processing file /home/airflow/.local/lib/python3.8/site-packages/airflow/example_dags/tutorial.py for tasks to queue
[2022-04-06 04:52:40,823] {logging_mixin.py:109} INFO - [2022-04-06 04:52:40,823] {dagbag.py:500} INFO - Filling up the DagBag from /home/airflow/.local/lib/python3.8/site-packages/airflow/example_dags/tutorial.py
[2022-04-06 04:52:40,848] {processor.py:654} INFO - DAG(s) dict_keys(['tutorial']) retrieved from /home/airflow/.local/lib/python3.8/site-packages/airflow/example_dags/tutorial.py
[2022-04-06 04:52:40,858] {logging_mixin.py:109} INFO - [2022-04-06 04:52:40,858] {dag.py:2396} INFO - Sync 1 DAGs
[2022-04-06 04:52:40,874] {logging_mixin.py:109} INFO - [2022-04-06 04:52:40,874] {dag.py:2935} INFO - Setting next_dagrun for tutorial to 2022-04-05T04:52:40.873929+00:00
[2022-04-06 04:52:40,882] {processor.py:171} INFO - Processing /home/airflow/.local/lib/python3.8/site-packages/airflow/example_dags/tutorial.py took 0.063 seconds
[2022-04-06 04:53:11,273] {processor.py:163} INFO - Started process (PID=96) to work on /home/airflow/.local/lib/python3.8/site-packages/airflow/example_dags/tutorial.py
[2022-04-06 04:53:11,274] {processor.py:642} INFO - Processing file /home/airflow/.local/lib/python3.8/site-packages/airflow/example_dags/tutorial.py for tasks to queue
[2022-04-06 04:53:11,274] {logging_mixin.py:109} INFO - [2022-04-06 04:53:11,274] {dagbag.py:500} INFO - Filling up the DagBag from /home/airflow/.local/lib/python3.8/site-packages/airflow/example_dags/tutorial.py
[2022-04-06 04:53:11,298] {processor.py:654} INFO - DAG(s) dict_keys(['tutorial']) retrieved from /home/airflow/.local/lib/python3.8/site-packages/airflow/example_dags/tutorial.py
[2022-04-06 04:53:11,307] {logging_mixin.py:109} INFO - [2022-04-06 04:53:11,307] {dag.py:2396} INFO - Sync 1 DAGs
[2022-04-06 04:53:11,320] {logging_mixin.py:109} INFO - [2022-04-06 04:53:11,320] {dag.py:2935} INFO - Setting next_dagrun for tutorial to 2022-04-05T04:53:11.320288+00:00
[2022-04-06 04:53:11,328] {processor.py:171} INFO - Processing /home/airflow/.local/lib/python3.8/site-packages/airflow/example_dags/tutorial.py took 0.057 seconds
[2022-04-06 04:53:41,450] {processor.py:163} INFO - Started process (PID=161) to work on /home/airflow/.local/lib/python3.8/site-packages/airflow/example_dags/tutorial.py
[2022-04-06 04:53:41,451] {processor.py:642} INFO - Processing file /home/airflow/.local/lib/python3.8/site-packages/airflow/example_dags/tutorial.py for tasks to queue
[2022-04-06 04:53:41,451] {logging_mixin.py:109} INFO - [2022-04-06 04:53:41,451] {dagbag.py:500} INFO - Filling up the DagBag from /home/airflow/.local/lib/python3.8/site-packages/airflow/example_dags/tutorial.py
[2022-04-06 04:53:41,474] {processor.py:654} INFO - DAG(s) dict_keys(['tutorial']) retrieved from /home/airflow/.local/lib/python3.8/site-packages/airflow/example_dags/tutorial.py
[2022-04-06 04:53:41,483] {logging_mixin.py:109} INFO - [2022-04-06 04:53:41,483] {dag.py:2396} INFO - Sync 1 DAGs
[2022-04-06 04:53:41,496] {logging_mixin.py:109} INFO - [2022-04-06 04:53:41,496] {dag.py:2935} INFO - Setting next_dagrun for tutorial to 2022-04-05T04:53:41.496055+00:00
[2022-04-06 04:53:41,503] {processor.py:171} INFO - Processing /home/airflow/.local/lib/python3.8/site-packages/airflow/example_dags/tutorial.py took 0.056 seconds
[2022-04-06 04:54:11,843] {processor.py:163} INFO - Started process (PID=219) to work on /home/airflow/.local/lib/python3.8/site-packages/airflow/example_dags/tutorial.py
[2022-04-06 04:54:11,844] {processor.py:642} INFO - Processing file /home/airflow/.local/lib/python3.8/site-packages/airflow/example_dags/tutorial.py for tasks to queue
[2022-04-06 04:54:11,845] {logging_mixin.py:109} INFO - [2022-04-06 04:54:11,845] {dagbag.py:500} INFO - Filling up the DagBag from /home/airflow/.local/lib/python3.8/site-packages/airflow/example_dags/tutorial.py
[2022-04-06 04:54:11,868] {processor.py:654} INFO - DAG(s) dict_keys(['tutorial']) retrieved from /home/airflow/.local/lib/python3.8/site-packages/airflow/example_dags/tutorial.py
[2022-04-06 04:54:11,878] {logging_mixin.py:109} INFO - [2022-04-06 04:54:11,877] {dag.py:2396} INFO - Sync 1 DAGs
[2022-04-06 04:54:11,892] {logging_mixin.py:109} INFO - [2022-04-06 04:54:11,891] {dag.py:2935} INFO - Setting next_dagrun for tutorial to 2022-04-05T04:54:11.891669+00:00
[2022-04-06 04:54:11,899] {processor.py:171} INFO - Processing /home/airflow/.local/lib/python3.8/site-packages/airflow/example_dags/tutorial.py took 0.059 seconds
[2022-04-06 04:54:42,360] {processor.py:163} INFO - Started process (PID=277) to work on /home/airflow/.local/lib/python3.8/site-packages/airflow/example_dags/tutorial.py
[2022-04-06 04:54:42,361] {processor.py:642} INFO - Processing file /home/airflow/.local/lib/python3.8/site-packages/airflow/example_dags/tutorial.py for tasks to queue
[2022-04-06 04:54:42,362] {logging_mixin.py:109} INFO - [2022-04-06 04:54:42,361] {dagbag.py:500} INFO - Filling up the DagBag from /home/airflow/.local/lib/python3.8/site-packages/airflow/example_dags/tutorial.py
[2022-04-06 04:54:42,389] {processor.py:654} INFO - DAG(s) dict_keys(['tutorial']) retrieved from /home/airflow/.local/lib/python3.8/site-packages/airflow/example_dags/tutorial.py
[2022-04-06 04:54:42,398] {logging_mixin.py:109} INFO - [2022-04-06 04:54:42,398] {dag.py:2396} INFO - Sync 1 DAGs
[2022-04-06 04:54:42,413] {logging_mixin.py:109} INFO - [2022-04-06 04:54:42,413] {dag.py:2935} INFO - Setting next_dagrun for tutorial to 2022-04-05T04:54:42.413101+00:00
[2022-04-06 04:54:42,421] {processor.py:171} INFO - Processing /home/airflow/.local/lib/python3.8/site-packages/airflow/example_dags/tutorial.py took 0.064 seconds
[2022-04-06 04:55:12,930] {processor.py:163} INFO - Started process (PID=342) to work on /home/airflow/.local/lib/python3.8/site-packages/airflow/example_dags/tutorial.py
[2022-04-06 04:55:12,931] {processor.py:642} INFO - Processing file /home/airflow/.local/lib/python3.8/site-packages/airflow/example_dags/tutorial.py for tasks to queue
[2022-04-06 04:55:12,931] {logging_mixin.py:109} INFO - [2022-04-06 04:55:12,931] {dagbag.py:500} INFO - Filling up the DagBag from /home/airflow/.local/lib/python3.8/site-packages/airflow/example_dags/tutorial.py
[2022-04-06 04:55:12,961] {processor.py:654} INFO - DAG(s) dict_keys(['tutorial']) retrieved from /home/airflow/.local/lib/python3.8/site-packages/airflow/example_dags/tutorial.py
[2022-04-06 04:55:12,973] {logging_mixin.py:109} INFO - [2022-04-06 04:55:12,973] {dag.py:2396} INFO - Sync 1 DAGs
[2022-04-06 04:55:12,993] {logging_mixin.py:109} INFO - [2022-04-06 04:55:12,993] {dag.py:2935} INFO - Setting next_dagrun for tutorial to 2022-04-05T04:55:12.992648+00:00
[2022-04-06 04:55:13,003] {processor.py:171} INFO - Processing /home/airflow/.local/lib/python3.8/site-packages/airflow/example_dags/tutorial.py took 0.076 seconds
[2022-04-06 04:55:43,360] {processor.py:163} INFO - Started process (PID=400) to work on /home/airflow/.local/lib/python3.8/site-packages/airflow/example_dags/tutorial.py
[2022-04-06 04:55:43,361] {processor.py:642} INFO - Processing file /home/airflow/.local/lib/python3.8/site-packages/airflow/example_dags/tutorial.py for tasks to queue
[2022-04-06 04:55:43,362] {logging_mixin.py:109} INFO - [2022-04-06 04:55:43,362] {dagbag.py:500} INFO - Filling up the DagBag from /home/airflow/.local/lib/python3.8/site-packages/airflow/example_dags/tutorial.py
[2022-04-06 04:55:43,385] {processor.py:654} INFO - DAG(s) dict_keys(['tutorial']) retrieved from /home/airflow/.local/lib/python3.8/site-packages/airflow/example_dags/tutorial.py
[2022-04-06 04:55:43,393] {logging_mixin.py:109} INFO - [2022-04-06 04:55:43,393] {dag.py:2396} INFO - Sync 1 DAGs
[2022-04-06 04:55:43,406] {logging_mixin.py:109} INFO - [2022-04-06 04:55:43,406] {dag.py:2935} INFO - Setting next_dagrun for tutorial to 2022-04-05T04:55:43.406041+00:00
[2022-04-06 04:55:43,414] {processor.py:171} INFO - Processing /home/airflow/.local/lib/python3.8/site-packages/airflow/example_dags/tutorial.py took 0.056 seconds
[2022-04-06 04:56:13,726] {processor.py:163} INFO - Started process (PID=457) to work on /home/airflow/.local/lib/python3.8/site-packages/airflow/example_dags/tutorial.py
[2022-04-06 04:56:13,727] {processor.py:642} INFO - Processing file /home/airflow/.local/lib/python3.8/site-packages/airflow/example_dags/tutorial.py for tasks to queue
[2022-04-06 04:56:13,728] {logging_mixin.py:109} INFO - [2022-04-06 04:56:13,728] {dagbag.py:500} INFO - Filling up the DagBag from /home/airflow/.local/lib/python3.8/site-packages/airflow/example_dags/tutorial.py
[2022-04-06 04:56:13,760] {processor.py:654} INFO - DAG(s) dict_keys(['tutorial']) retrieved from /home/airflow/.local/lib/python3.8/site-packages/airflow/example_dags/tutorial.py
[2022-04-06 04:56:13,768] {logging_mixin.py:109} INFO - [2022-04-06 04:56:13,768] {dag.py:2396} INFO - Sync 1 DAGs
[2022-04-06 04:56:13,782] {logging_mixin.py:109} INFO - [2022-04-06 04:56:13,782] {dag.py:2935} INFO - Setting next_dagrun for tutorial to 2022-04-05T04:56:13.781772+00:00
[2022-04-06 04:56:13,789] {processor.py:171} INFO - Processing /home/airflow/.local/lib/python3.8/site-packages/airflow/example_dags/tutorial.py took 0.066 seconds
[2022-04-06 04:56:43,890] {processor.py:163} INFO - Started process (PID=522) to work on /home/airflow/.local/lib/python3.8/site-packages/airflow/example_dags/tutorial.py
[2022-04-06 04:56:43,891] {processor.py:642} INFO - Processing file /home/airflow/.local/lib/python3.8/site-packages/airflow/example_dags/tutorial.py for tasks to queue
[2022-04-06 04:56:43,891] {logging_mixin.py:109} INFO - [2022-04-06 04:56:43,891] {dagbag.py:500} INFO - Filling up the DagBag from /home/airflow/.local/lib/python3.8/site-packages/airflow/example_dags/tutorial.py
[2022-04-06 04:56:43,920] {processor.py:654} INFO - DAG(s) dict_keys(['tutorial']) retrieved from /home/airflow/.local/lib/python3.8/site-packages/airflow/example_dags/tutorial.py
[2022-04-06 04:56:43,929] {logging_mixin.py:109} INFO - [2022-04-06 04:56:43,929] {dag.py:2396} INFO - Sync 1 DAGs
[2022-04-06 04:56:43,946] {logging_mixin.py:109} INFO - [2022-04-06 04:56:43,946] {dag.py:2935} INFO - Setting next_dagrun for tutorial to 2022-04-05T04:56:43.945682+00:00
[2022-04-06 04:56:43,954] {processor.py:171} INFO - Processing /home/airflow/.local/lib/python3.8/site-packages/airflow/example_dags/tutorial.py took 0.068 seconds
[2022-04-06 04:57:14,063] {processor.py:163} INFO - Started process (PID=579) to work on /home/airflow/.local/lib/python3.8/site-packages/airflow/example_dags/tutorial.py
[2022-04-06 04:57:14,064] {processor.py:642} INFO - Processing file /home/airflow/.local/lib/python3.8/site-packages/airflow/example_dags/tutorial.py for tasks to queue
[2022-04-06 04:57:14,065] {logging_mixin.py:109} INFO - [2022-04-06 04:57:14,064] {dagbag.py:500} INFO - Filling up the DagBag from /home/airflow/.local/lib/python3.8/site-packages/airflow/example_dags/tutorial.py
[2022-04-06 04:57:14,090] {processor.py:654} INFO - DAG(s) dict_keys(['tutorial']) retrieved from /home/airflow/.local/lib/python3.8/site-packages/airflow/example_dags/tutorial.py
[2022-04-06 04:57:14,101] {logging_mixin.py:109} INFO - [2022-04-06 04:57:14,101] {dag.py:2396} INFO - Sync 1 DAGs
[2022-04-06 04:57:14,116] {logging_mixin.py:109} INFO - [2022-04-06 04:57:14,116] {dag.py:2935} INFO - Setting next_dagrun for tutorial to 2022-04-05T04:57:14.116423+00:00
[2022-04-06 04:57:14,124] {processor.py:171} INFO - Processing /home/airflow/.local/lib/python3.8/site-packages/airflow/example_dags/tutorial.py took 0.064 seconds
[2022-04-06 05:02:29,623] {processor.py:163} INFO - Started process (PID=38) to work on /home/airflow/.local/lib/python3.8/site-packages/airflow/example_dags/tutorial.py
[2022-04-06 05:02:29,624] {processor.py:642} INFO - Processing file /home/airflow/.local/lib/python3.8/site-packages/airflow/example_dags/tutorial.py for tasks to queue
[2022-04-06 05:02:29,625] {logging_mixin.py:109} INFO - [2022-04-06 05:02:29,625] {dagbag.py:500} INFO - Filling up the DagBag from /home/airflow/.local/lib/python3.8/site-packages/airflow/example_dags/tutorial.py
[2022-04-06 05:02:29,657] {processor.py:654} INFO - DAG(s) dict_keys(['tutorial']) retrieved from /home/airflow/.local/lib/python3.8/site-packages/airflow/example_dags/tutorial.py
[2022-04-06 05:02:29,669] {logging_mixin.py:109} INFO - [2022-04-06 05:02:29,669] {dag.py:2396} INFO - Sync 1 DAGs
[2022-04-06 05:02:29,688] {logging_mixin.py:109} INFO - [2022-04-06 05:02:29,687] {dag.py:2935} INFO - Setting next_dagrun for tutorial to 2022-04-05T05:02:29.687581+00:00
[2022-04-06 05:02:29,698] {processor.py:171} INFO - Processing /home/airflow/.local/lib/python3.8/site-packages/airflow/example_dags/tutorial.py took 0.078 seconds
[2022-04-06 05:03:00,477] {processor.py:163} INFO - Started process (PID=95) to work on /home/airflow/.local/lib/python3.8/site-packages/airflow/example_dags/tutorial.py
[2022-04-06 05:03:00,478] {processor.py:642} INFO - Processing file /home/airflow/.local/lib/python3.8/site-packages/airflow/example_dags/tutorial.py for tasks to queue
[2022-04-06 05:03:00,479] {logging_mixin.py:109} INFO - [2022-04-06 05:03:00,479] {dagbag.py:500} INFO - Filling up the DagBag from /home/airflow/.local/lib/python3.8/site-packages/airflow/example_dags/tutorial.py
[2022-04-06 05:03:00,511] {processor.py:654} INFO - DAG(s) dict_keys(['tutorial']) retrieved from /home/airflow/.local/lib/python3.8/site-packages/airflow/example_dags/tutorial.py
[2022-04-06 05:03:00,521] {logging_mixin.py:109} INFO - [2022-04-06 05:03:00,521] {dag.py:2396} INFO - Sync 1 DAGs
[2022-04-06 05:03:00,537] {logging_mixin.py:109} INFO - [2022-04-06 05:03:00,537] {dag.py:2935} INFO - Setting next_dagrun for tutorial to 2022-04-05T05:03:00.536809+00:00
[2022-04-06 05:03:00,551] {processor.py:171} INFO - Processing /home/airflow/.local/lib/python3.8/site-packages/airflow/example_dags/tutorial.py took 0.077 seconds
[2022-04-06 05:03:30,849] {processor.py:163} INFO - Started process (PID=161) to work on /home/airflow/.local/lib/python3.8/site-packages/airflow/example_dags/tutorial.py
[2022-04-06 05:03:30,850] {processor.py:642} INFO - Processing file /home/airflow/.local/lib/python3.8/site-packages/airflow/example_dags/tutorial.py for tasks to queue
[2022-04-06 05:03:30,851] {logging_mixin.py:109} INFO - [2022-04-06 05:03:30,851] {dagbag.py:500} INFO - Filling up the DagBag from /home/airflow/.local/lib/python3.8/site-packages/airflow/example_dags/tutorial.py
[2022-04-06 05:03:30,872] {processor.py:654} INFO - DAG(s) dict_keys(['tutorial']) retrieved from /home/airflow/.local/lib/python3.8/site-packages/airflow/example_dags/tutorial.py
[2022-04-06 05:03:30,879] {logging_mixin.py:109} INFO - [2022-04-06 05:03:30,879] {dag.py:2396} INFO - Sync 1 DAGs
[2022-04-06 05:03:30,892] {logging_mixin.py:109} INFO - [2022-04-06 05:03:30,892] {dag.py:2935} INFO - Setting next_dagrun for tutorial to 2022-04-05T05:03:30.891882+00:00
[2022-04-06 05:03:30,899] {processor.py:171} INFO - Processing /home/airflow/.local/lib/python3.8/site-packages/airflow/example_dags/tutorial.py took 0.051 seconds
