[2022-04-06 04:43:13,733] {processor.py:163} INFO - Started process (PID=205) to work on /home/airflow/.local/lib/python3.8/site-packages/airflow/example_dags/tutorial_taskflow_api_etl.py
[2022-04-06 04:43:13,733] {processor.py:642} INFO - Processing file /home/airflow/.local/lib/python3.8/site-packages/airflow/example_dags/tutorial_taskflow_api_etl.py for tasks to queue
[2022-04-06 04:43:13,734] {logging_mixin.py:109} INFO - [2022-04-06 04:43:13,734] {dagbag.py:500} INFO - Filling up the DagBag from /home/airflow/.local/lib/python3.8/site-packages/airflow/example_dags/tutorial_taskflow_api_etl.py
[2022-04-06 04:43:13,761] {processor.py:654} INFO - DAG(s) dict_keys(['tutorial_taskflow_api_etl']) retrieved from /home/airflow/.local/lib/python3.8/site-packages/airflow/example_dags/tutorial_taskflow_api_etl.py
[2022-04-06 04:43:15,590] {logging_mixin.py:109} INFO - [2022-04-06 04:43:15,590] {manager.py:496} INFO - Created Permission View: can read on DAG:tutorial_taskflow_api_etl
[2022-04-06 04:43:15,597] {logging_mixin.py:109} INFO - [2022-04-06 04:43:15,597] {manager.py:496} INFO - Created Permission View: can edit on DAG:tutorial_taskflow_api_etl
[2022-04-06 04:43:15,598] {logging_mixin.py:109} INFO - [2022-04-06 04:43:15,597] {dag.py:2396} INFO - Sync 1 DAGs
[2022-04-06 04:43:15,604] {logging_mixin.py:109} INFO - [2022-04-06 04:43:15,604] {dag.py:2415} INFO - Creating ORM DAG for tutorial_taskflow_api_etl
[2022-04-06 04:43:15,611] {logging_mixin.py:109} INFO - [2022-04-06 04:43:15,611] {dag.py:2935} INFO - Setting next_dagrun for tutorial_taskflow_api_etl to None
[2022-04-06 04:43:15,623] {processor.py:171} INFO - Processing /home/airflow/.local/lib/python3.8/site-packages/airflow/example_dags/tutorial_taskflow_api_etl.py took 1.892 seconds
[2022-04-06 04:43:46,631] {processor.py:163} INFO - Started process (PID=376) to work on /home/airflow/.local/lib/python3.8/site-packages/airflow/example_dags/tutorial_taskflow_api_etl.py
[2022-04-06 04:43:46,633] {processor.py:642} INFO - Processing file /home/airflow/.local/lib/python3.8/site-packages/airflow/example_dags/tutorial_taskflow_api_etl.py for tasks to queue
[2022-04-06 04:43:46,635] {logging_mixin.py:109} INFO - [2022-04-06 04:43:46,635] {dagbag.py:500} INFO - Filling up the DagBag from /home/airflow/.local/lib/python3.8/site-packages/airflow/example_dags/tutorial_taskflow_api_etl.py
[2022-04-06 04:43:46,669] {processor.py:654} INFO - DAG(s) dict_keys(['tutorial_taskflow_api_etl']) retrieved from /home/airflow/.local/lib/python3.8/site-packages/airflow/example_dags/tutorial_taskflow_api_etl.py
[2022-04-06 04:43:46,877] {logging_mixin.py:109} INFO - [2022-04-06 04:43:46,877] {dag.py:2396} INFO - Sync 1 DAGs
[2022-04-06 04:43:46,889] {logging_mixin.py:109} INFO - [2022-04-06 04:43:46,889] {dag.py:2935} INFO - Setting next_dagrun for tutorial_taskflow_api_etl to None
[2022-04-06 04:43:46,898] {processor.py:171} INFO - Processing /home/airflow/.local/lib/python3.8/site-packages/airflow/example_dags/tutorial_taskflow_api_etl.py took 0.275 seconds
[2022-04-06 04:44:17,092] {processor.py:163} INFO - Started process (PID=434) to work on /home/airflow/.local/lib/python3.8/site-packages/airflow/example_dags/tutorial_taskflow_api_etl.py
[2022-04-06 04:44:17,093] {processor.py:642} INFO - Processing file /home/airflow/.local/lib/python3.8/site-packages/airflow/example_dags/tutorial_taskflow_api_etl.py for tasks to queue
[2022-04-06 04:44:17,094] {logging_mixin.py:109} INFO - [2022-04-06 04:44:17,094] {dagbag.py:500} INFO - Filling up the DagBag from /home/airflow/.local/lib/python3.8/site-packages/airflow/example_dags/tutorial_taskflow_api_etl.py
[2022-04-06 04:44:17,126] {processor.py:654} INFO - DAG(s) dict_keys(['tutorial_taskflow_api_etl']) retrieved from /home/airflow/.local/lib/python3.8/site-packages/airflow/example_dags/tutorial_taskflow_api_etl.py
[2022-04-06 04:44:17,352] {logging_mixin.py:109} INFO - [2022-04-06 04:44:17,352] {dag.py:2396} INFO - Sync 1 DAGs
[2022-04-06 04:44:17,363] {logging_mixin.py:109} INFO - [2022-04-06 04:44:17,363] {dag.py:2935} INFO - Setting next_dagrun for tutorial_taskflow_api_etl to None
[2022-04-06 04:44:17,371] {processor.py:171} INFO - Processing /home/airflow/.local/lib/python3.8/site-packages/airflow/example_dags/tutorial_taskflow_api_etl.py took 0.282 seconds
[2022-04-06 04:44:48,309] {processor.py:163} INFO - Started process (PID=501) to work on /home/airflow/.local/lib/python3.8/site-packages/airflow/example_dags/tutorial_taskflow_api_etl.py
[2022-04-06 04:44:48,311] {processor.py:642} INFO - Processing file /home/airflow/.local/lib/python3.8/site-packages/airflow/example_dags/tutorial_taskflow_api_etl.py for tasks to queue
[2022-04-06 04:44:48,312] {logging_mixin.py:109} INFO - [2022-04-06 04:44:48,312] {dagbag.py:500} INFO - Filling up the DagBag from /home/airflow/.local/lib/python3.8/site-packages/airflow/example_dags/tutorial_taskflow_api_etl.py
[2022-04-06 04:44:48,355] {processor.py:654} INFO - DAG(s) dict_keys(['tutorial_taskflow_api_etl']) retrieved from /home/airflow/.local/lib/python3.8/site-packages/airflow/example_dags/tutorial_taskflow_api_etl.py
[2022-04-06 04:44:48,532] {logging_mixin.py:109} INFO - [2022-04-06 04:44:48,532] {dag.py:2396} INFO - Sync 1 DAGs
[2022-04-06 04:44:48,543] {logging_mixin.py:109} INFO - [2022-04-06 04:44:48,543] {dag.py:2935} INFO - Setting next_dagrun for tutorial_taskflow_api_etl to None
[2022-04-06 04:44:48,551] {processor.py:171} INFO - Processing /home/airflow/.local/lib/python3.8/site-packages/airflow/example_dags/tutorial_taskflow_api_etl.py took 0.250 seconds
[2022-04-06 04:45:18,601] {processor.py:163} INFO - Started process (PID=558) to work on /home/airflow/.local/lib/python3.8/site-packages/airflow/example_dags/tutorial_taskflow_api_etl.py
[2022-04-06 04:45:18,602] {processor.py:642} INFO - Processing file /home/airflow/.local/lib/python3.8/site-packages/airflow/example_dags/tutorial_taskflow_api_etl.py for tasks to queue
[2022-04-06 04:45:18,603] {logging_mixin.py:109} INFO - [2022-04-06 04:45:18,603] {dagbag.py:500} INFO - Filling up the DagBag from /home/airflow/.local/lib/python3.8/site-packages/airflow/example_dags/tutorial_taskflow_api_etl.py
[2022-04-06 04:45:18,633] {processor.py:654} INFO - DAG(s) dict_keys(['tutorial_taskflow_api_etl']) retrieved from /home/airflow/.local/lib/python3.8/site-packages/airflow/example_dags/tutorial_taskflow_api_etl.py
[2022-04-06 04:45:18,818] {logging_mixin.py:109} INFO - [2022-04-06 04:45:18,818] {dag.py:2396} INFO - Sync 1 DAGs
[2022-04-06 04:45:18,832] {logging_mixin.py:109} INFO - [2022-04-06 04:45:18,832] {dag.py:2935} INFO - Setting next_dagrun for tutorial_taskflow_api_etl to None
[2022-04-06 04:45:18,842] {processor.py:171} INFO - Processing /home/airflow/.local/lib/python3.8/site-packages/airflow/example_dags/tutorial_taskflow_api_etl.py took 0.243 seconds
[2022-04-06 04:45:48,893] {processor.py:163} INFO - Started process (PID=625) to work on /home/airflow/.local/lib/python3.8/site-packages/airflow/example_dags/tutorial_taskflow_api_etl.py
[2022-04-06 04:45:48,894] {processor.py:642} INFO - Processing file /home/airflow/.local/lib/python3.8/site-packages/airflow/example_dags/tutorial_taskflow_api_etl.py for tasks to queue
[2022-04-06 04:45:48,895] {logging_mixin.py:109} INFO - [2022-04-06 04:45:48,895] {dagbag.py:500} INFO - Filling up the DagBag from /home/airflow/.local/lib/python3.8/site-packages/airflow/example_dags/tutorial_taskflow_api_etl.py
[2022-04-06 04:45:48,924] {processor.py:654} INFO - DAG(s) dict_keys(['tutorial_taskflow_api_etl']) retrieved from /home/airflow/.local/lib/python3.8/site-packages/airflow/example_dags/tutorial_taskflow_api_etl.py
[2022-04-06 04:45:49,106] {logging_mixin.py:109} INFO - [2022-04-06 04:45:49,106] {dag.py:2396} INFO - Sync 1 DAGs
[2022-04-06 04:45:49,117] {logging_mixin.py:109} INFO - [2022-04-06 04:45:49,117] {dag.py:2935} INFO - Setting next_dagrun for tutorial_taskflow_api_etl to None
[2022-04-06 04:45:49,124] {processor.py:171} INFO - Processing /home/airflow/.local/lib/python3.8/site-packages/airflow/example_dags/tutorial_taskflow_api_etl.py took 0.233 seconds
[2022-04-06 04:46:19,376] {processor.py:163} INFO - Started process (PID=681) to work on /home/airflow/.local/lib/python3.8/site-packages/airflow/example_dags/tutorial_taskflow_api_etl.py
[2022-04-06 04:46:19,377] {processor.py:642} INFO - Processing file /home/airflow/.local/lib/python3.8/site-packages/airflow/example_dags/tutorial_taskflow_api_etl.py for tasks to queue
[2022-04-06 04:46:19,378] {logging_mixin.py:109} INFO - [2022-04-06 04:46:19,378] {dagbag.py:500} INFO - Filling up the DagBag from /home/airflow/.local/lib/python3.8/site-packages/airflow/example_dags/tutorial_taskflow_api_etl.py
[2022-04-06 04:46:19,408] {processor.py:654} INFO - DAG(s) dict_keys(['tutorial_taskflow_api_etl']) retrieved from /home/airflow/.local/lib/python3.8/site-packages/airflow/example_dags/tutorial_taskflow_api_etl.py
[2022-04-06 04:46:19,583] {logging_mixin.py:109} INFO - [2022-04-06 04:46:19,583] {dag.py:2396} INFO - Sync 1 DAGs
[2022-04-06 04:46:19,594] {logging_mixin.py:109} INFO - [2022-04-06 04:46:19,594] {dag.py:2935} INFO - Setting next_dagrun for tutorial_taskflow_api_etl to None
[2022-04-06 04:46:19,601] {processor.py:171} INFO - Processing /home/airflow/.local/lib/python3.8/site-packages/airflow/example_dags/tutorial_taskflow_api_etl.py took 0.229 seconds
[2022-04-06 04:46:49,665] {processor.py:163} INFO - Started process (PID=738) to work on /home/airflow/.local/lib/python3.8/site-packages/airflow/example_dags/tutorial_taskflow_api_etl.py
[2022-04-06 04:46:49,666] {processor.py:642} INFO - Processing file /home/airflow/.local/lib/python3.8/site-packages/airflow/example_dags/tutorial_taskflow_api_etl.py for tasks to queue
[2022-04-06 04:46:49,667] {logging_mixin.py:109} INFO - [2022-04-06 04:46:49,667] {dagbag.py:500} INFO - Filling up the DagBag from /home/airflow/.local/lib/python3.8/site-packages/airflow/example_dags/tutorial_taskflow_api_etl.py
[2022-04-06 04:46:49,689] {processor.py:654} INFO - DAG(s) dict_keys(['tutorial_taskflow_api_etl']) retrieved from /home/airflow/.local/lib/python3.8/site-packages/airflow/example_dags/tutorial_taskflow_api_etl.py
[2022-04-06 04:46:49,917] {logging_mixin.py:109} INFO - [2022-04-06 04:46:49,917] {dag.py:2396} INFO - Sync 1 DAGs
[2022-04-06 04:46:49,938] {logging_mixin.py:109} INFO - [2022-04-06 04:46:49,937] {dag.py:2935} INFO - Setting next_dagrun for tutorial_taskflow_api_etl to None
[2022-04-06 04:46:49,951] {processor.py:171} INFO - Processing /home/airflow/.local/lib/python3.8/site-packages/airflow/example_dags/tutorial_taskflow_api_etl.py took 0.288 seconds
[2022-04-06 04:47:20,937] {processor.py:163} INFO - Started process (PID=806) to work on /home/airflow/.local/lib/python3.8/site-packages/airflow/example_dags/tutorial_taskflow_api_etl.py
[2022-04-06 04:47:20,939] {processor.py:642} INFO - Processing file /home/airflow/.local/lib/python3.8/site-packages/airflow/example_dags/tutorial_taskflow_api_etl.py for tasks to queue
[2022-04-06 04:47:20,941] {logging_mixin.py:109} INFO - [2022-04-06 04:47:20,941] {dagbag.py:500} INFO - Filling up the DagBag from /home/airflow/.local/lib/python3.8/site-packages/airflow/example_dags/tutorial_taskflow_api_etl.py
[2022-04-06 04:47:20,977] {processor.py:654} INFO - DAG(s) dict_keys(['tutorial_taskflow_api_etl']) retrieved from /home/airflow/.local/lib/python3.8/site-packages/airflow/example_dags/tutorial_taskflow_api_etl.py
[2022-04-06 04:47:21,138] {logging_mixin.py:109} INFO - [2022-04-06 04:47:21,138] {dag.py:2396} INFO - Sync 1 DAGs
[2022-04-06 04:47:21,148] {logging_mixin.py:109} INFO - [2022-04-06 04:47:21,148] {dag.py:2935} INFO - Setting next_dagrun for tutorial_taskflow_api_etl to None
[2022-04-06 04:47:21,156] {processor.py:171} INFO - Processing /home/airflow/.local/lib/python3.8/site-packages/airflow/example_dags/tutorial_taskflow_api_etl.py took 0.228 seconds
[2022-04-06 04:47:51,212] {processor.py:163} INFO - Started process (PID=864) to work on /home/airflow/.local/lib/python3.8/site-packages/airflow/example_dags/tutorial_taskflow_api_etl.py
[2022-04-06 04:47:51,213] {processor.py:642} INFO - Processing file /home/airflow/.local/lib/python3.8/site-packages/airflow/example_dags/tutorial_taskflow_api_etl.py for tasks to queue
[2022-04-06 04:47:51,213] {logging_mixin.py:109} INFO - [2022-04-06 04:47:51,213] {dagbag.py:500} INFO - Filling up the DagBag from /home/airflow/.local/lib/python3.8/site-packages/airflow/example_dags/tutorial_taskflow_api_etl.py
[2022-04-06 04:47:51,236] {processor.py:654} INFO - DAG(s) dict_keys(['tutorial_taskflow_api_etl']) retrieved from /home/airflow/.local/lib/python3.8/site-packages/airflow/example_dags/tutorial_taskflow_api_etl.py
[2022-04-06 04:47:51,394] {logging_mixin.py:109} INFO - [2022-04-06 04:47:51,394] {dag.py:2396} INFO - Sync 1 DAGs
[2022-04-06 04:47:51,404] {logging_mixin.py:109} INFO - [2022-04-06 04:47:51,404] {dag.py:2935} INFO - Setting next_dagrun for tutorial_taskflow_api_etl to None
[2022-04-06 04:47:51,411] {processor.py:171} INFO - Processing /home/airflow/.local/lib/python3.8/site-packages/airflow/example_dags/tutorial_taskflow_api_etl.py took 0.201 seconds
[2022-04-06 04:48:21,819] {processor.py:163} INFO - Started process (PID=933) to work on /home/airflow/.local/lib/python3.8/site-packages/airflow/example_dags/tutorial_taskflow_api_etl.py
[2022-04-06 04:48:21,820] {processor.py:642} INFO - Processing file /home/airflow/.local/lib/python3.8/site-packages/airflow/example_dags/tutorial_taskflow_api_etl.py for tasks to queue
[2022-04-06 04:48:21,820] {logging_mixin.py:109} INFO - [2022-04-06 04:48:21,820] {dagbag.py:500} INFO - Filling up the DagBag from /home/airflow/.local/lib/python3.8/site-packages/airflow/example_dags/tutorial_taskflow_api_etl.py
[2022-04-06 04:48:21,846] {processor.py:654} INFO - DAG(s) dict_keys(['tutorial_taskflow_api_etl']) retrieved from /home/airflow/.local/lib/python3.8/site-packages/airflow/example_dags/tutorial_taskflow_api_etl.py
[2022-04-06 04:48:22,007] {logging_mixin.py:109} INFO - [2022-04-06 04:48:22,007] {dag.py:2396} INFO - Sync 1 DAGs
[2022-04-06 04:48:22,017] {logging_mixin.py:109} INFO - [2022-04-06 04:48:22,017] {dag.py:2935} INFO - Setting next_dagrun for tutorial_taskflow_api_etl to None
[2022-04-06 04:48:22,025] {processor.py:171} INFO - Processing /home/airflow/.local/lib/python3.8/site-packages/airflow/example_dags/tutorial_taskflow_api_etl.py took 0.208 seconds
[2022-04-06 04:48:52,120] {processor.py:163} INFO - Started process (PID=991) to work on /home/airflow/.local/lib/python3.8/site-packages/airflow/example_dags/tutorial_taskflow_api_etl.py
[2022-04-06 04:48:52,123] {processor.py:642} INFO - Processing file /home/airflow/.local/lib/python3.8/site-packages/airflow/example_dags/tutorial_taskflow_api_etl.py for tasks to queue
[2022-04-06 04:48:52,124] {logging_mixin.py:109} INFO - [2022-04-06 04:48:52,124] {dagbag.py:500} INFO - Filling up the DagBag from /home/airflow/.local/lib/python3.8/site-packages/airflow/example_dags/tutorial_taskflow_api_etl.py
[2022-04-06 04:48:52,165] {processor.py:654} INFO - DAG(s) dict_keys(['tutorial_taskflow_api_etl']) retrieved from /home/airflow/.local/lib/python3.8/site-packages/airflow/example_dags/tutorial_taskflow_api_etl.py
[2022-04-06 04:48:52,333] {logging_mixin.py:109} INFO - [2022-04-06 04:48:52,332] {dag.py:2396} INFO - Sync 1 DAGs
[2022-04-06 04:48:52,342] {logging_mixin.py:109} INFO - [2022-04-06 04:48:52,342] {dag.py:2935} INFO - Setting next_dagrun for tutorial_taskflow_api_etl to None
[2022-04-06 04:48:52,350] {processor.py:171} INFO - Processing /home/airflow/.local/lib/python3.8/site-packages/airflow/example_dags/tutorial_taskflow_api_etl.py took 0.238 seconds
[2022-04-06 04:49:22,759] {processor.py:163} INFO - Started process (PID=1048) to work on /home/airflow/.local/lib/python3.8/site-packages/airflow/example_dags/tutorial_taskflow_api_etl.py
[2022-04-06 04:49:22,760] {processor.py:642} INFO - Processing file /home/airflow/.local/lib/python3.8/site-packages/airflow/example_dags/tutorial_taskflow_api_etl.py for tasks to queue
[2022-04-06 04:49:22,761] {logging_mixin.py:109} INFO - [2022-04-06 04:49:22,761] {dagbag.py:500} INFO - Filling up the DagBag from /home/airflow/.local/lib/python3.8/site-packages/airflow/example_dags/tutorial_taskflow_api_etl.py
[2022-04-06 04:49:22,789] {processor.py:654} INFO - DAG(s) dict_keys(['tutorial_taskflow_api_etl']) retrieved from /home/airflow/.local/lib/python3.8/site-packages/airflow/example_dags/tutorial_taskflow_api_etl.py
[2022-04-06 04:49:22,957] {logging_mixin.py:109} INFO - [2022-04-06 04:49:22,957] {dag.py:2396} INFO - Sync 1 DAGs
[2022-04-06 04:49:22,968] {logging_mixin.py:109} INFO - [2022-04-06 04:49:22,968] {dag.py:2935} INFO - Setting next_dagrun for tutorial_taskflow_api_etl to None
[2022-04-06 04:49:22,976] {processor.py:171} INFO - Processing /home/airflow/.local/lib/python3.8/site-packages/airflow/example_dags/tutorial_taskflow_api_etl.py took 0.220 seconds
[2022-04-06 04:49:53,052] {processor.py:163} INFO - Started process (PID=1113) to work on /home/airflow/.local/lib/python3.8/site-packages/airflow/example_dags/tutorial_taskflow_api_etl.py
[2022-04-06 04:49:53,053] {processor.py:642} INFO - Processing file /home/airflow/.local/lib/python3.8/site-packages/airflow/example_dags/tutorial_taskflow_api_etl.py for tasks to queue
[2022-04-06 04:49:53,054] {logging_mixin.py:109} INFO - [2022-04-06 04:49:53,054] {dagbag.py:500} INFO - Filling up the DagBag from /home/airflow/.local/lib/python3.8/site-packages/airflow/example_dags/tutorial_taskflow_api_etl.py
[2022-04-06 04:49:53,106] {processor.py:654} INFO - DAG(s) dict_keys(['tutorial_taskflow_api_etl']) retrieved from /home/airflow/.local/lib/python3.8/site-packages/airflow/example_dags/tutorial_taskflow_api_etl.py
[2022-04-06 04:49:53,364] {logging_mixin.py:109} INFO - [2022-04-06 04:49:53,364] {dag.py:2396} INFO - Sync 1 DAGs
[2022-04-06 04:49:53,381] {logging_mixin.py:109} INFO - [2022-04-06 04:49:53,381] {dag.py:2935} INFO - Setting next_dagrun for tutorial_taskflow_api_etl to None
[2022-04-06 04:49:53,390] {processor.py:171} INFO - Processing /home/airflow/.local/lib/python3.8/site-packages/airflow/example_dags/tutorial_taskflow_api_etl.py took 0.342 seconds
[2022-04-06 04:50:23,483] {processor.py:163} INFO - Started process (PID=1172) to work on /home/airflow/.local/lib/python3.8/site-packages/airflow/example_dags/tutorial_taskflow_api_etl.py
[2022-04-06 04:50:23,485] {processor.py:642} INFO - Processing file /home/airflow/.local/lib/python3.8/site-packages/airflow/example_dags/tutorial_taskflow_api_etl.py for tasks to queue
[2022-04-06 04:50:23,486] {logging_mixin.py:109} INFO - [2022-04-06 04:50:23,486] {dagbag.py:500} INFO - Filling up the DagBag from /home/airflow/.local/lib/python3.8/site-packages/airflow/example_dags/tutorial_taskflow_api_etl.py
[2022-04-06 04:50:23,520] {processor.py:654} INFO - DAG(s) dict_keys(['tutorial_taskflow_api_etl']) retrieved from /home/airflow/.local/lib/python3.8/site-packages/airflow/example_dags/tutorial_taskflow_api_etl.py
[2022-04-06 04:50:23,745] {logging_mixin.py:109} INFO - [2022-04-06 04:50:23,745] {dag.py:2396} INFO - Sync 1 DAGs
[2022-04-06 04:50:23,759] {logging_mixin.py:109} INFO - [2022-04-06 04:50:23,759] {dag.py:2935} INFO - Setting next_dagrun for tutorial_taskflow_api_etl to None
[2022-04-06 04:50:23,770] {processor.py:171} INFO - Processing /home/airflow/.local/lib/python3.8/site-packages/airflow/example_dags/tutorial_taskflow_api_etl.py took 0.292 seconds
[2022-04-06 04:50:54,678] {processor.py:163} INFO - Started process (PID=1230) to work on /home/airflow/.local/lib/python3.8/site-packages/airflow/example_dags/tutorial_taskflow_api_etl.py
[2022-04-06 04:50:54,679] {processor.py:642} INFO - Processing file /home/airflow/.local/lib/python3.8/site-packages/airflow/example_dags/tutorial_taskflow_api_etl.py for tasks to queue
[2022-04-06 04:50:54,679] {logging_mixin.py:109} INFO - [2022-04-06 04:50:54,679] {dagbag.py:500} INFO - Filling up the DagBag from /home/airflow/.local/lib/python3.8/site-packages/airflow/example_dags/tutorial_taskflow_api_etl.py
[2022-04-06 04:50:54,707] {processor.py:654} INFO - DAG(s) dict_keys(['tutorial_taskflow_api_etl']) retrieved from /home/airflow/.local/lib/python3.8/site-packages/airflow/example_dags/tutorial_taskflow_api_etl.py
[2022-04-06 04:50:54,918] {logging_mixin.py:109} INFO - [2022-04-06 04:50:54,918] {dag.py:2396} INFO - Sync 1 DAGs
[2022-04-06 04:50:54,931] {logging_mixin.py:109} INFO - [2022-04-06 04:50:54,931] {dag.py:2935} INFO - Setting next_dagrun for tutorial_taskflow_api_etl to None
[2022-04-06 04:50:54,939] {processor.py:171} INFO - Processing /home/airflow/.local/lib/python3.8/site-packages/airflow/example_dags/tutorial_taskflow_api_etl.py took 0.264 seconds
[2022-04-06 04:52:42,964] {processor.py:163} INFO - Started process (PID=60) to work on /home/airflow/.local/lib/python3.8/site-packages/airflow/example_dags/tutorial_taskflow_api_etl.py
[2022-04-06 04:52:42,966] {processor.py:642} INFO - Processing file /home/airflow/.local/lib/python3.8/site-packages/airflow/example_dags/tutorial_taskflow_api_etl.py for tasks to queue
[2022-04-06 04:52:42,966] {logging_mixin.py:109} INFO - [2022-04-06 04:52:42,966] {dagbag.py:500} INFO - Filling up the DagBag from /home/airflow/.local/lib/python3.8/site-packages/airflow/example_dags/tutorial_taskflow_api_etl.py
[2022-04-06 04:52:42,995] {processor.py:654} INFO - DAG(s) dict_keys(['tutorial_taskflow_api_etl']) retrieved from /home/airflow/.local/lib/python3.8/site-packages/airflow/example_dags/tutorial_taskflow_api_etl.py
[2022-04-06 04:52:43,287] {logging_mixin.py:109} INFO - [2022-04-06 04:52:43,286] {dag.py:2396} INFO - Sync 1 DAGs
[2022-04-06 04:52:43,302] {logging_mixin.py:109} INFO - [2022-04-06 04:52:43,302] {dag.py:2935} INFO - Setting next_dagrun for tutorial_taskflow_api_etl to None
[2022-04-06 04:52:43,312] {processor.py:171} INFO - Processing /home/airflow/.local/lib/python3.8/site-packages/airflow/example_dags/tutorial_taskflow_api_etl.py took 0.351 seconds
[2022-04-06 04:53:13,494] {processor.py:163} INFO - Started process (PID=119) to work on /home/airflow/.local/lib/python3.8/site-packages/airflow/example_dags/tutorial_taskflow_api_etl.py
[2022-04-06 04:53:13,494] {processor.py:642} INFO - Processing file /home/airflow/.local/lib/python3.8/site-packages/airflow/example_dags/tutorial_taskflow_api_etl.py for tasks to queue
[2022-04-06 04:53:13,495] {logging_mixin.py:109} INFO - [2022-04-06 04:53:13,495] {dagbag.py:500} INFO - Filling up the DagBag from /home/airflow/.local/lib/python3.8/site-packages/airflow/example_dags/tutorial_taskflow_api_etl.py
[2022-04-06 04:53:13,521] {processor.py:654} INFO - DAG(s) dict_keys(['tutorial_taskflow_api_etl']) retrieved from /home/airflow/.local/lib/python3.8/site-packages/airflow/example_dags/tutorial_taskflow_api_etl.py
[2022-04-06 04:53:13,699] {logging_mixin.py:109} INFO - [2022-04-06 04:53:13,699] {dag.py:2396} INFO - Sync 1 DAGs
[2022-04-06 04:53:13,711] {logging_mixin.py:109} INFO - [2022-04-06 04:53:13,711] {dag.py:2935} INFO - Setting next_dagrun for tutorial_taskflow_api_etl to None
[2022-04-06 04:53:13,720] {processor.py:171} INFO - Processing /home/airflow/.local/lib/python3.8/site-packages/airflow/example_dags/tutorial_taskflow_api_etl.py took 0.229 seconds
[2022-04-06 04:53:44,814] {processor.py:163} INFO - Started process (PID=186) to work on /home/airflow/.local/lib/python3.8/site-packages/airflow/example_dags/tutorial_taskflow_api_etl.py
[2022-04-06 04:53:44,815] {processor.py:642} INFO - Processing file /home/airflow/.local/lib/python3.8/site-packages/airflow/example_dags/tutorial_taskflow_api_etl.py for tasks to queue
[2022-04-06 04:53:44,815] {logging_mixin.py:109} INFO - [2022-04-06 04:53:44,815] {dagbag.py:500} INFO - Filling up the DagBag from /home/airflow/.local/lib/python3.8/site-packages/airflow/example_dags/tutorial_taskflow_api_etl.py
[2022-04-06 04:53:44,842] {processor.py:654} INFO - DAG(s) dict_keys(['tutorial_taskflow_api_etl']) retrieved from /home/airflow/.local/lib/python3.8/site-packages/airflow/example_dags/tutorial_taskflow_api_etl.py
[2022-04-06 04:53:45,032] {logging_mixin.py:109} INFO - [2022-04-06 04:53:45,032] {dag.py:2396} INFO - Sync 1 DAGs
[2022-04-06 04:53:45,044] {logging_mixin.py:109} INFO - [2022-04-06 04:53:45,044] {dag.py:2935} INFO - Setting next_dagrun for tutorial_taskflow_api_etl to None
[2022-04-06 04:53:45,055] {processor.py:171} INFO - Processing /home/airflow/.local/lib/python3.8/site-packages/airflow/example_dags/tutorial_taskflow_api_etl.py took 0.243 seconds
[2022-04-06 04:54:15,272] {processor.py:163} INFO - Started process (PID=243) to work on /home/airflow/.local/lib/python3.8/site-packages/airflow/example_dags/tutorial_taskflow_api_etl.py
[2022-04-06 04:54:15,273] {processor.py:642} INFO - Processing file /home/airflow/.local/lib/python3.8/site-packages/airflow/example_dags/tutorial_taskflow_api_etl.py for tasks to queue
[2022-04-06 04:54:15,274] {logging_mixin.py:109} INFO - [2022-04-06 04:54:15,273] {dagbag.py:500} INFO - Filling up the DagBag from /home/airflow/.local/lib/python3.8/site-packages/airflow/example_dags/tutorial_taskflow_api_etl.py
[2022-04-06 04:54:15,297] {processor.py:654} INFO - DAG(s) dict_keys(['tutorial_taskflow_api_etl']) retrieved from /home/airflow/.local/lib/python3.8/site-packages/airflow/example_dags/tutorial_taskflow_api_etl.py
[2022-04-06 04:54:15,454] {logging_mixin.py:109} INFO - [2022-04-06 04:54:15,454] {dag.py:2396} INFO - Sync 1 DAGs
[2022-04-06 04:54:15,464] {logging_mixin.py:109} INFO - [2022-04-06 04:54:15,464] {dag.py:2935} INFO - Setting next_dagrun for tutorial_taskflow_api_etl to None
[2022-04-06 04:54:15,473] {processor.py:171} INFO - Processing /home/airflow/.local/lib/python3.8/site-packages/airflow/example_dags/tutorial_taskflow_api_etl.py took 0.203 seconds
[2022-04-06 04:54:46,374] {processor.py:163} INFO - Started process (PID=309) to work on /home/airflow/.local/lib/python3.8/site-packages/airflow/example_dags/tutorial_taskflow_api_etl.py
[2022-04-06 04:54:46,375] {processor.py:642} INFO - Processing file /home/airflow/.local/lib/python3.8/site-packages/airflow/example_dags/tutorial_taskflow_api_etl.py for tasks to queue
[2022-04-06 04:54:46,375] {logging_mixin.py:109} INFO - [2022-04-06 04:54:46,375] {dagbag.py:500} INFO - Filling up the DagBag from /home/airflow/.local/lib/python3.8/site-packages/airflow/example_dags/tutorial_taskflow_api_etl.py
[2022-04-06 04:54:46,402] {processor.py:654} INFO - DAG(s) dict_keys(['tutorial_taskflow_api_etl']) retrieved from /home/airflow/.local/lib/python3.8/site-packages/airflow/example_dags/tutorial_taskflow_api_etl.py
[2022-04-06 04:54:46,636] {logging_mixin.py:109} INFO - [2022-04-06 04:54:46,636] {dag.py:2396} INFO - Sync 1 DAGs
[2022-04-06 04:54:46,652] {logging_mixin.py:109} INFO - [2022-04-06 04:54:46,652] {dag.py:2935} INFO - Setting next_dagrun for tutorial_taskflow_api_etl to None
[2022-04-06 04:54:46,661] {processor.py:171} INFO - Processing /home/airflow/.local/lib/python3.8/site-packages/airflow/example_dags/tutorial_taskflow_api_etl.py took 0.290 seconds
[2022-04-06 04:55:16,754] {processor.py:163} INFO - Started process (PID=356) to work on /home/airflow/.local/lib/python3.8/site-packages/airflow/example_dags/tutorial_taskflow_api_etl.py
[2022-04-06 04:55:16,755] {processor.py:642} INFO - Processing file /home/airflow/.local/lib/python3.8/site-packages/airflow/example_dags/tutorial_taskflow_api_etl.py for tasks to queue
[2022-04-06 04:55:16,755] {logging_mixin.py:109} INFO - [2022-04-06 04:55:16,755] {dagbag.py:500} INFO - Filling up the DagBag from /home/airflow/.local/lib/python3.8/site-packages/airflow/example_dags/tutorial_taskflow_api_etl.py
[2022-04-06 04:55:16,779] {processor.py:654} INFO - DAG(s) dict_keys(['tutorial_taskflow_api_etl']) retrieved from /home/airflow/.local/lib/python3.8/site-packages/airflow/example_dags/tutorial_taskflow_api_etl.py
[2022-04-06 04:55:16,949] {logging_mixin.py:109} INFO - [2022-04-06 04:55:16,948] {dag.py:2396} INFO - Sync 1 DAGs
[2022-04-06 04:55:16,960] {logging_mixin.py:109} INFO - [2022-04-06 04:55:16,960] {dag.py:2935} INFO - Setting next_dagrun for tutorial_taskflow_api_etl to None
[2022-04-06 04:55:16,970] {processor.py:171} INFO - Processing /home/airflow/.local/lib/python3.8/site-packages/airflow/example_dags/tutorial_taskflow_api_etl.py took 0.219 seconds
[2022-04-06 04:55:47,077] {processor.py:163} INFO - Started process (PID=414) to work on /home/airflow/.local/lib/python3.8/site-packages/airflow/example_dags/tutorial_taskflow_api_etl.py
[2022-04-06 04:55:47,078] {processor.py:642} INFO - Processing file /home/airflow/.local/lib/python3.8/site-packages/airflow/example_dags/tutorial_taskflow_api_etl.py for tasks to queue
[2022-04-06 04:55:47,079] {logging_mixin.py:109} INFO - [2022-04-06 04:55:47,079] {dagbag.py:500} INFO - Filling up the DagBag from /home/airflow/.local/lib/python3.8/site-packages/airflow/example_dags/tutorial_taskflow_api_etl.py
[2022-04-06 04:55:47,113] {processor.py:654} INFO - DAG(s) dict_keys(['tutorial_taskflow_api_etl']) retrieved from /home/airflow/.local/lib/python3.8/site-packages/airflow/example_dags/tutorial_taskflow_api_etl.py
[2022-04-06 04:55:47,328] {logging_mixin.py:109} INFO - [2022-04-06 04:55:47,328] {dag.py:2396} INFO - Sync 1 DAGs
[2022-04-06 04:55:47,341] {logging_mixin.py:109} INFO - [2022-04-06 04:55:47,341] {dag.py:2935} INFO - Setting next_dagrun for tutorial_taskflow_api_etl to None
[2022-04-06 04:55:47,349] {processor.py:171} INFO - Processing /home/airflow/.local/lib/python3.8/site-packages/airflow/example_dags/tutorial_taskflow_api_etl.py took 0.276 seconds
[2022-04-06 04:56:17,402] {processor.py:163} INFO - Started process (PID=479) to work on /home/airflow/.local/lib/python3.8/site-packages/airflow/example_dags/tutorial_taskflow_api_etl.py
[2022-04-06 04:56:17,402] {processor.py:642} INFO - Processing file /home/airflow/.local/lib/python3.8/site-packages/airflow/example_dags/tutorial_taskflow_api_etl.py for tasks to queue
[2022-04-06 04:56:17,403] {logging_mixin.py:109} INFO - [2022-04-06 04:56:17,403] {dagbag.py:500} INFO - Filling up the DagBag from /home/airflow/.local/lib/python3.8/site-packages/airflow/example_dags/tutorial_taskflow_api_etl.py
[2022-04-06 04:56:17,426] {processor.py:654} INFO - DAG(s) dict_keys(['tutorial_taskflow_api_etl']) retrieved from /home/airflow/.local/lib/python3.8/site-packages/airflow/example_dags/tutorial_taskflow_api_etl.py
[2022-04-06 04:56:17,596] {logging_mixin.py:109} INFO - [2022-04-06 04:56:17,596] {dag.py:2396} INFO - Sync 1 DAGs
[2022-04-06 04:56:17,608] {logging_mixin.py:109} INFO - [2022-04-06 04:56:17,608] {dag.py:2935} INFO - Setting next_dagrun for tutorial_taskflow_api_etl to None
[2022-04-06 04:56:17,617] {processor.py:171} INFO - Processing /home/airflow/.local/lib/python3.8/site-packages/airflow/example_dags/tutorial_taskflow_api_etl.py took 0.218 seconds
[2022-04-06 04:56:47,870] {processor.py:163} INFO - Started process (PID=537) to work on /home/airflow/.local/lib/python3.8/site-packages/airflow/example_dags/tutorial_taskflow_api_etl.py
[2022-04-06 04:56:47,871] {processor.py:642} INFO - Processing file /home/airflow/.local/lib/python3.8/site-packages/airflow/example_dags/tutorial_taskflow_api_etl.py for tasks to queue
[2022-04-06 04:56:47,871] {logging_mixin.py:109} INFO - [2022-04-06 04:56:47,871] {dagbag.py:500} INFO - Filling up the DagBag from /home/airflow/.local/lib/python3.8/site-packages/airflow/example_dags/tutorial_taskflow_api_etl.py
[2022-04-06 04:56:47,904] {processor.py:654} INFO - DAG(s) dict_keys(['tutorial_taskflow_api_etl']) retrieved from /home/airflow/.local/lib/python3.8/site-packages/airflow/example_dags/tutorial_taskflow_api_etl.py
[2022-04-06 04:56:48,115] {logging_mixin.py:109} INFO - [2022-04-06 04:56:48,115] {dag.py:2396} INFO - Sync 1 DAGs
[2022-04-06 04:56:48,132] {logging_mixin.py:109} INFO - [2022-04-06 04:56:48,132] {dag.py:2935} INFO - Setting next_dagrun for tutorial_taskflow_api_etl to None
[2022-04-06 04:56:48,141] {processor.py:171} INFO - Processing /home/airflow/.local/lib/python3.8/site-packages/airflow/example_dags/tutorial_taskflow_api_etl.py took 0.275 seconds
[2022-04-06 04:57:18,168] {processor.py:163} INFO - Started process (PID=594) to work on /home/airflow/.local/lib/python3.8/site-packages/airflow/example_dags/tutorial_taskflow_api_etl.py
[2022-04-06 04:57:18,169] {processor.py:642} INFO - Processing file /home/airflow/.local/lib/python3.8/site-packages/airflow/example_dags/tutorial_taskflow_api_etl.py for tasks to queue
[2022-04-06 04:57:18,170] {logging_mixin.py:109} INFO - [2022-04-06 04:57:18,170] {dagbag.py:500} INFO - Filling up the DagBag from /home/airflow/.local/lib/python3.8/site-packages/airflow/example_dags/tutorial_taskflow_api_etl.py
[2022-04-06 04:57:18,193] {processor.py:654} INFO - DAG(s) dict_keys(['tutorial_taskflow_api_etl']) retrieved from /home/airflow/.local/lib/python3.8/site-packages/airflow/example_dags/tutorial_taskflow_api_etl.py
[2022-04-06 04:57:18,381] {logging_mixin.py:109} INFO - [2022-04-06 04:57:18,381] {dag.py:2396} INFO - Sync 1 DAGs
[2022-04-06 04:57:18,393] {logging_mixin.py:109} INFO - [2022-04-06 04:57:18,393] {dag.py:2935} INFO - Setting next_dagrun for tutorial_taskflow_api_etl to None
[2022-04-06 04:57:18,401] {processor.py:171} INFO - Processing /home/airflow/.local/lib/python3.8/site-packages/airflow/example_dags/tutorial_taskflow_api_etl.py took 0.235 seconds
[2022-04-06 05:02:31,455] {processor.py:163} INFO - Started process (PID=60) to work on /home/airflow/.local/lib/python3.8/site-packages/airflow/example_dags/tutorial_taskflow_api_etl.py
[2022-04-06 05:02:31,456] {processor.py:642} INFO - Processing file /home/airflow/.local/lib/python3.8/site-packages/airflow/example_dags/tutorial_taskflow_api_etl.py for tasks to queue
[2022-04-06 05:02:31,456] {logging_mixin.py:109} INFO - [2022-04-06 05:02:31,456] {dagbag.py:500} INFO - Filling up the DagBag from /home/airflow/.local/lib/python3.8/site-packages/airflow/example_dags/tutorial_taskflow_api_etl.py
[2022-04-06 05:02:31,487] {processor.py:654} INFO - DAG(s) dict_keys(['tutorial_taskflow_api_etl']) retrieved from /home/airflow/.local/lib/python3.8/site-packages/airflow/example_dags/tutorial_taskflow_api_etl.py
[2022-04-06 05:02:31,682] {logging_mixin.py:109} INFO - [2022-04-06 05:02:31,681] {dag.py:2396} INFO - Sync 1 DAGs
[2022-04-06 05:02:31,695] {logging_mixin.py:109} INFO - [2022-04-06 05:02:31,695] {dag.py:2935} INFO - Setting next_dagrun for tutorial_taskflow_api_etl to None
[2022-04-06 05:02:31,706] {processor.py:171} INFO - Processing /home/airflow/.local/lib/python3.8/site-packages/airflow/example_dags/tutorial_taskflow_api_etl.py took 0.253 seconds
[2022-04-06 05:03:02,838] {processor.py:163} INFO - Started process (PID=127) to work on /home/airflow/.local/lib/python3.8/site-packages/airflow/example_dags/tutorial_taskflow_api_etl.py
[2022-04-06 05:03:02,838] {processor.py:642} INFO - Processing file /home/airflow/.local/lib/python3.8/site-packages/airflow/example_dags/tutorial_taskflow_api_etl.py for tasks to queue
[2022-04-06 05:03:02,839] {logging_mixin.py:109} INFO - [2022-04-06 05:03:02,839] {dagbag.py:500} INFO - Filling up the DagBag from /home/airflow/.local/lib/python3.8/site-packages/airflow/example_dags/tutorial_taskflow_api_etl.py
[2022-04-06 05:03:02,865] {processor.py:654} INFO - DAG(s) dict_keys(['tutorial_taskflow_api_etl']) retrieved from /home/airflow/.local/lib/python3.8/site-packages/airflow/example_dags/tutorial_taskflow_api_etl.py
[2022-04-06 05:03:03,124] {logging_mixin.py:109} INFO - [2022-04-06 05:03:03,124] {dag.py:2396} INFO - Sync 1 DAGs
[2022-04-06 05:03:03,138] {logging_mixin.py:109} INFO - [2022-04-06 05:03:03,138] {dag.py:2935} INFO - Setting next_dagrun for tutorial_taskflow_api_etl to None
[2022-04-06 05:03:03,148] {processor.py:171} INFO - Processing /home/airflow/.local/lib/python3.8/site-packages/airflow/example_dags/tutorial_taskflow_api_etl.py took 0.313 seconds
[2022-04-06 05:03:34,031] {processor.py:163} INFO - Started process (PID=185) to work on /home/airflow/.local/lib/python3.8/site-packages/airflow/example_dags/tutorial_taskflow_api_etl.py
[2022-04-06 05:03:34,032] {processor.py:642} INFO - Processing file /home/airflow/.local/lib/python3.8/site-packages/airflow/example_dags/tutorial_taskflow_api_etl.py for tasks to queue
[2022-04-06 05:03:34,032] {logging_mixin.py:109} INFO - [2022-04-06 05:03:34,032] {dagbag.py:500} INFO - Filling up the DagBag from /home/airflow/.local/lib/python3.8/site-packages/airflow/example_dags/tutorial_taskflow_api_etl.py
[2022-04-06 05:03:34,058] {processor.py:654} INFO - DAG(s) dict_keys(['tutorial_taskflow_api_etl']) retrieved from /home/airflow/.local/lib/python3.8/site-packages/airflow/example_dags/tutorial_taskflow_api_etl.py
[2022-04-06 05:03:34,231] {logging_mixin.py:109} INFO - [2022-04-06 05:03:34,231] {dag.py:2396} INFO - Sync 1 DAGs
[2022-04-06 05:03:34,241] {logging_mixin.py:109} INFO - [2022-04-06 05:03:34,241] {dag.py:2935} INFO - Setting next_dagrun for tutorial_taskflow_api_etl to None
[2022-04-06 05:03:34,248] {processor.py:171} INFO - Processing /home/airflow/.local/lib/python3.8/site-packages/airflow/example_dags/tutorial_taskflow_api_etl.py took 0.220 seconds
